1587894065447	geckodriver	INFO	Listening on 127.0.0.1:36874
1587894068709	geckodriver::marionette	INFO	Starting browser G:\Program Files (x86)\Mozilla Firefox\firefox.exe with args ["-marionette"]
1587894079296	Marionette	INFO	Listening on port 36893
1587894082157	Marionette	WARN	TLS certificate errors will be ignored for this session
[Child 8160] WARNING: pipe error: 232: file c:/builds/moz2_slave/m-esr52-w32-000000000000000000/build/src/ipc/chromium/src/chrome/common/ipc_channel_win.cc, line 512
[Child 8160] ###!!! ABORT: Aborting on channel error.: file c:/builds/moz2_slave/m-esr52-w32-000000000000000000/build/src/ipc/glue/MessageChannel.cpp, line 2152
[Child 8160] ###!!! ABORT: Aborting on channel error.: file c:/builds/moz2_slave/m-esr52-w32-000000000000000000/build/src/ipc/glue/MessageChannel.cpp, line 2152
1587894256256	geckodriver	INFO	Listening on 127.0.0.1:37172
1587894259428	geckodriver::marionette	INFO	Starting browser G:\Program Files (x86)\Mozilla Firefox\firefox.exe with args ["-marionette"]
1587894263456	Marionette	INFO	Listening on port 37184
1587894263737	Marionette	WARN	TLS certificate errors will be ignored for this session
[Parent 844] WARNING: pipe error: 232: file c:/builds/moz2_slave/m-esr52-w32-000000000000000000/build/src/ipc/chromium/src/chrome/common/ipc_channel_win.cc, line 512

###!!! [Parent][MessageChannel] Error: (msgtype=0x2C0092,name=PBrowser::Msg_UpdateNativeWindowHandle) Channel error: cannot send/recv


###!!! [Parent][MessageChannel] Error: (msgtype=0x2C0085,name=PBrowser::Msg_Destroy) Channel error: cannot send/recv

1587894320138	geckodriver	INFO	Listening on 127.0.0.1:37342
1587894323259	geckodriver::marionette	INFO	Starting browser G:\Program Files (x86)\Mozilla Firefox\firefox.exe with args ["-marionette"]
1587894333269	Marionette	INFO	Listening on port 37353
7368
1587894334672	geckodriver::marionette	INFO	Starting browser G:\Program Files (x86)\Mozilla Firefox\firefox.exe with args ["-marionette"]
1587894340486	Marionette	INFO	Listening on port 37382
1587894341481	Marionette	WARN	TLS certificate errors will be ignored for this session

###!!! [Parent][MessageChannel] Error: (msgtype=0x2C0092,name=PBrowser::Msg_UpdateNativeWindowHandle) Channel error: cannot send/recv


###!!! [Parent][MessageChannel] Error: (msgtype=0x2C0085,name=PBrowser::Msg_Destroy) Channel error: cannot send/recv


###!!! [Parent][MessageChannel] Error: (msgtype=0x2C0092,name=PBrowser::Msg_UpdateNativeWindowHandle) Channel error: cannot send/recv


###!!! [Parent][MessageChannel] Error: (msgtype=0x2C0085,name=PBrowser::Msg_Destroy) Channel error: cannot send/recv

JavaScript error: resource://app/modules/ContentCrashHandlers.jsm, line 137: TypeError: browser.permanentKey is not a non-null object
[GFX1-]: D3D11 swap resize buffers failed 0x8007000e on Size(1440,868)
[GFX1]: [CompositorD3D11] error code: 0x8007000e, 0, 1
[GFX1-]: Failed VerifyBufferSize in UpdateRenderTarget Size(1440,868)
