2020-05-12 12:00:00,747|browser_engine.py[line:25] INFO:You had select Chrome browser.
2020-05-12 12:00:00,748|browser_engine.py[line:27] INFO:The test server url is: https://rralamotest.z21.web.core.windows.net/
2020-05-12 12:00:04,996|browser_engine.py[line:40] INFO:Starting Chrome browser.
2020-05-12 12:00:06,141|browser_engine.py[line:51] INFO:Maximize the current window.
2020-05-12 12:00:32,502|browser_engine.py[line:54] INFO:Open url: https://rralamotest.z21.web.core.windows.net/
2020-05-12 12:00:44,987|base_page.py[line:69] ERROR:TimeoutException: selector by xpath ,value xpath=>//div[@class='localAccount']//div[@class='intro']/h2
2020-05-12 12:00:47,044|base_page.py[line:67] INFO:Had find the element ' Sign in with your existing account ' successful by xpath via value: //div[@class='localAccount']//div[@class='intro']/h2 
2020-05-12 12:00:49,115|base_page.py[line:67] INFO:Had find the element '  ' successful by id via value: logonIdentifier 
2020-05-12 12:00:49,184|base_page.py[line:144] INFO:Clear text in input box before typing.
2020-05-12 12:00:51,217|base_page.py[line:67] INFO:Had find the element '  ' successful by id via value: logonIdentifier 
2020-05-12 12:00:51,419|base_page.py[line:134] INFO:Had type ' yan.liu@an-chen.com ' in inputBox
2020-05-12 12:00:53,470|base_page.py[line:67] INFO:Had find the element '  ' successful by id via value: password 
2020-05-12 12:00:53,509|base_page.py[line:144] INFO:Clear text in input box before typing.
2020-05-12 12:00:55,528|base_page.py[line:67] INFO:Had find the element '  ' successful by id via value: password 
2020-05-12 12:00:55,772|base_page.py[line:134] INFO:Had type ' Lychan@2012 ' in inputBox
2020-05-12 12:00:57,812|base_page.py[line:67] INFO:Had find the element ' Sign in ' successful by xpath via value: //div[@class='buttons']/button[text()='Sign in'] 
2020-05-12 12:01:09,929|base_page.py[line:69] ERROR:TimeoutException: selector by xpath ,value xpath=>//div[@id='root']//div[@class='content-heading']
2020-05-12 12:01:11,976|base_page.py[line:67] INFO:Had find the element ' Welcome, yanliu ' successful by xpath via value: //div[@id='root']//div[@class='content-heading'] 
2020-05-12 12:01:11,976|login.py[line:41] INFO:login success
2020-05-12 12:01:24,333|base_page.py[line:69] ERROR:TimeoutException: selector by xpath ,value xpath=>//div[@class='card']/form//div[@id='homeGrid']/div//h2
2020-05-12 12:01:24,861|base_page.py[line:222] INFO:Had find the elements successful by xpath via value: //div[@class='card']/form//div[@id='homeGrid']/div//h2 
2020-05-12 12:01:27,054|base_page.py[line:67] INFO:Had find the element '  ' successful by xpath via value: //div[@class='card']/form//div[@id='homeGrid']/div[4]//input 
2020-05-12 12:01:27,532|base_page.py[line:134] INFO:Had type ' C000088898 ' in inputBox
2020-05-12 12:01:29,581|base_page.py[line:67] INFO:Had find the element ' Go ' successful by xpath via value: //div[@class='card']/form//div[@id='homeGrid']/div[4]/div/button 
2020-05-12 12:01:29,806|base_page.py[line:156] INFO:The element ' Go ' was clicked.
2020-05-12 12:01:29,806|homePage.py[line:50] INFO:module_name: Customers
2020-05-12 12:01:30,348|base_page.py[line:222] INFO:Had find the elements successful by xpath via value: //div[@class='card']//div//h4 
2020-05-12 12:01:32,500|base_page.py[line:67] INFO:Had find the element ' Contacts ' successful by xpath via value: //div[@class='card']//div//h4[text()='Contacts'] 
2020-05-12 12:01:33,026|base_page.py[line:222] INFO:Had find the elements successful by xpath via value: //div[@class='glo-row']/div[2]//div[@class='glo-row']//div[@class='rt-tr-group'] 
2020-05-12 12:01:35,074|base_page.py[line:67] INFO:Had find the element ' Dr.
a83a
a83a
a83a
Jr.
CPA ' successful by xpath via value: //div[@class='glo-row']/div[2]//div[@class='glo-row']//div[@class='rt-tr-group'][1]/div 
2020-05-12 12:01:37,142|base_page.py[line:67] INFO:Had find the element ' Dr.
a83a
a83a
a83a
Jr.
CPA ' successful by xpath via value: //div[@class='glo-row']/div[2]//div[@class='glo-row']//div[@class='rt-tr-group'][1]/div 
2020-05-12 12:01:37,255|base_page.py[line:156] INFO:The element ' Dr.
a83a
a83a
a83a
Jr.
CPA ' was clicked.
2020-05-12 12:01:49,332|base_page.py[line:69] ERROR:TimeoutException: selector by xpath ,value //div[@class='glo-row']/div[2]//button[text()=' Details']
2020-05-12 12:01:49,333|base_page.py[line:122] ERROR:NoSuchElement selector_by: xpath, selector: //div[@class='glo-row']/div[2]//button[text()=' Details'] 
2020-05-12 12:02:01,901|base_page.py[line:69] ERROR:TimeoutException: selector by xpath ,value xpath=>//div[@class='card']//li/a[text()='Contacts']
2020-05-12 12:02:03,972|base_page.py[line:67] INFO:Had find the element ' Contacts ' successful by xpath via value: //div[@class='card']//li/a[text()='Contacts'] 
2020-05-12 12:02:04,139|base_page.py[line:156] INFO:The element ' Contacts ' was clicked.
