2020-05-12 12:08:21,516|browser_engine.py[line:25] INFO:You had select Chrome browser.
2020-05-12 12:08:21,516|browser_engine.py[line:27] INFO:The test server url is: https://rralamotest.z21.web.core.windows.net/
2020-05-12 12:08:24,314|browser_engine.py[line:40] INFO:Starting Chrome browser.
2020-05-12 12:08:25,444|browser_engine.py[line:51] INFO:Maximize the current window.
2020-05-12 12:08:49,552|browser_engine.py[line:54] INFO:Open url: https://rralamotest.z21.web.core.windows.net/
2020-05-12 12:09:01,634|base_page.py[line:69] ERROR:TimeoutException: selector by xpath ,value xpath=>//div[@class='localAccount']//div[@class='intro']/h2
2020-05-12 12:09:03,692|base_page.py[line:67] INFO:Had find the element ' Sign in with your existing account ' successful by xpath via value: //div[@class='localAccount']//div[@class='intro']/h2 
2020-05-12 12:09:05,746|base_page.py[line:67] INFO:Had find the element '  ' successful by id via value: logonIdentifier 
2020-05-12 12:09:05,793|base_page.py[line:144] INFO:Clear text in input box before typing.
2020-05-12 12:09:07,814|base_page.py[line:67] INFO:Had find the element '  ' successful by id via value: logonIdentifier 
2020-05-12 12:09:08,013|base_page.py[line:134] INFO:Had type ' yan.liu@an-chen.com ' in inputBox
2020-05-12 12:09:10,060|base_page.py[line:67] INFO:Had find the element '  ' successful by id via value: password 
2020-05-12 12:09:10,119|base_page.py[line:144] INFO:Clear text in input box before typing.
2020-05-12 12:09:12,147|base_page.py[line:67] INFO:Had find the element '  ' successful by id via value: password 
2020-05-12 12:09:12,380|base_page.py[line:134] INFO:Had type ' Lychan@2012 ' in inputBox
2020-05-12 12:09:14,442|base_page.py[line:67] INFO:Had find the element ' Sign in ' successful by xpath via value: //div[@class='buttons']/button[text()='Sign in'] 
2020-05-12 12:09:26,659|base_page.py[line:69] ERROR:TimeoutException: selector by xpath ,value xpath=>//div[@id='root']//div[@class='content-heading']
2020-05-12 12:09:28,717|base_page.py[line:67] INFO:Had find the element ' Welcome, yanliu ' successful by xpath via value: //div[@id='root']//div[@class='content-heading'] 
2020-05-12 12:09:28,718|login.py[line:41] INFO:login success
2020-05-12 12:09:41,416|base_page.py[line:69] ERROR:TimeoutException: selector by xpath ,value xpath=>//div[@class='card']/form//div[@id='homeGrid']/div//h2
2020-05-12 12:09:41,930|base_page.py[line:222] INFO:Had find the elements successful by xpath via value: //div[@class='card']/form//div[@id='homeGrid']/div//h2 
2020-05-12 12:09:44,043|base_page.py[line:67] INFO:Had find the element '  ' successful by xpath via value: //div[@class='card']/form//div[@id='homeGrid']/div[4]//input 
2020-05-12 12:09:44,315|base_page.py[line:134] INFO:Had type ' C000088898 ' in inputBox
2020-05-12 12:09:46,354|base_page.py[line:67] INFO:Had find the element ' Go ' successful by xpath via value: //div[@class='card']/form//div[@id='homeGrid']/div[4]/div/button 
2020-05-12 12:09:46,577|base_page.py[line:156] INFO:The element ' Go ' was clicked.
2020-05-12 12:09:46,577|homePage.py[line:50] INFO:module_name: Customers
2020-05-12 12:09:58,996|base_page.py[line:69] ERROR:TimeoutException: selector by xpath ,value xpath=>//div[@class='card']//li/a[text()='Contacts']
2020-05-12 12:10:01,063|base_page.py[line:67] INFO:Had find the element ' Contacts ' successful by xpath via value: //div[@class='card']//li/a[text()='Contacts'] 
2020-05-12 12:10:01,224|base_page.py[line:156] INFO:The element ' Contacts ' was clicked.
2020-05-12 12:10:01,755|base_page.py[line:222] INFO:Had find the elements successful by xpath via value: //div[@class='card']//div//h4 
2020-05-12 12:10:03,829|base_page.py[line:67] INFO:Had find the element ' Contacts ' successful by xpath via value: //div[@class='card']//div//h4[text()='Contacts'] 
2020-05-12 12:10:04,355|base_page.py[line:222] INFO:Had find the elements successful by xpath via value: //div[@class='glo-row']/div[1]//div[@class='glo-row']//div[@class='rt-tr-group'] 
2020-05-12 12:10:06,415|base_page.py[line:67] INFO:Had find the element ' Dr.
a83a
a83a
a83a
Jr.
CPA ' successful by xpath via value: //div[@class='glo-row']/div[1]//div[@class='glo-row']//div[@class='rt-tr-group'][1]/div 
2020-05-12 12:10:08,487|base_page.py[line:67] INFO:Had find the element ' Dr.
a83a
a83a
a83a
Jr.
CPA ' successful by xpath via value: //div[@class='glo-row']/div[1]//div[@class='glo-row']//div[@class='rt-tr-group'][1]/div 
2020-05-12 12:10:08,602|base_page.py[line:156] INFO:The element ' Dr.
a83a
a83a
a83a
Jr.
CPA ' was clicked.
2020-05-12 12:10:10,672|base_page.py[line:67] INFO:Had find the element ' Details ' successful by xpath via value: //div[@class='glo-row']/div[1]//button[text()=' Details'] 
2020-05-12 12:10:10,802|base_page.py[line:156] INFO:The element ' Details ' was clicked.
2020-05-12 12:10:12,844|base_page.py[line:67] INFO:Had find the element ' Contacts Details ' successful by xpath via value: //h4[@class='modal-title'] 
2020-05-12 12:10:14,910|base_page.py[line:67] INFO:Had find the element ' × ' successful by xpath via value: //button[@class='close'] 
2020-05-12 12:10:15,002|base_page.py[line:156] INFO:The element ' × ' was clicked.
2020-05-12 12:10:27,378|base_page.py[line:69] ERROR:TimeoutException: selector by xpath ,value xpath=>//div[@class='card']//li/a[text()='Contacts']
2020-05-12 12:10:29,422|base_page.py[line:67] INFO:Had find the element ' Contacts ' successful by xpath via value: //div[@class='card']//li/a[text()='Contacts'] 
2020-05-12 12:10:29,578|base_page.py[line:156] INFO:The element ' Contacts ' was clicked.
2020-05-12 12:10:30,089|base_page.py[line:222] INFO:Had find the elements successful by xpath via value: //div[@class='card']//div//h4 
2020-05-12 12:10:32,151|base_page.py[line:67] INFO:Had find the element ' Contacts ' successful by xpath via value: //div[@class='card']//div//h4[text()='Contacts'] 
2020-05-12 12:10:34,200|base_page.py[line:67] INFO:Had find the element ' History ' successful by xpath via value: //div[@class='glo-row']/div[1]//button[text()=' History'] 
2020-05-12 12:10:34,331|base_page.py[line:156] INFO:The element ' History ' was clicked.
2020-05-12 12:10:36,382|base_page.py[line:67] INFO:Had find the element ' History For Contacts ' successful by xpath via value: //h4[@class='modal-title'] 
2020-05-12 12:10:38,438|base_page.py[line:67] INFO:Had find the element ' × ' successful by xpath via value: //button[@class='close'] 
2020-05-12 12:10:38,524|base_page.py[line:156] INFO:The element ' × ' was clicked.
2020-05-12 12:10:39,053|base_page.py[line:222] INFO:Had find the elements successful by xpath via value: //div[@class='card']//div//h4 
2020-05-12 12:10:41,136|base_page.py[line:67] INFO:Had find the element ' Email ' successful by xpath via value: //div[@class='card']//div//h4[text()='Email'] 
2020-05-12 12:10:43,182|base_page.py[line:67] INFO:Had find the element ' New ' successful by xpath via value: //div[@class='glo-row']/div[2]//button[text()=' New'] 
2020-05-12 12:10:43,306|base_page.py[line:156] INFO:The element ' New ' was clicked.
2020-05-12 12:10:45,365|base_page.py[line:67] INFO:Had find the element '  ' successful by id via value: CreateContactEmail 
2020-05-12 12:10:45,460|base_page.py[line:156] INFO:The element '  ' was clicked.
2020-05-12 12:10:47,490|base_page.py[line:67] INFO:Had find the element '  ' successful by id via value: CreateContactEmail 
2020-05-12 12:10:49,552|base_page.py[line:67] INFO:Had find the element '  ' successful by id via value: CreateContactEmail 
2020-05-12 12:10:51,621|base_page.py[line:67] INFO:Had find the element '  ' successful by id via value: CreateContactEmail 
2020-05-12 12:10:51,976|base_page.py[line:134] INFO:Had type ' uiautomation@qq.com ' in inputBox
2020-05-12 12:10:54,039|base_page.py[line:67] INFO:Had find the element ' Select one...
Personal
Business
Company
Government
Unknown ' successful by id via value: CreateEmailType 
2020-05-12 12:10:54,177|base_page.py[line:156] INFO:The element ' Select one...
Personal
Business
Company
Government
Unknown ' was clicked.
2020-05-12 12:10:56,206|base_page.py[line:67] INFO:Had find the element ' Select one...
Personal
Business
Company
Government
Unknown ' successful by id via value: CreateEmailType 
2020-05-12 12:10:58,331|base_page.py[line:67] INFO:Had find the element ' No
Yes ' successful by id via value: CreateIsPrimary 
2020-05-12 12:10:58,466|base_page.py[line:156] INFO:The element ' No
Yes ' was clicked.
2020-05-12 12:11:00,507|base_page.py[line:67] INFO:Had find the element ' No
Yes ' successful by id via value: CreateIsPrimary 
2020-05-12 12:11:02,609|base_page.py[line:67] INFO:Had find the element ' Save ' successful by xpath via value: //button[text()='Save'] 
2020-05-12 12:11:02,769|base_page.py[line:156] INFO:The element ' Save ' was clicked.
2020-05-12 12:11:04,809|base_page.py[line:67] INFO:Had find the element ' Contact Email:: uiautomation@qq.com created successfully. ' successful by xpath via value: //div[@role='alert'] 
