2020-05-12 12:02:10,128|browser_engine.py[line:25] INFO:You had select Chrome browser.
2020-05-12 12:02:10,128|browser_engine.py[line:27] INFO:The test server url is: https://rralamotest.z21.web.core.windows.net/
2020-05-12 12:02:13,737|browser_engine.py[line:40] INFO:Starting Chrome browser.
2020-05-12 12:02:14,887|browser_engine.py[line:51] INFO:Maximize the current window.
2020-05-12 12:02:42,575|browser_engine.py[line:54] INFO:Open url: https://rralamotest.z21.web.core.windows.net/
2020-05-12 12:02:55,020|base_page.py[line:69] ERROR:TimeoutException: selector by xpath ,value xpath=>//div[@class='localAccount']//div[@class='intro']/h2
2020-05-12 12:02:57,086|base_page.py[line:67] INFO:Had find the element ' Sign in with your existing account ' successful by xpath via value: //div[@class='localAccount']//div[@class='intro']/h2 
2020-05-12 12:02:59,161|base_page.py[line:67] INFO:Had find the element '  ' successful by id via value: logonIdentifier 
2020-05-12 12:02:59,239|base_page.py[line:144] INFO:Clear text in input box before typing.
2020-05-12 12:03:01,286|base_page.py[line:67] INFO:Had find the element '  ' successful by id via value: logonIdentifier 
2020-05-12 12:03:01,513|base_page.py[line:134] INFO:Had type ' yan.liu@an-chen.com ' in inputBox
2020-05-12 12:03:03,570|base_page.py[line:67] INFO:Had find the element '  ' successful by id via value: password 
2020-05-12 12:03:03,611|base_page.py[line:144] INFO:Clear text in input box before typing.
2020-05-12 12:03:05,654|base_page.py[line:67] INFO:Had find the element '  ' successful by id via value: password 
2020-05-12 12:03:05,928|base_page.py[line:134] INFO:Had type ' Lychan@2012 ' in inputBox
2020-05-12 12:03:08,005|base_page.py[line:67] INFO:Had find the element ' Sign in ' successful by xpath via value: //div[@class='buttons']/button[text()='Sign in'] 
2020-05-12 12:03:20,286|base_page.py[line:69] ERROR:TimeoutException: selector by xpath ,value xpath=>//div[@id='root']//div[@class='content-heading']
2020-05-12 12:03:22,348|base_page.py[line:67] INFO:Had find the element ' Welcome, yanliu ' successful by xpath via value: //div[@id='root']//div[@class='content-heading'] 
2020-05-12 12:03:22,349|login.py[line:41] INFO:login success
2020-05-12 12:03:35,206|base_page.py[line:69] ERROR:TimeoutException: selector by xpath ,value xpath=>//div[@class='card']/form//div[@id='homeGrid']/div//h2
2020-05-12 12:03:35,740|base_page.py[line:222] INFO:Had find the elements successful by xpath via value: //div[@class='card']/form//div[@id='homeGrid']/div//h2 
2020-05-12 12:03:37,868|base_page.py[line:67] INFO:Had find the element '  ' successful by xpath via value: //div[@class='card']/form//div[@id='homeGrid']/div[4]//input 
2020-05-12 12:03:38,164|base_page.py[line:134] INFO:Had type ' C000088898 ' in inputBox
2020-05-12 12:03:40,214|base_page.py[line:67] INFO:Had find the element ' Go ' successful by xpath via value: //div[@class='card']/form//div[@id='homeGrid']/div[4]/div/button 
2020-05-12 12:03:40,381|base_page.py[line:156] INFO:The element ' Go ' was clicked.
2020-05-12 12:03:40,381|homePage.py[line:50] INFO:module_name: Customers
2020-05-12 12:03:52,817|base_page.py[line:69] ERROR:TimeoutException: selector by xpath ,value xpath=>//div[@class='card']//li/a[text()='Contacts']
2020-05-12 12:03:54,865|base_page.py[line:67] INFO:Had find the element ' Contacts ' successful by xpath via value: //div[@class='card']//li/a[text()='Contacts'] 
2020-05-12 12:03:55,070|base_page.py[line:156] INFO:The element ' Contacts ' was clicked.
2020-05-12 12:03:55,603|base_page.py[line:222] INFO:Had find the elements successful by xpath via value: //div[@class='card']//div//h4 
2020-05-12 12:03:57,676|base_page.py[line:67] INFO:Had find the element ' Contacts ' successful by xpath via value: //div[@class='card']//div//h4[text()='Contacts'] 
2020-05-12 12:03:58,219|base_page.py[line:222] INFO:Had find the elements successful by xpath via value: //div[@class='glo-row']/div[1]//div[@class='glo-row']//div[@class='rt-tr-group'] 
2020-05-12 12:04:00,307|base_page.py[line:67] INFO:Had find the element ' Dr.
a83a
a83a
a83a
Jr.
CPA ' successful by xpath via value: //div[@class='glo-row']/div[1]//div[@class='glo-row']//div[@class='rt-tr-group'][1]/div 
2020-05-12 12:04:02,390|base_page.py[line:67] INFO:Had find the element ' Dr.
a83a
a83a
a83a
Jr.
CPA ' successful by xpath via value: //div[@class='glo-row']/div[1]//div[@class='glo-row']//div[@class='rt-tr-group'][1]/div 
2020-05-12 12:04:02,532|base_page.py[line:156] INFO:The element ' Dr.
a83a
a83a
a83a
Jr.
CPA ' was clicked.
2020-05-12 12:04:04,588|base_page.py[line:67] INFO:Had find the element ' Details ' successful by xpath via value: //div[@class='glo-row']/div[1]//button[text()=' Details'] 
2020-05-12 12:04:04,722|base_page.py[line:156] INFO:The element ' Details ' was clicked.
2020-05-12 12:04:17,156|base_page.py[line:69] ERROR:TimeoutException: selector by xpath ,value xpath=>//div[@class='card']//li/a[text()='Contacts']
2020-05-12 12:04:19,201|base_page.py[line:67] INFO:Had find the element ' Contacts ' successful by xpath via value: //div[@class='card']//li/a[text()='Contacts'] 
2020-05-12 12:04:20,829|base_page.py[line:222] INFO:Had find the elements successful by xpath via value: //div[@class='card']//div//h4 
2020-05-12 12:04:22,924|base_page.py[line:67] INFO:Had find the element ' Email ' successful by xpath via value: //div[@class='card']//div//h4[text()='Email'] 
2020-05-12 12:04:24,995|base_page.py[line:67] INFO:Had find the element ' New ' successful by xpath via value: //div[@class='glo-row']/div[2]//button[text()=' New'] 
