2020-08-13 15:21:27,625|browser_engine.py[line:26] INFO:You had select Chrome browser.
2020-08-13 15:21:27,625|browser_engine.py[line:28] INFO:The test server url is: https://rr-alamo-test.azureedge.net
2020-08-13 15:21:30,800|browser_engine.py[line:42] INFO:Starting Chrome browser.
2020-08-13 15:21:31,961|browser_engine.py[line:56] INFO:Maximize the current window.
2020-08-13 15:21:54,025|browser_engine.py[line:59] INFO:Open url: https://rr-alamo-test.azureedge.net
2020-08-13 15:22:04,590|base_page.py[line:70] ERROR:TimeoutException: selector by xpath ,value xpath=>//div[@class='localAccount']//div[@class='intro']/h2
2020-08-13 15:22:05,146|base_page.py[line:68] INFO:Had find the element ' Sign in with your existing account ' successful by xpath via value: //div[@class='localAccount']//div[@class='intro']/h2 
2020-08-13 15:22:05,713|base_page.py[line:68] INFO:Had find the element '  ' successful by id via value: logonIdentifier 
2020-08-13 15:22:05,760|base_page.py[line:145] INFO:Clear text in input box before typing.
2020-08-13 15:22:06,302|base_page.py[line:68] INFO:Had find the element '  ' successful by id via value: logonIdentifier 
2020-08-13 15:22:06,467|base_page.py[line:135] INFO:Had type ' yan.liu@an-chen.com ' in inputBox
2020-08-13 15:22:07,036|base_page.py[line:68] INFO:Had find the element '  ' successful by id via value: password 
2020-08-13 15:22:07,087|base_page.py[line:145] INFO:Clear text in input box before typing.
2020-08-13 15:22:07,610|base_page.py[line:68] INFO:Had find the element '  ' successful by id via value: password 
2020-08-13 15:22:07,751|base_page.py[line:135] INFO:Had type ' Lychan@2012 ' in inputBox
2020-08-13 15:22:08,302|base_page.py[line:68] INFO:Had find the element ' Sign in ' successful by xpath via value: //div[@class='buttons']/button[text()='Sign in'] 
2020-08-13 15:22:14,315|base_page.py[line:68] INFO:Had find the element ' Welcome, yanliu ' successful by xpath via value: //div[@id='root']//div[@class='content-heading'] 
2020-08-13 15:22:14,315|login.py[line:41] INFO:login success
2020-08-13 15:22:16,915|base_page.py[line:68] INFO:Had find the element ' MANAGE ' successful by id via value: manage 
2020-08-13 15:22:17,004|base_page.py[line:157] INFO:The element ' MANAGE ' was clicked.
2020-08-13 15:22:17,547|base_page.py[line:223] INFO:Had find the elements successful by xpath via value: //ul[@class='dropdown-menu multi-level show']/li/a 
2020-08-13 15:22:18,122|base_page.py[line:68] INFO:Had find the element ' Authorization Management ' successful by xpath via value: //ul[@class='dropdown-menu multi-level show']/li[1]/a 
2020-08-13 15:22:18,287|base_page.py[line:157] INFO:The element ' Authorization Management ' was clicked.
2020-08-13 15:22:18,288|topMenu.py[line:70] INFO:second_menu: Authorization Management
2020-08-13 15:22:19,835|base_page.py[line:68] INFO:Had find the element ' New ' successful by xpath via value: //div[@class='card']//button[text()=' New'] 
2020-08-13 15:22:19,974|base_page.py[line:157] INFO:The element ' New ' was clicked.
2020-08-13 15:22:20,508|base_page.py[line:68] INFO:Had find the element '  ' successful by xpath via value: //input[@name='name'] 
2020-08-13 15:22:20,600|base_page.py[line:157] INFO:The element '  ' was clicked.
2020-08-13 15:22:23,060|base_page.py[line:68] INFO:Had find the element '  ' successful by xpath via value: //input[@name='name'] 
2020-08-13 15:22:23,801|base_page.py[line:68] INFO:Had find the element '  ' successful by xpath via value: //input[@name='name'] 
2020-08-13 15:22:24,555|base_page.py[line:68] INFO:Had find the element '  ' successful by xpath via value: //input[@name='name'] 
2020-08-13 15:22:26,591|base_page.py[line:135] INFO:Had type ' bt2UPN ' in inputBox
2020-08-13 15:22:27,134|base_page.py[line:68] INFO:Had find the element '  ' successful by xpath via value: //input[@name='description'] 
2020-08-13 15:22:27,209|base_page.py[line:157] INFO:The element '  ' was clicked.
2020-08-13 15:22:27,732|base_page.py[line:68] INFO:Had find the element '  ' successful by xpath via value: //input[@name='description'] 
2020-08-13 15:22:28,305|base_page.py[line:68] INFO:Had find the element '  ' successful by xpath via value: //input[@name='description'] 
2020-08-13 15:22:28,864|base_page.py[line:68] INFO:Had find the element '  ' successful by xpath via value: //input[@name='description'] 
2020-08-13 15:22:31,746|base_page.py[line:135] INFO:Had type ' j1LCmk ' in inputBox
2020-08-13 15:22:32,302|base_page.py[line:223] INFO:Had find the elements successful by xpath via value: //div[@class='mb-0 card']//div[@class='rt-table']/div[@class='rt-tbody']//div[@class='rt-td'] 
2020-08-13 15:22:45,273|usm.py[line:51] INFO:capabilityName  not found!
2020-08-13 15:22:45,825|base_page.py[line:68] INFO:Had find the element ' Next ' successful by xpath via value: //button[contains(text(),'Next')] 
2020-08-13 15:22:46,571|base_page.py[line:157] INFO:The element ' Next ' was clicked.
2020-08-13 15:22:47,476|base_page.py[line:68] INFO:Had find the element ' ljc7ua ' successful by xpath via value: //select[@name='availableUsersSelected']/option[1] 
2020-08-13 15:22:48,084|base_page.py[line:68] INFO:Had find the element '  ' successful by xpath via value: //input[@class='form-control'] 
2020-08-13 15:22:48,352|base_page.py[line:135] INFO:Had type ' ljc7ua ' in inputBox
2020-08-13 15:22:48,920|base_page.py[line:68] INFO:Had find the element ' ljc7ua ' successful by xpath via value: //select[@name='availableUsersSelected'] 
2020-08-13 15:22:49,572|base_page.py[line:68] INFO:Had find the element '     Add     ' successful by xpath via value: //button[contains(text(),'Add')] 
2020-08-13 15:22:49,653|base_page.py[line:157] INFO:The element '     Add     ' was clicked.
2020-08-13 15:22:50,227|base_page.py[line:68] INFO:Had find the element ' Finish ' successful by xpath via value: //button[contains(text(),'Finish')] 
2020-08-13 15:22:50,298|base_page.py[line:157] INFO:The element ' Finish ' was clicked.
2020-08-13 15:22:54,840|base_page.py[line:68] INFO:Had find the element ' Role: bt2UPN created successfully. ' successful by xpath via value: //div[@role='alert'] 
2020-08-13 15:22:56,473|base_page.py[line:68] INFO:Had find the element ' 1280
bt2UPN
j1LCmk ' successful by xpath via value: //div[@class='card']//div[@class='glo-row']//div[@class='rt-tr-group'][1]/div 
2020-08-13 15:22:57,020|base_page.py[line:68] INFO:Had find the element ' 1280
bt2UPN
j1LCmk ' successful by xpath via value: //div[@class='card']//div[@class='glo-row']//div[@class='rt-tr-group'][1]/div 
2020-08-13 15:22:57,122|base_page.py[line:157] INFO:The element ' 1280
bt2UPN
j1LCmk ' was clicked.
2020-08-13 15:22:57,661|base_page.py[line:68] INFO:Had find the element ' Edit ' successful by xpath via value: //div[@class='card']//button[text()=' Edit'] 
2020-08-13 15:22:59,439|base_page.py[line:157] INFO:The element ' Edit ' was clicked.
2020-08-13 15:22:59,987|base_page.py[line:68] INFO:Had find the element '  ' successful by xpath via value: //input[@name='name'] 
2020-08-13 15:23:00,090|base_page.py[line:157] INFO:The element '  ' was clicked.
2020-08-13 15:23:00,900|base_page.py[line:68] INFO:Had find the element '  ' successful by xpath via value: //input[@name='name'] 
2020-08-13 15:23:01,455|base_page.py[line:68] INFO:Had find the element '  ' successful by xpath via value: //input[@name='name'] 
2020-08-13 15:23:03,548|base_page.py[line:68] INFO:Had find the element '  ' successful by xpath via value: //input[@name='name'] 
2020-08-13 15:23:07,820|base_page.py[line:135] INFO:Had type ' z5UaeD ' in inputBox
2020-08-13 15:23:08,367|base_page.py[line:68] INFO:Had find the element '  ' successful by xpath via value: //input[@name='description'] 
2020-08-13 15:23:08,446|base_page.py[line:157] INFO:The element '  ' was clicked.
2020-08-13 15:23:08,999|base_page.py[line:68] INFO:Had find the element '  ' successful by xpath via value: //input[@name='description'] 
2020-08-13 15:23:09,557|base_page.py[line:68] INFO:Had find the element '  ' successful by xpath via value: //input[@name='description'] 
2020-08-13 15:23:10,895|base_page.py[line:68] INFO:Had find the element '  ' successful by xpath via value: //input[@name='description'] 
2020-08-13 15:23:13,454|base_page.py[line:135] INFO:Had type ' hA7wmj ' in inputBox
2020-08-13 15:23:14,008|base_page.py[line:223] INFO:Had find the elements successful by xpath via value: //div[@class='mb-0 card']//div[@class='rt-table']/div[@class='rt-tbody']//div[@class='rt-td'] 
2020-08-13 15:23:26,786|base_page.py[line:68] INFO:Had find the element '  ' successful by xpath via value: //div[@class='modal fade show']//div[@class='glo-row']//input[@id='canRead_139'] 
2020-08-13 15:23:27,209|base_page.py[line:157] INFO:The element '  ' was clicked.
2020-08-13 15:23:27,798|base_page.py[line:68] INFO:Had find the element '  ' successful by xpath via value: //div[@class='modal fade show']//div[@class='glo-row']//input[@id='canUpdate_139'] 
2020-08-13 15:23:28,301|base_page.py[line:157] INFO:The element '  ' was clicked.
2020-08-13 15:23:28,871|base_page.py[line:68] INFO:Had find the element '  ' successful by xpath via value: //div[@class='modal fade show']//div[@class='glo-row']//input[@id='canCreate_139'] 
2020-08-13 15:23:29,309|base_page.py[line:157] INFO:The element '  ' was clicked.
2020-08-13 15:23:29,878|base_page.py[line:68] INFO:Had find the element '  ' successful by xpath via value: //div[@class='modal fade show']//div[@class='glo-row']//input[@id='canDelete_139'] 
2020-08-13 15:23:30,327|base_page.py[line:157] INFO:The element '  ' was clicked.
2020-08-13 15:23:30,905|base_page.py[line:68] INFO:Had find the element '  ' successful by xpath via value: //div[@class='modal fade show']//div[@class='glo-row']//input[@id='canMassUpdate_139'] 
2020-08-13 15:23:31,222|base_page.py[line:157] INFO:The element '  ' was clicked.
2020-08-13 15:23:31,791|base_page.py[line:68] INFO:Had find the element ' Users ' successful by xpath via value: //div[@class='mb-0 card']//li/a[text()='Users'] 
2020-08-13 15:23:31,942|base_page.py[line:157] INFO:The element ' Users ' was clicked.
2020-08-13 15:23:32,481|base_page.py[line:68] INFO:Had find the element ' ljc7ua ' successful by xpath via value: //select[@name='assignedUsersSelected'] 
2020-08-13 15:23:33,155|base_page.py[line:68] INFO:Had find the element ' Finish ' successful by xpath via value: //button[contains(text(),'Finish')] 
2020-08-13 15:23:33,229|base_page.py[line:157] INFO:The element ' Finish ' was clicked.
2020-08-13 15:23:37,770|base_page.py[line:68] INFO:Had find the element ' Role: z5UaeD updated successfully. ' successful by xpath via value: //div[@role='alert'] 
2020-08-13 15:23:39,342|base_page.py[line:68] INFO:Had find the element ' New ' successful by xpath via value: //div[@class='card']//button[text()=' New'] 
2020-08-13 15:23:40,590|base_page.py[line:157] INFO:The element ' New ' was clicked.
2020-08-13 15:23:41,684|base_page.py[line:68] INFO:Had find the element '  ' successful by xpath via value: //input[@name='name'] 
2020-08-13 15:23:41,787|base_page.py[line:157] INFO:The element '  ' was clicked.
2020-08-13 15:23:42,314|base_page.py[line:68] INFO:Had find the element '  ' successful by xpath via value: //input[@name='name'] 
2020-08-13 15:23:42,870|base_page.py[line:68] INFO:Had find the element '  ' successful by xpath via value: //input[@name='name'] 
2020-08-13 15:23:43,667|base_page.py[line:68] INFO:Had find the element '  ' successful by xpath via value: //input[@name='name'] 
2020-08-13 15:23:45,803|base_page.py[line:135] INFO:Had type ' EF21EQ ' in inputBox
2020-08-13 15:23:46,359|base_page.py[line:68] INFO:Had find the element '  ' successful by xpath via value: //input[@name='description'] 
2020-08-13 15:23:46,440|base_page.py[line:157] INFO:The element '  ' was clicked.
2020-08-13 15:23:46,965|base_page.py[line:68] INFO:Had find the element '  ' successful by xpath via value: //input[@name='description'] 
2020-08-13 15:23:47,541|base_page.py[line:68] INFO:Had find the element '  ' successful by xpath via value: //input[@name='description'] 
2020-08-13 15:23:48,100|base_page.py[line:68] INFO:Had find the element '  ' successful by xpath via value: //input[@name='description'] 
2020-08-13 15:23:50,954|base_page.py[line:135] INFO:Had type ' Wk9PFi ' in inputBox
2020-08-13 15:23:51,507|base_page.py[line:223] INFO:Had find the elements successful by xpath via value: //div[@class='mb-0 card']//div[@class='rt-table']/div[@class='rt-tbody']//div[@class='rt-td'] 
2020-08-13 15:24:08,788|base_page.py[line:68] INFO:Had find the element '  ' successful by xpath via value: //div[@class='modal fade show']//div[@class='glo-row']//input[@id='canRead_139'] 
2020-08-13 15:24:09,297|base_page.py[line:157] INFO:The element '  ' was clicked.
2020-08-13 15:24:09,918|base_page.py[line:68] INFO:Had find the element '  ' successful by xpath via value: //div[@class='modal fade show']//div[@class='glo-row']//input[@id='canUpdate_139'] 
2020-08-13 15:24:10,628|base_page.py[line:157] INFO:The element '  ' was clicked.
2020-08-13 15:24:11,203|base_page.py[line:68] INFO:Had find the element '  ' successful by xpath via value: //div[@class='modal fade show']//div[@class='glo-row']//input[@id='canCreate_139'] 
2020-08-13 15:24:11,637|base_page.py[line:157] INFO:The element '  ' was clicked.
2020-08-13 15:24:12,189|base_page.py[line:68] INFO:Had find the element '  ' successful by xpath via value: //div[@class='modal fade show']//div[@class='glo-row']//input[@id='canDelete_139'] 
2020-08-13 15:24:12,593|base_page.py[line:157] INFO:The element '  ' was clicked.
2020-08-13 15:24:13,188|base_page.py[line:68] INFO:Had find the element '  ' successful by xpath via value: //div[@class='modal fade show']//div[@class='glo-row']//input[@id='canMassUpdate_139'] 
2020-08-13 15:24:13,611|base_page.py[line:157] INFO:The element '  ' was clicked.
2020-08-13 15:24:14,165|base_page.py[line:68] INFO:Had find the element ' Users ' successful by xpath via value: //div[@class='mb-0 card']//li/a[text()='Users'] 
2020-08-13 15:24:14,316|base_page.py[line:157] INFO:The element ' Users ' was clicked.
2020-08-13 15:24:14,878|base_page.py[line:68] INFO:Had find the element ' ljc7ua ' successful by xpath via value: //select[@name='availableUsersSelected']/option[1] 
2020-08-13 15:24:14,972|base_page.py[line:157] INFO:The element ' ljc7ua ' was clicked.
2020-08-13 15:24:15,515|base_page.py[line:68] INFO:Had find the element ' ljc7ua ' successful by xpath via value: //select[@name='availableUsersSelected']/option[1] 
2020-08-13 15:24:17,141|base_page.py[line:68] INFO:Had find the element ' 1
Security
Controls and Manages the roles and permissions of ALAMO ' successful by xpath via value: //div[@class='card']//div[@class='glo-row']//div[@class='rt-tr-group'][1]/div 
2020-08-13 15:24:17,699|base_page.py[line:68] INFO:Had find the element ' Edit ' successful by xpath via value: //div[@class='card']//button[text()=' Edit'] 
