2020-08-13 16:24:21,299|browser_engine.py[line:26] INFO:You had select Chrome browser.
2020-08-13 16:24:21,300|browser_engine.py[line:28] INFO:The test server url is: https://rr-alamo-test.azureedge.net
2020-08-13 16:24:25,226|browser_engine.py[line:42] INFO:Starting Chrome browser.
2020-08-13 16:24:26,472|browser_engine.py[line:56] INFO:Maximize the current window.
2020-08-13 16:24:51,071|browser_engine.py[line:59] INFO:Open url: https://rr-alamo-test.azureedge.net
2020-08-13 16:25:09,623|base_page.py[line:71] ERROR:TimeoutException: selector by xpath ,value xpath=>//div[@class='localAccount']//div[@class='intro']/h2
2020-08-13 16:25:10,812|base_page.py[line:69] INFO:Had find the element ' Sign in with your existing account ' successful by xpath via value: //div[@class='localAccount']//div[@class='intro']/h2 
2020-08-13 16:25:16,638|base_page.py[line:69] INFO:Had find the element '  ' successful by id via value: logonIdentifier 
2020-08-13 16:25:16,690|base_page.py[line:146] INFO:Clear text in input box before typing.
2020-08-13 16:25:17,229|base_page.py[line:69] INFO:Had find the element '  ' successful by id via value: logonIdentifier 
2020-08-13 16:25:17,459|base_page.py[line:136] INFO:Had type ' yan.liu@an-chen.com ' in inputBox
2020-08-13 16:25:17,991|base_page.py[line:69] INFO:Had find the element '  ' successful by id via value: password 
2020-08-13 16:25:18,041|base_page.py[line:146] INFO:Clear text in input box before typing.
2020-08-13 16:25:18,575|base_page.py[line:69] INFO:Had find the element '  ' successful by id via value: password 
2020-08-13 16:25:18,918|base_page.py[line:136] INFO:Had type ' Lychan@2012 ' in inputBox
2020-08-13 16:25:19,482|base_page.py[line:69] INFO:Had find the element ' Sign in ' successful by xpath via value: //div[@class='buttons']/button[text()='Sign in'] 
2020-08-13 16:25:23,629|base_page.py[line:69] INFO:Had find the element ' Welcome, yanliu ' successful by xpath via value: //div[@id='root']//div[@class='content-heading'] 
2020-08-13 16:25:23,629|login.py[line:41] INFO:login success
2020-08-13 16:25:26,245|base_page.py[line:69] INFO:Had find the element ' MANAGE ' successful by id via value: manage 
2020-08-13 16:25:26,352|base_page.py[line:158] INFO:The element ' MANAGE ' was clicked.
2020-08-13 16:25:26,872|base_page.py[line:224] INFO:Had find the elements successful by xpath via value: //ul[@class='dropdown-menu multi-level show']/li/a 
2020-08-13 16:25:27,433|base_page.py[line:69] INFO:Had find the element ' Authorization Management ' successful by xpath via value: //ul[@class='dropdown-menu multi-level show']/li[1]/a 
2020-08-13 16:25:27,694|base_page.py[line:158] INFO:The element ' Authorization Management ' was clicked.
2020-08-13 16:25:27,695|topMenu.py[line:70] INFO:second_menu: Authorization Management
2020-08-13 16:25:29,237|base_page.py[line:69] INFO:Had find the element ' New ' successful by xpath via value: //div[@class='card']//button[text()=' New'] 
2020-08-13 16:25:29,459|base_page.py[line:158] INFO:The element ' New ' was clicked.
2020-08-13 16:25:30,041|base_page.py[line:69] INFO:Had find the element '  ' successful by xpath via value: //input[@name='name'] 
2020-08-13 16:25:30,220|base_page.py[line:158] INFO:The element '  ' was clicked.
2020-08-13 16:25:30,760|base_page.py[line:69] INFO:Had find the element '  ' successful by xpath via value: //input[@name='name'] 
2020-08-13 16:25:31,337|base_page.py[line:69] INFO:Had find the element '  ' successful by xpath via value: //input[@name='name'] 
2020-08-13 16:25:31,887|base_page.py[line:69] INFO:Had find the element '  ' successful by xpath via value: //input[@name='name'] 
2020-08-13 16:25:32,138|base_page.py[line:136] INFO:Had type ' wdggH2 ' in inputBox
2020-08-13 16:25:33,989|base_page.py[line:69] INFO:Had find the element '  ' successful by xpath via value: //input[@name='description'] 
2020-08-13 16:25:34,173|base_page.py[line:158] INFO:The element '  ' was clicked.
2020-08-13 16:25:34,720|base_page.py[line:69] INFO:Had find the element '  ' successful by xpath via value: //input[@name='description'] 
2020-08-13 16:25:35,289|base_page.py[line:69] INFO:Had find the element '  ' successful by xpath via value: //input[@name='description'] 
2020-08-13 16:25:35,836|base_page.py[line:69] INFO:Had find the element '  ' successful by xpath via value: //input[@name='description'] 
2020-08-13 16:25:39,104|base_page.py[line:136] INFO:Had type ' 2oZZS2 ' in inputBox
2020-08-13 16:25:39,696|base_page.py[line:224] INFO:Had find the elements successful by xpath via value: //div[@class='mb-0 card']//div[@class='rt-table']/div[@class='rt-tbody']//div[@class='rt-td'] 
2020-08-13 16:25:53,299|base_page.py[line:69] INFO:Had find the element '  ' successful by xpath via value: //div[@class='modal fade show']//div[@class='glo-row']//input[@id='canRead_139'] 
2020-08-13 16:25:53,912|base_page.py[line:158] INFO:The element '  ' was clicked.
2020-08-13 16:25:54,496|base_page.py[line:69] INFO:Had find the element '  ' successful by xpath via value: //div[@class='modal fade show']//div[@class='glo-row']//input[@id='canUpdate_139'] 
2020-08-13 16:25:54,909|base_page.py[line:158] INFO:The element '  ' was clicked.
2020-08-13 16:25:55,480|base_page.py[line:69] INFO:Had find the element '  ' successful by xpath via value: //div[@class='modal fade show']//div[@class='glo-row']//input[@id='canCreate_139'] 
2020-08-13 16:25:55,876|base_page.py[line:158] INFO:The element '  ' was clicked.
2020-08-13 16:25:56,429|base_page.py[line:69] INFO:Had find the element '  ' successful by xpath via value: //div[@class='modal fade show']//div[@class='glo-row']//input[@id='canDelete_139'] 
2020-08-13 16:25:56,812|base_page.py[line:158] INFO:The element '  ' was clicked.
2020-08-13 16:25:57,384|base_page.py[line:69] INFO:Had find the element '  ' successful by xpath via value: //div[@class='modal fade show']//div[@class='glo-row']//input[@id='canMassUpdate_139'] 
2020-08-13 16:25:57,932|base_page.py[line:158] INFO:The element '  ' was clicked.
2020-08-13 16:25:58,504|base_page.py[line:69] INFO:Had find the element ' Users ' successful by xpath via value: //div[@class='mb-0 card']//li/a[text()='Users'] 
2020-08-13 16:25:58,684|base_page.py[line:158] INFO:The element ' Users ' was clicked.
2020-08-13 16:25:59,294|base_page.py[line:69] INFO:Had find the element ' ljc7ua ' successful by xpath via value: //select[@name='availableUsersSelected']/option[1] 
2020-08-13 16:25:59,855|base_page.py[line:69] INFO:Had find the element ' ljc7ua ' successful by xpath via value: //select[@name='availableUsersSelected']/option[1] 
2020-08-13 16:25:59,923|base_page.py[line:158] INFO:The element ' ljc7ua ' was clicked.
2020-08-13 16:26:00,480|base_page.py[line:69] INFO:Had find the element ' agrantha ' successful by xpath via value: //select[@name='availableUsersSelected']/option[2] 
2020-08-13 16:26:01,024|base_page.py[line:69] INFO:Had find the element ' agrantha ' successful by xpath via value: //select[@name='availableUsersSelected']/option[2] 
2020-08-13 16:26:01,129|base_page.py[line:158] INFO:The element ' agrantha ' was clicked.
2020-08-13 16:26:01,679|base_page.py[line:69] INFO:Had find the element '     Add     ' successful by xpath via value: //button[contains(text(),'Add')] 
2020-08-13 16:26:01,798|base_page.py[line:158] INFO:The element '     Add     ' was clicked.
2020-08-13 16:26:02,350|base_page.py[line:69] INFO:Had find the element ' Finish ' successful by xpath via value: //button[contains(text(),'Finish')] 
2020-08-13 16:26:02,446|base_page.py[line:158] INFO:The element ' Finish ' was clicked.
2020-08-13 16:26:06,988|base_page.py[line:69] INFO:Had find the element ' Role: wdggH2 created successfully. ' successful by xpath via value: //div[@role='alert'] 
2020-08-13 16:26:08,552|base_page.py[line:69] INFO:Had find the element ' 1283
wdggH2
2oZZS2 ' successful by xpath via value: //div[@class='card']//div[@class='glo-row']//div[@class='rt-tr-group'][1]/div 
2020-08-13 16:26:09,126|base_page.py[line:69] INFO:Had find the element ' 1283
wdggH2
2oZZS2 ' successful by xpath via value: //div[@class='card']//div[@class='glo-row']//div[@class='rt-tr-group'][1]/div 
2020-08-13 16:26:09,270|base_page.py[line:158] INFO:The element ' 1283
wdggH2
2oZZS2 ' was clicked.
2020-08-13 16:26:09,811|base_page.py[line:69] INFO:Had find the element ' Edit ' successful by xpath via value: //div[@class='card']//button[text()=' Edit'] 
2020-08-13 16:26:12,056|base_page.py[line:158] INFO:The element ' Edit ' was clicked.
2020-08-13 16:26:13,631|base_page.py[line:69] INFO:Had find the element '  ' successful by xpath via value: //input[@name='name'] 
2020-08-13 16:26:14,452|base_page.py[line:158] INFO:The element '  ' was clicked.
2020-08-13 16:26:14,998|base_page.py[line:69] INFO:Had find the element '  ' successful by xpath via value: //input[@name='name'] 
2020-08-13 16:26:15,965|base_page.py[line:69] INFO:Had find the element '  ' successful by xpath via value: //input[@name='name'] 
2020-08-13 16:26:16,868|base_page.py[line:69] INFO:Had find the element '  ' successful by xpath via value: //input[@name='name'] 
2020-08-13 16:26:19,570|base_page.py[line:136] INFO:Had type ' Wza7OS ' in inputBox
2020-08-13 16:26:20,138|base_page.py[line:69] INFO:Had find the element '  ' successful by xpath via value: //input[@name='description'] 
2020-08-13 16:26:20,239|base_page.py[line:158] INFO:The element '  ' was clicked.
2020-08-13 16:26:20,792|base_page.py[line:69] INFO:Had find the element '  ' successful by xpath via value: //input[@name='description'] 
2020-08-13 16:26:21,375|base_page.py[line:69] INFO:Had find the element '  ' successful by xpath via value: //input[@name='description'] 
2020-08-13 16:26:22,270|base_page.py[line:69] INFO:Had find the element '  ' successful by xpath via value: //input[@name='description'] 
2020-08-13 16:26:24,628|base_page.py[line:136] INFO:Had type ' 5IBlpO ' in inputBox
2020-08-13 16:26:25,202|base_page.py[line:224] INFO:Had find the elements successful by xpath via value: //div[@class='mb-0 card']//div[@class='rt-table']/div[@class='rt-tbody']//div[@class='rt-td'] 
2020-08-13 16:26:52,410|base_page.py[line:69] INFO:Had find the element '  ' successful by xpath via value: //div[@class='modal fade show']//div[@class='glo-row']//input[@id='canRead_139'] 
2020-08-13 16:26:52,871|base_page.py[line:158] INFO:The element '  ' was clicked.
2020-08-13 16:26:53,459|base_page.py[line:69] INFO:Had find the element '  ' successful by xpath via value: //div[@class='modal fade show']//div[@class='glo-row']//input[@id='canUpdate_139'] 
2020-08-13 16:26:53,841|base_page.py[line:158] INFO:The element '  ' was clicked.
2020-08-13 16:26:54,417|base_page.py[line:69] INFO:Had find the element '  ' successful by xpath via value: //div[@class='modal fade show']//div[@class='glo-row']//input[@id='canCreate_139'] 
2020-08-13 16:26:54,801|base_page.py[line:158] INFO:The element '  ' was clicked.
2020-08-13 16:26:55,383|base_page.py[line:69] INFO:Had find the element '  ' successful by xpath via value: //div[@class='modal fade show']//div[@class='glo-row']//input[@id='canDelete_139'] 
2020-08-13 16:26:55,738|base_page.py[line:158] INFO:The element '  ' was clicked.
2020-08-13 16:26:56,307|base_page.py[line:69] INFO:Had find the element '  ' successful by xpath via value: //div[@class='modal fade show']//div[@class='glo-row']//input[@id='canMassUpdate_139'] 
2020-08-13 16:26:56,682|base_page.py[line:158] INFO:The element '  ' was clicked.
2020-08-13 16:26:57,252|base_page.py[line:69] INFO:Had find the element '  ' successful by xpath via value: //div[@class='modal fade show']//div[@class='glo-row']//input[@id='canRead_140'] 
2020-08-13 16:26:57,716|base_page.py[line:158] INFO:The element '  ' was clicked.
2020-08-13 16:26:58,293|base_page.py[line:69] INFO:Had find the element '  ' successful by xpath via value: //div[@class='modal fade show']//div[@class='glo-row']//input[@id='canUpdate_140'] 
2020-08-13 16:26:58,652|base_page.py[line:158] INFO:The element '  ' was clicked.
2020-08-13 16:26:59,226|base_page.py[line:69] INFO:Had find the element '  ' successful by xpath via value: //div[@class='modal fade show']//div[@class='glo-row']//input[@id='canCreate_140'] 
2020-08-13 16:26:59,608|base_page.py[line:158] INFO:The element '  ' was clicked.
2020-08-13 16:27:00,185|base_page.py[line:69] INFO:Had find the element '  ' successful by xpath via value: //div[@class='modal fade show']//div[@class='glo-row']//input[@id='canDelete_140'] 
2020-08-13 16:27:00,621|base_page.py[line:158] INFO:The element '  ' was clicked.
2020-08-13 16:27:01,199|base_page.py[line:69] INFO:Had find the element '  ' successful by xpath via value: //div[@class='modal fade show']//div[@class='glo-row']//input[@id='canMassUpdate_140'] 
2020-08-13 16:27:01,569|base_page.py[line:158] INFO:The element '  ' was clicked.
2020-08-13 16:27:02,128|base_page.py[line:69] INFO:Had find the element ' Next ' successful by xpath via value: //button[contains(text(),'Next')] 
2020-08-13 16:27:02,320|base_page.py[line:158] INFO:The element ' Next ' was clicked.
2020-08-13 16:27:02,921|base_page.py[line:69] INFO:Had find the element ' ljc7ua ' successful by xpath via value: //select[@name='assignedUsersSelected']/option[1] 
2020-08-13 16:27:03,463|base_page.py[line:69] INFO:Had find the element ' ljc7ua ' successful by xpath via value: //select[@name='assignedUsersSelected']/option[1] 
2020-08-13 16:27:03,533|base_page.py[line:158] INFO:The element ' ljc7ua ' was clicked.
2020-08-13 16:27:04,084|base_page.py[line:69] INFO:Had find the element ' agrantha ' successful by xpath via value: //select[@name='assignedUsersSelected']/option[2] 
2020-08-13 16:27:04,636|base_page.py[line:69] INFO:Had find the element ' agrantha ' successful by xpath via value: //select[@name='assignedUsersSelected']/option[2] 
2020-08-13 16:27:04,701|base_page.py[line:158] INFO:The element ' agrantha ' was clicked.
2020-08-13 16:27:05,269|base_page.py[line:69] INFO:Had find the element ' Remove ' successful by xpath via value: //button[contains(text(),'Remove')] 
2020-08-13 16:27:05,341|base_page.py[line:158] INFO:The element ' Remove ' was clicked.
2020-08-13 16:27:05,902|base_page.py[line:69] INFO:Had find the element ' Finish ' successful by xpath via value: //button[contains(text(),'Finish')] 
2020-08-13 16:27:05,977|base_page.py[line:158] INFO:The element ' Finish ' was clicked.
2020-08-13 16:27:10,521|base_page.py[line:69] INFO:Had find the element ' Role: Wza7OS updated successfully. ' successful by xpath via value: //div[@role='alert'] 
