2020-08-13 16:59:13,000|browser_engine.py[line:26] INFO:You had select Chrome browser.
2020-08-13 16:59:13,000|browser_engine.py[line:28] INFO:The test server url is: https://rr-alamo-test.azureedge.net
2020-08-13 16:59:16,125|browser_engine.py[line:42] INFO:Starting Chrome browser.
2020-08-13 16:59:17,270|browser_engine.py[line:56] INFO:Maximize the current window.
2020-08-13 17:00:01,091|browser_engine.py[line:59] INFO:Open url: https://rr-alamo-test.azureedge.net
2020-08-13 17:00:11,996|base_page.py[line:71] ERROR:TimeoutException: selector by xpath ,value xpath=>//div[@class='localAccount']//div[@class='intro']/h2
2020-08-13 17:00:12,532|base_page.py[line:69] INFO:Had find the element ' Sign in with your existing account ' successful by xpath via value: //div[@class='localAccount']//div[@class='intro']/h2 
2020-08-13 17:00:13,098|base_page.py[line:69] INFO:Had find the element '  ' successful by id via value: logonIdentifier 
2020-08-13 17:00:13,140|base_page.py[line:146] INFO:Clear text in input box before typing.
2020-08-13 17:00:13,678|base_page.py[line:69] INFO:Had find the element '  ' successful by id via value: logonIdentifier 
2020-08-13 17:00:13,884|base_page.py[line:136] INFO:Had type ' yan.liu@an-chen.com ' in inputBox
2020-08-13 17:00:14,427|base_page.py[line:69] INFO:Had find the element '  ' successful by id via value: password 
2020-08-13 17:00:14,474|base_page.py[line:146] INFO:Clear text in input box before typing.
2020-08-13 17:00:15,009|base_page.py[line:69] INFO:Had find the element '  ' successful by id via value: password 
2020-08-13 17:00:15,224|base_page.py[line:136] INFO:Had type ' Lychan@2012 ' in inputBox
2020-08-13 17:00:15,779|base_page.py[line:69] INFO:Had find the element ' Sign in ' successful by xpath via value: //div[@class='buttons']/button[text()='Sign in'] 
2020-08-13 17:00:56,563|base_page.py[line:69] INFO:Had find the element ' Welcome, yanliu ' successful by xpath via value: //div[@id='root']//div[@class='content-heading'] 
2020-08-13 17:00:56,563|login.py[line:41] INFO:login success
2020-08-13 17:00:59,147|base_page.py[line:69] INFO:Had find the element ' MANAGE ' successful by id via value: manage 
2020-08-13 17:00:59,245|base_page.py[line:158] INFO:The element ' MANAGE ' was clicked.
2020-08-13 17:00:59,780|base_page.py[line:224] INFO:Had find the elements successful by xpath via value: //ul[@class='dropdown-menu multi-level show']/li/a 
2020-08-13 17:01:00,331|base_page.py[line:69] INFO:Had find the element ' Authorization Management ' successful by xpath via value: //ul[@class='dropdown-menu multi-level show']/li[1]/a 
2020-08-13 17:01:00,478|base_page.py[line:158] INFO:The element ' Authorization Management ' was clicked.
2020-08-13 17:01:00,478|topMenu.py[line:70] INFO:second_menu: Authorization Management
2020-08-13 17:01:02,028|base_page.py[line:69] INFO:Had find the element ' New ' successful by xpath via value: //div[@class='card']//button[text()=' New'] 
2020-08-13 17:01:02,181|base_page.py[line:158] INFO:The element ' New ' was clicked.
2020-08-13 17:01:02,715|base_page.py[line:69] INFO:Had find the element '  ' successful by xpath via value: //input[@name='name'] 
2020-08-13 17:01:02,804|base_page.py[line:158] INFO:The element '  ' was clicked.
2020-08-13 17:01:05,214|base_page.py[line:69] INFO:Had find the element '  ' successful by xpath via value: //input[@name='name'] 
2020-08-13 17:01:05,791|base_page.py[line:69] INFO:Had find the element '  ' successful by xpath via value: //input[@name='name'] 
2020-08-13 17:01:06,364|base_page.py[line:69] INFO:Had find the element '  ' successful by xpath via value: //input[@name='name'] 
2020-08-13 17:01:08,746|base_page.py[line:136] INFO:Had type ' otUO2g ' in inputBox
2020-08-13 17:01:09,426|base_page.py[line:69] INFO:Had find the element '  ' successful by xpath via value: //input[@name='description'] 
2020-08-13 17:01:09,567|base_page.py[line:158] INFO:The element '  ' was clicked.
2020-08-13 17:01:10,100|base_page.py[line:69] INFO:Had find the element '  ' successful by xpath via value: //input[@name='description'] 
2020-08-13 17:01:10,666|base_page.py[line:69] INFO:Had find the element '  ' successful by xpath via value: //input[@name='description'] 
2020-08-13 17:01:11,230|base_page.py[line:69] INFO:Had find the element '  ' successful by xpath via value: //input[@name='description'] 
2020-08-13 17:01:13,698|base_page.py[line:136] INFO:Had type ' Ai4AdT ' in inputBox
2020-08-13 17:01:14,272|base_page.py[line:224] INFO:Had find the elements successful by xpath via value: //div[@class='mb-0 card']//div[@class='rt-table']/div[@class='rt-tbody']//div[@class='rt-td'] 
2020-08-13 17:01:27,650|base_page.py[line:69] INFO:Had find the element '  ' successful by xpath via value: //div[@class='modal fade show']//div[@class='glo-row']//input[@id='canRead_139'] 
2020-08-13 17:01:28,385|base_page.py[line:158] INFO:The element '  ' was clicked.
2020-08-13 17:01:29,032|base_page.py[line:69] INFO:Had find the element '  ' successful by xpath via value: //div[@class='modal fade show']//div[@class='glo-row']//input[@id='canUpdate_139'] 
2020-08-13 17:01:29,513|base_page.py[line:158] INFO:The element '  ' was clicked.
2020-08-13 17:01:30,074|base_page.py[line:69] INFO:Had find the element '  ' successful by xpath via value: //div[@class='modal fade show']//div[@class='glo-row']//input[@id='canCreate_139'] 
2020-08-13 17:01:30,523|base_page.py[line:158] INFO:The element '  ' was clicked.
2020-08-13 17:01:31,114|base_page.py[line:69] INFO:Had find the element '  ' successful by xpath via value: //div[@class='modal fade show']//div[@class='glo-row']//input[@id='canDelete_139'] 
2020-08-13 17:01:31,631|base_page.py[line:158] INFO:The element '  ' was clicked.
2020-08-13 17:01:32,214|base_page.py[line:69] INFO:Had find the element '  ' successful by xpath via value: //div[@class='modal fade show']//div[@class='glo-row']//input[@id='canMassUpdate_139'] 
2020-08-13 17:01:32,772|base_page.py[line:158] INFO:The element '  ' was clicked.
2020-08-13 17:01:33,343|base_page.py[line:69] INFO:Had find the element ' Users ' successful by xpath via value: //div[@class='mb-0 card']//li/a[text()='Users'] 
2020-08-13 17:01:33,515|base_page.py[line:158] INFO:The element ' Users ' was clicked.
2020-08-13 17:01:34,123|base_page.py[line:69] INFO:Had find the element ' ljc7ua ' successful by xpath via value: //select[@name='availableUsersSelected']/option[1] 
2020-08-13 17:01:34,673|base_page.py[line:69] INFO:Had find the element ' ljc7ua ' successful by xpath via value: //select[@name='availableUsersSelected']/option[1] 
2020-08-13 17:01:34,744|base_page.py[line:158] INFO:The element ' ljc7ua ' was clicked.
2020-08-13 17:01:35,290|base_page.py[line:69] INFO:Had find the element ' agrantha ' successful by xpath via value: //select[@name='availableUsersSelected']/option[2] 
2020-08-13 17:01:35,837|base_page.py[line:69] INFO:Had find the element ' agrantha ' successful by xpath via value: //select[@name='availableUsersSelected']/option[2] 
2020-08-13 17:01:35,902|base_page.py[line:158] INFO:The element ' agrantha ' was clicked.
2020-08-13 17:01:36,506|base_page.py[line:69] INFO:Had find the element '     Add     ' successful by xpath via value: //button[contains(text(),'Add')] 
2020-08-13 17:01:36,691|base_page.py[line:158] INFO:The element '     Add     ' was clicked.
2020-08-13 17:01:37,255|base_page.py[line:69] INFO:Had find the element ' Finish ' successful by xpath via value: //button[contains(text(),'Finish')] 
2020-08-13 17:01:37,339|base_page.py[line:158] INFO:The element ' Finish ' was clicked.
2020-08-13 17:01:41,890|base_page.py[line:69] INFO:Had find the element ' Role: otUO2g created successfully. ' successful by xpath via value: //div[@role='alert'] 
2020-08-13 17:01:43,504|base_page.py[line:69] INFO:Had find the element ' 1285
otUO2g
Ai4AdT ' successful by xpath via value: //div[@class='card']//div[@class='glo-row']//div[@class='rt-tr-group'][1]/div 
2020-08-13 17:01:44,050|base_page.py[line:69] INFO:Had find the element ' 1285
otUO2g
Ai4AdT ' successful by xpath via value: //div[@class='card']//div[@class='glo-row']//div[@class='rt-tr-group'][1]/div 
2020-08-13 17:01:44,191|base_page.py[line:158] INFO:The element ' 1285
otUO2g
Ai4AdT ' was clicked.
2020-08-13 17:01:44,757|base_page.py[line:69] INFO:Had find the element ' Edit ' successful by xpath via value: //div[@class='card']//button[text()=' Edit'] 
2020-08-13 17:01:46,543|base_page.py[line:158] INFO:The element ' Edit ' was clicked.
2020-08-13 17:01:48,557|base_page.py[line:69] INFO:Had find the element '  ' successful by xpath via value: //input[@name='name'] 
2020-08-13 17:01:48,680|base_page.py[line:158] INFO:The element '  ' was clicked.
2020-08-13 17:01:49,693|base_page.py[line:69] INFO:Had find the element '  ' successful by xpath via value: //input[@name='name'] 
2020-08-13 17:01:50,938|base_page.py[line:69] INFO:Had find the element '  ' successful by xpath via value: //input[@name='name'] 
2020-08-13 17:01:51,879|base_page.py[line:69] INFO:Had find the element '  ' successful by xpath via value: //input[@name='name'] 
2020-08-13 17:01:54,514|base_page.py[line:136] INFO:Had type ' BWn5ws ' in inputBox
2020-08-13 17:01:55,098|base_page.py[line:69] INFO:Had find the element '  ' successful by xpath via value: //input[@name='description'] 
2020-08-13 17:01:55,246|base_page.py[line:158] INFO:The element '  ' was clicked.
2020-08-13 17:01:55,802|base_page.py[line:69] INFO:Had find the element '  ' successful by xpath via value: //input[@name='description'] 
2020-08-13 17:01:56,380|base_page.py[line:69] INFO:Had find the element '  ' successful by xpath via value: //input[@name='description'] 
2020-08-13 17:01:57,277|base_page.py[line:69] INFO:Had find the element '  ' successful by xpath via value: //input[@name='description'] 
2020-08-13 17:01:59,696|base_page.py[line:136] INFO:Had type ' rEc8wW ' in inputBox
2020-08-13 17:02:00,382|base_page.py[line:224] INFO:Had find the elements successful by xpath via value: //div[@class='mb-0 card']//div[@class='rt-table']/div[@class='rt-tbody']//div[@class='rt-td'] 
2020-08-13 17:02:32,376|base_page.py[line:69] INFO:Had find the element '  ' successful by xpath via value: //div[@class='modal fade show']//div[@class='glo-row']//input[@id='canRead_139'] 
2020-08-13 17:02:32,952|base_page.py[line:158] INFO:The element '  ' was clicked.
2020-08-13 17:02:33,617|base_page.py[line:69] INFO:Had find the element '  ' successful by xpath via value: //div[@class='modal fade show']//div[@class='glo-row']//input[@id='canUpdate_139'] 
2020-08-13 17:02:34,173|base_page.py[line:158] INFO:The element '  ' was clicked.
2020-08-13 17:02:34,736|base_page.py[line:69] INFO:Had find the element '  ' successful by xpath via value: //div[@class='modal fade show']//div[@class='glo-row']//input[@id='canCreate_139'] 
2020-08-13 17:02:35,319|base_page.py[line:158] INFO:The element '  ' was clicked.
2020-08-13 17:02:35,886|base_page.py[line:69] INFO:Had find the element '  ' successful by xpath via value: //div[@class='modal fade show']//div[@class='glo-row']//input[@id='canDelete_139'] 
2020-08-13 17:02:36,294|base_page.py[line:158] INFO:The element '  ' was clicked.
2020-08-13 17:02:36,872|base_page.py[line:69] INFO:Had find the element '  ' successful by xpath via value: //div[@class='modal fade show']//div[@class='glo-row']//input[@id='canMassUpdate_139'] 
2020-08-13 17:02:37,303|base_page.py[line:158] INFO:The element '  ' was clicked.
2020-08-13 17:02:37,864|base_page.py[line:69] INFO:Had find the element '  ' successful by xpath via value: //div[@class='modal fade show']//div[@class='glo-row']//input[@id='canRead_140'] 
2020-08-13 17:02:38,322|base_page.py[line:158] INFO:The element '  ' was clicked.
2020-08-13 17:02:38,907|base_page.py[line:69] INFO:Had find the element '  ' successful by xpath via value: //div[@class='modal fade show']//div[@class='glo-row']//input[@id='canUpdate_140'] 
2020-08-13 17:02:39,318|base_page.py[line:158] INFO:The element '  ' was clicked.
2020-08-13 17:02:39,899|base_page.py[line:69] INFO:Had find the element '  ' successful by xpath via value: //div[@class='modal fade show']//div[@class='glo-row']//input[@id='canCreate_140'] 
2020-08-13 17:02:40,327|base_page.py[line:158] INFO:The element '  ' was clicked.
2020-08-13 17:02:40,897|base_page.py[line:69] INFO:Had find the element '  ' successful by xpath via value: //div[@class='modal fade show']//div[@class='glo-row']//input[@id='canDelete_140'] 
2020-08-13 17:02:41,330|base_page.py[line:158] INFO:The element '  ' was clicked.
2020-08-13 17:02:41,896|base_page.py[line:69] INFO:Had find the element '  ' successful by xpath via value: //div[@class='modal fade show']//div[@class='glo-row']//input[@id='canMassUpdate_140'] 
2020-08-13 17:02:42,290|base_page.py[line:158] INFO:The element '  ' was clicked.
2020-08-13 17:02:42,837|base_page.py[line:69] INFO:Had find the element ' Next ' successful by xpath via value: //button[contains(text(),'Next')] 
2020-08-13 17:02:43,026|base_page.py[line:158] INFO:The element ' Next ' was clicked.
2020-08-13 17:02:43,620|base_page.py[line:69] INFO:Had find the element ' ljc7ua ' successful by xpath via value: //select[@name='assignedUsersSelected']/option[1] 
2020-08-13 17:02:44,167|base_page.py[line:69] INFO:Had find the element ' ljc7ua ' successful by xpath via value: //select[@name='assignedUsersSelected']/option[1] 
2020-08-13 17:02:44,259|base_page.py[line:158] INFO:The element ' ljc7ua ' was clicked.
2020-08-13 17:02:44,815|base_page.py[line:69] INFO:Had find the element ' agrantha ' successful by xpath via value: //select[@name='assignedUsersSelected']/option[2] 
2020-08-13 17:02:45,364|base_page.py[line:69] INFO:Had find the element ' agrantha ' successful by xpath via value: //select[@name='assignedUsersSelected']/option[2] 
2020-08-13 17:02:45,442|base_page.py[line:158] INFO:The element ' agrantha ' was clicked.
2020-08-13 17:02:46,011|base_page.py[line:69] INFO:Had find the element ' Remove ' successful by xpath via value: //button[contains(text(),'Remove')] 
2020-08-13 17:02:46,082|base_page.py[line:158] INFO:The element ' Remove ' was clicked.
2020-08-13 17:02:46,646|base_page.py[line:69] INFO:Had find the element ' Finish ' successful by xpath via value: //button[contains(text(),'Finish')] 
2020-08-13 17:02:46,713|base_page.py[line:158] INFO:The element ' Finish ' was clicked.
2020-08-13 17:02:51,288|base_page.py[line:69] INFO:Had find the element ' Role: BWn5ws updated successfully. ' successful by xpath via value: //div[@role='alert'] 
