2020-06-15 15:32:28,464|browser_engine.py[line:27] INFO:You had select Chrome browser.
2020-06-15 15:32:28,464|browser_engine.py[line:29] INFO:The test server url is: https://rralamotest.z21.web.core.windows.net/
2020-06-15 15:32:31,677|browser_engine.py[line:44] INFO:Starting Chrome browser.
2020-06-15 15:32:32,817|browser_engine.py[line:58] INFO:Maximize the current window.
2020-06-15 15:37:34,990|browser_engine.py[line:27] INFO:You had select Chrome browser.
2020-06-15 15:37:34,990|browser_engine.py[line:29] INFO:The test server url is: https://rralamotest.z21.web.core.windows.net/
2020-06-15 15:37:37,870|browser_engine.py[line:44] INFO:Starting Chrome browser.
2020-06-15 15:37:39,016|browser_engine.py[line:58] INFO:Maximize the current window.
2020-06-15 15:42:39,051|browser_engine.py[line:27] INFO:You had select Chrome browser.
2020-06-15 15:42:39,051|browser_engine.py[line:29] INFO:The test server url is: https://rralamotest.z21.web.core.windows.net/
2020-06-15 15:42:41,768|browser_engine.py[line:44] INFO:Starting Chrome browser.
2020-06-15 15:42:42,934|browser_engine.py[line:58] INFO:Maximize the current window.
2020-06-15 15:43:30,144|browser_engine.py[line:61] INFO:Open url: https://rralamotest.z21.web.core.windows.net/
2020-06-15 15:43:43,125|base_page.py[line:69] ERROR:TimeoutException: selector by xpath ,value xpath=>//div[@class='localAccount']//div[@class='intro']/h2
2020-06-15 15:43:43,662|base_page.py[line:67] INFO:Had find the element ' Sign in with your existing account ' successful by xpath via value: //div[@class='localAccount']//div[@class='intro']/h2 
2020-06-15 15:43:44,222|base_page.py[line:67] INFO:Had find the element '  ' successful by id via value: logonIdentifier 
2020-06-15 15:43:44,262|base_page.py[line:144] INFO:Clear text in input box before typing.
2020-06-15 15:43:44,832|base_page.py[line:67] INFO:Had find the element '  ' successful by id via value: logonIdentifier 
2020-06-15 15:43:45,036|base_page.py[line:134] INFO:Had type ' yan.liu@an-chen.com ' in inputBox
2020-06-15 15:43:45,595|base_page.py[line:67] INFO:Had find the element '  ' successful by id via value: password 
2020-06-15 15:43:45,636|base_page.py[line:144] INFO:Clear text in input box before typing.
2020-06-15 15:43:46,159|base_page.py[line:67] INFO:Had find the element '  ' successful by id via value: password 
2020-06-15 15:43:46,413|base_page.py[line:134] INFO:Had type ' Lychan@2012 ' in inputBox
2020-06-15 15:43:46,973|base_page.py[line:67] INFO:Had find the element ' Sign in ' successful by xpath via value: //div[@class='buttons']/button[text()='Sign in'] 
2020-06-15 15:44:40,241|base_page.py[line:69] ERROR:TimeoutException: selector by xpath ,value xpath=>//div[@id='root']//div[@class='content-heading']
2020-06-15 15:44:40,779|base_page.py[line:67] INFO:Had find the element ' Welcome, yanliu ' successful by xpath via value: //div[@id='root']//div[@class='content-heading'] 
2020-06-15 15:44:40,779|login.py[line:41] INFO:login success
2020-06-15 15:44:53,920|base_page.py[line:69] ERROR:TimeoutException: selector by xpath ,value xpath=>//div[@class='card']//li/a[text()='Entity']
2020-06-15 15:45:04,861|base_page.py[line:69] ERROR:TimeoutException: selector by xpath ,value //div[@class='card']//li/a[text()='Entity']
2020-06-15 15:45:04,861|base_page.py[line:122] ERROR:NoSuchElement selector_by: xpath, selector: //div[@class='card']//li/a[text()='Entity'] 
2020-06-15 15:45:16,097|base_page.py[line:224] ERROR:TimeoutException: selector by xpath ,value //div[@class='card']//div//h4
2020-06-15 15:45:27,327|base_page.py[line:224] ERROR:TimeoutException: selector by xpath ,value //div[@class='card']//div//h4
2020-06-15 15:45:38,543|base_page.py[line:224] ERROR:TimeoutException: selector by xpath ,value //div[@class='card']//div//h4
2020-06-15 15:45:49,766|base_page.py[line:224] ERROR:TimeoutException: selector by xpath ,value //div[@class='card']//div//h4
2020-06-15 15:46:00,956|base_page.py[line:224] ERROR:TimeoutException: selector by xpath ,value //div[@class='card']//div//h4
2020-06-15 15:46:12,179|base_page.py[line:224] ERROR:TimeoutException: selector by xpath ,value //div[@class='card']//div//h4
2020-06-15 15:46:23,416|base_page.py[line:224] ERROR:TimeoutException: selector by xpath ,value //div[@class='card']//div//h4
2020-06-15 15:46:34,620|base_page.py[line:224] ERROR:TimeoutException: selector by xpath ,value //div[@class='card']//div//h4
2020-06-15 15:46:45,864|base_page.py[line:224] ERROR:TimeoutException: selector by xpath ,value //div[@class='card']//div//h4
2020-06-15 15:46:57,071|base_page.py[line:224] ERROR:TimeoutException: selector by xpath ,value //div[@class='card']//div//h4
2020-06-15 15:47:08,279|base_page.py[line:224] ERROR:TimeoutException: selector by xpath ,value //div[@class='card']//div//h4
2020-06-15 15:47:19,475|base_page.py[line:224] ERROR:TimeoutException: selector by xpath ,value //div[@class='card']//div//h4
2020-06-15 15:47:30,708|base_page.py[line:224] ERROR:TimeoutException: selector by xpath ,value //div[@class='card']//div//h4
2020-06-15 15:47:41,893|base_page.py[line:224] ERROR:TimeoutException: selector by xpath ,value //div[@class='card']//div//h4
2020-06-15 15:47:52,950|base_page.py[line:224] ERROR:TimeoutException: selector by xpath ,value //div[@class='card']//div//h4
2020-06-15 15:48:04,084|base_page.py[line:224] ERROR:TimeoutException: selector by xpath ,value //div[@class='card']//div//h4
2020-06-15 15:48:15,402|base_page.py[line:224] ERROR:TimeoutException: selector by xpath ,value //div[@class='card']//div//h4
2020-06-15 15:48:34,557|browser_engine.py[line:73] INFO:Now, Close and quit the browser.
