2020-06-15 09:58:23,676|browser_engine.py[line:27] INFO:You had select Chrome browser.
2020-06-15 09:58:23,676|browser_engine.py[line:29] INFO:The test server url is: https://rr-alamo-dev.azureedge.net/
2020-06-15 09:58:27,492|browser_engine.py[line:44] INFO:Starting Chrome browser.
2020-06-15 09:58:28,742|browser_engine.py[line:58] INFO:Maximize the current window.
2020-06-15 09:58:51,148|browser_engine.py[line:27] INFO:You had select Chrome browser.
2020-06-15 09:58:51,148|browser_engine.py[line:29] INFO:The test server url is: https://rr-alamo-dev.azureedge.net/
2020-06-15 09:58:54,593|browser_engine.py[line:44] INFO:Starting Chrome browser.
2020-06-15 09:58:55,747|browser_engine.py[line:58] INFO:Maximize the current window.
2020-06-15 09:58:57,969|browser_engine.py[line:61] INFO:Open url: https://rr-alamo-dev.azureedge.net/
2020-06-15 09:59:10,814|base_page.py[line:69] ERROR:TimeoutException: selector by xpath ,value xpath=>//div[@class='localAccount']//div[@class='intro']/h2
2020-06-15 09:59:11,427|base_page.py[line:67] INFO:Had find the element ' Sign in with your existing account ' successful by xpath via value: //div[@class='localAccount']//div[@class='intro']/h2 
2020-06-15 09:59:12,030|base_page.py[line:67] INFO:Had find the element '  ' successful by id via value: logonIdentifier 
2020-06-15 09:59:12,130|base_page.py[line:144] INFO:Clear text in input box before typing.
2020-06-15 09:59:12,662|base_page.py[line:67] INFO:Had find the element '  ' successful by id via value: logonIdentifier 
2020-06-15 09:59:12,983|base_page.py[line:134] INFO:Had type ' yan.liu@an-chen.com ' in inputBox
2020-06-15 09:59:13,535|base_page.py[line:67] INFO:Had find the element '  ' successful by id via value: password 
2020-06-15 09:59:13,596|base_page.py[line:144] INFO:Clear text in input box before typing.
2020-06-15 09:59:14,336|base_page.py[line:67] INFO:Had find the element '  ' successful by id via value: password 
2020-06-15 09:59:14,794|base_page.py[line:134] INFO:Had type ' Lychan@2012 ' in inputBox
2020-06-15 09:59:15,326|base_page.py[line:67] INFO:Had find the element ' Sign in ' successful by xpath via value: //div[@class='buttons']/button[text()='Sign in'] 
