2020-06-15 09:28:01,416|browser_engine.py[line:27] INFO:You had select Chrome browser.
2020-06-15 09:28:01,416|browser_engine.py[line:29] INFO:The test server url is: https://rr-alamo-dev.azureedge.net/
2020-06-15 09:28:04,541|browser_engine.py[line:44] INFO:Starting Chrome browser.
2020-06-15 09:28:05,686|browser_engine.py[line:58] INFO:Maximize the current window.
2020-06-15 09:28:17,633|browser_engine.py[line:61] INFO:Open url: https://rr-alamo-dev.azureedge.net/
2020-06-15 09:28:28,627|base_page.py[line:69] ERROR:TimeoutException: selector by xpath ,value xpath=>//div[@class='localAccount']//div[@class='intro']/h2
2020-06-15 09:28:29,186|base_page.py[line:67] INFO:Had find the element ' Sign in with your existing account ' successful by xpath via value: //div[@class='localAccount']//div[@class='intro']/h2 
2020-06-15 09:28:29,732|base_page.py[line:67] INFO:Had find the element '  ' successful by id via value: logonIdentifier 
2020-06-15 09:28:29,769|base_page.py[line:144] INFO:Clear text in input box before typing.
2020-06-15 09:28:30,306|base_page.py[line:67] INFO:Had find the element '  ' successful by id via value: logonIdentifier 
2020-06-15 09:28:30,526|base_page.py[line:134] INFO:Had type ' yan.liu@an-chen.com ' in inputBox
2020-06-15 09:28:31,074|base_page.py[line:67] INFO:Had find the element '  ' successful by id via value: password 
2020-06-15 09:28:31,116|base_page.py[line:144] INFO:Clear text in input box before typing.
2020-06-15 09:28:31,637|base_page.py[line:67] INFO:Had find the element '  ' successful by id via value: password 
2020-06-15 09:28:31,913|base_page.py[line:134] INFO:Had type ' Lychan@2012 ' in inputBox
2020-06-15 09:28:32,444|base_page.py[line:67] INFO:Had find the element ' Sign in ' successful by xpath via value: //div[@class='buttons']/button[text()='Sign in'] 
2020-06-15 09:28:43,424|base_page.py[line:69] ERROR:TimeoutException: selector by xpath ,value xpath=>//div[@id='root']//div[@class='content-heading']
2020-06-15 09:28:43,975|base_page.py[line:67] INFO:Had find the element ' Welcome, yanliu ' successful by xpath via value: //div[@id='root']//div[@class='content-heading'] 
2020-06-15 09:28:43,976|login.py[line:41] INFO:login success
2020-06-15 09:28:44,685|base_page.py[line:67] INFO:Had find the element ' CUSTOMERS ' successful by id via value: customers 
2020-06-15 09:28:44,771|base_page.py[line:156] INFO:The element ' CUSTOMERS ' was clicked.
2020-06-15 09:28:45,303|base_page.py[line:222] INFO:Had find the elements successful by xpath via value: //ul[@class='dropdown-menu multi-level show']/li/a 
2020-06-15 09:28:45,884|base_page.py[line:67] INFO:Had find the element ' New ' successful by xpath via value: //ul[@class='dropdown-menu multi-level show']/li[2]/a 
2020-06-15 09:28:45,981|base_page.py[line:156] INFO:The element ' New ' was clicked.
2020-06-15 09:28:45,981|topMenu.py[line:69] INFO:second_menu: New
2020-06-15 09:28:46,555|base_page.py[line:67] INFO:Had find the element ' Select one...
Person
Organization ' successful by xpath via value: //select[@name='typeName'] 
2020-06-15 09:28:46,647|base_page.py[line:156] INFO:The element ' Select one...
Person
Organization ' was clicked.
2020-06-15 09:28:47,195|base_page.py[line:67] INFO:Had find the element ' Select one...
Person
Organization ' successful by xpath via value: //select[@name='typeName'] 
2020-06-15 09:28:47,850|base_page.py[line:67] INFO:Had find the element ' Select one...
Sole Proprietor
Individual
Household ' successful by xpath via value: //select[@name='entityClass'] 
2020-06-15 09:28:47,959|base_page.py[line:156] INFO:The element ' Select one...
Sole Proprietor
Individual
Household ' was clicked.
2020-06-15 09:28:48,487|base_page.py[line:67] INFO:Had find the element ' Select one...
Sole Proprietor
Individual
Household ' successful by xpath via value: //select[@name='entityClass'] 
2020-06-15 09:28:49,194|base_page.py[line:67] INFO:Had find the element ' Select one...
Mr.
Mrs.
Ms.
Miss
Dr.
Rev.
N/A ' successful by xpath via value: //form[@class='ie-fix-flex']/div[1]//select[@name='salutation'] 
2020-06-15 09:28:49,342|base_page.py[line:156] INFO:The element ' Select one...
Mr.
Mrs.
Ms.
Miss
Dr.
Rev.
N/A ' was clicked.
2020-06-15 09:28:49,902|base_page.py[line:67] INFO:Had find the element ' Select one...
Mr.
Mrs.
Ms.
Miss
Dr.
Rev.
N/A ' successful by xpath via value: //form[@class='ie-fix-flex']/div[1]//select[@name='salutation'] 
2020-06-15 09:28:50,567|base_page.py[line:67] INFO:Had find the element '  ' successful by xpath via value: //form[@class='ie-fix-flex']/div[1]//input[@name='firstName'] 
2020-06-15 09:28:50,961|base_page.py[line:134] INFO:Had type ' UI Individual ' in inputBox
2020-06-15 09:28:51,493|base_page.py[line:67] INFO:Had find the element '  ' successful by xpath via value: //form[@class='ie-fix-flex']/div[1]//input[@name='lastName'] 
2020-06-15 09:28:51,689|base_page.py[line:134] INFO:Had type ' UI Last ' in inputBox
2020-06-15 09:28:52,262|base_page.py[line:67] INFO:Had find the element ' Select one...
Sr.
Jr.
II
III
IV
M.D.
D.D.S.
Ph.D.
et al
et ux
Trustee ' successful by xpath via value: //form[@class='ie-fix-flex']/div[1]//select[@name='suffix'] 
2020-06-15 09:28:52,384|base_page.py[line:156] INFO:The element ' Select one...
Sr.
Jr.
II
III
IV
M.D.
D.D.S.
Ph.D.
et al
et ux
Trustee ' was clicked.
2020-06-15 09:28:52,932|base_page.py[line:67] INFO:Had find the element ' Select one...
Sr.
Jr.
II
III
IV
M.D.
D.D.S.
Ph.D.
et al
et ux
Trustee ' successful by xpath via value: //form[@class='ie-fix-flex']/div[1]//select[@name='suffix'] 
2020-06-15 09:28:53,567|base_page.py[line:67] INFO:Had find the element '  ' successful by xpath via value: //form[@class='ie-fix-flex']/div[2]//div[@class='col-md-8']/div[1]//input[@name='firstName'] 
2020-06-15 09:28:53,851|base_page.py[line:134] INFO:Had type ' contact1 ' in inputBox
2020-06-15 09:28:54,408|base_page.py[line:67] INFO:Had find the element '  ' successful by xpath via value: //form[@class='ie-fix-flex']/div[2]//div[@class='col-md-8']/div[1]//input[@name='lastName'] 
2020-06-15 09:28:54,602|base_page.py[line:134] INFO:Had type ' contact1 ' in inputBox
2020-06-15 09:28:55,194|base_page.py[line:67] INFO:Had find the element ' Select one...
Accountant
Administrator
Agent
Analyst
Assistant
Associate
Bookkeeper
Clerk
Compliance
Consultant
Controller
Coordinator
CPA
Engineer
Executive
Geologist
Judge
Manager
Managing Member
Operator
Owner
Partner
Representative
Self
Specialist
Spouse
Supervisor
Technologist
Trustee
Unknown
BAN Contact
RRAC Contact
President ' successful by xpath via value: //div[@class='col-md-8']/div[1]//select[@name='contactRole'] 
2020-06-15 09:28:55,329|base_page.py[line:156] INFO:The element ' Select one...
Accountant
Administrator
Agent
Analyst
Assistant
Associate
Bookkeeper
Clerk
Compliance
Consultant
Controller
Coordinator
CPA
Engineer
Executive
Geologist
Judge
Manager
Managing Member
Operator
Owner
Partner
Representative
Self
Specialist
Spouse
Supervisor
Technologist
Trustee
Unknown
BAN Contact
RRAC Contact
President ' was clicked.
2020-06-15 09:28:55,911|base_page.py[line:67] INFO:Had find the element ' Select one...
Accountant
Administrator
Agent
Analyst
Assistant
Associate
Bookkeeper
Clerk
Compliance
Consultant
Controller
Coordinator
CPA
Engineer
Executive
Geologist
Judge
Manager
Managing Member
Operator
Owner
Partner
Representative
Self
Specialist
Spouse
Supervisor
Technologist
Trustee
Unknown
BAN Contact
RRAC Contact
President ' successful by xpath via value: //div[@class='col-md-8']/div[1]//select[@name='contactRole'] 
2020-06-15 09:28:56,576|base_page.py[line:67] INFO:Had find the element ' Select one...
Personal
Business
Company
Government
Unknown ' successful by xpath via value: //div[@class='col-md-8']/div[1]//select[@name='emailType'] 
2020-06-15 09:28:56,686|base_page.py[line:156] INFO:The element ' Select one...
Personal
Business
Company
Government
Unknown ' was clicked.
2020-06-15 09:28:57,241|base_page.py[line:67] INFO:Had find the element ' Select one...
Personal
Business
Company
Government
Unknown ' successful by xpath via value: //div[@class='col-md-8']/div[1]//select[@name='emailType'] 
2020-06-15 09:28:57,936|base_page.py[line:67] INFO:Had find the element '  ' successful by xpath via value: //div[@class='col-md-8']/div[1]//input[@name='emailAddress'] 
2020-06-15 09:28:58,266|base_page.py[line:134] INFO:Had type ' test1@qq.com ' in inputBox
2020-06-15 09:28:58,824|base_page.py[line:67] INFO:Had find the element '  ' successful by xpath via value: //div[@class='col-md-8']/div[1]//div[@class='card-body bg-light']/div[1]//input[@name='areaCode'] 
2020-06-15 09:28:58,952|base_page.py[line:134] INFO:Had type ' 111 ' in inputBox
2020-06-15 09:28:59,512|base_page.py[line:67] INFO:Had find the element '  ' successful by xpath via value: //div[@class='col-md-8']/div[1]//div[@class='card-body bg-light']/div[1]//input[@name='phone'] 
2020-06-15 09:28:59,679|base_page.py[line:134] INFO:Had type ' 1111111 ' in inputBox
2020-06-15 09:29:00,247|base_page.py[line:67] INFO:Had find the element ' Select one...
Cell
Fax
Home
Office
Other
Unknown ' successful by xpath via value: //div[@class='col-md-8']/div[1]//div[@class='card-body bg-light']/div[1]//select[@name='phoneType'] 
2020-06-15 09:29:00,362|base_page.py[line:156] INFO:The element ' Select one...
Cell
Fax
Home
Office
Other
Unknown ' was clicked.
2020-06-15 09:29:00,916|base_page.py[line:67] INFO:Had find the element ' Select one...
Cell
Fax
Home
Office
Other
Unknown ' successful by xpath via value: //div[@class='col-md-8']/div[1]//div[@class='card-body bg-light']/div[1]//select[@name='phoneType'] 
2020-06-15 09:29:01,534|base_page.py[line:67] INFO:Had find the element ' Save ' successful by xpath via value: //button[text()='Save'] 
2020-06-15 09:29:01,647|base_page.py[line:156] INFO:The element ' Save ' was clicked.
2020-06-15 09:29:05,734|base_page.py[line:67] INFO:Had find the element '  ' successful by xpath via value: //div[@role='alert'] 
2020-06-15 09:29:06,761|base_page.py[line:67] INFO:Had find the element ' CUSTOMERS ' successful by id via value: customers 
2020-06-15 09:29:06,840|base_page.py[line:156] INFO:The element ' CUSTOMERS ' was clicked.
2020-06-15 09:29:07,370|base_page.py[line:222] INFO:Had find the elements successful by xpath via value: //ul[@class='dropdown-menu multi-level show']/li/a 
2020-06-15 09:29:07,958|base_page.py[line:67] INFO:Had find the element ' New ' successful by xpath via value: //ul[@class='dropdown-menu multi-level show']/li[2]/a 
2020-06-15 09:29:08,091|base_page.py[line:156] INFO:The element ' New ' was clicked.
2020-06-15 09:29:08,091|topMenu.py[line:69] INFO:second_menu: New
2020-06-15 09:29:08,648|base_page.py[line:67] INFO:Had find the element ' Select one...
Person
Organization ' successful by xpath via value: //select[@name='typeName'] 
2020-06-15 09:29:08,736|base_page.py[line:156] INFO:The element ' Select one...
Person
Organization ' was clicked.
2020-06-15 09:29:09,285|base_page.py[line:67] INFO:Had find the element ' Select one...
Person
Organization ' successful by xpath via value: //select[@name='typeName'] 
2020-06-15 09:29:09,919|base_page.py[line:67] INFO:Had find the element ' Select one...
Sole Proprietor
Individual
Household ' successful by xpath via value: //select[@name='entityClass'] 
2020-06-15 09:29:10,039|base_page.py[line:156] INFO:The element ' Select one...
Sole Proprietor
Individual
Household ' was clicked.
2020-06-15 09:29:10,583|base_page.py[line:67] INFO:Had find the element ' Select one...
Sole Proprietor
Individual
Household ' successful by xpath via value: //select[@name='entityClass'] 
2020-06-15 09:29:11,315|base_page.py[line:67] INFO:Had find the element ' Select one...
Mr.
Mrs.
Ms.
Miss
Dr.
Rev.
N/A ' successful by xpath via value: //form[@class='ie-fix-flex']/div[1]//select[@name='salutation'] 
2020-06-15 09:29:11,465|base_page.py[line:156] INFO:The element ' Select one...
Mr.
Mrs.
Ms.
Miss
Dr.
Rev.
N/A ' was clicked.
2020-06-15 09:29:12,013|base_page.py[line:67] INFO:Had find the element ' Select one...
Mr.
Mrs.
Ms.
Miss
Dr.
Rev.
N/A ' successful by xpath via value: //form[@class='ie-fix-flex']/div[1]//select[@name='salutation'] 
2020-06-15 09:29:12,668|base_page.py[line:67] INFO:Had find the element '  ' successful by xpath via value: //form[@class='ie-fix-flex']/div[1]//input[@name='firstName'] 
2020-06-15 09:29:13,018|base_page.py[line:134] INFO:Had type ' UI Individual ' in inputBox
2020-06-15 09:29:13,577|base_page.py[line:67] INFO:Had find the element '  ' successful by xpath via value: //form[@class='ie-fix-flex']/div[1]//input[@name='lastName'] 
2020-06-15 09:29:13,784|base_page.py[line:134] INFO:Had type ' UI Last ' in inputBox
2020-06-15 09:29:14,350|base_page.py[line:67] INFO:Had find the element ' Select one...
Sr.
Jr.
II
III
IV
M.D.
D.D.S.
Ph.D.
et al
et ux
Trustee ' successful by xpath via value: //form[@class='ie-fix-flex']/div[1]//select[@name='suffix'] 
2020-06-15 09:29:14,462|base_page.py[line:156] INFO:The element ' Select one...
Sr.
Jr.
II
III
IV
M.D.
D.D.S.
Ph.D.
et al
et ux
Trustee ' was clicked.
2020-06-15 09:29:14,997|base_page.py[line:67] INFO:Had find the element ' Select one...
Sr.
Jr.
II
III
IV
M.D.
D.D.S.
Ph.D.
et al
et ux
Trustee ' successful by xpath via value: //form[@class='ie-fix-flex']/div[1]//select[@name='suffix'] 
2020-06-15 09:29:15,605|base_page.py[line:67] INFO:Had find the element '  ' successful by xpath via value: //form[@class='ie-fix-flex']/div[2]//div[@class='col-md-8']/div[1]//input[@name='firstName'] 
2020-06-15 09:29:15,868|base_page.py[line:134] INFO:Had type ' contact1 ' in inputBox
2020-06-15 09:29:16,435|base_page.py[line:67] INFO:Had find the element '  ' successful by xpath via value: //form[@class='ie-fix-flex']/div[2]//div[@class='col-md-8']/div[1]//input[@name='lastName'] 
2020-06-15 09:29:16,617|base_page.py[line:134] INFO:Had type ' contact1 ' in inputBox
2020-06-15 09:29:17,222|base_page.py[line:67] INFO:Had find the element ' Select one...
Accountant
Administrator
Agent
Analyst
Assistant
Associate
Bookkeeper
Clerk
Compliance
Consultant
Controller
Coordinator
CPA
Engineer
Executive
Geologist
Judge
Manager
Managing Member
Operator
Owner
Partner
Representative
Self
Specialist
Spouse
Supervisor
Technologist
Trustee
Unknown
BAN Contact
RRAC Contact
President ' successful by xpath via value: //div[@class='col-md-8']/div[1]//select[@name='contactRole'] 
2020-06-15 09:29:17,357|base_page.py[line:156] INFO:The element ' Select one...
Accountant
Administrator
Agent
Analyst
Assistant
Associate
Bookkeeper
Clerk
Compliance
Consultant
Controller
Coordinator
CPA
Engineer
Executive
Geologist
Judge
Manager
Managing Member
Operator
Owner
Partner
Representative
Self
Specialist
Spouse
Supervisor
Technologist
Trustee
Unknown
BAN Contact
RRAC Contact
President ' was clicked.
2020-06-15 09:29:17,933|base_page.py[line:67] INFO:Had find the element ' Select one...
Accountant
Administrator
Agent
Analyst
Assistant
Associate
Bookkeeper
Clerk
Compliance
Consultant
Controller
Coordinator
CPA
Engineer
Executive
Geologist
Judge
Manager
Managing Member
Operator
Owner
Partner
Representative
Self
Specialist
Spouse
Supervisor
Technologist
Trustee
Unknown
BAN Contact
RRAC Contact
President ' successful by xpath via value: //div[@class='col-md-8']/div[1]//select[@name='contactRole'] 
2020-06-15 09:29:18,593|base_page.py[line:67] INFO:Had find the element ' Select one...
Personal
Business
Company
Government
Unknown ' successful by xpath via value: //div[@class='col-md-8']/div[1]//select[@name='emailType'] 
2020-06-15 09:29:18,707|base_page.py[line:156] INFO:The element ' Select one...
Personal
Business
Company
Government
Unknown ' was clicked.
2020-06-15 09:29:19,248|base_page.py[line:67] INFO:Had find the element ' Select one...
Personal
Business
Company
Government
Unknown ' successful by xpath via value: //div[@class='col-md-8']/div[1]//select[@name='emailType'] 
2020-06-15 09:29:19,898|base_page.py[line:67] INFO:Had find the element '  ' successful by xpath via value: //div[@class='col-md-8']/div[1]//input[@name='emailAddress'] 
2020-06-15 09:29:20,223|base_page.py[line:134] INFO:Had type ' test1@qq.com ' in inputBox
2020-06-15 09:29:20,775|base_page.py[line:67] INFO:Had find the element '  ' successful by xpath via value: //div[@class='col-md-8']/div[1]//div[@class='card-body bg-light']/div[1]//input[@name='areaCode'] 
2020-06-15 09:29:20,903|base_page.py[line:134] INFO:Had type ' 111 ' in inputBox
2020-06-15 09:29:21,449|base_page.py[line:67] INFO:Had find the element '  ' successful by xpath via value: //div[@class='col-md-8']/div[1]//div[@class='card-body bg-light']/div[1]//input[@name='phone'] 
2020-06-15 09:29:21,622|base_page.py[line:134] INFO:Had type ' 1111111 ' in inputBox
2020-06-15 09:29:22,190|base_page.py[line:67] INFO:Had find the element ' Select one...
Cell
Fax
Home
Office
Other
Unknown ' successful by xpath via value: //div[@class='col-md-8']/div[1]//div[@class='card-body bg-light']/div[1]//select[@name='phoneType'] 
2020-06-15 09:29:22,308|base_page.py[line:156] INFO:The element ' Select one...
Cell
Fax
Home
Office
Other
Unknown ' was clicked.
2020-06-15 09:29:22,838|base_page.py[line:67] INFO:Had find the element ' Select one...
Cell
Fax
Home
Office
Other
Unknown ' successful by xpath via value: //div[@class='col-md-8']/div[1]//div[@class='card-body bg-light']/div[1]//select[@name='phoneType'] 
2020-06-15 09:29:23,467|base_page.py[line:67] INFO:Had find the element ' Save ' successful by xpath via value: //button[text()='Save'] 
2020-06-15 09:29:23,559|base_page.py[line:156] INFO:The element ' Save ' was clicked.
2020-06-15 09:29:26,125|base_page.py[line:67] INFO:Had find the element ' Entity: UI Individual created successfully. ' successful by xpath via value: //div[@role='alert'] 
2020-06-15 09:29:26,690|base_page.py[line:67] INFO:Had find the element ' CUSTOMERS ' successful by id via value: customers 
2020-06-15 09:29:26,760|base_page.py[line:156] INFO:The element ' CUSTOMERS ' was clicked.
2020-06-15 09:29:27,274|base_page.py[line:222] INFO:Had find the elements successful by xpath via value: //ul[@class='dropdown-menu multi-level show']/li/a 
2020-06-15 09:29:27,866|base_page.py[line:67] INFO:Had find the element ' New ' successful by xpath via value: //ul[@class='dropdown-menu multi-level show']/li[2]/a 
2020-06-15 09:29:27,968|base_page.py[line:156] INFO:The element ' New ' was clicked.
2020-06-15 09:29:27,968|topMenu.py[line:69] INFO:second_menu: New
2020-06-15 09:29:28,526|base_page.py[line:67] INFO:Had find the element ' Select one...
Person
Organization ' successful by xpath via value: //select[@name='typeName'] 
2020-06-15 09:29:28,626|base_page.py[line:156] INFO:The element ' Select one...
Person
Organization ' was clicked.
2020-06-15 09:29:29,174|base_page.py[line:67] INFO:Had find the element ' Select one...
Person
Organization ' successful by xpath via value: //select[@name='typeName'] 
2020-06-15 09:29:29,831|base_page.py[line:67] INFO:Had find the element ' Select one...
Sole Proprietor
Individual
Household ' successful by xpath via value: //select[@name='entityClass'] 
2020-06-15 09:29:29,928|base_page.py[line:156] INFO:The element ' Select one...
Sole Proprietor
Individual
Household ' was clicked.
2020-06-15 09:29:30,474|base_page.py[line:67] INFO:Had find the element ' Select one...
Sole Proprietor
Individual
Household ' successful by xpath via value: //select[@name='entityClass'] 
2020-06-15 09:29:31,188|base_page.py[line:67] INFO:Had find the element '  ' successful by xpath via value: //form[@class='ie-fix-flex']/div[1]//input[@name='fullName'] 
2020-06-15 09:29:31,552|base_page.py[line:134] INFO:Had type ' UI Household ' in inputBox
2020-06-15 09:29:32,112|base_page.py[line:67] INFO:Had find the element '  ' successful by xpath via value: //form[@class='ie-fix-flex']/div[1]//input[@name='defaultSort'] 
2020-06-15 09:29:32,358|base_page.py[line:134] INFO:Had type ' UI Default sort ' in inputBox
2020-06-15 09:29:32,924|base_page.py[line:67] INFO:Had find the element '  ' successful by xpath via value: //form[@class='ie-fix-flex']/div[2]//div[@class='col-md-8']/div[1]//input[@name='firstName'] 
2020-06-15 09:29:33,106|base_page.py[line:134] INFO:Had type ' contact2 ' in inputBox
2020-06-15 09:29:33,675|base_page.py[line:67] INFO:Had find the element '  ' successful by xpath via value: //form[@class='ie-fix-flex']/div[2]//div[@class='col-md-8']/div[1]//input[@name='lastName'] 
2020-06-15 09:29:33,844|base_page.py[line:134] INFO:Had type ' contact2 ' in inputBox
2020-06-15 09:29:34,436|base_page.py[line:67] INFO:Had find the element ' Select one...
Accountant
Administrator
Agent
Analyst
Assistant
Associate
Bookkeeper
Clerk
Compliance
Consultant
Controller
Coordinator
CPA
Engineer
Executive
Geologist
Judge
Manager
Managing Member
Operator
Owner
Partner
Representative
Self
Specialist
Spouse
Supervisor
Technologist
Trustee
Unknown
BAN Contact
RRAC Contact
President ' successful by xpath via value: //div[@class='col-md-8']/div[1]//select[@name='contactRole'] 
2020-06-15 09:29:34,567|base_page.py[line:156] INFO:The element ' Select one...
Accountant
Administrator
Agent
Analyst
Assistant
Associate
Bookkeeper
Clerk
Compliance
Consultant
Controller
Coordinator
CPA
Engineer
Executive
Geologist
Judge
Manager
Managing Member
Operator
Owner
Partner
Representative
Self
Specialist
Spouse
Supervisor
Technologist
Trustee
Unknown
BAN Contact
RRAC Contact
President ' was clicked.
2020-06-15 09:29:35,123|base_page.py[line:67] INFO:Had find the element ' Select one...
Accountant
Administrator
Agent
Analyst
Assistant
Associate
Bookkeeper
Clerk
Compliance
Consultant
Controller
Coordinator
CPA
Engineer
Executive
Geologist
Judge
Manager
Managing Member
Operator
Owner
Partner
Representative
Self
Specialist
Spouse
Supervisor
Technologist
Trustee
Unknown
BAN Contact
RRAC Contact
President ' successful by xpath via value: //div[@class='col-md-8']/div[1]//select[@name='contactRole'] 
2020-06-15 09:29:35,773|base_page.py[line:67] INFO:Had find the element ' Select one...
Personal
Business
Company
Government
Unknown ' successful by xpath via value: //div[@class='col-md-8']/div[1]//select[@name='emailType'] 
2020-06-15 09:29:35,878|base_page.py[line:156] INFO:The element ' Select one...
Personal
Business
Company
Government
Unknown ' was clicked.
2020-06-15 09:29:36,429|base_page.py[line:67] INFO:Had find the element ' Select one...
Personal
Business
Company
Government
Unknown ' successful by xpath via value: //div[@class='col-md-8']/div[1]//select[@name='emailType'] 
2020-06-15 09:29:37,070|base_page.py[line:67] INFO:Had find the element '  ' successful by xpath via value: //div[@class='col-md-8']/div[1]//input[@name='emailAddress'] 
2020-06-15 09:29:37,350|base_page.py[line:134] INFO:Had type ' test2@qq.com ' in inputBox
2020-06-15 09:29:37,907|base_page.py[line:67] INFO:Had find the element '  ' successful by xpath via value: //div[@class='col-md-8']/div[1]//div[@class='card-body bg-light']/div[1]//input[@name='areaCode'] 
2020-06-15 09:29:38,052|base_page.py[line:134] INFO:Had type ' 222 ' in inputBox
2020-06-15 09:29:38,603|base_page.py[line:67] INFO:Had find the element '  ' successful by xpath via value: //div[@class='col-md-8']/div[1]//div[@class='card-body bg-light']/div[1]//input[@name='phone'] 
2020-06-15 09:29:38,769|base_page.py[line:134] INFO:Had type ' 2222222 ' in inputBox
2020-06-15 09:29:39,333|base_page.py[line:67] INFO:Had find the element ' Select one...
Cell
Fax
Home
Office
Other
Unknown ' successful by xpath via value: //div[@class='col-md-8']/div[1]//div[@class='card-body bg-light']/div[1]//select[@name='phoneType'] 
2020-06-15 09:29:39,445|base_page.py[line:156] INFO:The element ' Select one...
Cell
Fax
Home
Office
Other
Unknown ' was clicked.
2020-06-15 09:29:39,999|base_page.py[line:67] INFO:Had find the element ' Select one...
Cell
Fax
Home
Office
Other
Unknown ' successful by xpath via value: //div[@class='col-md-8']/div[1]//div[@class='card-body bg-light']/div[1]//select[@name='phoneType'] 
2020-06-15 09:29:40,638|base_page.py[line:67] INFO:Had find the element ' Save ' successful by xpath via value: //button[text()='Save'] 
2020-06-15 09:29:40,731|base_page.py[line:156] INFO:The element ' Save ' was clicked.
2020-06-15 09:29:43,286|base_page.py[line:67] INFO:Had find the element ' Entity: undefined created successfully. ' successful by xpath via value: //div[@role='alert'] 
2020-06-15 09:29:43,859|base_page.py[line:67] INFO:Had find the element ' CUSTOMERS ' successful by id via value: customers 
2020-06-15 09:29:43,948|base_page.py[line:156] INFO:The element ' CUSTOMERS ' was clicked.
2020-06-15 09:29:44,464|base_page.py[line:222] INFO:Had find the elements successful by xpath via value: //ul[@class='dropdown-menu multi-level show']/li/a 
2020-06-15 09:29:45,027|base_page.py[line:67] INFO:Had find the element ' New ' successful by xpath via value: //ul[@class='dropdown-menu multi-level show']/li[2]/a 
2020-06-15 09:29:45,125|base_page.py[line:156] INFO:The element ' New ' was clicked.
2020-06-15 09:29:45,126|topMenu.py[line:69] INFO:second_menu: New
2020-06-15 09:29:45,691|base_page.py[line:67] INFO:Had find the element ' Select one...
Person
Organization ' successful by xpath via value: //select[@name='typeName'] 
2020-06-15 09:29:45,806|base_page.py[line:156] INFO:The element ' Select one...
Person
Organization ' was clicked.
2020-06-15 09:29:46,334|base_page.py[line:67] INFO:Had find the element ' Select one...
Person
Organization ' successful by xpath via value: //select[@name='typeName'] 
2020-06-15 09:29:46,958|base_page.py[line:67] INFO:Had find the element ' Select one...
Company
Government
Trust/Estate ' successful by xpath via value: //select[@name='entityClass'] 
2020-06-15 09:29:47,067|base_page.py[line:156] INFO:The element ' Select one...
Company
Government
Trust/Estate ' was clicked.
2020-06-15 09:29:47,597|base_page.py[line:67] INFO:Had find the element ' Select one...
Company
Government
Trust/Estate ' successful by xpath via value: //select[@name='entityClass'] 
2020-06-15 09:29:48,271|base_page.py[line:67] INFO:Had find the element '  ' successful by xpath via value: //form[@class='ie-fix-flex']/div[1]//input[@name='organizationName'] 
2020-06-15 09:29:48,562|base_page.py[line:134] INFO:Had type ' UI Company ' in inputBox
2020-06-15 09:29:49,145|base_page.py[line:67] INFO:Had find the element ' Select one...
Incorporated
Limited Liability Company
Limited Liability Partnership
Limited Partnership
General Partnership ' successful by xpath via value: //form[@class='ie-fix-flex']/div[1]//select[@name='subClassName'] 
2020-06-15 09:29:49,254|base_page.py[line:156] INFO:The element ' Select one...
Incorporated
Limited Liability Company
Limited Liability Partnership
Limited Partnership
General Partnership ' was clicked.
2020-06-15 09:29:49,786|base_page.py[line:67] INFO:Had find the element ' Select one...
Incorporated
Limited Liability Company
Limited Liability Partnership
Limited Partnership
General Partnership ' successful by xpath via value: //form[@class='ie-fix-flex']/div[1]//select[@name='subClassName'] 
2020-06-15 09:29:50,491|base_page.py[line:67] INFO:Had find the element ' Select one...
AK
AL
AR
AZ
CA
CO
CT
DC
DE
FL
GA
HI
IA
ID
IL
IN
KS
KY
LA
MA
MD
ME
MI
MN
MO
MS
MT
NC
ND
NE
NH
NJ
NM
NV
NY
OH
OK
OR
PA
RI
SC
SD
TN
TX
UT
VA
VT
WA
WI
WV
WY
ON
NL
BC ' successful by xpath via value: //form[@class='ie-fix-flex']/div[1]//select[@name='stateOfIncorporation'] 
2020-06-15 09:29:50,668|base_page.py[line:156] INFO:The element ' Select one...
AK
AL
AR
AZ
CA
CO
CT
DC
DE
FL
GA
HI
IA
ID
IL
IN
KS
KY
LA
MA
MD
ME
MI
MN
MO
MS
MT
NC
ND
NE
NH
NJ
NM
NV
NY
OH
OK
OR
PA
RI
SC
SD
TN
TX
UT
VA
VT
WA
WI
WV
WY
ON
NL
BC ' was clicked.
2020-06-15 09:29:51,271|base_page.py[line:67] INFO:Had find the element ' Select one...
AK
AL
AR
AZ
CA
CO
CT
DC
DE
FL
GA
HI
IA
ID
IL
IN
KS
KY
LA
MA
MD
ME
MI
MN
MO
MS
MT
NC
ND
NE
NH
NJ
NM
NV
NY
OH
OK
OR
PA
RI
SC
SD
TN
TX
UT
VA
VT
WA
WI
WV
WY
ON
NL
BC ' successful by xpath via value: //form[@class='ie-fix-flex']/div[1]//select[@name='stateOfIncorporation'] 
2020-06-15 09:29:51,907|base_page.py[line:67] INFO:Had find the element '  ' successful by xpath via value: //form[@class='ie-fix-flex']/div[2]//div[@class='col-md-8']/div[1]//input[@name='firstName'] 
2020-06-15 09:29:52,142|base_page.py[line:134] INFO:Had type ' contact3 ' in inputBox
2020-06-15 09:29:52,695|base_page.py[line:67] INFO:Had find the element '  ' successful by xpath via value: //form[@class='ie-fix-flex']/div[2]//div[@class='col-md-8']/div[1]//input[@name='lastName'] 
2020-06-15 09:29:52,857|base_page.py[line:134] INFO:Had type ' contact3 ' in inputBox
2020-06-15 09:29:53,469|base_page.py[line:67] INFO:Had find the element ' Select one...
Accountant
Administrator
Agent
Analyst
Assistant
Associate
Bookkeeper
Clerk
Compliance
Consultant
Controller
Coordinator
CPA
Engineer
Executive
Geologist
Judge
Manager
Managing Member
Operator
Owner
Partner
Representative
Self
Specialist
Spouse
Supervisor
Technologist
Trustee
Unknown
BAN Contact
RRAC Contact
President ' successful by xpath via value: //div[@class='col-md-8']/div[1]//select[@name='contactRole'] 
2020-06-15 09:29:53,603|base_page.py[line:156] INFO:The element ' Select one...
Accountant
Administrator
Agent
Analyst
Assistant
Associate
Bookkeeper
Clerk
Compliance
Consultant
Controller
Coordinator
CPA
Engineer
Executive
Geologist
Judge
Manager
Managing Member
Operator
Owner
Partner
Representative
Self
Specialist
Spouse
Supervisor
Technologist
Trustee
Unknown
BAN Contact
RRAC Contact
President ' was clicked.
2020-06-15 09:29:54,159|base_page.py[line:67] INFO:Had find the element ' Select one...
Accountant
Administrator
Agent
Analyst
Assistant
Associate
Bookkeeper
Clerk
Compliance
Consultant
Controller
Coordinator
CPA
Engineer
Executive
Geologist
Judge
Manager
Managing Member
Operator
Owner
Partner
Representative
Self
Specialist
Spouse
Supervisor
Technologist
Trustee
Unknown
BAN Contact
RRAC Contact
President ' successful by xpath via value: //div[@class='col-md-8']/div[1]//select[@name='contactRole'] 
2020-06-15 09:29:54,815|base_page.py[line:67] INFO:Had find the element ' Select one...
Personal
Business
Company
Government
Unknown ' successful by xpath via value: //div[@class='col-md-8']/div[1]//select[@name='emailType'] 
2020-06-15 09:29:54,915|base_page.py[line:156] INFO:The element ' Select one...
Personal
Business
Company
Government
Unknown ' was clicked.
2020-06-15 09:29:55,457|base_page.py[line:67] INFO:Had find the element ' Select one...
Personal
Business
Company
Government
Unknown ' successful by xpath via value: //div[@class='col-md-8']/div[1]//select[@name='emailType'] 
2020-06-15 09:29:56,124|base_page.py[line:67] INFO:Had find the element '  ' successful by xpath via value: //div[@class='col-md-8']/div[1]//input[@name='emailAddress'] 
2020-06-15 09:29:56,403|base_page.py[line:134] INFO:Had type ' test3@qq.com ' in inputBox
2020-06-15 09:29:56,966|base_page.py[line:67] INFO:Had find the element '  ' successful by xpath via value: //div[@class='col-md-8']/div[1]//div[@class='card-body bg-light']/div[1]//input[@name='areaCode'] 
2020-06-15 09:29:57,083|base_page.py[line:134] INFO:Had type ' 333 ' in inputBox
2020-06-15 09:29:57,643|base_page.py[line:67] INFO:Had find the element '  ' successful by xpath via value: //div[@class='col-md-8']/div[1]//div[@class='card-body bg-light']/div[1]//input[@name='phone'] 
2020-06-15 09:29:57,813|base_page.py[line:134] INFO:Had type ' 3333333 ' in inputBox
2020-06-15 09:29:58,378|base_page.py[line:67] INFO:Had find the element ' Select one...
Cell
Fax
Home
Office
Other
Unknown ' successful by xpath via value: //div[@class='col-md-8']/div[1]//div[@class='card-body bg-light']/div[1]//select[@name='phoneType'] 
2020-06-15 09:29:58,491|base_page.py[line:156] INFO:The element ' Select one...
Cell
Fax
Home
Office
Other
Unknown ' was clicked.
2020-06-15 09:29:59,051|base_page.py[line:67] INFO:Had find the element ' Select one...
Cell
Fax
Home
Office
Other
Unknown ' successful by xpath via value: //div[@class='col-md-8']/div[1]//div[@class='card-body bg-light']/div[1]//select[@name='phoneType'] 
2020-06-15 09:29:59,689|base_page.py[line:67] INFO:Had find the element ' Save ' successful by xpath via value: //button[text()='Save'] 
2020-06-15 09:29:59,778|base_page.py[line:156] INFO:The element ' Save ' was clicked.
2020-06-15 09:30:02,341|base_page.py[line:67] INFO:Had find the element ' Entity: undefined created successfully. ' successful by xpath via value: //div[@role='alert'] 
2020-06-15 09:30:02,909|base_page.py[line:67] INFO:Had find the element ' CUSTOMERS ' successful by id via value: customers 
2020-06-15 09:30:02,988|base_page.py[line:156] INFO:The element ' CUSTOMERS ' was clicked.
2020-06-15 09:30:03,518|base_page.py[line:222] INFO:Had find the elements successful by xpath via value: //ul[@class='dropdown-menu multi-level show']/li/a 
2020-06-15 09:30:04,102|base_page.py[line:67] INFO:Had find the element ' New ' successful by xpath via value: //ul[@class='dropdown-menu multi-level show']/li[2]/a 
2020-06-15 09:30:04,209|base_page.py[line:156] INFO:The element ' New ' was clicked.
2020-06-15 09:30:04,210|topMenu.py[line:69] INFO:second_menu: New
2020-06-15 09:30:04,765|base_page.py[line:67] INFO:Had find the element ' Select one...
Person
Organization ' successful by xpath via value: //select[@name='typeName'] 
2020-06-15 09:30:04,886|base_page.py[line:156] INFO:The element ' Select one...
Person
Organization ' was clicked.
2020-06-15 09:30:05,420|base_page.py[line:67] INFO:Had find the element ' Select one...
Person
Organization ' successful by xpath via value: //select[@name='typeName'] 
2020-06-15 09:30:06,087|base_page.py[line:67] INFO:Had find the element ' Select one...
Company
Government
Trust/Estate ' successful by xpath via value: //select[@name='entityClass'] 
2020-06-15 09:30:06,192|base_page.py[line:156] INFO:The element ' Select one...
Company
Government
Trust/Estate ' was clicked.
2020-06-15 09:30:06,721|base_page.py[line:67] INFO:Had find the element ' Select one...
Company
Government
Trust/Estate ' successful by xpath via value: //select[@name='entityClass'] 
2020-06-15 09:30:07,372|base_page.py[line:67] INFO:Had find the element '  ' successful by xpath via value: //form[@class='ie-fix-flex']/div[1]//input[@name='organizationName'] 
2020-06-15 09:30:07,706|base_page.py[line:134] INFO:Had type ' UI Trust/Estate ' in inputBox
2020-06-15 09:30:08,332|base_page.py[line:67] INFO:Had find the element ' Select one...
AK
AL
AR
AZ
CA
CO
CT
DC
DE
FL
GA
HI
IA
ID
IL
IN
KS
KY
LA
MA
MD
ME
MI
MN
MO
MS
MT
NC
ND
NE
NH
NJ
NM
NV
NY
OH
OK
OR
PA
RI
SC
SD
TN
TX
UT
VA
VT
WA
WI
WV
WY
ON
NL
BC ' successful by xpath via value: //form[@class='ie-fix-flex']/div[1]//select[@name='stateOfIncorporation'] 
2020-06-15 09:30:08,477|base_page.py[line:156] INFO:The element ' Select one...
AK
AL
AR
AZ
CA
CO
CT
DC
DE
FL
GA
HI
IA
ID
IL
IN
KS
KY
LA
MA
MD
ME
MI
MN
MO
MS
MT
NC
ND
NE
NH
NJ
NM
NV
NY
OH
OK
OR
PA
RI
SC
SD
TN
TX
UT
VA
VT
WA
WI
WV
WY
ON
NL
BC ' was clicked.
2020-06-15 09:30:09,086|base_page.py[line:67] INFO:Had find the element ' Select one...
AK
AL
AR
AZ
CA
CO
CT
DC
DE
FL
GA
HI
IA
ID
IL
IN
KS
KY
LA
MA
MD
ME
MI
MN
MO
MS
MT
NC
ND
NE
NH
NJ
NM
NV
NY
OH
OK
OR
PA
RI
SC
SD
TN
TX
UT
VA
VT
WA
WI
WV
WY
ON
NL
BC ' successful by xpath via value: //form[@class='ie-fix-flex']/div[1]//select[@name='stateOfIncorporation'] 
2020-06-15 09:30:09,736|base_page.py[line:67] INFO:Had find the element '  ' successful by xpath via value: //form[@class='ie-fix-flex']/div[2]//div[@class='col-md-8']/div[1]//input[@name='firstName'] 
2020-06-15 09:30:10,040|base_page.py[line:134] INFO:Had type ' contact4 ' in inputBox
2020-06-15 09:30:10,607|base_page.py[line:67] INFO:Had find the element '  ' successful by xpath via value: //form[@class='ie-fix-flex']/div[2]//div[@class='col-md-8']/div[1]//input[@name='lastName'] 
2020-06-15 09:30:10,796|base_page.py[line:134] INFO:Had type ' contact4 ' in inputBox
2020-06-15 09:30:11,371|base_page.py[line:67] INFO:Had find the element ' Select one...
Accountant
Administrator
Agent
Analyst
Assistant
Associate
Bookkeeper
Clerk
Compliance
Consultant
Controller
Coordinator
CPA
Engineer
Executive
Geologist
Judge
Manager
Managing Member
Operator
Owner
Partner
Representative
Self
Specialist
Spouse
Supervisor
Technologist
Trustee
Unknown
BAN Contact
RRAC Contact
President ' successful by xpath via value: //div[@class='col-md-8']/div[1]//select[@name='contactRole'] 
2020-06-15 09:30:11,542|base_page.py[line:156] INFO:The element ' Select one...
Accountant
Administrator
Agent
Analyst
Assistant
Associate
Bookkeeper
Clerk
Compliance
Consultant
Controller
Coordinator
CPA
Engineer
Executive
Geologist
Judge
Manager
Managing Member
Operator
Owner
Partner
Representative
Self
Specialist
Spouse
Supervisor
Technologist
Trustee
Unknown
BAN Contact
RRAC Contact
President ' was clicked.
2020-06-15 09:30:12,128|base_page.py[line:67] INFO:Had find the element ' Select one...
Accountant
Administrator
Agent
Analyst
Assistant
Associate
Bookkeeper
Clerk
Compliance
Consultant
Controller
Coordinator
CPA
Engineer
Executive
Geologist
Judge
Manager
Managing Member
Operator
Owner
Partner
Representative
Self
Specialist
Spouse
Supervisor
Technologist
Trustee
Unknown
BAN Contact
RRAC Contact
President ' successful by xpath via value: //div[@class='col-md-8']/div[1]//select[@name='contactRole'] 
2020-06-15 09:30:12,769|base_page.py[line:67] INFO:Had find the element ' Select one...
Personal
Business
Company
Government
Unknown ' successful by xpath via value: //div[@class='col-md-8']/div[1]//select[@name='emailType'] 
2020-06-15 09:30:12,872|base_page.py[line:156] INFO:The element ' Select one...
Personal
Business
Company
Government
Unknown ' was clicked.
2020-06-15 09:30:13,419|base_page.py[line:67] INFO:Had find the element ' Select one...
Personal
Business
Company
Government
Unknown ' successful by xpath via value: //div[@class='col-md-8']/div[1]//select[@name='emailType'] 
2020-06-15 09:30:14,074|base_page.py[line:67] INFO:Had find the element '  ' successful by xpath via value: //div[@class='col-md-8']/div[1]//input[@name='emailAddress'] 
2020-06-15 09:30:14,381|base_page.py[line:134] INFO:Had type ' test4@qq.com ' in inputBox
2020-06-15 09:30:14,956|base_page.py[line:67] INFO:Had find the element '  ' successful by xpath via value: //div[@class='col-md-8']/div[1]//div[@class='card-body bg-light']/div[1]//input[@name='areaCode'] 
2020-06-15 09:30:15,081|base_page.py[line:134] INFO:Had type ' 444 ' in inputBox
2020-06-15 09:30:15,613|base_page.py[line:67] INFO:Had find the element '  ' successful by xpath via value: //div[@class='col-md-8']/div[1]//div[@class='card-body bg-light']/div[1]//input[@name='phone'] 
2020-06-15 09:30:15,773|base_page.py[line:134] INFO:Had type ' 4444444 ' in inputBox
2020-06-15 09:30:16,340|base_page.py[line:67] INFO:Had find the element ' Select one...
Cell
Fax
Home
Office
Other
Unknown ' successful by xpath via value: //div[@class='col-md-8']/div[1]//div[@class='card-body bg-light']/div[1]//select[@name='phoneType'] 
2020-06-15 09:30:16,443|base_page.py[line:156] INFO:The element ' Select one...
Cell
Fax
Home
Office
Other
Unknown ' was clicked.
2020-06-15 09:30:16,995|base_page.py[line:67] INFO:Had find the element ' Select one...
Cell
Fax
Home
Office
Other
Unknown ' successful by xpath via value: //div[@class='col-md-8']/div[1]//div[@class='card-body bg-light']/div[1]//select[@name='phoneType'] 
2020-06-15 09:30:17,629|base_page.py[line:67] INFO:Had find the element ' Save ' successful by xpath via value: //button[text()='Save'] 
2020-06-15 09:30:17,722|base_page.py[line:156] INFO:The element ' Save ' was clicked.
2020-06-15 09:30:20,269|base_page.py[line:67] INFO:Had find the element ' Entity: undefined created successfully. ' successful by xpath via value: //div[@role='alert'] 
2020-06-15 09:30:21,209|base_page.py[line:67] INFO:Had find the element ' History ' successful by xpath via value: //div[@class='btn-toolbar']/button[text()='History'] 
2020-06-15 09:30:21,331|base_page.py[line:156] INFO:The element ' History ' was clicked.
2020-06-15 09:30:22,882|base_page.py[line:67] INFO:Had find the element ' History for TblBusinessEntity ' successful by xpath via value: //h4[@class='modal-title'] 
2020-06-15 09:30:23,460|base_page.py[line:67] INFO:Had find the element ' × ' successful by xpath via value: //button[@class='close'] 
2020-06-15 09:30:34,329|base_page.py[line:69] ERROR:TimeoutException: selector by xpath ,value xpath=>//div[@class='card']//li/a[text()='Entity']
2020-06-15 09:30:34,890|base_page.py[line:67] INFO:Had find the element ' Entity ' successful by xpath via value: //div[@class='card']//li/a[text()='Entity'] 
2020-06-15 09:30:35,046|base_page.py[line:156] INFO:The element ' Entity ' was clicked.
2020-06-15 09:30:35,566|base_page.py[line:222] INFO:Had find the elements successful by xpath via value: //div[@class='card']//div//h4 
2020-06-15 09:30:36,129|base_page.py[line:67] INFO:Had find the element ' Customer Summary ' successful by xpath via value: //div[@class='card']//div//h4[text()='Customer Summary'] 
2020-06-15 09:30:36,701|base_page.py[line:67] INFO:Had find the element ' Details ' successful by xpath via value: //div[@class='glo-row']/div[1]//button[text()=' Details'] 
2020-06-15 09:30:36,856|base_page.py[line:156] INFO:The element ' Details ' was clicked.
2020-06-15 09:30:37,380|base_page.py[line:67] INFO:Had find the element '  ' successful by xpath via value: //h4[@class='modal-title'] 
2020-06-15 09:30:37,931|base_page.py[line:67] INFO:Had find the element ' × ' successful by xpath via value: //button[@class='close'] 
2020-06-15 09:30:38,489|base_page.py[line:222] INFO:Had find the elements successful by xpath via value: //div[@class='card']//div//h4 
2020-06-15 09:30:39,037|base_page.py[line:67] INFO:Had find the element ' Customer Summary ' successful by xpath via value: //div[@class='card']//div//h4[text()='Customer Summary'] 
2020-06-15 09:30:39,607|base_page.py[line:67] INFO:Had find the element ' History ' successful by xpath via value: //div[@class='glo-row']/div[1]//button[text()=' History'] 
2020-06-15 09:30:39,752|base_page.py[line:156] INFO:The element ' History ' was clicked.
2020-06-15 09:30:40,280|base_page.py[line:67] INFO:Had find the element '  ' successful by xpath via value: //h4[@class='modal-title'] 
2020-06-15 09:30:40,843|base_page.py[line:67] INFO:Had find the element ' × ' successful by xpath via value: //button[@class='close'] 
2020-06-15 09:30:41,393|base_page.py[line:222] INFO:Had find the elements successful by xpath via value: //div[@class='card']//div//h4 
2020-06-15 09:30:41,943|base_page.py[line:67] INFO:Had find the element ' Customer Summary ' successful by xpath via value: //div[@class='card']//div//h4[text()='Customer Summary'] 
2020-06-15 09:30:42,515|base_page.py[line:67] INFO:Had find the element ' Edit ' successful by xpath via value: //div[@class='glo-row']/div[1]//button[text()=' Edit'] 
2020-06-15 09:30:42,631|base_page.py[line:156] INFO:The element ' Edit ' was clicked.
2020-06-15 09:30:43,165|base_page.py[line:67] INFO:Had find the element ' Select one...
Person
Organization ' successful by xpath via value: //select[@name='typeName'] 
2020-06-15 09:30:43,260|base_page.py[line:156] INFO:The element ' Select one...
Person
Organization ' was clicked.
2020-06-15 09:30:43,805|base_page.py[line:67] INFO:Had find the element ' Select one...
Person
Organization ' successful by xpath via value: //select[@name='typeName'] 
2020-06-15 09:30:44,438|base_page.py[line:67] INFO:Had find the element ' Select one...
Company
Government
Trust/Estate ' successful by xpath via value: //select[@name='entityClass'] 
2020-06-15 09:30:44,536|base_page.py[line:156] INFO:The element ' Select one...
Company
Government
Trust/Estate ' was clicked.
2020-06-15 09:30:45,057|base_page.py[line:67] INFO:Had find the element ' Select one...
Company
Government
Trust/Estate ' successful by xpath via value: //select[@name='entityClass'] 
2020-06-15 09:30:45,682|base_page.py[line:67] INFO:Had find the element '  ' successful by xpath via value: //input[@name='organizationName'] 
2020-06-15 09:30:45,784|base_page.py[line:156] INFO:The element '  ' was clicked.
2020-06-15 09:30:46,323|base_page.py[line:67] INFO:Had find the element '  ' successful by xpath via value: //input[@name='organizationName'] 
2020-06-15 09:30:46,912|base_page.py[line:67] INFO:Had find the element '  ' successful by xpath via value: //input[@name='organizationName'] 
2020-06-15 09:30:47,498|base_page.py[line:67] INFO:Had find the element '  ' successful by xpath via value: //input[@name='organizationName'] 
2020-06-15 09:30:47,753|base_page.py[line:134] INFO:Had type ' UI Edit Company ' in inputBox
2020-06-15 09:30:48,330|base_page.py[line:67] INFO:Had find the element ' Select one...
Incorporated
Limited Liability Company
Limited Liability Partnership
Limited Partnership
General Partnership ' successful by xpath via value: //select[@name='subClassName'] 
2020-06-15 09:30:48,422|base_page.py[line:156] INFO:The element ' Select one...
Incorporated
Limited Liability Company
Limited Liability Partnership
Limited Partnership
General Partnership ' was clicked.
2020-06-15 09:30:48,972|base_page.py[line:67] INFO:Had find the element ' Select one...
Incorporated
Limited Liability Company
Limited Liability Partnership
Limited Partnership
General Partnership ' successful by xpath via value: //select[@name='subClassName'] 
2020-06-15 09:30:49,661|base_page.py[line:67] INFO:Had find the element ' Select one...
AK
AL
AR
AZ
CA
CO
CT
DC
DE
FL
GA
HI
IA
ID
IL
IN
KS
KY
LA
MA
MD
ME
MI
MN
MO
MS
MT
NC
ND
NE
NH
NJ
NM
NV
NY
OH
OK
OR
PA
RI
SC
SD
TN
TX
UT
VA
VT
WA
WI
WV
WY
ON
NL
BC ' successful by xpath via value: //select[@name='stateOfIncorporation'] 
2020-06-15 09:30:49,813|base_page.py[line:156] INFO:The element ' Select one...
AK
AL
AR
AZ
CA
CO
CT
DC
DE
FL
GA
HI
IA
ID
IL
IN
KS
KY
LA
MA
MD
ME
MI
MN
MO
MS
MT
NC
ND
NE
NH
NJ
NM
NV
NY
OH
OK
OR
PA
RI
SC
SD
TN
TX
UT
VA
VT
WA
WI
WV
WY
ON
NL
BC ' was clicked.
2020-06-15 09:30:50,419|base_page.py[line:67] INFO:Had find the element ' Select one...
AK
AL
AR
AZ
CA
CO
CT
DC
DE
FL
GA
HI
IA
ID
IL
IN
KS
KY
LA
MA
MD
ME
MI
MN
MO
MS
MT
NC
ND
NE
NH
NJ
NM
NV
NY
OH
OK
OR
PA
RI
SC
SD
TN
TX
UT
VA
VT
WA
WI
WV
WY
ON
NL
BC ' successful by xpath via value: //select[@name='stateOfIncorporation'] 
2020-06-15 09:30:51,037|base_page.py[line:67] INFO:Had find the element ' Save ' successful by xpath via value: //button[text()='Save'] 
2020-06-15 09:30:51,119|base_page.py[line:156] INFO:The element ' Save ' was clicked.
2020-06-15 09:30:53,661|base_page.py[line:67] INFO:Had find the element ' Entity: undefined: updated successfully. ' successful by xpath via value: //div[@role='alert'] 
2020-06-15 09:31:04,564|base_page.py[line:69] ERROR:TimeoutException: selector by xpath ,value xpath=>//div[@class='card']//li/a[text()='Entity']
2020-06-15 09:31:05,110|base_page.py[line:67] INFO:Had find the element ' Entity ' successful by xpath via value: //div[@class='card']//li/a[text()='Entity'] 
2020-06-15 09:31:05,235|base_page.py[line:156] INFO:The element ' Entity ' was clicked.
2020-06-15 09:31:05,763|base_page.py[line:222] INFO:Had find the elements successful by xpath via value: //div[@class='card']//div//h4 
2020-06-15 09:31:06,370|base_page.py[line:67] INFO:Had find the element ' Addresses ' successful by xpath via value: //div[@class='card']//div//h4[text()='Addresses'] 
2020-06-15 09:31:06,939|base_page.py[line:67] INFO:Had find the element ' New ' successful by xpath via value: //div[@class='glo-row']/div[2]//button[text()=' New'] 
2020-06-15 09:31:07,084|base_page.py[line:156] INFO:The element ' New ' was clicked.
2020-06-15 09:31:07,621|base_page.py[line:67] INFO:Had find the element ' Select one...
Consultant
Home
Office
Mailing
Billing-Mineral
Unknown ' successful by xpath via value: //select[@name='addressType'] 
2020-06-15 09:31:07,720|base_page.py[line:156] INFO:The element ' Select one...
Consultant
Home
Office
Mailing
Billing-Mineral
Unknown ' was clicked.
2020-06-15 09:31:08,272|base_page.py[line:67] INFO:Had find the element ' Select one...
Consultant
Home
Office
Mailing
Billing-Mineral
Unknown ' successful by xpath via value: //select[@name='addressType'] 
2020-06-15 09:31:08,949|base_page.py[line:67] INFO:Had find the element '  ' successful by xpath via value: //input[@name='address1'] 
2020-06-15 09:31:09,119|base_page.py[line:156] INFO:The element '  ' was clicked.
2020-06-15 09:31:09,636|base_page.py[line:67] INFO:Had find the element '  ' successful by xpath via value: //input[@name='address1'] 
2020-06-15 09:31:10,184|base_page.py[line:67] INFO:Had find the element '  ' successful by xpath via value: //input[@name='address1'] 
2020-06-15 09:31:10,741|base_page.py[line:67] INFO:Had find the element '  ' successful by xpath via value: //input[@name='address1'] 
2020-06-15 09:31:10,927|base_page.py[line:134] INFO:Had type ' Address ' in inputBox
2020-06-15 09:31:11,462|base_page.py[line:67] INFO:Had find the element '  ' successful by xpath via value: //input[@name='city'] 
2020-06-15 09:31:11,537|base_page.py[line:156] INFO:The element '  ' was clicked.
2020-06-15 09:31:12,059|base_page.py[line:67] INFO:Had find the element '  ' successful by xpath via value: //input[@name='city'] 
2020-06-15 09:31:12,610|base_page.py[line:67] INFO:Had find the element '  ' successful by xpath via value: //input[@name='city'] 
2020-06-15 09:31:13,156|base_page.py[line:67] INFO:Had find the element '  ' successful by xpath via value: //input[@name='city'] 
2020-06-15 09:31:13,341|base_page.py[line:134] INFO:Had type ' changsha ' in inputBox
2020-06-15 09:31:13,945|base_page.py[line:67] INFO:Had find the element ' Select one...
AK
AL
AR
AZ
CA
CO
CT
DC
DE
FL
GA
HI
IA
ID
IL
IN
KS
KY
LA
MA
MD
ME
MI
MN
MO
MS
MT
NC
ND
NE
NH
NJ
NM
NV
NY
OH
OK
OR
PA
RI
SC
SD
TN
TX
UT
VA
VT
WA
WI
WV
WY
ON
NL
BC ' successful by xpath via value: //select[@name='stateCode'] 
2020-06-15 09:31:14,133|base_page.py[line:156] INFO:The element ' Select one...
AK
AL
AR
AZ
CA
CO
CT
DC
DE
FL
GA
HI
IA
ID
IL
IN
KS
KY
LA
MA
MD
ME
MI
MN
MO
MS
MT
NC
ND
NE
NH
NJ
NM
NV
NY
OH
OK
OR
PA
RI
SC
SD
TN
TX
UT
VA
VT
WA
WI
WV
WY
ON
NL
BC ' was clicked.
2020-06-15 09:31:14,837|base_page.py[line:67] INFO:Had find the element ' Select one...
AK
AL
AR
AZ
CA
CO
CT
DC
DE
FL
GA
HI
IA
ID
IL
IN
KS
KY
LA
MA
MD
ME
MI
MN
MO
MS
MT
NC
ND
NE
NH
NJ
NM
NV
NY
OH
OK
OR
PA
RI
SC
SD
TN
TX
UT
VA
VT
WA
WI
WV
WY
ON
NL
BC ' successful by xpath via value: //select[@name='stateCode'] 
2020-06-15 09:31:16,026|base_page.py[line:67] INFO:Had find the element ' Save ' successful by xpath via value: //button[text()='Save'] 
2020-06-15 09:31:16,172|base_page.py[line:156] INFO:The element ' Save ' was clicked.
2020-06-15 09:31:18,723|base_page.py[line:67] INFO:Had find the element ' Address: : Address created successfully. ' successful by xpath via value: //div[@role='alert'] 
2020-06-15 09:31:19,246|base_page.py[line:222] INFO:Had find the elements successful by xpath via value: //div[@class='card']//div//h4 
2020-06-15 09:31:19,837|base_page.py[line:67] INFO:Had find the element ' Addresses ' successful by xpath via value: //div[@class='card']//div//h4[text()='Addresses'] 
2020-06-15 09:31:20,378|base_page.py[line:222] INFO:Had find the elements successful by xpath via value: //div[@class='glo-row']/div[2]//div[@class='glo-row']//div[@class='rt-tr-group'] 
2020-06-15 09:31:20,955|base_page.py[line:67] INFO:Had find the element ' Address
changsha
AK
Home ' successful by xpath via value: //div[@class='glo-row']/div[2]//div[@class='glo-row']//div[@class='rt-tr-group'][1]/div 
2020-06-15 09:31:21,505|base_page.py[line:67] INFO:Had find the element ' Address
changsha
AK
Home ' successful by xpath via value: //div[@class='glo-row']/div[2]//div[@class='glo-row']//div[@class='rt-tr-group'][1]/div 
2020-06-15 09:31:21,630|base_page.py[line:156] INFO:The element ' Address
changsha
AK
Home ' was clicked.
2020-06-15 09:31:22,183|base_page.py[line:67] INFO:Had find the element ' Details ' successful by xpath via value: //div[@class='glo-row']/div[2]//button[text()=' Details'] 
2020-06-15 09:31:22,295|base_page.py[line:156] INFO:The element ' Details ' was clicked.
