2020-06-15 09:47:52,638|browser_engine.py[line:27] INFO:You had select Chrome browser.
2020-06-15 09:47:52,639|browser_engine.py[line:29] INFO:The test server url is: https://rr-alamo-dev.azureedge.net/
2020-06-15 09:47:55,735|browser_engine.py[line:44] INFO:Starting Chrome browser.
2020-06-15 09:47:57,071|browser_engine.py[line:58] INFO:Maximize the current window.
2020-06-15 09:48:00,527|browser_engine.py[line:61] INFO:Open url: https://rr-alamo-dev.azureedge.net/
2020-06-15 09:48:11,367|base_page.py[line:69] ERROR:TimeoutException: selector by xpath ,value xpath=>//div[@class='localAccount']//div[@class='intro']/h2
2020-06-15 09:48:11,922|base_page.py[line:67] INFO:Had find the element ' Sign in with your existing account ' successful by xpath via value: //div[@class='localAccount']//div[@class='intro']/h2 
2020-06-15 09:48:12,483|base_page.py[line:67] INFO:Had find the element '  ' successful by id via value: logonIdentifier 
2020-06-15 09:48:12,541|base_page.py[line:144] INFO:Clear text in input box before typing.
2020-06-15 09:48:13,069|base_page.py[line:67] INFO:Had find the element '  ' successful by id via value: logonIdentifier 
2020-06-15 09:48:13,305|base_page.py[line:134] INFO:Had type ' yan.liu@an-chen.com ' in inputBox
2020-06-15 09:48:13,856|base_page.py[line:67] INFO:Had find the element '  ' successful by id via value: password 
2020-06-15 09:48:13,905|base_page.py[line:144] INFO:Clear text in input box before typing.
2020-06-15 09:48:14,444|base_page.py[line:67] INFO:Had find the element '  ' successful by id via value: password 
2020-06-15 09:48:14,639|base_page.py[line:134] INFO:Had type ' Lychan@2012 ' in inputBox
2020-06-15 09:48:15,186|base_page.py[line:67] INFO:Had find the element ' Sign in ' successful by xpath via value: //div[@class='buttons']/button[text()='Sign in'] 
2020-06-15 09:48:25,822|base_page.py[line:69] ERROR:TimeoutException: selector by xpath ,value xpath=>//div[@id='root']//div[@class='content-heading']
2020-06-15 09:48:26,365|base_page.py[line:67] INFO:Had find the element ' Welcome, yanliu ' successful by xpath via value: //div[@id='root']//div[@class='content-heading'] 
2020-06-15 09:48:26,365|login.py[line:41] INFO:login success
2020-06-15 09:48:37,295|base_page.py[line:69] ERROR:TimeoutException: selector by xpath ,value //div[@class='btn-toolbar']/button[text()='History']
2020-06-15 09:48:37,295|base_page.py[line:122] ERROR:NoSuchElement selector_by: xpath, selector: //div[@class='btn-toolbar']/button[text()='History'] 
