2020-08-05 16:38:21,020|browser_engine.py[line:26] INFO:You had select Chrome browser.
2020-08-05 16:38:21,020|browser_engine.py[line:28] INFO:The test server url is: https://rr-alamo-test.azureedge.net
2020-08-05 16:38:23,866|browser_engine.py[line:42] INFO:Starting Chrome browser.
2020-08-05 16:38:25,043|browser_engine.py[line:56] INFO:Maximize the current window.
2020-08-05 16:38:33,069|browser_engine.py[line:59] INFO:Open url: https://rr-alamo-test.azureedge.net
2020-08-05 16:38:43,948|base_page.py[line:68] ERROR:TimeoutException: selector by xpath ,value xpath=>//div[@class='localAccount']//div[@class='intro']/h2
2020-08-05 16:38:44,519|base_page.py[line:66] INFO:Had find the element ' Sign in with your existing account ' successful by xpath via value: //div[@class='localAccount']//div[@class='intro']/h2 
2020-08-05 16:38:45,083|base_page.py[line:66] INFO:Had find the element '  ' successful by id via value: logonIdentifier 
2020-08-05 16:38:45,129|base_page.py[line:143] INFO:Clear text in input box before typing.
2020-08-05 16:38:45,664|base_page.py[line:66] INFO:Had find the element '  ' successful by id via value: logonIdentifier 
2020-08-05 16:38:45,821|base_page.py[line:133] INFO:Had type ' yan.liu@an-chen.com ' in inputBox
2020-08-05 16:38:46,382|base_page.py[line:66] INFO:Had find the element '  ' successful by id via value: password 
2020-08-05 16:38:46,420|base_page.py[line:143] INFO:Clear text in input box before typing.
2020-08-05 16:38:46,944|base_page.py[line:66] INFO:Had find the element '  ' successful by id via value: password 
2020-08-05 16:38:47,079|base_page.py[line:133] INFO:Had type ' Lychan@2012 ' in inputBox
2020-08-05 16:38:47,615|base_page.py[line:66] INFO:Had find the element ' Sign in ' successful by xpath via value: //div[@class='buttons']/button[text()='Sign in'] 
2020-08-05 16:38:52,959|base_page.py[line:66] INFO:Had find the element ' Welcome, yanliu ' successful by xpath via value: //div[@id='root']//div[@class='content-heading'] 
2020-08-05 16:38:52,960|login.py[line:41] INFO:login success
2020-08-05 16:38:55,579|base_page.py[line:66] INFO:Had find the element ' MANAGE ' successful by id via value: manage 
2020-08-05 16:38:55,663|base_page.py[line:155] INFO:The element ' MANAGE ' was clicked.
2020-08-05 16:38:56,194|base_page.py[line:221] INFO:Had find the elements successful by xpath via value: //ul[@class='dropdown-menu multi-level show']/li/a 
2020-08-05 16:38:56,771|base_page.py[line:66] INFO:Had find the element ' Authorization Management ' successful by xpath via value: //ul[@class='dropdown-menu multi-level show']/li[1]/a 
2020-08-05 16:38:56,911|base_page.py[line:155] INFO:The element ' Authorization Management ' was clicked.
2020-08-05 16:38:56,912|topMenu.py[line:70] INFO:second_menu: Authorization Management
2020-08-05 16:38:57,474|base_page.py[line:66] INFO:Had find the element ' New ' successful by xpath via value: //div[@class='card']//button[text()=' New'] 
2020-08-05 16:38:57,590|base_page.py[line:155] INFO:The element ' New ' was clicked.
2020-08-05 16:38:58,133|base_page.py[line:66] INFO:Had find the element '  ' successful by xpath via value: //input[@name='name'] 
2020-08-05 16:38:58,223|base_page.py[line:155] INFO:The element '  ' was clicked.
2020-08-05 16:38:58,757|base_page.py[line:66] INFO:Had find the element '  ' successful by xpath via value: //input[@name='name'] 
2020-08-05 16:38:59,315|base_page.py[line:66] INFO:Had find the element '  ' successful by xpath via value: //input[@name='name'] 
2020-08-05 16:38:59,884|base_page.py[line:66] INFO:Had find the element '  ' successful by xpath via value: //input[@name='name'] 
2020-08-05 16:39:00,089|base_page.py[line:133] INFO:Had type ' XLnuB7 ' in inputBox
2020-08-05 16:39:01,231|base_page.py[line:66] INFO:Had find the element '  ' successful by xpath via value: //input[@name='description'] 
2020-08-05 16:39:01,318|base_page.py[line:155] INFO:The element '  ' was clicked.
2020-08-05 16:39:02,297|base_page.py[line:66] INFO:Had find the element '  ' successful by xpath via value: //input[@name='description'] 
2020-08-05 16:39:02,862|base_page.py[line:66] INFO:Had find the element '  ' successful by xpath via value: //input[@name='description'] 
2020-08-05 16:39:03,432|base_page.py[line:66] INFO:Had find the element '  ' successful by xpath via value: //input[@name='description'] 
2020-08-05 16:39:05,135|base_page.py[line:133] INFO:Had type ' P6snc5 ' in inputBox
2020-08-05 16:39:05,722|base_page.py[line:221] INFO:Had find the elements successful by xpath via value: //div[@class='mb-0 card']//div[@class='rt-table']/div[@class='rt-tbody']//div[@class='rt-td'] 
2020-08-05 16:39:32,160|base_page.py[line:68] ERROR:TimeoutException: selector by xpath ,value //div[@class='modal fade show']//div[@class='glo-row']//input[@id='can0_Read']
2020-08-05 16:39:32,160|base_page.py[line:121] ERROR:NoSuchElement selector_by: xpath, selector: //div[@class='modal fade show']//div[@class='glo-row']//input[@id='can0_Read'] 
2020-08-05 16:39:32,746|base_page.py[line:66] INFO:Had find the element ' 1210
QOljAw
h4l4jw ' successful by xpath via value: //div[@class='card']//div[@class='glo-row']//div[@class='rt-tr-group'][1]/div 
2020-08-05 16:39:33,313|base_page.py[line:66] INFO:Had find the element ' 1210
QOljAw
h4l4jw ' successful by xpath via value: //div[@class='card']//div[@class='glo-row']//div[@class='rt-tr-group'][1]/div 
2020-08-05 16:39:45,424|base_page.py[line:68] ERROR:TimeoutException: selector by xpath ,value xpath=>//div[@class='card']//li/a[text()='Users']
2020-08-05 16:39:45,965|base_page.py[line:66] INFO:Had find the element ' Users ' successful by xpath via value: //div[@class='card']//li/a[text()='Users'] 
