2020-08-05 17:25:48,850|browser_engine.py[line:26] INFO:You had select Chrome browser.
2020-08-05 17:25:48,851|browser_engine.py[line:28] INFO:The test server url is: https://rr-alamo-test.azureedge.net
2020-08-05 17:25:52,121|browser_engine.py[line:42] INFO:Starting Chrome browser.
2020-08-05 17:25:53,259|browser_engine.py[line:56] INFO:Maximize the current window.
2020-08-05 17:26:37,881|browser_engine.py[line:59] INFO:Open url: https://rr-alamo-test.azureedge.net
2020-08-05 17:26:48,598|base_page.py[line:68] ERROR:TimeoutException: selector by xpath ,value xpath=>//div[@class='localAccount']//div[@class='intro']/h2
2020-08-05 17:26:49,149|base_page.py[line:66] INFO:Had find the element ' Sign in with your existing account ' successful by xpath via value: //div[@class='localAccount']//div[@class='intro']/h2 
2020-08-05 17:26:49,693|base_page.py[line:66] INFO:Had find the element '  ' successful by id via value: logonIdentifier 
2020-08-05 17:26:49,732|base_page.py[line:143] INFO:Clear text in input box before typing.
2020-08-05 17:26:50,271|base_page.py[line:66] INFO:Had find the element '  ' successful by id via value: logonIdentifier 
2020-08-05 17:26:50,538|base_page.py[line:133] INFO:Had type ' yan.liu@an-chen.com ' in inputBox
2020-08-05 17:26:51,083|base_page.py[line:66] INFO:Had find the element '  ' successful by id via value: password 
2020-08-05 17:26:51,120|base_page.py[line:143] INFO:Clear text in input box before typing.
2020-08-05 17:26:51,644|base_page.py[line:66] INFO:Had find the element '  ' successful by id via value: password 
2020-08-05 17:26:51,933|base_page.py[line:133] INFO:Had type ' Lychan@2012 ' in inputBox
2020-08-05 17:26:52,473|base_page.py[line:66] INFO:Had find the element ' Sign in ' successful by xpath via value: //div[@class='buttons']/button[text()='Sign in'] 
2020-08-05 17:26:59,165|base_page.py[line:66] INFO:Had find the element ' Welcome, yanliu ' successful by xpath via value: //div[@id='root']//div[@class='content-heading'] 
2020-08-05 17:26:59,165|login.py[line:41] INFO:login success
2020-08-05 17:27:01,742|base_page.py[line:66] INFO:Had find the element ' MANAGE ' successful by id via value: manage 
2020-08-05 17:27:01,819|base_page.py[line:155] INFO:The element ' MANAGE ' was clicked.
2020-08-05 17:27:02,337|base_page.py[line:221] INFO:Had find the elements successful by xpath via value: //ul[@class='dropdown-menu multi-level show']/li/a 
2020-08-05 17:27:02,905|base_page.py[line:66] INFO:Had find the element ' Authorization Management ' successful by xpath via value: //ul[@class='dropdown-menu multi-level show']/li[1]/a 
2020-08-05 17:27:03,038|base_page.py[line:155] INFO:The element ' Authorization Management ' was clicked.
2020-08-05 17:27:03,038|topMenu.py[line:70] INFO:second_menu: Authorization Management
2020-08-05 17:27:04,574|base_page.py[line:66] INFO:Had find the element ' New ' successful by xpath via value: //div[@class='card']//button[text()=' New'] 
2020-08-05 17:27:04,702|base_page.py[line:155] INFO:The element ' New ' was clicked.
2020-08-05 17:27:05,241|base_page.py[line:66] INFO:Had find the element '  ' successful by xpath via value: //input[@name='name'] 
2020-08-05 17:27:05,354|base_page.py[line:155] INFO:The element '  ' was clicked.
2020-08-05 17:27:05,884|base_page.py[line:66] INFO:Had find the element '  ' successful by xpath via value: //input[@name='name'] 
2020-08-05 17:27:07,029|base_page.py[line:66] INFO:Had find the element '  ' successful by xpath via value: //input[@name='name'] 
2020-08-05 17:27:07,584|base_page.py[line:66] INFO:Had find the element '  ' successful by xpath via value: //input[@name='name'] 
2020-08-05 17:27:09,302|base_page.py[line:133] INFO:Had type ' qlmmjM ' in inputBox
2020-08-05 17:27:09,854|base_page.py[line:66] INFO:Had find the element '  ' successful by xpath via value: //input[@name='description'] 
2020-08-05 17:27:09,928|base_page.py[line:155] INFO:The element '  ' was clicked.
2020-08-05 17:27:10,471|base_page.py[line:66] INFO:Had find the element '  ' successful by xpath via value: //input[@name='description'] 
2020-08-05 17:27:11,039|base_page.py[line:66] INFO:Had find the element '  ' successful by xpath via value: //input[@name='description'] 
2020-08-05 17:27:11,606|base_page.py[line:66] INFO:Had find the element '  ' successful by xpath via value: //input[@name='description'] 
2020-08-05 17:27:13,101|base_page.py[line:133] INFO:Had type ' DxmflA ' in inputBox
2020-08-05 17:27:13,653|base_page.py[line:221] INFO:Had find the elements successful by xpath via value: //div[@class='mb-0 card']//div[@class='rt-table']/div[@class='rt-tbody']//div[@class='rt-td'] 
2020-08-05 17:27:27,864|base_page.py[line:66] INFO:Had find the element '  ' successful by xpath via value: //div[@class='modal fade show']//div[@class='glo-row']//input[@id='canRead_139'] 
2020-08-05 17:27:28,214|base_page.py[line:155] INFO:The element '  ' was clicked.
2020-08-05 17:27:28,763|base_page.py[line:66] INFO:Had find the element '  ' successful by xpath via value: //div[@class='modal fade show']//div[@class='glo-row']//input[@id='canUpdate_139'] 
2020-08-05 17:27:29,064|base_page.py[line:155] INFO:The element '  ' was clicked.
2020-08-05 17:27:29,610|base_page.py[line:66] INFO:Had find the element '  ' successful by xpath via value: //div[@class='modal fade show']//div[@class='glo-row']//input[@id='canCreate_139'] 
2020-08-05 17:27:29,898|base_page.py[line:155] INFO:The element '  ' was clicked.
2020-08-05 17:27:30,471|base_page.py[line:66] INFO:Had find the element '  ' successful by xpath via value: //div[@class='modal fade show']//div[@class='glo-row']//input[@id='canDelete_139'] 
2020-08-05 17:27:30,779|base_page.py[line:155] INFO:The element '  ' was clicked.
2020-08-05 17:27:31,342|base_page.py[line:66] INFO:Had find the element '  ' successful by xpath via value: //div[@class='modal fade show']//div[@class='glo-row']//input[@id='canMassUpdate_139'] 
2020-08-05 17:27:31,627|base_page.py[line:155] INFO:The element '  ' was clicked.
2020-08-05 17:27:32,174|base_page.py[line:66] INFO:Had find the element '  ' successful by xpath via value: //div[@class='modal fade show']//div[@class='glo-row']//input[@id='canRead_141'] 
2020-08-05 17:27:32,468|base_page.py[line:155] INFO:The element '  ' was clicked.
2020-08-05 17:27:33,047|base_page.py[line:66] INFO:Had find the element '  ' successful by xpath via value: //div[@class='modal fade show']//div[@class='glo-row']//input[@id='canUpdate_141'] 
2020-08-05 17:27:33,335|base_page.py[line:155] INFO:The element '  ' was clicked.
2020-08-05 17:27:33,909|base_page.py[line:66] INFO:Had find the element '  ' successful by xpath via value: //div[@class='modal fade show']//div[@class='glo-row']//input[@id='canCreate_141'] 
2020-08-05 17:27:34,197|base_page.py[line:155] INFO:The element '  ' was clicked.
2020-08-05 17:27:34,768|base_page.py[line:66] INFO:Had find the element '  ' successful by xpath via value: //div[@class='modal fade show']//div[@class='glo-row']//input[@id='canDelete_141'] 
2020-08-05 17:27:35,111|base_page.py[line:155] INFO:The element '  ' was clicked.
2020-08-05 17:27:35,692|base_page.py[line:66] INFO:Had find the element '  ' successful by xpath via value: //div[@class='modal fade show']//div[@class='glo-row']//input[@id='canMassUpdate_141'] 
2020-08-05 17:27:35,977|base_page.py[line:155] INFO:The element '  ' was clicked.
2020-08-05 17:27:36,557|base_page.py[line:66] INFO:Had find the element ' Next ' successful by xpath via value: //button[contains(text(),'Next')] 
2020-08-05 17:27:36,712|base_page.py[line:155] INFO:The element ' Next ' was clicked.
2020-08-05 17:27:37,285|base_page.py[line:66] INFO:Had find the element ' ljc7ua ' successful by xpath via value: //select[@name='availableUsersSelected']/option[1] 
2020-08-05 17:27:37,871|base_page.py[line:66] INFO:Had find the element '  ' successful by xpath via value: //input[@class='form-control'] 
2020-08-05 17:27:38,069|base_page.py[line:133] INFO:Had type ' ljc7ua ' in inputBox
2020-08-05 17:27:38,640|base_page.py[line:66] INFO:Had find the element ' ljc7ua ' successful by xpath via value: //select[@name='availableUsersSelected'] 
2020-08-05 17:27:39,290|base_page.py[line:66] INFO:Had find the element '     Add     ' successful by xpath via value: //button[contains(text(),'Add')] 
2020-08-05 17:27:39,366|base_page.py[line:155] INFO:The element '     Add     ' was clicked.
2020-08-05 17:27:39,919|base_page.py[line:66] INFO:Had find the element ' Finish ' successful by xpath via value: //button[contains(text(),'Finish')] 
2020-08-05 17:27:39,992|base_page.py[line:155] INFO:The element ' Finish ' was clicked.
2020-08-05 17:27:44,560|base_page.py[line:66] INFO:Had find the element ' Role: qlmmjM created successfully. ' successful by xpath via value: //div[@role='alert'] 
2020-08-05 17:27:46,152|base_page.py[line:66] INFO:Had find the element ' 1231
qlmmjM
DxmflA ' successful by xpath via value: //div[@class='card']//div[@class='glo-row']//div[@class='rt-tr-group'][1]/div 
2020-08-05 17:27:46,696|base_page.py[line:66] INFO:Had find the element ' 1231
qlmmjM
DxmflA ' successful by xpath via value: //div[@class='card']//div[@class='glo-row']//div[@class='rt-tr-group'][1]/div 
2020-08-05 17:27:46,787|base_page.py[line:155] INFO:The element ' 1231
qlmmjM
DxmflA ' was clicked.
2020-08-05 17:27:47,348|base_page.py[line:66] INFO:Had find the element ' Edit ' successful by xpath via value: //div[@class='card']//button[text()=' Edit'] 
2020-08-05 17:27:48,618|base_page.py[line:155] INFO:The element ' Edit ' was clicked.
2020-08-05 17:27:49,369|base_page.py[line:66] INFO:Had find the element '  ' successful by xpath via value: //input[@name='name'] 
2020-08-05 17:27:49,454|base_page.py[line:155] INFO:The element '  ' was clicked.
2020-08-05 17:27:49,981|base_page.py[line:66] INFO:Had find the element '  ' successful by xpath via value: //input[@name='name'] 
2020-08-05 17:27:50,538|base_page.py[line:66] INFO:Had find the element '  ' successful by xpath via value: //input[@name='name'] 
2020-08-05 17:27:51,353|base_page.py[line:66] INFO:Had find the element '  ' successful by xpath via value: //input[@name='name'] 
2020-08-05 17:27:53,025|base_page.py[line:133] INFO:Had type ' 3eAf2O ' in inputBox
2020-08-05 17:27:53,594|base_page.py[line:66] INFO:Had find the element '  ' successful by xpath via value: //input[@name='description'] 
2020-08-05 17:27:53,673|base_page.py[line:155] INFO:The element '  ' was clicked.
2020-08-05 17:27:54,219|base_page.py[line:66] INFO:Had find the element '  ' successful by xpath via value: //input[@name='description'] 
2020-08-05 17:27:54,798|base_page.py[line:66] INFO:Had find the element '  ' successful by xpath via value: //input[@name='description'] 
2020-08-05 17:27:55,603|base_page.py[line:66] INFO:Had find the element '  ' successful by xpath via value: //input[@name='description'] 
2020-08-05 17:27:57,050|base_page.py[line:133] INFO:Had type ' DgnvUt ' in inputBox
2020-08-05 17:27:57,622|base_page.py[line:221] INFO:Had find the elements successful by xpath via value: //div[@class='mb-0 card']//div[@class='rt-table']/div[@class='rt-tbody']//div[@class='rt-td'] 
2020-08-05 17:28:17,641|base_page.py[line:66] INFO:Had find the element '  ' successful by xpath via value: //div[@class='modal fade show']//div[@class='glo-row']//input[@id='canRead_139'] 
2020-08-05 17:28:18,044|base_page.py[line:155] INFO:The element '  ' was clicked.
2020-08-05 17:28:18,624|base_page.py[line:66] INFO:Had find the element '  ' successful by xpath via value: //div[@class='modal fade show']//div[@class='glo-row']//input[@id='canUpdate_139'] 
2020-08-05 17:28:18,938|base_page.py[line:155] INFO:The element '  ' was clicked.
2020-08-05 17:28:19,528|base_page.py[line:66] INFO:Had find the element '  ' successful by xpath via value: //div[@class='modal fade show']//div[@class='glo-row']//input[@id='canCreate_139'] 
2020-08-05 17:28:19,821|base_page.py[line:155] INFO:The element '  ' was clicked.
2020-08-05 17:28:20,452|base_page.py[line:66] INFO:Had find the element '  ' successful by xpath via value: //div[@class='modal fade show']//div[@class='glo-row']//input[@id='canDelete_139'] 
2020-08-05 17:28:20,844|base_page.py[line:155] INFO:The element '  ' was clicked.
2020-08-05 17:28:21,409|base_page.py[line:66] INFO:Had find the element '  ' successful by xpath via value: //div[@class='modal fade show']//div[@class='glo-row']//input[@id='canMassUpdate_139'] 
2020-08-05 17:28:21,697|base_page.py[line:155] INFO:The element '  ' was clicked.
2020-08-05 17:28:22,277|base_page.py[line:66] INFO:Had find the element '  ' successful by xpath via value: //div[@class='modal fade show']//div[@class='glo-row']//input[@id='canRead_140'] 
2020-08-05 17:28:22,651|base_page.py[line:155] INFO:The element '  ' was clicked.
2020-08-05 17:28:23,212|base_page.py[line:66] INFO:Had find the element '  ' successful by xpath via value: //div[@class='modal fade show']//div[@class='glo-row']//input[@id='canUpdate_140'] 
2020-08-05 17:28:23,483|base_page.py[line:155] INFO:The element '  ' was clicked.
2020-08-05 17:28:24,054|base_page.py[line:66] INFO:Had find the element '  ' successful by xpath via value: //div[@class='modal fade show']//div[@class='glo-row']//input[@id='canCreate_140'] 
2020-08-05 17:28:24,332|base_page.py[line:155] INFO:The element '  ' was clicked.
2020-08-05 17:28:24,909|base_page.py[line:66] INFO:Had find the element '  ' successful by xpath via value: //div[@class='modal fade show']//div[@class='glo-row']//input[@id='canDelete_140'] 
2020-08-05 17:28:25,192|base_page.py[line:155] INFO:The element '  ' was clicked.
2020-08-05 17:28:25,775|base_page.py[line:66] INFO:Had find the element '  ' successful by xpath via value: //div[@class='modal fade show']//div[@class='glo-row']//input[@id='canMassUpdate_140'] 
2020-08-05 17:28:26,091|base_page.py[line:155] INFO:The element '  ' was clicked.
2020-08-05 17:28:26,635|base_page.py[line:66] INFO:Had find the element ' Users ' successful by xpath via value: //div[@class='mb-0 card']//li/a[text()='Users'] 
2020-08-05 17:28:26,756|base_page.py[line:155] INFO:The element ' Users ' was clicked.
2020-08-05 17:28:27,315|base_page.py[line:66] INFO:Had find the element ' ljc7ua ' successful by xpath via value: //select[@name='assignedUsersSelected'] 
2020-08-05 17:28:27,964|base_page.py[line:66] INFO:Had find the element ' Remove ' successful by xpath via value: //button[contains(text(),'Remove')] 
2020-08-05 17:28:28,035|base_page.py[line:155] INFO:The element ' Remove ' was clicked.
2020-08-05 17:28:28,610|base_page.py[line:66] INFO:Had find the element ' Finish ' successful by xpath via value: //button[contains(text(),'Finish')] 
2020-08-05 17:28:28,674|base_page.py[line:155] INFO:The element ' Finish ' was clicked.
2020-08-05 17:28:33,231|base_page.py[line:66] INFO:Had find the element ' Role: 3eAf2O updated successfully. ' successful by xpath via value: //div[@role='alert'] 
2020-08-05 17:28:44,165|base_page.py[line:68] ERROR:TimeoutException: selector by xpath ,value xpath=>//div[@class='card']//li/a[text()='Users']
2020-08-05 17:28:44,730|base_page.py[line:66] INFO:Had find the element ' Users ' successful by xpath via value: //div[@class='card']//li/a[text()='Users'] 
2020-08-05 17:28:44,854|base_page.py[line:155] INFO:The element ' Users ' was clicked.
2020-08-05 17:28:46,414|base_page.py[line:66] INFO:Had find the element ' 1kkmEl
G6Z2oJ
n6sj52
Changsha
Professional Services ' successful by xpath via value: //div[@class='card']//div[@class='glo-row']//div[@class='rt-tr-group'][1]/div 
2020-08-05 17:28:46,984|base_page.py[line:66] INFO:Had find the element ' 1kkmEl
G6Z2oJ
n6sj52
Changsha
Professional Services ' successful by xpath via value: //div[@class='card']//div[@class='glo-row']//div[@class='rt-tr-group'][1]/div 
2020-08-05 17:28:47,089|base_page.py[line:155] INFO:The element ' 1kkmEl
G6Z2oJ
n6sj52
Changsha
Professional Services ' was clicked.
2020-08-05 17:28:47,652|base_page.py[line:66] INFO:Had find the element ' Edit ' successful by xpath via value: //div[@class='card']//button[text()=' Edit'] 
2020-08-05 17:28:47,735|base_page.py[line:155] INFO:The element ' Edit ' was clicked.
2020-08-05 17:28:48,287|base_page.py[line:66] INFO:Had find the element '  ' successful by xpath via value: //input[@name='userName'] 
2020-08-05 17:28:48,373|base_page.py[line:155] INFO:The element '  ' was clicked.
2020-08-05 17:28:48,918|base_page.py[line:66] INFO:Had find the element '  ' successful by xpath via value: //input[@name='userName'] 
2020-08-05 17:28:49,471|base_page.py[line:66] INFO:Had find the element '  ' successful by xpath via value: //input[@name='userName'] 
2020-08-05 17:28:50,058|base_page.py[line:66] INFO:Had find the element '  ' successful by xpath via value: //input[@name='userName'] 
2020-08-05 17:28:50,250|base_page.py[line:133] INFO:Had type ' NGRats ' in inputBox
2020-08-05 17:28:50,812|base_page.py[line:66] INFO:Had find the element '  ' successful by xpath via value: //input[@name='firstName'] 
2020-08-05 17:28:50,876|base_page.py[line:155] INFO:The element '  ' was clicked.
2020-08-05 17:28:51,444|base_page.py[line:66] INFO:Had find the element '  ' successful by xpath via value: //input[@name='firstName'] 
2020-08-05 17:28:52,087|base_page.py[line:66] INFO:Had find the element '  ' successful by xpath via value: //input[@name='firstName'] 
2020-08-05 17:28:52,714|base_page.py[line:66] INFO:Had find the element '  ' successful by xpath via value: //input[@name='firstName'] 
2020-08-05 17:28:52,887|base_page.py[line:133] INFO:Had type ' UhPud4 ' in inputBox
2020-08-05 17:28:53,442|base_page.py[line:66] INFO:Had find the element '  ' successful by xpath via value: //input[@name='lastName'] 
2020-08-05 17:28:53,507|base_page.py[line:155] INFO:The element '  ' was clicked.
2020-08-05 17:28:54,046|base_page.py[line:66] INFO:Had find the element '  ' successful by xpath via value: //input[@name='lastName'] 
2020-08-05 17:28:54,617|base_page.py[line:66] INFO:Had find the element '  ' successful by xpath via value: //input[@name='lastName'] 
2020-08-05 17:28:55,219|base_page.py[line:66] INFO:Had find the element '  ' successful by xpath via value: //input[@name='lastName'] 
2020-08-05 17:28:55,383|base_page.py[line:133] INFO:Had type ' R6h6MU ' in inputBox
2020-08-05 17:28:55,930|base_page.py[line:66] INFO:Had find the element ' Security ' successful by xpath via value: //select[@name='availableRolesSelected']/option[1] 
2020-08-05 17:28:56,504|base_page.py[line:66] INFO:Had find the element '  ' successful by xpath via value: //input[@class='form-control'] 
2020-08-05 17:28:56,704|base_page.py[line:133] INFO:Had type ' Security ' in inputBox
2020-08-05 17:28:57,269|base_page.py[line:66] INFO:Had find the element ' Security ' successful by xpath via value: //select[@name='availableRolesSelected'] 
2020-08-05 17:28:57,885|base_page.py[line:66] INFO:Had find the element '     Add     ' successful by xpath via value: //button[contains(text(),'Add')] 
2020-08-05 17:28:57,946|base_page.py[line:155] INFO:The element '     Add     ' was clicked.
2020-08-05 17:28:58,500|base_page.py[line:66] INFO:Had find the element ' Finish ' successful by xpath via value: //button[contains(text(),'Finish')] 
2020-08-05 17:28:58,569|base_page.py[line:155] INFO:The element ' Finish ' was clicked.
2020-08-05 17:29:13,492|base_page.py[line:68] ERROR:TimeoutException: selector by xpath ,value //div[@role='alert']
2020-08-05 17:29:13,492|base_page.py[line:121] ERROR:NoSuchElement selector_by: xpath, selector: //div[@role='alert'] 
