2020-08-05 17:22:17,174|browser_engine.py[line:26] INFO:You had select Chrome browser.
2020-08-05 17:22:17,174|browser_engine.py[line:28] INFO:The test server url is: https://rr-alamo-test.azureedge.net
2020-08-05 17:22:20,252|browser_engine.py[line:42] INFO:Starting Chrome browser.
2020-08-05 17:22:21,386|browser_engine.py[line:56] INFO:Maximize the current window.
2020-08-05 17:22:22,586|browser_engine.py[line:59] INFO:Open url: https://rr-alamo-test.azureedge.net
2020-08-05 17:22:33,173|base_page.py[line:68] ERROR:TimeoutException: selector by xpath ,value xpath=>//div[@class='localAccount']//div[@class='intro']/h2
2020-08-05 17:22:33,750|base_page.py[line:66] INFO:Had find the element ' Sign in with your existing account ' successful by xpath via value: //div[@class='localAccount']//div[@class='intro']/h2 
2020-08-05 17:22:34,316|base_page.py[line:66] INFO:Had find the element '  ' successful by id via value: logonIdentifier 
2020-08-05 17:22:34,367|base_page.py[line:143] INFO:Clear text in input box before typing.
2020-08-05 17:22:34,935|base_page.py[line:66] INFO:Had find the element '  ' successful by id via value: logonIdentifier 
2020-08-05 17:22:35,190|base_page.py[line:133] INFO:Had type ' yan.liu@an-chen.com ' in inputBox
2020-08-05 17:22:35,785|base_page.py[line:66] INFO:Had find the element '  ' successful by id via value: password 
2020-08-05 17:22:35,914|base_page.py[line:143] INFO:Clear text in input box before typing.
2020-08-05 17:22:36,441|base_page.py[line:66] INFO:Had find the element '  ' successful by id via value: password 
2020-08-05 17:22:36,770|base_page.py[line:133] INFO:Had type ' Lychan@2012 ' in inputBox
2020-08-05 17:22:37,322|base_page.py[line:66] INFO:Had find the element ' Sign in ' successful by xpath via value: //div[@class='buttons']/button[text()='Sign in'] 
2020-08-05 17:22:41,525|base_page.py[line:66] INFO:Had find the element ' Welcome, yanliu ' successful by xpath via value: //div[@id='root']//div[@class='content-heading'] 
2020-08-05 17:22:41,525|login.py[line:41] INFO:login success
2020-08-05 17:22:44,109|base_page.py[line:66] INFO:Had find the element ' MANAGE ' successful by id via value: manage 
2020-08-05 17:22:44,195|base_page.py[line:155] INFO:The element ' MANAGE ' was clicked.
2020-08-05 17:22:44,711|base_page.py[line:221] INFO:Had find the elements successful by xpath via value: //ul[@class='dropdown-menu multi-level show']/li/a 
2020-08-05 17:22:45,259|base_page.py[line:66] INFO:Had find the element ' Authorization Management ' successful by xpath via value: //ul[@class='dropdown-menu multi-level show']/li[1]/a 
2020-08-05 17:22:45,591|base_page.py[line:155] INFO:The element ' Authorization Management ' was clicked.
2020-08-05 17:22:45,591|topMenu.py[line:70] INFO:second_menu: Authorization Management
2020-08-05 17:22:47,144|base_page.py[line:66] INFO:Had find the element ' New ' successful by xpath via value: //div[@class='card']//button[text()=' New'] 
2020-08-05 17:22:47,252|base_page.py[line:155] INFO:The element ' New ' was clicked.
2020-08-05 17:22:47,788|base_page.py[line:66] INFO:Had find the element '  ' successful by xpath via value: //input[@name='name'] 
2020-08-05 17:22:47,908|base_page.py[line:155] INFO:The element '  ' was clicked.
2020-08-05 17:22:48,442|base_page.py[line:66] INFO:Had find the element '  ' successful by xpath via value: //input[@name='name'] 
2020-08-05 17:22:49,012|base_page.py[line:66] INFO:Had find the element '  ' successful by xpath via value: //input[@name='name'] 
2020-08-05 17:22:49,574|base_page.py[line:66] INFO:Had find the element '  ' successful by xpath via value: //input[@name='name'] 
2020-08-05 17:22:49,759|base_page.py[line:133] INFO:Had type ' IAQQLg ' in inputBox
2020-08-05 17:22:51,165|base_page.py[line:66] INFO:Had find the element '  ' successful by xpath via value: //input[@name='description'] 
2020-08-05 17:22:51,340|base_page.py[line:155] INFO:The element '  ' was clicked.
2020-08-05 17:22:51,870|base_page.py[line:66] INFO:Had find the element '  ' successful by xpath via value: //input[@name='description'] 
2020-08-05 17:22:52,440|base_page.py[line:66] INFO:Had find the element '  ' successful by xpath via value: //input[@name='description'] 
2020-08-05 17:22:52,989|base_page.py[line:66] INFO:Had find the element '  ' successful by xpath via value: //input[@name='description'] 
2020-08-05 17:22:54,649|base_page.py[line:133] INFO:Had type ' gRc9X8 ' in inputBox
2020-08-05 17:22:55,228|base_page.py[line:221] INFO:Had find the elements successful by xpath via value: //div[@class='mb-0 card']//div[@class='rt-table']/div[@class='rt-tbody']//div[@class='rt-td'] 
2020-08-05 17:23:09,702|base_page.py[line:66] INFO:Had find the element '  ' successful by xpath via value: //div[@class='modal fade show']//div[@class='glo-row']//input[@id='canRead_139'] 
2020-08-05 17:23:10,051|base_page.py[line:155] INFO:The element '  ' was clicked.
2020-08-05 17:23:10,620|base_page.py[line:66] INFO:Had find the element '  ' successful by xpath via value: //div[@class='modal fade show']//div[@class='glo-row']//input[@id='canUpdate_139'] 
2020-08-05 17:23:10,919|base_page.py[line:155] INFO:The element '  ' was clicked.
2020-08-05 17:23:11,468|base_page.py[line:66] INFO:Had find the element '  ' successful by xpath via value: //div[@class='modal fade show']//div[@class='glo-row']//input[@id='canCreate_139'] 
2020-08-05 17:23:11,756|base_page.py[line:155] INFO:The element '  ' was clicked.
2020-08-05 17:23:12,322|base_page.py[line:66] INFO:Had find the element '  ' successful by xpath via value: //div[@class='modal fade show']//div[@class='glo-row']//input[@id='canDelete_139'] 
2020-08-05 17:23:12,605|base_page.py[line:155] INFO:The element '  ' was clicked.
2020-08-05 17:23:13,159|base_page.py[line:66] INFO:Had find the element '  ' successful by xpath via value: //div[@class='modal fade show']//div[@class='glo-row']//input[@id='canMassUpdate_139'] 
2020-08-05 17:23:13,483|base_page.py[line:155] INFO:The element '  ' was clicked.
2020-08-05 17:23:14,049|base_page.py[line:66] INFO:Had find the element '  ' successful by xpath via value: //div[@class='modal fade show']//div[@class='glo-row']//input[@id='canRead_141'] 
2020-08-05 17:23:14,364|base_page.py[line:155] INFO:The element '  ' was clicked.
2020-08-05 17:23:14,935|base_page.py[line:66] INFO:Had find the element '  ' successful by xpath via value: //div[@class='modal fade show']//div[@class='glo-row']//input[@id='canUpdate_141'] 
2020-08-05 17:23:15,230|base_page.py[line:155] INFO:The element '  ' was clicked.
2020-08-05 17:23:15,800|base_page.py[line:66] INFO:Had find the element '  ' successful by xpath via value: //div[@class='modal fade show']//div[@class='glo-row']//input[@id='canCreate_141'] 
2020-08-05 17:23:16,097|base_page.py[line:155] INFO:The element '  ' was clicked.
2020-08-05 17:23:16,645|base_page.py[line:66] INFO:Had find the element '  ' successful by xpath via value: //div[@class='modal fade show']//div[@class='glo-row']//input[@id='canDelete_141'] 
2020-08-05 17:23:16,935|base_page.py[line:155] INFO:The element '  ' was clicked.
2020-08-05 17:23:17,514|base_page.py[line:66] INFO:Had find the element '  ' successful by xpath via value: //div[@class='modal fade show']//div[@class='glo-row']//input[@id='canMassUpdate_141'] 
2020-08-05 17:23:17,789|base_page.py[line:155] INFO:The element '  ' was clicked.
2020-08-05 17:23:18,351|base_page.py[line:66] INFO:Had find the element ' Next ' successful by xpath via value: //button[contains(text(),'Next')] 
2020-08-05 17:23:18,519|base_page.py[line:155] INFO:The element ' Next ' was clicked.
2020-08-05 17:23:19,088|base_page.py[line:66] INFO:Had find the element ' ljc7ua ' successful by xpath via value: //select[@name='availableUsersSelected']/option[1] 
2020-08-05 17:23:19,656|base_page.py[line:66] INFO:Had find the element '  ' successful by xpath via value: //input[@class='form-control'] 
2020-08-05 17:23:19,914|base_page.py[line:133] INFO:Had type ' ljc7ua ' in inputBox
2020-08-05 17:23:20,472|base_page.py[line:66] INFO:Had find the element ' ljc7ua ' successful by xpath via value: //select[@name='availableUsersSelected'] 
2020-08-05 17:23:21,136|base_page.py[line:66] INFO:Had find the element '     Add     ' successful by xpath via value: //button[contains(text(),'Add')] 
2020-08-05 17:23:21,205|base_page.py[line:155] INFO:The element '     Add     ' was clicked.
2020-08-05 17:23:21,763|base_page.py[line:66] INFO:Had find the element ' Finish ' successful by xpath via value: //button[contains(text(),'Finish')] 
2020-08-05 17:23:21,839|base_page.py[line:155] INFO:The element ' Finish ' was clicked.
2020-08-05 17:23:26,381|base_page.py[line:66] INFO:Had find the element ' Role: IAQQLg created successfully. ' successful by xpath via value: //div[@role='alert'] 
2020-08-05 17:23:27,958|base_page.py[line:66] INFO:Had find the element ' 1230
IAQQLg
gRc9X8 ' successful by xpath via value: //div[@class='card']//div[@class='glo-row']//div[@class='rt-tr-group'][1]/div 
2020-08-05 17:23:28,500|base_page.py[line:66] INFO:Had find the element ' 1230
IAQQLg
gRc9X8 ' successful by xpath via value: //div[@class='card']//div[@class='glo-row']//div[@class='rt-tr-group'][1]/div 
2020-08-05 17:23:28,595|base_page.py[line:155] INFO:The element ' 1230
IAQQLg
gRc9X8 ' was clicked.
2020-08-05 17:23:29,144|base_page.py[line:66] INFO:Had find the element ' Edit ' successful by xpath via value: //div[@class='card']//button[text()=' Edit'] 
2020-08-05 17:23:30,344|base_page.py[line:155] INFO:The element ' Edit ' was clicked.
2020-08-05 17:23:30,890|base_page.py[line:66] INFO:Had find the element '  ' successful by xpath via value: //input[@name='name'] 
2020-08-05 17:23:30,979|base_page.py[line:155] INFO:The element '  ' was clicked.
2020-08-05 17:23:31,516|base_page.py[line:66] INFO:Had find the element '  ' successful by xpath via value: //input[@name='name'] 
2020-08-05 17:23:32,063|base_page.py[line:66] INFO:Had find the element '  ' successful by xpath via value: //input[@name='name'] 
2020-08-05 17:23:32,843|base_page.py[line:66] INFO:Had find the element '  ' successful by xpath via value: //input[@name='name'] 
2020-08-05 17:23:34,407|base_page.py[line:133] INFO:Had type ' XA0yyQ ' in inputBox
2020-08-05 17:23:34,977|base_page.py[line:66] INFO:Had find the element '  ' successful by xpath via value: //input[@name='description'] 
2020-08-05 17:23:35,073|base_page.py[line:155] INFO:The element '  ' was clicked.
2020-08-05 17:23:35,619|base_page.py[line:66] INFO:Had find the element '  ' successful by xpath via value: //input[@name='description'] 
2020-08-05 17:23:36,193|base_page.py[line:66] INFO:Had find the element '  ' successful by xpath via value: //input[@name='description'] 
2020-08-05 17:23:37,042|base_page.py[line:66] INFO:Had find the element '  ' successful by xpath via value: //input[@name='description'] 
2020-08-05 17:23:38,534|base_page.py[line:133] INFO:Had type ' zVSM5m ' in inputBox
2020-08-05 17:23:39,082|base_page.py[line:221] INFO:Had find the elements successful by xpath via value: //div[@class='mb-0 card']//div[@class='rt-table']/div[@class='rt-tbody']//div[@class='rt-td'] 
2020-08-05 17:23:57,949|base_page.py[line:66] INFO:Had find the element '  ' successful by xpath via value: //div[@class='modal fade show']//div[@class='glo-row']//input[@id='canRead_139'] 
2020-08-05 17:23:58,255|base_page.py[line:155] INFO:The element '  ' was clicked.
2020-08-05 17:23:58,806|base_page.py[line:66] INFO:Had find the element '  ' successful by xpath via value: //div[@class='modal fade show']//div[@class='glo-row']//input[@id='canUpdate_139'] 
2020-08-05 17:23:59,092|base_page.py[line:155] INFO:The element '  ' was clicked.
2020-08-05 17:23:59,665|base_page.py[line:66] INFO:Had find the element '  ' successful by xpath via value: //div[@class='modal fade show']//div[@class='glo-row']//input[@id='canCreate_139'] 
2020-08-05 17:23:59,954|base_page.py[line:155] INFO:The element '  ' was clicked.
2020-08-05 17:24:00,525|base_page.py[line:66] INFO:Had find the element '  ' successful by xpath via value: //div[@class='modal fade show']//div[@class='glo-row']//input[@id='canDelete_139'] 
2020-08-05 17:24:00,816|base_page.py[line:155] INFO:The element '  ' was clicked.
2020-08-05 17:24:01,394|base_page.py[line:66] INFO:Had find the element '  ' successful by xpath via value: //div[@class='modal fade show']//div[@class='glo-row']//input[@id='canMassUpdate_139'] 
2020-08-05 17:24:01,705|base_page.py[line:155] INFO:The element '  ' was clicked.
2020-08-05 17:24:02,272|base_page.py[line:66] INFO:Had find the element '  ' successful by xpath via value: //div[@class='modal fade show']//div[@class='glo-row']//input[@id='canRead_140'] 
2020-08-05 17:24:02,601|base_page.py[line:155] INFO:The element '  ' was clicked.
2020-08-05 17:24:03,167|base_page.py[line:66] INFO:Had find the element '  ' successful by xpath via value: //div[@class='modal fade show']//div[@class='glo-row']//input[@id='canUpdate_140'] 
2020-08-05 17:24:03,447|base_page.py[line:155] INFO:The element '  ' was clicked.
2020-08-05 17:24:04,017|base_page.py[line:66] INFO:Had find the element '  ' successful by xpath via value: //div[@class='modal fade show']//div[@class='glo-row']//input[@id='canCreate_140'] 
2020-08-05 17:24:04,303|base_page.py[line:155] INFO:The element '  ' was clicked.
2020-08-05 17:24:04,873|base_page.py[line:66] INFO:Had find the element '  ' successful by xpath via value: //div[@class='modal fade show']//div[@class='glo-row']//input[@id='canDelete_140'] 
2020-08-05 17:24:05,168|base_page.py[line:155] INFO:The element '  ' was clicked.
2020-08-05 17:24:05,734|base_page.py[line:66] INFO:Had find the element '  ' successful by xpath via value: //div[@class='modal fade show']//div[@class='glo-row']//input[@id='canMassUpdate_140'] 
2020-08-05 17:24:06,042|base_page.py[line:155] INFO:The element '  ' was clicked.
2020-08-05 17:24:06,605|base_page.py[line:66] INFO:Had find the element ' Users ' successful by xpath via value: //div[@class='mb-0 card']//li/a[text()='Users'] 
2020-08-05 17:24:06,723|base_page.py[line:155] INFO:The element ' Users ' was clicked.
2020-08-05 17:24:17,621|base_page.py[line:68] ERROR:TimeoutException: selector by xpath ,value //select[@name='assignedUsers']
2020-08-05 17:24:17,621|base_page.py[line:121] ERROR:NoSuchElement selector_by: xpath, selector: //select[@name='assignedUsers'] 
2020-08-05 17:24:28,573|base_page.py[line:68] ERROR:TimeoutException: selector by xpath ,value xpath=>//div[@class='card']//li/a[text()='Users']
2020-08-05 17:24:29,132|base_page.py[line:66] INFO:Had find the element ' Users ' successful by xpath via value: //div[@class='card']//li/a[text()='Users'] 
