2020-08-05 16:31:31,784|browser_engine.py[line:26] INFO:You had select Chrome browser.
2020-08-05 16:31:31,784|browser_engine.py[line:28] INFO:The test server url is: https://rr-alamo-test.azureedge.net
2020-08-05 16:31:34,676|browser_engine.py[line:42] INFO:Starting Chrome browser.
2020-08-05 16:31:35,826|browser_engine.py[line:56] INFO:Maximize the current window.
2020-08-05 16:31:50,656|browser_engine.py[line:59] INFO:Open url: https://rr-alamo-test.azureedge.net
2020-08-05 16:32:01,457|base_page.py[line:68] ERROR:TimeoutException: selector by xpath ,value xpath=>//div[@class='localAccount']//div[@class='intro']/h2
2020-08-05 16:32:02,023|base_page.py[line:66] INFO:Had find the element ' Sign in with your existing account ' successful by xpath via value: //div[@class='localAccount']//div[@class='intro']/h2 
2020-08-05 16:32:02,597|base_page.py[line:66] INFO:Had find the element '  ' successful by id via value: logonIdentifier 
2020-08-05 16:32:02,645|base_page.py[line:143] INFO:Clear text in input box before typing.
2020-08-05 16:32:03,170|base_page.py[line:66] INFO:Had find the element '  ' successful by id via value: logonIdentifier 
2020-08-05 16:32:03,337|base_page.py[line:133] INFO:Had type ' yan.liu@an-chen.com ' in inputBox
2020-08-05 16:32:03,880|base_page.py[line:66] INFO:Had find the element '  ' successful by id via value: password 
2020-08-05 16:32:03,928|base_page.py[line:143] INFO:Clear text in input box before typing.
2020-08-05 16:32:04,561|base_page.py[line:66] INFO:Had find the element '  ' successful by id via value: password 
2020-08-05 16:32:04,916|base_page.py[line:133] INFO:Had type ' Lychan@2012 ' in inputBox
2020-08-05 16:32:05,456|base_page.py[line:66] INFO:Had find the element ' Sign in ' successful by xpath via value: //div[@class='buttons']/button[text()='Sign in'] 
2020-08-05 16:32:12,699|base_page.py[line:66] INFO:Had find the element ' Welcome, yanliu ' successful by xpath via value: //div[@id='root']//div[@class='content-heading'] 
2020-08-05 16:32:12,699|login.py[line:41] INFO:login success
2020-08-05 16:32:15,292|base_page.py[line:66] INFO:Had find the element ' MANAGE ' successful by id via value: manage 
2020-08-05 16:32:15,376|base_page.py[line:155] INFO:The element ' MANAGE ' was clicked.
2020-08-05 16:32:15,950|base_page.py[line:221] INFO:Had find the elements successful by xpath via value: //ul[@class='dropdown-menu multi-level show']/li/a 
2020-08-05 16:32:16,494|base_page.py[line:66] INFO:Had find the element ' Authorization Management ' successful by xpath via value: //ul[@class='dropdown-menu multi-level show']/li[1]/a 
2020-08-05 16:32:16,659|base_page.py[line:155] INFO:The element ' Authorization Management ' was clicked.
2020-08-05 16:32:16,659|topMenu.py[line:70] INFO:second_menu: Authorization Management
2020-08-05 16:32:17,198|base_page.py[line:66] INFO:Had find the element ' New ' successful by xpath via value: //div[@class='card']//button[text()=' New'] 
2020-08-05 16:32:17,319|base_page.py[line:155] INFO:The element ' New ' was clicked.
2020-08-05 16:32:17,854|base_page.py[line:66] INFO:Had find the element '  ' successful by xpath via value: //input[@name='name'] 
2020-08-05 16:32:17,967|base_page.py[line:155] INFO:The element '  ' was clicked.
2020-08-05 16:32:18,494|base_page.py[line:66] INFO:Had find the element '  ' successful by xpath via value: //input[@name='name'] 
2020-08-05 16:32:19,047|base_page.py[line:66] INFO:Had find the element '  ' successful by xpath via value: //input[@name='name'] 
2020-08-05 16:32:20,781|base_page.py[line:66] INFO:Had find the element '  ' successful by xpath via value: //input[@name='name'] 
2020-08-05 16:32:22,281|base_page.py[line:133] INFO:Had type ' etgrRv ' in inputBox
2020-08-05 16:32:22,853|base_page.py[line:66] INFO:Had find the element '  ' successful by xpath via value: //input[@name='description'] 
2020-08-05 16:32:23,001|base_page.py[line:155] INFO:The element '  ' was clicked.
2020-08-05 16:32:23,529|base_page.py[line:66] INFO:Had find the element '  ' successful by xpath via value: //input[@name='description'] 
2020-08-05 16:32:24,094|base_page.py[line:66] INFO:Had find the element '  ' successful by xpath via value: //input[@name='description'] 
2020-08-05 16:32:24,660|base_page.py[line:66] INFO:Had find the element '  ' successful by xpath via value: //input[@name='description'] 
2020-08-05 16:32:26,098|base_page.py[line:133] INFO:Had type ' zoB3UT ' in inputBox
2020-08-05 16:32:26,655|base_page.py[line:221] INFO:Had find the elements successful by xpath via value: //div[@class='mb-0 card']//div[@class='rt-table']/div[@class='rt-tbody']//div[@class='rt-td'] 
2020-08-05 16:32:52,073|base_page.py[line:68] ERROR:TimeoutException: selector by xpath ,value //div[@class='modal fade show']//div[@class='glo-row']//input[@id='can(0, <selenium.webdriver.remote.webelement.WebElement (session="a96468cc4c78d3e4f4eee49617ecb235", element="b768c8c7-74f7-4e3e-8c82-febe5c7233ba")>)_Read']
2020-08-05 16:32:52,073|base_page.py[line:121] ERROR:NoSuchElement selector_by: xpath, selector: //div[@class='modal fade show']//div[@class='glo-row']//input[@id='can(0, <selenium.webdriver.remote.webelement.WebElement (session="a96468cc4c78d3e4f4eee49617ecb235", element="b768c8c7-74f7-4e3e-8c82-febe5c7233ba")>)_Read'] 
2020-08-05 16:32:52,653|base_page.py[line:66] INFO:Had find the element ' 1210
QOljAw
h4l4jw ' successful by xpath via value: //div[@class='card']//div[@class='glo-row']//div[@class='rt-tr-group'][1]/div 
2020-08-05 16:32:53,199|base_page.py[line:66] INFO:Had find the element ' 1210
QOljAw
h4l4jw ' successful by xpath via value: //div[@class='card']//div[@class='glo-row']//div[@class='rt-tr-group'][1]/div 
2020-08-05 16:33:05,248|base_page.py[line:68] ERROR:TimeoutException: selector by xpath ,value xpath=>//div[@class='card']//li/a[text()='Users']
2020-08-05 16:33:05,790|base_page.py[line:66] INFO:Had find the element ' Users ' successful by xpath via value: //div[@class='card']//li/a[text()='Users'] 
