2020-08-05 16:43:07,709|browser_engine.py[line:26] INFO:You had select Chrome browser.
2020-08-05 16:43:07,710|browser_engine.py[line:28] INFO:The test server url is: https://rr-alamo-test.azureedge.net
2020-08-05 16:43:10,622|browser_engine.py[line:42] INFO:Starting Chrome browser.
2020-08-05 16:43:11,752|browser_engine.py[line:56] INFO:Maximize the current window.
2020-08-05 16:43:25,292|browser_engine.py[line:59] INFO:Open url: https://rr-alamo-test.azureedge.net
2020-08-05 16:43:35,947|base_page.py[line:68] ERROR:TimeoutException: selector by xpath ,value xpath=>//div[@class='localAccount']//div[@class='intro']/h2
2020-08-05 16:43:36,509|base_page.py[line:66] INFO:Had find the element ' Sign in with your existing account ' successful by xpath via value: //div[@class='localAccount']//div[@class='intro']/h2 
2020-08-05 16:43:37,089|base_page.py[line:66] INFO:Had find the element '  ' successful by id via value: logonIdentifier 
2020-08-05 16:43:37,146|base_page.py[line:143] INFO:Clear text in input box before typing.
2020-08-05 16:43:37,683|base_page.py[line:66] INFO:Had find the element '  ' successful by id via value: logonIdentifier 
2020-08-05 16:43:37,863|base_page.py[line:133] INFO:Had type ' yan.liu@an-chen.com ' in inputBox
2020-08-05 16:43:38,419|base_page.py[line:66] INFO:Had find the element '  ' successful by id via value: password 
2020-08-05 16:43:38,461|base_page.py[line:143] INFO:Clear text in input box before typing.
2020-08-05 16:43:38,994|base_page.py[line:66] INFO:Had find the element '  ' successful by id via value: password 
2020-08-05 16:43:39,304|base_page.py[line:133] INFO:Had type ' Lychan@2012 ' in inputBox
2020-08-05 16:43:39,857|base_page.py[line:66] INFO:Had find the element ' Sign in ' successful by xpath via value: //div[@class='buttons']/button[text()='Sign in'] 
2020-08-05 16:43:44,459|base_page.py[line:66] INFO:Had find the element ' Welcome, yanliu ' successful by xpath via value: //div[@id='root']//div[@class='content-heading'] 
2020-08-05 16:43:44,459|login.py[line:41] INFO:login success
2020-08-05 16:43:47,032|base_page.py[line:66] INFO:Had find the element ' MANAGE ' successful by id via value: manage 
2020-08-05 16:43:47,112|base_page.py[line:155] INFO:The element ' MANAGE ' was clicked.
2020-08-05 16:43:47,643|base_page.py[line:221] INFO:Had find the elements successful by xpath via value: //ul[@class='dropdown-menu multi-level show']/li/a 
2020-08-05 16:43:48,214|base_page.py[line:66] INFO:Had find the element ' Authorization Management ' successful by xpath via value: //ul[@class='dropdown-menu multi-level show']/li[1]/a 
2020-08-05 16:43:48,355|base_page.py[line:155] INFO:The element ' Authorization Management ' was clicked.
2020-08-05 16:43:48,355|topMenu.py[line:70] INFO:second_menu: Authorization Management
2020-08-05 16:43:48,929|base_page.py[line:66] INFO:Had find the element ' New ' successful by xpath via value: //div[@class='card']//button[text()=' New'] 
2020-08-05 16:43:49,054|base_page.py[line:155] INFO:The element ' New ' was clicked.
2020-08-05 16:43:49,591|base_page.py[line:66] INFO:Had find the element '  ' successful by xpath via value: //input[@name='name'] 
2020-08-05 16:43:49,727|base_page.py[line:155] INFO:The element '  ' was clicked.
2020-08-05 16:43:50,254|base_page.py[line:66] INFO:Had find the element '  ' successful by xpath via value: //input[@name='name'] 
2020-08-05 16:43:50,897|base_page.py[line:66] INFO:Had find the element '  ' successful by xpath via value: //input[@name='name'] 
2020-08-05 16:43:53,472|base_page.py[line:66] INFO:Had find the element '  ' successful by xpath via value: //input[@name='name'] 
2020-08-05 16:43:56,335|base_page.py[line:133] INFO:Had type ' 5aHExR ' in inputBox
2020-08-05 16:43:56,874|base_page.py[line:66] INFO:Had find the element '  ' successful by xpath via value: //input[@name='description'] 
2020-08-05 16:43:56,964|base_page.py[line:155] INFO:The element '  ' was clicked.
2020-08-05 16:43:57,490|base_page.py[line:66] INFO:Had find the element '  ' successful by xpath via value: //input[@name='description'] 
2020-08-05 16:43:58,040|base_page.py[line:66] INFO:Had find the element '  ' successful by xpath via value: //input[@name='description'] 
2020-08-05 16:43:58,606|base_page.py[line:66] INFO:Had find the element '  ' successful by xpath via value: //input[@name='description'] 
2020-08-05 16:44:00,468|base_page.py[line:133] INFO:Had type ' ctDWyk ' in inputBox
2020-08-05 16:44:01,056|base_page.py[line:221] INFO:Had find the elements successful by xpath via value: //div[@class='mb-0 card']//div[@class='rt-table']/div[@class='rt-tbody']//div[@class='rt-td'] 
2020-08-05 16:44:34,645|base_page.py[line:68] ERROR:TimeoutException: selector by xpath ,value //div[@class='modal fade show']//div[@class='glo-row']//input[@id='can0_Read']
2020-08-05 16:44:34,645|base_page.py[line:121] ERROR:NoSuchElement selector_by: xpath, selector: //div[@class='modal fade show']//div[@class='glo-row']//input[@id='can0_Read'] 
2020-08-05 16:44:35,237|base_page.py[line:66] INFO:Had find the element ' 1210
QOljAw
h4l4jw ' successful by xpath via value: //div[@class='card']//div[@class='glo-row']//div[@class='rt-tr-group'][1]/div 
2020-08-05 16:44:35,798|base_page.py[line:66] INFO:Had find the element ' 1210
QOljAw
h4l4jw ' successful by xpath via value: //div[@class='card']//div[@class='glo-row']//div[@class='rt-tr-group'][1]/div 
2020-08-05 16:44:47,453|base_page.py[line:68] ERROR:TimeoutException: selector by xpath ,value xpath=>//div[@class='card']//li/a[text()='Users']
2020-08-05 16:44:48,134|base_page.py[line:66] INFO:Had find the element ' Users ' successful by xpath via value: //div[@class='card']//li/a[text()='Users'] 
