2020-08-05 16:36:16,021|browser_engine.py[line:26] INFO:You had select Chrome browser.
2020-08-05 16:36:16,021|browser_engine.py[line:28] INFO:The test server url is: https://rr-alamo-test.azureedge.net
2020-08-05 16:36:19,013|browser_engine.py[line:42] INFO:Starting Chrome browser.
2020-08-05 16:36:20,143|browser_engine.py[line:56] INFO:Maximize the current window.
2020-08-05 16:36:24,709|browser_engine.py[line:59] INFO:Open url: https://rr-alamo-test.azureedge.net
2020-08-05 16:36:35,476|base_page.py[line:68] ERROR:TimeoutException: selector by xpath ,value xpath=>//div[@class='localAccount']//div[@class='intro']/h2
2020-08-05 16:36:36,029|base_page.py[line:66] INFO:Had find the element ' Sign in with your existing account ' successful by xpath via value: //div[@class='localAccount']//div[@class='intro']/h2 
2020-08-05 16:36:36,584|base_page.py[line:66] INFO:Had find the element '  ' successful by id via value: logonIdentifier 
2020-08-05 16:36:36,629|base_page.py[line:143] INFO:Clear text in input box before typing.
2020-08-05 16:36:37,167|base_page.py[line:66] INFO:Had find the element '  ' successful by id via value: logonIdentifier 
2020-08-05 16:36:37,333|base_page.py[line:133] INFO:Had type ' yan.liu@an-chen.com ' in inputBox
2020-08-05 16:36:37,882|base_page.py[line:66] INFO:Had find the element '  ' successful by id via value: password 
2020-08-05 16:36:37,932|base_page.py[line:143] INFO:Clear text in input box before typing.
2020-08-05 16:36:38,454|base_page.py[line:66] INFO:Had find the element '  ' successful by id via value: password 
2020-08-05 16:36:38,606|base_page.py[line:133] INFO:Had type ' Lychan@2012 ' in inputBox
2020-08-05 16:36:39,163|base_page.py[line:66] INFO:Had find the element ' Sign in ' successful by xpath via value: //div[@class='buttons']/button[text()='Sign in'] 
2020-08-05 16:36:44,127|base_page.py[line:66] INFO:Had find the element ' Welcome, yanliu ' successful by xpath via value: //div[@id='root']//div[@class='content-heading'] 
2020-08-05 16:36:44,127|login.py[line:41] INFO:login success
2020-08-05 16:36:46,719|base_page.py[line:66] INFO:Had find the element ' MANAGE ' successful by id via value: manage 
2020-08-05 16:36:46,806|base_page.py[line:155] INFO:The element ' MANAGE ' was clicked.
2020-08-05 16:36:47,336|base_page.py[line:221] INFO:Had find the elements successful by xpath via value: //ul[@class='dropdown-menu multi-level show']/li/a 
2020-08-05 16:36:47,917|base_page.py[line:66] INFO:Had find the element ' Authorization Management ' successful by xpath via value: //ul[@class='dropdown-menu multi-level show']/li[1]/a 
2020-08-05 16:36:48,043|base_page.py[line:155] INFO:The element ' Authorization Management ' was clicked.
2020-08-05 16:36:48,044|topMenu.py[line:70] INFO:second_menu: Authorization Management
2020-08-05 16:36:48,590|base_page.py[line:66] INFO:Had find the element ' New ' successful by xpath via value: //div[@class='card']//button[text()=' New'] 
2020-08-05 16:36:48,716|base_page.py[line:155] INFO:The element ' New ' was clicked.
2020-08-05 16:36:49,249|base_page.py[line:66] INFO:Had find the element '  ' successful by xpath via value: //input[@name='name'] 
2020-08-05 16:36:49,328|base_page.py[line:155] INFO:The element '  ' was clicked.
2020-08-05 16:36:49,872|base_page.py[line:66] INFO:Had find the element '  ' successful by xpath via value: //input[@name='name'] 
2020-08-05 16:36:51,189|base_page.py[line:66] INFO:Had find the element '  ' successful by xpath via value: //input[@name='name'] 
2020-08-05 16:36:52,254|base_page.py[line:66] INFO:Had find the element '  ' successful by xpath via value: //input[@name='name'] 
2020-08-05 16:36:54,027|base_page.py[line:133] INFO:Had type ' LxCbFz ' in inputBox
2020-08-05 16:36:54,575|base_page.py[line:66] INFO:Had find the element '  ' successful by xpath via value: //input[@name='description'] 
2020-08-05 16:36:54,650|base_page.py[line:155] INFO:The element '  ' was clicked.
2020-08-05 16:36:55,203|base_page.py[line:66] INFO:Had find the element '  ' successful by xpath via value: //input[@name='description'] 
2020-08-05 16:36:55,759|base_page.py[line:66] INFO:Had find the element '  ' successful by xpath via value: //input[@name='description'] 
2020-08-05 16:36:56,322|base_page.py[line:66] INFO:Had find the element '  ' successful by xpath via value: //input[@name='description'] 
2020-08-05 16:36:58,026|base_page.py[line:133] INFO:Had type ' 0JpHK2 ' in inputBox
2020-08-05 16:36:58,649|base_page.py[line:221] INFO:Had find the elements successful by xpath via value: //div[@class='mb-0 card']//div[@class='rt-table']/div[@class='rt-tbody']//div[@class='rt-td'] 
2020-08-05 16:37:24,442|base_page.py[line:68] ERROR:TimeoutException: selector by xpath ,value //div[@class='modal fade show']//div[@class='glo-row']//input[@id='can(0, <selenium.webdriver.remote.webelement.WebElement (session="4d8023c06681e63acfa12edd536e05f4", element="db375f08-3617-41eb-8b6c-6c842cdb6d0b")>)_Read']
2020-08-05 16:37:24,442|base_page.py[line:121] ERROR:NoSuchElement selector_by: xpath, selector: //div[@class='modal fade show']//div[@class='glo-row']//input[@id='can(0, <selenium.webdriver.remote.webelement.WebElement (session="4d8023c06681e63acfa12edd536e05f4", element="db375f08-3617-41eb-8b6c-6c842cdb6d0b")>)_Read'] 
2020-08-05 16:37:25,024|base_page.py[line:66] INFO:Had find the element ' 1210
QOljAw
h4l4jw ' successful by xpath via value: //div[@class='card']//div[@class='glo-row']//div[@class='rt-tr-group'][1]/div 
2020-08-05 16:37:25,606|base_page.py[line:66] INFO:Had find the element ' 1210
QOljAw
h4l4jw ' successful by xpath via value: //div[@class='card']//div[@class='glo-row']//div[@class='rt-tr-group'][1]/div 
