2020-08-05 15:53:38,819|browser_engine.py[line:26] INFO:You had select Chrome browser.
2020-08-05 15:53:38,819|browser_engine.py[line:28] INFO:The test server url is: https://rr-alamo-test.azureedge.net
2020-08-05 15:53:41,788|browser_engine.py[line:42] INFO:Starting Chrome browser.
2020-08-05 15:53:42,923|browser_engine.py[line:56] INFO:Maximize the current window.
2020-08-05 15:53:50,152|browser_engine.py[line:59] INFO:Open url: https://rr-alamo-test.azureedge.net
2020-08-05 15:54:00,665|base_page.py[line:68] ERROR:TimeoutException: selector by xpath ,value xpath=>//div[@class='localAccount']//div[@class='intro']/h2
2020-08-05 15:54:01,334|base_page.py[line:66] INFO:Had find the element ' Sign in with your existing account ' successful by xpath via value: //div[@class='localAccount']//div[@class='intro']/h2 
2020-08-05 15:54:02,037|base_page.py[line:66] INFO:Had find the element '  ' successful by id via value: logonIdentifier 
2020-08-05 15:54:02,102|base_page.py[line:143] INFO:Clear text in input box before typing.
2020-08-05 15:54:02,636|base_page.py[line:66] INFO:Had find the element '  ' successful by id via value: logonIdentifier 
2020-08-05 15:54:02,985|base_page.py[line:133] INFO:Had type ' yan.liu@an-chen.com ' in inputBox
2020-08-05 15:54:03,535|base_page.py[line:66] INFO:Had find the element '  ' successful by id via value: password 
2020-08-05 15:54:03,603|base_page.py[line:143] INFO:Clear text in input box before typing.
2020-08-05 15:54:04,147|base_page.py[line:66] INFO:Had find the element '  ' successful by id via value: password 
2020-08-05 15:54:04,608|base_page.py[line:133] INFO:Had type ' Lychan@2012 ' in inputBox
2020-08-05 15:54:05,212|base_page.py[line:66] INFO:Had find the element ' Sign in ' successful by xpath via value: //div[@class='buttons']/button[text()='Sign in'] 
2020-08-05 15:54:12,791|base_page.py[line:66] INFO:Had find the element ' Welcome, yanliu ' successful by xpath via value: //div[@id='root']//div[@class='content-heading'] 
2020-08-05 15:54:12,791|login.py[line:41] INFO:login success
2020-08-05 15:54:15,440|base_page.py[line:66] INFO:Had find the element ' MANAGE ' successful by id via value: manage 
2020-08-05 15:54:15,514|base_page.py[line:155] INFO:The element ' MANAGE ' was clicked.
2020-08-05 15:54:16,031|base_page.py[line:221] INFO:Had find the elements successful by xpath via value: //ul[@class='dropdown-menu multi-level show']/li/a 
2020-08-05 15:54:16,579|base_page.py[line:66] INFO:Had find the element ' Authorization Management ' successful by xpath via value: //ul[@class='dropdown-menu multi-level show']/li[1]/a 
2020-08-05 15:54:16,717|base_page.py[line:155] INFO:The element ' Authorization Management ' was clicked.
2020-08-05 15:54:16,717|topMenu.py[line:70] INFO:second_menu: Authorization Management
2020-08-05 15:54:17,273|base_page.py[line:66] INFO:Had find the element ' New ' successful by xpath via value: //div[@class='card']//button[text()=' New'] 
2020-08-05 15:54:17,388|base_page.py[line:155] INFO:The element ' New ' was clicked.
2020-08-05 15:54:17,926|base_page.py[line:66] INFO:Had find the element '  ' successful by xpath via value: //input[@name='name'] 
2020-08-05 15:54:18,025|base_page.py[line:155] INFO:The element '  ' was clicked.
2020-08-05 15:54:18,551|base_page.py[line:66] INFO:Had find the element '  ' successful by xpath via value: //input[@name='name'] 
2020-08-05 15:54:19,106|base_page.py[line:66] INFO:Had find the element '  ' successful by xpath via value: //input[@name='name'] 
2020-08-05 15:54:19,651|base_page.py[line:66] INFO:Had find the element '  ' successful by xpath via value: //input[@name='name'] 
2020-08-05 15:54:19,829|base_page.py[line:133] INFO:Had type ' 1RsrMv ' in inputBox
2020-08-05 15:54:21,207|base_page.py[line:66] INFO:Had find the element '  ' successful by xpath via value: //input[@name='description'] 
2020-08-05 15:54:21,330|base_page.py[line:155] INFO:The element '  ' was clicked.
2020-08-05 15:54:21,909|base_page.py[line:66] INFO:Had find the element '  ' successful by xpath via value: //input[@name='description'] 
2020-08-05 15:54:22,470|base_page.py[line:66] INFO:Had find the element '  ' successful by xpath via value: //input[@name='description'] 
2020-08-05 15:54:23,040|base_page.py[line:66] INFO:Had find the element '  ' successful by xpath via value: //input[@name='description'] 
2020-08-05 15:54:24,979|base_page.py[line:133] INFO:Had type ' uDxUms ' in inputBox
2020-08-05 15:54:25,553|base_page.py[line:66] INFO:Had find the element '  ' successful by xpath via value: //div[@class='modal fade show']//div[@class='glo-row']//input[@id='canRead_0'] 
2020-08-05 15:54:26,030|base_page.py[line:155] INFO:The element '  ' was clicked.
2020-08-05 15:54:26,804|base_page.py[line:66] INFO:Had find the element '  ' successful by xpath via value: //div[@class='modal fade show']//div[@class='glo-row']//input[@id='canUpdate_0'] 
2020-08-05 15:54:27,337|base_page.py[line:155] INFO:The element '  ' was clicked.
2020-08-05 15:54:27,906|base_page.py[line:66] INFO:Had find the element '  ' successful by xpath via value: //div[@class='modal fade show']//div[@class='glo-row']//input[@id='canCreate_0'] 
2020-08-05 15:54:28,206|base_page.py[line:155] INFO:The element '  ' was clicked.
2020-08-05 15:54:28,766|base_page.py[line:66] INFO:Had find the element '  ' successful by xpath via value: //div[@class='modal fade show']//div[@class='glo-row']//input[@id='canDelete_0'] 
2020-08-05 15:54:29,062|base_page.py[line:155] INFO:The element '  ' was clicked.
2020-08-05 15:54:29,603|base_page.py[line:66] INFO:Had find the element '  ' successful by xpath via value: //div[@class='modal fade show']//div[@class='glo-row']//input[@id='canMassUpdate_0'] 
2020-08-05 15:54:29,893|base_page.py[line:155] INFO:The element '  ' was clicked.
2020-08-05 15:54:30,463|base_page.py[line:66] INFO:Had find the element '  ' successful by xpath via value: //div[@class='modal fade show']//div[@class='glo-row']//input[@id='canRead_1'] 
2020-08-05 15:54:30,770|base_page.py[line:155] INFO:The element '  ' was clicked.
2020-08-05 15:54:31,328|base_page.py[line:66] INFO:Had find the element '  ' successful by xpath via value: //div[@class='modal fade show']//div[@class='glo-row']//input[@id='canUpdate_1'] 
2020-08-05 15:54:31,630|base_page.py[line:155] INFO:The element '  ' was clicked.
2020-08-05 15:54:32,190|base_page.py[line:66] INFO:Had find the element '  ' successful by xpath via value: //div[@class='modal fade show']//div[@class='glo-row']//input[@id='canCreate_1'] 
2020-08-05 15:54:32,475|base_page.py[line:155] INFO:The element '  ' was clicked.
2020-08-05 15:54:33,034|base_page.py[line:66] INFO:Had find the element '  ' successful by xpath via value: //div[@class='modal fade show']//div[@class='glo-row']//input[@id='canDelete_1'] 
2020-08-05 15:54:33,327|base_page.py[line:155] INFO:The element '  ' was clicked.
2020-08-05 15:54:33,898|base_page.py[line:66] INFO:Had find the element '  ' successful by xpath via value: //div[@class='modal fade show']//div[@class='glo-row']//input[@id='canMassUpdate_1'] 
2020-08-05 15:54:34,227|base_page.py[line:155] INFO:The element '  ' was clicked.
2020-08-05 15:54:34,787|base_page.py[line:66] INFO:Had find the element ' Next ' successful by xpath via value: //button[contains(text(),'Next')] 
2020-08-05 15:54:34,940|base_page.py[line:155] INFO:The element ' Next ' was clicked.
2020-08-05 15:54:35,498|base_page.py[line:66] INFO:Had find the element ' ljc7ua ' successful by xpath via value: //select[@name='availableUsersSelected']/option[1] 
2020-08-05 15:54:36,060|base_page.py[line:66] INFO:Had find the element '  ' successful by xpath via value: //input[@class='form-control'] 
2020-08-05 15:54:36,279|base_page.py[line:133] INFO:Had type ' ljc7ua ' in inputBox
2020-08-05 15:54:36,832|base_page.py[line:66] INFO:Had find the element ' ljc7ua ' successful by xpath via value: //select[@name='availableUsersSelected'] 
2020-08-05 15:54:37,463|base_page.py[line:66] INFO:Had find the element '     Add     ' successful by xpath via value: //button[contains(text(),'Add')] 
2020-08-05 15:54:37,531|base_page.py[line:155] INFO:The element '     Add     ' was clicked.
2020-08-05 15:54:38,097|base_page.py[line:66] INFO:Had find the element ' Finish ' successful by xpath via value: //button[contains(text(),'Finish')] 
2020-08-05 15:54:38,171|base_page.py[line:155] INFO:The element ' Finish ' was clicked.
2020-08-05 15:54:40,723|base_page.py[line:66] INFO:Had find the element ' Role: 1RsrMv created successfully. ' successful by xpath via value: //div[@role='alert'] 
2020-08-05 15:54:41,284|base_page.py[line:66] INFO:Had find the element ' 1210
QOljAw
h4l4jw ' successful by xpath via value: //div[@class='card']//div[@class='glo-row']//div[@class='rt-tr-group'][1]/div 
2020-08-05 15:54:41,826|base_page.py[line:66] INFO:Had find the element ' 1210
QOljAw
h4l4jw ' successful by xpath via value: //div[@class='card']//div[@class='glo-row']//div[@class='rt-tr-group'][1]/div 
2020-08-05 15:54:53,935|base_page.py[line:68] ERROR:TimeoutException: selector by xpath ,value xpath=>//div[@class='card']//li/a[text()='Users']
2020-08-05 15:54:54,494|base_page.py[line:66] INFO:Had find the element ' Users ' successful by xpath via value: //div[@class='card']//li/a[text()='Users'] 
2020-08-05 15:54:54,654|base_page.py[line:155] INFO:The element ' Users ' was clicked.
2020-08-05 15:54:55,716|base_page.py[line:66] INFO:Had find the element ' 7948
7948
ui-7948
Changsha
Professional Services ' successful by xpath via value: //div[@class='card']//div[@class='glo-row']//div[@class='rt-tr-group'][1]/div 
2020-08-05 15:54:56,261|base_page.py[line:66] INFO:Had find the element ' 7948
7948
ui-7948
Changsha
Professional Services ' successful by xpath via value: //div[@class='card']//div[@class='glo-row']//div[@class='rt-tr-group'][1]/div 
2020-08-05 15:54:56,381|base_page.py[line:155] INFO:The element ' 7948
7948
ui-7948
Changsha
Professional Services ' was clicked.
2020-08-05 15:54:56,924|base_page.py[line:66] INFO:Had find the element ' Edit ' successful by xpath via value: //div[@class='card']//button[text()=' Edit'] 
2020-08-05 15:54:57,045|base_page.py[line:155] INFO:The element ' Edit ' was clicked.
2020-08-05 15:54:57,592|base_page.py[line:66] INFO:Had find the element '  ' successful by xpath via value: //input[@name='userName'] 
2020-08-05 15:54:57,697|base_page.py[line:155] INFO:The element '  ' was clicked.
2020-08-05 15:54:58,229|base_page.py[line:66] INFO:Had find the element '  ' successful by xpath via value: //input[@name='userName'] 
2020-08-05 15:54:58,788|base_page.py[line:66] INFO:Had find the element '  ' successful by xpath via value: //input[@name='userName'] 
2020-08-05 15:54:59,373|base_page.py[line:66] INFO:Had find the element '  ' successful by xpath via value: //input[@name='userName'] 
2020-08-05 15:54:59,535|base_page.py[line:133] INFO:Had type ' tB9Wu2 ' in inputBox
2020-08-05 15:55:00,070|base_page.py[line:66] INFO:Had find the element '  ' successful by xpath via value: //input[@name='firstName'] 
2020-08-05 15:55:00,138|base_page.py[line:155] INFO:The element '  ' was clicked.
2020-08-05 15:55:00,681|base_page.py[line:66] INFO:Had find the element '  ' successful by xpath via value: //input[@name='firstName'] 
2020-08-05 15:55:01,244|base_page.py[line:66] INFO:Had find the element '  ' successful by xpath via value: //input[@name='firstName'] 
2020-08-05 15:55:01,814|base_page.py[line:66] INFO:Had find the element '  ' successful by xpath via value: //input[@name='firstName'] 
2020-08-05 15:55:01,975|base_page.py[line:133] INFO:Had type ' vnL3Tb ' in inputBox
2020-08-05 15:55:02,517|base_page.py[line:66] INFO:Had find the element '  ' successful by xpath via value: //input[@name='lastName'] 
2020-08-05 15:55:02,594|base_page.py[line:155] INFO:The element '  ' was clicked.
2020-08-05 15:55:03,120|base_page.py[line:66] INFO:Had find the element '  ' successful by xpath via value: //input[@name='lastName'] 
2020-08-05 15:55:03,675|base_page.py[line:66] INFO:Had find the element '  ' successful by xpath via value: //input[@name='lastName'] 
2020-08-05 15:55:04,243|base_page.py[line:66] INFO:Had find the element '  ' successful by xpath via value: //input[@name='lastName'] 
2020-08-05 15:55:04,424|base_page.py[line:133] INFO:Had type ' H6PWek ' in inputBox
2020-08-05 15:55:04,973|base_page.py[line:66] INFO:Had find the element ' Security ' successful by xpath via value: //select[@name='availableRolesSelected']/option[1] 
2020-08-05 15:55:05,772|base_page.py[line:66] INFO:Had find the element '  ' successful by xpath via value: //input[@class='form-control'] 
2020-08-05 15:55:06,206|base_page.py[line:133] INFO:Had type ' Security ' in inputBox
2020-08-05 15:55:06,759|base_page.py[line:66] INFO:Had find the element ' Security ' successful by xpath via value: //select[@name='availableRolesSelected'] 
2020-08-05 15:55:07,479|base_page.py[line:66] INFO:Had find the element '     Add     ' successful by xpath via value: //button[contains(text(),'Add')] 
2020-08-05 15:55:07,560|base_page.py[line:155] INFO:The element '     Add     ' was clicked.
2020-08-05 15:55:08,099|base_page.py[line:66] INFO:Had find the element ' Finish ' successful by xpath via value: //button[contains(text(),'Finish')] 
2020-08-05 15:55:08,181|base_page.py[line:155] INFO:The element ' Finish ' was clicked.
2020-08-05 15:55:21,179|base_page.py[line:68] ERROR:TimeoutException: selector by xpath ,value //div[@role='alert']
2020-08-05 15:55:21,179|base_page.py[line:121] ERROR:NoSuchElement selector_by: xpath, selector: //div[@role='alert'] 
