2020-08-05 16:46:40,820|browser_engine.py[line:26] INFO:You had select Chrome browser.
2020-08-05 16:46:40,820|browser_engine.py[line:28] INFO:The test server url is: https://rr-alamo-test.azureedge.net
2020-08-05 16:46:44,988|browser_engine.py[line:42] INFO:Starting Chrome browser.
2020-08-05 16:46:46,142|browser_engine.py[line:56] INFO:Maximize the current window.
2020-08-05 16:46:56,084|browser_engine.py[line:59] INFO:Open url: https://rr-alamo-test.azureedge.net
2020-08-05 16:47:06,654|base_page.py[line:68] ERROR:TimeoutException: selector by xpath ,value xpath=>//div[@class='localAccount']//div[@class='intro']/h2
2020-08-05 16:47:07,215|base_page.py[line:66] INFO:Had find the element ' Sign in with your existing account ' successful by xpath via value: //div[@class='localAccount']//div[@class='intro']/h2 
2020-08-05 16:47:07,787|base_page.py[line:66] INFO:Had find the element '  ' successful by id via value: logonIdentifier 
2020-08-05 16:47:07,827|base_page.py[line:143] INFO:Clear text in input box before typing.
2020-08-05 16:47:08,347|base_page.py[line:66] INFO:Had find the element '  ' successful by id via value: logonIdentifier 
2020-08-05 16:47:08,564|base_page.py[line:133] INFO:Had type ' yan.liu@an-chen.com ' in inputBox
2020-08-05 16:47:09,118|base_page.py[line:66] INFO:Had find the element '  ' successful by id via value: password 
2020-08-05 16:47:09,157|base_page.py[line:143] INFO:Clear text in input box before typing.
2020-08-05 16:47:09,680|base_page.py[line:66] INFO:Had find the element '  ' successful by id via value: password 
2020-08-05 16:47:09,856|base_page.py[line:133] INFO:Had type ' Lychan@2012 ' in inputBox
2020-08-05 16:47:10,401|base_page.py[line:66] INFO:Had find the element ' Sign in ' successful by xpath via value: //div[@class='buttons']/button[text()='Sign in'] 
2020-08-05 16:47:16,660|base_page.py[line:66] INFO:Had find the element ' Welcome, yanliu ' successful by xpath via value: //div[@id='root']//div[@class='content-heading'] 
2020-08-05 16:47:16,661|login.py[line:41] INFO:login success
2020-08-05 16:47:19,236|base_page.py[line:66] INFO:Had find the element ' MANAGE ' successful by id via value: manage 
2020-08-05 16:47:19,324|base_page.py[line:155] INFO:The element ' MANAGE ' was clicked.
2020-08-05 16:47:19,856|base_page.py[line:221] INFO:Had find the elements successful by xpath via value: //ul[@class='dropdown-menu multi-level show']/li/a 
2020-08-05 16:47:20,410|base_page.py[line:66] INFO:Had find the element ' Authorization Management ' successful by xpath via value: //ul[@class='dropdown-menu multi-level show']/li[1]/a 
2020-08-05 16:47:20,559|base_page.py[line:155] INFO:The element ' Authorization Management ' was clicked.
2020-08-05 16:47:20,560|topMenu.py[line:70] INFO:second_menu: Authorization Management
2020-08-05 16:47:21,100|base_page.py[line:66] INFO:Had find the element ' New ' successful by xpath via value: //div[@class='card']//button[text()=' New'] 
2020-08-05 16:47:21,250|base_page.py[line:155] INFO:The element ' New ' was clicked.
2020-08-05 16:47:21,791|base_page.py[line:66] INFO:Had find the element '  ' successful by xpath via value: //input[@name='name'] 
2020-08-05 16:47:21,896|base_page.py[line:155] INFO:The element '  ' was clicked.
2020-08-05 16:47:22,424|base_page.py[line:66] INFO:Had find the element '  ' successful by xpath via value: //input[@name='name'] 
2020-08-05 16:47:22,981|base_page.py[line:66] INFO:Had find the element '  ' successful by xpath via value: //input[@name='name'] 
2020-08-05 16:47:23,539|base_page.py[line:66] INFO:Had find the element '  ' successful by xpath via value: //input[@name='name'] 
2020-08-05 16:47:23,754|base_page.py[line:133] INFO:Had type ' LAKHiw ' in inputBox
2020-08-05 16:47:24,288|base_page.py[line:66] INFO:Had find the element '  ' successful by xpath via value: //input[@name='description'] 
2020-08-05 16:47:24,384|base_page.py[line:155] INFO:The element '  ' was clicked.
2020-08-05 16:47:24,911|base_page.py[line:66] INFO:Had find the element '  ' successful by xpath via value: //input[@name='description'] 
2020-08-05 16:47:25,474|base_page.py[line:66] INFO:Had find the element '  ' successful by xpath via value: //input[@name='description'] 
2020-08-05 16:47:27,796|base_page.py[line:66] INFO:Had find the element '  ' successful by xpath via value: //input[@name='description'] 
2020-08-05 16:47:31,514|base_page.py[line:133] INFO:Had type ' CssbtG ' in inputBox
2020-08-05 16:47:32,113|base_page.py[line:221] INFO:Had find the elements successful by xpath via value: //div[@class='mb-0 card']//div[@class='rt-table']/div[@class='rt-tbody']//div[@class='rt-td'] 
2020-08-05 16:47:52,943|base_page.py[line:66] INFO:Had find the element '  ' successful by xpath via value: //div[@class='modal fade show']//div[@class='glo-row']//input[@id='canRead_0'] 
2020-08-05 16:47:53,499|base_page.py[line:155] INFO:The element '  ' was clicked.
2020-08-05 16:47:54,253|base_page.py[line:66] INFO:Had find the element '  ' successful by xpath via value: //div[@class='modal fade show']//div[@class='glo-row']//input[@id='canUpdate_0'] 
2020-08-05 16:47:54,742|base_page.py[line:155] INFO:The element '  ' was clicked.
2020-08-05 16:47:55,297|base_page.py[line:66] INFO:Had find the element '  ' successful by xpath via value: //div[@class='modal fade show']//div[@class='glo-row']//input[@id='canCreate_0'] 
2020-08-05 16:47:55,691|base_page.py[line:155] INFO:The element '  ' was clicked.
2020-08-05 16:47:56,273|base_page.py[line:66] INFO:Had find the element '  ' successful by xpath via value: //div[@class='modal fade show']//div[@class='glo-row']//input[@id='canDelete_0'] 
2020-08-05 16:47:56,762|base_page.py[line:155] INFO:The element '  ' was clicked.
2020-08-05 16:47:57,335|base_page.py[line:66] INFO:Had find the element '  ' successful by xpath via value: //div[@class='modal fade show']//div[@class='glo-row']//input[@id='canMassUpdate_0'] 
2020-08-05 16:47:57,737|base_page.py[line:155] INFO:The element '  ' was clicked.
2020-08-05 16:47:58,308|base_page.py[line:66] INFO:Had find the element '  ' successful by xpath via value: //div[@class='modal fade show']//div[@class='glo-row']//input[@id='canRead_1'] 
2020-08-05 16:47:58,695|base_page.py[line:155] INFO:The element '  ' was clicked.
2020-08-05 16:47:59,269|base_page.py[line:66] INFO:Had find the element '  ' successful by xpath via value: //div[@class='modal fade show']//div[@class='glo-row']//input[@id='canUpdate_1'] 
2020-08-05 16:47:59,735|base_page.py[line:155] INFO:The element '  ' was clicked.
2020-08-05 16:48:00,309|base_page.py[line:66] INFO:Had find the element '  ' successful by xpath via value: //div[@class='modal fade show']//div[@class='glo-row']//input[@id='canCreate_1'] 
2020-08-05 16:48:00,722|base_page.py[line:155] INFO:The element '  ' was clicked.
2020-08-05 16:48:01,297|base_page.py[line:66] INFO:Had find the element '  ' successful by xpath via value: //div[@class='modal fade show']//div[@class='glo-row']//input[@id='canDelete_1'] 
2020-08-05 16:48:01,654|base_page.py[line:155] INFO:The element '  ' was clicked.
2020-08-05 16:48:02,255|base_page.py[line:66] INFO:Had find the element '  ' successful by xpath via value: //div[@class='modal fade show']//div[@class='glo-row']//input[@id='canMassUpdate_1'] 
2020-08-05 16:48:02,621|base_page.py[line:155] INFO:The element '  ' was clicked.
2020-08-05 16:48:03,193|base_page.py[line:66] INFO:Had find the element ' Next ' successful by xpath via value: //button[contains(text(),'Next')] 
2020-08-05 16:48:03,368|base_page.py[line:155] INFO:The element ' Next ' was clicked.
2020-08-05 16:48:03,924|base_page.py[line:66] INFO:Had find the element ' ljc7ua ' successful by xpath via value: //select[@name='availableUsersSelected']/option[1] 
2020-08-05 16:48:04,511|base_page.py[line:66] INFO:Had find the element '  ' successful by xpath via value: //input[@class='form-control'] 
2020-08-05 16:48:04,756|base_page.py[line:133] INFO:Had type ' ljc7ua ' in inputBox
2020-08-05 16:48:05,313|base_page.py[line:66] INFO:Had find the element ' ljc7ua ' successful by xpath via value: //select[@name='availableUsersSelected'] 
2020-08-05 16:48:05,982|base_page.py[line:66] INFO:Had find the element '     Add     ' successful by xpath via value: //button[contains(text(),'Add')] 
2020-08-05 16:48:06,058|base_page.py[line:155] INFO:The element '     Add     ' was clicked.
2020-08-05 16:48:06,602|base_page.py[line:66] INFO:Had find the element ' Finish ' successful by xpath via value: //button[contains(text(),'Finish')] 
2020-08-05 16:48:06,691|base_page.py[line:155] INFO:The element ' Finish ' was clicked.
2020-08-05 16:48:09,842|base_page.py[line:66] INFO:Had find the element '  ' successful by xpath via value: //div[@role='alert'] 
2020-08-05 16:48:10,449|base_page.py[line:66] INFO:Had find the element ' 1210
QOljAw
h4l4jw ' successful by xpath via value: //div[@class='card']//div[@class='glo-row']//div[@class='rt-tr-group'][1]/div 
2020-08-05 16:48:11,003|base_page.py[line:66] INFO:Had find the element ' 1210
QOljAw
h4l4jw ' successful by xpath via value: //div[@class='card']//div[@class='glo-row']//div[@class='rt-tr-group'][1]/div 
2020-08-05 16:48:23,113|base_page.py[line:68] ERROR:TimeoutException: selector by xpath ,value xpath=>//div[@class='card']//li/a[text()='Users']
2020-08-05 16:48:23,663|base_page.py[line:66] INFO:Had find the element ' Users ' successful by xpath via value: //div[@class='card']//li/a[text()='Users'] 
2020-08-05 16:48:23,881|base_page.py[line:155] INFO:The element ' Users ' was clicked.
2020-08-05 16:48:24,446|base_page.py[line:66] INFO:Had find the element ' vnL3Tb
H6PWek
tb9wu2
Changsha
Professional Services ' successful by xpath via value: //div[@class='card']//div[@class='glo-row']//div[@class='rt-tr-group'][1]/div 
2020-08-05 16:48:24,997|base_page.py[line:66] INFO:Had find the element ' vnL3Tb
H6PWek
tb9wu2
Changsha
Professional Services ' successful by xpath via value: //div[@class='card']//div[@class='glo-row']//div[@class='rt-tr-group'][1]/div 
2020-08-05 16:48:25,115|base_page.py[line:155] INFO:The element ' vnL3Tb
H6PWek
tb9wu2
Changsha
Professional Services ' was clicked.
2020-08-05 16:48:25,723|base_page.py[line:66] INFO:Had find the element ' Edit ' successful by xpath via value: //div[@class='card']//button[text()=' Edit'] 
2020-08-05 16:48:25,869|base_page.py[line:155] INFO:The element ' Edit ' was clicked.
2020-08-05 16:48:26,496|base_page.py[line:66] INFO:Had find the element '  ' successful by xpath via value: //input[@name='userName'] 
2020-08-05 16:48:26,674|base_page.py[line:155] INFO:The element '  ' was clicked.
2020-08-05 16:48:27,218|base_page.py[line:66] INFO:Had find the element '  ' successful by xpath via value: //input[@name='userName'] 
2020-08-05 16:48:27,798|base_page.py[line:66] INFO:Had find the element '  ' successful by xpath via value: //input[@name='userName'] 
2020-08-05 16:48:28,367|base_page.py[line:66] INFO:Had find the element '  ' successful by xpath via value: //input[@name='userName'] 
2020-08-05 16:48:28,554|base_page.py[line:133] INFO:Had type ' N6Sj52 ' in inputBox
2020-08-05 16:48:29,119|base_page.py[line:66] INFO:Had find the element '  ' successful by xpath via value: //input[@name='firstName'] 
2020-08-05 16:48:29,259|base_page.py[line:155] INFO:The element '  ' was clicked.
2020-08-05 16:48:29,792|base_page.py[line:66] INFO:Had find the element '  ' successful by xpath via value: //input[@name='firstName'] 
2020-08-05 16:48:30,362|base_page.py[line:66] INFO:Had find the element '  ' successful by xpath via value: //input[@name='firstName'] 
2020-08-05 16:48:30,943|base_page.py[line:66] INFO:Had find the element '  ' successful by xpath via value: //input[@name='firstName'] 
2020-08-05 16:48:31,108|base_page.py[line:133] INFO:Had type ' 1kkmEl ' in inputBox
2020-08-05 16:48:31,691|base_page.py[line:66] INFO:Had find the element '  ' successful by xpath via value: //input[@name='lastName'] 
2020-08-05 16:48:31,819|base_page.py[line:155] INFO:The element '  ' was clicked.
2020-08-05 16:48:32,351|base_page.py[line:66] INFO:Had find the element '  ' successful by xpath via value: //input[@name='lastName'] 
2020-08-05 16:48:32,923|base_page.py[line:66] INFO:Had find the element '  ' successful by xpath via value: //input[@name='lastName'] 
2020-08-05 16:48:33,494|base_page.py[line:66] INFO:Had find the element '  ' successful by xpath via value: //input[@name='lastName'] 
2020-08-05 16:48:33,658|base_page.py[line:133] INFO:Had type ' G6Z2oJ ' in inputBox
2020-08-05 16:48:34,221|base_page.py[line:66] INFO:Had find the element ' Security ' successful by xpath via value: //select[@name='availableRolesSelected']/option[1] 
2020-08-05 16:48:34,798|base_page.py[line:66] INFO:Had find the element '  ' successful by xpath via value: //input[@class='form-control'] 
2020-08-05 16:48:35,115|base_page.py[line:133] INFO:Had type ' Security ' in inputBox
2020-08-05 16:48:35,909|base_page.py[line:66] INFO:Had find the element ' Security ' successful by xpath via value: //select[@name='availableRolesSelected'] 
2020-08-05 16:48:36,690|base_page.py[line:66] INFO:Had find the element '     Add     ' successful by xpath via value: //button[contains(text(),'Add')] 
2020-08-05 16:48:36,774|base_page.py[line:155] INFO:The element '     Add     ' was clicked.
2020-08-05 16:48:37,303|base_page.py[line:66] INFO:Had find the element ' Finish ' successful by xpath via value: //button[contains(text(),'Finish')] 
2020-08-05 16:48:37,371|base_page.py[line:155] INFO:The element ' Finish ' was clicked.
2020-08-05 16:48:50,330|base_page.py[line:68] ERROR:TimeoutException: selector by xpath ,value //div[@role='alert']
2020-08-05 16:48:50,330|base_page.py[line:121] ERROR:NoSuchElement selector_by: xpath, selector: //div[@role='alert'] 
