2020-06-10 11:49:29,922|browser_engine.py[line:27] INFO:You had select Chrome browser.
2020-06-10 11:49:29,923|browser_engine.py[line:29] INFO:The test server url is: https://rralamotest.z21.web.core.windows.net/
2020-06-10 11:49:35,596|browser_engine.py[line:44] INFO:Starting Chrome browser.
2020-06-10 11:49:37,363|browser_engine.py[line:58] INFO:Maximize the current window.
2020-06-10 11:49:53,324|browser_engine.py[line:27] INFO:You had select Chrome browser.
2020-06-10 11:49:53,325|browser_engine.py[line:29] INFO:The test server url is: https://rralamotest.z21.web.core.windows.net/
2020-06-10 11:49:58,438|browser_engine.py[line:44] INFO:Starting Chrome browser.
2020-06-10 11:49:59,763|browser_engine.py[line:58] INFO:Maximize the current window.
2020-06-10 11:50:28,611|browser_engine.py[line:61] INFO:Open url: https://rralamotest.z21.web.core.windows.net/
2020-06-10 11:50:39,549|base_page.py[line:69] ERROR:TimeoutException: selector by xpath ,value xpath=>//div[@class='localAccount']//div[@class='intro']/h2
2020-06-10 11:50:40,104|base_page.py[line:67] INFO:Had find the element ' Sign in with your existing account ' successful by xpath via value: //div[@class='localAccount']//div[@class='intro']/h2 
2020-06-10 11:50:40,715|base_page.py[line:67] INFO:Had find the element '  ' successful by id via value: logonIdentifier 
2020-06-10 11:50:40,820|base_page.py[line:144] INFO:Clear text in input box before typing.
2020-06-10 11:50:41,350|base_page.py[line:67] INFO:Had find the element '  ' successful by id via value: logonIdentifier 
2020-06-10 11:50:41,653|base_page.py[line:134] INFO:Had type ' yan.liu@an-chen.com ' in inputBox
2020-06-10 11:50:42,250|base_page.py[line:67] INFO:Had find the element '  ' successful by id via value: password 
2020-06-10 11:50:42,363|base_page.py[line:144] INFO:Clear text in input box before typing.
2020-06-10 11:50:42,958|base_page.py[line:67] INFO:Had find the element '  ' successful by id via value: password 
2020-06-10 11:50:43,650|base_page.py[line:134] INFO:Had type ' Lychan@2012 ' in inputBox
2020-06-10 11:50:44,233|base_page.py[line:67] INFO:Had find the element ' Sign in ' successful by xpath via value: //div[@class='buttons']/button[text()='Sign in'] 
2020-06-10 11:51:11,491|base_page.py[line:69] ERROR:TimeoutException: selector by xpath ,value xpath=>//div[@id='root']//div[@class='content-heading']
2020-06-10 11:51:36,314|base_page.py[line:67] INFO:Had find the element ' Welcome, yanliu ' successful by xpath via value: //div[@id='root']//div[@class='content-heading'] 
2020-06-10 11:51:36,314|login.py[line:41] INFO:login success
