2020-08-06 16:54:15,519|browser_engine.py[line:26] INFO:You had select Chrome browser.
2020-08-06 16:54:15,520|browser_engine.py[line:28] INFO:The test server url is: https://rr-alamo-test.azureedge.net
2020-08-06 16:54:20,546|browser_engine.py[line:42] INFO:Starting Chrome browser.
2020-08-06 16:54:21,737|browser_engine.py[line:56] INFO:Maximize the current window.
2020-08-06 16:54:33,215|browser_engine.py[line:59] INFO:Open url: https://rr-alamo-test.azureedge.net
2020-08-06 16:54:44,226|base_page.py[line:68] ERROR:TimeoutException: selector by xpath ,value xpath=>//div[@class='localAccount']//div[@class='intro']/h2
2020-08-06 16:54:44,778|base_page.py[line:66] INFO:Had find the element ' Sign in with your existing account ' successful by xpath via value: //div[@class='localAccount']//div[@class='intro']/h2 
2020-08-06 16:54:45,341|base_page.py[line:66] INFO:Had find the element '  ' successful by id via value: logonIdentifier 
2020-08-06 16:54:45,390|base_page.py[line:143] INFO:Clear text in input box before typing.
2020-08-06 16:54:45,918|base_page.py[line:66] INFO:Had find the element '  ' successful by id via value: logonIdentifier 
2020-08-06 16:54:46,169|base_page.py[line:133] INFO:Had type ' yan.liu@an-chen.com ' in inputBox
2020-08-06 16:54:46,734|base_page.py[line:66] INFO:Had find the element '  ' successful by id via value: password 
2020-08-06 16:54:46,821|base_page.py[line:143] INFO:Clear text in input box before typing.
2020-08-06 16:54:47,433|base_page.py[line:66] INFO:Had find the element '  ' successful by id via value: password 
2020-08-06 16:54:47,885|base_page.py[line:133] INFO:Had type ' Lychan@2012 ' in inputBox
2020-08-06 16:54:48,429|base_page.py[line:66] INFO:Had find the element ' Sign in ' successful by xpath via value: //div[@class='buttons']/button[text()='Sign in'] 
2020-08-06 16:54:54,892|browser_engine.py[line:26] INFO:You had select Chrome browser.
2020-08-06 16:54:54,892|browser_engine.py[line:28] INFO:The test server url is: https://rr-alamo-test.azureedge.net
2020-08-06 16:54:58,312|browser_engine.py[line:42] INFO:Starting Chrome browser.
2020-08-06 16:54:59,464|browser_engine.py[line:56] INFO:Maximize the current window.
2020-08-06 16:55:02,358|browser_engine.py[line:59] INFO:Open url: https://rr-alamo-test.azureedge.net
2020-08-06 16:55:13,345|base_page.py[line:68] ERROR:TimeoutException: selector by xpath ,value xpath=>//div[@class='localAccount']//div[@class='intro']/h2
2020-08-06 16:55:13,966|base_page.py[line:66] INFO:Had find the element ' Sign in with your existing account ' successful by xpath via value: //div[@class='localAccount']//div[@class='intro']/h2 
2020-08-06 16:55:14,608|base_page.py[line:66] INFO:Had find the element '  ' successful by id via value: logonIdentifier 
2020-08-06 16:55:14,844|base_page.py[line:143] INFO:Clear text in input box before typing.
2020-08-06 16:55:15,382|base_page.py[line:66] INFO:Had find the element '  ' successful by id via value: logonIdentifier 
2020-08-06 16:55:15,716|base_page.py[line:133] INFO:Had type ' yan.liu@an-chen.com ' in inputBox
2020-08-06 16:55:16,391|base_page.py[line:66] INFO:Had find the element '  ' successful by id via value: password 
2020-08-06 16:55:16,494|base_page.py[line:143] INFO:Clear text in input box before typing.
2020-08-06 16:55:17,077|base_page.py[line:66] INFO:Had find the element '  ' successful by id via value: password 
2020-08-06 16:55:17,348|base_page.py[line:133] INFO:Had type ' Lychan@2012 ' in inputBox
2020-08-06 16:55:17,924|base_page.py[line:66] INFO:Had find the element ' Sign in ' successful by xpath via value: //div[@class='buttons']/button[text()='Sign in'] 
2020-08-06 16:55:22,492|base_page.py[line:66] INFO:Had find the element ' Welcome, yanliu ' successful by xpath via value: //div[@id='root']//div[@class='content-heading'] 
2020-08-06 16:55:22,493|login.py[line:41] INFO:login success
2020-08-06 16:55:25,101|base_page.py[line:66] INFO:Had find the element ' MANAGE ' successful by id via value: manage 
2020-08-06 16:55:25,262|base_page.py[line:155] INFO:The element ' MANAGE ' was clicked.
2020-08-06 16:55:25,793|base_page.py[line:221] INFO:Had find the elements successful by xpath via value: //ul[@class='dropdown-menu multi-level show']/li/a 
2020-08-06 16:55:26,366|base_page.py[line:66] INFO:Had find the element ' Authorization Management ' successful by xpath via value: //ul[@class='dropdown-menu multi-level show']/li[1]/a 
2020-08-06 16:55:26,569|base_page.py[line:155] INFO:The element ' Authorization Management ' was clicked.
2020-08-06 16:55:26,570|topMenu.py[line:70] INFO:second_menu: Authorization Management
2020-08-06 16:55:28,122|base_page.py[line:66] INFO:Had find the element ' New ' successful by xpath via value: //div[@class='card']//button[text()=' New'] 
2020-08-06 16:55:28,285|base_page.py[line:155] INFO:The element ' New ' was clicked.
2020-08-06 16:55:28,849|base_page.py[line:66] INFO:Had find the element '  ' successful by xpath via value: //input[@name='name'] 
2020-08-06 16:55:29,031|base_page.py[line:155] INFO:The element '  ' was clicked.
2020-08-06 16:55:32,609|base_page.py[line:66] INFO:Had find the element '  ' successful by xpath via value: //input[@name='name'] 
2020-08-06 16:55:33,236|base_page.py[line:66] INFO:Had find the element '  ' successful by xpath via value: //input[@name='name'] 
2020-08-06 16:55:33,808|base_page.py[line:66] INFO:Had find the element '  ' successful by xpath via value: //input[@name='name'] 
2020-08-06 16:55:36,543|base_page.py[line:133] INFO:Had type ' ZqhJDj ' in inputBox
2020-08-06 16:55:37,097|base_page.py[line:66] INFO:Had find the element '  ' successful by xpath via value: //input[@name='description'] 
2020-08-06 16:55:37,204|base_page.py[line:155] INFO:The element '  ' was clicked.
2020-08-06 16:55:37,845|base_page.py[line:66] INFO:Had find the element '  ' successful by xpath via value: //input[@name='description'] 
2020-08-06 16:55:38,424|base_page.py[line:66] INFO:Had find the element '  ' successful by xpath via value: //input[@name='description'] 
2020-08-06 16:55:38,993|base_page.py[line:66] INFO:Had find the element '  ' successful by xpath via value: //input[@name='description'] 
2020-08-06 16:55:41,776|base_page.py[line:133] INFO:Had type ' BZg2NF ' in inputBox
2020-08-06 16:55:42,393|base_page.py[line:221] INFO:Had find the elements successful by xpath via value: //div[@class='mb-0 card']//div[@class='rt-table']/div[@class='rt-tbody']//div[@class='rt-td'] 
2020-08-06 16:56:05,730|base_page.py[line:66] INFO:Had find the element '  ' successful by xpath via value: //div[@class='modal fade show']//div[@class='glo-row']//input[@id='canRead_139'] 
2020-08-06 16:56:07,369|base_page.py[line:155] INFO:The element '  ' was clicked.
2020-08-06 16:56:07,982|base_page.py[line:66] INFO:Had find the element '  ' successful by xpath via value: //div[@class='modal fade show']//div[@class='glo-row']//input[@id='canUpdate_139'] 
2020-08-06 16:56:08,770|base_page.py[line:155] INFO:The element '  ' was clicked.
2020-08-06 16:56:09,322|base_page.py[line:66] INFO:Had find the element '  ' successful by xpath via value: //div[@class='modal fade show']//div[@class='glo-row']//input[@id='canCreate_139'] 
2020-08-06 16:56:09,778|base_page.py[line:155] INFO:The element '  ' was clicked.
2020-08-06 16:56:10,341|base_page.py[line:66] INFO:Had find the element '  ' successful by xpath via value: //div[@class='modal fade show']//div[@class='glo-row']//input[@id='canDelete_139'] 
2020-08-06 16:56:10,778|base_page.py[line:155] INFO:The element '  ' was clicked.
2020-08-06 16:56:11,355|base_page.py[line:66] INFO:Had find the element '  ' successful by xpath via value: //div[@class='modal fade show']//div[@class='glo-row']//input[@id='canMassUpdate_139'] 
2020-08-06 16:56:11,730|base_page.py[line:155] INFO:The element '  ' was clicked.
2020-08-06 16:56:12,306|base_page.py[line:66] INFO:Had find the element '  ' successful by xpath via value: //div[@class='modal fade show']//div[@class='glo-row']//input[@id='canRead_141'] 
2020-08-06 16:56:12,754|base_page.py[line:155] INFO:The element '  ' was clicked.
2020-08-06 16:56:13,323|base_page.py[line:66] INFO:Had find the element '  ' successful by xpath via value: //div[@class='modal fade show']//div[@class='glo-row']//input[@id='canUpdate_141'] 
2020-08-06 16:56:13,771|base_page.py[line:155] INFO:The element '  ' was clicked.
2020-08-06 16:56:14,350|base_page.py[line:66] INFO:Had find the element '  ' successful by xpath via value: //div[@class='modal fade show']//div[@class='glo-row']//input[@id='canCreate_141'] 
2020-08-06 16:56:14,846|base_page.py[line:155] INFO:The element '  ' was clicked.
2020-08-06 16:56:15,490|base_page.py[line:66] INFO:Had find the element '  ' successful by xpath via value: //div[@class='modal fade show']//div[@class='glo-row']//input[@id='canDelete_141'] 
2020-08-06 16:56:15,947|base_page.py[line:155] INFO:The element '  ' was clicked.
2020-08-06 16:56:16,506|base_page.py[line:66] INFO:Had find the element '  ' successful by xpath via value: //div[@class='modal fade show']//div[@class='glo-row']//input[@id='canMassUpdate_141'] 
2020-08-06 16:56:16,996|base_page.py[line:155] INFO:The element '  ' was clicked.
2020-08-06 16:56:17,568|base_page.py[line:66] INFO:Had find the element ' Next ' successful by xpath via value: //button[contains(text(),'Next')] 
2020-08-06 16:56:17,778|base_page.py[line:155] INFO:The element ' Next ' was clicked.
2020-08-06 16:56:18,323|base_page.py[line:66] INFO:Had find the element ' ljc7ua ' successful by xpath via value: //select[@name='availableUsersSelected']/option[1] 
2020-08-06 16:56:18,909|base_page.py[line:66] INFO:Had find the element '  ' successful by xpath via value: //input[@class='form-control'] 
2020-08-06 16:56:19,202|base_page.py[line:133] INFO:Had type ' ljc7ua ' in inputBox
2020-08-06 16:56:19,772|base_page.py[line:66] INFO:Had find the element ' ljc7ua ' successful by xpath via value: //select[@name='availableUsersSelected'] 
2020-08-06 16:56:20,441|base_page.py[line:66] INFO:Had find the element '     Add     ' successful by xpath via value: //button[contains(text(),'Add')] 
2020-08-06 16:56:20,521|base_page.py[line:155] INFO:The element '     Add     ' was clicked.
2020-08-06 16:56:21,075|base_page.py[line:66] INFO:Had find the element ' Finish ' successful by xpath via value: //button[contains(text(),'Finish')] 
2020-08-06 16:56:21,175|base_page.py[line:155] INFO:The element ' Finish ' was clicked.
2020-08-06 16:56:25,721|base_page.py[line:66] INFO:Had find the element ' Role: ZqhJDj created successfully. ' successful by xpath via value: //div[@role='alert'] 
2020-08-06 16:56:27,329|base_page.py[line:66] INFO:Had find the element ' 1251
ZqhJDj
BZg2NF ' successful by xpath via value: //div[@class='card']//div[@class='glo-row']//div[@class='rt-tr-group'][1]/div 
2020-08-06 16:56:27,894|base_page.py[line:66] INFO:Had find the element ' 1251
ZqhJDj
BZg2NF ' successful by xpath via value: //div[@class='card']//div[@class='glo-row']//div[@class='rt-tr-group'][1]/div 
2020-08-06 16:56:28,009|base_page.py[line:155] INFO:The element ' 1251
ZqhJDj
BZg2NF ' was clicked.
2020-08-06 16:56:28,569|base_page.py[line:66] INFO:Had find the element ' Edit ' successful by xpath via value: //div[@class='card']//button[text()=' Edit'] 
2020-08-06 16:56:30,391|base_page.py[line:155] INFO:The element ' Edit ' was clicked.
2020-08-06 16:56:30,942|base_page.py[line:66] INFO:Had find the element '  ' successful by xpath via value: //input[@name='name'] 
2020-08-06 16:56:32,180|base_page.py[line:155] INFO:The element '  ' was clicked.
2020-08-06 16:56:32,734|base_page.py[line:66] INFO:Had find the element '  ' successful by xpath via value: //input[@name='name'] 
2020-08-06 16:56:33,339|base_page.py[line:66] INFO:Had find the element '  ' successful by xpath via value: //input[@name='name'] 
2020-08-06 16:56:34,258|base_page.py[line:66] INFO:Had find the element '  ' successful by xpath via value: //input[@name='name'] 
2020-08-06 16:56:37,127|base_page.py[line:133] INFO:Had type ' SCgQFb ' in inputBox
2020-08-06 16:56:37,752|base_page.py[line:66] INFO:Had find the element '  ' successful by xpath via value: //input[@name='description'] 
2020-08-06 16:56:37,875|base_page.py[line:155] INFO:The element '  ' was clicked.
2020-08-06 16:56:38,421|base_page.py[line:66] INFO:Had find the element '  ' successful by xpath via value: //input[@name='description'] 
2020-08-06 16:56:38,998|base_page.py[line:66] INFO:Had find the element '  ' successful by xpath via value: //input[@name='description'] 
2020-08-06 16:56:39,904|base_page.py[line:66] INFO:Had find the element '  ' successful by xpath via value: //input[@name='description'] 
2020-08-06 16:56:42,282|base_page.py[line:133] INFO:Had type ' b92QYA ' in inputBox
2020-08-06 16:56:42,907|base_page.py[line:221] INFO:Had find the elements successful by xpath via value: //div[@class='mb-0 card']//div[@class='rt-table']/div[@class='rt-tbody']//div[@class='rt-td'] 
2020-08-06 16:57:05,863|base_page.py[line:66] INFO:Had find the element '  ' successful by xpath via value: //div[@class='modal fade show']//div[@class='glo-row']//input[@id='canRead_139'] 
2020-08-06 16:57:06,320|base_page.py[line:155] INFO:The element '  ' was clicked.
2020-08-06 16:57:06,894|base_page.py[line:66] INFO:Had find the element '  ' successful by xpath via value: //div[@class='modal fade show']//div[@class='glo-row']//input[@id='canUpdate_139'] 
2020-08-06 16:57:07,341|base_page.py[line:155] INFO:The element '  ' was clicked.
2020-08-06 16:57:07,914|base_page.py[line:66] INFO:Had find the element '  ' successful by xpath via value: //div[@class='modal fade show']//div[@class='glo-row']//input[@id='canCreate_139'] 
2020-08-06 16:57:08,366|base_page.py[line:155] INFO:The element '  ' was clicked.
2020-08-06 16:57:08,932|base_page.py[line:66] INFO:Had find the element '  ' successful by xpath via value: //div[@class='modal fade show']//div[@class='glo-row']//input[@id='canDelete_139'] 
2020-08-06 16:57:09,386|base_page.py[line:155] INFO:The element '  ' was clicked.
2020-08-06 16:57:09,970|base_page.py[line:66] INFO:Had find the element '  ' successful by xpath via value: //div[@class='modal fade show']//div[@class='glo-row']//input[@id='canMassUpdate_139'] 
2020-08-06 16:57:10,402|base_page.py[line:155] INFO:The element '  ' was clicked.
2020-08-06 16:57:10,971|base_page.py[line:66] INFO:Had find the element '  ' successful by xpath via value: //div[@class='modal fade show']//div[@class='glo-row']//input[@id='canRead_140'] 
2020-08-06 16:57:11,433|base_page.py[line:155] INFO:The element '  ' was clicked.
2020-08-06 16:57:12,003|base_page.py[line:66] INFO:Had find the element '  ' successful by xpath via value: //div[@class='modal fade show']//div[@class='glo-row']//input[@id='canUpdate_140'] 
2020-08-06 16:57:12,438|base_page.py[line:155] INFO:The element '  ' was clicked.
2020-08-06 16:57:13,015|base_page.py[line:66] INFO:Had find the element '  ' successful by xpath via value: //div[@class='modal fade show']//div[@class='glo-row']//input[@id='canCreate_140'] 
2020-08-06 16:57:13,395|base_page.py[line:155] INFO:The element '  ' was clicked.
2020-08-06 16:57:13,968|base_page.py[line:66] INFO:Had find the element '  ' successful by xpath via value: //div[@class='modal fade show']//div[@class='glo-row']//input[@id='canDelete_140'] 
2020-08-06 16:57:14,380|base_page.py[line:155] INFO:The element '  ' was clicked.
2020-08-06 16:57:14,947|base_page.py[line:66] INFO:Had find the element '  ' successful by xpath via value: //div[@class='modal fade show']//div[@class='glo-row']//input[@id='canMassUpdate_140'] 
2020-08-06 16:57:15,365|base_page.py[line:155] INFO:The element '  ' was clicked.
2020-08-06 16:57:15,915|base_page.py[line:66] INFO:Had find the element ' Users ' successful by xpath via value: //div[@class='mb-0 card']//li/a[text()='Users'] 
2020-08-06 16:57:16,094|base_page.py[line:155] INFO:The element ' Users ' was clicked.
2020-08-06 16:57:16,658|base_page.py[line:66] INFO:Had find the element ' ljc7ua ' successful by xpath via value: //select[@name='assignedUsersSelected'] 
2020-08-06 16:57:17,321|base_page.py[line:66] INFO:Had find the element ' Remove ' successful by xpath via value: //button[contains(text(),'Remove')] 
2020-08-06 16:57:17,402|base_page.py[line:155] INFO:The element ' Remove ' was clicked.
2020-08-06 16:57:17,955|base_page.py[line:66] INFO:Had find the element ' Finish ' successful by xpath via value: //button[contains(text(),'Finish')] 
2020-08-06 16:57:18,032|base_page.py[line:155] INFO:The element ' Finish ' was clicked.
2020-08-06 16:57:22,594|base_page.py[line:66] INFO:Had find the element ' UNPROCESSABLE_ENTITY undefined ' successful by xpath via value: //div[@role='alert'] 
2020-08-06 16:57:24,178|base_page.py[line:66] INFO:Had find the element ' 1251
ZqhJDj
BZg2NF ' successful by xpath via value: //div[@class='card']//div[@class='glo-row']//div[@class='rt-tr-group'][1]/div 
2020-08-06 16:57:35,076|base_page.py[line:68] ERROR:TimeoutException: selector by xpath ,value //div[@class='card']//button[text()=' inactivate']
2020-08-06 16:57:35,076|base_page.py[line:121] ERROR:NoSuchElement selector_by: xpath, selector: //div[@class='card']//button[text()=' inactivate'] 
2020-08-06 16:57:45,959|base_page.py[line:68] ERROR:TimeoutException: selector by xpath ,value xpath=>//div[@class='card']//li/a[text()='Users']
2020-08-06 16:57:46,498|base_page.py[line:66] INFO:Had find the element ' Users ' successful by xpath via value: //div[@class='card']//li/a[text()='Users'] 
