2020-08-06 10:05:02,303|browser_engine.py[line:26] INFO:You had select Chrome browser.
2020-08-06 10:05:02,303|browser_engine.py[line:28] INFO:The test server url is: https://rr-alamo-test.azureedge.net
2020-08-06 10:05:06,600|browser_engine.py[line:42] INFO:Starting Chrome browser.
2020-08-06 10:05:07,775|browser_engine.py[line:56] INFO:Maximize the current window.
2020-08-06 10:05:15,263|browser_engine.py[line:59] INFO:Open url: https://rr-alamo-test.azureedge.net
2020-08-06 10:05:26,271|base_page.py[line:68] ERROR:TimeoutException: selector by xpath ,value xpath=>//div[@class='localAccount']//div[@class='intro']/h2
2020-08-06 10:05:37,013|base_page.py[line:68] ERROR:TimeoutException: selector by xpath ,value //div[@class='localAccount']//div[@class='intro']/h2
2020-08-06 10:05:37,013|base_page.py[line:121] ERROR:NoSuchElement selector_by: xpath, selector: //div[@class='localAccount']//div[@class='intro']/h2 
2020-08-06 10:05:47,741|browser_engine.py[line:26] INFO:You had select Chrome browser.
2020-08-06 10:05:47,741|browser_engine.py[line:28] INFO:The test server url is: https://rr-alamo-test.azureedge.net
2020-08-06 10:05:51,950|browser_engine.py[line:42] INFO:Starting Chrome browser.
2020-08-06 10:05:53,250|browser_engine.py[line:56] INFO:Maximize the current window.
2020-08-06 10:08:50,587|browser_engine.py[line:59] INFO:Open url: https://rr-alamo-test.azureedge.net
2020-08-06 10:09:01,563|base_page.py[line:68] ERROR:TimeoutException: selector by xpath ,value xpath=>//div[@class='localAccount']//div[@class='intro']/h2
2020-08-06 10:09:02,113|base_page.py[line:66] INFO:Had find the element ' Sign in with your existing account ' successful by xpath via value: //div[@class='localAccount']//div[@class='intro']/h2 
2020-08-06 10:09:02,689|base_page.py[line:66] INFO:Had find the element '  ' successful by id via value: logonIdentifier 
2020-08-06 10:09:02,727|base_page.py[line:143] INFO:Clear text in input box before typing.
2020-08-06 10:09:03,263|base_page.py[line:66] INFO:Had find the element '  ' successful by id via value: logonIdentifier 
2020-08-06 10:09:03,424|base_page.py[line:133] INFO:Had type ' yan.liu@an-chen.com ' in inputBox
2020-08-06 10:09:03,987|base_page.py[line:66] INFO:Had find the element '  ' successful by id via value: password 
2020-08-06 10:09:04,024|base_page.py[line:143] INFO:Clear text in input box before typing.
2020-08-06 10:09:04,544|base_page.py[line:66] INFO:Had find the element '  ' successful by id via value: password 
2020-08-06 10:09:04,886|base_page.py[line:133] INFO:Had type ' Lychan@2012 ' in inputBox
2020-08-06 10:09:05,456|base_page.py[line:66] INFO:Had find the element ' Sign in ' successful by xpath via value: //div[@class='buttons']/button[text()='Sign in'] 
2020-08-06 10:09:11,325|base_page.py[line:66] INFO:Had find the element ' Welcome, yanliu ' successful by xpath via value: //div[@id='root']//div[@class='content-heading'] 
2020-08-06 10:09:11,325|login.py[line:41] INFO:login success
2020-08-06 10:09:13,951|base_page.py[line:66] INFO:Had find the element ' CUSTOMERS ' successful by id via value: customers 
2020-08-06 10:09:14,039|base_page.py[line:155] INFO:The element ' CUSTOMERS ' was clicked.
2020-08-06 10:09:14,601|base_page.py[line:221] INFO:Had find the elements successful by xpath via value: //ul[@class='dropdown-menu multi-level show']/li/a 
2020-08-06 10:09:15,217|base_page.py[line:66] INFO:Had find the element ' New ' successful by xpath via value: //ul[@class='dropdown-menu multi-level show']/li[2]/a 
2020-08-06 10:09:15,324|base_page.py[line:155] INFO:The element ' New ' was clicked.
2020-08-06 10:09:15,324|topMenu.py[line:70] INFO:second_menu: New
2020-08-06 10:09:17,446|base_page.py[line:66] INFO:Had find the element ' Select one...
Person
Organization ' successful by xpath via value: //select[@name='typeName'] 
2020-08-06 10:09:17,572|base_page.py[line:155] INFO:The element ' Select one...
Person
Organization ' was clicked.
2020-08-06 10:09:18,115|base_page.py[line:66] INFO:Had find the element ' Select one...
Person
Organization ' successful by xpath via value: //select[@name='typeName'] 
2020-08-06 10:09:18,740|base_page.py[line:66] INFO:Had find the element ' Select one...
Sole Proprietor
Individual
Household ' successful by xpath via value: //select[@name='entityClass'] 
2020-08-06 10:09:18,840|base_page.py[line:155] INFO:The element ' Select one...
Sole Proprietor
Individual
Household ' was clicked.
2020-08-06 10:09:19,390|base_page.py[line:66] INFO:Had find the element ' Select one...
Sole Proprietor
Individual
Household ' successful by xpath via value: //select[@name='entityClass'] 
2020-08-06 10:09:20,078|base_page.py[line:66] INFO:Had find the element ' Save ' successful by xpath via value: //button[text()='Save'] 
2020-08-06 10:09:20,268|base_page.py[line:155] INFO:The element ' Save ' was clicked.
2020-08-06 10:09:21,800|base_page.py[line:221] INFO:Had find the elements successful by xpath via value: //div[@role='alert']/div[@class='summaryMessage'] 
2020-08-06 10:09:24,352|base_page.py[line:66] INFO:Had find the element ' CUSTOMERS ' successful by id via value: customers 
2020-08-06 10:09:24,426|base_page.py[line:155] INFO:The element ' CUSTOMERS ' was clicked.
2020-08-06 10:09:24,936|base_page.py[line:221] INFO:Had find the elements successful by xpath via value: //ul[@class='dropdown-menu multi-level show']/li/a 
2020-08-06 10:09:25,495|base_page.py[line:66] INFO:Had find the element ' New ' successful by xpath via value: //ul[@class='dropdown-menu multi-level show']/li[2]/a 
2020-08-06 10:09:25,576|base_page.py[line:155] INFO:The element ' New ' was clicked.
2020-08-06 10:09:25,577|topMenu.py[line:70] INFO:second_menu: New
2020-08-06 10:09:26,132|base_page.py[line:66] INFO:Had find the element ' Select one...
Person
Organization ' successful by xpath via value: //select[@name='typeName'] 
2020-08-06 10:09:26,226|base_page.py[line:155] INFO:The element ' Select one...
Person
Organization ' was clicked.
2020-08-06 10:09:26,779|base_page.py[line:66] INFO:Had find the element ' Select one...
Person
Organization ' successful by xpath via value: //select[@name='typeName'] 
2020-08-06 10:09:27,394|base_page.py[line:66] INFO:Had find the element ' Select one...
Company
Government
Trust/Estate ' successful by xpath via value: //select[@name='entityClass'] 
2020-08-06 10:09:27,491|base_page.py[line:155] INFO:The element ' Select one...
Company
Government
Trust/Estate ' was clicked.
2020-08-06 10:09:28,039|base_page.py[line:66] INFO:Had find the element ' Select one...
Company
Government
Trust/Estate ' successful by xpath via value: //select[@name='entityClass'] 
2020-08-06 10:09:28,706|base_page.py[line:66] INFO:Had find the element ' Save ' successful by xpath via value: //button[text()='Save'] 
2020-08-06 10:09:28,808|base_page.py[line:155] INFO:The element ' Save ' was clicked.
2020-08-06 10:09:30,325|base_page.py[line:221] INFO:Had find the elements successful by xpath via value: //div[@role='alert']/div[@class='summaryMessage'] 
2020-08-06 10:09:32,898|base_page.py[line:66] INFO:Had find the element ' CUSTOMERS ' successful by id via value: customers 
2020-08-06 10:09:32,960|base_page.py[line:155] INFO:The element ' CUSTOMERS ' was clicked.
2020-08-06 10:09:33,481|base_page.py[line:221] INFO:Had find the elements successful by xpath via value: //ul[@class='dropdown-menu multi-level show']/li/a 
2020-08-06 10:09:34,051|base_page.py[line:66] INFO:Had find the element ' New ' successful by xpath via value: //ul[@class='dropdown-menu multi-level show']/li[2]/a 
2020-08-06 10:09:34,112|base_page.py[line:155] INFO:The element ' New ' was clicked.
2020-08-06 10:09:34,112|topMenu.py[line:70] INFO:second_menu: New
2020-08-06 10:09:34,676|base_page.py[line:66] INFO:Had find the element ' Select one...
Person
Organization ' successful by xpath via value: //select[@name='typeName'] 
2020-08-06 10:09:34,777|base_page.py[line:155] INFO:The element ' Select one...
Person
Organization ' was clicked.
2020-08-06 10:09:35,327|base_page.py[line:66] INFO:Had find the element ' Select one...
Person
Organization ' successful by xpath via value: //select[@name='typeName'] 
2020-08-06 10:09:35,943|base_page.py[line:66] INFO:Had find the element ' Select one...
Sole Proprietor
Individual
Household ' successful by xpath via value: //select[@name='entityClass'] 
2020-08-06 10:09:36,115|base_page.py[line:155] INFO:The element ' Select one...
Sole Proprietor
Individual
Household ' was clicked.
2020-08-06 10:09:36,669|base_page.py[line:66] INFO:Had find the element ' Select one...
Sole Proprietor
Individual
Household ' successful by xpath via value: //select[@name='entityClass'] 
2020-08-06 10:09:37,338|base_page.py[line:66] INFO:Had find the element ' Save ' successful by xpath via value: //button[text()='Save'] 
2020-08-06 10:09:37,498|base_page.py[line:155] INFO:The element ' Save ' was clicked.
2020-08-06 10:09:39,014|base_page.py[line:221] INFO:Had find the elements successful by xpath via value: //div[@role='alert']/div[@class='summaryMessage'] 
2020-08-06 10:09:41,585|base_page.py[line:66] INFO:Had find the element ' CUSTOMERS ' successful by id via value: customers 
2020-08-06 10:09:41,664|base_page.py[line:155] INFO:The element ' CUSTOMERS ' was clicked.
2020-08-06 10:09:42,179|base_page.py[line:221] INFO:Had find the elements successful by xpath via value: //ul[@class='dropdown-menu multi-level show']/li/a 
2020-08-06 10:09:42,746|base_page.py[line:66] INFO:Had find the element ' New ' successful by xpath via value: //ul[@class='dropdown-menu multi-level show']/li[2]/a 
2020-08-06 10:09:42,828|base_page.py[line:155] INFO:The element ' New ' was clicked.
2020-08-06 10:09:42,828|topMenu.py[line:70] INFO:second_menu: New
2020-08-06 10:09:43,383|base_page.py[line:66] INFO:Had find the element ' Select one...
Person
Organization ' successful by xpath via value: //select[@name='typeName'] 
2020-08-06 10:09:43,491|base_page.py[line:155] INFO:The element ' Select one...
Person
Organization ' was clicked.
2020-08-06 10:09:44,017|base_page.py[line:66] INFO:Had find the element ' Select one...
Person
Organization ' successful by xpath via value: //select[@name='typeName'] 
2020-08-06 10:09:44,646|base_page.py[line:66] INFO:Had find the element ' Select one...
Company
Government
Trust/Estate ' successful by xpath via value: //select[@name='entityClass'] 
2020-08-06 10:09:44,764|base_page.py[line:155] INFO:The element ' Select one...
Company
Government
Trust/Estate ' was clicked.
2020-08-06 10:09:45,292|base_page.py[line:66] INFO:Had find the element ' Select one...
Company
Government
Trust/Estate ' successful by xpath via value: //select[@name='entityClass'] 
2020-08-06 10:09:45,992|base_page.py[line:66] INFO:Had find the element ' Save ' successful by xpath via value: //button[text()='Save'] 
2020-08-06 10:09:46,119|base_page.py[line:155] INFO:The element ' Save ' was clicked.
2020-08-06 10:09:47,637|base_page.py[line:221] INFO:Had find the elements successful by xpath via value: //div[@role='alert']/div[@class='summaryMessage'] 
2020-08-06 10:09:50,200|base_page.py[line:66] INFO:Had find the element ' CUSTOMERS ' successful by id via value: customers 
2020-08-06 10:09:50,265|base_page.py[line:155] INFO:The element ' CUSTOMERS ' was clicked.
2020-08-06 10:09:50,785|base_page.py[line:221] INFO:Had find the elements successful by xpath via value: //ul[@class='dropdown-menu multi-level show']/li/a 
2020-08-06 10:09:51,339|base_page.py[line:66] INFO:Had find the element ' New ' successful by xpath via value: //ul[@class='dropdown-menu multi-level show']/li[2]/a 
2020-08-06 10:09:51,402|base_page.py[line:155] INFO:The element ' New ' was clicked.
2020-08-06 10:09:51,403|topMenu.py[line:70] INFO:second_menu: New
2020-08-06 10:09:51,959|base_page.py[line:66] INFO:Had find the element ' Select one...
Person
Organization ' successful by xpath via value: //select[@name='typeName'] 
2020-08-06 10:09:52,047|base_page.py[line:155] INFO:The element ' Select one...
Person
Organization ' was clicked.
2020-08-06 10:09:52,589|base_page.py[line:66] INFO:Had find the element ' Select one...
Person
Organization ' successful by xpath via value: //select[@name='typeName'] 
2020-08-06 10:09:53,224|base_page.py[line:66] INFO:Had find the element ' Select one...
Sole Proprietor
Individual
Household ' successful by xpath via value: //select[@name='entityClass'] 
2020-08-06 10:09:53,320|base_page.py[line:155] INFO:The element ' Select one...
Sole Proprietor
Individual
Household ' was clicked.
2020-08-06 10:09:53,878|base_page.py[line:66] INFO:Had find the element ' Select one...
Sole Proprietor
Individual
Household ' successful by xpath via value: //select[@name='entityClass'] 
2020-08-06 10:09:54,559|base_page.py[line:66] INFO:Had find the element ' Save ' successful by xpath via value: //button[text()='Save'] 
2020-08-06 10:09:54,653|base_page.py[line:155] INFO:The element ' Save ' was clicked.
2020-08-06 10:09:56,185|base_page.py[line:221] INFO:Had find the elements successful by xpath via value: //div[@role='alert']/div[@class='summaryMessage'] 
2020-08-06 10:09:58,766|base_page.py[line:66] INFO:Had find the element ' CUSTOMERS ' successful by id via value: customers 
2020-08-06 10:09:58,834|base_page.py[line:155] INFO:The element ' CUSTOMERS ' was clicked.
2020-08-06 10:09:59,350|base_page.py[line:221] INFO:Had find the elements successful by xpath via value: //ul[@class='dropdown-menu multi-level show']/li/a 
2020-08-06 10:09:59,924|base_page.py[line:66] INFO:Had find the element ' New ' successful by xpath via value: //ul[@class='dropdown-menu multi-level show']/li[2]/a 
2020-08-06 10:10:00,015|base_page.py[line:155] INFO:The element ' New ' was clicked.
2020-08-06 10:10:00,016|topMenu.py[line:70] INFO:second_menu: New
2020-08-06 10:10:00,564|base_page.py[line:66] INFO:Had find the element ' Select one...
Person
Organization ' successful by xpath via value: //select[@name='typeName'] 
2020-08-06 10:10:00,668|base_page.py[line:155] INFO:The element ' Select one...
Person
Organization ' was clicked.
2020-08-06 10:10:01,223|base_page.py[line:66] INFO:Had find the element ' Select one...
Person
Organization ' successful by xpath via value: //select[@name='typeName'] 
2020-08-06 10:10:01,921|base_page.py[line:66] INFO:Had find the element ' Select one...
Company
Government
Trust/Estate ' successful by xpath via value: //select[@name='entityClass'] 
2020-08-06 10:10:02,048|base_page.py[line:155] INFO:The element ' Select one...
Company
Government
Trust/Estate ' was clicked.
2020-08-06 10:10:02,594|base_page.py[line:66] INFO:Had find the element ' Select one...
Company
Government
Trust/Estate ' successful by xpath via value: //select[@name='entityClass'] 
2020-08-06 10:10:03,258|base_page.py[line:66] INFO:Had find the element ' Save ' successful by xpath via value: //button[text()='Save'] 
2020-08-06 10:10:03,349|base_page.py[line:155] INFO:The element ' Save ' was clicked.
2020-08-06 10:10:04,863|base_page.py[line:221] INFO:Had find the elements successful by xpath via value: //div[@role='alert']/div[@class='summaryMessage'] 
2020-08-06 10:10:07,450|base_page.py[line:66] INFO:Had find the element ' CUSTOMERS ' successful by id via value: customers 
2020-08-06 10:10:07,620|base_page.py[line:155] INFO:The element ' CUSTOMERS ' was clicked.
2020-08-06 10:10:08,135|base_page.py[line:221] INFO:Had find the elements successful by xpath via value: //ul[@class='dropdown-menu multi-level show']/li/a 
2020-08-06 10:10:08,691|base_page.py[line:66] INFO:Had find the element ' New ' successful by xpath via value: //ul[@class='dropdown-menu multi-level show']/li[2]/a 
2020-08-06 10:10:08,778|base_page.py[line:155] INFO:The element ' New ' was clicked.
2020-08-06 10:10:08,779|topMenu.py[line:70] INFO:second_menu: New
2020-08-06 10:10:09,510|base_page.py[line:66] INFO:Had find the element ' Select one...
Person
Organization ' successful by xpath via value: //select[@name='typeName'] 
2020-08-06 10:10:09,806|base_page.py[line:155] INFO:The element ' Select one...
Person
Organization ' was clicked.
2020-08-06 10:10:10,412|base_page.py[line:66] INFO:Had find the element ' Select one...
Person
Organization ' successful by xpath via value: //select[@name='typeName'] 
2020-08-06 10:10:11,473|base_page.py[line:66] INFO:Had find the element ' Select one...
Sole Proprietor
Individual
Household ' successful by xpath via value: //select[@name='entityClass'] 
2020-08-06 10:10:11,687|base_page.py[line:155] INFO:The element ' Select one...
Sole Proprietor
Individual
Household ' was clicked.
2020-08-06 10:10:12,246|base_page.py[line:66] INFO:Had find the element ' Select one...
Sole Proprietor
Individual
Household ' successful by xpath via value: //select[@name='entityClass'] 
2020-08-06 10:10:13,033|base_page.py[line:66] INFO:Had find the element '  ' successful by xpath via value: //form[@class='ie-fix-flex']/div[1]//input[@name='firstName'] 
2020-08-06 10:10:13,354|base_page.py[line:133] INFO:Had type ' k4XBDb ' in inputBox
2020-08-06 10:10:13,919|base_page.py[line:66] INFO:Had find the element '  ' successful by xpath via value: //form[@class='ie-fix-flex']/div[1]//input[@name='lastName'] 
2020-08-06 10:10:14,150|base_page.py[line:133] INFO:Had type ' h9JAe6 ' in inputBox
2020-08-06 10:10:14,726|base_page.py[line:66] INFO:Had find the element ' Add Address ' successful by xpath via value: //p[text()='Address'] 
2020-08-06 10:10:14,903|base_page.py[line:155] INFO:The element ' Add Address ' was clicked.
2020-08-06 10:10:15,506|base_page.py[line:66] INFO:Had find the element ' Select one...
USA
Mexico
Canada ' successful by xpath via value: //select[@name='country'] 
2020-08-06 10:10:15,669|base_page.py[line:155] INFO:The element ' Select one...
USA
Mexico
Canada ' was clicked.
2020-08-06 10:10:16,196|base_page.py[line:66] INFO:Had find the element ' Select one...
USA
Mexico
Canada ' successful by xpath via value: //select[@name='country'] 
2020-08-06 10:10:16,857|base_page.py[line:66] INFO:Had find the element ' Add Identifier ' successful by xpath via value: //p[text()='Identifier'] 
2020-08-06 10:10:17,028|base_page.py[line:155] INFO:The element ' Add Identifier ' was clicked.
2020-08-06 10:10:17,593|base_page.py[line:66] INFO:Had find the element ' Select one...
SSN
Federal EIN
Agency ID
State Tax ID
Internal GLO ID
Unknown ' successful by xpath via value: //select[@name='name'] 
2020-08-06 10:10:17,749|base_page.py[line:155] INFO:The element ' Select one...
SSN
Federal EIN
Agency ID
State Tax ID
Internal GLO ID
Unknown ' was clicked.
2020-08-06 10:10:18,308|base_page.py[line:66] INFO:Had find the element ' Select one...
SSN
Federal EIN
Agency ID
State Tax ID
Internal GLO ID
Unknown ' successful by xpath via value: //select[@name='name'] 
2020-08-06 10:10:18,986|base_page.py[line:66] INFO:Had find the element ' Save ' successful by xpath via value: //button[text()='Save'] 
2020-08-06 10:10:19,097|base_page.py[line:155] INFO:The element ' Save ' was clicked.
2020-08-06 10:10:20,622|base_page.py[line:221] INFO:Had find the elements successful by xpath via value: //div[@role='alert']/div[@class='summaryMessage'] 
2020-08-06 10:10:23,182|base_page.py[line:66] INFO:Had find the element ' CUSTOMERS ' successful by id via value: customers 
2020-08-06 10:10:23,267|base_page.py[line:155] INFO:The element ' CUSTOMERS ' was clicked.
2020-08-06 10:10:23,784|base_page.py[line:221] INFO:Had find the elements successful by xpath via value: //ul[@class='dropdown-menu multi-level show']/li/a 
2020-08-06 10:10:24,487|base_page.py[line:66] INFO:Had find the element ' New ' successful by xpath via value: //ul[@class='dropdown-menu multi-level show']/li[2]/a 
2020-08-06 10:10:25,052|base_page.py[line:155] INFO:The element ' New ' was clicked.
2020-08-06 10:10:25,052|topMenu.py[line:70] INFO:second_menu: New
2020-08-06 10:10:25,624|base_page.py[line:66] INFO:Had find the element ' Select one...
Person
Organization ' successful by xpath via value: //select[@name='typeName'] 
2020-08-06 10:10:25,796|base_page.py[line:155] INFO:The element ' Select one...
Person
Organization ' was clicked.
2020-08-06 10:10:26,345|base_page.py[line:66] INFO:Had find the element ' Select one...
Person
Organization ' successful by xpath via value: //select[@name='typeName'] 
2020-08-06 10:10:26,971|base_page.py[line:66] INFO:Had find the element ' Select one...
Sole Proprietor
Individual
Household ' successful by xpath via value: //select[@name='entityClass'] 
2020-08-06 10:10:27,805|base_page.py[line:155] INFO:The element ' Select one...
Sole Proprietor
Individual
Household ' was clicked.
2020-08-06 10:10:28,351|base_page.py[line:66] INFO:Had find the element ' Select one...
Sole Proprietor
Individual
Household ' successful by xpath via value: //select[@name='entityClass'] 
2020-08-06 10:10:29,110|base_page.py[line:66] INFO:Had find the element '  ' successful by xpath via value: //form[@class='ie-fix-flex']/div[1]//input[@name='firstName'] 
2020-08-06 10:10:29,404|base_page.py[line:133] INFO:Had type ' TgFwQu ' in inputBox
2020-08-06 10:10:30,367|base_page.py[line:66] INFO:Had find the element '  ' successful by xpath via value: //form[@class='ie-fix-flex']/div[1]//input[@name='lastName'] 
2020-08-06 10:10:31,737|base_page.py[line:133] INFO:Had type ' MzImBH ' in inputBox
2020-08-06 10:10:32,977|base_page.py[line:66] INFO:Had find the element ' Select one...
Mr.
Mrs.
Ms.
Miss
Dr.
Rev.
N/A ' successful by xpath via value: //form[@class='ie-fix-flex']/div[2]//div[@class='col-md-8']/div[1]//select[@name='salutation'] 
2020-08-06 10:10:33,487|base_page.py[line:155] INFO:The element ' Select one...
Mr.
Mrs.
Ms.
Miss
Dr.
Rev.
N/A ' was clicked.
2020-08-06 10:10:34,176|base_page.py[line:66] INFO:Had find the element ' Select one...
Mr.
Mrs.
Ms.
Miss
Dr.
Rev.
N/A ' successful by xpath via value: //form[@class='ie-fix-flex']/div[2]//div[@class='col-md-8']/div[1]//select[@name='salutation'] 
2020-08-06 10:10:36,578|base_page.py[line:66] INFO:Had find the element ' Select one...
Personal
Business
Company
Government
Unknown ' successful by xpath via value: //div[@class='col-md-8']/div[1]//select[@name='emailType'] 
2020-08-06 10:10:37,423|base_page.py[line:155] INFO:The element ' Select one...
Personal
Business
Company
Government
Unknown ' was clicked.
2020-08-06 10:10:38,112|base_page.py[line:66] INFO:Had find the element ' Select one...
Personal
Business
Company
Government
Unknown ' successful by xpath via value: //div[@class='col-md-8']/div[1]//select[@name='emailType'] 
2020-08-06 10:10:39,009|base_page.py[line:66] INFO:Had find the element '  ' successful by xpath via value: //div[@class='col-md-8']/div[1]//div[@class='card-body bg-light']/div[1]//input[@name='ext'] 
2020-08-06 10:10:39,385|base_page.py[line:133] INFO:Had type ' HAKxJ3 ' in inputBox
2020-08-06 10:10:40,096|base_page.py[line:66] INFO:Had find the element ' Save ' successful by xpath via value: //button[text()='Save'] 
2020-08-06 10:10:40,228|base_page.py[line:155] INFO:The element ' Save ' was clicked.
2020-08-06 10:10:41,756|base_page.py[line:221] INFO:Had find the elements successful by xpath via value: //div[@role='alert']/div[@class='summaryMessage'] 
