2020-08-06 15:04:34,768|browser_engine.py[line:26] INFO:You had select Chrome browser.
2020-08-06 15:04:34,769|browser_engine.py[line:28] INFO:The test server url is: https://rr-alamo-test.azureedge.net
2020-08-06 15:04:40,514|browser_engine.py[line:42] INFO:Starting Chrome browser.
2020-08-06 15:04:41,830|browser_engine.py[line:56] INFO:Maximize the current window.
2020-08-06 15:04:46,561|browser_engine.py[line:59] INFO:Open url: https://rr-alamo-test.azureedge.net
2020-08-06 15:04:57,470|base_page.py[line:68] ERROR:TimeoutException: selector by xpath ,value xpath=>//div[@class='localAccount']//div[@class='intro']/h2
2020-08-06 15:04:58,026|base_page.py[line:66] INFO:Had find the element ' Sign in with your existing account ' successful by xpath via value: //div[@class='localAccount']//div[@class='intro']/h2 
2020-08-06 15:04:58,593|base_page.py[line:66] INFO:Had find the element '  ' successful by id via value: logonIdentifier 
2020-08-06 15:04:58,643|base_page.py[line:143] INFO:Clear text in input box before typing.
2020-08-06 15:04:59,192|base_page.py[line:66] INFO:Had find the element '  ' successful by id via value: logonIdentifier 
2020-08-06 15:04:59,489|base_page.py[line:133] INFO:Had type ' yan.liu@an-chen.com ' in inputBox
2020-08-06 15:05:00,051|base_page.py[line:66] INFO:Had find the element '  ' successful by id via value: password 
2020-08-06 15:05:00,107|base_page.py[line:143] INFO:Clear text in input box before typing.
2020-08-06 15:05:00,631|base_page.py[line:66] INFO:Had find the element '  ' successful by id via value: password 
2020-08-06 15:05:00,961|base_page.py[line:133] INFO:Had type ' Lychan@2012 ' in inputBox
2020-08-06 15:05:01,513|base_page.py[line:66] INFO:Had find the element ' Sign in ' successful by xpath via value: //div[@class='buttons']/button[text()='Sign in'] 
2020-08-06 15:05:06,354|base_page.py[line:66] INFO:Had find the element ' Welcome, yanliu ' successful by xpath via value: //div[@id='root']//div[@class='content-heading'] 
2020-08-06 15:05:06,355|login.py[line:41] INFO:login success
2020-08-06 15:05:08,964|base_page.py[line:66] INFO:Had find the element ' MANAGE ' successful by id via value: manage 
2020-08-06 15:05:09,097|base_page.py[line:155] INFO:The element ' MANAGE ' was clicked.
2020-08-06 15:05:09,625|base_page.py[line:221] INFO:Had find the elements successful by xpath via value: //ul[@class='dropdown-menu multi-level show']/li/a 
2020-08-06 15:05:10,203|base_page.py[line:66] INFO:Had find the element ' Authorization Management ' successful by xpath via value: //ul[@class='dropdown-menu multi-level show']/li[1]/a 
2020-08-06 15:05:10,390|base_page.py[line:155] INFO:The element ' Authorization Management ' was clicked.
2020-08-06 15:05:10,390|topMenu.py[line:70] INFO:second_menu: Authorization Management
2020-08-06 15:05:11,948|base_page.py[line:66] INFO:Had find the element ' New ' successful by xpath via value: //div[@class='card']//button[text()=' New'] 
2020-08-06 15:05:12,221|base_page.py[line:155] INFO:The element ' New ' was clicked.
2020-08-06 15:05:12,818|base_page.py[line:66] INFO:Had find the element '  ' successful by xpath via value: //input[@name='name'] 
2020-08-06 15:05:13,089|base_page.py[line:155] INFO:The element '  ' was clicked.
2020-08-06 15:05:13,625|base_page.py[line:66] INFO:Had find the element '  ' successful by xpath via value: //input[@name='name'] 
2020-08-06 15:05:14,332|base_page.py[line:66] INFO:Had find the element '  ' successful by xpath via value: //input[@name='name'] 
2020-08-06 15:05:16,848|base_page.py[line:66] INFO:Had find the element '  ' successful by xpath via value: //input[@name='name'] 
2020-08-06 15:05:21,019|base_page.py[line:133] INFO:Had type ' SNB1hu ' in inputBox
2020-08-06 15:05:21,578|base_page.py[line:66] INFO:Had find the element '  ' successful by xpath via value: //input[@name='description'] 
2020-08-06 15:05:21,703|base_page.py[line:155] INFO:The element '  ' was clicked.
2020-08-06 15:05:22,254|base_page.py[line:66] INFO:Had find the element '  ' successful by xpath via value: //input[@name='description'] 
2020-08-06 15:05:22,818|base_page.py[line:66] INFO:Had find the element '  ' successful by xpath via value: //input[@name='description'] 
2020-08-06 15:05:23,443|base_page.py[line:66] INFO:Had find the element '  ' successful by xpath via value: //input[@name='description'] 
2020-08-06 15:05:27,590|base_page.py[line:133] INFO:Had type ' GCrt1v ' in inputBox
2020-08-06 15:05:28,176|base_page.py[line:221] INFO:Had find the elements successful by xpath via value: //div[@class='mb-0 card']//div[@class='rt-table']/div[@class='rt-tbody']//div[@class='rt-td'] 
2020-08-06 15:05:57,566|base_page.py[line:66] INFO:Had find the element '  ' successful by xpath via value: //div[@class='modal fade show']//div[@class='glo-row']//input[@id='canRead_139'] 
2020-08-06 15:05:58,323|base_page.py[line:155] INFO:The element '  ' was clicked.
2020-08-06 15:05:58,893|base_page.py[line:66] INFO:Had find the element '  ' successful by xpath via value: //div[@class='modal fade show']//div[@class='glo-row']//input[@id='canUpdate_139'] 
2020-08-06 15:05:59,537|base_page.py[line:155] INFO:The element '  ' was clicked.
2020-08-06 15:06:00,120|base_page.py[line:66] INFO:Had find the element '  ' successful by xpath via value: //div[@class='modal fade show']//div[@class='glo-row']//input[@id='canCreate_139'] 
2020-08-06 15:06:01,073|base_page.py[line:155] INFO:The element '  ' was clicked.
2020-08-06 15:06:01,648|base_page.py[line:66] INFO:Had find the element '  ' successful by xpath via value: //div[@class='modal fade show']//div[@class='glo-row']//input[@id='canDelete_139'] 
2020-08-06 15:06:02,231|base_page.py[line:155] INFO:The element '  ' was clicked.
2020-08-06 15:06:02,817|base_page.py[line:66] INFO:Had find the element '  ' successful by xpath via value: //div[@class='modal fade show']//div[@class='glo-row']//input[@id='canMassUpdate_139'] 
2020-08-06 15:06:03,486|base_page.py[line:155] INFO:The element '  ' was clicked.
2020-08-06 15:06:04,071|base_page.py[line:66] INFO:Had find the element '  ' successful by xpath via value: //div[@class='modal fade show']//div[@class='glo-row']//input[@id='canRead_141'] 
2020-08-06 15:06:04,935|base_page.py[line:155] INFO:The element '  ' was clicked.
2020-08-06 15:06:05,572|base_page.py[line:66] INFO:Had find the element '  ' successful by xpath via value: //div[@class='modal fade show']//div[@class='glo-row']//input[@id='canUpdate_141'] 
2020-08-06 15:06:06,233|base_page.py[line:155] INFO:The element '  ' was clicked.
2020-08-06 15:06:06,796|base_page.py[line:66] INFO:Had find the element '  ' successful by xpath via value: //div[@class='modal fade show']//div[@class='glo-row']//input[@id='canCreate_141'] 
2020-08-06 15:06:07,358|base_page.py[line:155] INFO:The element '  ' was clicked.
2020-08-06 15:06:07,938|base_page.py[line:66] INFO:Had find the element '  ' successful by xpath via value: //div[@class='modal fade show']//div[@class='glo-row']//input[@id='canDelete_141'] 
2020-08-06 15:06:08,538|base_page.py[line:155] INFO:The element '  ' was clicked.
2020-08-06 15:06:09,121|base_page.py[line:66] INFO:Had find the element '  ' successful by xpath via value: //div[@class='modal fade show']//div[@class='glo-row']//input[@id='canMassUpdate_141'] 
2020-08-06 15:06:09,668|base_page.py[line:155] INFO:The element '  ' was clicked.
2020-08-06 15:06:10,352|base_page.py[line:66] INFO:Had find the element ' Next ' successful by xpath via value: //button[contains(text(),'Next')] 
2020-08-06 15:06:10,673|base_page.py[line:155] INFO:The element ' Next ' was clicked.
2020-08-06 15:06:11,248|base_page.py[line:66] INFO:Had find the element ' ljc7ua ' successful by xpath via value: //select[@name='availableUsersSelected']/option[1] 
2020-08-06 15:06:11,835|base_page.py[line:66] INFO:Had find the element '  ' successful by xpath via value: //input[@class='form-control'] 
2020-08-06 15:06:12,173|base_page.py[line:133] INFO:Had type ' ljc7ua ' in inputBox
2020-08-06 15:06:12,747|base_page.py[line:66] INFO:Had find the element ' ljc7ua ' successful by xpath via value: //select[@name='availableUsersSelected'] 
2020-08-06 15:06:13,460|base_page.py[line:66] INFO:Had find the element '     Add     ' successful by xpath via value: //button[contains(text(),'Add')] 
2020-08-06 15:06:13,600|base_page.py[line:155] INFO:The element '     Add     ' was clicked.
2020-08-06 15:06:14,172|base_page.py[line:66] INFO:Had find the element ' Finish ' successful by xpath via value: //button[contains(text(),'Finish')] 
2020-08-06 15:06:14,292|base_page.py[line:155] INFO:The element ' Finish ' was clicked.
2020-08-06 15:06:18,877|base_page.py[line:66] INFO:Had find the element ' Role: SNB1hu created successfully. ' successful by xpath via value: //div[@role='alert'] 
2020-08-06 15:06:20,656|base_page.py[line:66] INFO:Had find the element ' 1239
SNB1hu
GCrt1v ' successful by xpath via value: //div[@class='card']//div[@class='glo-row']//div[@class='rt-tr-group'][1]/div 
2020-08-06 15:06:21,227|base_page.py[line:66] INFO:Had find the element ' 1239
SNB1hu
GCrt1v ' successful by xpath via value: //div[@class='card']//div[@class='glo-row']//div[@class='rt-tr-group'][1]/div 
2020-08-06 15:06:21,471|base_page.py[line:155] INFO:The element ' 1239
SNB1hu
GCrt1v ' was clicked.
2020-08-06 15:06:22,041|base_page.py[line:66] INFO:Had find the element ' Edit ' successful by xpath via value: //div[@class='card']//button[text()=' Edit'] 
2020-08-06 15:06:24,760|base_page.py[line:155] INFO:The element ' Edit ' was clicked.
2020-08-06 15:06:25,354|base_page.py[line:66] INFO:Had find the element '  ' successful by xpath via value: //input[@name='name'] 
2020-08-06 15:06:25,544|base_page.py[line:155] INFO:The element '  ' was clicked.
2020-08-06 15:06:27,531|base_page.py[line:66] INFO:Had find the element '  ' successful by xpath via value: //input[@name='name'] 
2020-08-06 15:06:28,143|base_page.py[line:66] INFO:Had find the element '  ' successful by xpath via value: //input[@name='name'] 
2020-08-06 15:06:29,507|base_page.py[line:66] INFO:Had find the element '  ' successful by xpath via value: //input[@name='name'] 
2020-08-06 15:06:33,395|base_page.py[line:133] INFO:Had type ' Najjtq ' in inputBox
2020-08-06 15:06:34,071|base_page.py[line:66] INFO:Had find the element '  ' successful by xpath via value: //input[@name='description'] 
2020-08-06 15:06:34,221|base_page.py[line:155] INFO:The element '  ' was clicked.
2020-08-06 15:06:34,810|base_page.py[line:66] INFO:Had find the element '  ' successful by xpath via value: //input[@name='description'] 
2020-08-06 15:06:35,404|base_page.py[line:66] INFO:Had find the element '  ' successful by xpath via value: //input[@name='description'] 
2020-08-06 15:06:36,543|base_page.py[line:66] INFO:Had find the element '  ' successful by xpath via value: //input[@name='description'] 
2020-08-06 15:06:40,676|base_page.py[line:133] INFO:Had type ' uuB4yV ' in inputBox
2020-08-06 15:06:41,386|base_page.py[line:221] INFO:Had find the elements successful by xpath via value: //div[@class='mb-0 card']//div[@class='rt-table']/div[@class='rt-tbody']//div[@class='rt-td'] 
2020-08-06 15:07:21,023|base_page.py[line:66] INFO:Had find the element '  ' successful by xpath via value: //div[@class='modal fade show']//div[@class='glo-row']//input[@id='canRead_139'] 
2020-08-06 15:07:21,763|base_page.py[line:155] INFO:The element '  ' was clicked.
2020-08-06 15:07:22,393|base_page.py[line:66] INFO:Had find the element '  ' successful by xpath via value: //div[@class='modal fade show']//div[@class='glo-row']//input[@id='canUpdate_139'] 
2020-08-06 15:07:23,061|base_page.py[line:155] INFO:The element '  ' was clicked.
2020-08-06 15:07:23,646|base_page.py[line:66] INFO:Had find the element '  ' successful by xpath via value: //div[@class='modal fade show']//div[@class='glo-row']//input[@id='canCreate_139'] 
2020-08-06 15:07:24,262|base_page.py[line:155] INFO:The element '  ' was clicked.
2020-08-06 15:07:24,925|base_page.py[line:66] INFO:Had find the element '  ' successful by xpath via value: //div[@class='modal fade show']//div[@class='glo-row']//input[@id='canDelete_139'] 
2020-08-06 15:07:25,642|base_page.py[line:155] INFO:The element '  ' was clicked.
2020-08-06 15:07:26,240|base_page.py[line:66] INFO:Had find the element '  ' successful by xpath via value: //div[@class='modal fade show']//div[@class='glo-row']//input[@id='canMassUpdate_139'] 
2020-08-06 15:07:26,865|base_page.py[line:155] INFO:The element '  ' was clicked.
2020-08-06 15:07:27,463|base_page.py[line:66] INFO:Had find the element '  ' successful by xpath via value: //div[@class='modal fade show']//div[@class='glo-row']//input[@id='canRead_140'] 
2020-08-06 15:07:28,119|base_page.py[line:155] INFO:The element '  ' was clicked.
2020-08-06 15:07:28,715|base_page.py[line:66] INFO:Had find the element '  ' successful by xpath via value: //div[@class='modal fade show']//div[@class='glo-row']//input[@id='canUpdate_140'] 
2020-08-06 15:07:29,325|base_page.py[line:155] INFO:The element '  ' was clicked.
2020-08-06 15:07:29,922|base_page.py[line:66] INFO:Had find the element '  ' successful by xpath via value: //div[@class='modal fade show']//div[@class='glo-row']//input[@id='canCreate_140'] 
2020-08-06 15:07:30,567|base_page.py[line:155] INFO:The element '  ' was clicked.
2020-08-06 15:07:31,162|base_page.py[line:66] INFO:Had find the element '  ' successful by xpath via value: //div[@class='modal fade show']//div[@class='glo-row']//input[@id='canDelete_140'] 
2020-08-06 15:07:31,728|base_page.py[line:155] INFO:The element '  ' was clicked.
2020-08-06 15:07:32,497|base_page.py[line:66] INFO:Had find the element '  ' successful by xpath via value: //div[@class='modal fade show']//div[@class='glo-row']//input[@id='canMassUpdate_140'] 
2020-08-06 15:07:33,420|base_page.py[line:155] INFO:The element '  ' was clicked.
2020-08-06 15:07:34,034|base_page.py[line:66] INFO:Had find the element ' Users ' successful by xpath via value: //div[@class='mb-0 card']//li/a[text()='Users'] 
2020-08-06 15:07:34,425|base_page.py[line:155] INFO:The element ' Users ' was clicked.
2020-08-06 15:07:35,060|base_page.py[line:66] INFO:Had find the element ' ljc7ua ' successful by xpath via value: //select[@name='assignedUsersSelected'] 
2020-08-06 15:07:35,900|base_page.py[line:66] INFO:Had find the element ' Remove ' successful by xpath via value: //button[contains(text(),'Remove')] 
2020-08-06 15:07:36,031|base_page.py[line:155] INFO:The element ' Remove ' was clicked.
2020-08-06 15:07:36,588|base_page.py[line:66] INFO:Had find the element ' Finish ' successful by xpath via value: //button[contains(text(),'Finish')] 
2020-08-06 15:07:36,725|base_page.py[line:155] INFO:The element ' Finish ' was clicked.
2020-08-06 15:07:41,300|base_page.py[line:66] INFO:Had find the element ' UNPROCESSABLE_ENTITY undefined ' successful by xpath via value: //div[@role='alert'] 
2020-08-06 15:07:52,074|base_page.py[line:68] ERROR:TimeoutException: selector by xpath ,value xpath=>//div[@class='card']//li/a[text()='Users']
2020-08-06 15:07:52,702|base_page.py[line:66] INFO:Had find the element ' Users ' successful by xpath via value: //div[@class='card']//li/a[text()='Users'] 
