2020-08-06 16:51:11,318|browser_engine.py[line:26] INFO:You had select Chrome browser.
2020-08-06 16:51:11,319|browser_engine.py[line:28] INFO:The test server url is: https://rr-alamo-test.azureedge.net
2020-08-06 16:51:16,981|browser_engine.py[line:42] INFO:Starting Chrome browser.
2020-08-06 16:51:18,221|browser_engine.py[line:56] INFO:Maximize the current window.
2020-08-06 16:51:45,020|browser_engine.py[line:59] INFO:Open url: https://rr-alamo-test.azureedge.net
2020-08-06 16:51:55,638|base_page.py[line:68] ERROR:TimeoutException: selector by xpath ,value xpath=>//div[@class='localAccount']//div[@class='intro']/h2
2020-08-06 16:51:56,248|base_page.py[line:66] INFO:Had find the element ' Sign in with your existing account ' successful by xpath via value: //div[@class='localAccount']//div[@class='intro']/h2 
2020-08-06 16:51:56,893|base_page.py[line:66] INFO:Had find the element '  ' successful by id via value: logonIdentifier 
2020-08-06 16:51:57,042|base_page.py[line:143] INFO:Clear text in input box before typing.
2020-08-06 16:51:57,587|base_page.py[line:66] INFO:Had find the element '  ' successful by id via value: logonIdentifier 
2020-08-06 16:51:58,080|base_page.py[line:133] INFO:Had type ' yan.liu@an-chen.com ' in inputBox
2020-08-06 16:51:58,687|base_page.py[line:66] INFO:Had find the element '  ' successful by id via value: password 
2020-08-06 16:51:58,796|base_page.py[line:143] INFO:Clear text in input box before typing.
2020-08-06 16:51:59,434|base_page.py[line:66] INFO:Had find the element '  ' successful by id via value: password 
2020-08-06 16:52:02,056|base_page.py[line:133] INFO:Had type ' Lychan@2012 ' in inputBox
2020-08-06 16:52:02,864|base_page.py[line:66] INFO:Had find the element ' Sign in ' successful by xpath via value: //div[@class='buttons']/button[text()='Sign in'] 
2020-08-06 16:52:22,251|base_page.py[line:66] INFO:Had find the element ' Welcome, yanliu ' successful by xpath via value: //div[@id='root']//div[@class='content-heading'] 
2020-08-06 16:52:22,252|login.py[line:41] INFO:login success
2020-08-06 16:52:24,877|base_page.py[line:66] INFO:Had find the element ' MANAGE ' successful by id via value: manage 
2020-08-06 16:52:24,989|base_page.py[line:155] INFO:The element ' MANAGE ' was clicked.
2020-08-06 16:52:25,519|base_page.py[line:221] INFO:Had find the elements successful by xpath via value: //ul[@class='dropdown-menu multi-level show']/li/a 
2020-08-06 16:52:26,101|base_page.py[line:66] INFO:Had find the element ' Authorization Management ' successful by xpath via value: //ul[@class='dropdown-menu multi-level show']/li[1]/a 
2020-08-06 16:52:26,347|base_page.py[line:155] INFO:The element ' Authorization Management ' was clicked.
2020-08-06 16:52:26,347|topMenu.py[line:70] INFO:second_menu: Authorization Management
2020-08-06 16:52:27,904|base_page.py[line:66] INFO:Had find the element ' New ' successful by xpath via value: //div[@class='card']//button[text()=' New'] 
2020-08-06 16:52:28,136|base_page.py[line:155] INFO:The element ' New ' was clicked.
2020-08-06 16:52:28,697|base_page.py[line:66] INFO:Had find the element '  ' successful by xpath via value: //input[@name='name'] 
2020-08-06 16:52:28,951|base_page.py[line:155] INFO:The element '  ' was clicked.
2020-08-06 16:52:29,490|base_page.py[line:66] INFO:Had find the element '  ' successful by xpath via value: //input[@name='name'] 
2020-08-06 16:52:30,095|base_page.py[line:66] INFO:Had find the element '  ' successful by xpath via value: //input[@name='name'] 
2020-08-06 16:52:30,751|base_page.py[line:66] INFO:Had find the element '  ' successful by xpath via value: //input[@name='name'] 
2020-08-06 16:52:31,154|base_page.py[line:133] INFO:Had type ' p3RG5q ' in inputBox
2020-08-06 16:52:31,706|base_page.py[line:66] INFO:Had find the element '  ' successful by xpath via value: //input[@name='description'] 
2020-08-06 16:52:34,326|base_page.py[line:155] INFO:The element '  ' was clicked.
2020-08-06 16:52:34,873|base_page.py[line:66] INFO:Had find the element '  ' successful by xpath via value: //input[@name='description'] 
2020-08-06 16:52:35,453|base_page.py[line:66] INFO:Had find the element '  ' successful by xpath via value: //input[@name='description'] 
2020-08-06 16:52:36,025|base_page.py[line:66] INFO:Had find the element '  ' successful by xpath via value: //input[@name='description'] 
2020-08-06 16:52:39,710|base_page.py[line:133] INFO:Had type ' 9yOfku ' in inputBox
2020-08-06 16:52:40,290|base_page.py[line:221] INFO:Had find the elements successful by xpath via value: //div[@class='mb-0 card']//div[@class='rt-table']/div[@class='rt-tbody']//div[@class='rt-td'] 
2020-08-06 16:53:04,545|base_page.py[line:66] INFO:Had find the element '  ' successful by xpath via value: //div[@class='modal fade show']//div[@class='glo-row']//input[@id='canRead_139'] 
2020-08-06 16:53:05,562|base_page.py[line:155] INFO:The element '  ' was clicked.
2020-08-06 16:53:06,127|base_page.py[line:66] INFO:Had find the element '  ' successful by xpath via value: //div[@class='modal fade show']//div[@class='glo-row']//input[@id='canUpdate_139'] 
2020-08-06 16:53:06,678|base_page.py[line:155] INFO:The element '  ' was clicked.
2020-08-06 16:53:07,252|base_page.py[line:66] INFO:Had find the element '  ' successful by xpath via value: //div[@class='modal fade show']//div[@class='glo-row']//input[@id='canCreate_139'] 
2020-08-06 16:53:07,721|base_page.py[line:155] INFO:The element '  ' was clicked.
2020-08-06 16:53:08,298|base_page.py[line:66] INFO:Had find the element '  ' successful by xpath via value: //div[@class='modal fade show']//div[@class='glo-row']//input[@id='canDelete_139'] 
2020-08-06 16:53:08,747|base_page.py[line:155] INFO:The element '  ' was clicked.
2020-08-06 16:53:09,320|base_page.py[line:66] INFO:Had find the element '  ' successful by xpath via value: //div[@class='modal fade show']//div[@class='glo-row']//input[@id='canMassUpdate_139'] 
2020-08-06 16:53:09,774|base_page.py[line:155] INFO:The element '  ' was clicked.
2020-08-06 16:53:10,343|base_page.py[line:66] INFO:Had find the element '  ' successful by xpath via value: //div[@class='modal fade show']//div[@class='glo-row']//input[@id='canRead_141'] 
2020-08-06 16:53:10,809|base_page.py[line:155] INFO:The element '  ' was clicked.
2020-08-06 16:53:11,390|base_page.py[line:66] INFO:Had find the element '  ' successful by xpath via value: //div[@class='modal fade show']//div[@class='glo-row']//input[@id='canUpdate_141'] 
2020-08-06 16:53:11,855|base_page.py[line:155] INFO:The element '  ' was clicked.
2020-08-06 16:53:12,427|base_page.py[line:66] INFO:Had find the element '  ' successful by xpath via value: //div[@class='modal fade show']//div[@class='glo-row']//input[@id='canCreate_141'] 
2020-08-06 16:53:12,862|base_page.py[line:155] INFO:The element '  ' was clicked.
2020-08-06 16:53:13,448|base_page.py[line:66] INFO:Had find the element '  ' successful by xpath via value: //div[@class='modal fade show']//div[@class='glo-row']//input[@id='canDelete_141'] 
2020-08-06 16:53:13,991|base_page.py[line:155] INFO:The element '  ' was clicked.
2020-08-06 16:53:14,549|base_page.py[line:66] INFO:Had find the element '  ' successful by xpath via value: //div[@class='modal fade show']//div[@class='glo-row']//input[@id='canMassUpdate_141'] 
2020-08-06 16:53:15,209|base_page.py[line:155] INFO:The element '  ' was clicked.
2020-08-06 16:53:15,780|base_page.py[line:66] INFO:Had find the element ' Next ' successful by xpath via value: //button[contains(text(),'Next')] 
2020-08-06 16:53:16,027|base_page.py[line:155] INFO:The element ' Next ' was clicked.
2020-08-06 16:53:16,574|base_page.py[line:66] INFO:Had find the element ' ljc7ua ' successful by xpath via value: //select[@name='availableUsersSelected']/option[1] 
2020-08-06 16:53:17,163|base_page.py[line:66] INFO:Had find the element '  ' successful by xpath via value: //input[@class='form-control'] 
2020-08-06 16:53:17,539|base_page.py[line:133] INFO:Had type ' ljc7ua ' in inputBox
2020-08-06 16:53:18,113|base_page.py[line:66] INFO:Had find the element ' ljc7ua ' successful by xpath via value: //select[@name='availableUsersSelected'] 
2020-08-06 16:53:18,801|base_page.py[line:66] INFO:Had find the element '     Add     ' successful by xpath via value: //button[contains(text(),'Add')] 
2020-08-06 16:53:18,891|base_page.py[line:155] INFO:The element '     Add     ' was clicked.
2020-08-06 16:53:19,445|base_page.py[line:66] INFO:Had find the element ' Finish ' successful by xpath via value: //button[contains(text(),'Finish')] 
2020-08-06 16:53:19,590|base_page.py[line:155] INFO:The element ' Finish ' was clicked.
2020-08-06 16:53:24,257|base_page.py[line:66] INFO:Had find the element ' Role: p3RG5q created successfully. ' successful by xpath via value: //div[@role='alert'] 
2020-08-06 16:53:35,257|base_page.py[line:68] ERROR:TimeoutException: selector by id ,value id=>alano-glo-brand-logo
2020-08-06 16:53:35,823|base_page.py[line:66] INFO:Had find the element '  ' successful by id via value: alano-glo-brand-logo 
2020-08-06 16:53:36,019|base_page.py[line:155] INFO:The element '  ' was clicked.
2020-08-06 16:53:47,585|base_page.py[line:68] ERROR:TimeoutException: selector by xpath ,value //div[@class='card']//div[@class='glo-row']//div[@class='rt-tr-group'][1]/div
2020-08-06 16:53:47,585|base_page.py[line:121] ERROR:NoSuchElement selector_by: xpath, selector: //div[@class='card']//div[@class='glo-row']//div[@class='rt-tr-group'][1]/div 
2020-08-06 16:53:58,176|base_page.py[line:68] ERROR:TimeoutException: selector by xpath ,value xpath=>//div[@class='card']//li/a[text()='Users']
2020-08-06 16:54:09,125|base_page.py[line:68] ERROR:TimeoutException: selector by xpath ,value //div[@class='card']//li/a[text()='Users']
2020-08-06 16:54:09,127|base_page.py[line:121] ERROR:NoSuchElement selector_by: xpath, selector: //div[@class='card']//li/a[text()='Users'] 
