2020-08-06 08:50:15,330|browser_engine.py[line:26] INFO:You had select Chrome browser.
2020-08-06 08:50:15,330|browser_engine.py[line:28] INFO:The test server url is: https://rr-alamo-test.azureedge.net
2020-08-06 08:50:18,324|browser_engine.py[line:42] INFO:Starting Chrome browser.
2020-08-06 08:50:19,452|browser_engine.py[line:56] INFO:Maximize the current window.
2020-08-06 08:50:29,067|browser_engine.py[line:59] INFO:Open url: https://rr-alamo-test.azureedge.net
2020-08-06 08:50:39,616|base_page.py[line:68] ERROR:TimeoutException: selector by xpath ,value xpath=>//div[@class='localAccount']//div[@class='intro']/h2
2020-08-06 08:50:40,185|base_page.py[line:66] INFO:Had find the element ' Sign in with your existing account ' successful by xpath via value: //div[@class='localAccount']//div[@class='intro']/h2 
2020-08-06 08:50:40,768|base_page.py[line:66] INFO:Had find the element '  ' successful by id via value: logonIdentifier 
2020-08-06 08:50:40,808|base_page.py[line:143] INFO:Clear text in input box before typing.
2020-08-06 08:50:41,348|base_page.py[line:66] INFO:Had find the element '  ' successful by id via value: logonIdentifier 
2020-08-06 08:50:41,588|base_page.py[line:133] INFO:Had type ' yan.liu@an-chen.com ' in inputBox
2020-08-06 08:50:42,134|base_page.py[line:66] INFO:Had find the element '  ' successful by id via value: password 
2020-08-06 08:50:42,171|base_page.py[line:143] INFO:Clear text in input box before typing.
2020-08-06 08:50:42,692|base_page.py[line:66] INFO:Had find the element '  ' successful by id via value: password 
2020-08-06 08:50:42,830|base_page.py[line:133] INFO:Had type ' Lychan@2012 ' in inputBox
2020-08-06 08:50:43,396|base_page.py[line:66] INFO:Had find the element ' Sign in ' successful by xpath via value: //div[@class='buttons']/button[text()='Sign in'] 
2020-08-06 08:50:50,087|base_page.py[line:66] INFO:Had find the element ' Welcome, yanliu ' successful by xpath via value: //div[@id='root']//div[@class='content-heading'] 
2020-08-06 08:50:50,087|login.py[line:41] INFO:login success
2020-08-06 08:50:52,676|base_page.py[line:66] INFO:Had find the element ' CUSTOMERS ' successful by id via value: customers 
2020-08-06 08:50:52,761|base_page.py[line:155] INFO:The element ' CUSTOMERS ' was clicked.
2020-08-06 08:50:53,289|base_page.py[line:221] INFO:Had find the elements successful by xpath via value: //ul[@class='dropdown-menu multi-level show']/li/a 
2020-08-06 08:50:53,850|base_page.py[line:66] INFO:Had find the element ' New ' successful by xpath via value: //ul[@class='dropdown-menu multi-level show']/li[2]/a 
2020-08-06 08:50:53,919|base_page.py[line:155] INFO:The element ' New ' was clicked.
2020-08-06 08:50:53,920|topMenu.py[line:70] INFO:second_menu: New
2020-08-06 08:51:04,753|base_page.py[line:68] ERROR:TimeoutException: selector by xpath ,value //select[@name='typeName']
2020-08-06 08:51:04,753|base_page.py[line:121] ERROR:NoSuchElement selector_by: xpath, selector: //select[@name='typeName'] 
2020-08-06 08:51:07,283|base_page.py[line:66] INFO:Had find the element ' CUSTOMERS ' successful by id via value: customers 
2020-08-06 08:51:07,646|base_page.py[line:155] INFO:The element ' CUSTOMERS ' was clicked.
2020-08-06 08:51:08,263|base_page.py[line:221] INFO:Had find the elements successful by xpath via value: //ul[@class='dropdown-menu multi-level show']/li/a 
2020-08-06 08:51:08,855|base_page.py[line:66] INFO:Had find the element ' New ' successful by xpath via value: //ul[@class='dropdown-menu multi-level show']/li[2]/a 
2020-08-06 08:51:08,961|base_page.py[line:155] INFO:The element ' New ' was clicked.
2020-08-06 08:51:08,961|topMenu.py[line:70] INFO:second_menu: New
