2020-08-06 09:26:31,054|browser_engine.py[line:26] INFO:You had select Chrome browser.
2020-08-06 09:26:31,054|browser_engine.py[line:28] INFO:The test server url is: https://rr-alamo-test.azureedge.net
2020-08-06 09:26:33,995|browser_engine.py[line:42] INFO:Starting Chrome browser.
2020-08-06 09:26:35,137|browser_engine.py[line:56] INFO:Maximize the current window.
2020-08-06 09:26:41,030|browser_engine.py[line:59] INFO:Open url: https://rr-alamo-test.azureedge.net
2020-08-06 09:26:51,719|base_page.py[line:68] ERROR:TimeoutException: selector by xpath ,value xpath=>//div[@class='localAccount']//div[@class='intro']/h2
2020-08-06 09:26:52,291|base_page.py[line:66] INFO:Had find the element ' Sign in with your existing account ' successful by xpath via value: //div[@class='localAccount']//div[@class='intro']/h2 
2020-08-06 09:26:52,846|base_page.py[line:66] INFO:Had find the element '  ' successful by id via value: logonIdentifier 
2020-08-06 09:26:52,891|base_page.py[line:143] INFO:Clear text in input box before typing.
2020-08-06 09:26:53,431|base_page.py[line:66] INFO:Had find the element '  ' successful by id via value: logonIdentifier 
2020-08-06 09:26:53,617|base_page.py[line:133] INFO:Had type ' yan.liu@an-chen.com ' in inputBox
2020-08-06 09:26:54,176|base_page.py[line:66] INFO:Had find the element '  ' successful by id via value: password 
2020-08-06 09:26:54,217|base_page.py[line:143] INFO:Clear text in input box before typing.
2020-08-06 09:26:54,743|base_page.py[line:66] INFO:Had find the element '  ' successful by id via value: password 
2020-08-06 09:26:54,925|base_page.py[line:133] INFO:Had type ' Lychan@2012 ' in inputBox
2020-08-06 09:26:55,467|base_page.py[line:66] INFO:Had find the element ' Sign in ' successful by xpath via value: //div[@class='buttons']/button[text()='Sign in'] 
2020-08-06 09:27:00,484|base_page.py[line:66] INFO:Had find the element ' Welcome, yanliu ' successful by xpath via value: //div[@id='root']//div[@class='content-heading'] 
2020-08-06 09:27:00,485|login.py[line:41] INFO:login success
2020-08-06 09:27:03,092|base_page.py[line:66] INFO:Had find the element ' CUSTOMERS ' successful by id via value: customers 
2020-08-06 09:27:03,170|base_page.py[line:155] INFO:The element ' CUSTOMERS ' was clicked.
2020-08-06 09:27:03,702|base_page.py[line:221] INFO:Had find the elements successful by xpath via value: //ul[@class='dropdown-menu multi-level show']/li/a 
2020-08-06 09:27:04,284|base_page.py[line:66] INFO:Had find the element ' New ' successful by xpath via value: //ul[@class='dropdown-menu multi-level show']/li[2]/a 
2020-08-06 09:27:04,379|base_page.py[line:155] INFO:The element ' New ' was clicked.
2020-08-06 09:27:04,379|topMenu.py[line:70] INFO:second_menu: New
2020-08-06 09:27:15,250|base_page.py[line:68] ERROR:TimeoutException: selector by xpath ,value //select[@name='typeName']
2020-08-06 09:27:15,250|base_page.py[line:121] ERROR:NoSuchElement selector_by: xpath, selector: //select[@name='typeName'] 
2020-08-06 09:27:17,792|base_page.py[line:66] INFO:Had find the element ' CUSTOMERS ' successful by id via value: customers 
2020-08-06 09:27:17,858|base_page.py[line:155] INFO:The element ' CUSTOMERS ' was clicked.
2020-08-06 09:27:18,370|base_page.py[line:221] INFO:Had find the elements successful by xpath via value: //ul[@class='dropdown-menu multi-level show']/li/a 
2020-08-06 09:27:18,922|base_page.py[line:66] INFO:Had find the element ' New ' successful by xpath via value: //ul[@class='dropdown-menu multi-level show']/li[2]/a 
2020-08-06 09:27:19,012|base_page.py[line:155] INFO:The element ' New ' was clicked.
2020-08-06 09:27:19,012|topMenu.py[line:70] INFO:second_menu: New
