2020-08-06 09:53:56,339|browser_engine.py[line:26] INFO:You had select Chrome browser.
2020-08-06 09:53:56,339|browser_engine.py[line:28] INFO:The test server url is: https://rr-alamo-test.azureedge.net
2020-08-06 09:53:59,249|browser_engine.py[line:42] INFO:Starting Chrome browser.
2020-08-06 09:54:00,377|browser_engine.py[line:56] INFO:Maximize the current window.
2020-08-06 09:54:06,586|browser_engine.py[line:59] INFO:Open url: https://rr-alamo-test.azureedge.net
2020-08-06 09:54:17,552|base_page.py[line:68] ERROR:TimeoutException: selector by xpath ,value xpath=>//div[@class='localAccount']//div[@class='intro']/h2
2020-08-06 09:54:18,104|base_page.py[line:66] INFO:Had find the element ' Sign in with your existing account ' successful by xpath via value: //div[@class='localAccount']//div[@class='intro']/h2 
2020-08-06 09:54:18,665|base_page.py[line:66] INFO:Had find the element '  ' successful by id via value: logonIdentifier 
2020-08-06 09:54:18,711|base_page.py[line:143] INFO:Clear text in input box before typing.
2020-08-06 09:54:19,231|base_page.py[line:66] INFO:Had find the element '  ' successful by id via value: logonIdentifier 
2020-08-06 09:54:19,412|base_page.py[line:133] INFO:Had type ' yan.liu@an-chen.com ' in inputBox
2020-08-06 09:54:19,974|base_page.py[line:66] INFO:Had find the element '  ' successful by id via value: password 
2020-08-06 09:54:20,021|base_page.py[line:143] INFO:Clear text in input box before typing.
2020-08-06 09:54:20,540|base_page.py[line:66] INFO:Had find the element '  ' successful by id via value: password 
2020-08-06 09:54:20,720|base_page.py[line:133] INFO:Had type ' Lychan@2012 ' in inputBox
2020-08-06 09:54:21,256|base_page.py[line:66] INFO:Had find the element ' Sign in ' successful by xpath via value: //div[@class='buttons']/button[text()='Sign in'] 
2020-08-06 09:54:29,812|base_page.py[line:66] INFO:Had find the element ' Welcome, yanliu ' successful by xpath via value: //div[@id='root']//div[@class='content-heading'] 
2020-08-06 09:54:29,812|login.py[line:41] INFO:login success
2020-08-06 09:54:32,406|base_page.py[line:66] INFO:Had find the element ' CUSTOMERS ' successful by id via value: customers 
2020-08-06 09:54:32,508|base_page.py[line:155] INFO:The element ' CUSTOMERS ' was clicked.
2020-08-06 09:54:33,039|base_page.py[line:221] INFO:Had find the elements successful by xpath via value: //ul[@class='dropdown-menu multi-level show']/li/a 
2020-08-06 09:54:33,629|base_page.py[line:66] INFO:Had find the element ' New ' successful by xpath via value: //ul[@class='dropdown-menu multi-level show']/li[2]/a 
2020-08-06 09:54:33,702|base_page.py[line:155] INFO:The element ' New ' was clicked.
2020-08-06 09:54:33,702|topMenu.py[line:70] INFO:second_menu: New
2020-08-06 09:54:35,815|base_page.py[line:66] INFO:Had find the element ' Select one...
Person
Organization ' successful by xpath via value: //select[@name='typeName'] 
2020-08-06 09:54:35,915|base_page.py[line:155] INFO:The element ' Select one...
Person
Organization ' was clicked.
2020-08-06 09:54:36,443|base_page.py[line:66] INFO:Had find the element ' Select one...
Person
Organization ' successful by xpath via value: //select[@name='typeName'] 
2020-08-06 09:54:37,083|base_page.py[line:66] INFO:Had find the element ' Select one...
Sole Proprietor
Individual
Household ' successful by xpath via value: //select[@name='entityClass'] 
2020-08-06 09:54:37,187|base_page.py[line:155] INFO:The element ' Select one...
Sole Proprietor
Individual
Household ' was clicked.
2020-08-06 09:54:37,731|base_page.py[line:66] INFO:Had find the element ' Select one...
Sole Proprietor
Individual
Household ' successful by xpath via value: //select[@name='entityClass'] 
2020-08-06 09:54:38,401|base_page.py[line:66] INFO:Had find the element ' Save ' successful by xpath via value: //button[text()='Save'] 
2020-08-06 09:54:38,507|base_page.py[line:155] INFO:The element ' Save ' was clicked.
2020-08-06 09:54:40,023|base_page.py[line:221] INFO:Had find the elements successful by xpath via value: //div[@role='alert']/div[@class='summaryMessage'] 
2020-08-06 09:54:42,583|base_page.py[line:66] INFO:Had find the element ' CUSTOMERS ' successful by id via value: customers 
2020-08-06 09:54:42,665|base_page.py[line:155] INFO:The element ' CUSTOMERS ' was clicked.
2020-08-06 09:54:43,180|base_page.py[line:221] INFO:Had find the elements successful by xpath via value: //ul[@class='dropdown-menu multi-level show']/li/a 
2020-08-06 09:54:43,777|base_page.py[line:66] INFO:Had find the element ' New ' successful by xpath via value: //ul[@class='dropdown-menu multi-level show']/li[2]/a 
2020-08-06 09:54:43,886|base_page.py[line:155] INFO:The element ' New ' was clicked.
2020-08-06 09:54:43,886|topMenu.py[line:70] INFO:second_menu: New
2020-08-06 09:54:44,527|base_page.py[line:66] INFO:Had find the element ' Select one...
Person
Organization ' successful by xpath via value: //select[@name='typeName'] 
2020-08-06 09:54:45,418|base_page.py[line:155] INFO:The element ' Select one...
Person
Organization ' was clicked.
2020-08-06 09:54:45,958|base_page.py[line:66] INFO:Had find the element ' Select one...
Person
Organization ' successful by xpath via value: //select[@name='typeName'] 
2020-08-06 09:54:46,568|base_page.py[line:66] INFO:Had find the element ' Select one...
Company
Government
Trust/Estate ' successful by xpath via value: //select[@name='entityClass'] 
2020-08-06 09:54:46,668|base_page.py[line:155] INFO:The element ' Select one...
Company
Government
Trust/Estate ' was clicked.
2020-08-06 09:54:47,216|base_page.py[line:66] INFO:Had find the element ' Select one...
Company
Government
Trust/Estate ' successful by xpath via value: //select[@name='entityClass'] 
2020-08-06 09:54:47,874|base_page.py[line:66] INFO:Had find the element ' Save ' successful by xpath via value: //button[text()='Save'] 
2020-08-06 09:54:47,988|base_page.py[line:155] INFO:The element ' Save ' was clicked.
2020-08-06 09:54:49,503|base_page.py[line:221] INFO:Had find the elements successful by xpath via value: //div[@role='alert']/div[@class='summaryMessage'] 
2020-08-06 09:54:52,066|base_page.py[line:66] INFO:Had find the element ' CUSTOMERS ' successful by id via value: customers 
2020-08-06 09:54:52,151|base_page.py[line:155] INFO:The element ' CUSTOMERS ' was clicked.
2020-08-06 09:54:52,669|base_page.py[line:221] INFO:Had find the elements successful by xpath via value: //ul[@class='dropdown-menu multi-level show']/li/a 
2020-08-06 09:54:53,245|base_page.py[line:66] INFO:Had find the element ' New ' successful by xpath via value: //ul[@class='dropdown-menu multi-level show']/li[2]/a 
2020-08-06 09:54:53,338|base_page.py[line:155] INFO:The element ' New ' was clicked.
2020-08-06 09:54:53,338|topMenu.py[line:70] INFO:second_menu: New
2020-08-06 09:54:53,882|base_page.py[line:66] INFO:Had find the element ' Select one...
Person
Organization ' successful by xpath via value: //select[@name='typeName'] 
2020-08-06 09:54:53,976|base_page.py[line:155] INFO:The element ' Select one...
Person
Organization ' was clicked.
2020-08-06 09:54:54,508|base_page.py[line:66] INFO:Had find the element ' Select one...
Person
Organization ' successful by xpath via value: //select[@name='typeName'] 
2020-08-06 09:54:55,160|base_page.py[line:66] INFO:Had find the element ' Select one...
Sole Proprietor
Individual
Household ' successful by xpath via value: //select[@name='entityClass'] 
2020-08-06 09:54:55,271|base_page.py[line:155] INFO:The element ' Select one...
Sole Proprietor
Individual
Household ' was clicked.
2020-08-06 09:54:55,802|base_page.py[line:66] INFO:Had find the element ' Select one...
Sole Proprietor
Individual
Household ' successful by xpath via value: //select[@name='entityClass'] 
2020-08-06 09:54:56,467|base_page.py[line:66] INFO:Had find the element ' Save ' successful by xpath via value: //button[text()='Save'] 
2020-08-06 09:54:56,590|base_page.py[line:155] INFO:The element ' Save ' was clicked.
2020-08-06 09:54:58,103|base_page.py[line:221] INFO:Had find the elements successful by xpath via value: //div[@role='alert']/div[@class='summaryMessage'] 
