2020-08-06 09:59:03,069|browser_engine.py[line:26] INFO:You had select Chrome browser.
2020-08-06 09:59:03,070|browser_engine.py[line:28] INFO:The test server url is: https://rr-alamo-test.azureedge.net
2020-08-06 09:59:05,977|browser_engine.py[line:42] INFO:Starting Chrome browser.
2020-08-06 09:59:07,118|browser_engine.py[line:56] INFO:Maximize the current window.
2020-08-06 09:59:55,080|browser_engine.py[line:59] INFO:Open url: https://rr-alamo-test.azureedge.net
2020-08-06 10:00:05,795|base_page.py[line:68] ERROR:TimeoutException: selector by xpath ,value xpath=>//div[@class='localAccount']//div[@class='intro']/h2
2020-08-06 10:00:06,338|base_page.py[line:66] INFO:Had find the element ' Sign in with your existing account ' successful by xpath via value: //div[@class='localAccount']//div[@class='intro']/h2 
2020-08-06 10:00:06,880|base_page.py[line:66] INFO:Had find the element '  ' successful by id via value: logonIdentifier 
2020-08-06 10:00:06,919|base_page.py[line:143] INFO:Clear text in input box before typing.
2020-08-06 10:00:07,448|base_page.py[line:66] INFO:Had find the element '  ' successful by id via value: logonIdentifier 
2020-08-06 10:00:07,663|base_page.py[line:133] INFO:Had type ' yan.liu@an-chen.com ' in inputBox
2020-08-06 10:00:08,200|base_page.py[line:66] INFO:Had find the element '  ' successful by id via value: password 
2020-08-06 10:00:08,242|base_page.py[line:143] INFO:Clear text in input box before typing.
2020-08-06 10:00:08,763|base_page.py[line:66] INFO:Had find the element '  ' successful by id via value: password 
2020-08-06 10:00:09,274|base_page.py[line:133] INFO:Had type ' Lychan@2012 ' in inputBox
2020-08-06 10:00:09,808|base_page.py[line:66] INFO:Had find the element ' Sign in ' successful by xpath via value: //div[@class='buttons']/button[text()='Sign in'] 
2020-08-06 10:00:17,114|base_page.py[line:66] INFO:Had find the element ' Welcome, yanliu ' successful by xpath via value: //div[@id='root']//div[@class='content-heading'] 
2020-08-06 10:00:17,114|login.py[line:41] INFO:login success
2020-08-06 10:00:19,735|base_page.py[line:66] INFO:Had find the element ' CUSTOMERS ' successful by id via value: customers 
2020-08-06 10:00:19,864|base_page.py[line:155] INFO:The element ' CUSTOMERS ' was clicked.
2020-08-06 10:00:20,396|base_page.py[line:221] INFO:Had find the elements successful by xpath via value: //ul[@class='dropdown-menu multi-level show']/li/a 
2020-08-06 10:00:20,998|base_page.py[line:66] INFO:Had find the element ' New ' successful by xpath via value: //ul[@class='dropdown-menu multi-level show']/li[2]/a 
2020-08-06 10:00:21,171|base_page.py[line:155] INFO:The element ' New ' was clicked.
2020-08-06 10:00:21,171|topMenu.py[line:70] INFO:second_menu: New
2020-08-06 10:00:23,762|base_page.py[line:66] INFO:Had find the element ' Select one...
Person
Organization ' successful by xpath via value: //select[@name='typeName'] 
2020-08-06 10:00:23,865|base_page.py[line:155] INFO:The element ' Select one...
Person
Organization ' was clicked.
2020-08-06 10:00:24,389|base_page.py[line:66] INFO:Had find the element ' Select one...
Person
Organization ' successful by xpath via value: //select[@name='typeName'] 
2020-08-06 10:00:25,014|base_page.py[line:66] INFO:Had find the element ' Select one...
Sole Proprietor
Individual
Household ' successful by xpath via value: //select[@name='entityClass'] 
2020-08-06 10:00:25,150|base_page.py[line:155] INFO:The element ' Select one...
Sole Proprietor
Individual
Household ' was clicked.
2020-08-06 10:00:25,678|base_page.py[line:66] INFO:Had find the element ' Select one...
Sole Proprietor
Individual
Household ' successful by xpath via value: //select[@name='entityClass'] 
2020-08-06 10:00:26,337|base_page.py[line:66] INFO:Had find the element ' Save ' successful by xpath via value: //button[text()='Save'] 
2020-08-06 10:00:26,524|base_page.py[line:155] INFO:The element ' Save ' was clicked.
2020-08-06 10:00:28,042|base_page.py[line:221] INFO:Had find the elements successful by xpath via value: //div[@role='alert']/div[@class='summaryMessage'] 
2020-08-06 10:00:30,623|base_page.py[line:66] INFO:Had find the element ' CUSTOMERS ' successful by id via value: customers 
2020-08-06 10:00:30,705|base_page.py[line:155] INFO:The element ' CUSTOMERS ' was clicked.
2020-08-06 10:00:31,227|base_page.py[line:221] INFO:Had find the elements successful by xpath via value: //ul[@class='dropdown-menu multi-level show']/li/a 
2020-08-06 10:00:31,824|base_page.py[line:66] INFO:Had find the element ' New ' successful by xpath via value: //ul[@class='dropdown-menu multi-level show']/li[2]/a 
2020-08-06 10:00:31,905|base_page.py[line:155] INFO:The element ' New ' was clicked.
2020-08-06 10:00:31,905|topMenu.py[line:70] INFO:second_menu: New
2020-08-06 10:00:32,440|base_page.py[line:66] INFO:Had find the element ' Select one...
Person
Organization ' successful by xpath via value: //select[@name='typeName'] 
2020-08-06 10:00:32,560|base_page.py[line:155] INFO:The element ' Select one...
Person
Organization ' was clicked.
2020-08-06 10:00:33,088|base_page.py[line:66] INFO:Had find the element ' Select one...
Person
Organization ' successful by xpath via value: //select[@name='typeName'] 
2020-08-06 10:00:33,721|base_page.py[line:66] INFO:Had find the element ' Select one...
Company
Government
Trust/Estate ' successful by xpath via value: //select[@name='entityClass'] 
2020-08-06 10:00:33,840|base_page.py[line:155] INFO:The element ' Select one...
Company
Government
Trust/Estate ' was clicked.
2020-08-06 10:00:34,371|base_page.py[line:66] INFO:Had find the element ' Select one...
Company
Government
Trust/Estate ' successful by xpath via value: //select[@name='entityClass'] 
2020-08-06 10:00:35,033|base_page.py[line:66] INFO:Had find the element ' Save ' successful by xpath via value: //button[text()='Save'] 
2020-08-06 10:00:35,156|base_page.py[line:155] INFO:The element ' Save ' was clicked.
2020-08-06 10:00:36,675|base_page.py[line:221] INFO:Had find the elements successful by xpath via value: //div[@role='alert']/div[@class='summaryMessage'] 
2020-08-06 10:00:39,239|base_page.py[line:66] INFO:Had find the element ' CUSTOMERS ' successful by id via value: customers 
2020-08-06 10:00:39,440|base_page.py[line:155] INFO:The element ' CUSTOMERS ' was clicked.
2020-08-06 10:00:39,959|base_page.py[line:221] INFO:Had find the elements successful by xpath via value: //ul[@class='dropdown-menu multi-level show']/li/a 
2020-08-06 10:00:40,534|base_page.py[line:66] INFO:Had find the element ' New ' successful by xpath via value: //ul[@class='dropdown-menu multi-level show']/li[2]/a 
2020-08-06 10:00:40,621|base_page.py[line:155] INFO:The element ' New ' was clicked.
2020-08-06 10:00:40,621|topMenu.py[line:70] INFO:second_menu: New
2020-08-06 10:00:41,159|base_page.py[line:66] INFO:Had find the element ' Select one...
Person
Organization ' successful by xpath via value: //select[@name='typeName'] 
2020-08-06 10:00:41,266|base_page.py[line:155] INFO:The element ' Select one...
Person
Organization ' was clicked.
2020-08-06 10:00:41,806|base_page.py[line:66] INFO:Had find the element ' Select one...
Person
Organization ' successful by xpath via value: //select[@name='typeName'] 
2020-08-06 10:00:42,464|base_page.py[line:66] INFO:Had find the element ' Select one...
Sole Proprietor
Individual
Household ' successful by xpath via value: //select[@name='entityClass'] 
2020-08-06 10:00:42,626|base_page.py[line:155] INFO:The element ' Select one...
Sole Proprietor
Individual
Household ' was clicked.
2020-08-06 10:00:43,153|base_page.py[line:66] INFO:Had find the element ' Select one...
Sole Proprietor
Individual
Household ' successful by xpath via value: //select[@name='entityClass'] 
2020-08-06 10:00:43,818|base_page.py[line:66] INFO:Had find the element ' Save ' successful by xpath via value: //button[text()='Save'] 
2020-08-06 10:00:43,980|base_page.py[line:155] INFO:The element ' Save ' was clicked.
2020-08-06 10:00:45,492|base_page.py[line:221] INFO:Had find the elements successful by xpath via value: //div[@role='alert']/div[@class='summaryMessage'] 
