2020-08-06 08:47:07,824|browser_engine.py[line:26] INFO:You had select Chrome browser.
2020-08-06 08:47:07,824|browser_engine.py[line:28] INFO:The test server url is: https://rr-alamo-test.azureedge.net
2020-08-06 08:47:10,810|browser_engine.py[line:42] INFO:Starting Chrome browser.
2020-08-06 08:47:11,937|browser_engine.py[line:56] INFO:Maximize the current window.
2020-08-06 08:47:16,082|browser_engine.py[line:59] INFO:Open url: https://rr-alamo-test.azureedge.net
2020-08-06 08:47:27,053|base_page.py[line:68] ERROR:TimeoutException: selector by xpath ,value xpath=>//div[@class='localAccount']//div[@class='intro']/h2
2020-08-06 08:47:27,595|base_page.py[line:66] INFO:Had find the element ' Sign in with your existing account ' successful by xpath via value: //div[@class='localAccount']//div[@class='intro']/h2 
2020-08-06 08:47:28,164|base_page.py[line:66] INFO:Had find the element '  ' successful by id via value: logonIdentifier 
2020-08-06 08:47:28,209|base_page.py[line:143] INFO:Clear text in input box before typing.
2020-08-06 08:47:28,747|base_page.py[line:66] INFO:Had find the element '  ' successful by id via value: logonIdentifier 
2020-08-06 08:47:28,990|base_page.py[line:133] INFO:Had type ' yan.liu@an-chen.com ' in inputBox
2020-08-06 08:47:29,543|base_page.py[line:66] INFO:Had find the element '  ' successful by id via value: password 
2020-08-06 08:47:29,578|base_page.py[line:143] INFO:Clear text in input box before typing.
2020-08-06 08:47:30,096|base_page.py[line:66] INFO:Had find the element '  ' successful by id via value: password 
2020-08-06 08:47:30,263|base_page.py[line:133] INFO:Had type ' Lychan@2012 ' in inputBox
2020-08-06 08:47:30,825|base_page.py[line:66] INFO:Had find the element ' Sign in ' successful by xpath via value: //div[@class='buttons']/button[text()='Sign in'] 
2020-08-06 08:47:35,742|base_page.py[line:66] INFO:Had find the element ' Welcome, yanliu ' successful by xpath via value: //div[@id='root']//div[@class='content-heading'] 
2020-08-06 08:47:35,742|login.py[line:41] INFO:login success
2020-08-06 08:47:38,489|base_page.py[line:66] INFO:Had find the element ' CUSTOMERS ' successful by id via value: customers 
2020-08-06 08:47:38,580|base_page.py[line:155] INFO:The element ' CUSTOMERS ' was clicked.
2020-08-06 08:47:39,107|base_page.py[line:221] INFO:Had find the elements successful by xpath via value: //ul[@class='dropdown-menu multi-level show']/li/a 
2020-08-06 08:47:39,688|base_page.py[line:66] INFO:Had find the element ' New ' successful by xpath via value: //ul[@class='dropdown-menu multi-level show']/li[2]/a 
2020-08-06 08:47:39,771|base_page.py[line:155] INFO:The element ' New ' was clicked.
2020-08-06 08:47:39,771|topMenu.py[line:70] INFO:second_menu: New
2020-08-06 08:47:50,649|base_page.py[line:68] ERROR:TimeoutException: selector by xpath ,value //select[@name='typeName']
2020-08-06 08:47:50,649|base_page.py[line:121] ERROR:NoSuchElement selector_by: xpath, selector: //select[@name='typeName'] 
2020-08-06 08:47:53,202|base_page.py[line:66] INFO:Had find the element ' CUSTOMERS ' successful by id via value: customers 
2020-08-06 08:47:53,252|base_page.py[line:155] INFO:The element ' CUSTOMERS ' was clicked.
2020-08-06 08:47:53,772|base_page.py[line:221] INFO:Had find the elements successful by xpath via value: //ul[@class='dropdown-menu multi-level show']/li/a 
2020-08-06 08:47:54,334|base_page.py[line:66] INFO:Had find the element ' New ' successful by xpath via value: //ul[@class='dropdown-menu multi-level show']/li[2]/a 
2020-08-06 08:47:54,389|base_page.py[line:155] INFO:The element ' New ' was clicked.
2020-08-06 08:47:54,389|topMenu.py[line:70] INFO:second_menu: New
2020-08-06 08:48:05,229|base_page.py[line:68] ERROR:TimeoutException: selector by xpath ,value //select[@name='typeName']
2020-08-06 08:48:05,229|base_page.py[line:121] ERROR:NoSuchElement selector_by: xpath, selector: //select[@name='typeName'] 
2020-08-06 08:48:07,773|base_page.py[line:66] INFO:Had find the element ' CUSTOMERS ' successful by id via value: customers 
2020-08-06 08:48:07,853|base_page.py[line:155] INFO:The element ' CUSTOMERS ' was clicked.
2020-08-06 08:48:08,372|base_page.py[line:221] INFO:Had find the elements successful by xpath via value: //ul[@class='dropdown-menu multi-level show']/li/a 
2020-08-06 08:48:08,953|base_page.py[line:66] INFO:Had find the element ' New ' successful by xpath via value: //ul[@class='dropdown-menu multi-level show']/li[2]/a 
2020-08-06 08:48:09,029|base_page.py[line:155] INFO:The element ' New ' was clicked.
2020-08-06 08:48:09,029|topMenu.py[line:70] INFO:second_menu: New
2020-08-06 08:48:19,908|base_page.py[line:68] ERROR:TimeoutException: selector by xpath ,value //select[@name='typeName']
2020-08-06 08:48:19,908|base_page.py[line:121] ERROR:NoSuchElement selector_by: xpath, selector: //select[@name='typeName'] 
2020-08-06 08:48:22,450|base_page.py[line:66] INFO:Had find the element ' CUSTOMERS ' successful by id via value: customers 
2020-08-06 08:48:22,535|base_page.py[line:155] INFO:The element ' CUSTOMERS ' was clicked.
2020-08-06 08:48:23,053|base_page.py[line:221] INFO:Had find the elements successful by xpath via value: //ul[@class='dropdown-menu multi-level show']/li/a 
2020-08-06 08:48:23,630|base_page.py[line:66] INFO:Had find the element ' New ' successful by xpath via value: //ul[@class='dropdown-menu multi-level show']/li[2]/a 
2020-08-06 08:48:23,696|base_page.py[line:155] INFO:The element ' New ' was clicked.
2020-08-06 08:48:23,696|topMenu.py[line:70] INFO:second_menu: New
2020-08-06 08:48:34,366|base_page.py[line:68] ERROR:TimeoutException: selector by xpath ,value //select[@name='typeName']
2020-08-06 08:48:34,366|base_page.py[line:121] ERROR:NoSuchElement selector_by: xpath, selector: //select[@name='typeName'] 
2020-08-06 08:48:36,913|base_page.py[line:66] INFO:Had find the element ' CUSTOMERS ' successful by id via value: customers 
2020-08-06 08:48:37,010|base_page.py[line:155] INFO:The element ' CUSTOMERS ' was clicked.
2020-08-06 08:48:37,543|base_page.py[line:221] INFO:Had find the elements successful by xpath via value: //ul[@class='dropdown-menu multi-level show']/li/a 
2020-08-06 08:48:38,126|base_page.py[line:66] INFO:Had find the element ' New ' successful by xpath via value: //ul[@class='dropdown-menu multi-level show']/li[2]/a 
2020-08-06 08:48:38,261|base_page.py[line:155] INFO:The element ' New ' was clicked.
2020-08-06 08:48:38,261|topMenu.py[line:70] INFO:second_menu: New
2020-08-06 08:48:48,961|base_page.py[line:68] ERROR:TimeoutException: selector by xpath ,value //select[@name='typeName']
2020-08-06 08:48:48,961|base_page.py[line:121] ERROR:NoSuchElement selector_by: xpath, selector: //select[@name='typeName'] 
2020-08-06 08:48:51,505|base_page.py[line:66] INFO:Had find the element ' CUSTOMERS ' successful by id via value: customers 
2020-08-06 08:48:51,588|base_page.py[line:155] INFO:The element ' CUSTOMERS ' was clicked.
2020-08-06 08:48:52,134|base_page.py[line:221] INFO:Had find the elements successful by xpath via value: //ul[@class='dropdown-menu multi-level show']/li/a 
2020-08-06 08:48:52,774|base_page.py[line:66] INFO:Had find the element ' New ' successful by xpath via value: //ul[@class='dropdown-menu multi-level show']/li[2]/a 
2020-08-06 08:48:52,896|base_page.py[line:155] INFO:The element ' New ' was clicked.
2020-08-06 08:48:52,896|topMenu.py[line:70] INFO:second_menu: New
2020-08-06 08:49:03,397|base_page.py[line:68] ERROR:TimeoutException: selector by xpath ,value //select[@name='typeName']
2020-08-06 08:49:03,397|base_page.py[line:121] ERROR:NoSuchElement selector_by: xpath, selector: //select[@name='typeName'] 
2020-08-06 08:49:06,242|base_page.py[line:66] INFO:Had find the element ' CUSTOMERS ' successful by id via value: customers 
2020-08-06 08:49:06,574|base_page.py[line:155] INFO:The element ' CUSTOMERS ' was clicked.
2020-08-06 08:49:07,105|base_page.py[line:221] INFO:Had find the elements successful by xpath via value: //ul[@class='dropdown-menu multi-level show']/li/a 
2020-08-06 08:49:07,689|base_page.py[line:66] INFO:Had find the element ' New ' successful by xpath via value: //ul[@class='dropdown-menu multi-level show']/li[2]/a 
2020-08-06 08:49:07,790|base_page.py[line:155] INFO:The element ' New ' was clicked.
2020-08-06 08:49:07,790|topMenu.py[line:70] INFO:second_menu: New
2020-08-06 08:49:18,337|base_page.py[line:68] ERROR:TimeoutException: selector by xpath ,value //select[@name='typeName']
2020-08-06 08:49:18,337|base_page.py[line:121] ERROR:NoSuchElement selector_by: xpath, selector: //select[@name='typeName'] 
2020-08-06 08:49:20,909|base_page.py[line:66] INFO:Had find the element ' CUSTOMERS ' successful by id via value: customers 
2020-08-06 08:49:20,996|base_page.py[line:155] INFO:The element ' CUSTOMERS ' was clicked.
2020-08-06 08:49:21,513|base_page.py[line:221] INFO:Had find the elements successful by xpath via value: //ul[@class='dropdown-menu multi-level show']/li/a 
2020-08-06 08:49:22,118|base_page.py[line:66] INFO:Had find the element ' New ' successful by xpath via value: //ul[@class='dropdown-menu multi-level show']/li[2]/a 
2020-08-06 08:49:22,199|base_page.py[line:155] INFO:The element ' New ' was clicked.
2020-08-06 08:49:22,199|topMenu.py[line:70] INFO:second_menu: New
2020-08-06 08:49:32,740|base_page.py[line:68] ERROR:TimeoutException: selector by xpath ,value //select[@name='typeName']
2020-08-06 08:49:32,740|base_page.py[line:121] ERROR:NoSuchElement selector_by: xpath, selector: //select[@name='typeName'] 
