2020-08-06 09:32:01,944|browser_engine.py[line:26] INFO:You had select Chrome browser.
2020-08-06 09:32:01,944|browser_engine.py[line:28] INFO:The test server url is: https://rr-alamo-test.azureedge.net
2020-08-06 09:32:04,877|browser_engine.py[line:42] INFO:Starting Chrome browser.
2020-08-06 09:32:06,044|browser_engine.py[line:56] INFO:Maximize the current window.
2020-08-06 09:32:07,231|browser_engine.py[line:59] INFO:Open url: https://rr-alamo-test.azureedge.net
2020-08-06 09:32:18,141|base_page.py[line:68] ERROR:TimeoutException: selector by xpath ,value xpath=>//div[@class='localAccount']//div[@class='intro']/h2
2020-08-06 09:32:18,710|base_page.py[line:66] INFO:Had find the element ' Sign in with your existing account ' successful by xpath via value: //div[@class='localAccount']//div[@class='intro']/h2 
2020-08-06 09:32:19,270|base_page.py[line:66] INFO:Had find the element '  ' successful by id via value: logonIdentifier 
2020-08-06 09:32:19,317|base_page.py[line:143] INFO:Clear text in input box before typing.
2020-08-06 09:32:19,852|base_page.py[line:66] INFO:Had find the element '  ' successful by id via value: logonIdentifier 
2020-08-06 09:32:20,023|base_page.py[line:133] INFO:Had type ' yan.liu@an-chen.com ' in inputBox
2020-08-06 09:32:20,560|base_page.py[line:66] INFO:Had find the element '  ' successful by id via value: password 
2020-08-06 09:32:20,598|base_page.py[line:143] INFO:Clear text in input box before typing.
2020-08-06 09:32:21,119|base_page.py[line:66] INFO:Had find the element '  ' successful by id via value: password 
2020-08-06 09:32:21,280|base_page.py[line:133] INFO:Had type ' Lychan@2012 ' in inputBox
2020-08-06 09:32:21,849|base_page.py[line:66] INFO:Had find the element ' Sign in ' successful by xpath via value: //div[@class='buttons']/button[text()='Sign in'] 
2020-08-06 09:32:25,969|base_page.py[line:66] INFO:Had find the element ' Welcome, yanliu ' successful by xpath via value: //div[@id='root']//div[@class='content-heading'] 
2020-08-06 09:32:25,970|login.py[line:41] INFO:login success
2020-08-06 09:32:28,588|base_page.py[line:66] INFO:Had find the element ' CUSTOMERS ' successful by id via value: customers 
2020-08-06 09:32:28,662|base_page.py[line:155] INFO:The element ' CUSTOMERS ' was clicked.
2020-08-06 09:32:29,177|base_page.py[line:221] INFO:Had find the elements successful by xpath via value: //ul[@class='dropdown-menu multi-level show']/li/a 
2020-08-06 09:32:29,736|base_page.py[line:66] INFO:Had find the element ' New ' successful by xpath via value: //ul[@class='dropdown-menu multi-level show']/li[2]/a 
2020-08-06 09:32:29,811|base_page.py[line:155] INFO:The element ' New ' was clicked.
2020-08-06 09:32:29,811|topMenu.py[line:70] INFO:second_menu: New
2020-08-06 09:32:40,659|base_page.py[line:68] ERROR:TimeoutException: selector by xpath ,value //select[@name='typeName']
2020-08-06 09:32:40,659|base_page.py[line:121] ERROR:NoSuchElement selector_by: xpath, selector: //select[@name='typeName'] 
2020-08-06 09:32:43,203|base_page.py[line:66] INFO:Had find the element ' CUSTOMERS ' successful by id via value: customers 
2020-08-06 09:32:43,276|base_page.py[line:155] INFO:The element ' CUSTOMERS ' was clicked.
2020-08-06 09:32:43,795|base_page.py[line:221] INFO:Had find the elements successful by xpath via value: //ul[@class='dropdown-menu multi-level show']/li/a 
2020-08-06 09:32:44,347|base_page.py[line:66] INFO:Had find the element ' New ' successful by xpath via value: //ul[@class='dropdown-menu multi-level show']/li[2]/a 
2020-08-06 09:32:44,404|base_page.py[line:155] INFO:The element ' New ' was clicked.
2020-08-06 09:32:44,405|topMenu.py[line:70] INFO:second_menu: New
