2020-08-06 10:02:04,884|browser_engine.py[line:26] INFO:You had select Chrome browser.
2020-08-06 10:02:04,884|browser_engine.py[line:28] INFO:The test server url is: https://rr-alamo-test.azureedge.net
2020-08-06 10:02:07,846|browser_engine.py[line:42] INFO:Starting Chrome browser.
2020-08-06 10:02:08,991|browser_engine.py[line:56] INFO:Maximize the current window.
2020-08-06 10:03:37,437|browser_engine.py[line:59] INFO:Open url: https://rr-alamo-test.azureedge.net
2020-08-06 10:03:48,188|base_page.py[line:68] ERROR:TimeoutException: selector by xpath ,value xpath=>//div[@class='localAccount']//div[@class='intro']/h2
2020-08-06 10:03:48,766|base_page.py[line:66] INFO:Had find the element ' Sign in with your existing account ' successful by xpath via value: //div[@class='localAccount']//div[@class='intro']/h2 
2020-08-06 10:03:49,352|base_page.py[line:66] INFO:Had find the element '  ' successful by id via value: logonIdentifier 
2020-08-06 10:03:49,443|base_page.py[line:143] INFO:Clear text in input box before typing.
2020-08-06 10:03:49,983|base_page.py[line:66] INFO:Had find the element '  ' successful by id via value: logonIdentifier 
2020-08-06 10:03:50,240|base_page.py[line:133] INFO:Had type ' yan.liu@an-chen.com ' in inputBox
2020-08-06 10:03:50,843|base_page.py[line:66] INFO:Had find the element '  ' successful by id via value: password 
2020-08-06 10:03:50,926|base_page.py[line:143] INFO:Clear text in input box before typing.
2020-08-06 10:03:51,599|base_page.py[line:66] INFO:Had find the element '  ' successful by id via value: password 
2020-08-06 10:03:52,259|base_page.py[line:133] INFO:Had type ' Lychan@2012 ' in inputBox
2020-08-06 10:03:52,851|base_page.py[line:66] INFO:Had find the element ' Sign in ' successful by xpath via value: //div[@class='buttons']/button[text()='Sign in'] 
2020-08-06 10:04:00,024|base_page.py[line:66] INFO:Had find the element ' Welcome, yanliu ' successful by xpath via value: //div[@id='root']//div[@class='content-heading'] 
2020-08-06 10:04:00,024|login.py[line:41] INFO:login success
2020-08-06 10:04:02,712|base_page.py[line:66] INFO:Had find the element ' CUSTOMERS ' successful by id via value: customers 
2020-08-06 10:04:02,867|base_page.py[line:155] INFO:The element ' CUSTOMERS ' was clicked.
2020-08-06 10:04:03,405|base_page.py[line:221] INFO:Had find the elements successful by xpath via value: //ul[@class='dropdown-menu multi-level show']/li/a 
2020-08-06 10:04:04,024|base_page.py[line:66] INFO:Had find the element ' New ' successful by xpath via value: //ul[@class='dropdown-menu multi-level show']/li[2]/a 
2020-08-06 10:04:04,154|base_page.py[line:155] INFO:The element ' New ' was clicked.
2020-08-06 10:04:04,154|topMenu.py[line:70] INFO:second_menu: New
2020-08-06 10:04:07,403|base_page.py[line:66] INFO:Had find the element ' Select one...
Person
Organization ' successful by xpath via value: //select[@name='typeName'] 
2020-08-06 10:04:07,610|base_page.py[line:155] INFO:The element ' Select one...
Person
Organization ' was clicked.
2020-08-06 10:04:08,306|base_page.py[line:66] INFO:Had find the element ' Select one...
Person
Organization ' successful by xpath via value: //select[@name='typeName'] 
2020-08-06 10:04:09,071|base_page.py[line:66] INFO:Had find the element ' Select one...
Sole Proprietor
Individual
Household ' successful by xpath via value: //select[@name='entityClass'] 
2020-08-06 10:04:09,343|base_page.py[line:155] INFO:The element ' Select one...
Sole Proprietor
Individual
Household ' was clicked.
2020-08-06 10:04:09,914|base_page.py[line:66] INFO:Had find the element ' Select one...
Sole Proprietor
Individual
Household ' successful by xpath via value: //select[@name='entityClass'] 
2020-08-06 10:04:10,979|base_page.py[line:66] INFO:Had find the element ' Save ' successful by xpath via value: //button[text()='Save'] 
2020-08-06 10:04:11,225|base_page.py[line:155] INFO:The element ' Save ' was clicked.
2020-08-06 10:04:11,754|base_page.py[line:221] INFO:Had find the elements successful by xpath via value: //div[@role='alert']/div[@class='summaryMessage'] 
2020-08-06 10:04:14,355|base_page.py[line:66] INFO:Had find the element ' CUSTOMERS ' successful by id via value: customers 
2020-08-06 10:04:14,527|base_page.py[line:155] INFO:The element ' CUSTOMERS ' was clicked.
2020-08-06 10:04:15,045|base_page.py[line:221] INFO:Had find the elements successful by xpath via value: //ul[@class='dropdown-menu multi-level show']/li/a 
2020-08-06 10:04:15,663|base_page.py[line:66] INFO:Had find the element ' New ' successful by xpath via value: //ul[@class='dropdown-menu multi-level show']/li[2]/a 
2020-08-06 10:04:15,816|base_page.py[line:155] INFO:The element ' New ' was clicked.
2020-08-06 10:04:15,816|topMenu.py[line:70] INFO:second_menu: New
2020-08-06 10:04:16,407|base_page.py[line:66] INFO:Had find the element ' Select one...
Person
Organization ' successful by xpath via value: //select[@name='typeName'] 
2020-08-06 10:04:16,562|base_page.py[line:155] INFO:The element ' Select one...
Person
Organization ' was clicked.
2020-08-06 10:04:17,102|base_page.py[line:66] INFO:Had find the element ' Select one...
Person
Organization ' successful by xpath via value: //select[@name='typeName'] 
2020-08-06 10:04:17,787|base_page.py[line:66] INFO:Had find the element ' Select one...
Company
Government
Trust/Estate ' successful by xpath via value: //select[@name='entityClass'] 
2020-08-06 10:04:17,988|base_page.py[line:155] INFO:The element ' Select one...
Company
Government
Trust/Estate ' was clicked.
