2020-05-09 17:33:19,284|browser_engine.py[line:27] INFO:You had select Chrome browser.
2020-05-09 17:33:19,285|browser_engine.py[line:29] INFO:The test server url is: https://rralamotest.z21.web.core.windows.net/
2020-05-09 17:33:22,716|browser_engine.py[line:42] INFO:Starting Chrome browser.
2020-05-09 17:33:23,987|browser_engine.py[line:53] INFO:Maximize the current window.
2020-05-09 17:33:51,732|browser_engine.py[line:56] INFO:Open url: https://rralamotest.z21.web.core.windows.net/
2020-05-09 17:34:03,877|base_page.py[line:69] ERROR:TimeoutException: selector by xpath ,value xpath=>//div[@class='localAccount']//div[@class='intro']/h2
2020-05-09 17:34:05,934|base_page.py[line:67] INFO:Had find the element ' Sign in with your existing account ' successful by xpath via value: //div[@class='localAccount']//div[@class='intro']/h2 
2020-05-09 17:34:07,984|base_page.py[line:67] INFO:Had find the element '  ' successful by id via value: logonIdentifier 
2020-05-09 17:34:08,032|base_page.py[line:144] INFO:Clear text in input box before typing.
2020-05-09 17:34:10,057|base_page.py[line:67] INFO:Had find the element '  ' successful by id via value: logonIdentifier 
2020-05-09 17:34:10,285|base_page.py[line:134] INFO:Had type ' yan.liu@an-chen.com ' in inputBox
2020-05-09 17:34:12,333|base_page.py[line:67] INFO:Had find the element '  ' successful by id via value: password 
2020-05-09 17:34:12,371|base_page.py[line:144] INFO:Clear text in input box before typing.
2020-05-09 17:34:14,403|base_page.py[line:67] INFO:Had find the element '  ' successful by id via value: password 
2020-05-09 17:34:14,731|base_page.py[line:134] INFO:Had type ' Lychan@2012 ' in inputBox
2020-05-09 17:34:16,779|base_page.py[line:67] INFO:Had find the element ' Sign in ' successful by xpath via value: //div[@class='buttons']/button[text()='Sign in'] 
2020-05-09 17:34:29,253|base_page.py[line:69] ERROR:TimeoutException: selector by xpath ,value xpath=>//div[@id='root']//div[@class='content-heading']
2020-05-09 17:34:31,290|base_page.py[line:67] INFO:Had find the element ' Welcome, yanliu ' successful by xpath via value: //div[@id='root']//div[@class='content-heading'] 
2020-05-09 17:34:31,290|login.py[line:41] INFO:login success
2020-05-09 17:34:43,682|base_page.py[line:69] ERROR:TimeoutException: selector by xpath ,value xpath=>//div[@class='card']/form//div[@id='homeGrid']/div//h2
2020-05-09 17:34:44,208|base_page.py[line:222] INFO:Had find the elements successful by xpath via value: //div[@class='card']/form//div[@id='homeGrid']/div//h2 
2020-05-09 17:34:46,436|base_page.py[line:67] INFO:Had find the element '  ' successful by xpath via value: //div[@class='card']/form//div[@id='homeGrid']/div[4]//input 
2020-05-09 17:34:46,963|base_page.py[line:134] INFO:Had type ' C000088898 ' in inputBox
2020-05-09 17:34:49,003|base_page.py[line:67] INFO:Had find the element ' Go ' successful by xpath via value: //div[@class='card']/form//div[@id='homeGrid']/div[4]/div/button 
2020-05-09 17:34:49,207|base_page.py[line:156] INFO:The element ' Go ' was clicked.
2020-05-09 17:34:49,208|homePage.py[line:45] INFO:module_name: Customers
2020-05-09 17:35:01,588|base_page.py[line:69] ERROR:TimeoutException: selector by xpath ,value xpath=>//div[@class='card']//li/a[text()='Contacts']
2020-05-09 17:35:03,630|base_page.py[line:67] INFO:Had find the element ' Contacts ' successful by xpath via value: //div[@class='card']//li/a[text()='Contacts'] 
2020-05-09 17:35:03,840|base_page.py[line:156] INFO:The element ' Contacts ' was clicked.
2020-05-09 17:35:04,362|base_page.py[line:222] INFO:Had find the elements successful by xpath via value: //div[@class='card']//div//h4 
2020-05-09 17:35:06,527|base_page.py[line:67] INFO:Had find the element ' Contacts ' successful by xpath via value: //div[@class='card']//div//h4[text()='Contacts'] 
2020-05-09 17:35:08,584|base_page.py[line:67] INFO:Had find the element ' History ' successful by xpath via value: //div[@class='glo-row']/div[1]//button[text()=' History'] 
2020-05-09 17:35:08,738|base_page.py[line:156] INFO:The element ' History ' was clicked.
2020-05-09 17:35:10,778|base_page.py[line:67] INFO:Had find the element ' History For Contacts ' successful by xpath via value: //h4[@class='modal-title'] 
2020-05-09 17:35:12,834|base_page.py[line:67] INFO:Had find the element ' × ' successful by xpath via value: //button[@class='close'] 
2020-05-09 17:35:12,924|base_page.py[line:156] INFO:The element ' × ' was clicked.
2020-05-09 17:35:13,435|base_page.py[line:222] INFO:Had find the elements successful by xpath via value: //div[@class='card']//div//h4 
2020-05-09 17:35:15,515|base_page.py[line:67] INFO:Had find the element ' Email ' successful by xpath via value: //div[@class='card']//div//h4[text()='Email'] 
2020-05-09 17:35:17,572|base_page.py[line:67] INFO:Had find the element ' New ' successful by xpath via value: //div[@class='glo-row']/div[2]//button[text()=' New'] 
2020-05-09 17:35:17,748|base_page.py[line:156] INFO:The element ' New ' was clicked.
2020-05-09 17:35:19,806|base_page.py[line:67] INFO:Had find the element '  ' successful by id via value: CreateContactEmail 
2020-05-09 17:35:19,936|base_page.py[line:156] INFO:The element '  ' was clicked.
2020-05-09 17:35:21,985|base_page.py[line:67] INFO:Had find the element '  ' successful by id via value: CreateContactEmail 
2020-05-09 17:35:24,049|base_page.py[line:67] INFO:Had find the element '  ' successful by id via value: CreateContactEmail 
2020-05-09 17:35:26,108|base_page.py[line:67] INFO:Had find the element '  ' successful by id via value: CreateContactEmail 
2020-05-09 17:35:26,798|base_page.py[line:134] INFO:Had type ' uiautomation@qq.com ' in inputBox
2020-05-09 17:35:28,903|base_page.py[line:67] INFO:Had find the element ' Select one...
Personal
Business
Company
Government
Unknown ' successful by id via value: CreateEmailType 
2020-05-09 17:35:31,169|base_page.py[line:67] INFO:Had find the element ' No
Yes ' successful by id via value: CreateIsPrimary 
2020-05-09 17:35:31,757|base_page.py[line:222] INFO:Had find the elements successful by xpath via value: //div[@class='card']//div//h4 
2020-05-09 17:35:33,840|base_page.py[line:67] INFO:Had find the element ' Email ' successful by xpath via value: //div[@class='card']//div//h4[text()='Email'] 
2020-05-09 17:35:34,372|base_page.py[line:222] INFO:Had find the elements successful by xpath via value: //div[@class='glo-row']/div[1]//div[@class='glo-row']//div[@class='rt-tr-group'] 
2020-05-09 17:35:36,425|base_page.py[line:67] INFO:Had find the element ' DR.
a83a
a83a
a83a
Jr
CPA ' successful by xpath via value: //div[@class='glo-row']/div[1]//div[@class='glo-row']//div[@class='rt-tr-group'][1]/div 
2020-05-09 17:35:38,485|base_page.py[line:67] INFO:Had find the element ' DR.
a83a
a83a
a83a
Jr
CPA ' successful by xpath via value: //div[@class='glo-row']/div[1]//div[@class='glo-row']//div[@class='rt-tr-group'][1]/div 
2020-05-09 17:35:40,166|base_page.py[line:222] INFO:Had find the elements successful by xpath via value: //div[@class='card']//div//h4 
2020-05-09 17:35:42,239|base_page.py[line:67] INFO:Had find the element ' Email ' successful by xpath via value: //div[@class='card']//div//h4[text()='Email'] 
2020-05-09 17:35:42,757|base_page.py[line:222] INFO:Had find the elements successful by xpath via value: //div[@class='glo-row']/div[1]//div[@class='glo-row']//div[@class='rt-tr-group'] 
2020-05-09 17:35:44,802|base_page.py[line:67] INFO:Had find the element ' DR.
a83a
a83a
a83a
Jr
CPA ' successful by xpath via value: //div[@class='glo-row']/div[1]//div[@class='glo-row']//div[@class='rt-tr-group'][1]/div 
2020-05-09 17:35:46,845|base_page.py[line:67] INFO:Had find the element ' DR.
a83a
a83a
a83a
Jr
CPA ' successful by xpath via value: //div[@class='glo-row']/div[1]//div[@class='glo-row']//div[@class='rt-tr-group'][1]/div 
2020-05-09 17:35:48,445|base_page.py[line:222] INFO:Had find the elements successful by xpath via value: //div[@class='card']//div//h4 
2020-05-09 17:35:50,531|base_page.py[line:67] INFO:Had find the element ' Email ' successful by xpath via value: //div[@class='card']//div//h4[text()='Email'] 
2020-05-09 17:35:52,597|base_page.py[line:67] INFO:Had find the element ' History ' successful by xpath via value: //div[@class='glo-row']/div[2]//button[text()=' History'] 
2020-05-09 17:35:54,201|base_page.py[line:222] INFO:Had find the elements successful by xpath via value: //div[@class='card']//div//h4 
2020-05-09 17:35:56,291|base_page.py[line:67] INFO:Had find the element ' Phone ' successful by xpath via value: //div[@class='card']//div//h4[text()='Phone'] 
2020-05-09 17:35:56,811|base_page.py[line:222] INFO:Had find the elements successful by xpath via value: //div[@class='glo-row']/div[1]//div[@class='glo-row']//div[@class='rt-tr-group'] 
2020-05-09 17:35:58,854|base_page.py[line:67] INFO:Had find the element ' DR.
a83a
a83a
a83a
Jr
CPA ' successful by xpath via value: //div[@class='glo-row']/div[1]//div[@class='glo-row']//div[@class='rt-tr-group'][1]/div 
2020-05-09 17:36:00,930|base_page.py[line:67] INFO:Had find the element ' DR.
a83a
a83a
a83a
Jr
CPA ' successful by xpath via value: //div[@class='glo-row']/div[1]//div[@class='glo-row']//div[@class='rt-tr-group'][1]/div 
2020-05-09 17:36:02,543|base_page.py[line:222] INFO:Had find the elements successful by xpath via value: //div[@class='card']//div//h4 
2020-05-09 17:36:04,618|base_page.py[line:67] INFO:Had find the element ' Phone ' successful by xpath via value: //div[@class='card']//div//h4[text()='Phone'] 
2020-05-09 17:36:06,678|base_page.py[line:67] INFO:Had find the element ' History ' successful by xpath via value: //div[@class='glo-row']/div[3]//button[text()=' History'] 
2020-05-09 17:36:08,277|base_page.py[line:222] INFO:Had find the elements successful by xpath via value: //div[@class='card']//div//h4 
2020-05-09 17:36:10,334|base_page.py[line:67] INFO:Had find the element ' Contacts ' successful by xpath via value: //div[@class='card']//div//h4[text()='Contacts'] 
2020-05-09 17:36:10,862|base_page.py[line:222] INFO:Had find the elements successful by xpath via value: //div[@class='glo-row']/div[1]//div[@class='glo-row']//div[@class='rt-tr-group'] 
2020-05-09 17:36:12,906|base_page.py[line:67] INFO:Had find the element ' DR.
a83a
a83a
a83a
Jr
CPA ' successful by xpath via value: //div[@class='glo-row']/div[1]//div[@class='glo-row']//div[@class='rt-tr-group'][1]/div 
2020-05-09 17:36:14,963|base_page.py[line:67] INFO:Had find the element ' DR.
a83a
a83a
a83a
Jr
CPA ' successful by xpath via value: //div[@class='glo-row']/div[1]//div[@class='glo-row']//div[@class='rt-tr-group'][1]/div 
