2020-06-22 14:15:43,405|browser_engine.py[line:27] INFO:You had select Chrome browser.
2020-06-22 14:15:43,405|browser_engine.py[line:29] INFO:The test server url is: https://rralamotest.z21.web.core.windows.net/
2020-06-22 14:15:47,971|browser_engine.py[line:44] INFO:Starting Chrome browser.
2020-06-22 14:15:49,348|browser_engine.py[line:58] INFO:Maximize the current window.
2020-06-22 14:16:29,919|browser_engine.py[line:61] INFO:Open url: https://rralamotest.z21.web.core.windows.net/
2020-06-22 14:16:40,477|base_page.py[line:70] ERROR:TimeoutException: selector by xpath ,value xpath=>//div[@class='localAccount']//div[@class='intro']/h2
2020-06-22 14:16:41,054|base_page.py[line:68] INFO:Had find the element ' Sign in with your existing account ' successful by xpath via value: //div[@class='localAccount']//div[@class='intro']/h2 
2020-06-22 14:16:41,626|base_page.py[line:68] INFO:Had find the element '  ' successful by id via value: logonIdentifier 
2020-06-22 14:16:41,676|base_page.py[line:145] INFO:Clear text in input box before typing.
2020-06-22 14:16:42,248|base_page.py[line:68] INFO:Had find the element '  ' successful by id via value: logonIdentifier 
2020-06-22 14:16:42,503|base_page.py[line:135] INFO:Had type ' yan.liu@an-chen.com ' in inputBox
2020-06-22 14:16:43,419|base_page.py[line:68] INFO:Had find the element '  ' successful by id via value: password 
2020-06-22 14:16:43,590|base_page.py[line:145] INFO:Clear text in input box before typing.
2020-06-22 14:16:44,124|base_page.py[line:68] INFO:Had find the element '  ' successful by id via value: password 
2020-06-22 14:16:44,501|base_page.py[line:135] INFO:Had type ' Lychan@2012 ' in inputBox
2020-06-22 14:16:45,055|base_page.py[line:68] INFO:Had find the element ' Sign in ' successful by xpath via value: //div[@class='buttons']/button[text()='Sign in'] 
2020-06-22 14:16:55,729|base_page.py[line:70] ERROR:TimeoutException: selector by xpath ,value xpath=>//div[@id='root']//div[@class='content-heading']
2020-06-22 14:16:56,293|base_page.py[line:68] INFO:Had find the element ' Welcome, yanliu ' successful by xpath via value: //div[@id='root']//div[@class='content-heading'] 
2020-06-22 14:16:56,293|login.py[line:41] INFO:login success
2020-06-22 14:17:06,884|base_page.py[line:70] ERROR:TimeoutException: selector by xpath ,value xpath=>//div[@class='card']/form//div[@id='homeGrid']/div//h2
2020-06-22 14:17:07,414|base_page.py[line:223] INFO:Had find the elements successful by xpath via value: //div[@class='card']/form//div[@id='homeGrid']/div//h2 
2020-06-22 14:17:08,053|base_page.py[line:68] INFO:Had find the element '  ' successful by xpath via value: //div[@class='card']/form//div[@id='homeGrid']/div[4]//input 
2020-06-22 14:17:08,850|base_page.py[line:135] INFO:Had type ' C000048473 ' in inputBox
2020-06-22 14:17:09,401|base_page.py[line:68] INFO:Had find the element ' Go ' successful by xpath via value: //div[@class='card']/form//div[@id='homeGrid']/div[4]/div/button 
2020-06-22 14:17:09,502|base_page.py[line:157] INFO:The element ' Go ' was clicked.
2020-06-22 14:17:09,503|homePage.py[line:50] INFO:module_name: Customers
2020-06-22 14:17:20,425|base_page.py[line:70] ERROR:TimeoutException: selector by xpath ,value xpath=>//div[@class='card']//li/a[text()='Contacts']
2020-06-22 14:17:20,988|base_page.py[line:68] INFO:Had find the element ' Contacts ' successful by xpath via value: //div[@class='card']//li/a[text()='Contacts'] 
2020-06-22 14:17:21,313|base_page.py[line:157] INFO:The element ' Contacts ' was clicked.
2020-06-22 14:17:21,950|base_page.py[line:223] INFO:Had find the elements successful by xpath via value: //div[@class='card']//div//h4 
2020-06-22 14:17:22,670|base_page.py[line:68] INFO:Had find the element ' Email ' successful by xpath via value: //div[@class='card']//div//h4[text()='Email'] 
2020-06-22 14:17:23,264|base_page.py[line:68] INFO:Had find the element ' Page 1 of 2 --- total records: 7 ' successful by xpath via value: //span[@class='glo-table-pagination'] 
2020-06-22 14:17:23,857|base_page.py[line:68] INFO:Had find the element ' Mrs.
ShellissqqShellissqqShellissqqShellissqqShellissqq
Sr.
Coordinator ' successful by xpath via value: //div[@class='glo-row']/div[1]//div[@class='glo-row']//div[@class='rt-tr-group'][1]/div 
2020-06-22 14:17:24,430|base_page.py[line:68] INFO:Had find the element ' New ' successful by xpath via value: //div[@class='glo-row']/div[2]//button[text()=' New'] 
2020-06-22 14:17:24,740|base_page.py[line:157] INFO:The element ' New ' was clicked.
2020-06-22 14:17:25,291|base_page.py[line:68] INFO:Had find the element '  ' successful by xpath via value: //input[@name='emailAddress'] 
2020-06-22 14:17:25,446|base_page.py[line:157] INFO:The element '  ' was clicked.
2020-06-22 14:17:25,984|base_page.py[line:68] INFO:Had find the element '  ' successful by xpath via value: //input[@name='emailAddress'] 
2020-06-22 14:17:26,547|base_page.py[line:68] INFO:Had find the element '  ' successful by xpath via value: //input[@name='emailAddress'] 
2020-06-22 14:17:27,181|base_page.py[line:68] INFO:Had find the element '  ' successful by xpath via value: //input[@name='emailAddress'] 
2020-06-22 14:17:27,645|base_page.py[line:135] INFO:Had type ' y2vd0g@anchen.com ' in inputBox
2020-06-22 14:17:28,203|base_page.py[line:68] INFO:Had find the element ' Select one...
Personal
Business
Company
Government
Unknown ' successful by xpath via value: //select[@name='emailType'] 
2020-06-22 14:17:28,344|base_page.py[line:157] INFO:The element ' Select one...
Personal
Business
Company
Government
Unknown ' was clicked.
2020-06-22 14:17:28,901|base_page.py[line:68] INFO:Had find the element ' Select one...
Personal
Business
Company
Government
Unknown ' successful by xpath via value: //select[@name='emailType'] 
2020-06-22 14:17:29,572|base_page.py[line:68] INFO:Had find the element ' No
Yes ' successful by xpath via value: //select[@name='isPrimary'] 
2020-06-22 14:17:29,757|base_page.py[line:157] INFO:The element ' No
Yes ' was clicked.
2020-06-22 14:17:30,300|base_page.py[line:68] INFO:Had find the element ' No
Yes ' successful by xpath via value: //select[@name='isPrimary'] 
2020-06-22 14:17:30,913|base_page.py[line:68] INFO:Had find the element ' Save ' successful by xpath via value: //button[text()='Save'] 
2020-06-22 14:17:31,025|base_page.py[line:157] INFO:The element ' Save ' was clicked.
2020-06-22 14:17:33,570|base_page.py[line:68] INFO:Had find the element ' Contact Email: y2vd0g@anchen.com created successfully. ' successful by xpath via value: //div[@role='alert'] 
2020-06-22 14:17:34,099|base_page.py[line:223] INFO:Had find the elements successful by xpath via value: //div[@class='card']//div//h4 
2020-06-22 14:17:34,668|base_page.py[line:68] INFO:Had find the element ' Email ' successful by xpath via value: //div[@class='card']//div//h4[text()='Email'] 
2020-06-22 14:17:35,218|base_page.py[line:68] INFO:Had find the element ' Page 1 of 2 --- total records: 7 ' successful by xpath via value: //span[@class='glo-table-pagination'] 
2020-06-22 14:17:35,777|base_page.py[line:68] INFO:Had find the element ' Mrs.
ShellissqqShellissqqShellissqqShellissqqShellissqq
Sr.
Coordinator ' successful by xpath via value: //div[@class='glo-row']/div[1]//div[@class='glo-row']//div[@class='rt-tr-group'][1]/div 
2020-06-22 14:17:36,314|base_page.py[line:223] INFO:Had find the elements successful by xpath via value: //div[@class='glo-row']/div[2]//div[@class='glo-row']//div[@class='rt-tr-group'] 
2020-06-22 14:17:36,873|base_page.py[line:68] INFO:Had find the element ' y2vd0g@anchen.com
Business
No ' successful by xpath via value: //div[@class='glo-row']/div[2]//div[@class='glo-row']//div[@class='rt-tr-group'][1]/div 
2020-06-22 14:17:37,434|base_page.py[line:68] INFO:Had find the element ' y2vd0g@anchen.com
Business
No ' successful by xpath via value: //div[@class='glo-row']/div[2]//div[@class='glo-row']//div[@class='rt-tr-group'][1]/div 
2020-06-22 14:17:37,558|base_page.py[line:157] INFO:The element ' y2vd0g@anchen.com
Business
No ' was clicked.
2020-06-22 14:17:38,115|base_page.py[line:68] INFO:Had find the element ' Edit ' successful by xpath via value: //div[@class='glo-row']/div[2]//button[text()=' Edit'] 
2020-06-22 14:17:38,298|base_page.py[line:157] INFO:The element ' Edit ' was clicked.
2020-06-22 14:17:38,833|base_page.py[line:68] INFO:Had find the element '  ' successful by xpath via value: //input[@name='emailAddress'] 
2020-06-22 14:17:38,979|base_page.py[line:157] INFO:The element '  ' was clicked.
2020-06-22 14:17:39,524|base_page.py[line:68] INFO:Had find the element '  ' successful by xpath via value: //input[@name='emailAddress'] 
2020-06-22 14:17:40,108|base_page.py[line:68] INFO:Had find the element '  ' successful by xpath via value: //input[@name='emailAddress'] 
2020-06-22 14:17:40,684|base_page.py[line:68] INFO:Had find the element '  ' successful by xpath via value: //input[@name='emailAddress'] 
2020-06-22 14:17:41,137|base_page.py[line:135] INFO:Had type ' y2Af89@anchen.com ' in inputBox
2020-06-22 14:17:41,700|base_page.py[line:68] INFO:Had find the element ' Select one...
Personal
Business
Company
Government
Unknown ' successful by xpath via value: //select[@name='emailType'] 
2020-06-22 14:17:41,831|base_page.py[line:157] INFO:The element ' Select one...
Personal
Business
Company
Government
Unknown ' was clicked.
2020-06-22 14:17:42,364|base_page.py[line:68] INFO:Had find the element ' Select one...
Personal
Business
Company
Government
Unknown ' successful by xpath via value: //select[@name='emailType'] 
2020-06-22 14:17:43,020|base_page.py[line:68] INFO:Had find the element ' No
Yes ' successful by xpath via value: //select[@name='isPrimary'] 
2020-06-22 14:17:43,182|base_page.py[line:157] INFO:The element ' No
Yes ' was clicked.
2020-06-22 14:17:43,721|base_page.py[line:68] INFO:Had find the element ' No
Yes ' successful by xpath via value: //select[@name='isPrimary'] 
2020-06-22 14:17:44,387|base_page.py[line:68] INFO:Had find the element ' Save ' successful by xpath via value: //button[text()='Save'] 
2020-06-22 14:17:44,494|base_page.py[line:157] INFO:The element ' Save ' was clicked.
2020-06-22 14:17:47,089|base_page.py[line:68] INFO:Had find the element ' Contact Email: y2Af89@anchen.com updated successfully. ' successful by xpath via value: //div[@role='alert'] 
2020-06-22 14:17:47,643|base_page.py[line:223] INFO:Had find the elements successful by xpath via value: //div[@class='card']//div//h4 
2020-06-22 14:17:48,237|base_page.py[line:68] INFO:Had find the element ' Email ' successful by xpath via value: //div[@class='card']//div//h4[text()='Email'] 
2020-06-22 14:17:48,807|base_page.py[line:68] INFO:Had find the element ' Page 1 of 2 --- total records: 7 ' successful by xpath via value: //span[@class='glo-table-pagination'] 
2020-06-22 14:17:49,393|base_page.py[line:68] INFO:Had find the element ' Mrs.
ShellissqqShellissqqShellissqqShellissqqShellissqq
Sr.
Coordinator ' successful by xpath via value: //div[@class='glo-row']/div[1]//div[@class='glo-row']//div[@class='rt-tr-group'][1]/div 
2020-06-22 14:17:49,932|base_page.py[line:223] INFO:Had find the elements successful by xpath via value: //div[@class='glo-row']/div[2]//div[@class='glo-row']//div[@class='rt-tr-group'] 
2020-06-22 14:17:50,489|base_page.py[line:68] INFO:Had find the element ' y2vd0g@anchen.com
Business
No ' successful by xpath via value: //div[@class='glo-row']/div[2]//div[@class='glo-row']//div[@class='rt-tr-group'][1]/div 
2020-06-22 14:17:51,051|base_page.py[line:68] INFO:Had find the element ' Delete ' successful by xpath via value: //div[@class='glo-row']/div[2]//button[text()=' Delete'] 
2020-06-22 14:17:51,170|base_page.py[line:157] INFO:The element ' Delete ' was clicked.
2020-06-22 14:17:51,721|base_page.py[line:68] INFO:Had find the element ' Yes, delete it! ' successful by xpath via value: //button[text()='Yes, delete it!'] 
2020-06-22 14:17:51,830|base_page.py[line:157] INFO:The element ' Yes, delete it! ' was clicked.
2020-06-22 14:17:54,374|base_page.py[line:68] INFO:Had find the element ' Contact Email: y2vd0g@anchen.com deleted successfully. ' successful by xpath via value: //div[@role='alert'] 
2020-06-22 14:17:54,904|base_page.py[line:223] INFO:Had find the elements successful by xpath via value: //div[@class='card']//div//h4 
2020-06-22 14:17:55,644|base_page.py[line:68] INFO:Had find the element ' Phone ' successful by xpath via value: //div[@class='card']//div//h4[text()='Phone'] 
2020-06-22 14:17:56,215|base_page.py[line:68] INFO:Had find the element ' Page 1 of 2 --- total records: 7 ' successful by xpath via value: //span[@class='glo-table-pagination'] 
2020-06-22 14:17:56,790|base_page.py[line:68] INFO:Had find the element ' Mrs.
ShellissqqShellissqqShellissqqShellissqqShellissqq
Sr.
Coordinator ' successful by xpath via value: //div[@class='glo-row']/div[1]//div[@class='glo-row']//div[@class='rt-tr-group'][1]/div 
2020-06-22 14:17:57,374|base_page.py[line:68] INFO:Had find the element ' New ' successful by xpath via value: //div[@class='glo-row']/div[3]//button[text()=' New'] 
2020-06-22 14:17:57,591|base_page.py[line:157] INFO:The element ' New ' was clicked.
2020-06-22 14:17:58,227|base_page.py[line:68] INFO:Had find the element ' Select one...
Cell
Fax
Home
Office
Other
Unknown ' successful by xpath via value: //select[@name='phoneType'] 
2020-06-22 14:17:58,404|base_page.py[line:157] INFO:The element ' Select one...
Cell
Fax
Home
Office
Other
Unknown ' was clicked.
2020-06-22 14:17:58,944|base_page.py[line:68] INFO:Had find the element ' Select one...
Cell
Fax
Home
Office
Other
Unknown ' successful by xpath via value: //select[@name='phoneType'] 
2020-06-22 14:17:59,610|base_page.py[line:68] INFO:Had find the element '  ' successful by xpath via value: //input[@name='areaCode'] 
2020-06-22 14:17:59,963|base_page.py[line:157] INFO:The element '  ' was clicked.
2020-06-22 14:18:00,496|base_page.py[line:68] INFO:Had find the element '  ' successful by xpath via value: //input[@name='areaCode'] 
2020-06-22 14:18:01,051|base_page.py[line:68] INFO:Had find the element '  ' successful by xpath via value: //input[@name='areaCode'] 
2020-06-22 14:18:01,618|base_page.py[line:68] INFO:Had find the element '  ' successful by xpath via value: //input[@name='areaCode'] 
2020-06-22 14:18:01,759|base_page.py[line:135] INFO:Had type ' 194 ' in inputBox
2020-06-22 14:18:02,332|base_page.py[line:68] INFO:Had find the element '  ' successful by xpath via value: //input[@name='phone'] 
2020-06-22 14:18:02,450|base_page.py[line:157] INFO:The element '  ' was clicked.
2020-06-22 14:18:02,997|base_page.py[line:68] INFO:Had find the element '  ' successful by xpath via value: //input[@name='phone'] 
2020-06-22 14:18:03,561|base_page.py[line:68] INFO:Had find the element '  ' successful by xpath via value: //input[@name='phone'] 
2020-06-22 14:18:04,120|base_page.py[line:68] INFO:Had find the element '  ' successful by xpath via value: //input[@name='phone'] 
2020-06-22 14:18:04,324|base_page.py[line:135] INFO:Had type ' 3686073 ' in inputBox
2020-06-22 14:18:04,892|base_page.py[line:68] INFO:Had find the element '  ' successful by xpath via value: //input[@name='extension'] 
2020-06-22 14:18:05,053|base_page.py[line:157] INFO:The element '  ' was clicked.
2020-06-22 14:18:05,618|base_page.py[line:68] INFO:Had find the element '  ' successful by xpath via value: //input[@name='extension'] 
2020-06-22 14:18:06,207|base_page.py[line:68] INFO:Had find the element '  ' successful by xpath via value: //input[@name='extension'] 
2020-06-22 14:18:06,767|base_page.py[line:68] INFO:Had find the element '  ' successful by xpath via value: //input[@name='extension'] 
2020-06-22 14:18:06,936|base_page.py[line:135] INFO:Had type ' Qr8ptq ' in inputBox
2020-06-22 14:18:07,493|base_page.py[line:68] INFO:Had find the element ' Save ' successful by xpath via value: //button[text()='Save'] 
2020-06-22 14:18:07,598|base_page.py[line:157] INFO:The element ' Save ' was clicked.
2020-06-22 14:18:10,149|base_page.py[line:68] INFO:Had find the element ' Contact Phone: 3686073 created successfully. ' successful by xpath via value: //div[@role='alert'] 
2020-06-22 14:18:10,819|base_page.py[line:223] INFO:Had find the elements successful by xpath via value: //div[@class='card']//div//h4 
2020-06-22 14:18:11,474|base_page.py[line:68] INFO:Had find the element ' Phone ' successful by xpath via value: //div[@class='card']//div//h4[text()='Phone'] 
2020-06-22 14:18:12,005|base_page.py[line:68] INFO:Had find the element ' Page 1 of 2 --- total records: 7 ' successful by xpath via value: //span[@class='glo-table-pagination'] 
2020-06-22 14:18:12,562|base_page.py[line:68] INFO:Had find the element ' Mrs.
ShellissqqShellissqqShellissqqShellissqqShellissqq
Sr.
Coordinator ' successful by xpath via value: //div[@class='glo-row']/div[1]//div[@class='glo-row']//div[@class='rt-tr-group'][1]/div 
2020-06-22 14:18:13,105|base_page.py[line:223] INFO:Had find the elements successful by xpath via value: //div[@class='glo-row']/div[3]//div[@class='glo-row']//div[@class='rt-tr-group'] 
2020-06-22 14:18:13,729|base_page.py[line:68] INFO:Had find the element ' Fax
1(194)368-6073
Qr8ptq ' successful by xpath via value: //div[@class='glo-row']/div[3]//div[@class='glo-row']//div[@class='rt-tr-group'][1]/div 
2020-06-22 14:18:14,304|base_page.py[line:68] INFO:Had find the element ' Edit ' successful by xpath via value: //div[@class='glo-row']/div[3]//button[text()=' Edit'] 
2020-06-22 14:18:14,467|base_page.py[line:157] INFO:The element ' Edit ' was clicked.
2020-06-22 14:18:15,013|base_page.py[line:68] INFO:Had find the element ' Select one...
Cell
Fax
Home
Office
Other
Unknown ' successful by xpath via value: //select[@name='phoneType'] 
2020-06-22 14:18:15,239|base_page.py[line:157] INFO:The element ' Select one...
Cell
Fax
Home
Office
Other
Unknown ' was clicked.
2020-06-22 14:18:15,797|base_page.py[line:68] INFO:Had find the element ' Select one...
Cell
Fax
Home
Office
Other
Unknown ' successful by xpath via value: //select[@name='phoneType'] 
2020-06-22 14:18:16,452|base_page.py[line:68] INFO:Had find the element '  ' successful by xpath via value: //input[@name='areaCode'] 
2020-06-22 14:18:16,655|base_page.py[line:157] INFO:The element '  ' was clicked.
2020-06-22 14:18:17,197|base_page.py[line:68] INFO:Had find the element '  ' successful by xpath via value: //input[@name='areaCode'] 
2020-06-22 14:18:17,766|base_page.py[line:68] INFO:Had find the element '  ' successful by xpath via value: //input[@name='areaCode'] 
2020-06-22 14:18:18,341|base_page.py[line:68] INFO:Had find the element '  ' successful by xpath via value: //input[@name='areaCode'] 
2020-06-22 14:18:18,445|base_page.py[line:135] INFO:Had type ' 106 ' in inputBox
2020-06-22 14:18:19,002|base_page.py[line:68] INFO:Had find the element '  ' successful by xpath via value: //input[@name='phone'] 
2020-06-22 14:18:19,101|base_page.py[line:157] INFO:The element '  ' was clicked.
2020-06-22 14:18:19,638|base_page.py[line:68] INFO:Had find the element '  ' successful by xpath via value: //input[@name='phone'] 
2020-06-22 14:18:20,207|base_page.py[line:68] INFO:Had find the element '  ' successful by xpath via value: //input[@name='phone'] 
2020-06-22 14:18:20,785|base_page.py[line:68] INFO:Had find the element '  ' successful by xpath via value: //input[@name='phone'] 
2020-06-22 14:18:20,954|base_page.py[line:135] INFO:Had type ' 2608815 ' in inputBox
2020-06-22 14:18:21,504|base_page.py[line:68] INFO:Had find the element '  ' successful by xpath via value: //input[@name='extension'] 
2020-06-22 14:18:21,600|base_page.py[line:157] INFO:The element '  ' was clicked.
2020-06-22 14:18:22,140|base_page.py[line:68] INFO:Had find the element '  ' successful by xpath via value: //input[@name='extension'] 
2020-06-22 14:18:22,715|base_page.py[line:68] INFO:Had find the element '  ' successful by xpath via value: //input[@name='extension'] 
2020-06-22 14:18:23,284|base_page.py[line:68] INFO:Had find the element '  ' successful by xpath via value: //input[@name='extension'] 
2020-06-22 14:18:23,437|base_page.py[line:135] INFO:Had type ' xygCSo ' in inputBox
2020-06-22 14:18:23,965|base_page.py[line:68] INFO:Had find the element ' Save ' successful by xpath via value: //button[text()='Save'] 
2020-06-22 14:18:24,109|base_page.py[line:157] INFO:The element ' Save ' was clicked.
2020-06-22 14:18:26,662|base_page.py[line:68] INFO:Had find the element ' Contact Phone: 2608815 updated successfully. ' successful by xpath via value: //div[@role='alert'] 
2020-06-22 14:18:27,216|base_page.py[line:223] INFO:Had find the elements successful by xpath via value: //div[@class='card']//div//h4 
2020-06-22 14:18:27,788|base_page.py[line:68] INFO:Had find the element ' Phone ' successful by xpath via value: //div[@class='card']//div//h4[text()='Phone'] 
2020-06-22 14:18:28,329|base_page.py[line:68] INFO:Had find the element ' Page 1 of 2 --- total records: 7 ' successful by xpath via value: //span[@class='glo-table-pagination'] 
2020-06-22 14:18:28,880|base_page.py[line:68] INFO:Had find the element ' Mrs.
ShellissqqShellissqqShellissqqShellissqqShellissqq
Sr.
Coordinator ' successful by xpath via value: //div[@class='glo-row']/div[1]//div[@class='glo-row']//div[@class='rt-tr-group'][1]/div 
2020-06-22 14:18:29,403|base_page.py[line:223] INFO:Had find the elements successful by xpath via value: //div[@class='glo-row']/div[3]//div[@class='glo-row']//div[@class='rt-tr-group'] 
2020-06-22 14:18:29,978|base_page.py[line:68] INFO:Had find the element ' Fax
1(194)368-6073
Qr8ptq ' successful by xpath via value: //div[@class='glo-row']/div[3]//div[@class='glo-row']//div[@class='rt-tr-group'][1]/div 
2020-06-22 14:18:30,557|base_page.py[line:68] INFO:Had find the element ' Delete ' successful by xpath via value: //div[@class='glo-row']/div[3]//button[text()=' Delete'] 
2020-06-22 14:18:30,667|base_page.py[line:157] INFO:The element ' Delete ' was clicked.
2020-06-22 14:18:31,292|base_page.py[line:68] INFO:Had find the element ' Yes, delete it! ' successful by xpath via value: //button[text()='Yes, delete it!'] 
2020-06-22 14:18:31,404|base_page.py[line:157] INFO:The element ' Yes, delete it! ' was clicked.
2020-06-22 14:18:33,944|base_page.py[line:68] INFO:Had find the element ' Contact Phone: 1(194)368-6073 deleted successfully. ' successful by xpath via value: //div[@role='alert'] 
2020-06-22 14:18:44,861|base_page.py[line:70] ERROR:TimeoutException: selector by xpath ,value xpath=>//div[@class='card']//li/a[text()='Contacts']
2020-06-22 14:18:45,412|base_page.py[line:68] INFO:Had find the element ' Contacts ' successful by xpath via value: //div[@class='card']//li/a[text()='Contacts'] 
2020-06-22 14:18:45,544|base_page.py[line:157] INFO:The element ' Contacts ' was clicked.
2020-06-22 14:18:46,069|base_page.py[line:223] INFO:Had find the elements successful by xpath via value: //div[@class='card']//div//h4 
2020-06-22 14:18:46,629|base_page.py[line:68] INFO:Had find the element ' Contacts ' successful by xpath via value: //div[@class='card']//div//h4[text()='Contacts'] 
2020-06-22 14:18:47,190|base_page.py[line:68] INFO:Had find the element ' New ' successful by xpath via value: //div[@class='glo-row']/div[1]//button[text()=' New'] 
2020-06-22 14:18:47,339|base_page.py[line:157] INFO:The element ' New ' was clicked.
2020-06-22 14:18:47,883|base_page.py[line:68] INFO:Had find the element ' Select one...
Mr.
Mrs.
Ms.
Miss
Dr.
Rev.
N/A ' successful by xpath via value: //select[@name='salutation'] 
2020-06-22 14:18:48,029|base_page.py[line:157] INFO:The element ' Select one...
Mr.
Mrs.
Ms.
Miss
Dr.
Rev.
N/A ' was clicked.
2020-06-22 14:18:48,577|base_page.py[line:68] INFO:Had find the element ' Select one...
Mr.
Mrs.
Ms.
Miss
Dr.
Rev.
N/A ' successful by xpath via value: //select[@name='salutation'] 
2020-06-22 14:18:49,245|base_page.py[line:68] INFO:Had find the element '  ' successful by xpath via value: //input[@name='firstName'] 
2020-06-22 14:18:49,360|base_page.py[line:157] INFO:The element '  ' was clicked.
2020-06-22 14:18:49,886|base_page.py[line:68] INFO:Had find the element '  ' successful by xpath via value: //input[@name='firstName'] 
2020-06-22 14:18:50,454|base_page.py[line:68] INFO:Had find the element '  ' successful by xpath via value: //input[@name='firstName'] 
2020-06-22 14:18:51,015|base_page.py[line:68] INFO:Had find the element '  ' successful by xpath via value: //input[@name='firstName'] 
2020-06-22 14:18:51,247|base_page.py[line:135] INFO:Had type ' cGB66U ' in inputBox
2020-06-22 14:18:51,805|base_page.py[line:68] INFO:Had find the element '  ' successful by xpath via value: //input[@name='middleName'] 
2020-06-22 14:18:51,897|base_page.py[line:157] INFO:The element '  ' was clicked.
2020-06-22 14:18:52,444|base_page.py[line:68] INFO:Had find the element '  ' successful by xpath via value: //input[@name='middleName'] 
2020-06-22 14:18:52,997|base_page.py[line:68] INFO:Had find the element '  ' successful by xpath via value: //input[@name='middleName'] 
2020-06-22 14:18:53,557|base_page.py[line:68] INFO:Had find the element '  ' successful by xpath via value: //input[@name='middleName'] 
2020-06-22 14:18:53,800|base_page.py[line:135] INFO:Had type ' SjpUNi ' in inputBox
2020-06-22 14:18:54,353|base_page.py[line:68] INFO:Had find the element '  ' successful by xpath via value: //input[@name='lastName'] 
2020-06-22 14:18:54,442|base_page.py[line:157] INFO:The element '  ' was clicked.
2020-06-22 14:18:54,988|base_page.py[line:68] INFO:Had find the element '  ' successful by xpath via value: //input[@name='lastName'] 
2020-06-22 14:18:55,553|base_page.py[line:68] INFO:Had find the element '  ' successful by xpath via value: //input[@name='lastName'] 
2020-06-22 14:18:56,089|base_page.py[line:68] INFO:Had find the element '  ' successful by xpath via value: //input[@name='lastName'] 
2020-06-22 14:18:56,283|base_page.py[line:135] INFO:Had type ' vnE6Fm ' in inputBox
2020-06-22 14:18:56,824|base_page.py[line:68] INFO:Had find the element ' Select one...
Sr.
Jr.
II
III
IV
M.D.
D.D.S.
Ph.D.
et al
et ux
Trustee ' successful by xpath via value: //select[@name='suffix'] 
2020-06-22 14:18:57,047|base_page.py[line:157] INFO:The element ' Select one...
Sr.
Jr.
II
III
IV
M.D.
D.D.S.
Ph.D.
et al
et ux
Trustee ' was clicked.
2020-06-22 14:18:57,609|base_page.py[line:68] INFO:Had find the element ' Select one...
Sr.
Jr.
II
III
IV
M.D.
D.D.S.
Ph.D.
et al
et ux
Trustee ' successful by xpath via value: //select[@name='suffix'] 
2020-06-22 14:18:58,281|base_page.py[line:68] INFO:Had find the element ' Select one...
Accountant
Administrator
Agent
Analyst
Assistant
Associate
Bookkeeper
Clerk
Compliance
Consultant
Controller
Coordinator
CPA
Engineer
Executive
Geologist
Judge
Manager
Managing Member
Operator
Owner
Partner
Representative
Self
Specialist
Spouse
Supervisor
Technologist
Trustee
Unknown
BAN Contact
RRAC Contact
President ' successful by xpath via value: //select[@name='contactRole'] 
2020-06-22 14:18:58,485|base_page.py[line:157] INFO:The element ' Select one...
Accountant
Administrator
Agent
Analyst
Assistant
Associate
Bookkeeper
Clerk
Compliance
Consultant
Controller
Coordinator
CPA
Engineer
Executive
Geologist
Judge
Manager
Managing Member
Operator
Owner
Partner
Representative
Self
Specialist
Spouse
Supervisor
Technologist
Trustee
Unknown
BAN Contact
RRAC Contact
President ' was clicked.
2020-06-22 14:18:59,063|base_page.py[line:68] INFO:Had find the element ' Select one...
Accountant
Administrator
Agent
Analyst
Assistant
Associate
Bookkeeper
Clerk
Compliance
Consultant
Controller
Coordinator
CPA
Engineer
Executive
Geologist
Judge
Manager
Managing Member
Operator
Owner
Partner
Representative
Self
Specialist
Spouse
Supervisor
Technologist
Trustee
Unknown
BAN Contact
RRAC Contact
President ' successful by xpath via value: //select[@name='contactRole'] 
2020-06-22 14:18:59,720|base_page.py[line:68] INFO:Had find the element ' Save ' successful by xpath via value: //button[text()='Save'] 
2020-06-22 14:18:59,895|base_page.py[line:157] INFO:The element ' Save ' was clicked.
2020-06-22 14:19:02,445|base_page.py[line:68] INFO:Had find the element ' Contact: cGB66U created successfully. ' successful by xpath via value: //div[@role='alert'] 
2020-06-22 14:19:02,974|base_page.py[line:223] INFO:Had find the elements successful by xpath via value: //div[@class='card']//div//h4 
2020-06-22 14:19:03,536|base_page.py[line:68] INFO:Had find the element ' Contacts ' successful by xpath via value: //div[@class='card']//div//h4[text()='Contacts'] 
2020-06-22 14:19:04,089|base_page.py[line:68] INFO:Had find the element ' Page 1 of 2 --- total records: 8 ' successful by xpath via value: //span[@class='glo-table-pagination'] 
2020-06-22 14:19:04,669|base_page.py[line:68] INFO:Had find the element ' Mr.
cGB66U
SjpUNi
vnE6Fm
Trustee
Accountant ' successful by xpath via value: //div[@class='glo-row']/div[1]//div[@class='glo-row']//div[@class='rt-tr-group'][1]/div 
2020-06-22 14:19:05,258|base_page.py[line:68] INFO:Had find the element ' Edit ' successful by xpath via value: //div[@class='glo-row']/div[1]//button[text()=' Edit'] 
2020-06-22 14:19:05,483|base_page.py[line:157] INFO:The element ' Edit ' was clicked.
2020-06-22 14:19:06,053|base_page.py[line:68] INFO:Had find the element ' Select one...
Mr.
Mrs.
Ms.
Miss
Dr.
Rev.
N/A ' successful by xpath via value: //select[@name='salutation'] 
2020-06-22 14:19:06,233|base_page.py[line:157] INFO:The element ' Select one...
Mr.
Mrs.
Ms.
Miss
Dr.
Rev.
N/A ' was clicked.
2020-06-22 14:19:06,787|base_page.py[line:68] INFO:Had find the element ' Select one...
Mr.
Mrs.
Ms.
Miss
Dr.
Rev.
N/A ' successful by xpath via value: //select[@name='salutation'] 
2020-06-22 14:19:07,435|base_page.py[line:68] INFO:Had find the element '  ' successful by xpath via value: //input[@name='firstName'] 
2020-06-22 14:19:07,653|base_page.py[line:157] INFO:The element '  ' was clicked.
2020-06-22 14:19:08,177|base_page.py[line:68] INFO:Had find the element '  ' successful by xpath via value: //input[@name='firstName'] 
2020-06-22 14:19:08,754|base_page.py[line:68] INFO:Had find the element '  ' successful by xpath via value: //input[@name='firstName'] 
2020-06-22 14:19:09,351|base_page.py[line:68] INFO:Had find the element '  ' successful by xpath via value: //input[@name='firstName'] 
2020-06-22 14:19:09,560|base_page.py[line:135] INFO:Had type ' 7GiEUG ' in inputBox
2020-06-22 14:19:10,107|base_page.py[line:68] INFO:Had find the element '  ' successful by xpath via value: //input[@name='middleName'] 
2020-06-22 14:19:10,363|base_page.py[line:157] INFO:The element '  ' was clicked.
2020-06-22 14:19:10,898|base_page.py[line:68] INFO:Had find the element '  ' successful by xpath via value: //input[@name='middleName'] 
2020-06-22 14:19:11,466|base_page.py[line:68] INFO:Had find the element '  ' successful by xpath via value: //input[@name='middleName'] 
2020-06-22 14:19:12,038|base_page.py[line:68] INFO:Had find the element '  ' successful by xpath via value: //input[@name='middleName'] 
2020-06-22 14:19:12,205|base_page.py[line:135] INFO:Had type ' Zfc9jc ' in inputBox
2020-06-22 14:19:12,768|base_page.py[line:68] INFO:Had find the element '  ' successful by xpath via value: //input[@name='lastName'] 
2020-06-22 14:19:12,867|base_page.py[line:157] INFO:The element '  ' was clicked.
2020-06-22 14:19:13,410|base_page.py[line:68] INFO:Had find the element '  ' successful by xpath via value: //input[@name='lastName'] 
2020-06-22 14:19:13,983|base_page.py[line:68] INFO:Had find the element '  ' successful by xpath via value: //input[@name='lastName'] 
2020-06-22 14:19:14,557|base_page.py[line:68] INFO:Had find the element '  ' successful by xpath via value: //input[@name='lastName'] 
2020-06-22 14:19:14,748|base_page.py[line:135] INFO:Had type ' Dn8C6G ' in inputBox
2020-06-22 14:19:15,345|base_page.py[line:68] INFO:Had find the element ' Select one...
Sr.
Jr.
II
III
IV
M.D.
D.D.S.
Ph.D.
et al
et ux
Trustee ' successful by xpath via value: //select[@name='suffix'] 
2020-06-22 14:19:15,545|base_page.py[line:157] INFO:The element ' Select one...
Sr.
Jr.
II
III
IV
M.D.
D.D.S.
Ph.D.
et al
et ux
Trustee ' was clicked.
2020-06-22 14:19:16,096|base_page.py[line:68] INFO:Had find the element ' Select one...
Sr.
Jr.
II
III
IV
M.D.
D.D.S.
Ph.D.
et al
et ux
Trustee ' successful by xpath via value: //select[@name='suffix'] 
2020-06-22 14:19:16,763|base_page.py[line:68] INFO:Had find the element ' Select one...
Accountant
Administrator
Agent
Analyst
Assistant
Associate
Bookkeeper
Clerk
Compliance
Consultant
Controller
Coordinator
CPA
Engineer
Executive
Geologist
Judge
Manager
Managing Member
Operator
Owner
Partner
Representative
Self
Specialist
Spouse
Supervisor
Technologist
Trustee
Unknown
BAN Contact
RRAC Contact
President ' successful by xpath via value: //select[@name='contactRole'] 
2020-06-22 14:19:16,961|base_page.py[line:157] INFO:The element ' Select one...
Accountant
Administrator
Agent
Analyst
Assistant
Associate
Bookkeeper
Clerk
Compliance
Consultant
Controller
Coordinator
CPA
Engineer
Executive
Geologist
Judge
Manager
Managing Member
Operator
Owner
Partner
Representative
Self
Specialist
Spouse
Supervisor
Technologist
Trustee
Unknown
BAN Contact
RRAC Contact
President ' was clicked.
2020-06-22 14:19:17,540|base_page.py[line:68] INFO:Had find the element ' Select one...
Accountant
Administrator
Agent
Analyst
Assistant
Associate
Bookkeeper
Clerk
Compliance
Consultant
Controller
Coordinator
CPA
Engineer
Executive
Geologist
Judge
Manager
Managing Member
Operator
Owner
Partner
Representative
Self
Specialist
Spouse
Supervisor
Technologist
Trustee
Unknown
BAN Contact
RRAC Contact
President ' successful by xpath via value: //select[@name='contactRole'] 
2020-06-22 14:19:18,193|base_page.py[line:68] INFO:Had find the element ' Save ' successful by xpath via value: //button[text()='Save'] 
2020-06-22 14:19:18,332|base_page.py[line:157] INFO:The element ' Save ' was clicked.
2020-06-22 14:19:20,885|base_page.py[line:68] INFO:Had find the element ' Contact: 7GiEUG updated successfully. ' successful by xpath via value: //div[@role='alert'] 
2020-06-22 14:19:21,422|base_page.py[line:223] INFO:Had find the elements successful by xpath via value: //div[@class='card']//div//h4 
2020-06-22 14:19:21,995|base_page.py[line:68] INFO:Had find the element ' Contacts ' successful by xpath via value: //div[@class='card']//div//h4[text()='Contacts'] 
2020-06-22 14:19:22,541|base_page.py[line:68] INFO:Had find the element ' Page 1 of 2 --- total records: 8 ' successful by xpath via value: //span[@class='glo-table-pagination'] 
2020-06-22 14:19:23,136|base_page.py[line:68] INFO:Had find the element ' Miss
7GiEUG
Zfc9jc
Dn8C6G
et ux
CPA ' successful by xpath via value: //div[@class='glo-row']/div[1]//div[@class='glo-row']//div[@class='rt-tr-group'][1]/div 
2020-06-22 14:19:23,691|base_page.py[line:68] INFO:Had find the element ' Delete ' successful by xpath via value: //div[@class='glo-row']/div[1]//button[text()=' Delete'] 
2020-06-22 14:19:23,839|base_page.py[line:157] INFO:The element ' Delete ' was clicked.
2020-06-22 14:19:24,378|base_page.py[line:68] INFO:Had find the element ' Yes, delete it! ' successful by xpath via value: //button[text()='Yes, delete it!'] 
2020-06-22 14:19:24,455|base_page.py[line:157] INFO:The element ' Yes, delete it! ' was clicked.
2020-06-22 14:19:27,066|base_page.py[line:68] INFO:Had find the element ' Contacts: 7GiEUG deleted successfully. ' successful by xpath via value: //div[@role='alert'] 
2020-06-22 14:19:27,676|base_page.py[line:68] INFO:Had find the element ' Actions ' successful by xpath via value: //div[@class='btn-toolbar']/button[text()='Actions '] 
2020-06-22 14:19:28,391|base_page.py[line:157] INFO:The element ' Actions ' was clicked.
2020-06-22 14:19:29,077|base_page.py[line:68] INFO:Had find the element ' Delete ' successful by xpath via value: //div[@class='btn-toolbar show']/ul//a[text()='Delete'] 
2020-06-22 14:19:29,445|base_page.py[line:157] INFO:The element ' Delete ' was clicked.
2020-06-22 14:19:30,036|base_page.py[line:68] INFO:Had find the element ' Yes, delete it! ' successful by xpath via value: //button[text()='Yes, delete it!'] 
2020-06-22 14:19:30,221|base_page.py[line:157] INFO:The element ' Yes, delete it! ' was clicked.
2020-06-22 14:19:35,295|base_page.py[line:68] INFO:Had find the element ' C000048473 is linked 1 time(s) in Land 2 time(s) in Mineral Lease 2 time(s) in Surface Lease Reassign links before C000048473 can be deleted. ' successful by xpath via value: //div[@role='alert'] 
