2020-06-22 15:17:25,774|browser_engine.py[line:27] INFO:You had select Chrome browser.
2020-06-22 15:17:25,774|browser_engine.py[line:29] INFO:The test server url is: https://rralamotest.z21.web.core.windows.net/
2020-06-22 15:17:31,525|browser_engine.py[line:44] INFO:Starting Chrome browser.
2020-06-22 15:17:32,842|browser_engine.py[line:58] INFO:Maximize the current window.
2020-06-22 15:18:25,955|browser_engine.py[line:61] INFO:Open url: https://rralamotest.z21.web.core.windows.net/
2020-06-22 15:18:36,693|base_page.py[line:70] ERROR:TimeoutException: selector by xpath ,value xpath=>//div[@class='localAccount']//div[@class='intro']/h2
2020-06-22 15:18:37,296|base_page.py[line:68] INFO:Had find the element ' Sign in with your existing account ' successful by xpath via value: //div[@class='localAccount']//div[@class='intro']/h2 
2020-06-22 15:18:37,903|base_page.py[line:68] INFO:Had find the element '  ' successful by id via value: logonIdentifier 
2020-06-22 15:18:37,970|base_page.py[line:145] INFO:Clear text in input box before typing.
2020-06-22 15:18:38,639|base_page.py[line:68] INFO:Had find the element '  ' successful by id via value: logonIdentifier 
2020-06-22 15:18:39,093|base_page.py[line:135] INFO:Had type ' yan.liu@an-chen.com ' in inputBox
2020-06-22 15:18:39,650|base_page.py[line:68] INFO:Had find the element '  ' successful by id via value: password 
2020-06-22 15:18:39,695|base_page.py[line:145] INFO:Clear text in input box before typing.
2020-06-22 15:18:40,245|base_page.py[line:68] INFO:Had find the element '  ' successful by id via value: password 
2020-06-22 15:18:40,469|base_page.py[line:135] INFO:Had type ' Lychan@2012 ' in inputBox
2020-06-22 15:18:41,024|base_page.py[line:68] INFO:Had find the element ' Sign in ' successful by xpath via value: //div[@class='buttons']/button[text()='Sign in'] 
2020-06-22 15:18:51,762|base_page.py[line:70] ERROR:TimeoutException: selector by xpath ,value xpath=>//div[@id='root']//div[@class='content-heading']
2020-06-22 15:18:52,320|base_page.py[line:68] INFO:Had find the element ' Welcome, yanliu ' successful by xpath via value: //div[@id='root']//div[@class='content-heading'] 
2020-06-22 15:18:52,320|login.py[line:41] INFO:login success
2020-06-22 15:18:52,907|base_page.py[line:68] INFO:Had find the element ' CUSTOMERS ' successful by id via value: customers 
2020-06-22 15:18:53,009|base_page.py[line:157] INFO:The element ' CUSTOMERS ' was clicked.
2020-06-22 15:18:53,536|base_page.py[line:223] INFO:Had find the elements successful by xpath via value: //ul[@class='dropdown-menu multi-level show']/li/a 
2020-06-22 15:18:54,151|base_page.py[line:68] INFO:Had find the element ' New ' successful by xpath via value: //ul[@class='dropdown-menu multi-level show']/li[2]/a 
2020-06-22 15:18:54,311|base_page.py[line:157] INFO:The element ' New ' was clicked.
2020-06-22 15:18:54,311|topMenu.py[line:69] INFO:second_menu: New
2020-06-22 15:18:54,885|base_page.py[line:68] INFO:Had find the element ' Select one...
Person
Organization ' successful by xpath via value: //select[@name='typeName'] 
2020-06-22 15:18:55,066|base_page.py[line:157] INFO:The element ' Select one...
Person
Organization ' was clicked.
2020-06-22 15:18:55,620|base_page.py[line:68] INFO:Had find the element ' Select one...
Person
Organization ' successful by xpath via value: //select[@name='typeName'] 
2020-06-22 15:18:56,289|base_page.py[line:68] INFO:Had find the element ' Select one...
Sole Proprietor
Individual
Household ' successful by xpath via value: //select[@name='entityClass'] 
2020-06-22 15:18:56,550|base_page.py[line:157] INFO:The element ' Select one...
Sole Proprietor
Individual
Household ' was clicked.
2020-06-22 15:18:57,111|base_page.py[line:68] INFO:Had find the element ' Select one...
Sole Proprietor
Individual
Household ' successful by xpath via value: //select[@name='entityClass'] 
2020-06-22 15:18:58,066|base_page.py[line:68] INFO:Had find the element ' Select one...
Mr.
Mrs.
Ms.
Miss
Dr.
Rev.
N/A ' successful by xpath via value: //form[@class='ie-fix-flex']/div[1]//select[@name='salutation'] 
2020-06-22 15:18:58,327|base_page.py[line:157] INFO:The element ' Select one...
Mr.
Mrs.
Ms.
Miss
Dr.
Rev.
N/A ' was clicked.
2020-06-22 15:18:58,884|base_page.py[line:68] INFO:Had find the element ' Select one...
Mr.
Mrs.
Ms.
Miss
Dr.
Rev.
N/A ' successful by xpath via value: //form[@class='ie-fix-flex']/div[1]//select[@name='salutation'] 
2020-06-22 15:18:59,577|base_page.py[line:68] INFO:Had find the element '  ' successful by xpath via value: //form[@class='ie-fix-flex']/div[1]//input[@name='firstName'] 
2020-06-22 15:19:00,092|base_page.py[line:135] INFO:Had type ' ZVUsRD ' in inputBox
2020-06-22 15:19:00,654|base_page.py[line:68] INFO:Had find the element '  ' successful by xpath via value: //form[@class='ie-fix-flex']/div[1]//input[@name='lastName'] 
2020-06-22 15:19:01,101|base_page.py[line:135] INFO:Had type ' RbiFcH ' in inputBox
2020-06-22 15:19:01,678|base_page.py[line:68] INFO:Had find the element ' Select one...
Sr.
Jr.
II
III
IV
M.D.
D.D.S.
Ph.D.
et al
et ux
Trustee ' successful by xpath via value: //form[@class='ie-fix-flex']/div[1]//select[@name='suffix'] 
2020-06-22 15:19:01,837|base_page.py[line:157] INFO:The element ' Select one...
Sr.
Jr.
II
III
IV
M.D.
D.D.S.
Ph.D.
et al
et ux
Trustee ' was clicked.
2020-06-22 15:19:02,378|base_page.py[line:68] INFO:Had find the element ' Select one...
Sr.
Jr.
II
III
IV
M.D.
D.D.S.
Ph.D.
et al
et ux
Trustee ' successful by xpath via value: //form[@class='ie-fix-flex']/div[1]//select[@name='suffix'] 
2020-06-22 15:19:03,082|base_page.py[line:68] INFO:Had find the element '  ' successful by id via value: sameAs 
2020-06-22 15:19:03,217|base_page.py[line:157] INFO:The element '  ' was clicked.
2020-06-22 15:19:03,812|base_page.py[line:68] INFO:Had find the element ' Select one...
Personal
Business
Company
Government
Unknown ' successful by xpath via value: //div[@class='col-md-8']/div[1]//select[@name='emailType'] 
2020-06-22 15:19:04,104|base_page.py[line:157] INFO:The element ' Select one...
Personal
Business
Company
Government
Unknown ' was clicked.
2020-06-22 15:19:04,905|base_page.py[line:68] INFO:Had find the element ' Select one...
Personal
Business
Company
Government
Unknown ' successful by xpath via value: //div[@class='col-md-8']/div[1]//select[@name='emailType'] 
2020-06-22 15:19:05,996|base_page.py[line:68] INFO:Had find the element '  ' successful by xpath via value: //div[@class='col-md-8']/div[1]//input[@name='emailAddress'] 
2020-06-22 15:19:07,425|base_page.py[line:135] INFO:Had type ' 6EMLCZ@05XB.com ' in inputBox
2020-06-22 15:19:07,992|base_page.py[line:68] INFO:Had find the element '  ' successful by xpath via value: //div[@class='col-md-8']/div[1]//div[@class='card-body bg-light']/div[1]//input[@name='areaCode'] 
2020-06-22 15:19:08,233|base_page.py[line:135] INFO:Had type ' 388 ' in inputBox
2020-06-22 15:19:08,792|base_page.py[line:68] INFO:Had find the element '  ' successful by xpath via value: //div[@class='col-md-8']/div[1]//div[@class='card-body bg-light']/div[1]//input[@name='phone'] 
2020-06-22 15:19:09,135|base_page.py[line:135] INFO:Had type ' 8560021 ' in inputBox
2020-06-22 15:19:09,716|base_page.py[line:68] INFO:Had find the element ' Select one...
Cell
Fax
Home
Office
Other
Unknown ' successful by xpath via value: //div[@class='col-md-8']/div[1]//div[@class='card-body bg-light']/div[1]//select[@name='phoneType'] 
2020-06-22 15:19:09,919|base_page.py[line:157] INFO:The element ' Select one...
Cell
Fax
Home
Office
Other
Unknown ' was clicked.
2020-06-22 15:19:10,482|base_page.py[line:68] INFO:Had find the element ' Select one...
Cell
Fax
Home
Office
Other
Unknown ' successful by xpath via value: //div[@class='col-md-8']/div[1]//div[@class='card-body bg-light']/div[1]//select[@name='phoneType'] 
2020-06-22 15:19:11,231|base_page.py[line:68] INFO:Had find the element ' Save ' successful by xpath via value: //button[text()='Save'] 
2020-06-22 15:19:11,369|base_page.py[line:157] INFO:The element ' Save ' was clicked.
2020-06-22 15:19:24,321|base_page.py[line:70] ERROR:TimeoutException: selector by xpath ,value //div[@role='alert']
2020-06-22 15:19:24,321|base_page.py[line:123] ERROR:NoSuchElement selector_by: xpath, selector: //div[@role='alert'] 
2020-06-22 15:19:24,886|base_page.py[line:68] INFO:Had find the element ' CUSTOMERS ' successful by id via value: customers 
2020-06-22 15:19:24,980|base_page.py[line:157] INFO:The element ' CUSTOMERS ' was clicked.
2020-06-22 15:19:25,514|base_page.py[line:223] INFO:Had find the elements successful by xpath via value: //ul[@class='dropdown-menu multi-level show']/li/a 
2020-06-22 15:19:26,115|base_page.py[line:68] INFO:Had find the element ' New ' successful by xpath via value: //ul[@class='dropdown-menu multi-level show']/li[2]/a 
2020-06-22 15:19:26,235|base_page.py[line:157] INFO:The element ' New ' was clicked.
2020-06-22 15:19:26,236|topMenu.py[line:69] INFO:second_menu: New
2020-06-22 15:19:26,777|base_page.py[line:68] INFO:Had find the element ' Select one...
Person
Organization ' successful by xpath via value: //select[@name='typeName'] 
2020-06-22 15:19:26,931|base_page.py[line:157] INFO:The element ' Select one...
Person
Organization ' was clicked.
2020-06-22 15:19:27,471|base_page.py[line:68] INFO:Had find the element ' Select one...
Person
Organization ' successful by xpath via value: //select[@name='typeName'] 
2020-06-22 15:19:28,103|base_page.py[line:68] INFO:Had find the element ' Select one...
Sole Proprietor
Individual
Household ' successful by xpath via value: //select[@name='entityClass'] 
2020-06-22 15:19:28,247|base_page.py[line:157] INFO:The element ' Select one...
Sole Proprietor
Individual
Household ' was clicked.
2020-06-22 15:19:28,782|base_page.py[line:68] INFO:Had find the element ' Select one...
Sole Proprietor
Individual
Household ' successful by xpath via value: //select[@name='entityClass'] 
2020-06-22 15:19:29,473|base_page.py[line:68] INFO:Had find the element ' Select one...
Mr.
Mrs.
Ms.
Miss
Dr.
Rev.
N/A ' successful by xpath via value: //form[@class='ie-fix-flex']/div[1]//select[@name='salutation'] 
2020-06-22 15:19:29,679|base_page.py[line:157] INFO:The element ' Select one...
Mr.
Mrs.
Ms.
Miss
Dr.
Rev.
N/A ' was clicked.
2020-06-22 15:19:30,241|base_page.py[line:68] INFO:Had find the element ' Select one...
Mr.
Mrs.
Ms.
Miss
Dr.
Rev.
N/A ' successful by xpath via value: //form[@class='ie-fix-flex']/div[1]//select[@name='salutation'] 
2020-06-22 15:19:30,932|base_page.py[line:68] INFO:Had find the element '  ' successful by xpath via value: //form[@class='ie-fix-flex']/div[1]//input[@name='firstName'] 
2020-06-22 15:19:31,235|base_page.py[line:135] INFO:Had type ' 81CjzS ' in inputBox
2020-06-22 15:19:31,786|base_page.py[line:68] INFO:Had find the element '  ' successful by xpath via value: //form[@class='ie-fix-flex']/div[1]//input[@name='lastName'] 
2020-06-22 15:19:31,999|base_page.py[line:135] INFO:Had type ' Ctsaom ' in inputBox
2020-06-22 15:19:32,642|base_page.py[line:68] INFO:Had find the element ' Select one...
Sr.
Jr.
II
III
IV
M.D.
D.D.S.
Ph.D.
et al
et ux
Trustee ' successful by xpath via value: //form[@class='ie-fix-flex']/div[1]//select[@name='suffix'] 
2020-06-22 15:19:32,829|base_page.py[line:157] INFO:The element ' Select one...
Sr.
Jr.
II
III
IV
M.D.
D.D.S.
Ph.D.
et al
et ux
Trustee ' was clicked.
2020-06-22 15:19:33,380|base_page.py[line:68] INFO:Had find the element ' Select one...
Sr.
Jr.
II
III
IV
M.D.
D.D.S.
Ph.D.
et al
et ux
Trustee ' successful by xpath via value: //form[@class='ie-fix-flex']/div[1]//select[@name='suffix'] 
2020-06-22 15:19:34,073|base_page.py[line:68] INFO:Had find the element '  ' successful by id via value: sameAs 
2020-06-22 15:19:34,217|base_page.py[line:157] INFO:The element '  ' was clicked.
2020-06-22 15:19:34,842|base_page.py[line:68] INFO:Had find the element ' Select one...
Personal
Business
Company
Government
Unknown ' successful by xpath via value: //div[@class='col-md-8']/div[1]//select[@name='emailType'] 
2020-06-22 15:19:35,127|base_page.py[line:157] INFO:The element ' Select one...
Personal
Business
Company
Government
Unknown ' was clicked.
2020-06-22 15:19:35,698|base_page.py[line:68] INFO:Had find the element ' Select one...
Personal
Business
Company
Government
Unknown ' successful by xpath via value: //div[@class='col-md-8']/div[1]//select[@name='emailType'] 
2020-06-22 15:19:36,443|base_page.py[line:68] INFO:Had find the element '  ' successful by xpath via value: //div[@class='col-md-8']/div[1]//input[@name='emailAddress'] 
2020-06-22 15:19:36,861|base_page.py[line:135] INFO:Had type ' clvEzv@eNlz.com ' in inputBox
2020-06-22 15:19:37,404|base_page.py[line:68] INFO:Had find the element '  ' successful by xpath via value: //div[@class='col-md-8']/div[1]//div[@class='card-body bg-light']/div[1]//input[@name='areaCode'] 
2020-06-22 15:19:37,619|base_page.py[line:135] INFO:Had type ' 597 ' in inputBox
2020-06-22 15:19:38,174|base_page.py[line:68] INFO:Had find the element '  ' successful by xpath via value: //div[@class='col-md-8']/div[1]//div[@class='card-body bg-light']/div[1]//input[@name='phone'] 
2020-06-22 15:19:38,393|base_page.py[line:135] INFO:Had type ' 4700575 ' in inputBox
2020-06-22 15:19:38,969|base_page.py[line:68] INFO:Had find the element ' Select one...
Cell
Fax
Home
Office
Other
Unknown ' successful by xpath via value: //div[@class='col-md-8']/div[1]//div[@class='card-body bg-light']/div[1]//select[@name='phoneType'] 
2020-06-22 15:19:39,163|base_page.py[line:157] INFO:The element ' Select one...
Cell
Fax
Home
Office
Other
Unknown ' was clicked.
2020-06-22 15:19:39,728|base_page.py[line:68] INFO:Had find the element ' Select one...
Cell
Fax
Home
Office
Other
Unknown ' successful by xpath via value: //div[@class='col-md-8']/div[1]//div[@class='card-body bg-light']/div[1]//select[@name='phoneType'] 
2020-06-22 15:19:40,446|base_page.py[line:68] INFO:Had find the element ' Save ' successful by xpath via value: //button[text()='Save'] 
2020-06-22 15:19:40,538|base_page.py[line:157] INFO:The element ' Save ' was clicked.
2020-06-22 15:19:53,416|base_page.py[line:70] ERROR:TimeoutException: selector by xpath ,value //div[@role='alert']
2020-06-22 15:19:53,416|base_page.py[line:123] ERROR:NoSuchElement selector_by: xpath, selector: //div[@role='alert'] 
2020-06-22 15:19:54,018|base_page.py[line:68] INFO:Had find the element ' CUSTOMERS ' successful by id via value: customers 
2020-06-22 15:19:54,302|base_page.py[line:157] INFO:The element ' CUSTOMERS ' was clicked.
2020-06-22 15:19:54,820|base_page.py[line:223] INFO:Had find the elements successful by xpath via value: //ul[@class='dropdown-menu multi-level show']/li/a 
2020-06-22 15:19:55,689|base_page.py[line:68] INFO:Had find the element ' New ' successful by xpath via value: //ul[@class='dropdown-menu multi-level show']/li[2]/a 
2020-06-22 15:19:56,009|base_page.py[line:157] INFO:The element ' New ' was clicked.
2020-06-22 15:19:56,009|topMenu.py[line:69] INFO:second_menu: New
2020-06-22 15:19:56,550|base_page.py[line:68] INFO:Had find the element ' Select one...
Person
Organization ' successful by xpath via value: //select[@name='typeName'] 
2020-06-22 15:19:56,711|base_page.py[line:157] INFO:The element ' Select one...
Person
Organization ' was clicked.
2020-06-22 15:19:57,244|base_page.py[line:68] INFO:Had find the element ' Select one...
Person
Organization ' successful by xpath via value: //select[@name='typeName'] 
2020-06-22 15:19:57,933|base_page.py[line:68] INFO:Had find the element ' Select one...
Sole Proprietor
Individual
Household ' successful by xpath via value: //select[@name='entityClass'] 
2020-06-22 15:19:58,088|base_page.py[line:157] INFO:The element ' Select one...
Sole Proprietor
Individual
Household ' was clicked.
2020-06-22 15:19:58,621|base_page.py[line:68] INFO:Had find the element ' Select one...
Sole Proprietor
Individual
Household ' successful by xpath via value: //select[@name='entityClass'] 
2020-06-22 15:19:59,348|base_page.py[line:68] INFO:Had find the element ' Select one...
Mr.
Mrs.
Ms.
Miss
Dr.
Rev.
N/A ' successful by xpath via value: //form[@class='ie-fix-flex']/div[1]//select[@name='salutation'] 
2020-06-22 15:19:59,577|base_page.py[line:157] INFO:The element ' Select one...
Mr.
Mrs.
Ms.
Miss
Dr.
Rev.
N/A ' was clicked.
2020-06-22 15:20:00,125|base_page.py[line:68] INFO:Had find the element ' Select one...
Mr.
Mrs.
Ms.
Miss
Dr.
Rev.
N/A ' successful by xpath via value: //form[@class='ie-fix-flex']/div[1]//select[@name='salutation'] 
2020-06-22 15:20:00,787|base_page.py[line:68] INFO:Had find the element '  ' successful by xpath via value: //form[@class='ie-fix-flex']/div[1]//input[@name='firstName'] 
2020-06-22 15:20:01,068|base_page.py[line:135] INFO:Had type ' LDLOru ' in inputBox
2020-06-22 15:20:01,629|base_page.py[line:68] INFO:Had find the element '  ' successful by xpath via value: //form[@class='ie-fix-flex']/div[1]//input[@name='lastName'] 
2020-06-22 15:20:01,825|base_page.py[line:135] INFO:Had type ' DLQHH7 ' in inputBox
2020-06-22 15:20:02,401|base_page.py[line:68] INFO:Had find the element ' Select one...
Sr.
Jr.
II
III
IV
M.D.
D.D.S.
Ph.D.
et al
et ux
Trustee ' successful by xpath via value: //form[@class='ie-fix-flex']/div[1]//select[@name='suffix'] 
2020-06-22 15:20:02,529|base_page.py[line:157] INFO:The element ' Select one...
Sr.
Jr.
II
III
IV
M.D.
D.D.S.
Ph.D.
et al
et ux
Trustee ' was clicked.
2020-06-22 15:20:03,083|base_page.py[line:68] INFO:Had find the element ' Select one...
Sr.
Jr.
II
III
IV
M.D.
D.D.S.
Ph.D.
et al
et ux
Trustee ' successful by xpath via value: //form[@class='ie-fix-flex']/div[1]//select[@name='suffix'] 
2020-06-22 15:20:03,779|base_page.py[line:68] INFO:Had find the element '  ' successful by xpath via value: //form[@class='ie-fix-flex']/div[2]//div[@class='col-md-8']/div[1]//input[@name='firstName'] 
2020-06-22 15:20:04,064|base_page.py[line:135] INFO:Had type ' 7LGxDw ' in inputBox
2020-06-22 15:20:04,628|base_page.py[line:68] INFO:Had find the element '  ' successful by xpath via value: //form[@class='ie-fix-flex']/div[2]//div[@class='col-md-8']/div[1]//input[@name='lastName'] 
2020-06-22 15:20:04,807|base_page.py[line:135] INFO:Had type ' rrkgBa ' in inputBox
2020-06-22 15:20:05,416|base_page.py[line:68] INFO:Had find the element ' Select one...
Accountant
Administrator
Agent
Analyst
Assistant
Associate
Bookkeeper
Clerk
Compliance
Consultant
Controller
Coordinator
CPA
Engineer
Executive
Geologist
Judge
Manager
Managing Member
Operator
Owner
Partner
Representative
Self
Specialist
Spouse
Supervisor
Technologist
Trustee
Unknown
BAN Contact
RRAC Contact
President ' successful by xpath via value: //div[@class='col-md-8']/div[1]//select[@name='contactRole'] 
2020-06-22 15:20:05,630|base_page.py[line:157] INFO:The element ' Select one...
Accountant
Administrator
Agent
Analyst
Assistant
Associate
Bookkeeper
Clerk
Compliance
Consultant
Controller
Coordinator
CPA
Engineer
Executive
Geologist
Judge
Manager
Managing Member
Operator
Owner
Partner
Representative
Self
Specialist
Spouse
Supervisor
Technologist
Trustee
Unknown
BAN Contact
RRAC Contact
President ' was clicked.
2020-06-22 15:20:06,204|base_page.py[line:68] INFO:Had find the element ' Select one...
Accountant
Administrator
Agent
Analyst
Assistant
Associate
Bookkeeper
Clerk
Compliance
Consultant
Controller
Coordinator
CPA
Engineer
Executive
Geologist
Judge
Manager
Managing Member
Operator
Owner
Partner
Representative
Self
Specialist
Spouse
Supervisor
Technologist
Trustee
Unknown
BAN Contact
RRAC Contact
President ' successful by xpath via value: //div[@class='col-md-8']/div[1]//select[@name='contactRole'] 
2020-06-22 15:20:06,860|base_page.py[line:68] INFO:Had find the element ' Select one...
Personal
Business
Company
Government
Unknown ' successful by xpath via value: //div[@class='col-md-8']/div[1]//select[@name='emailType'] 
2020-06-22 15:20:06,994|base_page.py[line:157] INFO:The element ' Select one...
Personal
Business
Company
Government
Unknown ' was clicked.
2020-06-22 15:20:07,529|base_page.py[line:68] INFO:Had find the element ' Select one...
Personal
Business
Company
Government
Unknown ' successful by xpath via value: //div[@class='col-md-8']/div[1]//select[@name='emailType'] 
2020-06-22 15:20:08,177|base_page.py[line:68] INFO:Had find the element '  ' successful by xpath via value: //div[@class='col-md-8']/div[1]//input[@name='emailAddress'] 
2020-06-22 15:20:08,574|base_page.py[line:135] INFO:Had type ' JMi4L8@WmUf.com ' in inputBox
2020-06-22 15:20:09,135|base_page.py[line:68] INFO:Had find the element '  ' successful by xpath via value: //div[@class='col-md-8']/div[1]//div[@class='card-body bg-light']/div[1]//input[@name='areaCode'] 
2020-06-22 15:20:09,269|base_page.py[line:135] INFO:Had type ' 541 ' in inputBox
2020-06-22 15:20:09,825|base_page.py[line:68] INFO:Had find the element '  ' successful by xpath via value: //div[@class='col-md-8']/div[1]//div[@class='card-body bg-light']/div[1]//input[@name='phone'] 
2020-06-22 15:20:10,009|base_page.py[line:135] INFO:Had type ' 3472017 ' in inputBox
2020-06-22 15:20:10,579|base_page.py[line:68] INFO:Had find the element ' Select one...
Cell
Fax
Home
Office
Other
Unknown ' successful by xpath via value: //div[@class='col-md-8']/div[1]//div[@class='card-body bg-light']/div[1]//select[@name='phoneType'] 
2020-06-22 15:20:10,737|base_page.py[line:157] INFO:The element ' Select one...
Cell
Fax
Home
Office
Other
Unknown ' was clicked.
2020-06-22 15:20:11,291|base_page.py[line:68] INFO:Had find the element ' Select one...
Cell
Fax
Home
Office
Other
Unknown ' successful by xpath via value: //div[@class='col-md-8']/div[1]//div[@class='card-body bg-light']/div[1]//select[@name='phoneType'] 
2020-06-22 15:20:11,955|base_page.py[line:68] INFO:Had find the element ' Add Phone 2 ' successful by xpath via value: //div[@class='col-md-8']/div[1]//p[text()='Phone 2'] 
2020-06-22 15:20:12,128|base_page.py[line:157] INFO:The element ' Add Phone 2 ' was clicked.
2020-06-22 15:20:12,670|base_page.py[line:68] INFO:Had find the element '  ' successful by xpath via value: //div[@class='col-md-8']/div[1]//div[@class='card-body bg-light']/div[3]//input[@name='areaCode'] 
2020-06-22 15:20:12,851|base_page.py[line:135] INFO:Had type ' 292 ' in inputBox
2020-06-22 15:20:13,421|base_page.py[line:68] INFO:Had find the element '  ' successful by xpath via value: //div[@class='col-md-8']/div[1]//div[@class='card-body bg-light']/div[3]//input[@name='phone'] 
2020-06-22 15:20:13,612|base_page.py[line:135] INFO:Had type ' 3607394 ' in inputBox
2020-06-22 15:20:14,180|base_page.py[line:68] INFO:Had find the element ' Select one...
Cell
Fax
Home
Office
Other
Unknown ' successful by xpath via value: //div[@class='col-md-8']/div[1]//div[@class='card-body bg-light']/div[3]//select[@name='phoneType'] 
2020-06-22 15:20:14,358|base_page.py[line:157] INFO:The element ' Select one...
Cell
Fax
Home
Office
Other
Unknown ' was clicked.
2020-06-22 15:20:14,917|base_page.py[line:68] INFO:Had find the element ' Select one...
Cell
Fax
Home
Office
Other
Unknown ' successful by xpath via value: //div[@class='col-md-8']/div[1]//div[@class='card-body bg-light']/div[3]//select[@name='phoneType'] 
2020-06-22 15:20:15,560|base_page.py[line:68] INFO:Had find the element ' Add Phone 3 ' successful by xpath via value: //div[@class='col-md-8']/div[1]//p[text()='Phone 3'] 
2020-06-22 15:20:15,680|base_page.py[line:157] INFO:The element ' Add Phone 3 ' was clicked.
2020-06-22 15:20:16,237|base_page.py[line:68] INFO:Had find the element '  ' successful by xpath via value: //div[@class='col-md-8']/div[1]//div[@class='card-body bg-light']/div[5]//input[@name='areaCode'] 
2020-06-22 15:20:16,411|base_page.py[line:135] INFO:Had type ' 391 ' in inputBox
2020-06-22 15:20:16,954|base_page.py[line:68] INFO:Had find the element '  ' successful by xpath via value: //div[@class='col-md-8']/div[1]//div[@class='card-body bg-light']/div[5]//input[@name='phone'] 
2020-06-22 15:20:17,179|base_page.py[line:135] INFO:Had type ' 3880042 ' in inputBox
2020-06-22 15:20:17,771|base_page.py[line:68] INFO:Had find the element ' Select one...
Cell
Fax
Home
Office
Other
Unknown ' successful by xpath via value: //div[@class='col-md-8']/div[1]//div[@class='card-body bg-light']/div[5]//select[@name='phoneType'] 
2020-06-22 15:20:17,899|base_page.py[line:157] INFO:The element ' Select one...
Cell
Fax
Home
Office
Other
Unknown ' was clicked.
2020-06-22 15:20:18,446|base_page.py[line:68] INFO:Had find the element ' Select one...
Cell
Fax
Home
Office
Other
Unknown ' successful by xpath via value: //div[@class='col-md-8']/div[1]//div[@class='card-body bg-light']/div[5]//select[@name='phoneType'] 
2020-06-22 15:20:19,093|base_page.py[line:68] INFO:Had find the element ' Add Contact 2 ' successful by xpath via value: //p[text()='Contact 2'] 
2020-06-22 15:20:19,212|base_page.py[line:157] INFO:The element ' Add Contact 2 ' was clicked.
2020-06-22 15:20:19,764|base_page.py[line:68] INFO:Had find the element '  ' successful by xpath via value: //form[@class='ie-fix-flex']/div[2]//div[@class='col-md-8']/div[3]//input[@name='firstName'] 
2020-06-22 15:20:20,007|base_page.py[line:135] INFO:Had type ' zobZsi ' in inputBox
2020-06-22 15:20:20,565|base_page.py[line:68] INFO:Had find the element '  ' successful by xpath via value: //form[@class='ie-fix-flex']/div[2]//div[@class='col-md-8']/div[3]//input[@name='lastName'] 
2020-06-22 15:20:20,850|base_page.py[line:135] INFO:Had type ' uOJ3k6 ' in inputBox
2020-06-22 15:20:21,467|base_page.py[line:68] INFO:Had find the element ' Select one...
Accountant
Administrator
Agent
Analyst
Assistant
Associate
Bookkeeper
Clerk
Compliance
Consultant
Controller
Coordinator
CPA
Engineer
Executive
Geologist
Judge
Manager
Managing Member
Operator
Owner
Partner
Representative
Self
Specialist
Spouse
Supervisor
Technologist
Trustee
Unknown
BAN Contact
RRAC Contact
President ' successful by xpath via value: //div[@class='col-md-8']/div[3]//select[@name='contactRole'] 
2020-06-22 15:20:21,650|base_page.py[line:157] INFO:The element ' Select one...
Accountant
Administrator
Agent
Analyst
Assistant
Associate
Bookkeeper
Clerk
Compliance
Consultant
Controller
Coordinator
CPA
Engineer
Executive
Geologist
Judge
Manager
Managing Member
Operator
Owner
Partner
Representative
Self
Specialist
Spouse
Supervisor
Technologist
Trustee
Unknown
BAN Contact
RRAC Contact
President ' was clicked.
2020-06-22 15:20:22,243|base_page.py[line:68] INFO:Had find the element ' Select one...
Accountant
Administrator
Agent
Analyst
Assistant
Associate
Bookkeeper
Clerk
Compliance
Consultant
Controller
Coordinator
CPA
Engineer
Executive
Geologist
Judge
Manager
Managing Member
Operator
Owner
Partner
Representative
Self
Specialist
Spouse
Supervisor
Technologist
Trustee
Unknown
BAN Contact
RRAC Contact
President ' successful by xpath via value: //div[@class='col-md-8']/div[3]//select[@name='contactRole'] 
2020-06-22 15:20:22,922|base_page.py[line:68] INFO:Had find the element ' Select one...
Personal
Business
Company
Government
Unknown ' successful by xpath via value: //div[@class='col-md-8']/div[3]//select[@name='emailType'] 
2020-06-22 15:20:23,065|base_page.py[line:157] INFO:The element ' Select one...
Personal
Business
Company
Government
Unknown ' was clicked.
2020-06-22 15:20:23,616|base_page.py[line:68] INFO:Had find the element ' Select one...
Personal
Business
Company
Government
Unknown ' successful by xpath via value: //div[@class='col-md-8']/div[3]//select[@name='emailType'] 
2020-06-22 15:20:24,262|base_page.py[line:68] INFO:Had find the element '  ' successful by xpath via value: //div[@class='col-md-8']/div[3]//input[@name='emailAddress'] 
2020-06-22 15:20:24,743|base_page.py[line:135] INFO:Had type ' fRdDOR@i0BI.com ' in inputBox
2020-06-22 15:20:25,292|base_page.py[line:68] INFO:Had find the element '  ' successful by xpath via value: //div[@class='col-md-8']/div[3]//div[@class='card-body bg-light']/div[1]//input[@name='areaCode'] 
2020-06-22 15:20:25,478|base_page.py[line:135] INFO:Had type ' 376 ' in inputBox
2020-06-22 15:20:26,012|base_page.py[line:68] INFO:Had find the element '  ' successful by xpath via value: //div[@class='col-md-8']/div[3]//div[@class='card-body bg-light']/div[1]//input[@name='phone'] 
2020-06-22 15:20:26,235|base_page.py[line:135] INFO:Had type ' 0074728 ' in inputBox
2020-06-22 15:20:26,789|base_page.py[line:68] INFO:Had find the element ' Select one...
Cell
Fax
Home
Office
Other
Unknown ' successful by xpath via value: //div[@class='col-md-8']/div[3]//div[@class='card-body bg-light']/div[1]//select[@name='phoneType'] 
2020-06-22 15:20:26,926|base_page.py[line:157] INFO:The element ' Select one...
Cell
Fax
Home
Office
Other
Unknown ' was clicked.
2020-06-22 15:20:27,474|base_page.py[line:68] INFO:Had find the element ' Select one...
Cell
Fax
Home
Office
Other
Unknown ' successful by xpath via value: //div[@class='col-md-8']/div[3]//div[@class='card-body bg-light']/div[1]//select[@name='phoneType'] 
2020-06-22 15:20:28,128|base_page.py[line:68] INFO:Had find the element ' Add Phone 2 ' successful by xpath via value: //div[@class='col-md-8']/div[3]//p[text()='Phone 2'] 
2020-06-22 15:20:28,247|base_page.py[line:157] INFO:The element ' Add Phone 2 ' was clicked.
2020-06-22 15:20:28,795|base_page.py[line:68] INFO:Had find the element '  ' successful by xpath via value: //div[@class='col-md-8']/div[3]//div[@class='card-body bg-light']/div[3]//input[@name='areaCode'] 
2020-06-22 15:20:28,977|base_page.py[line:135] INFO:Had type ' 732 ' in inputBox
2020-06-22 15:20:29,552|base_page.py[line:68] INFO:Had find the element '  ' successful by xpath via value: //div[@class='col-md-8']/div[3]//div[@class='card-body bg-light']/div[3]//input[@name='phone'] 
2020-06-22 15:20:29,812|base_page.py[line:135] INFO:Had type ' 6078308 ' in inputBox
2020-06-22 15:20:30,382|base_page.py[line:68] INFO:Had find the element ' Select one...
Cell
Fax
Home
Office
Other
Unknown ' successful by xpath via value: //div[@class='col-md-8']/div[3]//div[@class='card-body bg-light']/div[3]//select[@name='phoneType'] 
2020-06-22 15:20:30,508|base_page.py[line:157] INFO:The element ' Select one...
Cell
Fax
Home
Office
Other
Unknown ' was clicked.
2020-06-22 15:20:31,049|base_page.py[line:68] INFO:Had find the element ' Select one...
Cell
Fax
Home
Office
Other
Unknown ' successful by xpath via value: //div[@class='col-md-8']/div[3]//div[@class='card-body bg-light']/div[3]//select[@name='phoneType'] 
2020-06-22 15:20:31,703|base_page.py[line:68] INFO:Had find the element ' Add Phone 3 ' successful by xpath via value: //div[@class='col-md-8']/div[3]//p[text()='Phone 3'] 
2020-06-22 15:20:31,827|base_page.py[line:157] INFO:The element ' Add Phone 3 ' was clicked.
2020-06-22 15:20:32,386|base_page.py[line:68] INFO:Had find the element '  ' successful by xpath via value: //div[@class='col-md-8']/div[3]//div[@class='card-body bg-light']/div[5]//input[@name='areaCode'] 
2020-06-22 15:20:32,607|base_page.py[line:135] INFO:Had type ' 604 ' in inputBox
2020-06-22 15:20:33,165|base_page.py[line:68] INFO:Had find the element '  ' successful by xpath via value: //div[@class='col-md-8']/div[3]//div[@class='card-body bg-light']/div[5]//input[@name='phone'] 
2020-06-22 15:20:33,422|base_page.py[line:135] INFO:Had type ' 3579537 ' in inputBox
2020-06-22 15:20:33,989|base_page.py[line:68] INFO:Had find the element ' Select one...
Cell
Fax
Home
Office
Other
Unknown ' successful by xpath via value: //div[@class='col-md-8']/div[3]//div[@class='card-body bg-light']/div[5]//select[@name='phoneType'] 
2020-06-22 15:20:34,111|base_page.py[line:157] INFO:The element ' Select one...
Cell
Fax
Home
Office
Other
Unknown ' was clicked.
2020-06-22 15:20:34,665|base_page.py[line:68] INFO:Had find the element ' Select one...
Cell
Fax
Home
Office
Other
Unknown ' successful by xpath via value: //div[@class='col-md-8']/div[3]//div[@class='card-body bg-light']/div[5]//select[@name='phoneType'] 
2020-06-22 15:20:35,305|base_page.py[line:68] INFO:Had find the element ' CUSTOMERS ' successful by id via value: customers 
2020-06-22 15:20:35,418|base_page.py[line:157] INFO:The element ' CUSTOMERS ' was clicked.
2020-06-22 15:20:35,934|base_page.py[line:223] INFO:Had find the elements successful by xpath via value: //ul[@class='dropdown-menu multi-level show']/li/a 
2020-06-22 15:20:36,518|base_page.py[line:68] INFO:Had find the element ' New ' successful by xpath via value: //ul[@class='dropdown-menu multi-level show']/li[2]/a 
2020-06-22 15:20:36,598|base_page.py[line:157] INFO:The element ' New ' was clicked.
2020-06-22 15:20:36,598|topMenu.py[line:69] INFO:second_menu: New
2020-06-22 15:20:37,134|base_page.py[line:68] INFO:Had find the element ' Select one...
Person
Organization ' successful by xpath via value: //select[@name='typeName'] 
2020-06-22 15:20:37,299|base_page.py[line:157] INFO:The element ' Select one...
Person
Organization ' was clicked.
2020-06-22 15:20:37,825|base_page.py[line:68] INFO:Had find the element ' Select one...
Person
Organization ' successful by xpath via value: //select[@name='typeName'] 
2020-06-22 15:20:38,446|base_page.py[line:68] INFO:Had find the element ' Select one...
Sole Proprietor
Individual
Household ' successful by xpath via value: //select[@name='entityClass'] 
2020-06-22 15:20:38,595|base_page.py[line:157] INFO:The element ' Select one...
Sole Proprietor
Individual
Household ' was clicked.
2020-06-22 15:20:39,147|base_page.py[line:68] INFO:Had find the element ' Select one...
Sole Proprietor
Individual
Household ' successful by xpath via value: //select[@name='entityClass'] 
2020-06-22 15:20:39,830|base_page.py[line:68] INFO:Had find the element ' Select one...
Mr.
Mrs.
Ms.
Miss
Dr.
Rev.
N/A ' successful by xpath via value: //form[@class='ie-fix-flex']/div[1]//select[@name='salutation'] 
2020-06-22 15:20:39,980|base_page.py[line:157] INFO:The element ' Select one...
Mr.
Mrs.
Ms.
Miss
Dr.
Rev.
N/A ' was clicked.
2020-06-22 15:20:40,534|base_page.py[line:68] INFO:Had find the element ' Select one...
Mr.
Mrs.
Ms.
Miss
Dr.
Rev.
N/A ' successful by xpath via value: //form[@class='ie-fix-flex']/div[1]//select[@name='salutation'] 
2020-06-22 15:20:41,172|base_page.py[line:68] INFO:Had find the element '  ' successful by xpath via value: //form[@class='ie-fix-flex']/div[1]//input[@name='firstName'] 
2020-06-22 15:20:41,381|base_page.py[line:135] INFO:Had type ' znKqTA ' in inputBox
2020-06-22 15:20:41,927|base_page.py[line:68] INFO:Had find the element '  ' successful by xpath via value: //form[@class='ie-fix-flex']/div[1]//input[@name='lastName'] 
2020-06-22 15:20:42,199|base_page.py[line:135] INFO:Had type ' tyY6dH ' in inputBox
2020-06-22 15:20:42,781|base_page.py[line:68] INFO:Had find the element ' Select one...
Sr.
Jr.
II
III
IV
M.D.
D.D.S.
Ph.D.
et al
et ux
Trustee ' successful by xpath via value: //form[@class='ie-fix-flex']/div[1]//select[@name='suffix'] 
2020-06-22 15:20:42,890|base_page.py[line:157] INFO:The element ' Select one...
Sr.
Jr.
II
III
IV
M.D.
D.D.S.
Ph.D.
et al
et ux
Trustee ' was clicked.
2020-06-22 15:20:43,455|base_page.py[line:68] INFO:Had find the element ' Select one...
Sr.
Jr.
II
III
IV
M.D.
D.D.S.
Ph.D.
et al
et ux
Trustee ' successful by xpath via value: //form[@class='ie-fix-flex']/div[1]//select[@name='suffix'] 
2020-06-22 15:20:44,084|base_page.py[line:68] INFO:Had find the element '  ' successful by xpath via value: //form[@class='ie-fix-flex']/div[2]//div[@class='col-md-8']/div[1]//input[@name='firstName'] 
2020-06-22 15:20:44,373|base_page.py[line:135] INFO:Had type ' 3uxDSE ' in inputBox
2020-06-22 15:20:44,933|base_page.py[line:68] INFO:Had find the element '  ' successful by xpath via value: //form[@class='ie-fix-flex']/div[2]//div[@class='col-md-8']/div[1]//input[@name='lastName'] 
2020-06-22 15:20:45,264|base_page.py[line:135] INFO:Had type ' MWuQet ' in inputBox
2020-06-22 15:20:45,880|base_page.py[line:68] INFO:Had find the element ' Select one...
Accountant
Administrator
Agent
Analyst
Assistant
Associate
Bookkeeper
Clerk
Compliance
Consultant
Controller
Coordinator
CPA
Engineer
Executive
Geologist
Judge
Manager
Managing Member
Operator
Owner
Partner
Representative
Self
Specialist
Spouse
Supervisor
Technologist
Trustee
Unknown
BAN Contact
RRAC Contact
President ' successful by xpath via value: //div[@class='col-md-8']/div[1]//select[@name='contactRole'] 
2020-06-22 15:20:46,042|base_page.py[line:157] INFO:The element ' Select one...
Accountant
Administrator
Agent
Analyst
Assistant
Associate
Bookkeeper
Clerk
Compliance
Consultant
Controller
Coordinator
CPA
Engineer
Executive
Geologist
Judge
Manager
Managing Member
Operator
Owner
Partner
Representative
Self
Specialist
Spouse
Supervisor
Technologist
Trustee
Unknown
BAN Contact
RRAC Contact
President ' was clicked.
2020-06-22 15:20:46,621|base_page.py[line:68] INFO:Had find the element ' Select one...
Accountant
Administrator
Agent
Analyst
Assistant
Associate
Bookkeeper
Clerk
Compliance
Consultant
Controller
Coordinator
CPA
Engineer
Executive
Geologist
Judge
Manager
Managing Member
Operator
Owner
Partner
Representative
Self
Specialist
Spouse
Supervisor
Technologist
Trustee
Unknown
BAN Contact
RRAC Contact
President ' successful by xpath via value: //div[@class='col-md-8']/div[1]//select[@name='contactRole'] 
2020-06-22 15:20:47,293|base_page.py[line:68] INFO:Had find the element ' Select one...
Personal
Business
Company
Government
Unknown ' successful by xpath via value: //div[@class='col-md-8']/div[1]//select[@name='emailType'] 
2020-06-22 15:20:47,485|base_page.py[line:157] INFO:The element ' Select one...
Personal
Business
Company
Government
Unknown ' was clicked.
2020-06-22 15:20:48,011|base_page.py[line:68] INFO:Had find the element ' Select one...
Personal
Business
Company
Government
Unknown ' successful by xpath via value: //div[@class='col-md-8']/div[1]//select[@name='emailType'] 
2020-06-22 15:20:48,675|base_page.py[line:68] INFO:Had find the element '  ' successful by xpath via value: //div[@class='col-md-8']/div[1]//input[@name='emailAddress'] 
2020-06-22 15:20:49,044|base_page.py[line:135] INFO:Had type ' 3rFyGj@YdE3.com ' in inputBox
2020-06-22 15:20:49,578|base_page.py[line:68] INFO:Had find the element '  ' successful by xpath via value: //div[@class='col-md-8']/div[1]//div[@class='card-body bg-light']/div[1]//input[@name='areaCode'] 
2020-06-22 15:20:49,748|base_page.py[line:135] INFO:Had type ' 458 ' in inputBox
2020-06-22 15:20:50,318|base_page.py[line:68] INFO:Had find the element '  ' successful by xpath via value: //div[@class='col-md-8']/div[1]//div[@class='card-body bg-light']/div[1]//input[@name='phone'] 
2020-06-22 15:20:50,503|base_page.py[line:135] INFO:Had type ' 3361600 ' in inputBox
2020-06-22 15:20:51,049|base_page.py[line:68] INFO:Had find the element ' Select one...
Cell
Fax
Home
Office
Other
Unknown ' successful by xpath via value: //div[@class='col-md-8']/div[1]//div[@class='card-body bg-light']/div[1]//select[@name='phoneType'] 
2020-06-22 15:20:51,261|base_page.py[line:157] INFO:The element ' Select one...
Cell
Fax
Home
Office
Other
Unknown ' was clicked.
2020-06-22 15:20:51,822|base_page.py[line:68] INFO:Had find the element ' Select one...
Cell
Fax
Home
Office
Other
Unknown ' successful by xpath via value: //div[@class='col-md-8']/div[1]//div[@class='card-body bg-light']/div[1]//select[@name='phoneType'] 
2020-06-22 15:20:52,465|base_page.py[line:68] INFO:Had find the element ' Add Phone 2 ' successful by xpath via value: //div[@class='col-md-8']/div[1]//p[text()='Phone 2'] 
2020-06-22 15:20:52,663|base_page.py[line:157] INFO:The element ' Add Phone 2 ' was clicked.
2020-06-22 15:20:53,203|base_page.py[line:68] INFO:Had find the element '  ' successful by xpath via value: //div[@class='col-md-8']/div[1]//div[@class='card-body bg-light']/div[3]//input[@name='areaCode'] 
2020-06-22 15:20:53,355|base_page.py[line:135] INFO:Had type ' 044 ' in inputBox
2020-06-22 15:20:53,916|base_page.py[line:68] INFO:Had find the element '  ' successful by xpath via value: //div[@class='col-md-8']/div[1]//div[@class='card-body bg-light']/div[3]//input[@name='phone'] 
2020-06-22 15:20:54,168|base_page.py[line:135] INFO:Had type ' 3409532 ' in inputBox
2020-06-22 15:20:54,776|base_page.py[line:68] INFO:Had find the element ' Select one...
Cell
Fax
Home
Office
Other
Unknown ' successful by xpath via value: //div[@class='col-md-8']/div[1]//div[@class='card-body bg-light']/div[3]//select[@name='phoneType'] 
2020-06-22 15:20:54,974|base_page.py[line:157] INFO:The element ' Select one...
Cell
Fax
Home
Office
Other
Unknown ' was clicked.
2020-06-22 15:20:55,509|base_page.py[line:68] INFO:Had find the element ' Select one...
Cell
Fax
Home
Office
Other
Unknown ' successful by xpath via value: //div[@class='col-md-8']/div[1]//div[@class='card-body bg-light']/div[3]//select[@name='phoneType'] 
2020-06-22 15:20:56,153|base_page.py[line:68] INFO:Had find the element ' Add Phone 3 ' successful by xpath via value: //div[@class='col-md-8']/div[1]//p[text()='Phone 3'] 
2020-06-22 15:20:56,311|base_page.py[line:157] INFO:The element ' Add Phone 3 ' was clicked.
2020-06-22 15:20:56,876|base_page.py[line:68] INFO:Had find the element '  ' successful by xpath via value: //div[@class='col-md-8']/div[1]//div[@class='card-body bg-light']/div[5]//input[@name='areaCode'] 
2020-06-22 15:20:57,087|base_page.py[line:135] INFO:Had type ' 316 ' in inputBox
2020-06-22 15:20:57,630|base_page.py[line:68] INFO:Had find the element '  ' successful by xpath via value: //div[@class='col-md-8']/div[1]//div[@class='card-body bg-light']/div[5]//input[@name='phone'] 
2020-06-22 15:20:57,871|base_page.py[line:135] INFO:Had type ' 2455064 ' in inputBox
2020-06-22 15:20:58,463|base_page.py[line:68] INFO:Had find the element ' Select one...
Cell
Fax
Home
Office
Other
Unknown ' successful by xpath via value: //div[@class='col-md-8']/div[1]//div[@class='card-body bg-light']/div[5]//select[@name='phoneType'] 
2020-06-22 15:20:58,607|base_page.py[line:157] INFO:The element ' Select one...
Cell
Fax
Home
Office
Other
Unknown ' was clicked.
2020-06-22 15:20:59,155|base_page.py[line:68] INFO:Had find the element ' Select one...
Cell
Fax
Home
Office
Other
Unknown ' successful by xpath via value: //div[@class='col-md-8']/div[1]//div[@class='card-body bg-light']/div[5]//select[@name='phoneType'] 
2020-06-22 15:20:59,834|base_page.py[line:68] INFO:Had find the element ' Add Contact 2 ' successful by xpath via value: //p[text()='Contact 2'] 
2020-06-22 15:21:00,023|base_page.py[line:157] INFO:The element ' Add Contact 2 ' was clicked.
2020-06-22 15:21:00,583|base_page.py[line:68] INFO:Had find the element '  ' successful by xpath via value: //form[@class='ie-fix-flex']/div[2]//div[@class='col-md-8']/div[3]//input[@name='firstName'] 
2020-06-22 15:21:00,808|base_page.py[line:135] INFO:Had type ' hkIuW5 ' in inputBox
2020-06-22 15:21:01,407|base_page.py[line:68] INFO:Had find the element '  ' successful by xpath via value: //form[@class='ie-fix-flex']/div[2]//div[@class='col-md-8']/div[3]//input[@name='lastName'] 
2020-06-22 15:21:01,678|base_page.py[line:135] INFO:Had type ' 1RFCUD ' in inputBox
2020-06-22 15:21:02,286|base_page.py[line:68] INFO:Had find the element ' Select one...
Accountant
Administrator
Agent
Analyst
Assistant
Associate
Bookkeeper
Clerk
Compliance
Consultant
Controller
Coordinator
CPA
Engineer
Executive
Geologist
Judge
Manager
Managing Member
Operator
Owner
Partner
Representative
Self
Specialist
Spouse
Supervisor
Technologist
Trustee
Unknown
BAN Contact
RRAC Contact
President ' successful by xpath via value: //div[@class='col-md-8']/div[3]//select[@name='contactRole'] 
2020-06-22 15:21:02,484|base_page.py[line:157] INFO:The element ' Select one...
Accountant
Administrator
Agent
Analyst
Assistant
Associate
Bookkeeper
Clerk
Compliance
Consultant
Controller
Coordinator
CPA
Engineer
Executive
Geologist
Judge
Manager
Managing Member
Operator
Owner
Partner
Representative
Self
Specialist
Spouse
Supervisor
Technologist
Trustee
Unknown
BAN Contact
RRAC Contact
President ' was clicked.
2020-06-22 15:21:03,084|base_page.py[line:68] INFO:Had find the element ' Select one...
Accountant
Administrator
Agent
Analyst
Assistant
Associate
Bookkeeper
Clerk
Compliance
Consultant
Controller
Coordinator
CPA
Engineer
Executive
Geologist
Judge
Manager
Managing Member
Operator
Owner
Partner
Representative
Self
Specialist
Spouse
Supervisor
Technologist
Trustee
Unknown
BAN Contact
RRAC Contact
President ' successful by xpath via value: //div[@class='col-md-8']/div[3]//select[@name='contactRole'] 
2020-06-22 15:21:03,765|base_page.py[line:68] INFO:Had find the element ' Select one...
Personal
Business
Company
Government
Unknown ' successful by xpath via value: //div[@class='col-md-8']/div[3]//select[@name='emailType'] 
2020-06-22 15:21:03,985|base_page.py[line:157] INFO:The element ' Select one...
Personal
Business
Company
Government
Unknown ' was clicked.
2020-06-22 15:21:04,525|base_page.py[line:68] INFO:Had find the element ' Select one...
Personal
Business
Company
Government
Unknown ' successful by xpath via value: //div[@class='col-md-8']/div[3]//select[@name='emailType'] 
2020-06-22 15:21:05,222|base_page.py[line:68] INFO:Had find the element '  ' successful by xpath via value: //div[@class='col-md-8']/div[3]//input[@name='emailAddress'] 
2020-06-22 15:21:05,839|base_page.py[line:135] INFO:Had type ' quSsC1@nr2l.com ' in inputBox
2020-06-22 15:21:06,411|base_page.py[line:68] INFO:Had find the element '  ' successful by xpath via value: //div[@class='col-md-8']/div[3]//div[@class='card-body bg-light']/div[1]//input[@name='areaCode'] 
2020-06-22 15:21:06,617|base_page.py[line:135] INFO:Had type ' 053 ' in inputBox
2020-06-22 15:21:07,165|base_page.py[line:68] INFO:Had find the element '  ' successful by xpath via value: //div[@class='col-md-8']/div[3]//div[@class='card-body bg-light']/div[1]//input[@name='phone'] 
2020-06-22 15:21:08,204|base_page.py[line:135] INFO:Had type ' 8847414 ' in inputBox
2020-06-22 15:21:08,768|base_page.py[line:68] INFO:Had find the element ' Select one...
Cell
Fax
Home
Office
Other
Unknown ' successful by xpath via value: //div[@class='col-md-8']/div[3]//div[@class='card-body bg-light']/div[1]//select[@name='phoneType'] 
2020-06-22 15:21:08,980|base_page.py[line:157] INFO:The element ' Select one...
Cell
Fax
Home
Office
Other
Unknown ' was clicked.
2020-06-22 15:21:09,574|base_page.py[line:68] INFO:Had find the element ' Select one...
Cell
Fax
Home
Office
Other
Unknown ' successful by xpath via value: //div[@class='col-md-8']/div[3]//div[@class='card-body bg-light']/div[1]//select[@name='phoneType'] 
2020-06-22 15:21:10,278|base_page.py[line:68] INFO:Had find the element ' Add Phone 2 ' successful by xpath via value: //div[@class='col-md-8']/div[3]//p[text()='Phone 2'] 
2020-06-22 15:21:10,423|base_page.py[line:157] INFO:The element ' Add Phone 2 ' was clicked.
2020-06-22 15:21:10,975|base_page.py[line:68] INFO:Had find the element '  ' successful by xpath via value: //div[@class='col-md-8']/div[3]//div[@class='card-body bg-light']/div[3]//input[@name='areaCode'] 
2020-06-22 15:21:11,491|base_page.py[line:135] INFO:Had type ' 507 ' in inputBox
2020-06-22 15:21:12,198|base_page.py[line:68] INFO:Had find the element '  ' successful by xpath via value: //div[@class='col-md-8']/div[3]//div[@class='card-body bg-light']/div[3]//input[@name='phone'] 
2020-06-22 15:21:12,858|base_page.py[line:135] INFO:Had type ' 2366124 ' in inputBox
2020-06-22 15:21:13,501|base_page.py[line:68] INFO:Had find the element ' Select one...
Cell
Fax
Home
Office
Other
Unknown ' successful by xpath via value: //div[@class='col-md-8']/div[3]//div[@class='card-body bg-light']/div[3]//select[@name='phoneType'] 
2020-06-22 15:21:14,149|base_page.py[line:157] INFO:The element ' Select one...
Cell
Fax
Home
Office
Other
Unknown ' was clicked.
2020-06-22 15:21:14,722|base_page.py[line:68] INFO:Had find the element ' Select one...
Cell
Fax
Home
Office
Other
Unknown ' successful by xpath via value: //div[@class='col-md-8']/div[3]//div[@class='card-body bg-light']/div[3]//select[@name='phoneType'] 
2020-06-22 15:21:15,543|base_page.py[line:68] INFO:Had find the element ' Add Phone 3 ' successful by xpath via value: //div[@class='col-md-8']/div[3]//p[text()='Phone 3'] 
2020-06-22 15:21:15,852|base_page.py[line:157] INFO:The element ' Add Phone 3 ' was clicked.
2020-06-22 15:21:16,424|base_page.py[line:68] INFO:Had find the element '  ' successful by xpath via value: //div[@class='col-md-8']/div[3]//div[@class='card-body bg-light']/div[5]//input[@name='areaCode'] 
2020-06-22 15:21:16,724|base_page.py[line:135] INFO:Had type ' 687 ' in inputBox
2020-06-22 15:21:17,369|base_page.py[line:68] INFO:Had find the element '  ' successful by xpath via value: //div[@class='col-md-8']/div[3]//div[@class='card-body bg-light']/div[5]//input[@name='phone'] 
2020-06-22 15:21:18,119|base_page.py[line:135] INFO:Had type ' 9152088 ' in inputBox
2020-06-22 15:21:19,263|base_page.py[line:68] INFO:Had find the element ' Select one...
Cell
Fax
Home
Office
Other
Unknown ' successful by xpath via value: //div[@class='col-md-8']/div[3]//div[@class='card-body bg-light']/div[5]//select[@name='phoneType'] 
2020-06-22 15:21:19,709|base_page.py[line:157] INFO:The element ' Select one...
Cell
Fax
Home
Office
Other
Unknown ' was clicked.
2020-06-22 15:21:20,251|base_page.py[line:68] INFO:Had find the element ' Select one...
Cell
Fax
Home
Office
Other
Unknown ' successful by xpath via value: //div[@class='col-md-8']/div[3]//div[@class='card-body bg-light']/div[5]//select[@name='phoneType'] 
