2020-06-22 14:47:39,566|browser_engine.py[line:27] INFO:You had select Chrome browser.
2020-06-22 14:47:39,566|browser_engine.py[line:29] INFO:The test server url is: https://rralamotest.z21.web.core.windows.net/
2020-06-22 14:47:42,957|browser_engine.py[line:44] INFO:Starting Chrome browser.
2020-06-22 14:47:44,130|browser_engine.py[line:58] INFO:Maximize the current window.
2020-06-22 14:48:27,622|browser_engine.py[line:61] INFO:Open url: https://rralamotest.z21.web.core.windows.net/
2020-06-22 14:48:38,344|base_page.py[line:70] ERROR:TimeoutException: selector by xpath ,value xpath=>//div[@class='localAccount']//div[@class='intro']/h2
2020-06-22 14:48:38,898|base_page.py[line:68] INFO:Had find the element ' Sign in with your existing account ' successful by xpath via value: //div[@class='localAccount']//div[@class='intro']/h2 
2020-06-22 14:48:39,464|base_page.py[line:68] INFO:Had find the element '  ' successful by id via value: logonIdentifier 
2020-06-22 14:48:39,512|base_page.py[line:145] INFO:Clear text in input box before typing.
2020-06-22 14:48:40,038|base_page.py[line:68] INFO:Had find the element '  ' successful by id via value: logonIdentifier 
2020-06-22 14:48:40,231|base_page.py[line:135] INFO:Had type ' yan.liu@an-chen.com ' in inputBox
2020-06-22 14:48:40,795|base_page.py[line:68] INFO:Had find the element '  ' successful by id via value: password 
2020-06-22 14:48:40,854|base_page.py[line:145] INFO:Clear text in input box before typing.
2020-06-22 14:48:41,394|base_page.py[line:68] INFO:Had find the element '  ' successful by id via value: password 
2020-06-22 14:48:41,739|base_page.py[line:135] INFO:Had type ' Lychan@2012 ' in inputBox
2020-06-22 14:48:42,282|base_page.py[line:68] INFO:Had find the element ' Sign in ' successful by xpath via value: //div[@class='buttons']/button[text()='Sign in'] 
2020-06-22 14:48:52,871|base_page.py[line:70] ERROR:TimeoutException: selector by xpath ,value xpath=>//div[@id='root']//div[@class='content-heading']
2020-06-22 14:48:53,410|base_page.py[line:68] INFO:Had find the element ' Welcome, yanliu ' successful by xpath via value: //div[@id='root']//div[@class='content-heading'] 
2020-06-22 14:48:53,410|login.py[line:41] INFO:login success
2020-06-22 14:49:04,323|base_page.py[line:70] ERROR:TimeoutException: selector by xpath ,value xpath=>//div[@class='card']/form//div[@id='homeGrid']/div//h2
2020-06-22 14:49:04,855|base_page.py[line:223] INFO:Had find the elements successful by xpath via value: //div[@class='card']/form//div[@id='homeGrid']/div//h2 
2020-06-22 14:49:05,497|base_page.py[line:68] INFO:Had find the element '  ' successful by xpath via value: //div[@class='card']/form//div[@id='homeGrid']/div[4]//input 
2020-06-22 14:49:05,756|base_page.py[line:135] INFO:Had type ' C000048473 ' in inputBox
2020-06-22 14:49:06,315|base_page.py[line:68] INFO:Had find the element ' Go ' successful by xpath via value: //div[@class='card']/form//div[@id='homeGrid']/div[4]/div/button 
2020-06-22 14:49:06,387|base_page.py[line:157] INFO:The element ' Go ' was clicked.
2020-06-22 14:49:06,387|homePage.py[line:50] INFO:module_name: Customers
2020-06-22 14:49:17,278|base_page.py[line:70] ERROR:TimeoutException: selector by xpath ,value xpath=>//div[@class='card']//li/a[text()='Entity']
2020-06-22 14:49:17,815|base_page.py[line:68] INFO:Had find the element ' Entity ' successful by xpath via value: //div[@class='card']//li/a[text()='Entity'] 
2020-06-22 14:49:17,984|base_page.py[line:157] INFO:The element ' Entity ' was clicked.
2020-06-22 14:49:18,518|base_page.py[line:223] INFO:Had find the elements successful by xpath via value: //div[@class='card']//div//h4 
2020-06-22 14:49:19,175|base_page.py[line:68] INFO:Had find the element ' Business Identifier ' successful by xpath via value: //div[@class='card']//div//h4[text()='Business Identifier'] 
2020-06-22 14:49:19,751|base_page.py[line:68] INFO:Had find the element ' New ' successful by xpath via value: //div[@class='glo-row']/div[5]//button[text()=' New'] 
2020-06-22 14:49:19,919|base_page.py[line:157] INFO:The element ' New ' was clicked.
2020-06-22 14:49:20,467|base_page.py[line:68] INFO:Had find the element ' Select one...
BAN
SSN
Federal EIN
Agency ID
State Tax ID
Internal GLO ID
Unknown ' successful by xpath via value: //select[@name='name'] 
2020-06-22 14:49:20,607|base_page.py[line:157] INFO:The element ' Select one...
BAN
SSN
Federal EIN
Agency ID
State Tax ID
Internal GLO ID
Unknown ' was clicked.
2020-06-22 14:49:21,135|base_page.py[line:68] INFO:Had find the element ' Select one...
BAN
SSN
Federal EIN
Agency ID
State Tax ID
Internal GLO ID
Unknown ' successful by xpath via value: //select[@name='name'] 
2020-06-22 14:49:21,779|base_page.py[line:68] INFO:Had find the element '  ' successful by xpath via value: //input[@name='identifier'] 
2020-06-22 14:49:21,955|base_page.py[line:157] INFO:The element '  ' was clicked.
2020-06-22 14:49:22,495|base_page.py[line:68] INFO:Had find the element '  ' successful by xpath via value: //input[@name='identifier'] 
2020-06-22 14:49:23,073|base_page.py[line:68] INFO:Had find the element '  ' successful by xpath via value: //input[@name='identifier'] 
2020-06-22 14:49:23,646|base_page.py[line:68] INFO:Had find the element '  ' successful by xpath via value: //input[@name='identifier'] 
2020-06-22 14:49:23,922|base_page.py[line:135] INFO:Had type ' 776094979 ' in inputBox
2020-06-22 14:49:24,461|base_page.py[line:68] INFO:Had find the element ' Save ' successful by xpath via value: //button[text()='Save'] 
2020-06-22 14:49:24,570|base_page.py[line:157] INFO:The element ' Save ' was clicked.
2020-06-22 14:49:27,113|base_page.py[line:68] INFO:Had find the element ' Business Identifier: 776094979 created successfully. ' successful by xpath via value: //div[@role='alert'] 
2020-06-22 14:49:27,642|base_page.py[line:223] INFO:Had find the elements successful by xpath via value: //div[@class='card']//div//h4 
2020-06-22 14:49:28,269|base_page.py[line:68] INFO:Had find the element ' Business Identifier ' successful by xpath via value: //div[@class='card']//div//h4[text()='Business Identifier'] 
2020-06-22 14:49:28,800|base_page.py[line:223] INFO:Had find the elements successful by xpath via value: //div[@class='glo-row']/div[5]//div[@class='glo-row']//div[@class='rt-tr-group'] 
2020-06-22 14:49:29,368|base_page.py[line:68] INFO:Had find the element ' SSN
*****4979 ' successful by xpath via value: //div[@class='glo-row']/div[5]//div[@class='glo-row']//div[@class='rt-tr-group'][1]/div 
2020-06-22 14:49:29,928|base_page.py[line:68] INFO:Had find the element ' Edit ' successful by xpath via value: //div[@class='glo-row']/div[5]//button[text()=' Edit'] 
2020-06-22 14:49:30,279|base_page.py[line:157] INFO:The element ' Edit ' was clicked.
2020-06-22 14:49:30,822|base_page.py[line:68] INFO:Had find the element ' Select one...
BAN
SSN
Federal EIN
Agency ID
State Tax ID
Internal GLO ID
Unknown ' successful by xpath via value: //select[@name='name'] 
2020-06-22 14:49:30,979|base_page.py[line:157] INFO:The element ' Select one...
BAN
SSN
Federal EIN
Agency ID
State Tax ID
Internal GLO ID
Unknown ' was clicked.
2020-06-22 14:49:31,523|base_page.py[line:68] INFO:Had find the element ' Select one...
BAN
SSN
Federal EIN
Agency ID
State Tax ID
Internal GLO ID
Unknown ' successful by xpath via value: //select[@name='name'] 
2020-06-22 14:49:32,163|base_page.py[line:68] INFO:Had find the element '  ' successful by xpath via value: //input[@name='identifier'] 
2020-06-22 14:49:32,340|base_page.py[line:157] INFO:The element '  ' was clicked.
2020-06-22 14:49:32,868|base_page.py[line:68] INFO:Had find the element '  ' successful by xpath via value: //input[@name='identifier'] 
2020-06-22 14:49:33,451|base_page.py[line:68] INFO:Had find the element '  ' successful by xpath via value: //input[@name='identifier'] 
2020-06-22 14:49:34,006|base_page.py[line:68] INFO:Had find the element '  ' successful by xpath via value: //input[@name='identifier'] 
2020-06-22 14:49:34,337|base_page.py[line:135] INFO:Had type ' 19179063909 ' in inputBox
2020-06-22 14:49:34,896|base_page.py[line:68] INFO:Had find the element ' Save ' successful by xpath via value: //button[text()='Save'] 
2020-06-22 14:49:34,990|base_page.py[line:157] INFO:The element ' Save ' was clicked.
2020-06-22 14:49:37,775|base_page.py[line:68] INFO:Had find the element ' Business Identifier: 19179063909 updated successfully. ' successful by xpath via value: //div[@role='alert'] 
2020-06-22 14:49:38,319|base_page.py[line:223] INFO:Had find the elements successful by xpath via value: //div[@class='card']//div//h4 
2020-06-22 14:49:38,910|base_page.py[line:68] INFO:Had find the element ' Business Identifier ' successful by xpath via value: //div[@class='card']//div//h4[text()='Business Identifier'] 
2020-06-22 14:49:39,433|base_page.py[line:223] INFO:Had find the elements successful by xpath via value: //div[@class='glo-row']/div[5]//div[@class='glo-row']//div[@class='rt-tr-group'] 
2020-06-22 14:49:39,967|base_page.py[line:68] INFO:Had find the element ' State Tax ID
*******3909 ' successful by xpath via value: //div[@class='glo-row']/div[5]//div[@class='glo-row']//div[@class='rt-tr-group'][1]/div 
2020-06-22 14:49:40,541|base_page.py[line:68] INFO:Had find the element ' Delete ' successful by xpath via value: //div[@class='glo-row']/div[5]//button[text()=' Delete'] 
2020-06-22 14:49:40,642|base_page.py[line:157] INFO:The element ' Delete ' was clicked.
2020-06-22 14:49:41,243|base_page.py[line:68] INFO:Had find the element ' Yes, delete it! ' successful by xpath via value: //button[text()='Yes, delete it!'] 
2020-06-22 14:49:41,478|base_page.py[line:157] INFO:The element ' Yes, delete it! ' was clicked.
2020-06-22 14:49:44,039|base_page.py[line:68] INFO:Had find the element ' Business Identifier: State Tax ID deleted successfully. ' successful by xpath via value: //div[@role='alert'] 
