2020-06-22 14:36:37,844|browser_engine.py[line:27] INFO:You had select Chrome browser.
2020-06-22 14:36:37,844|browser_engine.py[line:29] INFO:The test server url is: https://rralamotest.z21.web.core.windows.net/
2020-06-22 14:36:40,826|browser_engine.py[line:44] INFO:Starting Chrome browser.
2020-06-22 14:36:41,975|browser_engine.py[line:58] INFO:Maximize the current window.
2020-06-22 14:37:19,680|browser_engine.py[line:61] INFO:Open url: https://rralamotest.z21.web.core.windows.net/
2020-06-22 14:37:35,342|base_page.py[line:70] ERROR:TimeoutException: selector by xpath ,value xpath=>//div[@class='localAccount']//div[@class='intro']/h2
2020-06-22 14:37:36,910|base_page.py[line:68] INFO:Had find the element ' Sign in with your existing account ' successful by xpath via value: //div[@class='localAccount']//div[@class='intro']/h2 
2020-06-22 14:37:37,459|base_page.py[line:68] INFO:Had find the element '  ' successful by id via value: logonIdentifier 
2020-06-22 14:37:37,501|base_page.py[line:145] INFO:Clear text in input box before typing.
2020-06-22 14:37:38,041|base_page.py[line:68] INFO:Had find the element '  ' successful by id via value: logonIdentifier 
2020-06-22 14:37:38,236|base_page.py[line:135] INFO:Had type ' yan.liu@an-chen.com ' in inputBox
2020-06-22 14:37:38,794|base_page.py[line:68] INFO:Had find the element '  ' successful by id via value: password 
2020-06-22 14:37:38,861|base_page.py[line:145] INFO:Clear text in input box before typing.
2020-06-22 14:37:39,395|base_page.py[line:68] INFO:Had find the element '  ' successful by id via value: password 
2020-06-22 14:37:39,693|base_page.py[line:135] INFO:Had type ' Lychan@2012 ' in inputBox
2020-06-22 14:37:40,226|base_page.py[line:68] INFO:Had find the element ' Sign in ' successful by xpath via value: //div[@class='buttons']/button[text()='Sign in'] 
2020-06-22 14:37:51,825|base_page.py[line:70] ERROR:TimeoutException: selector by xpath ,value xpath=>//div[@id='root']//div[@class='content-heading']
2020-06-22 14:37:52,377|base_page.py[line:68] INFO:Had find the element ' Welcome, yanliu ' successful by xpath via value: //div[@id='root']//div[@class='content-heading'] 
2020-06-22 14:37:52,377|login.py[line:41] INFO:login success
2020-06-22 14:38:03,262|base_page.py[line:70] ERROR:TimeoutException: selector by xpath ,value xpath=>//div[@class='card']/form//div[@id='homeGrid']/div//h2
2020-06-22 14:38:03,789|base_page.py[line:223] INFO:Had find the elements successful by xpath via value: //div[@class='card']/form//div[@id='homeGrid']/div//h2 
2020-06-22 14:38:04,463|base_page.py[line:68] INFO:Had find the element '  ' successful by xpath via value: //div[@class='card']/form//div[@id='homeGrid']/div[4]//input 
2020-06-22 14:38:04,851|base_page.py[line:135] INFO:Had type ' C000048473 ' in inputBox
2020-06-22 14:38:05,410|base_page.py[line:68] INFO:Had find the element ' Go ' successful by xpath via value: //div[@class='card']/form//div[@id='homeGrid']/div[4]/div/button 
2020-06-22 14:38:05,497|base_page.py[line:157] INFO:The element ' Go ' was clicked.
2020-06-22 14:38:05,498|homePage.py[line:50] INFO:module_name: Customers
2020-06-22 14:38:16,401|base_page.py[line:70] ERROR:TimeoutException: selector by xpath ,value xpath=>//div[@class='card']//li/a[text()='Entity']
2020-06-22 14:38:16,966|base_page.py[line:68] INFO:Had find the element ' Entity ' successful by xpath via value: //div[@class='card']//li/a[text()='Entity'] 
2020-06-22 14:38:17,146|base_page.py[line:157] INFO:The element ' Entity ' was clicked.
2020-06-22 14:38:17,679|base_page.py[line:223] INFO:Had find the elements successful by xpath via value: //div[@class='card']//div//h4 
2020-06-22 14:38:18,264|base_page.py[line:68] INFO:Had find the element ' Addresses ' successful by xpath via value: //div[@class='card']//div//h4[text()='Addresses'] 
2020-06-22 14:38:18,832|base_page.py[line:68] INFO:Had find the element ' New ' successful by xpath via value: //div[@class='glo-row']/div[2]//button[text()=' New'] 
2020-06-22 14:38:18,992|base_page.py[line:157] INFO:The element ' New ' was clicked.
2020-06-22 14:38:19,536|base_page.py[line:68] INFO:Had find the element ' Select one...
Consultant
Home
Office
Mailing
Billing-Mineral
Unknown ' successful by xpath via value: //select[@name='addressType'] 
2020-06-22 14:38:19,670|base_page.py[line:157] INFO:The element ' Select one...
Consultant
Home
Office
Mailing
Billing-Mineral
Unknown ' was clicked.
2020-06-22 14:38:20,228|base_page.py[line:68] INFO:Had find the element ' Select one...
Consultant
Home
Office
Mailing
Billing-Mineral
Unknown ' successful by xpath via value: //select[@name='addressType'] 
2020-06-22 14:38:20,882|base_page.py[line:68] INFO:Had find the element '  ' successful by xpath via value: //input[@name='address1'] 
2020-06-22 14:38:21,008|base_page.py[line:157] INFO:The element '  ' was clicked.
2020-06-22 14:38:21,536|base_page.py[line:68] INFO:Had find the element '  ' successful by xpath via value: //input[@name='address1'] 
2020-06-22 14:38:22,105|base_page.py[line:68] INFO:Had find the element '  ' successful by xpath via value: //input[@name='address1'] 
2020-06-22 14:38:22,686|base_page.py[line:68] INFO:Had find the element '  ' successful by xpath via value: //input[@name='address1'] 
2020-06-22 14:38:22,886|base_page.py[line:135] INFO:Had type ' Nmg0ge ' in inputBox
2020-06-22 14:38:23,444|base_page.py[line:68] INFO:Had find the element '  ' successful by xpath via value: //input[@name='city'] 
2020-06-22 14:38:23,542|base_page.py[line:157] INFO:The element '  ' was clicked.
2020-06-22 14:38:24,090|base_page.py[line:68] INFO:Had find the element '  ' successful by xpath via value: //input[@name='city'] 
2020-06-22 14:38:24,645|base_page.py[line:68] INFO:Had find the element '  ' successful by xpath via value: //input[@name='city'] 
2020-06-22 14:38:25,196|base_page.py[line:68] INFO:Had find the element '  ' successful by xpath via value: //input[@name='city'] 
2020-06-22 14:38:25,495|base_page.py[line:135] INFO:Had type ' EXQgDk ' in inputBox
2020-06-22 14:38:26,104|base_page.py[line:68] INFO:Had find the element ' Select one...
AK
AL
AR
AZ
CA
CO
CT
DC
DE
FL
GA
HI
IA
ID
IL
IN
KS
KY
LA
MA
MD
ME
MI
MN
MO
MS
MT
NC
ND
NE
NH
NJ
NM
NV
NY
OH
OK
OR
PA
RI
SC
SD
TN
TX
UT
VA
VT
WA
WI
WV
WY
ON
NL
BC ' successful by xpath via value: //select[@name='stateCode'] 
2020-06-22 14:38:26,274|base_page.py[line:157] INFO:The element ' Select one...
AK
AL
AR
AZ
CA
CO
CT
DC
DE
FL
GA
HI
IA
ID
IL
IN
KS
KY
LA
MA
MD
ME
MI
MN
MO
MS
MT
NC
ND
NE
NH
NJ
NM
NV
NY
OH
OK
OR
PA
RI
SC
SD
TN
TX
UT
VA
VT
WA
WI
WV
WY
ON
NL
BC ' was clicked.
2020-06-22 14:38:26,851|base_page.py[line:68] INFO:Had find the element ' Select one...
AK
AL
AR
AZ
CA
CO
CT
DC
DE
FL
GA
HI
IA
ID
IL
IN
KS
KY
LA
MA
MD
ME
MI
MN
MO
MS
MT
NC
ND
NE
NH
NJ
NM
NV
NY
OH
OK
OR
PA
RI
SC
SD
TN
TX
UT
VA
VT
WA
WI
WV
WY
ON
NL
BC ' successful by xpath via value: //select[@name='stateCode'] 
2020-06-22 14:38:27,491|base_page.py[line:68] INFO:Had find the element ' Save ' successful by xpath via value: //button[text()='Save'] 
2020-06-22 14:38:27,627|base_page.py[line:157] INFO:The element ' Save ' was clicked.
2020-06-22 14:38:30,177|base_page.py[line:68] INFO:Had find the element ' Address: Nmg0ge created successfully. ' successful by xpath via value: //div[@role='alert'] 
2020-06-22 14:38:30,705|base_page.py[line:223] INFO:Had find the elements successful by xpath via value: //div[@class='card']//div//h4 
2020-06-22 14:38:31,289|base_page.py[line:68] INFO:Had find the element ' Addresses ' successful by xpath via value: //div[@class='card']//div//h4[text()='Addresses'] 
2020-06-22 14:38:31,824|base_page.py[line:223] INFO:Had find the elements successful by xpath via value: //div[@class='glo-row']/div[2]//div[@class='glo-row']//div[@class='rt-tr-group'] 
2020-06-22 14:38:32,392|base_page.py[line:68] INFO:Had find the element ' Nmg0ge
EXQgDk
AK
Home ' successful by xpath via value: //div[@class='glo-row']/div[2]//div[@class='glo-row']//div[@class='rt-tr-group'][1]/div 
2020-06-22 14:38:32,934|base_page.py[line:68] INFO:Had find the element ' Edit ' successful by xpath via value: //div[@class='glo-row']/div[2]//button[text()=' Edit'] 
2020-06-22 14:38:33,298|base_page.py[line:157] INFO:The element ' Edit ' was clicked.
2020-06-22 14:38:33,835|base_page.py[line:68] INFO:Had find the element ' Select one...
Consultant
Home
Office
Mailing
Billing-Mineral
Unknown ' successful by xpath via value: //select[@name='addressType'] 
2020-06-22 14:38:34,004|base_page.py[line:157] INFO:The element ' Select one...
Consultant
Home
Office
Mailing
Billing-Mineral
Unknown ' was clicked.
2020-06-22 14:38:34,543|base_page.py[line:68] INFO:Had find the element ' Select one...
Consultant
Home
Office
Mailing
Billing-Mineral
Unknown ' successful by xpath via value: //select[@name='addressType'] 
2020-06-22 14:38:35,197|base_page.py[line:68] INFO:Had find the element '  ' successful by xpath via value: //input[@name='address1'] 
2020-06-22 14:38:35,393|base_page.py[line:157] INFO:The element '  ' was clicked.
2020-06-22 14:38:35,924|base_page.py[line:68] INFO:Had find the element '  ' successful by xpath via value: //input[@name='address1'] 
2020-06-22 14:38:36,490|base_page.py[line:68] INFO:Had find the element '  ' successful by xpath via value: //input[@name='address1'] 
2020-06-22 14:38:37,086|base_page.py[line:68] INFO:Had find the element '  ' successful by xpath via value: //input[@name='address1'] 
2020-06-22 14:38:37,319|base_page.py[line:135] INFO:Had type ' W8x3MG ' in inputBox
2020-06-22 14:38:37,877|base_page.py[line:68] INFO:Had find the element '  ' successful by xpath via value: //input[@name='city'] 
2020-06-22 14:38:37,958|base_page.py[line:157] INFO:The element '  ' was clicked.
2020-06-22 14:38:38,485|base_page.py[line:68] INFO:Had find the element '  ' successful by xpath via value: //input[@name='city'] 
2020-06-22 14:38:39,038|base_page.py[line:68] INFO:Had find the element '  ' successful by xpath via value: //input[@name='city'] 
2020-06-22 14:38:39,631|base_page.py[line:68] INFO:Had find the element '  ' successful by xpath via value: //input[@name='city'] 
2020-06-22 14:38:39,818|base_page.py[line:135] INFO:Had type ' 51xuUx ' in inputBox
2020-06-22 14:38:40,421|base_page.py[line:68] INFO:Had find the element ' Select one...
AK
AL
AR
AZ
CA
CO
CT
DC
DE
FL
GA
HI
IA
ID
IL
IN
KS
KY
LA
MA
MD
ME
MI
MN
MO
MS
MT
NC
ND
NE
NH
NJ
NM
NV
NY
OH
OK
OR
PA
RI
SC
SD
TN
TX
UT
VA
VT
WA
WI
WV
WY
ON
NL
BC ' successful by xpath via value: //select[@name='stateCode'] 
2020-06-22 14:38:40,590|base_page.py[line:157] INFO:The element ' Select one...
AK
AL
AR
AZ
CA
CO
CT
DC
DE
FL
GA
HI
IA
ID
IL
IN
KS
KY
LA
MA
MD
ME
MI
MN
MO
MS
MT
NC
ND
NE
NH
NJ
NM
NV
NY
OH
OK
OR
PA
RI
SC
SD
TN
TX
UT
VA
VT
WA
WI
WV
WY
ON
NL
BC ' was clicked.
2020-06-22 14:38:41,168|base_page.py[line:68] INFO:Had find the element ' Select one...
AK
AL
AR
AZ
CA
CO
CT
DC
DE
FL
GA
HI
IA
ID
IL
IN
KS
KY
LA
MA
MD
ME
MI
MN
MO
MS
MT
NC
ND
NE
NH
NJ
NM
NV
NY
OH
OK
OR
PA
RI
SC
SD
TN
TX
UT
VA
VT
WA
WI
WV
WY
ON
NL
BC ' successful by xpath via value: //select[@name='stateCode'] 
2020-06-22 14:38:41,799|base_page.py[line:68] INFO:Had find the element ' Save ' successful by xpath via value: //button[text()='Save'] 
2020-06-22 14:38:41,937|base_page.py[line:157] INFO:The element ' Save ' was clicked.
2020-06-22 14:38:44,495|base_page.py[line:68] INFO:Had find the element ' Address: W8x3MG updated successfully. ' successful by xpath via value: //div[@role='alert'] 
2020-06-22 14:38:45,030|base_page.py[line:223] INFO:Had find the elements successful by xpath via value: //div[@class='card']//div//h4 
2020-06-22 14:38:45,583|base_page.py[line:68] INFO:Had find the element ' Addresses ' successful by xpath via value: //div[@class='card']//div//h4[text()='Addresses'] 
2020-06-22 14:38:46,100|base_page.py[line:223] INFO:Had find the elements successful by xpath via value: //div[@class='glo-row']/div[2]//div[@class='glo-row']//div[@class='rt-tr-group'] 
2020-06-22 14:38:46,675|base_page.py[line:68] INFO:Had find the element ' W8x3MG
51xuUx
AZ
Office ' successful by xpath via value: //div[@class='glo-row']/div[2]//div[@class='glo-row']//div[@class='rt-tr-group'][1]/div 
2020-06-22 14:38:47,244|base_page.py[line:68] INFO:Had find the element ' Delete ' successful by xpath via value: //div[@class='glo-row']/div[2]//button[text()=' Delete'] 
2020-06-22 14:38:47,356|base_page.py[line:157] INFO:The element ' Delete ' was clicked.
2020-06-22 14:38:47,891|base_page.py[line:68] INFO:Had find the element ' Yes, delete it! ' successful by xpath via value: //button[text()='Yes, delete it!'] 
2020-06-22 14:38:47,963|base_page.py[line:157] INFO:The element ' Yes, delete it! ' was clicked.
2020-06-22 14:38:50,493|base_page.py[line:68] INFO:Had find the element ' Address: W8x3MG deleted successfully. ' successful by xpath via value: //div[@role='alert'] 
2020-06-22 14:38:51,158|base_page.py[line:223] INFO:Had find the elements successful by xpath via value: //div[@class='card']//div//h4 
2020-06-22 14:38:51,788|base_page.py[line:68] INFO:Had find the element ' Website ' successful by xpath via value: //div[@class='card']//div//h4[text()='Website'] 
2020-06-22 14:38:52,332|base_page.py[line:68] INFO:Had find the element ' New ' successful by xpath via value: //div[@class='glo-row']/div[3]//button[text()=' New'] 
2020-06-22 14:38:52,474|base_page.py[line:157] INFO:The element ' New ' was clicked.
2020-06-22 14:38:53,030|base_page.py[line:68] INFO:Had find the element '  ' successful by xpath via value: //input[@name='url'] 
2020-06-22 14:38:53,159|base_page.py[line:157] INFO:The element '  ' was clicked.
2020-06-22 14:38:53,682|base_page.py[line:68] INFO:Had find the element '  ' successful by xpath via value: //input[@name='url'] 
2020-06-22 14:38:54,246|base_page.py[line:68] INFO:Had find the element '  ' successful by xpath via value: //input[@name='url'] 
2020-06-22 14:38:54,813|base_page.py[line:68] INFO:Had find the element '  ' successful by xpath via value: //input[@name='url'] 
2020-06-22 14:38:55,254|base_page.py[line:135] INFO:Had type ' http://www.lgp8RniUSs.com ' in inputBox
2020-06-22 14:38:55,781|base_page.py[line:68] INFO:Had find the element ' Save ' successful by xpath via value: //button[text()='Save'] 
2020-06-22 14:38:55,880|base_page.py[line:157] INFO:The element ' Save ' was clicked.
2020-06-22 14:38:58,427|base_page.py[line:68] INFO:Had find the element ' Website: http://www.lgp8RniUSs.com created successfully. ' successful by xpath via value: //div[@role='alert'] 
2020-06-22 14:38:58,952|base_page.py[line:223] INFO:Had find the elements successful by xpath via value: //div[@class='card']//div//h4 
2020-06-22 14:38:59,520|base_page.py[line:68] INFO:Had find the element ' Website ' successful by xpath via value: //div[@class='card']//div//h4[text()='Website'] 
2020-06-22 14:39:00,048|base_page.py[line:223] INFO:Had find the elements successful by xpath via value: //div[@class='glo-row']/div[3]//div[@class='glo-row']//div[@class='rt-tr-group'] 
2020-06-22 14:39:00,603|base_page.py[line:68] INFO:Had find the element ' http://www.lgp8RniUSs.com ' successful by xpath via value: //div[@class='glo-row']/div[3]//div[@class='glo-row']//div[@class='rt-tr-group'][1]/div 
2020-06-22 14:39:01,159|base_page.py[line:68] INFO:Had find the element ' Edit ' successful by xpath via value: //div[@class='glo-row']/div[3]//button[text()=' Edit'] 
2020-06-22 14:39:01,314|base_page.py[line:157] INFO:The element ' Edit ' was clicked.
2020-06-22 14:39:01,868|base_page.py[line:68] INFO:Had find the element '  ' successful by xpath via value: //input[@name='url'] 
2020-06-22 14:39:01,998|base_page.py[line:157] INFO:The element '  ' was clicked.
2020-06-22 14:39:02,523|base_page.py[line:68] INFO:Had find the element '  ' successful by xpath via value: //input[@name='url'] 
2020-06-22 14:39:03,069|base_page.py[line:68] INFO:Had find the element '  ' successful by xpath via value: //input[@name='url'] 
2020-06-22 14:39:03,652|base_page.py[line:68] INFO:Had find the element '  ' successful by xpath via value: //input[@name='url'] 
2020-06-22 14:39:04,074|base_page.py[line:135] INFO:Had type ' http://www.Mjzu3xunsY.com ' in inputBox
2020-06-22 14:39:04,630|base_page.py[line:68] INFO:Had find the element ' Save ' successful by xpath via value: //button[text()='Save'] 
2020-06-22 14:39:04,713|base_page.py[line:157] INFO:The element ' Save ' was clicked.
2020-06-22 14:39:07,258|base_page.py[line:68] INFO:Had find the element ' Website: http://www.Mjzu3xunsY.com updated successfully. ' successful by xpath via value: //div[@role='alert'] 
2020-06-22 14:39:07,807|base_page.py[line:223] INFO:Had find the elements successful by xpath via value: //div[@class='card']//div//h4 
2020-06-22 14:39:08,363|base_page.py[line:68] INFO:Had find the element ' Website ' successful by xpath via value: //div[@class='card']//div//h4[text()='Website'] 
2020-06-22 14:39:08,881|base_page.py[line:223] INFO:Had find the elements successful by xpath via value: //div[@class='glo-row']/div[3]//div[@class='glo-row']//div[@class='rt-tr-group'] 
2020-06-22 14:39:09,429|base_page.py[line:68] INFO:Had find the element ' http://www.Mjzu3xunsY.com ' successful by xpath via value: //div[@class='glo-row']/div[3]//div[@class='glo-row']//div[@class='rt-tr-group'][1]/div 
2020-06-22 14:39:09,981|base_page.py[line:68] INFO:Had find the element ' Delete ' successful by xpath via value: //div[@class='glo-row']/div[3]//button[text()=' Delete'] 
2020-06-22 14:39:10,069|base_page.py[line:157] INFO:The element ' Delete ' was clicked.
2020-06-22 14:39:10,603|base_page.py[line:68] INFO:Had find the element ' Yes, delete it! ' successful by xpath via value: //button[text()='Yes, delete it!'] 
2020-06-22 14:39:10,669|base_page.py[line:157] INFO:The element ' Yes, delete it! ' was clicked.
2020-06-22 14:39:13,206|base_page.py[line:68] INFO:Had find the element ' Website: http://www.Mjzu3xunsY.com deleted successfully. ' successful by xpath via value: //div[@role='alert'] 
2020-06-22 14:39:13,735|base_page.py[line:223] INFO:Had find the elements successful by xpath via value: //div[@class='card']//div//h4 
2020-06-22 14:39:14,338|base_page.py[line:68] INFO:Had find the element ' Doing Business As (DBA) ' successful by xpath via value: //div[@class='card']//div//h4[text()='Doing Business As (DBA)'] 
2020-06-22 14:39:14,889|base_page.py[line:68] INFO:Had find the element ' New ' successful by xpath via value: //div[@class='glo-row']/div[4]//button[text()=' New'] 
2020-06-22 14:39:15,022|base_page.py[line:157] INFO:The element ' New ' was clicked.
2020-06-22 14:39:15,558|base_page.py[line:68] INFO:Had find the element '  ' successful by xpath via value: //input[@name='alias'] 
2020-06-22 14:39:15,692|base_page.py[line:157] INFO:The element '  ' was clicked.
2020-06-22 14:39:16,217|base_page.py[line:68] INFO:Had find the element '  ' successful by xpath via value: //input[@name='alias'] 
2020-06-22 14:39:16,766|base_page.py[line:68] INFO:Had find the element '  ' successful by xpath via value: //input[@name='alias'] 
2020-06-22 14:39:17,303|base_page.py[line:68] INFO:Had find the element '  ' successful by xpath via value: //input[@name='alias'] 
2020-06-22 14:39:17,651|base_page.py[line:135] INFO:Had type ' jejRPAQIS8EhQRXknoQL ' in inputBox
2020-06-22 14:39:18,209|base_page.py[line:68] INFO:Had find the element ' Save ' successful by xpath via value: //button[text()='Save'] 
2020-06-22 14:39:18,284|base_page.py[line:157] INFO:The element ' Save ' was clicked.
2020-06-22 14:39:20,827|base_page.py[line:68] INFO:Had find the element ' Doing Business As DBA: jejRPAQIS8EhQRXknoQL created successfully. ' successful by xpath via value: //div[@role='alert'] 
2020-06-22 14:39:21,355|base_page.py[line:223] INFO:Had find the elements successful by xpath via value: //div[@class='card']//div//h4 
2020-06-22 14:39:21,929|base_page.py[line:68] INFO:Had find the element ' Doing Business As (DBA) ' successful by xpath via value: //div[@class='card']//div//h4[text()='Doing Business As (DBA)'] 
2020-06-22 14:39:22,471|base_page.py[line:223] INFO:Had find the elements successful by xpath via value: //div[@class='glo-row']/div[4]//div[@class='glo-row']//div[@class='rt-tr-group'] 
2020-06-22 14:39:23,032|base_page.py[line:68] INFO:Had find the element ' jejRPAQIS8EhQRXknoQL ' successful by xpath via value: //div[@class='glo-row']/div[4]//div[@class='glo-row']//div[@class='rt-tr-group'][1]/div 
2020-06-22 14:39:23,589|base_page.py[line:68] INFO:Had find the element ' Edit ' successful by xpath via value: //div[@class='glo-row']/div[4]//button[text()=' Edit'] 
2020-06-22 14:39:23,734|base_page.py[line:157] INFO:The element ' Edit ' was clicked.
2020-06-22 14:39:24,263|base_page.py[line:68] INFO:Had find the element '  ' successful by xpath via value: //input[@name='alias'] 
2020-06-22 14:39:24,378|base_page.py[line:157] INFO:The element '  ' was clicked.
2020-06-22 14:39:24,902|base_page.py[line:68] INFO:Had find the element '  ' successful by xpath via value: //input[@name='alias'] 
2020-06-22 14:39:25,468|base_page.py[line:68] INFO:Had find the element '  ' successful by xpath via value: //input[@name='alias'] 
2020-06-22 14:39:26,040|base_page.py[line:68] INFO:Had find the element '  ' successful by xpath via value: //input[@name='alias'] 
2020-06-22 14:39:26,352|base_page.py[line:135] INFO:Had type ' VdD0p5gxzkDAORXrKjIm ' in inputBox
2020-06-22 14:39:26,901|base_page.py[line:68] INFO:Had find the element ' Save ' successful by xpath via value: //button[text()='Save'] 
2020-06-22 14:39:27,005|base_page.py[line:157] INFO:The element ' Save ' was clicked.
2020-06-22 14:39:29,553|base_page.py[line:68] INFO:Had find the element ' Doing Business As DBA: VdD0p5gxzkDAORXrKjIm updated successfully. ' successful by xpath via value: //div[@role='alert'] 
2020-06-22 14:39:30,078|base_page.py[line:223] INFO:Had find the elements successful by xpath via value: //div[@class='card']//div//h4 
2020-06-22 14:39:30,668|base_page.py[line:68] INFO:Had find the element ' Doing Business As (DBA) ' successful by xpath via value: //div[@class='card']//div//h4[text()='Doing Business As (DBA)'] 
2020-06-22 14:39:31,191|base_page.py[line:223] INFO:Had find the elements successful by xpath via value: //div[@class='glo-row']/div[4]//div[@class='glo-row']//div[@class='rt-tr-group'] 
2020-06-22 14:39:31,743|base_page.py[line:68] INFO:Had find the element ' VdD0p5gxzkDAORXrKjIm ' successful by xpath via value: //div[@class='glo-row']/div[4]//div[@class='glo-row']//div[@class='rt-tr-group'][1]/div 
2020-06-22 14:39:32,290|base_page.py[line:68] INFO:Had find the element ' Delete ' successful by xpath via value: //div[@class='glo-row']/div[4]//button[text()=' Delete'] 
2020-06-22 14:39:32,390|base_page.py[line:157] INFO:The element ' Delete ' was clicked.
2020-06-22 14:39:32,922|base_page.py[line:68] INFO:Had find the element ' Yes, delete it! ' successful by xpath via value: //button[text()='Yes, delete it!'] 
2020-06-22 14:39:32,994|base_page.py[line:157] INFO:The element ' Yes, delete it! ' was clicked.
2020-06-22 14:39:35,541|base_page.py[line:68] INFO:Had find the element ' DBA: VdD0p5gxzkDAORXrKjIm deleted successfully. ' successful by xpath via value: //div[@role='alert'] 
2020-06-22 14:39:36,068|base_page.py[line:223] INFO:Had find the elements successful by xpath via value: //div[@class='card']//div//h4 
2020-06-22 14:39:36,671|base_page.py[line:68] INFO:Had find the element ' Business Identifier ' successful by xpath via value: //div[@class='card']//div//h4[text()='Business Identifier'] 
2020-06-22 14:39:37,224|base_page.py[line:68] INFO:Had find the element ' New ' successful by xpath via value: //div[@class='glo-row']/div[5]//button[text()=' New'] 
2020-06-22 14:39:37,380|base_page.py[line:157] INFO:The element ' New ' was clicked.
2020-06-22 14:39:37,924|base_page.py[line:68] INFO:Had find the element ' Select one...
BAN
SSN
Federal EIN
Agency ID
State Tax ID
Internal GLO ID
Unknown ' successful by xpath via value: //select[@name='name'] 
2020-06-22 14:39:38,077|base_page.py[line:157] INFO:The element ' Select one...
BAN
SSN
Federal EIN
Agency ID
State Tax ID
Internal GLO ID
Unknown ' was clicked.
2020-06-22 14:39:38,609|base_page.py[line:68] INFO:Had find the element ' Select one...
BAN
SSN
Federal EIN
Agency ID
State Tax ID
Internal GLO ID
Unknown ' successful by xpath via value: //select[@name='name'] 
2020-06-22 14:39:39,282|base_page.py[line:68] INFO:Had find the element '  ' successful by xpath via value: //input[@name='identifier'] 
2020-06-22 14:39:39,406|base_page.py[line:157] INFO:The element '  ' was clicked.
2020-06-22 14:39:39,978|base_page.py[line:68] INFO:Had find the element '  ' successful by xpath via value: //input[@name='identifier'] 
2020-06-22 14:39:40,543|base_page.py[line:68] INFO:Had find the element '  ' successful by xpath via value: //input[@name='identifier'] 
2020-06-22 14:39:41,100|base_page.py[line:68] INFO:Had find the element '  ' successful by xpath via value: //input[@name='identifier'] 
2020-06-22 14:39:41,369|base_page.py[line:135] INFO:Had type ' 935285546 ' in inputBox
2020-06-22 14:39:41,899|base_page.py[line:68] INFO:Had find the element ' Save ' successful by xpath via value: //button[text()='Save'] 
2020-06-22 14:39:41,993|base_page.py[line:157] INFO:The element ' Save ' was clicked.
2020-06-22 14:39:44,530|base_page.py[line:68] INFO:Had find the element ' Business Identifier: 935285546 created successfully. ' successful by xpath via value: //div[@role='alert'] 
2020-06-22 14:39:45,058|base_page.py[line:223] INFO:Had find the elements successful by xpath via value: //div[@class='card']//div//h4 
2020-06-22 14:39:45,662|base_page.py[line:68] INFO:Had find the element ' Business Identifier ' successful by xpath via value: //div[@class='card']//div//h4[text()='Business Identifier'] 
2020-06-22 14:39:46,211|base_page.py[line:223] INFO:Had find the elements successful by xpath via value: //div[@class='glo-row']/div[5]//div[@class='glo-row']//div[@class='rt-tr-group'] 
2020-06-22 14:39:46,754|base_page.py[line:68] INFO:Had find the element ' SSN
*****5546 ' successful by xpath via value: //div[@class='glo-row']/div[5]//div[@class='glo-row']//div[@class='rt-tr-group'][1]/div 
2020-06-22 14:39:47,311|base_page.py[line:68] INFO:Had find the element ' Edit ' successful by xpath via value: //div[@class='glo-row']/div[5]//button[text()=' Edit'] 
2020-06-22 14:39:47,510|base_page.py[line:157] INFO:The element ' Edit ' was clicked.
2020-06-22 14:39:48,048|base_page.py[line:68] INFO:Had find the element ' Select one...
BAN
SSN
Federal EIN
Agency ID
State Tax ID
Internal GLO ID
Unknown ' successful by xpath via value: //select[@name='name'] 
2020-06-22 14:39:48,216|base_page.py[line:157] INFO:The element ' Select one...
BAN
SSN
Federal EIN
Agency ID
State Tax ID
Internal GLO ID
Unknown ' was clicked.
2020-06-22 14:39:48,764|base_page.py[line:68] INFO:Had find the element ' Select one...
BAN
SSN
Federal EIN
Agency ID
State Tax ID
Internal GLO ID
Unknown ' successful by xpath via value: //select[@name='name'] 
2020-06-22 14:39:49,415|base_page.py[line:68] INFO:Had find the element '  ' successful by xpath via value: //input[@name='identifier'] 
2020-06-22 14:39:49,613|base_page.py[line:157] INFO:The element '  ' was clicked.
2020-06-22 14:39:50,135|base_page.py[line:68] INFO:Had find the element '  ' successful by xpath via value: //input[@name='identifier'] 
2020-06-22 14:39:50,728|base_page.py[line:68] INFO:Had find the element '  ' successful by xpath via value: //input[@name='identifier'] 
2020-06-22 14:39:51,315|base_page.py[line:68] INFO:Had find the element '  ' successful by xpath via value: //input[@name='identifier'] 
2020-06-22 14:39:51,537|base_page.py[line:135] INFO:Had type ' 163467639 ' in inputBox
2020-06-22 14:39:52,080|base_page.py[line:68] INFO:Had find the element ' Save ' successful by xpath via value: //button[text()='Save'] 
2020-06-22 14:39:52,168|base_page.py[line:157] INFO:The element ' Save ' was clicked.
2020-06-22 14:40:05,133|base_page.py[line:70] ERROR:TimeoutException: selector by xpath ,value //div[@role='alert']
2020-06-22 14:40:05,133|base_page.py[line:123] ERROR:NoSuchElement selector_by: xpath, selector: //div[@role='alert'] 
2020-06-22 14:40:05,674|base_page.py[line:223] INFO:Had find the elements successful by xpath via value: //div[@class='card']//div//h4 
2020-06-22 14:40:06,299|base_page.py[line:68] INFO:Had find the element ' Business Identifier ' successful by xpath via value: //div[@class='card']//div//h4[text()='Business Identifier'] 
2020-06-22 14:40:06,864|base_page.py[line:223] INFO:Had find the elements successful by xpath via value: //div[@class='glo-row']/div[5]//div[@class='glo-row']//div[@class='rt-tr-group'] 
2020-06-22 14:40:07,569|base_page.py[line:68] INFO:Had find the element ' SSN
*****5546 ' successful by xpath via value: //div[@class='glo-row']/div[5]//div[@class='glo-row']//div[@class='rt-tr-group'][1]/div 
2020-06-22 14:40:08,223|base_page.py[line:68] INFO:Had find the element ' Delete ' successful by xpath via value: //div[@class='glo-row']/div[5]//button[text()=' Delete'] 
