2020-06-22 14:41:27,832|browser_engine.py[line:27] INFO:You had select Chrome browser.
2020-06-22 14:41:27,833|browser_engine.py[line:29] INFO:The test server url is: https://rralamotest.z21.web.core.windows.net/
2020-06-22 14:41:31,156|browser_engine.py[line:44] INFO:Starting Chrome browser.
2020-06-22 14:41:32,290|browser_engine.py[line:58] INFO:Maximize the current window.
2020-06-22 14:42:12,182|browser_engine.py[line:61] INFO:Open url: https://rralamotest.z21.web.core.windows.net/
2020-06-22 14:42:22,844|base_page.py[line:70] ERROR:TimeoutException: selector by xpath ,value xpath=>//div[@class='localAccount']//div[@class='intro']/h2
2020-06-22 14:42:23,386|base_page.py[line:68] INFO:Had find the element ' Sign in with your existing account ' successful by xpath via value: //div[@class='localAccount']//div[@class='intro']/h2 
2020-06-22 14:42:23,980|base_page.py[line:68] INFO:Had find the element '  ' successful by id via value: logonIdentifier 
2020-06-22 14:42:24,033|base_page.py[line:145] INFO:Clear text in input box before typing.
2020-06-22 14:42:24,575|base_page.py[line:68] INFO:Had find the element '  ' successful by id via value: logonIdentifier 
2020-06-22 14:42:25,377|base_page.py[line:135] INFO:Had type ' yan.liu@an-chen.com ' in inputBox
2020-06-22 14:42:25,916|base_page.py[line:68] INFO:Had find the element '  ' successful by id via value: password 
2020-06-22 14:42:25,966|base_page.py[line:145] INFO:Clear text in input box before typing.
2020-06-22 14:42:26,544|base_page.py[line:68] INFO:Had find the element '  ' successful by id via value: password 
2020-06-22 14:42:27,060|base_page.py[line:135] INFO:Had type ' Lychan@2012 ' in inputBox
2020-06-22 14:42:27,602|base_page.py[line:68] INFO:Had find the element ' Sign in ' successful by xpath via value: //div[@class='buttons']/button[text()='Sign in'] 
2020-06-22 14:42:38,423|base_page.py[line:70] ERROR:TimeoutException: selector by xpath ,value xpath=>//div[@id='root']//div[@class='content-heading']
2020-06-22 14:42:38,955|base_page.py[line:68] INFO:Had find the element ' Welcome, yanliu ' successful by xpath via value: //div[@id='root']//div[@class='content-heading'] 
2020-06-22 14:42:38,956|login.py[line:41] INFO:login success
2020-06-22 14:42:49,879|base_page.py[line:70] ERROR:TimeoutException: selector by xpath ,value xpath=>//div[@class='card']/form//div[@id='homeGrid']/div//h2
2020-06-22 14:42:50,410|base_page.py[line:223] INFO:Had find the elements successful by xpath via value: //div[@class='card']/form//div[@id='homeGrid']/div//h2 
2020-06-22 14:42:51,068|base_page.py[line:68] INFO:Had find the element '  ' successful by xpath via value: //div[@class='card']/form//div[@id='homeGrid']/div[4]//input 
2020-06-22 14:42:51,267|base_page.py[line:135] INFO:Had type ' C000048473 ' in inputBox
2020-06-22 14:42:51,824|base_page.py[line:68] INFO:Had find the element ' Go ' successful by xpath via value: //div[@class='card']/form//div[@id='homeGrid']/div[4]/div/button 
2020-06-22 14:42:51,894|base_page.py[line:157] INFO:The element ' Go ' was clicked.
2020-06-22 14:42:51,894|homePage.py[line:50] INFO:module_name: Customers
2020-06-22 14:43:02,747|base_page.py[line:225] ERROR:TimeoutException: selector by xpath ,value //div[@class='card']//div//h4
2020-06-22 14:43:03,262|base_page.py[line:223] INFO:Had find the elements successful by xpath via value: //div[@class='card']//div//h4 
2020-06-22 14:43:03,342|customerRecord.py[line:32] INFO:sectionName Business Identifier not found!
2020-06-22 14:43:14,111|base_page.py[line:70] ERROR:TimeoutException: selector by xpath ,value //select[@name='name']
2020-06-22 14:43:14,112|base_page.py[line:123] ERROR:NoSuchElement selector_by: xpath, selector: //select[@name='name'] 
