2020-06-22 14:11:42,522|browser_engine.py[line:27] INFO:You had select Chrome browser.
2020-06-22 14:11:42,523|browser_engine.py[line:29] INFO:The test server url is: https://rralamotest.z21.web.core.windows.net/
2020-06-22 14:11:47,057|browser_engine.py[line:44] INFO:Starting Chrome browser.
2020-06-22 14:11:48,229|browser_engine.py[line:58] INFO:Maximize the current window.
2020-06-22 14:13:41,148|browser_engine.py[line:61] INFO:Open url: https://rralamotest.z21.web.core.windows.net/
2020-06-22 14:14:15,044|base_page.py[line:70] ERROR:TimeoutException: selector by xpath ,value xpath=>//div[@class='localAccount']//div[@class='intro']/h2
2020-06-22 14:14:16,861|base_page.py[line:68] INFO:Had find the element ' Sign in with your existing account ' successful by xpath via value: //div[@class='localAccount']//div[@class='intro']/h2 
2020-06-22 14:14:17,430|base_page.py[line:68] INFO:Had find the element '  ' successful by id via value: logonIdentifier 
2020-06-22 14:14:17,507|base_page.py[line:145] INFO:Clear text in input box before typing.
2020-06-22 14:14:18,037|base_page.py[line:68] INFO:Had find the element '  ' successful by id via value: logonIdentifier 
2020-06-22 14:14:18,346|base_page.py[line:135] INFO:Had type ' yan.liu@an-chen.com ' in inputBox
2020-06-22 14:14:18,994|base_page.py[line:68] INFO:Had find the element '  ' successful by id via value: password 
2020-06-22 14:14:19,193|base_page.py[line:145] INFO:Clear text in input box before typing.
2020-06-22 14:14:19,779|base_page.py[line:68] INFO:Had find the element '  ' successful by id via value: password 
2020-06-22 14:14:20,161|base_page.py[line:135] INFO:Had type ' Lychan@2012 ' in inputBox
2020-06-22 14:14:20,768|base_page.py[line:68] INFO:Had find the element ' Sign in ' successful by xpath via value: //div[@class='buttons']/button[text()='Sign in'] 
2020-06-22 14:14:31,434|base_page.py[line:70] ERROR:TimeoutException: selector by xpath ,value xpath=>//div[@id='root']//div[@class='content-heading']
2020-06-22 14:14:31,981|base_page.py[line:68] INFO:Had find the element ' Welcome, yanliu ' successful by xpath via value: //div[@id='root']//div[@class='content-heading'] 
2020-06-22 14:14:31,981|login.py[line:41] INFO:login success
2020-06-22 14:14:42,544|base_page.py[line:70] ERROR:TimeoutException: selector by xpath ,value xpath=>//div[@class='card']/form//div[@id='homeGrid']/div//h2
2020-06-22 14:14:43,083|base_page.py[line:223] INFO:Had find the elements successful by xpath via value: //div[@class='card']/form//div[@id='homeGrid']/div//h2 
2020-06-22 14:14:43,980|base_page.py[line:68] INFO:Had find the element '  ' successful by xpath via value: //div[@class='card']/form//div[@id='homeGrid']/div[4]//input 
2020-06-22 14:14:44,340|base_page.py[line:135] INFO:Had type ' C000048473 ' in inputBox
2020-06-22 14:14:44,906|base_page.py[line:68] INFO:Had find the element ' Go ' successful by xpath via value: //div[@class='card']/form//div[@id='homeGrid']/div[4]/div/button 
2020-06-22 14:14:45,042|base_page.py[line:157] INFO:The element ' Go ' was clicked.
2020-06-22 14:14:45,043|homePage.py[line:50] INFO:module_name: Customers
2020-06-22 14:14:55,569|base_page.py[line:70] ERROR:TimeoutException: selector by xpath ,value xpath=>//div[@class='card']//li/a[text()='Contacts']
2020-06-22 14:14:56,171|base_page.py[line:68] INFO:Had find the element ' Contacts ' successful by xpath via value: //div[@class='card']//li/a[text()='Contacts'] 
2020-06-22 14:14:56,443|base_page.py[line:157] INFO:The element ' Contacts ' was clicked.
2020-06-22 14:14:56,964|base_page.py[line:223] INFO:Had find the elements successful by xpath via value: //div[@class='card']//div//h4 
2020-06-22 14:14:57,680|base_page.py[line:68] INFO:Had find the element ' Email ' successful by xpath via value: //div[@class='card']//div//h4[text()='Email'] 
2020-06-22 14:14:58,265|base_page.py[line:68] INFO:Had find the element ' Page 1 of 2 --- total records: 7 ' successful by xpath via value: //span[@class='glo-table-pagination'] 
2020-06-22 14:14:58,869|base_page.py[line:68] INFO:Had find the element ' Mrs.
ShellissqqShellissqqShellissqqShellissqqShellissqq
Sr.
Coordinator ' successful by xpath via value: //div[@class='glo-row']/div[1]//div[@class='glo-row']//div[@class='rt-tr-group'][1]/div 
2020-06-22 14:14:59,456|base_page.py[line:68] INFO:Had find the element ' New ' successful by xpath via value: //div[@class='glo-row']/div[2]//button[text()=' New'] 
2020-06-22 14:14:59,856|base_page.py[line:157] INFO:The element ' New ' was clicked.
2020-06-22 14:15:00,418|base_page.py[line:68] INFO:Had find the element '  ' successful by xpath via value: //input[@name='emailAddress'] 
2020-06-22 14:15:00,558|base_page.py[line:157] INFO:The element '  ' was clicked.
2020-06-22 14:15:01,095|base_page.py[line:68] INFO:Had find the element '  ' successful by xpath via value: //input[@name='emailAddress'] 
2020-06-22 14:15:02,307|base_page.py[line:68] INFO:Had find the element '  ' successful by xpath via value: //input[@name='emailAddress'] 
2020-06-22 14:15:02,889|base_page.py[line:68] INFO:Had find the element '  ' successful by xpath via value: //input[@name='emailAddress'] 
2020-06-22 14:15:03,417|base_page.py[line:135] INFO:Had type ' StlefLanchen.com ' in inputBox
2020-06-22 14:15:03,982|base_page.py[line:68] INFO:Had find the element ' Select one...
Personal
Business
Company
Government
Unknown ' successful by xpath via value: //select[@name='emailType'] 
2020-06-22 14:15:04,346|base_page.py[line:157] INFO:The element ' Select one...
Personal
Business
Company
Government
Unknown ' was clicked.
2020-06-22 14:15:04,948|base_page.py[line:68] INFO:Had find the element ' Select one...
Personal
Business
Company
Government
Unknown ' successful by xpath via value: //select[@name='emailType'] 
2020-06-22 14:15:05,914|base_page.py[line:68] INFO:Had find the element ' No
Yes ' successful by xpath via value: //select[@name='isPrimary'] 
2020-06-22 14:15:06,174|base_page.py[line:157] INFO:The element ' No
Yes ' was clicked.
2020-06-22 14:15:06,716|base_page.py[line:68] INFO:Had find the element ' No
Yes ' successful by xpath via value: //select[@name='isPrimary'] 
2020-06-22 14:15:07,337|base_page.py[line:68] INFO:Had find the element ' Save ' successful by xpath via value: //button[text()='Save'] 
2020-06-22 14:15:07,483|base_page.py[line:157] INFO:The element ' Save ' was clicked.
2020-06-22 14:15:20,412|base_page.py[line:70] ERROR:TimeoutException: selector by xpath ,value //div[@role='alert']
2020-06-22 14:15:20,413|base_page.py[line:123] ERROR:NoSuchElement selector_by: xpath, selector: //div[@role='alert'] 
2020-06-22 14:15:21,155|base_page.py[line:223] INFO:Had find the elements successful by xpath via value: //div[@class='card']//div//h4 
2020-06-22 14:15:22,249|base_page.py[line:68] INFO:Had find the element ' Email ' successful by xpath via value: //div[@class='card']//div//h4[text()='Email'] 
2020-06-22 14:15:22,867|base_page.py[line:68] INFO:Had find the element ' Page 1 of 2 --- total records: 7 ' successful by xpath via value: //span[@class='glo-table-pagination'] 
2020-06-22 14:15:23,540|base_page.py[line:68] INFO:Had find the element ' Mrs.
ShellissqqShellissqqShellissqqShellissqqShellissqq
Sr.
Coordinator ' successful by xpath via value: //div[@class='glo-row']/div[1]//div[@class='glo-row']//div[@class='rt-tr-group'][1]/div 
2020-06-22 14:15:34,165|base_page.py[line:225] ERROR:TimeoutException: selector by xpath ,value //div[@class='glo-row']/div[2]//div[@class='glo-row']//div[@class='rt-tr-group']
2020-06-22 14:15:34,687|base_page.py[line:223] INFO:Had find the elements successful by xpath via value: //div[@class='card']//div//h4 
2020-06-22 14:15:35,255|base_page.py[line:68] INFO:Had find the element ' Email ' successful by xpath via value: //div[@class='card']//div//h4[text()='Email'] 
2020-06-22 14:15:35,789|base_page.py[line:68] INFO:Had find the element ' Page 1 of 2 --- total records: 7 ' successful by xpath via value: //span[@class='glo-table-pagination'] 
2020-06-22 14:15:36,360|base_page.py[line:68] INFO:Had find the element ' Mrs.
ShellissqqShellissqqShellissqqShellissqqShellissqq
Sr.
Coordinator ' successful by xpath via value: //div[@class='glo-row']/div[1]//div[@class='glo-row']//div[@class='rt-tr-group'][1]/div 
