2020-06-22 14:07:58,923|browser_engine.py[line:27] INFO:You had select Chrome browser.
2020-06-22 14:07:58,924|browser_engine.py[line:29] INFO:The test server url is: https://rralamotest.z21.web.core.windows.net/
2020-06-22 14:08:03,555|browser_engine.py[line:44] INFO:Starting Chrome browser.
2020-06-22 14:08:04,800|browser_engine.py[line:58] INFO:Maximize the current window.
2020-06-22 14:08:58,548|browser_engine.py[line:61] INFO:Open url: https://rralamotest.z21.web.core.windows.net/
2020-06-22 14:09:09,420|base_page.py[line:70] ERROR:TimeoutException: selector by xpath ,value xpath=>//div[@class='localAccount']//div[@class='intro']/h2
2020-06-22 14:09:09,974|base_page.py[line:68] INFO:Had find the element ' Sign in with your existing account ' successful by xpath via value: //div[@class='localAccount']//div[@class='intro']/h2 
2020-06-22 14:09:10,631|base_page.py[line:68] INFO:Had find the element '  ' successful by id via value: logonIdentifier 
2020-06-22 14:09:10,899|base_page.py[line:145] INFO:Clear text in input box before typing.
2020-06-22 14:09:11,440|base_page.py[line:68] INFO:Had find the element '  ' successful by id via value: logonIdentifier 
2020-06-22 14:09:11,649|base_page.py[line:135] INFO:Had type ' yan.liu@an-chen.com ' in inputBox
2020-06-22 14:09:12,206|base_page.py[line:68] INFO:Had find the element '  ' successful by id via value: password 
2020-06-22 14:09:12,268|base_page.py[line:145] INFO:Clear text in input box before typing.
2020-06-22 14:09:12,818|base_page.py[line:68] INFO:Had find the element '  ' successful by id via value: password 
2020-06-22 14:09:13,083|base_page.py[line:135] INFO:Had type ' Lychan@2012 ' in inputBox
2020-06-22 14:09:13,655|base_page.py[line:68] INFO:Had find the element ' Sign in ' successful by xpath via value: //div[@class='buttons']/button[text()='Sign in'] 
2020-06-22 14:09:24,367|base_page.py[line:70] ERROR:TimeoutException: selector by xpath ,value xpath=>//div[@id='root']//div[@class='content-heading']
2020-06-22 14:09:24,932|base_page.py[line:68] INFO:Had find the element ' Welcome, yanliu ' successful by xpath via value: //div[@id='root']//div[@class='content-heading'] 
2020-06-22 14:09:24,933|login.py[line:41] INFO:login success
2020-06-22 14:09:35,494|base_page.py[line:70] ERROR:TimeoutException: selector by xpath ,value xpath=>//div[@class='card']/form//div[@id='homeGrid']/div//h2
2020-06-22 14:09:36,027|base_page.py[line:223] INFO:Had find the elements successful by xpath via value: //div[@class='card']/form//div[@id='homeGrid']/div//h2 
2020-06-22 14:09:36,658|base_page.py[line:68] INFO:Had find the element '  ' successful by xpath via value: //div[@class='card']/form//div[@id='homeGrid']/div[4]//input 
2020-06-22 14:09:36,914|base_page.py[line:135] INFO:Had type ' C000048473 ' in inputBox
2020-06-22 14:09:37,473|base_page.py[line:68] INFO:Had find the element ' Go ' successful by xpath via value: //div[@class='card']/form//div[@id='homeGrid']/div[4]/div/button 
2020-06-22 14:09:37,559|base_page.py[line:157] INFO:The element ' Go ' was clicked.
2020-06-22 14:09:37,559|homePage.py[line:50] INFO:module_name: Customers
2020-06-22 14:09:48,479|base_page.py[line:70] ERROR:TimeoutException: selector by xpath ,value xpath=>//div[@class='card']//li/a[text()='Entity']
2020-06-22 14:09:49,035|base_page.py[line:68] INFO:Had find the element ' Entity ' successful by xpath via value: //div[@class='card']//li/a[text()='Entity'] 
2020-06-22 14:09:49,201|base_page.py[line:157] INFO:The element ' Entity ' was clicked.
2020-06-22 14:09:49,740|base_page.py[line:223] INFO:Had find the elements successful by xpath via value: //div[@class='card']//div//h4 
2020-06-22 14:09:50,321|base_page.py[line:68] INFO:Had find the element ' Addresses ' successful by xpath via value: //div[@class='card']//div//h4[text()='Addresses'] 
2020-06-22 14:09:50,876|base_page.py[line:68] INFO:Had find the element ' New ' successful by xpath via value: //div[@class='glo-row']/div[2]//button[text()=' New'] 
2020-06-22 14:09:51,056|base_page.py[line:157] INFO:The element ' New ' was clicked.
2020-06-22 14:09:51,603|base_page.py[line:68] INFO:Had find the element ' Select one...
Consultant
Home
Office
Mailing
Billing-Mineral
Unknown ' successful by xpath via value: //select[@name='addressType'] 
2020-06-22 14:09:51,827|base_page.py[line:157] INFO:The element ' Select one...
Consultant
Home
Office
Mailing
Billing-Mineral
Unknown ' was clicked.
2020-06-22 14:09:52,372|base_page.py[line:68] INFO:Had find the element ' Select one...
Consultant
Home
Office
Mailing
Billing-Mineral
Unknown ' successful by xpath via value: //select[@name='addressType'] 
2020-06-22 14:09:53,035|base_page.py[line:68] INFO:Had find the element '  ' successful by xpath via value: //input[@name='address1'] 
2020-06-22 14:09:53,185|base_page.py[line:157] INFO:The element '  ' was clicked.
2020-06-22 14:09:53,733|base_page.py[line:68] INFO:Had find the element '  ' successful by xpath via value: //input[@name='address1'] 
2020-06-22 14:09:54,333|base_page.py[line:68] INFO:Had find the element '  ' successful by xpath via value: //input[@name='address1'] 
2020-06-22 14:09:54,893|base_page.py[line:68] INFO:Had find the element '  ' successful by xpath via value: //input[@name='address1'] 
2020-06-22 14:09:55,122|base_page.py[line:135] INFO:Had type ' ejrq2Z ' in inputBox
2020-06-22 14:09:55,676|base_page.py[line:68] INFO:Had find the element '  ' successful by xpath via value: //input[@name='city'] 
2020-06-22 14:09:55,777|base_page.py[line:157] INFO:The element '  ' was clicked.
2020-06-22 14:09:56,322|base_page.py[line:68] INFO:Had find the element '  ' successful by xpath via value: //input[@name='city'] 
2020-06-22 14:09:56,932|base_page.py[line:68] INFO:Had find the element '  ' successful by xpath via value: //input[@name='city'] 
2020-06-22 14:09:57,563|base_page.py[line:68] INFO:Had find the element '  ' successful by xpath via value: //input[@name='city'] 
2020-06-22 14:09:58,061|base_page.py[line:135] INFO:Had type ' DhdT2w ' in inputBox
2020-06-22 14:09:58,715|base_page.py[line:68] INFO:Had find the element ' Select one...
AK
AL
AR
AZ
CA
CO
CT
DC
DE
FL
GA
HI
IA
ID
IL
IN
KS
KY
LA
MA
MD
ME
MI
MN
MO
MS
MT
NC
ND
NE
NH
NJ
NM
NV
NY
OH
OK
OR
PA
RI
SC
SD
TN
TX
UT
VA
VT
WA
WI
WV
WY
ON
NL
BC ' successful by xpath via value: //select[@name='stateCode'] 
2020-06-22 14:09:59,059|base_page.py[line:157] INFO:The element ' Select one...
AK
AL
AR
AZ
CA
CO
CT
DC
DE
FL
GA
HI
IA
ID
IL
IN
KS
KY
LA
MA
MD
ME
MI
MN
MO
MS
MT
NC
ND
NE
NH
NJ
NM
NV
NY
OH
OK
OR
PA
RI
SC
SD
TN
TX
UT
VA
VT
WA
WI
WV
WY
ON
NL
BC ' was clicked.
2020-06-22 14:09:59,721|base_page.py[line:68] INFO:Had find the element ' Select one...
AK
AL
AR
AZ
CA
CO
CT
DC
DE
FL
GA
HI
IA
ID
IL
IN
KS
KY
LA
MA
MD
ME
MI
MN
MO
MS
MT
NC
ND
NE
NH
NJ
NM
NV
NY
OH
OK
OR
PA
RI
SC
SD
TN
TX
UT
VA
VT
WA
WI
WV
WY
ON
NL
BC ' successful by xpath via value: //select[@name='stateCode'] 
2020-06-22 14:10:00,409|base_page.py[line:68] INFO:Had find the element ' Save ' successful by xpath via value: //button[text()='Save'] 
2020-06-22 14:10:00,647|base_page.py[line:157] INFO:The element ' Save ' was clicked.
2020-06-22 14:10:03,198|base_page.py[line:68] INFO:Had find the element ' Address: ejrq2Z created successfully. ' successful by xpath via value: //div[@role='alert'] 
2020-06-22 14:10:03,748|base_page.py[line:223] INFO:Had find the elements successful by xpath via value: //div[@class='card']//div//h4 
2020-06-22 14:10:04,363|base_page.py[line:68] INFO:Had find the element ' Addresses ' successful by xpath via value: //div[@class='card']//div//h4[text()='Addresses'] 
2020-06-22 14:10:04,901|base_page.py[line:223] INFO:Had find the elements successful by xpath via value: //div[@class='glo-row']/div[2]//div[@class='glo-row']//div[@class='rt-tr-group'] 
2020-06-22 14:10:05,489|base_page.py[line:68] INFO:Had find the element ' ejrq2Z
DhdT2w
AK
Home ' successful by xpath via value: //div[@class='glo-row']/div[2]//div[@class='glo-row']//div[@class='rt-tr-group'][1]/div 
2020-06-22 14:10:06,047|base_page.py[line:68] INFO:Had find the element ' Edit ' successful by xpath via value: //div[@class='glo-row']/div[2]//button[text()=' Edit'] 
2020-06-22 14:10:06,317|base_page.py[line:157] INFO:The element ' Edit ' was clicked.
2020-06-22 14:10:06,874|base_page.py[line:68] INFO:Had find the element ' Select one...
Consultant
Home
Office
Mailing
Billing-Mineral
Unknown ' successful by xpath via value: //select[@name='addressType'] 
2020-06-22 14:10:07,078|base_page.py[line:157] INFO:The element ' Select one...
Consultant
Home
Office
Mailing
Billing-Mineral
Unknown ' was clicked.
2020-06-22 14:10:07,631|base_page.py[line:68] INFO:Had find the element ' Select one...
Consultant
Home
Office
Mailing
Billing-Mineral
Unknown ' successful by xpath via value: //select[@name='addressType'] 
2020-06-22 14:10:08,320|base_page.py[line:68] INFO:Had find the element '  ' successful by xpath via value: //input[@name='address1'] 
2020-06-22 14:10:08,556|base_page.py[line:157] INFO:The element '  ' was clicked.
2020-06-22 14:10:09,084|base_page.py[line:68] INFO:Had find the element '  ' successful by xpath via value: //input[@name='address1'] 
2020-06-22 14:10:09,659|base_page.py[line:68] INFO:Had find the element '  ' successful by xpath via value: //input[@name='address1'] 
2020-06-22 14:10:10,288|base_page.py[line:68] INFO:Had find the element '  ' successful by xpath via value: //input[@name='address1'] 
2020-06-22 14:10:10,619|base_page.py[line:135] INFO:Had type ' lyKnBe ' in inputBox
2020-06-22 14:10:11,181|base_page.py[line:68] INFO:Had find the element '  ' successful by xpath via value: //input[@name='city'] 
2020-06-22 14:10:11,306|base_page.py[line:157] INFO:The element '  ' was clicked.
2020-06-22 14:10:11,854|base_page.py[line:68] INFO:Had find the element '  ' successful by xpath via value: //input[@name='city'] 
2020-06-22 14:10:12,426|base_page.py[line:68] INFO:Had find the element '  ' successful by xpath via value: //input[@name='city'] 
2020-06-22 14:10:13,005|base_page.py[line:68] INFO:Had find the element '  ' successful by xpath via value: //input[@name='city'] 
2020-06-22 14:10:13,239|base_page.py[line:135] INFO:Had type ' 23o4QH ' in inputBox
2020-06-22 14:10:13,855|base_page.py[line:68] INFO:Had find the element ' Select one...
AK
AL
AR
AZ
CA
CO
CT
DC
DE
FL
GA
HI
IA
ID
IL
IN
KS
KY
LA
MA
MD
ME
MI
MN
MO
MS
MT
NC
ND
NE
NH
NJ
NM
NV
NY
OH
OK
OR
PA
RI
SC
SD
TN
TX
UT
VA
VT
WA
WI
WV
WY
ON
NL
BC ' successful by xpath via value: //select[@name='stateCode'] 
2020-06-22 14:10:14,115|base_page.py[line:157] INFO:The element ' Select one...
AK
AL
AR
AZ
CA
CO
CT
DC
DE
FL
GA
HI
IA
ID
IL
IN
KS
KY
LA
MA
MD
ME
MI
MN
MO
MS
MT
NC
ND
NE
NH
NJ
NM
NV
NY
OH
OK
OR
PA
RI
SC
SD
TN
TX
UT
VA
VT
WA
WI
WV
WY
ON
NL
BC ' was clicked.
2020-06-22 14:10:14,728|base_page.py[line:68] INFO:Had find the element ' Select one...
AK
AL
AR
AZ
CA
CO
CT
DC
DE
FL
GA
HI
IA
ID
IL
IN
KS
KY
LA
MA
MD
ME
MI
MN
MO
MS
MT
NC
ND
NE
NH
NJ
NM
NV
NY
OH
OK
OR
PA
RI
SC
SD
TN
TX
UT
VA
VT
WA
WI
WV
WY
ON
NL
BC ' successful by xpath via value: //select[@name='stateCode'] 
2020-06-22 14:10:15,368|base_page.py[line:68] INFO:Had find the element ' Save ' successful by xpath via value: //button[text()='Save'] 
2020-06-22 14:10:15,668|base_page.py[line:157] INFO:The element ' Save ' was clicked.
2020-06-22 14:10:18,236|base_page.py[line:68] INFO:Had find the element ' Address: lyKnBe updated successfully. ' successful by xpath via value: //div[@role='alert'] 
2020-06-22 14:10:18,777|base_page.py[line:223] INFO:Had find the elements successful by xpath via value: //div[@class='card']//div//h4 
2020-06-22 14:10:19,356|base_page.py[line:68] INFO:Had find the element ' Addresses ' successful by xpath via value: //div[@class='card']//div//h4[text()='Addresses'] 
2020-06-22 14:10:19,888|base_page.py[line:223] INFO:Had find the elements successful by xpath via value: //div[@class='glo-row']/div[2]//div[@class='glo-row']//div[@class='rt-tr-group'] 
2020-06-22 14:10:20,457|base_page.py[line:68] INFO:Had find the element ' lyKnBe
23o4QH
AK
Office ' successful by xpath via value: //div[@class='glo-row']/div[2]//div[@class='glo-row']//div[@class='rt-tr-group'][1]/div 
2020-06-22 14:10:21,019|base_page.py[line:68] INFO:Had find the element ' Delete ' successful by xpath via value: //div[@class='glo-row']/div[2]//button[text()=' Delete'] 
2020-06-22 14:10:21,137|base_page.py[line:157] INFO:The element ' Delete ' was clicked.
2020-06-22 14:10:21,721|base_page.py[line:68] INFO:Had find the element ' Yes, delete it! ' successful by xpath via value: //button[text()='Yes, delete it!'] 
2020-06-22 14:10:21,842|base_page.py[line:157] INFO:The element ' Yes, delete it! ' was clicked.
2020-06-22 14:10:24,400|base_page.py[line:68] INFO:Had find the element ' Address: lyKnBe deleted successfully. ' successful by xpath via value: //div[@role='alert'] 
2020-06-22 14:10:24,933|base_page.py[line:223] INFO:Had find the elements successful by xpath via value: //div[@class='card']//div//h4 
2020-06-22 14:10:25,517|base_page.py[line:68] INFO:Had find the element ' Website ' successful by xpath via value: //div[@class='card']//div//h4[text()='Website'] 
2020-06-22 14:10:26,098|base_page.py[line:68] INFO:Had find the element ' New ' successful by xpath via value: //div[@class='glo-row']/div[3]//button[text()=' New'] 
2020-06-22 14:10:26,287|base_page.py[line:157] INFO:The element ' New ' was clicked.
2020-06-22 14:10:26,858|base_page.py[line:68] INFO:Had find the element '  ' successful by xpath via value: //input[@name='url'] 
2020-06-22 14:10:27,137|base_page.py[line:157] INFO:The element '  ' was clicked.
2020-06-22 14:10:27,671|base_page.py[line:68] INFO:Had find the element '  ' successful by xpath via value: //input[@name='url'] 
2020-06-22 14:10:28,241|base_page.py[line:68] INFO:Had find the element '  ' successful by xpath via value: //input[@name='url'] 
2020-06-22 14:10:28,793|base_page.py[line:68] INFO:Had find the element '  ' successful by xpath via value: //input[@name='url'] 
2020-06-22 14:10:29,219|base_page.py[line:135] INFO:Had type ' http://www.F4232Q.com ' in inputBox
2020-06-22 14:10:29,772|base_page.py[line:68] INFO:Had find the element ' Save ' successful by xpath via value: //button[text()='Save'] 
2020-06-22 14:10:29,864|base_page.py[line:157] INFO:The element ' Save ' was clicked.
2020-06-22 14:10:32,420|base_page.py[line:68] INFO:Had find the element ' Website: http://www.F4232Q.com created successfully. ' successful by xpath via value: //div[@role='alert'] 
2020-06-22 14:10:32,950|base_page.py[line:223] INFO:Had find the elements successful by xpath via value: //div[@class='card']//div//h4 
2020-06-22 14:10:33,556|base_page.py[line:68] INFO:Had find the element ' Website ' successful by xpath via value: //div[@class='card']//div//h4[text()='Website'] 
2020-06-22 14:10:34,107|base_page.py[line:223] INFO:Had find the elements successful by xpath via value: //div[@class='glo-row']/div[3]//div[@class='glo-row']//div[@class='rt-tr-group'] 
2020-06-22 14:10:34,671|base_page.py[line:68] INFO:Had find the element ' http://www.F4232Q.com ' successful by xpath via value: //div[@class='glo-row']/div[3]//div[@class='glo-row']//div[@class='rt-tr-group'][1]/div 
2020-06-22 14:10:35,258|base_page.py[line:68] INFO:Had find the element ' Edit ' successful by xpath via value: //div[@class='glo-row']/div[3]//button[text()=' Edit'] 
2020-06-22 14:10:35,439|base_page.py[line:157] INFO:The element ' Edit ' was clicked.
2020-06-22 14:10:35,981|base_page.py[line:68] INFO:Had find the element '  ' successful by xpath via value: //input[@name='url'] 
2020-06-22 14:10:36,133|base_page.py[line:157] INFO:The element '  ' was clicked.
2020-06-22 14:10:36,687|base_page.py[line:68] INFO:Had find the element '  ' successful by xpath via value: //input[@name='url'] 
2020-06-22 14:10:37,252|base_page.py[line:68] INFO:Had find the element '  ' successful by xpath via value: //input[@name='url'] 
2020-06-22 14:10:37,841|base_page.py[line:68] INFO:Had find the element '  ' successful by xpath via value: //input[@name='url'] 
2020-06-22 14:10:38,200|base_page.py[line:135] INFO:Had type ' http://www.EeSnue.com ' in inputBox
2020-06-22 14:10:38,756|base_page.py[line:68] INFO:Had find the element ' Save ' successful by xpath via value: //button[text()='Save'] 
2020-06-22 14:10:38,847|base_page.py[line:157] INFO:The element ' Save ' was clicked.
2020-06-22 14:10:41,381|base_page.py[line:68] INFO:Had find the element ' Website: http://www.EeSnue.com updated successfully. ' successful by xpath via value: //div[@role='alert'] 
2020-06-22 14:10:41,906|base_page.py[line:223] INFO:Had find the elements successful by xpath via value: //div[@class='card']//div//h4 
2020-06-22 14:10:42,490|base_page.py[line:68] INFO:Had find the element ' Website ' successful by xpath via value: //div[@class='card']//div//h4[text()='Website'] 
2020-06-22 14:10:43,010|base_page.py[line:223] INFO:Had find the elements successful by xpath via value: //div[@class='glo-row']/div[3]//div[@class='glo-row']//div[@class='rt-tr-group'] 
2020-06-22 14:10:43,565|base_page.py[line:68] INFO:Had find the element ' http://www.EeSnue.com ' successful by xpath via value: //div[@class='glo-row']/div[3]//div[@class='glo-row']//div[@class='rt-tr-group'][1]/div 
2020-06-22 14:10:44,126|base_page.py[line:68] INFO:Had find the element ' Delete ' successful by xpath via value: //div[@class='glo-row']/div[3]//button[text()=' Delete'] 
2020-06-22 14:10:44,242|base_page.py[line:157] INFO:The element ' Delete ' was clicked.
2020-06-22 14:10:44,782|base_page.py[line:68] INFO:Had find the element ' Yes, delete it! ' successful by xpath via value: //button[text()='Yes, delete it!'] 
2020-06-22 14:10:44,865|base_page.py[line:157] INFO:The element ' Yes, delete it! ' was clicked.
2020-06-22 14:10:47,405|base_page.py[line:68] INFO:Had find the element ' Website: http://www.EeSnue.com deleted successfully. ' successful by xpath via value: //div[@role='alert'] 
2020-06-22 14:10:48,033|base_page.py[line:223] INFO:Had find the elements successful by xpath via value: //div[@class='card']//div//h4 
2020-06-22 14:10:48,710|base_page.py[line:68] INFO:Had find the element ' Doing Business As (DBA) ' successful by xpath via value: //div[@class='card']//div//h4[text()='Doing Business As (DBA)'] 
2020-06-22 14:10:49,283|base_page.py[line:68] INFO:Had find the element ' New ' successful by xpath via value: //div[@class='glo-row']/div[4]//button[text()=' New'] 
2020-06-22 14:10:49,450|base_page.py[line:157] INFO:The element ' New ' was clicked.
2020-06-22 14:10:50,032|base_page.py[line:68] INFO:Had find the element '  ' successful by xpath via value: //input[@name='alias'] 
2020-06-22 14:10:50,173|base_page.py[line:157] INFO:The element '  ' was clicked.
2020-06-22 14:10:50,748|base_page.py[line:68] INFO:Had find the element '  ' successful by xpath via value: //input[@name='alias'] 
2020-06-22 14:10:51,318|base_page.py[line:68] INFO:Had find the element '  ' successful by xpath via value: //input[@name='alias'] 
2020-06-22 14:10:51,879|base_page.py[line:68] INFO:Had find the element '  ' successful by xpath via value: //input[@name='alias'] 
2020-06-22 14:10:52,052|base_page.py[line:135] INFO:Had type ' nE0jqywz ' in inputBox
2020-06-22 14:10:52,600|base_page.py[line:68] INFO:Had find the element ' Save ' successful by xpath via value: //button[text()='Save'] 
2020-06-22 14:10:52,683|base_page.py[line:157] INFO:The element ' Save ' was clicked.
2020-06-22 14:10:55,237|base_page.py[line:68] INFO:Had find the element ' Doing Business As DBA: nE0jqywz created successfully. ' successful by xpath via value: //div[@role='alert'] 
2020-06-22 14:10:55,777|base_page.py[line:223] INFO:Had find the elements successful by xpath via value: //div[@class='card']//div//h4 
2020-06-22 14:10:56,382|base_page.py[line:68] INFO:Had find the element ' Doing Business As (DBA) ' successful by xpath via value: //div[@class='card']//div//h4[text()='Doing Business As (DBA)'] 
2020-06-22 14:10:56,929|base_page.py[line:223] INFO:Had find the elements successful by xpath via value: //div[@class='glo-row']/div[4]//div[@class='glo-row']//div[@class='rt-tr-group'] 
2020-06-22 14:10:57,474|base_page.py[line:68] INFO:Had find the element ' nE0jqywz ' successful by xpath via value: //div[@class='glo-row']/div[4]//div[@class='glo-row']//div[@class='rt-tr-group'][1]/div 
2020-06-22 14:10:58,024|base_page.py[line:68] INFO:Had find the element ' Edit ' successful by xpath via value: //div[@class='glo-row']/div[4]//button[text()=' Edit'] 
2020-06-22 14:10:58,198|base_page.py[line:157] INFO:The element ' Edit ' was clicked.
2020-06-22 14:10:58,732|base_page.py[line:68] INFO:Had find the element '  ' successful by xpath via value: //input[@name='alias'] 
2020-06-22 14:10:58,889|base_page.py[line:157] INFO:The element '  ' was clicked.
2020-06-22 14:10:59,433|base_page.py[line:68] INFO:Had find the element '  ' successful by xpath via value: //input[@name='alias'] 
2020-06-22 14:11:00,007|base_page.py[line:68] INFO:Had find the element '  ' successful by xpath via value: //input[@name='alias'] 
2020-06-22 14:11:00,579|base_page.py[line:68] INFO:Had find the element '  ' successful by xpath via value: //input[@name='alias'] 
2020-06-22 14:11:00,753|base_page.py[line:135] INFO:Had type ' RFMBlfiw ' in inputBox
2020-06-22 14:11:01,301|base_page.py[line:68] INFO:Had find the element ' Save ' successful by xpath via value: //button[text()='Save'] 
2020-06-22 14:11:01,382|base_page.py[line:157] INFO:The element ' Save ' was clicked.
2020-06-22 14:11:03,915|base_page.py[line:68] INFO:Had find the element ' Doing Business As DBA: RFMBlfiw updated successfully. ' successful by xpath via value: //div[@role='alert'] 
2020-06-22 14:11:04,443|base_page.py[line:223] INFO:Had find the elements successful by xpath via value: //div[@class='card']//div//h4 
2020-06-22 14:11:05,045|base_page.py[line:68] INFO:Had find the element ' Doing Business As (DBA) ' successful by xpath via value: //div[@class='card']//div//h4[text()='Doing Business As (DBA)'] 
2020-06-22 14:11:05,568|base_page.py[line:223] INFO:Had find the elements successful by xpath via value: //div[@class='glo-row']/div[4]//div[@class='glo-row']//div[@class='rt-tr-group'] 
2020-06-22 14:11:06,106|base_page.py[line:68] INFO:Had find the element ' RFMBlfiw ' successful by xpath via value: //div[@class='glo-row']/div[4]//div[@class='glo-row']//div[@class='rt-tr-group'][1]/div 
2020-06-22 14:11:06,671|base_page.py[line:68] INFO:Had find the element ' Delete ' successful by xpath via value: //div[@class='glo-row']/div[4]//button[text()=' Delete'] 
2020-06-22 14:11:06,832|base_page.py[line:157] INFO:The element ' Delete ' was clicked.
2020-06-22 14:11:07,374|base_page.py[line:68] INFO:Had find the element ' Yes, delete it! ' successful by xpath via value: //button[text()='Yes, delete it!'] 
2020-06-22 14:11:07,453|base_page.py[line:157] INFO:The element ' Yes, delete it! ' was clicked.
2020-06-22 14:11:09,991|base_page.py[line:68] INFO:Had find the element ' DBA: RFMBlfiw deleted successfully. ' successful by xpath via value: //div[@role='alert'] 
2020-06-22 14:11:10,526|base_page.py[line:223] INFO:Had find the elements successful by xpath via value: //div[@class='card']//div//h4 
2020-06-22 14:11:11,161|base_page.py[line:68] INFO:Had find the element ' Business Identifier ' successful by xpath via value: //div[@class='card']//div//h4[text()='Business Identifier'] 
2020-06-22 14:11:11,723|base_page.py[line:68] INFO:Had find the element ' New ' successful by xpath via value: //div[@class='glo-row']/div[5]//button[text()=' New'] 
2020-06-22 14:11:11,903|base_page.py[line:157] INFO:The element ' New ' was clicked.
2020-06-22 14:11:12,611|base_page.py[line:68] INFO:Had find the element ' Select one...
BAN
SSN
Federal EIN
Agency ID
State Tax ID
Internal GLO ID
Unknown ' successful by xpath via value: //select[@name='name'] 
2020-06-22 14:11:12,770|base_page.py[line:157] INFO:The element ' Select one...
BAN
SSN
Federal EIN
Agency ID
State Tax ID
Internal GLO ID
Unknown ' was clicked.
2020-06-22 14:11:13,309|base_page.py[line:68] INFO:Had find the element ' Select one...
BAN
SSN
Federal EIN
Agency ID
State Tax ID
Internal GLO ID
Unknown ' successful by xpath via value: //select[@name='name'] 
2020-06-22 14:11:14,001|base_page.py[line:68] INFO:Had find the element '  ' successful by xpath via value: //input[@name='identifier'] 
2020-06-22 14:11:14,234|base_page.py[line:157] INFO:The element '  ' was clicked.
2020-06-22 14:11:14,769|base_page.py[line:68] INFO:Had find the element '  ' successful by xpath via value: //input[@name='identifier'] 
2020-06-22 14:11:15,319|base_page.py[line:68] INFO:Had find the element '  ' successful by xpath via value: //input[@name='identifier'] 
2020-06-22 14:11:15,880|base_page.py[line:68] INFO:Had find the element '  ' successful by xpath via value: //input[@name='identifier'] 
2020-06-22 14:11:16,262|base_page.py[line:135] INFO:Had type ' 800545803 ' in inputBox
2020-06-22 14:11:16,828|base_page.py[line:68] INFO:Had find the element ' Save ' successful by xpath via value: //button[text()='Save'] 
2020-06-22 14:11:16,956|base_page.py[line:157] INFO:The element ' Save ' was clicked.
2020-06-22 14:11:19,531|base_page.py[line:68] INFO:Had find the element ' Business Identifier: 800545803 created successfully. ' successful by xpath via value: //div[@role='alert'] 
2020-06-22 14:11:20,085|base_page.py[line:223] INFO:Had find the elements successful by xpath via value: //div[@class='card']//div//h4 
2020-06-22 14:11:20,705|base_page.py[line:68] INFO:Had find the element ' Business Identifier ' successful by xpath via value: //div[@class='card']//div//h4[text()='Business Identifier'] 
2020-06-22 14:11:21,229|base_page.py[line:223] INFO:Had find the elements successful by xpath via value: //div[@class='glo-row']/div[5]//div[@class='glo-row']//div[@class='rt-tr-group'] 
2020-06-22 14:11:21,773|base_page.py[line:68] INFO:Had find the element ' SSN
*****5803 ' successful by xpath via value: //div[@class='glo-row']/div[5]//div[@class='glo-row']//div[@class='rt-tr-group'][1]/div 
2020-06-22 14:11:22,341|base_page.py[line:68] INFO:Had find the element ' Edit ' successful by xpath via value: //div[@class='glo-row']/div[5]//button[text()=' Edit'] 
2020-06-22 14:11:22,505|base_page.py[line:157] INFO:The element ' Edit ' was clicked.
2020-06-22 14:11:23,092|base_page.py[line:68] INFO:Had find the element ' Select one...
BAN
SSN
Federal EIN
Agency ID
State Tax ID
Internal GLO ID
Unknown ' successful by xpath via value: //select[@name='name'] 
2020-06-22 14:11:23,262|base_page.py[line:157] INFO:The element ' Select one...
BAN
SSN
Federal EIN
Agency ID
State Tax ID
Internal GLO ID
Unknown ' was clicked.
2020-06-22 14:11:23,824|base_page.py[line:68] INFO:Had find the element ' Select one...
BAN
SSN
Federal EIN
Agency ID
State Tax ID
Internal GLO ID
Unknown ' successful by xpath via value: //select[@name='name'] 
2020-06-22 14:11:24,511|base_page.py[line:68] INFO:Had find the element '  ' successful by xpath via value: //input[@name='identifier'] 
2020-06-22 14:11:24,829|base_page.py[line:157] INFO:The element '  ' was clicked.
2020-06-22 14:11:25,372|base_page.py[line:68] INFO:Had find the element '  ' successful by xpath via value: //input[@name='identifier'] 
2020-06-22 14:11:25,951|base_page.py[line:68] INFO:Had find the element '  ' successful by xpath via value: //input[@name='identifier'] 
2020-06-22 14:11:26,529|base_page.py[line:68] INFO:Had find the element '  ' successful by xpath via value: //input[@name='identifier'] 
2020-06-22 14:11:26,884|base_page.py[line:135] INFO:Had type ' 10707871040 ' in inputBox
2020-06-22 14:11:27,435|base_page.py[line:68] INFO:Had find the element ' Save ' successful by xpath via value: //button[text()='Save'] 
2020-06-22 14:11:27,575|base_page.py[line:157] INFO:The element ' Save ' was clicked.
2020-06-22 14:11:30,119|base_page.py[line:68] INFO:Had find the element ' Business Identifier: 10707871040 updated successfully. ' successful by xpath via value: //div[@role='alert'] 
2020-06-22 14:11:30,644|base_page.py[line:223] INFO:Had find the elements successful by xpath via value: //div[@class='card']//div//h4 
2020-06-22 14:11:31,255|base_page.py[line:68] INFO:Had find the element ' Business Identifier ' successful by xpath via value: //div[@class='card']//div//h4[text()='Business Identifier'] 
2020-06-22 14:11:31,791|base_page.py[line:223] INFO:Had find the elements successful by xpath via value: //div[@class='glo-row']/div[5]//div[@class='glo-row']//div[@class='rt-tr-group'] 
2020-06-22 14:11:32,338|base_page.py[line:68] INFO:Had find the element ' Unknown
**3433 ' successful by xpath via value: //div[@class='glo-row']/div[5]//div[@class='glo-row']//div[@class='rt-tr-group'][1]/div 
2020-06-22 14:11:32,914|base_page.py[line:68] INFO:Had find the element ' Delete ' successful by xpath via value: //div[@class='glo-row']/div[5]//button[text()=' Delete'] 
2020-06-22 14:11:33,045|base_page.py[line:157] INFO:The element ' Delete ' was clicked.
2020-06-22 14:11:33,587|base_page.py[line:68] INFO:Had find the element ' Yes, delete it! ' successful by xpath via value: //button[text()='Yes, delete it!'] 
2020-06-22 14:11:33,681|base_page.py[line:157] INFO:The element ' Yes, delete it! ' was clicked.
2020-06-22 14:11:36,236|base_page.py[line:68] INFO:Had find the element ' Business Identifier: Unknown deleted successfully. ' successful by xpath via value: //div[@role='alert'] 
