2020-06-18 09:09:56,029|browser_engine.py[line:27] INFO:You had select Chrome browser.
2020-06-18 09:09:56,029|browser_engine.py[line:29] INFO:The test server url is: https://rralamotest.z21.web.core.windows.net/
2020-06-18 09:10:01,932|browser_engine.py[line:44] INFO:Starting Chrome browser.
2020-06-18 09:10:03,133|browser_engine.py[line:58] INFO:Maximize the current window.
2020-06-18 09:10:21,973|browser_engine.py[line:61] INFO:Open url: https://rralamotest.z21.web.core.windows.net/
2020-06-18 09:10:32,607|base_page.py[line:69] ERROR:TimeoutException: selector by xpath ,value xpath=>//div[@class='localAccount']//div[@class='intro']/h2
2020-06-18 09:10:33,184|base_page.py[line:67] INFO:Had find the element ' Sign in with your existing account ' successful by xpath via value: //div[@class='localAccount']//div[@class='intro']/h2 
2020-06-18 09:10:33,754|base_page.py[line:67] INFO:Had find the element '  ' successful by id via value: logonIdentifier 
2020-06-18 09:10:33,848|base_page.py[line:144] INFO:Clear text in input box before typing.
2020-06-18 09:10:34,385|base_page.py[line:67] INFO:Had find the element '  ' successful by id via value: logonIdentifier 
2020-06-18 09:10:34,682|base_page.py[line:134] INFO:Had type ' yan.liu@an-chen.com ' in inputBox
2020-06-18 09:10:35,245|base_page.py[line:67] INFO:Had find the element '  ' successful by id via value: password 
2020-06-18 09:10:35,329|base_page.py[line:144] INFO:Clear text in input box before typing.
2020-06-18 09:10:35,861|base_page.py[line:67] INFO:Had find the element '  ' successful by id via value: password 
2020-06-18 09:10:36,291|base_page.py[line:134] INFO:Had type ' Lychan@2012 ' in inputBox
2020-06-18 09:10:36,836|base_page.py[line:67] INFO:Had find the element ' Sign in ' successful by xpath via value: //div[@class='buttons']/button[text()='Sign in'] 
2020-06-18 09:10:47,807|base_page.py[line:69] ERROR:TimeoutException: selector by xpath ,value xpath=>//div[@id='root']//div[@class='content-heading']
2020-06-18 09:10:48,381|base_page.py[line:67] INFO:Had find the element ' Welcome, yanliu ' successful by xpath via value: //div[@id='root']//div[@class='content-heading'] 
2020-06-18 09:10:48,382|login.py[line:41] INFO:login success
2020-06-18 09:10:48,994|base_page.py[line:67] INFO:Had find the element ' CUSTOMERS ' successful by id via value: customers 
2020-06-18 09:10:49,145|base_page.py[line:156] INFO:The element ' CUSTOMERS ' was clicked.
2020-06-18 09:10:49,672|base_page.py[line:222] INFO:Had find the elements successful by xpath via value: //ul[@class='dropdown-menu multi-level show']/li/a 
2020-06-18 09:10:50,277|base_page.py[line:67] INFO:Had find the element ' New ' successful by xpath via value: //ul[@class='dropdown-menu multi-level show']/li[2]/a 
2020-06-18 09:10:50,463|base_page.py[line:156] INFO:The element ' New ' was clicked.
2020-06-18 09:10:50,463|topMenu.py[line:69] INFO:second_menu: New
2020-06-18 09:10:51,119|base_page.py[line:67] INFO:Had find the element ' Select one...
Person
Organization ' successful by xpath via value: //select[@name='typeName'] 
2020-06-18 09:10:51,286|base_page.py[line:156] INFO:The element ' Select one...
Person
Organization ' was clicked.
2020-06-18 09:10:51,840|base_page.py[line:67] INFO:Had find the element ' Select one...
Person
Organization ' successful by xpath via value: //select[@name='typeName'] 
2020-06-18 09:10:52,543|base_page.py[line:67] INFO:Had find the element ' Select one...
Sole Proprietor
Individual
Household ' successful by xpath via value: //select[@name='entityClass'] 
2020-06-18 09:10:52,752|base_page.py[line:156] INFO:The element ' Select one...
Sole Proprietor
Individual
Household ' was clicked.
2020-06-18 09:10:53,355|base_page.py[line:67] INFO:Had find the element ' Select one...
Sole Proprietor
Individual
Household ' successful by xpath via value: //select[@name='entityClass'] 
2020-06-18 09:10:54,138|base_page.py[line:67] INFO:Had find the element ' Select one...
Mr.
Mrs.
Ms.
Miss
Dr.
Rev.
N/A ' successful by xpath via value: //form[@class='ie-fix-flex']/div[1]//select[@name='salutation'] 
2020-06-18 09:10:54,397|base_page.py[line:156] INFO:The element ' Select one...
Mr.
Mrs.
Ms.
Miss
Dr.
Rev.
N/A ' was clicked.
2020-06-18 09:10:54,946|base_page.py[line:67] INFO:Had find the element ' Select one...
Mr.
Mrs.
Ms.
Miss
Dr.
Rev.
N/A ' successful by xpath via value: //form[@class='ie-fix-flex']/div[1]//select[@name='salutation'] 
2020-06-18 09:10:55,876|base_page.py[line:67] INFO:Had find the element '  ' successful by xpath via value: //form[@class='ie-fix-flex']/div[1]//input[@name='firstName'] 
2020-06-18 09:10:57,831|base_page.py[line:134] INFO:Had type ' Individual2020/06/18 09:10:48 ' in inputBox
2020-06-18 09:10:58,388|base_page.py[line:67] INFO:Had find the element '  ' successful by xpath via value: //form[@class='ie-fix-flex']/div[1]//input[@name='lastName'] 
2020-06-18 09:10:59,415|base_page.py[line:134] INFO:Had type ' Individual2020/06/18 09:10:48 ' in inputBox
2020-06-18 09:11:00,142|base_page.py[line:67] INFO:Had find the element ' Select one...
Sr.
Jr.
II
III
IV
M.D.
D.D.S.
Ph.D.
et al
et ux
Trustee ' successful by xpath via value: //form[@class='ie-fix-flex']/div[1]//select[@name='suffix'] 
2020-06-18 09:11:00,657|base_page.py[line:156] INFO:The element ' Select one...
Sr.
Jr.
II
III
IV
M.D.
D.D.S.
Ph.D.
et al
et ux
Trustee ' was clicked.
2020-06-18 09:11:01,242|base_page.py[line:67] INFO:Had find the element ' Select one...
Sr.
Jr.
II
III
IV
M.D.
D.D.S.
Ph.D.
et al
et ux
Trustee ' successful by xpath via value: //form[@class='ie-fix-flex']/div[1]//select[@name='suffix'] 
2020-06-18 09:11:02,390|base_page.py[line:67] INFO:Had find the element ' Save ' successful by xpath via value: //button[text()='Save'] 
2020-06-18 09:11:02,636|base_page.py[line:156] INFO:The element ' Save ' was clicked.
2020-06-18 09:11:05,256|base_page.py[line:67] INFO:Had find the element ' Entity: Individual2020/06/18 09:10:48 created successfully. ' successful by xpath via value: //div[@role='alert'] 
2020-06-18 09:11:05,863|base_page.py[line:67] INFO:Had find the element ' CUSTOMERS ' successful by id via value: customers 
2020-06-18 09:11:06,283|base_page.py[line:156] INFO:The element ' CUSTOMERS ' was clicked.
2020-06-18 09:11:06,802|base_page.py[line:222] INFO:Had find the elements successful by xpath via value: //ul[@class='dropdown-menu multi-level show']/li/a 
2020-06-18 09:11:07,374|base_page.py[line:67] INFO:Had find the element ' New ' successful by xpath via value: //ul[@class='dropdown-menu multi-level show']/li[2]/a 
2020-06-18 09:11:07,468|base_page.py[line:156] INFO:The element ' New ' was clicked.
2020-06-18 09:11:07,468|topMenu.py[line:69] INFO:second_menu: New
