2020-06-18 09:30:51,988|browser_engine.py[line:27] INFO:You had select Chrome browser.
2020-06-18 09:30:51,989|browser_engine.py[line:29] INFO:The test server url is: https://rralamotest.z21.web.core.windows.net/
2020-06-18 09:30:55,514|browser_engine.py[line:44] INFO:Starting Chrome browser.
2020-06-18 09:30:56,686|browser_engine.py[line:58] INFO:Maximize the current window.
2020-06-18 09:31:25,134|browser_engine.py[line:61] INFO:Open url: https://rralamotest.z21.web.core.windows.net/
2020-06-18 09:31:36,055|base_page.py[line:69] ERROR:TimeoutException: selector by xpath ,value xpath=>//div[@class='localAccount']//div[@class='intro']/h2
2020-06-18 09:31:36,592|base_page.py[line:67] INFO:Had find the element ' Sign in with your existing account ' successful by xpath via value: //div[@class='localAccount']//div[@class='intro']/h2 
2020-06-18 09:31:37,141|base_page.py[line:67] INFO:Had find the element '  ' successful by id via value: logonIdentifier 
2020-06-18 09:31:37,180|base_page.py[line:144] INFO:Clear text in input box before typing.
2020-06-18 09:31:37,718|base_page.py[line:67] INFO:Had find the element '  ' successful by id via value: logonIdentifier 
2020-06-18 09:31:37,927|base_page.py[line:134] INFO:Had type ' yan.liu@an-chen.com ' in inputBox
2020-06-18 09:31:38,482|base_page.py[line:67] INFO:Had find the element '  ' successful by id via value: password 
2020-06-18 09:31:38,522|base_page.py[line:144] INFO:Clear text in input box before typing.
2020-06-18 09:31:39,047|base_page.py[line:67] INFO:Had find the element '  ' successful by id via value: password 
2020-06-18 09:31:39,400|base_page.py[line:134] INFO:Had type ' Lychan@2012 ' in inputBox
2020-06-18 09:31:39,934|base_page.py[line:67] INFO:Had find the element ' Sign in ' successful by xpath via value: //div[@class='buttons']/button[text()='Sign in'] 
2020-06-18 09:31:50,523|base_page.py[line:69] ERROR:TimeoutException: selector by xpath ,value xpath=>//div[@id='root']//div[@class='content-heading']
2020-06-18 09:31:51,078|base_page.py[line:67] INFO:Had find the element ' Welcome, yanliu ' successful by xpath via value: //div[@id='root']//div[@class='content-heading'] 
2020-06-18 09:31:51,078|login.py[line:41] INFO:login success
2020-06-18 09:32:02,018|base_page.py[line:69] ERROR:TimeoutException: selector by xpath ,value //div[@class='btn-toolbar']/button[text()='Actions ']
2020-06-18 09:32:02,018|base_page.py[line:122] ERROR:NoSuchElement selector_by: xpath, selector: //div[@class='btn-toolbar']/button[text()='Actions '] 
2020-06-18 09:32:12,953|base_page.py[line:69] ERROR:TimeoutException: selector by xpath ,value //div[@class='btn-toolbar']/button[text()='Actions ']
2020-06-18 09:32:12,953|base_page.py[line:122] ERROR:NoSuchElement selector_by: xpath, selector: //div[@class='btn-toolbar']/button[text()='Actions '] 
