2020-06-18 09:20:08,179|browser_engine.py[line:27] INFO:You had select Chrome browser.
2020-06-18 09:20:08,180|browser_engine.py[line:29] INFO:The test server url is: https://rralamotest.z21.web.core.windows.net/
2020-06-18 09:20:18,562|browser_engine.py[line:44] INFO:Starting Chrome browser.
2020-06-18 09:20:19,861|browser_engine.py[line:58] INFO:Maximize the current window.
2020-06-18 09:20:48,542|browser_engine.py[line:61] INFO:Open url: https://rralamotest.z21.web.core.windows.net/
2020-06-18 09:20:59,202|base_page.py[line:69] ERROR:TimeoutException: selector by xpath ,value xpath=>//div[@class='localAccount']//div[@class='intro']/h2
2020-06-18 09:20:59,752|base_page.py[line:67] INFO:Had find the element ' Sign in with your existing account ' successful by xpath via value: //div[@class='localAccount']//div[@class='intro']/h2 
2020-06-18 09:21:00,335|base_page.py[line:67] INFO:Had find the element '  ' successful by id via value: logonIdentifier 
2020-06-18 09:21:00,382|base_page.py[line:144] INFO:Clear text in input box before typing.
2020-06-18 09:21:00,921|base_page.py[line:67] INFO:Had find the element '  ' successful by id via value: logonIdentifier 
2020-06-18 09:21:01,097|base_page.py[line:134] INFO:Had type ' yan.liu@an-chen.com ' in inputBox
2020-06-18 09:21:01,635|base_page.py[line:67] INFO:Had find the element '  ' successful by id via value: password 
2020-06-18 09:21:01,679|base_page.py[line:144] INFO:Clear text in input box before typing.
2020-06-18 09:21:02,203|base_page.py[line:67] INFO:Had find the element '  ' successful by id via value: password 
2020-06-18 09:21:02,431|base_page.py[line:134] INFO:Had type ' Lychan@2012 ' in inputBox
2020-06-18 09:21:02,993|base_page.py[line:67] INFO:Had find the element ' Sign in ' successful by xpath via value: //div[@class='buttons']/button[text()='Sign in'] 
2020-06-18 09:21:14,034|base_page.py[line:69] ERROR:TimeoutException: selector by xpath ,value xpath=>//div[@id='root']//div[@class='content-heading']
2020-06-18 09:21:14,591|base_page.py[line:67] INFO:Had find the element ' Welcome, yanliu ' successful by xpath via value: //div[@id='root']//div[@class='content-heading'] 
2020-06-18 09:21:14,591|login.py[line:41] INFO:login success
2020-06-18 09:21:15,250|base_page.py[line:67] INFO:Had find the element ' CUSTOMERS ' successful by id via value: customers 
2020-06-18 09:21:15,338|base_page.py[line:156] INFO:The element ' CUSTOMERS ' was clicked.
2020-06-18 09:21:15,868|base_page.py[line:222] INFO:Had find the elements successful by xpath via value: //ul[@class='dropdown-menu multi-level show']/li/a 
2020-06-18 09:21:16,452|base_page.py[line:67] INFO:Had find the element ' New ' successful by xpath via value: //ul[@class='dropdown-menu multi-level show']/li[2]/a 
2020-06-18 09:21:16,562|base_page.py[line:156] INFO:The element ' New ' was clicked.
2020-06-18 09:21:16,562|topMenu.py[line:69] INFO:second_menu: New
2020-06-18 09:21:17,124|base_page.py[line:67] INFO:Had find the element ' Select one...
Person
Organization ' successful by xpath via value: //select[@name='typeName'] 
2020-06-18 09:21:17,244|base_page.py[line:156] INFO:The element ' Select one...
Person
Organization ' was clicked.
2020-06-18 09:21:17,791|base_page.py[line:67] INFO:Had find the element ' Select one...
Person
Organization ' successful by xpath via value: //select[@name='typeName'] 
2020-06-18 09:21:18,449|base_page.py[line:67] INFO:Had find the element ' Select one...
Sole Proprietor
Individual
Household ' successful by xpath via value: //select[@name='entityClass'] 
2020-06-18 09:21:18,576|base_page.py[line:156] INFO:The element ' Select one...
Sole Proprietor
Individual
Household ' was clicked.
2020-06-18 09:21:19,121|base_page.py[line:67] INFO:Had find the element ' Select one...
Sole Proprietor
Individual
Household ' successful by xpath via value: //select[@name='entityClass'] 
2020-06-18 09:21:19,818|base_page.py[line:67] INFO:Had find the element ' Select one...
Mr.
Mrs.
Ms.
Miss
Dr.
Rev.
N/A ' successful by xpath via value: //form[@class='ie-fix-flex']/div[1]//select[@name='salutation'] 
2020-06-18 09:21:19,972|base_page.py[line:156] INFO:The element ' Select one...
Mr.
Mrs.
Ms.
Miss
Dr.
Rev.
N/A ' was clicked.
2020-06-18 09:21:20,513|base_page.py[line:67] INFO:Had find the element ' Select one...
Mr.
Mrs.
Ms.
Miss
Dr.
Rev.
N/A ' successful by xpath via value: //form[@class='ie-fix-flex']/div[1]//select[@name='salutation'] 
2020-06-18 09:21:21,178|base_page.py[line:67] INFO:Had find the element '  ' successful by xpath via value: //form[@class='ie-fix-flex']/div[1]//input[@name='firstName'] 
2020-06-18 09:21:21,876|base_page.py[line:134] INFO:Had type ' Individual2020/06/18 09:21:14 ' in inputBox
2020-06-18 09:21:22,429|base_page.py[line:67] INFO:Had find the element '  ' successful by xpath via value: //form[@class='ie-fix-flex']/div[1]//input[@name='lastName'] 
2020-06-18 09:21:23,047|base_page.py[line:134] INFO:Had type ' Individual2020/06/18 09:21:14 ' in inputBox
2020-06-18 09:21:23,635|base_page.py[line:67] INFO:Had find the element ' Select one...
Sr.
Jr.
II
III
IV
M.D.
D.D.S.
Ph.D.
et al
et ux
Trustee ' successful by xpath via value: //form[@class='ie-fix-flex']/div[1]//select[@name='suffix'] 
2020-06-18 09:21:23,767|base_page.py[line:156] INFO:The element ' Select one...
Sr.
Jr.
II
III
IV
M.D.
D.D.S.
Ph.D.
et al
et ux
Trustee ' was clicked.
2020-06-18 09:21:24,532|base_page.py[line:67] INFO:Had find the element ' Select one...
Sr.
Jr.
II
III
IV
M.D.
D.D.S.
Ph.D.
et al
et ux
Trustee ' successful by xpath via value: //form[@class='ie-fix-flex']/div[1]//select[@name='suffix'] 
2020-06-18 09:21:25,443|base_page.py[line:67] INFO:Had find the element ' Save ' successful by xpath via value: //button[text()='Save'] 
2020-06-18 09:21:25,637|base_page.py[line:156] INFO:The element ' Save ' was clicked.
2020-06-18 09:21:28,288|base_page.py[line:67] INFO:Had find the element ' Entity: Individual2020/06/18 09:21:14 created successfully. ' successful by xpath via value: //div[@role='alert'] 
2020-06-18 09:21:28,843|base_page.py[line:67] INFO:Had find the element ' CUSTOMERS ' successful by id via value: customers 
2020-06-18 09:21:28,944|base_page.py[line:156] INFO:The element ' CUSTOMERS ' was clicked.
2020-06-18 09:21:29,465|base_page.py[line:222] INFO:Had find the elements successful by xpath via value: //ul[@class='dropdown-menu multi-level show']/li/a 
2020-06-18 09:21:30,061|base_page.py[line:67] INFO:Had find the element ' New ' successful by xpath via value: //ul[@class='dropdown-menu multi-level show']/li[2]/a 
2020-06-18 09:21:30,240|base_page.py[line:156] INFO:The element ' New ' was clicked.
2020-06-18 09:21:30,240|topMenu.py[line:69] INFO:second_menu: New
2020-06-18 09:21:30,876|base_page.py[line:67] INFO:Had find the element ' Select one...
Person
Organization ' successful by xpath via value: //select[@name='typeName'] 
2020-06-18 09:21:31,112|base_page.py[line:156] INFO:The element ' Select one...
Person
Organization ' was clicked.
2020-06-18 09:21:31,675|base_page.py[line:67] INFO:Had find the element ' Select one...
Person
Organization ' successful by xpath via value: //select[@name='typeName'] 
2020-06-18 09:21:32,697|base_page.py[line:67] INFO:Had find the element ' Select one...
Company
Government
Trust/Estate ' successful by xpath via value: //select[@name='entityClass'] 
2020-06-18 09:21:33,112|base_page.py[line:156] INFO:The element ' Select one...
Company
Government
Trust/Estate ' was clicked.
2020-06-18 09:21:33,651|base_page.py[line:67] INFO:Had find the element ' Select one...
Company
Government
Trust/Estate ' successful by xpath via value: //select[@name='entityClass'] 
2020-06-18 09:21:34,449|base_page.py[line:67] INFO:Had find the element '  ' successful by xpath via value: //form[@class='ie-fix-flex']/div[1]//input[@name='organizationName'] 
2020-06-18 09:21:35,595|base_page.py[line:134] INFO:Had type ' Government2020/06/18 09:21:14 ' in inputBox
2020-06-18 09:21:36,251|base_page.py[line:67] INFO:Had find the element ' Select one...
Federal
State
County
City
State Higher Education ' successful by xpath via value: //form[@class='ie-fix-flex']/div[1]//select[@name='subClassName'] 
2020-06-18 09:21:36,695|base_page.py[line:156] INFO:The element ' Select one...
Federal
State
County
City
State Higher Education ' was clicked.
2020-06-18 09:21:37,249|base_page.py[line:67] INFO:Had find the element ' Select one...
Federal
State
County
City
State Higher Education ' successful by xpath via value: //form[@class='ie-fix-flex']/div[1]//select[@name='subClassName'] 
2020-06-18 09:21:38,019|base_page.py[line:67] INFO:Had find the element ' Select one...
AK
AL
AR
AZ
CA
CO
CT
DC
DE
FL
GA
HI
IA
ID
IL
IN
KS
KY
LA
MA
MD
ME
MI
MN
MO
MS
MT
NC
ND
NE
NH
NJ
NM
NV
NY
OH
OK
OR
PA
RI
SC
SD
TN
TX
UT
VA
VT
WA
WI
WV
WY
ON
NL
BC ' successful by xpath via value: //form[@class='ie-fix-flex']/div[1]//select[@name='stateOfIncorporation'] 
2020-06-18 09:21:38,363|base_page.py[line:156] INFO:The element ' Select one...
AK
AL
AR
AZ
CA
CO
CT
DC
DE
FL
GA
HI
IA
ID
IL
IN
KS
KY
LA
MA
MD
ME
MI
MN
MO
MS
MT
NC
ND
NE
NH
NJ
NM
NV
NY
OH
OK
OR
PA
RI
SC
SD
TN
TX
UT
VA
VT
WA
WI
WV
WY
ON
NL
BC ' was clicked.
2020-06-18 09:21:38,983|base_page.py[line:67] INFO:Had find the element ' Select one...
AK
AL
AR
AZ
CA
CO
CT
DC
DE
FL
GA
HI
IA
ID
IL
IN
KS
KY
LA
MA
MD
ME
MI
MN
MO
MS
MT
NC
ND
NE
NH
NJ
NM
NV
NY
OH
OK
OR
PA
RI
SC
SD
TN
TX
UT
VA
VT
WA
WI
WV
WY
ON
NL
BC ' successful by xpath via value: //form[@class='ie-fix-flex']/div[1]//select[@name='stateOfIncorporation'] 
2020-06-18 09:21:39,699|base_page.py[line:67] INFO:Had find the element ' Save ' successful by xpath via value: //button[text()='Save'] 
2020-06-18 09:21:39,801|base_page.py[line:156] INFO:The element ' Save ' was clicked.
2020-06-18 09:21:42,420|base_page.py[line:67] INFO:Had find the element ' Entity: Government2020/06/18 09:21:14 created successfully. ' successful by xpath via value: //div[@role='alert'] 
2020-06-18 09:21:43,016|base_page.py[line:67] INFO:Had find the element ' CUSTOMERS ' successful by id via value: customers 
2020-06-18 09:21:43,169|base_page.py[line:156] INFO:The element ' CUSTOMERS ' was clicked.
2020-06-18 09:21:43,711|base_page.py[line:222] INFO:Had find the elements successful by xpath via value: //ul[@class='dropdown-menu multi-level show']/li/a 
2020-06-18 09:21:44,319|base_page.py[line:67] INFO:Had find the element ' New ' successful by xpath via value: //ul[@class='dropdown-menu multi-level show']/li[2]/a 
2020-06-18 09:21:44,499|base_page.py[line:156] INFO:The element ' New ' was clicked.
2020-06-18 09:21:44,499|topMenu.py[line:69] INFO:second_menu: New
2020-06-18 09:21:45,045|base_page.py[line:67] INFO:Had find the element ' Select one...
Person
Organization ' successful by xpath via value: //select[@name='typeName'] 
2020-06-18 09:21:45,235|base_page.py[line:156] INFO:The element ' Select one...
Person
Organization ' was clicked.
2020-06-18 09:21:45,783|base_page.py[line:67] INFO:Had find the element ' Select one...
Person
Organization ' successful by xpath via value: //select[@name='typeName'] 
2020-06-18 09:21:46,436|base_page.py[line:67] INFO:Had find the element ' Select one...
Sole Proprietor
Individual
Household ' successful by xpath via value: //select[@name='entityClass'] 
2020-06-18 09:21:46,561|base_page.py[line:156] INFO:The element ' Select one...
Sole Proprietor
Individual
Household ' was clicked.
2020-06-18 09:21:47,106|base_page.py[line:67] INFO:Had find the element ' Select one...
Sole Proprietor
Individual
Household ' successful by xpath via value: //select[@name='entityClass'] 
2020-06-18 09:21:47,803|base_page.py[line:67] INFO:Had find the element ' Select one...
Mr.
Mrs.
Ms.
Miss
Dr.
Rev.
N/A ' successful by xpath via value: //form[@class='ie-fix-flex']/div[1]//select[@name='salutation'] 
2020-06-18 09:21:48,042|base_page.py[line:156] INFO:The element ' Select one...
Mr.
Mrs.
Ms.
Miss
Dr.
Rev.
N/A ' was clicked.
2020-06-18 09:21:48,591|base_page.py[line:67] INFO:Had find the element ' Select one...
Mr.
Mrs.
Ms.
Miss
Dr.
Rev.
N/A ' successful by xpath via value: //form[@class='ie-fix-flex']/div[1]//select[@name='salutation'] 
2020-06-18 09:21:49,270|base_page.py[line:67] INFO:Had find the element '  ' successful by xpath via value: //form[@class='ie-fix-flex']/div[1]//input[@name='firstName'] 
2020-06-18 09:21:49,970|base_page.py[line:134] INFO:Had type ' Sole Proprietor2020/06/18 09:21:14 ' in inputBox
2020-06-18 09:21:50,532|base_page.py[line:67] INFO:Had find the element '  ' successful by xpath via value: //form[@class='ie-fix-flex']/div[1]//input[@name='lastName'] 
2020-06-18 09:21:51,105|base_page.py[line:134] INFO:Had type ' Sole Proprietor2020/06/18 09:21:14 ' in inputBox
2020-06-18 09:21:51,669|base_page.py[line:67] INFO:Had find the element ' Select one...
Sr.
Jr.
II
III
IV
M.D.
D.D.S.
Ph.D.
et al
et ux
Trustee ' successful by xpath via value: //form[@class='ie-fix-flex']/div[1]//select[@name='suffix'] 
2020-06-18 09:21:51,790|base_page.py[line:156] INFO:The element ' Select one...
Sr.
Jr.
II
III
IV
M.D.
D.D.S.
Ph.D.
et al
et ux
Trustee ' was clicked.
2020-06-18 09:21:52,344|base_page.py[line:67] INFO:Had find the element ' Select one...
Sr.
Jr.
II
III
IV
M.D.
D.D.S.
Ph.D.
et al
et ux
Trustee ' successful by xpath via value: //form[@class='ie-fix-flex']/div[1]//select[@name='suffix'] 
2020-06-18 09:21:53,043|base_page.py[line:67] INFO:Had find the element ' Save ' successful by xpath via value: //button[text()='Save'] 
2020-06-18 09:21:53,133|base_page.py[line:156] INFO:The element ' Save ' was clicked.
2020-06-18 09:21:55,683|base_page.py[line:67] INFO:Had find the element ' Entity: Sole Proprietor2020/06/18 09:21:14 created successfully. ' successful by xpath via value: //div[@role='alert'] 
2020-06-18 09:21:56,242|base_page.py[line:67] INFO:Had find the element ' CUSTOMERS ' successful by id via value: customers 
2020-06-18 09:21:56,334|base_page.py[line:156] INFO:The element ' CUSTOMERS ' was clicked.
2020-06-18 09:21:56,857|base_page.py[line:222] INFO:Had find the elements successful by xpath via value: //ul[@class='dropdown-menu multi-level show']/li/a 
2020-06-18 09:21:57,471|base_page.py[line:67] INFO:Had find the element ' New ' successful by xpath via value: //ul[@class='dropdown-menu multi-level show']/li[2]/a 
2020-06-18 09:21:57,742|base_page.py[line:156] INFO:The element ' New ' was clicked.
2020-06-18 09:21:57,743|topMenu.py[line:69] INFO:second_menu: New
2020-06-18 09:21:58,305|base_page.py[line:67] INFO:Had find the element ' Select one...
Person
Organization ' successful by xpath via value: //select[@name='typeName'] 
2020-06-18 09:21:58,591|base_page.py[line:156] INFO:The element ' Select one...
Person
Organization ' was clicked.
2020-06-18 09:22:09,471|base_page.py[line:69] ERROR:TimeoutException: selector by xpath ,value //select[@name='typeName']
2020-06-18 09:22:09,471|base_page.py[line:122] ERROR:NoSuchElement selector_by: xpath, selector: //select[@name='typeName'] 
2020-06-18 09:22:10,377|base_page.py[line:67] INFO:Had find the element ' CUSTOMERS ' successful by id via value: customers 
2020-06-18 09:22:10,500|base_page.py[line:156] INFO:The element ' CUSTOMERS ' was clicked.
2020-06-18 09:22:11,027|base_page.py[line:222] INFO:Had find the elements successful by xpath via value: //ul[@class='dropdown-menu multi-level show']/li/a 
2020-06-18 09:22:11,603|base_page.py[line:67] INFO:Had find the element ' New ' successful by xpath via value: //ul[@class='dropdown-menu multi-level show']/li[2]/a 
2020-06-18 09:22:11,686|base_page.py[line:156] INFO:The element ' New ' was clicked.
2020-06-18 09:22:11,687|topMenu.py[line:69] INFO:second_menu: New
2020-06-18 09:22:22,553|base_page.py[line:69] ERROR:TimeoutException: selector by xpath ,value //select[@name='typeName']
2020-06-18 09:22:22,553|base_page.py[line:122] ERROR:NoSuchElement selector_by: xpath, selector: //select[@name='typeName'] 
2020-06-18 09:22:23,439|base_page.py[line:67] INFO:Had find the element ' CUSTOMERS ' successful by id via value: customers 
2020-06-18 09:22:23,492|base_page.py[line:156] INFO:The element ' CUSTOMERS ' was clicked.
2020-06-18 09:22:34,417|base_page.py[line:224] ERROR:TimeoutException: selector by xpath ,value //ul[@class='dropdown-menu multi-level show']/li/a
2020-06-18 09:22:35,459|base_page.py[line:67] INFO:Had find the element ' Actions ' successful by xpath via value: //div[@class='btn-toolbar']/button[text()='Actions '] 
2020-06-18 09:22:35,555|base_page.py[line:156] INFO:The element ' Actions ' was clicked.
2020-06-18 09:22:36,105|base_page.py[line:67] INFO:Had find the element ' Edit ' successful by xpath via value: //div[@class='btn-toolbar show']/ul//a[text()='Edit'] 
2020-06-18 09:22:36,216|base_page.py[line:156] INFO:The element ' Edit ' was clicked.
2020-06-18 09:22:36,764|base_page.py[line:67] INFO:Had find the element ' Select one...
Person
Organization ' successful by xpath via value: //select[@name='typeName'] 
2020-06-18 09:22:36,884|base_page.py[line:156] INFO:The element ' Select one...
Person
Organization ' was clicked.
2020-06-18 09:22:37,439|base_page.py[line:67] INFO:Had find the element ' Select one...
Person
Organization ' successful by xpath via value: //select[@name='typeName'] 
2020-06-18 09:22:38,018|base_page.py[line:67] INFO:Had find the element ' Select one...
Sole Proprietor
Individual
Household ' successful by xpath via value: //select[@name='entityClass'] 
2020-06-18 09:22:38,139|base_page.py[line:156] INFO:The element ' Select one...
Sole Proprietor
Individual
Household ' was clicked.
2020-06-18 09:22:38,675|base_page.py[line:67] INFO:Had find the element ' Select one...
Sole Proprietor
Individual
Household ' successful by xpath via value: //select[@name='entityClass'] 
2020-06-18 09:22:39,330|base_page.py[line:67] INFO:Had find the element ' Select one...
Mr.
Mrs.
Ms.
Miss
Dr.
Rev.
N/A ' successful by xpath via value: //select[@name='salutation'] 
2020-06-18 09:22:39,460|base_page.py[line:156] INFO:The element ' Select one...
Mr.
Mrs.
Ms.
Miss
Dr.
Rev.
N/A ' was clicked.
2020-06-18 09:22:40,014|base_page.py[line:67] INFO:Had find the element ' Select one...
Mr.
Mrs.
Ms.
Miss
Dr.
Rev.
N/A ' successful by xpath via value: //select[@name='salutation'] 
2020-06-18 09:22:40,645|base_page.py[line:67] INFO:Had find the element '  ' successful by xpath via value: //input[@name='firstName'] 
2020-06-18 09:22:40,775|base_page.py[line:156] INFO:The element '  ' was clicked.
2020-06-18 09:22:41,313|base_page.py[line:67] INFO:Had find the element '  ' successful by xpath via value: //input[@name='firstName'] 
2020-06-18 09:22:41,903|base_page.py[line:67] INFO:Had find the element '  ' successful by xpath via value: //input[@name='firstName'] 
2020-06-18 09:22:42,519|base_page.py[line:67] INFO:Had find the element '  ' successful by xpath via value: //input[@name='firstName'] 
2020-06-18 09:22:43,103|base_page.py[line:134] INFO:Had type ' Individual2020/06/18 09:21:14 ' in inputBox
2020-06-18 09:22:43,684|base_page.py[line:67] INFO:Had find the element '  ' successful by xpath via value: //input[@name='lastName'] 
2020-06-18 09:22:43,770|base_page.py[line:156] INFO:The element '  ' was clicked.
2020-06-18 09:22:44,308|base_page.py[line:67] INFO:Had find the element '  ' successful by xpath via value: //input[@name='lastName'] 
2020-06-18 09:22:44,901|base_page.py[line:67] INFO:Had find the element '  ' successful by xpath via value: //input[@name='lastName'] 
2020-06-18 09:22:45,507|base_page.py[line:67] INFO:Had find the element '  ' successful by xpath via value: //input[@name='lastName'] 
2020-06-18 09:22:46,018|base_page.py[line:134] INFO:Had type ' Individual2020/06/18 09:21:14 ' in inputBox
2020-06-18 09:22:46,587|base_page.py[line:67] INFO:Had find the element ' Select one...
Sr.
Jr.
II
III
IV
M.D.
D.D.S.
Ph.D.
et al
et ux
Trustee ' successful by xpath via value: //select[@name='suffix'] 
2020-06-18 09:22:46,704|base_page.py[line:156] INFO:The element ' Select one...
Sr.
Jr.
II
III
IV
M.D.
D.D.S.
Ph.D.
et al
et ux
Trustee ' was clicked.
2020-06-18 09:22:47,249|base_page.py[line:67] INFO:Had find the element ' Select one...
Sr.
Jr.
II
III
IV
M.D.
D.D.S.
Ph.D.
et al
et ux
Trustee ' successful by xpath via value: //select[@name='suffix'] 
2020-06-18 09:22:47,857|base_page.py[line:67] INFO:Had find the element ' Save ' successful by xpath via value: //button[text()='Save'] 
2020-06-18 09:22:47,942|base_page.py[line:156] INFO:The element ' Save ' was clicked.
2020-06-18 09:22:50,501|base_page.py[line:67] INFO:Had find the element ' Entity Individual2020/06/18 09:21:14: updated successfully. ' successful by xpath via value: //div[@role='alert'] 
2020-06-18 09:22:51,047|base_page.py[line:67] INFO:Had find the element ' Actions ' successful by xpath via value: //div[@class='btn-toolbar']/button[text()='Actions '] 
2020-06-18 09:22:53,106|base_page.py[line:67] INFO:Had find the element ' Actions ' successful by xpath via value: //div[@class='btn-toolbar']/button[text()='Actions '] 
2020-06-18 09:22:53,183|base_page.py[line:156] INFO:The element ' Actions ' was clicked.
2020-06-18 09:22:53,733|base_page.py[line:67] INFO:Had find the element ' Edit ' successful by xpath via value: //div[@class='btn-toolbar show']/ul//a[text()='Edit'] 
2020-06-18 09:22:53,870|base_page.py[line:156] INFO:The element ' Edit ' was clicked.
2020-06-18 09:22:54,408|base_page.py[line:67] INFO:Had find the element ' Select one...
Person
Organization ' successful by xpath via value: //select[@name='typeName'] 
2020-06-18 09:22:54,557|base_page.py[line:156] INFO:The element ' Select one...
Person
Organization ' was clicked.
2020-06-18 09:22:55,104|base_page.py[line:67] INFO:Had find the element ' Select one...
Person
Organization ' successful by xpath via value: //select[@name='typeName'] 
2020-06-18 09:22:55,698|base_page.py[line:67] INFO:Had find the element ' Select one...
Sole Proprietor
Individual
Household ' successful by xpath via value: //select[@name='entityClass'] 
2020-06-18 09:22:55,819|base_page.py[line:156] INFO:The element ' Select one...
Sole Proprietor
Individual
Household ' was clicked.
2020-06-18 09:22:56,368|base_page.py[line:67] INFO:Had find the element ' Select one...
Sole Proprietor
Individual
Household ' successful by xpath via value: //select[@name='entityClass'] 
2020-06-18 09:22:57,023|base_page.py[line:67] INFO:Had find the element ' Select one...
Mr.
Mrs.
Ms.
Miss
Dr.
Rev.
N/A ' successful by xpath via value: //select[@name='salutation'] 
2020-06-18 09:22:57,183|base_page.py[line:156] INFO:The element ' Select one...
Mr.
Mrs.
Ms.
Miss
Dr.
Rev.
N/A ' was clicked.
2020-06-18 09:22:57,756|base_page.py[line:67] INFO:Had find the element ' Select one...
Mr.
Mrs.
Ms.
Miss
Dr.
Rev.
N/A ' successful by xpath via value: //select[@name='salutation'] 
2020-06-18 09:22:58,391|base_page.py[line:67] INFO:Had find the element '  ' successful by xpath via value: //input[@name='firstName'] 
2020-06-18 09:22:58,492|base_page.py[line:156] INFO:The element '  ' was clicked.
2020-06-18 09:22:59,018|base_page.py[line:67] INFO:Had find the element '  ' successful by xpath via value: //input[@name='firstName'] 
2020-06-18 09:22:59,612|base_page.py[line:67] INFO:Had find the element '  ' successful by xpath via value: //input[@name='firstName'] 
2020-06-18 09:23:00,195|base_page.py[line:67] INFO:Had find the element '  ' successful by xpath via value: //input[@name='firstName'] 
2020-06-18 09:23:01,254|base_page.py[line:134] INFO:Had type ' Sole Proprietor2020/06/18 09:21:14 ' in inputBox
2020-06-18 09:23:01,814|base_page.py[line:67] INFO:Had find the element '  ' successful by xpath via value: //input[@name='lastName'] 
2020-06-18 09:23:01,917|base_page.py[line:156] INFO:The element '  ' was clicked.
2020-06-18 09:23:02,440|base_page.py[line:67] INFO:Had find the element '  ' successful by xpath via value: //input[@name='lastName'] 
2020-06-18 09:23:03,009|base_page.py[line:67] INFO:Had find the element '  ' successful by xpath via value: //input[@name='lastName'] 
2020-06-18 09:23:03,594|base_page.py[line:67] INFO:Had find the element '  ' successful by xpath via value: //input[@name='lastName'] 
2020-06-18 09:23:04,157|base_page.py[line:134] INFO:Had type ' Sole Proprietor2020/06/18 09:21:14 ' in inputBox
2020-06-18 09:23:04,714|base_page.py[line:67] INFO:Had find the element ' Select one...
Sr.
Jr.
II
III
IV
M.D.
D.D.S.
Ph.D.
et al
et ux
Trustee ' successful by xpath via value: //select[@name='suffix'] 
2020-06-18 09:23:04,832|base_page.py[line:156] INFO:The element ' Select one...
Sr.
Jr.
II
III
IV
M.D.
D.D.S.
Ph.D.
et al
et ux
Trustee ' was clicked.
2020-06-18 09:23:05,364|base_page.py[line:67] INFO:Had find the element ' Select one...
Sr.
Jr.
II
III
IV
M.D.
D.D.S.
Ph.D.
et al
et ux
Trustee ' successful by xpath via value: //select[@name='suffix'] 
2020-06-18 09:23:06,008|base_page.py[line:67] INFO:Had find the element ' Save ' successful by xpath via value: //button[text()='Save'] 
2020-06-18 09:23:06,082|base_page.py[line:156] INFO:The element ' Save ' was clicked.
2020-06-18 09:23:10,712|base_page.py[line:67] INFO:Had find the element ' Entity Sole Proprietor2020/06/18 09:21:14: updated successfully. ' successful by xpath via value: //div[@role='alert'] 
2020-06-18 09:23:11,260|base_page.py[line:67] INFO:Had find the element ' Actions ' successful by xpath via value: //div[@class='btn-toolbar']/button[text()='Actions '] 
2020-06-18 09:23:13,264|base_page.py[line:67] INFO:Had find the element ' Actions ' successful by xpath via value: //div[@class='btn-toolbar']/button[text()='Actions '] 
2020-06-18 09:23:15,314|base_page.py[line:67] INFO:Had find the element ' Actions ' successful by xpath via value: //div[@class='btn-toolbar']/button[text()='Actions '] 
2020-06-18 09:23:15,463|base_page.py[line:156] INFO:The element ' Actions ' was clicked.
2020-06-18 09:23:16,011|base_page.py[line:67] INFO:Had find the element ' Edit ' successful by xpath via value: //div[@class='btn-toolbar show']/ul//a[text()='Edit'] 
2020-06-18 09:23:16,140|base_page.py[line:156] INFO:The element ' Edit ' was clicked.
2020-06-18 09:23:16,685|base_page.py[line:67] INFO:Had find the element ' Select one...
Person
Organization ' successful by xpath via value: //select[@name='typeName'] 
2020-06-18 09:23:16,829|base_page.py[line:156] INFO:The element ' Select one...
Person
Organization ' was clicked.
2020-06-18 09:23:17,380|base_page.py[line:67] INFO:Had find the element ' Select one...
Person
Organization ' successful by xpath via value: //select[@name='typeName'] 
2020-06-18 09:23:18,082|base_page.py[line:67] INFO:Had find the element ' Select one...
Company
Government
Trust/Estate ' successful by xpath via value: //select[@name='entityClass'] 
2020-06-18 09:23:18,216|base_page.py[line:156] INFO:The element ' Select one...
Company
Government
Trust/Estate ' was clicked.
2020-06-18 09:23:18,760|base_page.py[line:67] INFO:Had find the element ' Select one...
Company
Government
Trust/Estate ' successful by xpath via value: //select[@name='entityClass'] 
2020-06-18 09:23:19,397|base_page.py[line:67] INFO:Had find the element '  ' successful by xpath via value: //input[@name='organizationName'] 
2020-06-18 09:23:19,594|base_page.py[line:156] INFO:The element '  ' was clicked.
2020-06-18 09:23:20,131|base_page.py[line:67] INFO:Had find the element '  ' successful by xpath via value: //input[@name='organizationName'] 
2020-06-18 09:23:20,699|base_page.py[line:67] INFO:Had find the element '  ' successful by xpath via value: //input[@name='organizationName'] 
2020-06-18 09:23:21,253|base_page.py[line:67] INFO:Had find the element '  ' successful by xpath via value: //input[@name='organizationName'] 
2020-06-18 09:23:21,933|base_page.py[line:134] INFO:Had type '  Trust/Estate2020/06/18 09:21:14 ' in inputBox
2020-06-18 09:23:22,521|base_page.py[line:67] INFO:Had find the element ' Select one...
AK
AL
AR
AZ
CA
CO
CT
DC
DE
FL
GA
HI
IA
ID
IL
IN
KS
KY
LA
MA
MD
ME
MI
MN
MO
MS
MT
NC
ND
NE
NH
NJ
NM
NV
NY
OH
OK
OR
PA
RI
SC
SD
TN
TX
UT
VA
VT
WA
WI
WV
WY
ON
NL
BC ' successful by xpath via value: //select[@name='stateOfIncorporation'] 
2020-06-18 09:23:22,742|base_page.py[line:156] INFO:The element ' Select one...
AK
AL
AR
AZ
CA
CO
CT
DC
DE
FL
GA
HI
IA
ID
IL
IN
KS
KY
LA
MA
MD
ME
MI
MN
MO
MS
MT
NC
ND
NE
NH
NJ
NM
NV
NY
OH
OK
OR
PA
RI
SC
SD
TN
TX
UT
VA
VT
WA
WI
WV
WY
ON
NL
BC ' was clicked.
2020-06-18 09:23:23,351|base_page.py[line:67] INFO:Had find the element ' Select one...
AK
AL
AR
AZ
CA
CO
CT
DC
DE
FL
GA
HI
IA
ID
IL
IN
KS
KY
LA
MA
MD
ME
MI
MN
MO
MS
MT
NC
ND
NE
NH
NJ
NM
NV
NY
OH
OK
OR
PA
RI
SC
SD
TN
TX
UT
VA
VT
WA
WI
WV
WY
ON
NL
BC ' successful by xpath via value: //select[@name='stateOfIncorporation'] 
2020-06-18 09:23:23,991|base_page.py[line:67] INFO:Had find the element ' Save ' successful by xpath via value: //button[text()='Save'] 
2020-06-18 09:23:24,091|base_page.py[line:156] INFO:The element ' Save ' was clicked.
2020-06-18 09:23:26,633|base_page.py[line:67] INFO:Had find the element ' Entity Trust/Estate2020/06/18 09:21:14: updated successfully. ' successful by xpath via value: //div[@role='alert'] 
2020-06-18 09:23:27,190|base_page.py[line:67] INFO:Had find the element ' Actions ' successful by xpath via value: //div[@class='btn-toolbar']/button[text()='Actions '] 
2020-06-18 09:23:27,275|base_page.py[line:156] INFO:The element ' Actions ' was clicked.
2020-06-18 09:23:27,815|base_page.py[line:67] INFO:Had find the element ' New ' successful by xpath via value: //div[@class='btn-toolbar show']/ul//a[text()='New'] 
2020-06-18 09:23:27,969|base_page.py[line:156] INFO:The element ' New ' was clicked.
2020-06-18 09:23:28,521|base_page.py[line:67] INFO:Had find the element ' Select one...
Person
Organization ' successful by xpath via value: //select[@name='typeName'] 
2020-06-18 09:23:28,635|base_page.py[line:156] INFO:The element ' Select one...
Person
Organization ' was clicked.
2020-06-18 09:23:29,161|base_page.py[line:67] INFO:Had find the element ' Select one...
Person
Organization ' successful by xpath via value: //select[@name='typeName'] 
2020-06-18 09:23:29,828|base_page.py[line:67] INFO:Had find the element ' Select one...
Sole Proprietor
Individual
Household ' successful by xpath via value: //select[@name='entityClass'] 
2020-06-18 09:23:29,985|base_page.py[line:156] INFO:The element ' Select one...
Sole Proprietor
Individual
Household ' was clicked.
2020-06-18 09:23:30,514|base_page.py[line:67] INFO:Had find the element ' Select one...
Sole Proprietor
Individual
Household ' successful by xpath via value: //select[@name='entityClass'] 
2020-06-18 09:23:31,227|base_page.py[line:67] INFO:Had find the element ' Select one...
Mr.
Mrs.
Ms.
Miss
Dr.
Rev.
N/A ' successful by xpath via value: //form[@class='ie-fix-flex']/div[1]//select[@name='salutation'] 
2020-06-18 09:23:31,410|base_page.py[line:156] INFO:The element ' Select one...
Mr.
Mrs.
Ms.
Miss
Dr.
Rev.
N/A ' was clicked.
2020-06-18 09:23:31,938|base_page.py[line:67] INFO:Had find the element ' Select one...
Mr.
Mrs.
Ms.
Miss
Dr.
Rev.
N/A ' successful by xpath via value: //form[@class='ie-fix-flex']/div[1]//select[@name='salutation'] 
2020-06-18 09:23:32,598|base_page.py[line:67] INFO:Had find the element '  ' successful by xpath via value: //form[@class='ie-fix-flex']/div[1]//input[@name='firstName'] 
2020-06-18 09:23:33,322|base_page.py[line:134] INFO:Had type ' First2020/06/18 09:21:14 ' in inputBox
2020-06-18 09:23:33,897|base_page.py[line:67] INFO:Had find the element '  ' successful by xpath via value: //form[@class='ie-fix-flex']/div[1]//input[@name='lastName'] 
2020-06-18 09:23:34,374|base_page.py[line:134] INFO:Had type ' Last2020/06/18 09:21:14 ' in inputBox
2020-06-18 09:23:34,956|base_page.py[line:67] INFO:Had find the element ' Select one...
Sr.
Jr.
II
III
IV
M.D.
D.D.S.
Ph.D.
et al
et ux
Trustee ' successful by xpath via value: //form[@class='ie-fix-flex']/div[1]//select[@name='suffix'] 
2020-06-18 09:23:35,100|base_page.py[line:156] INFO:The element ' Select one...
Sr.
Jr.
II
III
IV
M.D.
D.D.S.
Ph.D.
et al
et ux
Trustee ' was clicked.
2020-06-18 09:23:35,657|base_page.py[line:67] INFO:Had find the element ' Select one...
Sr.
Jr.
II
III
IV
M.D.
D.D.S.
Ph.D.
et al
et ux
Trustee ' successful by xpath via value: //form[@class='ie-fix-flex']/div[1]//select[@name='suffix'] 
2020-06-18 09:23:36,303|base_page.py[line:67] INFO:Had find the element '  ' successful by xpath via value: //form[@class='ie-fix-flex']/div[2]//div[@class='col-md-8']/div[1]//input[@name='firstName'] 
2020-06-18 09:23:37,066|base_page.py[line:134] INFO:Had type ' contact22020/06/18 09:21:14 ' in inputBox
2020-06-18 09:23:37,628|base_page.py[line:67] INFO:Had find the element '  ' successful by xpath via value: //form[@class='ie-fix-flex']/div[2]//div[@class='col-md-8']/div[1]//input[@name='lastName'] 
2020-06-18 09:23:38,189|base_page.py[line:134] INFO:Had type ' contact22020/06/18 09:21:14 ' in inputBox
2020-06-18 09:23:38,786|base_page.py[line:67] INFO:Had find the element ' Select one...
Accountant
Administrator
Agent
Analyst
Assistant
Associate
Bookkeeper
Clerk
Compliance
Consultant
Controller
Coordinator
CPA
Engineer
Executive
Geologist
Judge
Manager
Managing Member
Operator
Owner
Partner
Representative
Self
Specialist
Spouse
Supervisor
Technologist
Trustee
Unknown
BAN Contact
RRAC Contact
President ' successful by xpath via value: //div[@class='col-md-8']/div[1]//select[@name='contactRole'] 
2020-06-18 09:23:38,953|base_page.py[line:156] INFO:The element ' Select one...
Accountant
Administrator
Agent
Analyst
Assistant
Associate
Bookkeeper
Clerk
Compliance
Consultant
Controller
Coordinator
CPA
Engineer
Executive
Geologist
Judge
Manager
Managing Member
Operator
Owner
Partner
Representative
Self
Specialist
Spouse
Supervisor
Technologist
Trustee
Unknown
BAN Contact
RRAC Contact
President ' was clicked.
2020-06-18 09:23:39,524|base_page.py[line:67] INFO:Had find the element ' Select one...
Accountant
Administrator
Agent
Analyst
Assistant
Associate
Bookkeeper
Clerk
Compliance
Consultant
Controller
Coordinator
CPA
Engineer
Executive
Geologist
Judge
Manager
Managing Member
Operator
Owner
Partner
Representative
Self
Specialist
Spouse
Supervisor
Technologist
Trustee
Unknown
BAN Contact
RRAC Contact
President ' successful by xpath via value: //div[@class='col-md-8']/div[1]//select[@name='contactRole'] 
2020-06-18 09:23:40,174|base_page.py[line:67] INFO:Had find the element ' Select one...
Personal
Business
Company
Government
Unknown ' successful by xpath via value: //div[@class='col-md-8']/div[1]//select[@name='emailType'] 
2020-06-18 09:23:40,314|base_page.py[line:156] INFO:The element ' Select one...
Personal
Business
Company
Government
Unknown ' was clicked.
2020-06-18 09:23:40,864|base_page.py[line:67] INFO:Had find the element ' Select one...
Personal
Business
Company
Government
Unknown ' successful by xpath via value: //div[@class='col-md-8']/div[1]//select[@name='emailType'] 
2020-06-18 09:23:41,518|base_page.py[line:67] INFO:Had find the element '  ' successful by xpath via value: //div[@class='col-md-8']/div[1]//input[@name='emailAddress'] 
2020-06-18 09:23:41,921|base_page.py[line:134] INFO:Had type ' test@qq.com ' in inputBox
2020-06-18 09:23:42,460|base_page.py[line:67] INFO:Had find the element '  ' successful by xpath via value: //div[@class='col-md-8']/div[1]//div[@class='card-body bg-light']/div[1]//input[@name='areaCode'] 
2020-06-18 09:23:42,615|base_page.py[line:134] INFO:Had type ' 111 ' in inputBox
2020-06-18 09:23:43,184|base_page.py[line:67] INFO:Had find the element '  ' successful by xpath via value: //div[@class='col-md-8']/div[1]//div[@class='card-body bg-light']/div[1]//input[@name='phone'] 
2020-06-18 09:23:43,427|base_page.py[line:134] INFO:Had type ' 1111111 ' in inputBox
2020-06-18 09:23:44,001|base_page.py[line:67] INFO:Had find the element ' Select one...
Cell
Fax
Home
Office
Other
Unknown ' successful by xpath via value: //div[@class='col-md-8']/div[1]//div[@class='card-body bg-light']/div[1]//select[@name='phoneType'] 
2020-06-18 09:23:44,124|base_page.py[line:156] INFO:The element ' Select one...
Cell
Fax
Home
Office
Other
Unknown ' was clicked.
2020-06-18 09:23:44,677|base_page.py[line:67] INFO:Had find the element ' Select one...
Cell
Fax
Home
Office
Other
Unknown ' successful by xpath via value: //div[@class='col-md-8']/div[1]//div[@class='card-body bg-light']/div[1]//select[@name='phoneType'] 
2020-06-18 09:23:45,299|base_page.py[line:67] INFO:Had find the element ' Add Phone 2 ' successful by xpath via value: //div[@class='col-md-8']/div[1]//p[text()='Phone 2'] 
2020-06-18 09:23:45,437|base_page.py[line:156] INFO:The element ' Add Phone 2 ' was clicked.
2020-06-18 09:23:45,998|base_page.py[line:67] INFO:Had find the element '  ' successful by xpath via value: //div[@class='col-md-8']/div[1]//div[@class='card-body bg-light']/div[3]//input[@name='areaCode'] 
2020-06-18 09:23:46,228|base_page.py[line:134] INFO:Had type ' 222 ' in inputBox
2020-06-18 09:23:46,782|base_page.py[line:67] INFO:Had find the element '  ' successful by xpath via value: //div[@class='col-md-8']/div[1]//div[@class='card-body bg-light']/div[3]//input[@name='phone'] 
2020-06-18 09:23:46,974|base_page.py[line:134] INFO:Had type ' 2222222 ' in inputBox
2020-06-18 09:23:47,525|base_page.py[line:67] INFO:Had find the element ' Select one...
Cell
Fax
Home
Office
Other
Unknown ' successful by xpath via value: //div[@class='col-md-8']/div[1]//div[@class='card-body bg-light']/div[3]//select[@name='phoneType'] 
2020-06-18 09:23:47,671|base_page.py[line:156] INFO:The element ' Select one...
Cell
Fax
Home
Office
Other
Unknown ' was clicked.
2020-06-18 09:23:48,221|base_page.py[line:67] INFO:Had find the element ' Select one...
Cell
Fax
Home
Office
Other
Unknown ' successful by xpath via value: //div[@class='col-md-8']/div[1]//div[@class='card-body bg-light']/div[3]//select[@name='phoneType'] 
2020-06-18 09:23:48,882|base_page.py[line:67] INFO:Had find the element ' Add Phone 3 ' successful by xpath via value: //div[@class='col-md-8']/div[1]//p[text()='Phone 3'] 
2020-06-18 09:23:49,044|base_page.py[line:156] INFO:The element ' Add Phone 3 ' was clicked.
2020-06-18 09:23:49,602|base_page.py[line:67] INFO:Had find the element '  ' successful by xpath via value: //div[@class='col-md-8']/div[1]//div[@class='card-body bg-light']/div[5]//input[@name='areaCode'] 
2020-06-18 09:23:49,838|base_page.py[line:134] INFO:Had type ' 333 ' in inputBox
2020-06-18 09:23:50,401|base_page.py[line:67] INFO:Had find the element '  ' successful by xpath via value: //div[@class='col-md-8']/div[1]//div[@class='card-body bg-light']/div[5]//input[@name='phone'] 
2020-06-18 09:23:50,604|base_page.py[line:134] INFO:Had type ' 3333333 ' in inputBox
2020-06-18 09:23:51,190|base_page.py[line:67] INFO:Had find the element ' Select one...
Cell
Fax
Home
Office
Other
Unknown ' successful by xpath via value: //div[@class='col-md-8']/div[1]//div[@class='card-body bg-light']/div[5]//select[@name='phoneType'] 
2020-06-18 09:23:51,308|base_page.py[line:156] INFO:The element ' Select one...
Cell
Fax
Home
Office
Other
Unknown ' was clicked.
2020-06-18 09:23:51,857|base_page.py[line:67] INFO:Had find the element ' Select one...
Cell
Fax
Home
Office
Other
Unknown ' successful by xpath via value: //div[@class='col-md-8']/div[1]//div[@class='card-body bg-light']/div[5]//select[@name='phoneType'] 
2020-06-18 09:23:52,493|base_page.py[line:67] INFO:Had find the element ' Add Contact 2 ' successful by xpath via value: //p[text()='Contact 2'] 
2020-06-18 09:23:52,625|base_page.py[line:156] INFO:The element ' Add Contact 2 ' was clicked.
2020-06-18 09:23:53,179|base_page.py[line:67] INFO:Had find the element '  ' successful by xpath via value: //form[@class='ie-fix-flex']/div[2]//div[@class='col-md-8']/div[3]//input[@name='firstName'] 
2020-06-18 09:23:54,034|base_page.py[line:134] INFO:Had type ' contact22020/06/18 09:21:14 ' in inputBox
2020-06-18 09:23:54,570|base_page.py[line:67] INFO:Had find the element '  ' successful by xpath via value: //form[@class='ie-fix-flex']/div[2]//div[@class='col-md-8']/div[3]//input[@name='lastName'] 
2020-06-18 09:23:55,245|base_page.py[line:134] INFO:Had type ' contact22020/06/18 09:21:14 ' in inputBox
2020-06-18 09:23:55,853|base_page.py[line:67] INFO:Had find the element ' Select one...
Accountant
Administrator
Agent
Analyst
Assistant
Associate
Bookkeeper
Clerk
Compliance
Consultant
Controller
Coordinator
CPA
Engineer
Executive
Geologist
Judge
Manager
Managing Member
Operator
Owner
Partner
Representative
Self
Specialist
Spouse
Supervisor
Technologist
Trustee
Unknown
BAN Contact
RRAC Contact
President ' successful by xpath via value: //div[@class='col-md-8']/div[3]//select[@name='contactRole'] 
2020-06-18 09:23:56,041|base_page.py[line:156] INFO:The element ' Select one...
Accountant
Administrator
Agent
Analyst
Assistant
Associate
Bookkeeper
Clerk
Compliance
Consultant
Controller
Coordinator
CPA
Engineer
Executive
Geologist
Judge
Manager
Managing Member
Operator
Owner
Partner
Representative
Self
Specialist
Spouse
Supervisor
Technologist
Trustee
Unknown
BAN Contact
RRAC Contact
President ' was clicked.
2020-06-18 09:23:56,628|base_page.py[line:67] INFO:Had find the element ' Select one...
Accountant
Administrator
Agent
Analyst
Assistant
Associate
Bookkeeper
Clerk
Compliance
Consultant
Controller
Coordinator
CPA
Engineer
Executive
Geologist
Judge
Manager
Managing Member
Operator
Owner
Partner
Representative
Self
Specialist
Spouse
Supervisor
Technologist
Trustee
Unknown
BAN Contact
RRAC Contact
President ' successful by xpath via value: //div[@class='col-md-8']/div[3]//select[@name='contactRole'] 
2020-06-18 09:23:57,269|base_page.py[line:67] INFO:Had find the element ' Select one...
Personal
Business
Company
Government
Unknown ' successful by xpath via value: //div[@class='col-md-8']/div[3]//select[@name='emailType'] 
2020-06-18 09:23:57,409|base_page.py[line:156] INFO:The element ' Select one...
Personal
Business
Company
Government
Unknown ' was clicked.
2020-06-18 09:23:57,965|base_page.py[line:67] INFO:Had find the element ' Select one...
Personal
Business
Company
Government
Unknown ' successful by xpath via value: //div[@class='col-md-8']/div[3]//select[@name='emailType'] 
2020-06-18 09:23:58,640|base_page.py[line:67] INFO:Had find the element '  ' successful by xpath via value: //div[@class='col-md-8']/div[3]//input[@name='emailAddress'] 
2020-06-18 09:23:59,076|base_page.py[line:134] INFO:Had type ' test@qq.com ' in inputBox
2020-06-18 09:23:59,634|base_page.py[line:67] INFO:Had find the element '  ' successful by xpath via value: //div[@class='col-md-8']/div[3]//div[@class='card-body bg-light']/div[1]//input[@name='areaCode'] 
2020-06-18 09:23:59,813|base_page.py[line:134] INFO:Had type ' 111 ' in inputBox
2020-06-18 09:24:00,372|base_page.py[line:67] INFO:Had find the element '  ' successful by xpath via value: //div[@class='col-md-8']/div[3]//div[@class='card-body bg-light']/div[1]//input[@name='phone'] 
2020-06-18 09:24:00,612|base_page.py[line:134] INFO:Had type ' 1111111 ' in inputBox
2020-06-18 09:24:01,196|base_page.py[line:67] INFO:Had find the element ' Select one...
Cell
Fax
Home
Office
Other
Unknown ' successful by xpath via value: //div[@class='col-md-8']/div[3]//div[@class='card-body bg-light']/div[1]//select[@name='phoneType'] 
2020-06-18 09:24:01,315|base_page.py[line:156] INFO:The element ' Select one...
Cell
Fax
Home
Office
Other
Unknown ' was clicked.
2020-06-18 09:24:01,871|base_page.py[line:67] INFO:Had find the element ' Select one...
Cell
Fax
Home
Office
Other
Unknown ' successful by xpath via value: //div[@class='col-md-8']/div[3]//div[@class='card-body bg-light']/div[1]//select[@name='phoneType'] 
2020-06-18 09:24:02,532|base_page.py[line:67] INFO:Had find the element ' Add Phone 2 ' successful by xpath via value: //div[@class='col-md-8']/div[3]//p[text()='Phone 2'] 
2020-06-18 09:24:02,661|base_page.py[line:156] INFO:The element ' Add Phone 2 ' was clicked.
2020-06-18 09:24:03,229|base_page.py[line:67] INFO:Had find the element '  ' successful by xpath via value: //div[@class='col-md-8']/div[3]//div[@class='card-body bg-light']/div[3]//input[@name='areaCode'] 
2020-06-18 09:24:03,459|base_page.py[line:134] INFO:Had type ' 222 ' in inputBox
2020-06-18 09:24:04,012|base_page.py[line:67] INFO:Had find the element '  ' successful by xpath via value: //div[@class='col-md-8']/div[3]//div[@class='card-body bg-light']/div[3]//input[@name='phone'] 
2020-06-18 09:24:04,294|base_page.py[line:134] INFO:Had type ' 2222222 ' in inputBox
2020-06-18 09:24:04,844|base_page.py[line:67] INFO:Had find the element ' Select one...
Cell
Fax
Home
Office
Other
Unknown ' successful by xpath via value: //div[@class='col-md-8']/div[3]//div[@class='card-body bg-light']/div[3]//select[@name='phoneType'] 
2020-06-18 09:24:04,983|base_page.py[line:156] INFO:The element ' Select one...
Cell
Fax
Home
Office
Other
Unknown ' was clicked.
2020-06-18 09:24:05,553|base_page.py[line:67] INFO:Had find the element ' Select one...
Cell
Fax
Home
Office
Other
Unknown ' successful by xpath via value: //div[@class='col-md-8']/div[3]//div[@class='card-body bg-light']/div[3]//select[@name='phoneType'] 
2020-06-18 09:24:06,200|base_page.py[line:67] INFO:Had find the element ' Add Phone 3 ' successful by xpath via value: //div[@class='col-md-8']/div[3]//p[text()='Phone 3'] 
2020-06-18 09:24:06,327|base_page.py[line:156] INFO:The element ' Add Phone 3 ' was clicked.
2020-06-18 09:24:06,862|base_page.py[line:67] INFO:Had find the element '  ' successful by xpath via value: //div[@class='col-md-8']/div[3]//div[@class='card-body bg-light']/div[5]//input[@name='areaCode'] 
2020-06-18 09:24:07,111|base_page.py[line:134] INFO:Had type ' 333 ' in inputBox
2020-06-18 09:24:07,664|base_page.py[line:67] INFO:Had find the element '  ' successful by xpath via value: //div[@class='col-md-8']/div[3]//div[@class='card-body bg-light']/div[5]//input[@name='phone'] 
2020-06-18 09:24:07,995|base_page.py[line:134] INFO:Had type ' 3333333 ' in inputBox
2020-06-18 09:24:08,569|base_page.py[line:67] INFO:Had find the element ' Select one...
Cell
Fax
Home
Office
Other
Unknown ' successful by xpath via value: //div[@class='col-md-8']/div[3]//div[@class='card-body bg-light']/div[5]//select[@name='phoneType'] 
2020-06-18 09:24:08,691|base_page.py[line:156] INFO:The element ' Select one...
Cell
Fax
Home
Office
Other
Unknown ' was clicked.
2020-06-18 09:24:09,246|base_page.py[line:67] INFO:Had find the element ' Select one...
Cell
Fax
Home
Office
Other
Unknown ' successful by xpath via value: //div[@class='col-md-8']/div[3]//div[@class='card-body bg-light']/div[5]//select[@name='phoneType'] 
2020-06-18 09:24:09,930|base_page.py[line:67] INFO:Had find the element ' Add Address ' successful by xpath via value: //p[text()='Address'] 
2020-06-18 09:24:10,145|base_page.py[line:156] INFO:The element ' Add Address ' was clicked.
2020-06-18 09:24:10,678|base_page.py[line:67] INFO:Had find the element '  ' successful by xpath via value: //input[@name='address1'] 
2020-06-18 09:24:11,130|base_page.py[line:134] INFO:Had type ' Address ' in inputBox
2020-06-18 09:24:11,694|base_page.py[line:67] INFO:Had find the element ' Select one...
Consultant
Home
Office
Mailing
Billing-Mineral
Unknown ' successful by xpath via value: //select[@name='addressType'] 
2020-06-18 09:24:11,809|base_page.py[line:156] INFO:The element ' Select one...
Consultant
Home
Office
Mailing
Billing-Mineral
Unknown ' was clicked.
2020-06-18 09:24:12,342|base_page.py[line:67] INFO:Had find the element ' Select one...
Consultant
Home
Office
Mailing
Billing-Mineral
Unknown ' successful by xpath via value: //select[@name='addressType'] 
2020-06-18 09:24:13,010|base_page.py[line:67] INFO:Had find the element '  ' successful by xpath via value: //input[@name='city'] 
2020-06-18 09:24:13,407|base_page.py[line:134] INFO:Had type ' changsha ' in inputBox
2020-06-18 09:24:14,044|base_page.py[line:67] INFO:Had find the element ' Select one...
AK
AL
AR
AZ
CA
CO
CT
DC
DE
FL
GA
HI
IA
ID
IL
IN
KS
KY
LA
MA
MD
ME
MI
MN
MO
MS
MT
NC
ND
NE
NH
NJ
NM
NV
NY
OH
OK
OR
PA
RI
SC
SD
TN
TX
UT
VA
VT
WA
WI
WV
WY
ON
NL
BC ' successful by xpath via value: //select[@name='stateCode'] 
2020-06-18 09:24:14,248|base_page.py[line:156] INFO:The element ' Select one...
AK
AL
AR
AZ
CA
CO
CT
DC
DE
FL
GA
HI
IA
ID
IL
IN
KS
KY
LA
MA
MD
ME
MI
MN
MO
MS
MT
NC
ND
NE
NH
NJ
NM
NV
NY
OH
OK
OR
PA
RI
SC
SD
TN
TX
UT
VA
VT
WA
WI
WV
WY
ON
NL
BC ' was clicked.
2020-06-18 09:24:14,856|base_page.py[line:67] INFO:Had find the element ' Select one...
AK
AL
AR
AZ
CA
CO
CT
DC
DE
FL
GA
HI
IA
ID
IL
IN
KS
KY
LA
MA
MD
ME
MI
MN
MO
MS
MT
NC
ND
NE
NH
NJ
NM
NV
NY
OH
OK
OR
PA
RI
SC
SD
TN
TX
UT
VA
VT
WA
WI
WV
WY
ON
NL
BC ' successful by xpath via value: //select[@name='stateCode'] 
2020-06-18 09:24:15,516|base_page.py[line:67] INFO:Had find the element '  ' successful by xpath via value: //input[@name='postalCode'] 
2020-06-18 09:24:15,842|base_page.py[line:134] INFO:Had type ' 07311 ' in inputBox
2020-06-18 09:24:16,396|base_page.py[line:67] INFO:Had find the element ' Add Identifier ' successful by xpath via value: //p[text()='Identifier'] 
2020-06-18 09:24:16,505|base_page.py[line:156] INFO:The element ' Add Identifier ' was clicked.
2020-06-18 09:24:17,063|base_page.py[line:67] INFO:Had find the element ' Select one...
SSN
Federal EIN
Agency ID
State Tax ID
Internal GLO ID
Unknown ' successful by xpath via value: //select[@name='name'] 
2020-06-18 09:24:17,214|base_page.py[line:156] INFO:The element ' Select one...
SSN
Federal EIN
Agency ID
State Tax ID
Internal GLO ID
Unknown ' was clicked.
2020-06-18 09:24:17,758|base_page.py[line:67] INFO:Had find the element ' Select one...
SSN
Federal EIN
Agency ID
State Tax ID
Internal GLO ID
Unknown ' successful by xpath via value: //select[@name='name'] 
2020-06-18 09:24:18,415|base_page.py[line:67] INFO:Had find the element '  ' successful by xpath via value: //input[@name='identifier'] 
2020-06-18 09:24:18,911|base_page.py[line:134] INFO:Had type ' 999999999 ' in inputBox
2020-06-18 09:24:19,465|base_page.py[line:67] INFO:Had find the element ' Save ' successful by xpath via value: //button[text()='Save'] 
2020-06-18 09:24:19,574|base_page.py[line:156] INFO:The element ' Save ' was clicked.
2020-06-18 09:24:22,121|base_page.py[line:67] INFO:Had find the element ' Entity: First2020/06/18 09:21:14 created successfully. ' successful by xpath via value: //div[@role='alert'] 
2020-06-18 09:24:22,686|base_page.py[line:67] INFO:Had find the element ' Actions ' successful by xpath via value: //div[@class='btn-toolbar']/button[text()='Actions '] 
2020-06-18 09:24:22,819|base_page.py[line:156] INFO:The element ' Actions ' was clicked.
2020-06-18 09:24:23,384|base_page.py[line:67] INFO:Had find the element ' New ' successful by xpath via value: //div[@class='btn-toolbar show']/ul//a[text()='New'] 
2020-06-18 09:24:23,504|base_page.py[line:156] INFO:The element ' New ' was clicked.
2020-06-18 09:24:24,045|base_page.py[line:67] INFO:Had find the element ' Select one...
Person
Organization ' successful by xpath via value: //select[@name='typeName'] 
2020-06-18 09:24:24,179|base_page.py[line:156] INFO:The element ' Select one...
Person
Organization ' was clicked.
2020-06-18 09:24:24,718|base_page.py[line:67] INFO:Had find the element ' Select one...
Person
Organization ' successful by xpath via value: //select[@name='typeName'] 
2020-06-18 09:24:25,379|base_page.py[line:67] INFO:Had find the element ' Select one...
Sole Proprietor
Individual
Household ' successful by xpath via value: //select[@name='entityClass'] 
2020-06-18 09:24:25,533|base_page.py[line:156] INFO:The element ' Select one...
Sole Proprietor
Individual
Household ' was clicked.
2020-06-18 09:24:26,064|base_page.py[line:67] INFO:Had find the element ' Select one...
Sole Proprietor
Individual
Household ' successful by xpath via value: //select[@name='entityClass'] 
2020-06-18 09:24:26,760|base_page.py[line:67] INFO:Had find the element ' Select one...
Mr.
Mrs.
Ms.
Miss
Dr.
Rev.
N/A ' successful by xpath via value: //form[@class='ie-fix-flex']/div[1]//select[@name='salutation'] 
2020-06-18 09:24:26,907|base_page.py[line:156] INFO:The element ' Select one...
Mr.
Mrs.
Ms.
Miss
Dr.
Rev.
N/A ' was clicked.
2020-06-18 09:24:27,444|base_page.py[line:67] INFO:Had find the element ' Select one...
Mr.
Mrs.
Ms.
Miss
Dr.
Rev.
N/A ' successful by xpath via value: //form[@class='ie-fix-flex']/div[1]//select[@name='salutation'] 
2020-06-18 09:24:28,102|base_page.py[line:67] INFO:Had find the element '  ' successful by xpath via value: //form[@class='ie-fix-flex']/div[1]//input[@name='firstName'] 
2020-06-18 09:24:28,776|base_page.py[line:134] INFO:Had type ' First2020/06/18 09:21:14 ' in inputBox
2020-06-18 09:24:29,364|base_page.py[line:67] INFO:Had find the element '  ' successful by xpath via value: //form[@class='ie-fix-flex']/div[1]//input[@name='lastName'] 
2020-06-18 09:24:29,825|base_page.py[line:134] INFO:Had type ' Last2020/06/18 09:21:14 ' in inputBox
2020-06-18 09:24:30,400|base_page.py[line:67] INFO:Had find the element ' Select one...
Sr.
Jr.
II
III
IV
M.D.
D.D.S.
Ph.D.
et al
et ux
Trustee ' successful by xpath via value: //form[@class='ie-fix-flex']/div[1]//select[@name='suffix'] 
2020-06-18 09:24:30,527|base_page.py[line:156] INFO:The element ' Select one...
Sr.
Jr.
II
III
IV
M.D.
D.D.S.
Ph.D.
et al
et ux
Trustee ' was clicked.
2020-06-18 09:24:31,095|base_page.py[line:67] INFO:Had find the element ' Select one...
Sr.
Jr.
II
III
IV
M.D.
D.D.S.
Ph.D.
et al
et ux
Trustee ' successful by xpath via value: //form[@class='ie-fix-flex']/div[1]//select[@name='suffix'] 
2020-06-18 09:24:31,730|base_page.py[line:67] INFO:Had find the element '  ' successful by id via value: sameAs 
2020-06-18 09:24:31,838|base_page.py[line:156] INFO:The element '  ' was clicked.
2020-06-18 09:24:32,449|base_page.py[line:67] INFO:Had find the element ' Select one...
Accountant
Administrator
Agent
Analyst
Assistant
Associate
Bookkeeper
Clerk
Compliance
Consultant
Controller
Coordinator
CPA
Engineer
Executive
Geologist
Judge
Manager
Managing Member
Operator
Owner
Partner
Representative
Self
Specialist
Spouse
Supervisor
Technologist
Trustee
Unknown
BAN Contact
RRAC Contact
President ' successful by xpath via value: //div[@class='col-md-8']/div[1]//select[@name='contactRole'] 
2020-06-18 09:24:32,562|base_page.py[line:156] INFO:The element ' Select one...
Accountant
Administrator
Agent
Analyst
Assistant
Associate
Bookkeeper
Clerk
Compliance
Consultant
Controller
Coordinator
CPA
Engineer
Executive
Geologist
Judge
Manager
Managing Member
Operator
Owner
Partner
Representative
Self
Specialist
Spouse
Supervisor
Technologist
Trustee
Unknown
BAN Contact
RRAC Contact
President ' was clicked.
2020-06-18 09:24:33,151|base_page.py[line:67] INFO:Had find the element ' Select one...
Accountant
Administrator
Agent
Analyst
Assistant
Associate
Bookkeeper
Clerk
Compliance
Consultant
Controller
Coordinator
CPA
Engineer
Executive
Geologist
Judge
Manager
Managing Member
Operator
Owner
Partner
Representative
Self
Specialist
Spouse
Supervisor
Technologist
Trustee
Unknown
BAN Contact
RRAC Contact
President ' successful by xpath via value: //div[@class='col-md-8']/div[1]//select[@name='contactRole'] 
2020-06-18 09:24:33,763|base_page.py[line:67] INFO:Had find the element ' Select one...
Personal
Business
Company
Government
Unknown ' successful by xpath via value: //div[@class='col-md-8']/div[1]//select[@name='emailType'] 
2020-06-18 09:24:33,902|base_page.py[line:156] INFO:The element ' Select one...
Personal
Business
Company
Government
Unknown ' was clicked.
2020-06-18 09:24:34,461|base_page.py[line:67] INFO:Had find the element ' Select one...
Personal
Business
Company
Government
Unknown ' successful by xpath via value: //div[@class='col-md-8']/div[1]//select[@name='emailType'] 
2020-06-18 09:24:35,117|base_page.py[line:67] INFO:Had find the element '  ' successful by xpath via value: //div[@class='col-md-8']/div[1]//input[@name='emailAddress'] 
2020-06-18 09:24:35,472|base_page.py[line:134] INFO:Had type ' test@qq.com ' in inputBox
2020-06-18 09:24:36,025|base_page.py[line:67] INFO:Had find the element '  ' successful by xpath via value: //div[@class='col-md-8']/div[1]//div[@class='card-body bg-light']/div[1]//input[@name='areaCode'] 
2020-06-18 09:24:36,168|base_page.py[line:134] INFO:Had type ' 111 ' in inputBox
2020-06-18 09:24:36,728|base_page.py[line:67] INFO:Had find the element '  ' successful by xpath via value: //div[@class='col-md-8']/div[1]//div[@class='card-body bg-light']/div[1]//input[@name='phone'] 
2020-06-18 09:24:36,936|base_page.py[line:134] INFO:Had type ' 1111111 ' in inputBox
2020-06-18 09:24:37,497|base_page.py[line:67] INFO:Had find the element ' Select one...
Cell
Fax
Home
Office
Other
Unknown ' successful by xpath via value: //div[@class='col-md-8']/div[1]//div[@class='card-body bg-light']/div[1]//select[@name='phoneType'] 
2020-06-18 09:24:37,634|base_page.py[line:156] INFO:The element ' Select one...
Cell
Fax
Home
Office
Other
Unknown ' was clicked.
2020-06-18 09:24:38,180|base_page.py[line:67] INFO:Had find the element ' Select one...
Cell
Fax
Home
Office
Other
Unknown ' successful by xpath via value: //div[@class='col-md-8']/div[1]//div[@class='card-body bg-light']/div[1]//select[@name='phoneType'] 
2020-06-18 09:24:38,832|base_page.py[line:67] INFO:Had find the element ' Save ' successful by xpath via value: //button[text()='Save'] 
2020-06-18 09:24:38,940|base_page.py[line:156] INFO:The element ' Save ' was clicked.
2020-06-18 09:24:51,876|base_page.py[line:69] ERROR:TimeoutException: selector by xpath ,value //div[@role='alert']
2020-06-18 09:24:51,877|base_page.py[line:122] ERROR:NoSuchElement selector_by: xpath, selector: //div[@role='alert'] 
2020-06-18 09:25:03,155|base_page.py[line:69] ERROR:TimeoutException: selector by id ,value id=>alano-glo-brand-logo
2020-06-18 09:25:03,719|base_page.py[line:67] INFO:Had find the element '  ' successful by id via value: alano-glo-brand-logo 
2020-06-18 09:25:03,857|base_page.py[line:156] INFO:The element '  ' was clicked.
2020-06-18 09:25:14,755|base_page.py[line:69] ERROR:TimeoutException: selector by xpath ,value xpath=>//div[@class='card']/form//div[@id='homeGrid']/div//h2
2020-06-18 09:25:15,290|base_page.py[line:222] INFO:Had find the elements successful by xpath via value: //div[@class='card']/form//div[@id='homeGrid']/div//h2 
2020-06-18 09:25:15,930|base_page.py[line:67] INFO:Had find the element '  ' successful by xpath via value: //div[@class='card']/form//div[@id='homeGrid']/div[4]//input 
2020-06-18 09:25:16,176|base_page.py[line:134] INFO:Had type ' C000089557 ' in inputBox
2020-06-18 09:25:16,742|base_page.py[line:67] INFO:Had find the element ' Go ' successful by xpath via value: //div[@class='card']/form//div[@id='homeGrid']/div[4]/div/button 
2020-06-18 09:25:16,833|base_page.py[line:156] INFO:The element ' Go ' was clicked.
2020-06-18 09:25:16,833|homePage.py[line:50] INFO:module_name: Customers
2020-06-18 09:25:27,714|base_page.py[line:69] ERROR:TimeoutException: selector by xpath ,value xpath=>//div[@class='card']//li/a[text()='Entity']
