2020-08-07 08:29:53,101|browser_engine.py[line:26] INFO:You had select Chrome browser.
2020-08-07 08:29:53,102|browser_engine.py[line:28] INFO:The test server url is: https://rr-alamo-test.azureedge.net
2020-08-07 08:29:56,220|browser_engine.py[line:42] INFO:Starting Chrome browser.
2020-08-07 08:29:57,438|browser_engine.py[line:56] INFO:Maximize the current window.
2020-08-07 08:30:07,270|browser_engine.py[line:59] INFO:Open url: https://rr-alamo-test.azureedge.net
2020-08-07 08:30:18,068|base_page.py[line:68] ERROR:TimeoutException: selector by xpath ,value xpath=>//div[@class='localAccount']//div[@class='intro']/h2
2020-08-07 08:30:18,687|base_page.py[line:66] INFO:Had find the element ' Sign in with your existing account ' successful by xpath via value: //div[@class='localAccount']//div[@class='intro']/h2 
2020-08-07 08:30:19,235|base_page.py[line:66] INFO:Had find the element '  ' successful by id via value: logonIdentifier 
2020-08-07 08:30:19,293|base_page.py[line:143] INFO:Clear text in input box before typing.
2020-08-07 08:30:19,829|base_page.py[line:66] INFO:Had find the element '  ' successful by id via value: logonIdentifier 
2020-08-07 08:30:20,150|base_page.py[line:133] INFO:Had type ' yan.liu@an-chen.com ' in inputBox
2020-08-07 08:30:20,700|base_page.py[line:66] INFO:Had find the element '  ' successful by id via value: password 
2020-08-07 08:30:20,743|base_page.py[line:143] INFO:Clear text in input box before typing.
2020-08-07 08:30:21,263|base_page.py[line:66] INFO:Had find the element '  ' successful by id via value: password 
2020-08-07 08:30:21,498|base_page.py[line:133] INFO:Had type ' Lychan@2012 ' in inputBox
2020-08-07 08:30:22,031|base_page.py[line:66] INFO:Had find the element ' Sign in ' successful by xpath via value: //div[@class='buttons']/button[text()='Sign in'] 
2020-08-07 08:30:26,670|base_page.py[line:66] INFO:Had find the element ' Welcome, yanliu ' successful by xpath via value: //div[@id='root']//div[@class='content-heading'] 
2020-08-07 08:30:26,670|login.py[line:41] INFO:login success
2020-08-07 08:30:37,808|base_page.py[line:68] ERROR:TimeoutException: selector by id ,value id=>alano-glo-brand-logo
2020-08-07 08:30:38,340|base_page.py[line:66] INFO:Had find the element '  ' successful by id via value: alano-glo-brand-logo 
2020-08-07 08:30:38,430|base_page.py[line:155] INFO:The element '  ' was clicked.
2020-08-07 08:30:40,965|base_page.py[line:66] INFO:Had find the element ' CUSTOMERS ' successful by id via value: customers 
2020-08-07 08:30:41,057|base_page.py[line:155] INFO:The element ' CUSTOMERS ' was clicked.
2020-08-07 08:30:41,610|base_page.py[line:221] INFO:Had find the elements successful by xpath via value: //ul[@class='dropdown-menu multi-level show']/li/a 
2020-08-07 08:30:42,192|base_page.py[line:66] INFO:Had find the element ' New ' successful by xpath via value: //ul[@class='dropdown-menu multi-level show']/li[2]/a 
2020-08-07 08:30:42,267|base_page.py[line:155] INFO:The element ' New ' was clicked.
2020-08-07 08:30:42,267|topMenu.py[line:70] INFO:second_menu: New
2020-08-07 08:30:44,875|base_page.py[line:66] INFO:Had find the element ' Select one...
Person
Organization ' successful by xpath via value: //select[@name='typeName'] 
2020-08-07 08:30:45,022|base_page.py[line:155] INFO:The element ' Select one...
Person
Organization ' was clicked.
2020-08-07 08:30:45,557|base_page.py[line:66] INFO:Had find the element ' Select one...
Person
Organization ' successful by xpath via value: //select[@name='typeName'] 
2020-08-07 08:30:46,302|base_page.py[line:66] INFO:Had find the element ' Select one...
Sole Proprietor
Individual
Household ' successful by xpath via value: //select[@name='entityClass'] 
2020-08-07 08:30:46,439|base_page.py[line:155] INFO:The element ' Select one...
Sole Proprietor
Individual
Household ' was clicked.
2020-08-07 08:30:46,980|base_page.py[line:66] INFO:Had find the element ' Select one...
Sole Proprietor
Individual
Household ' successful by xpath via value: //select[@name='entityClass'] 
2020-08-07 08:30:47,920|base_page.py[line:66] INFO:Had find the element ' Select one...
Mr.
Mrs.
Ms.
Miss
Dr.
Rev.
N/A ' successful by xpath via value: //form[@class='ie-fix-flex']/div[1]//select[@name='salutation'] 
2020-08-07 08:30:48,065|base_page.py[line:155] INFO:The element ' Select one...
Mr.
Mrs.
Ms.
Miss
Dr.
Rev.
N/A ' was clicked.
2020-08-07 08:30:48,594|base_page.py[line:66] INFO:Had find the element ' Select one...
Mr.
Mrs.
Ms.
Miss
Dr.
Rev.
N/A ' successful by xpath via value: //form[@class='ie-fix-flex']/div[1]//select[@name='salutation'] 
2020-08-07 08:30:49,230|base_page.py[line:66] INFO:Had find the element '  ' successful by xpath via value: //form[@class='ie-fix-flex']/div[1]//input[@name='firstName'] 
2020-08-07 08:30:49,464|base_page.py[line:133] INFO:Had type ' Dnfh80 ' in inputBox
2020-08-07 08:30:50,002|base_page.py[line:66] INFO:Had find the element '  ' successful by xpath via value: //form[@class='ie-fix-flex']/div[1]//input[@name='middleName'] 
2020-08-07 08:30:50,298|base_page.py[line:133] INFO:Had type ' lp69KF ' in inputBox
2020-08-07 08:30:51,214|base_page.py[line:66] INFO:Had find the element '  ' successful by xpath via value: //form[@class='ie-fix-flex']/div[1]//input[@name='lastName'] 
2020-08-07 08:30:51,666|base_page.py[line:133] INFO:Had type ' tzwp1G ' in inputBox
2020-08-07 08:30:52,221|base_page.py[line:66] INFO:Had find the element ' Select one...
Sr.
Jr.
II
III
IV
M.D.
D.D.S.
Ph.D.
et al
et ux
Trustee ' successful by xpath via value: //form[@class='ie-fix-flex']/div[1]//select[@name='suffix'] 
2020-08-07 08:30:52,346|base_page.py[line:155] INFO:The element ' Select one...
Sr.
Jr.
II
III
IV
M.D.
D.D.S.
Ph.D.
et al
et ux
Trustee ' was clicked.
2020-08-07 08:30:52,887|base_page.py[line:66] INFO:Had find the element ' Select one...
Sr.
Jr.
II
III
IV
M.D.
D.D.S.
Ph.D.
et al
et ux
Trustee ' successful by xpath via value: //form[@class='ie-fix-flex']/div[1]//select[@name='suffix'] 
2020-08-07 08:30:53,518|base_page.py[line:66] INFO:Had find the element ' Save ' successful by xpath via value: //button[text()='Save'] 
2020-08-07 08:30:53,625|base_page.py[line:155] INFO:The element ' Save ' was clicked.
2020-08-07 08:30:57,177|base_page.py[line:66] INFO:Had find the element ' Entity: Dnfh80 created successfully. ' successful by xpath via value: //div[@role='alert'] 
2020-08-07 08:30:57,752|base_page.py[line:66] INFO:Had find the element '  ' successful by xpath via value: //input[@name='customer-id'] 
2020-08-07 08:30:58,315|base_page.py[line:66] INFO:Had find the element '  ' successful by xpath via value: //input[@name='organization-name'] 
2020-08-07 08:30:58,857|base_page.py[line:66] INFO:Had find the element '  ' successful by xpath via value: //input[@name='entity-type'] 
2020-08-07 08:31:03,088|base_page.py[line:66] INFO:Had find the element ' CUSTOMERS ' successful by id via value: customers 
2020-08-07 08:31:03,176|base_page.py[line:155] INFO:The element ' CUSTOMERS ' was clicked.
2020-08-07 08:31:03,691|base_page.py[line:221] INFO:Had find the elements successful by xpath via value: //ul[@class='dropdown-menu multi-level show']/li/a 
2020-08-07 08:31:04,254|base_page.py[line:66] INFO:Had find the element ' New ' successful by xpath via value: //ul[@class='dropdown-menu multi-level show']/li[2]/a 
2020-08-07 08:31:04,332|base_page.py[line:155] INFO:The element ' New ' was clicked.
2020-08-07 08:31:04,332|topMenu.py[line:70] INFO:second_menu: New
2020-08-07 08:31:05,385|base_page.py[line:66] INFO:Had find the element ' Select one...
Person
Organization ' successful by xpath via value: //select[@name='typeName'] 
2020-08-07 08:31:05,562|base_page.py[line:155] INFO:The element ' Select one...
Person
Organization ' was clicked.
