2020-08-07 15:05:14,471|browser_engine.py[line:26] INFO:You had select Chrome browser.
2020-08-07 15:05:14,472|browser_engine.py[line:28] INFO:The test server url is: https://rr-alamo-test.azureedge.net
2020-08-07 15:05:18,648|browser_engine.py[line:42] INFO:Starting Chrome browser.
2020-08-07 15:05:19,813|browser_engine.py[line:56] INFO:Maximize the current window.
2020-08-07 15:05:19,908|browser_engine.py[line:26] INFO:You had select Chrome browser.
2020-08-07 15:05:19,909|browser_engine.py[line:28] INFO:The test server url is: https://rr-alamo-test.azureedge.net
2020-08-07 15:05:24,230|browser_engine.py[line:42] INFO:Starting Chrome browser.
2020-08-07 15:05:25,369|browser_engine.py[line:56] INFO:Maximize the current window.
2020-08-07 15:05:29,035|browser_engine.py[line:59] INFO:Open url: https://rr-alamo-test.azureedge.net
2020-08-07 15:05:40,268|browser_engine.py[line:59] INFO:Open url: https://rr-alamo-test.azureedge.net
2020-08-07 15:05:50,914|base_page.py[line:68] ERROR:TimeoutException: selector by xpath ,value xpath=>//div[@class='localAccount']//div[@class='intro']/h2
2020-08-07 15:05:51,466|base_page.py[line:66] INFO:Had find the element ' Sign in with your existing account ' successful by xpath via value: //div[@class='localAccount']//div[@class='intro']/h2 
2020-08-07 15:05:52,011|base_page.py[line:66] INFO:Had find the element '  ' successful by id via value: logonIdentifier 
2020-08-07 15:05:52,053|base_page.py[line:143] INFO:Clear text in input box before typing.
2020-08-07 15:05:52,594|base_page.py[line:66] INFO:Had find the element '  ' successful by id via value: logonIdentifier 
2020-08-07 15:05:52,762|base_page.py[line:133] INFO:Had type ' yan.liu@an-chen.com ' in inputBox
2020-08-07 15:05:53,304|base_page.py[line:66] INFO:Had find the element '  ' successful by id via value: password 
2020-08-07 15:05:53,357|base_page.py[line:143] INFO:Clear text in input box before typing.
2020-08-07 15:05:53,886|base_page.py[line:66] INFO:Had find the element '  ' successful by id via value: password 
2020-08-07 15:05:54,044|base_page.py[line:133] INFO:Had type ' Lychan@2012 ' in inputBox
2020-08-07 15:05:54,590|base_page.py[line:66] INFO:Had find the element ' Sign in ' successful by xpath via value: //div[@class='buttons']/button[text()='Sign in'] 
2020-08-07 15:05:59,584|base_page.py[line:66] INFO:Had find the element ' Welcome, yanliu ' successful by xpath via value: //div[@id='root']//div[@class='content-heading'] 
2020-08-07 15:05:59,584|login.py[line:41] INFO:login success
2020-08-07 15:06:02,255|base_page.py[line:66] INFO:Had find the element ' MANAGE ' successful by id via value: manage 
2020-08-07 15:06:02,345|base_page.py[line:155] INFO:The element ' MANAGE ' was clicked.
2020-08-07 15:06:02,859|base_page.py[line:221] INFO:Had find the elements successful by xpath via value: //ul[@class='dropdown-menu multi-level show']/li/a 
2020-08-07 15:06:03,451|base_page.py[line:66] INFO:Had find the element ' Authorization Management ' successful by xpath via value: //ul[@class='dropdown-menu multi-level show']/li[1]/a 
2020-08-07 15:06:03,677|base_page.py[line:155] INFO:The element ' Authorization Management ' was clicked.
2020-08-07 15:06:03,677|topMenu.py[line:70] INFO:second_menu: Authorization Management
2020-08-07 15:06:05,409|base_page.py[line:66] INFO:Had find the element ' New ' successful by xpath via value: //div[@class='card']//button[text()=' New'] 
2020-08-07 15:06:05,545|base_page.py[line:155] INFO:The element ' New ' was clicked.
2020-08-07 15:06:06,093|base_page.py[line:66] INFO:Had find the element '  ' successful by xpath via value: //input[@name='name'] 
2020-08-07 15:06:06,855|base_page.py[line:68] ERROR:TimeoutException: selector by xpath ,value xpath=>//div[@class='localAccount']//div[@class='intro']/h2
2020-08-07 15:06:07,525|base_page.py[line:66] INFO:Had find the element ' Sign in with your existing account ' successful by xpath via value: //div[@class='localAccount']//div[@class='intro']/h2 
2020-08-07 15:06:08,140|base_page.py[line:66] INFO:Had find the element '  ' successful by id via value: logonIdentifier 
2020-08-07 15:06:08,239|base_page.py[line:143] INFO:Clear text in input box before typing.
2020-08-07 15:06:08,782|base_page.py[line:66] INFO:Had find the element '  ' successful by id via value: logonIdentifier 
2020-08-07 15:06:09,022|base_page.py[line:133] INFO:Had type ' yan.liu@an-chen.com ' in inputBox
2020-08-07 15:06:09,163|base_page.py[line:155] INFO:The element '  ' was clicked.
2020-08-07 15:06:09,574|base_page.py[line:66] INFO:Had find the element '  ' successful by id via value: password 
2020-08-07 15:06:09,615|base_page.py[line:143] INFO:Clear text in input box before typing.
2020-08-07 15:06:09,774|base_page.py[line:66] INFO:Had find the element '  ' successful by xpath via value: //input[@name='name'] 
2020-08-07 15:06:10,142|base_page.py[line:66] INFO:Had find the element '  ' successful by id via value: password 
2020-08-07 15:06:10,378|base_page.py[line:133] INFO:Had type ' Lychan@2012 ' in inputBox
2020-08-07 15:06:10,402|base_page.py[line:66] INFO:Had find the element '  ' successful by xpath via value: //input[@name='name'] 
2020-08-07 15:06:10,912|base_page.py[line:66] INFO:Had find the element ' Sign in ' successful by xpath via value: //div[@class='buttons']/button[text()='Sign in'] 
2020-08-07 15:06:10,946|base_page.py[line:66] INFO:Had find the element '  ' successful by xpath via value: //input[@name='name'] 
2020-08-07 15:06:12,842|base_page.py[line:133] INFO:Had type ' fGfwee ' in inputBox
2020-08-07 15:06:13,416|base_page.py[line:66] INFO:Had find the element '  ' successful by xpath via value: //input[@name='description'] 
2020-08-07 15:06:13,545|base_page.py[line:155] INFO:The element '  ' was clicked.
2020-08-07 15:06:14,098|base_page.py[line:66] INFO:Had find the element '  ' successful by xpath via value: //input[@name='description'] 
2020-08-07 15:06:14,689|base_page.py[line:66] INFO:Had find the element '  ' successful by xpath via value: //input[@name='description'] 
2020-08-07 15:06:15,270|base_page.py[line:66] INFO:Had find the element '  ' successful by xpath via value: //input[@name='description'] 
2020-08-07 15:06:17,309|base_page.py[line:133] INFO:Had type ' nAfEI0 ' in inputBox
2020-08-07 15:06:17,895|base_page.py[line:221] INFO:Had find the elements successful by xpath via value: //div[@class='mb-0 card']//div[@class='rt-table']/div[@class='rt-tbody']//div[@class='rt-td'] 
2020-08-07 15:06:30,896|base_page.py[line:66] INFO:Had find the element ' Welcome, yanliu ' successful by xpath via value: //div[@id='root']//div[@class='content-heading'] 
2020-08-07 15:06:30,897|login.py[line:41] INFO:login success
2020-08-07 15:06:35,921|base_page.py[line:66] INFO:Had find the element '  ' successful by xpath via value: //div[@class='modal fade show']//div[@class='glo-row']//input[@id='canRead_139'] 
2020-08-07 15:06:36,473|base_page.py[line:155] INFO:The element '  ' was clicked.
2020-08-07 15:06:37,021|base_page.py[line:66] INFO:Had find the element '  ' successful by xpath via value: //div[@class='modal fade show']//div[@class='glo-row']//input[@id='canUpdate_139'] 
2020-08-07 15:06:37,405|base_page.py[line:155] INFO:The element '  ' was clicked.
2020-08-07 15:06:37,991|base_page.py[line:66] INFO:Had find the element '  ' successful by xpath via value: //div[@class='modal fade show']//div[@class='glo-row']//input[@id='canCreate_139'] 
2020-08-07 15:06:38,347|base_page.py[line:155] INFO:The element '  ' was clicked.
2020-08-07 15:06:38,930|base_page.py[line:66] INFO:Had find the element '  ' successful by xpath via value: //div[@class='modal fade show']//div[@class='glo-row']//input[@id='canDelete_139'] 
2020-08-07 15:06:39,243|base_page.py[line:155] INFO:The element '  ' was clicked.
2020-08-07 15:06:39,804|base_page.py[line:66] INFO:Had find the element '  ' successful by xpath via value: //div[@class='modal fade show']//div[@class='glo-row']//input[@id='canMassUpdate_139'] 
2020-08-07 15:06:40,149|base_page.py[line:155] INFO:The element '  ' was clicked.
2020-08-07 15:06:40,718|base_page.py[line:66] INFO:Had find the element '  ' successful by xpath via value: //div[@class='modal fade show']//div[@class='glo-row']//input[@id='canRead_141'] 
2020-08-07 15:06:41,106|base_page.py[line:155] INFO:The element '  ' was clicked.
2020-08-07 15:06:41,663|base_page.py[line:66] INFO:Had find the element '  ' successful by xpath via value: //div[@class='modal fade show']//div[@class='glo-row']//input[@id='canUpdate_141'] 
2020-08-07 15:06:41,864|base_page.py[line:68] ERROR:TimeoutException: selector by xpath ,value xpath=>//div[@class='header-badge-glo']
2020-08-07 15:06:42,054|base_page.py[line:155] INFO:The element '  ' was clicked.
2020-08-07 15:06:42,399|base_page.py[line:66] INFO:Had find the element ' Y ' successful by xpath via value: //div[@class='header-badge-glo'] 
2020-08-07 15:06:42,510|base_page.py[line:155] INFO:The element ' Y ' was clicked.
2020-08-07 15:06:42,644|base_page.py[line:66] INFO:Had find the element '  ' successful by xpath via value: //div[@class='modal fade show']//div[@class='glo-row']//input[@id='canCreate_141'] 
2020-08-07 15:06:43,066|base_page.py[line:66] INFO:Had find the element ' Logout ' successful by xpath via value: //a[text()='Logout'] 
2020-08-07 15:06:43,217|base_page.py[line:155] INFO:The element '  ' was clicked.
2020-08-07 15:06:43,789|base_page.py[line:66] INFO:Had find the element '  ' successful by xpath via value: //div[@class='modal fade show']//div[@class='glo-row']//input[@id='canDelete_141'] 
2020-08-07 15:06:44,198|base_page.py[line:155] INFO:The element '  ' was clicked.
2020-08-07 15:06:44,789|base_page.py[line:66] INFO:Had find the element '  ' successful by xpath via value: //div[@class='modal fade show']//div[@class='glo-row']//input[@id='canMassUpdate_141'] 
2020-08-07 15:06:46,294|base_page.py[line:155] INFO:The element '  ' was clicked.
2020-08-07 15:06:46,860|base_page.py[line:66] INFO:Had find the element ' Next ' successful by xpath via value: //button[contains(text(),'Next')] 
2020-08-07 15:06:47,256|base_page.py[line:155] INFO:The element ' Next ' was clicked.
2020-08-07 15:06:47,832|base_page.py[line:66] INFO:Had find the element ' ljc7ua ' successful by xpath via value: //select[@name='availableUsersSelected']/option[1] 
2020-08-07 15:06:48,428|base_page.py[line:66] INFO:Had find the element '  ' successful by xpath via value: //input[@class='form-control'] 
2020-08-07 15:06:48,766|base_page.py[line:133] INFO:Had type ' ljc7ua ' in inputBox
2020-08-07 15:06:49,324|base_page.py[line:66] INFO:Had find the element ' ljc7ua ' successful by xpath via value: //select[@name='availableUsersSelected'] 
2020-08-07 15:06:50,023|base_page.py[line:66] INFO:Had find the element '     Add     ' successful by xpath via value: //button[contains(text(),'Add')] 
2020-08-07 15:06:50,141|base_page.py[line:155] INFO:The element '     Add     ' was clicked.
2020-08-07 15:06:50,709|base_page.py[line:66] INFO:Had find the element ' Finish ' successful by xpath via value: //button[contains(text(),'Finish')] 
2020-08-07 15:06:50,846|base_page.py[line:155] INFO:The element ' Finish ' was clicked.
2020-08-07 15:06:54,225|base_page.py[line:155] INFO:The element ' Logout ' was clicked.
2020-08-07 15:06:55,398|base_page.py[line:66] INFO:Had find the element ' Role: fGfwee created successfully. ' successful by xpath via value: //div[@role='alert'] 
2020-08-07 15:06:55,840|base_page.py[line:66] INFO:Had find the element ' Sign in with your existing account ' successful by xpath via value: //div[@class='localAccount']//div[@class='intro']/h2 
2020-08-07 15:06:55,854|login.py[line:56] INFO:logout success
2020-08-07 15:06:56,983|base_page.py[line:66] INFO:Had find the element ' 1262
fGfwee
nAfEI0 ' successful by xpath via value: //div[@class='card']//div[@class='glo-row']//div[@class='rt-tr-group'][1]/div 
2020-08-07 15:06:57,562|base_page.py[line:66] INFO:Had find the element ' 1262
fGfwee
nAfEI0 ' successful by xpath via value: //div[@class='card']//div[@class='glo-row']//div[@class='rt-tr-group'][1]/div 
2020-08-07 15:06:57,669|base_page.py[line:155] INFO:The element ' 1262
fGfwee
nAfEI0 ' was clicked.
2020-08-07 15:06:58,318|base_page.py[line:66] INFO:Had find the element ' Edit ' successful by xpath via value: //div[@class='card']//button[text()=' Edit'] 
2020-08-07 15:06:59,819|base_page.py[line:155] INFO:The element ' Edit ' was clicked.
2020-08-07 15:07:00,376|base_page.py[line:66] INFO:Had find the element '  ' successful by xpath via value: //input[@name='name'] 
2020-08-07 15:07:00,460|base_page.py[line:155] INFO:The element '  ' was clicked.
2020-08-07 15:07:01,606|base_page.py[line:66] INFO:Had find the element '  ' successful by xpath via value: //input[@name='name'] 
2020-08-07 15:07:02,174|base_page.py[line:66] INFO:Had find the element '  ' successful by xpath via value: //input[@name='name'] 
2020-08-07 15:07:03,004|base_page.py[line:66] INFO:Had find the element '  ' successful by xpath via value: //input[@name='name'] 
2020-08-07 15:07:05,620|base_page.py[line:133] INFO:Had type ' Eza0h9 ' in inputBox
2020-08-07 15:07:06,179|base_page.py[line:66] INFO:Had find the element '  ' successful by xpath via value: //input[@name='description'] 
2020-08-07 15:07:06,258|base_page.py[line:155] INFO:The element '  ' was clicked.
2020-08-07 15:07:06,777|base_page.py[line:68] ERROR:TimeoutException: selector by xpath ,value xpath=>//div[@class='localAccount']//div[@class='intro']/h2
2020-08-07 15:07:06,859|base_page.py[line:66] INFO:Had find the element '  ' successful by xpath via value: //input[@name='description'] 
2020-08-07 15:07:07,307|base_page.py[line:66] INFO:Had find the element ' Sign in with your existing account ' successful by xpath via value: //div[@class='localAccount']//div[@class='intro']/h2 
2020-08-07 15:07:07,415|base_page.py[line:66] INFO:Had find the element '  ' successful by xpath via value: //input[@name='description'] 
2020-08-07 15:07:07,891|base_page.py[line:66] INFO:Had find the element '  ' successful by id via value: logonIdentifier 
2020-08-07 15:07:07,943|base_page.py[line:143] INFO:Clear text in input box before typing.
2020-08-07 15:07:08,390|base_page.py[line:66] INFO:Had find the element '  ' successful by xpath via value: //input[@name='description'] 
2020-08-07 15:07:08,465|base_page.py[line:66] INFO:Had find the element '  ' successful by id via value: logonIdentifier 
2020-08-07 15:07:08,670|base_page.py[line:133] INFO:Had type ' 1925719012@qq.com ' in inputBox
2020-08-07 15:07:09,215|base_page.py[line:66] INFO:Had find the element '  ' successful by id via value: password 
2020-08-07 15:07:09,269|base_page.py[line:143] INFO:Clear text in input box before typing.
2020-08-07 15:07:09,801|base_page.py[line:66] INFO:Had find the element '  ' successful by id via value: password 
2020-08-07 15:07:09,970|base_page.py[line:133] INFO:Had type ' Abc1234% ' in inputBox
2020-08-07 15:07:10,386|base_page.py[line:133] INFO:Had type ' 3rdmOU ' in inputBox
2020-08-07 15:07:10,504|base_page.py[line:66] INFO:Had find the element ' Sign in ' successful by xpath via value: //div[@class='buttons']/button[text()='Sign in'] 
2020-08-07 15:07:10,961|base_page.py[line:221] INFO:Had find the elements successful by xpath via value: //div[@class='mb-0 card']//div[@class='rt-table']/div[@class='rt-tbody']//div[@class='rt-td'] 
2020-08-07 15:07:14,406|base_page.py[line:66] INFO:Had find the element ' Welcome, puff ' successful by xpath via value: //div[@id='root']//div[@class='content-heading'] 
2020-08-07 15:07:14,406|login.py[line:41] INFO:login success
2020-08-07 15:07:25,220|base_page.py[line:68] ERROR:TimeoutException: selector by id ,value id=>alano-glo-brand-logo
2020-08-07 15:07:25,772|base_page.py[line:66] INFO:Had find the element '  ' successful by id via value: alano-glo-brand-logo 
2020-08-07 15:07:25,916|base_page.py[line:155] INFO:The element '  ' was clicked.
2020-08-07 15:07:31,116|base_page.py[line:66] INFO:Had find the element '  ' successful by xpath via value: //div[@class='modal fade show']//div[@class='glo-row']//input[@id='canRead_139'] 
2020-08-07 15:07:31,490|base_page.py[line:155] INFO:The element '  ' was clicked.
2020-08-07 15:07:32,047|base_page.py[line:66] INFO:Had find the element '  ' successful by xpath via value: //div[@class='modal fade show']//div[@class='glo-row']//input[@id='canUpdate_139'] 
2020-08-07 15:07:32,534|base_page.py[line:155] INFO:The element '  ' was clicked.
2020-08-07 15:07:33,108|base_page.py[line:66] INFO:Had find the element '  ' successful by xpath via value: //div[@class='modal fade show']//div[@class='glo-row']//input[@id='canCreate_139'] 
2020-08-07 15:07:33,435|base_page.py[line:155] INFO:The element '  ' was clicked.
2020-08-07 15:07:34,007|base_page.py[line:66] INFO:Had find the element '  ' successful by xpath via value: //div[@class='modal fade show']//div[@class='glo-row']//input[@id='canDelete_139'] 
2020-08-07 15:07:34,696|base_page.py[line:155] INFO:The element '  ' was clicked.
2020-08-07 15:07:35,275|base_page.py[line:66] INFO:Had find the element '  ' successful by xpath via value: //div[@class='modal fade show']//div[@class='glo-row']//input[@id='canMassUpdate_139'] 
2020-08-07 15:07:35,692|base_page.py[line:155] INFO:The element '  ' was clicked.
2020-08-07 15:07:36,290|base_page.py[line:66] INFO:Had find the element '  ' successful by xpath via value: //div[@class='modal fade show']//div[@class='glo-row']//input[@id='canRead_140'] 
2020-08-07 15:07:36,443|base_page.py[line:68] ERROR:TimeoutException: selector by xpath ,value xpath=>//div[@class='card']/form//div[@id='homeGrid']/div//h2
2020-08-07 15:07:36,671|base_page.py[line:155] INFO:The element '  ' was clicked.
2020-08-07 15:07:36,970|base_page.py[line:221] INFO:Had find the elements successful by xpath via value: //div[@class='card']/form//div[@id='homeGrid']/div//h2 
2020-08-07 15:07:37,241|base_page.py[line:66] INFO:Had find the element '  ' successful by xpath via value: //div[@class='modal fade show']//div[@class='glo-row']//input[@id='canUpdate_140'] 
2020-08-07 15:07:37,611|base_page.py[line:66] INFO:Had find the element '  ' successful by xpath via value: //div[@class='card']/form//div[@id='homeGrid']/div[4]//input 
2020-08-07 15:07:37,667|base_page.py[line:155] INFO:The element '  ' was clicked.
2020-08-07 15:07:37,844|base_page.py[line:133] INFO:Had type ' C000048473 ' in inputBox
2020-08-07 15:07:38,271|base_page.py[line:66] INFO:Had find the element '  ' successful by xpath via value: //div[@class='modal fade show']//div[@class='glo-row']//input[@id='canCreate_140'] 
2020-08-07 15:07:38,444|base_page.py[line:66] INFO:Had find the element ' Go ' successful by xpath via value: //div[@class='card']/form//div[@id='homeGrid']/div[4]/div/button 
2020-08-07 15:07:38,623|base_page.py[line:155] INFO:The element ' Go ' was clicked.
2020-08-07 15:07:38,623|homePage.py[line:50] INFO:module_name: Customers
2020-08-07 15:07:39,208|base_page.py[line:155] INFO:The element '  ' was clicked.
2020-08-07 15:07:39,766|base_page.py[line:66] INFO:Had find the element '  ' successful by xpath via value: //div[@class='modal fade show']//div[@class='glo-row']//input[@id='canDelete_140'] 
2020-08-07 15:07:40,130|base_page.py[line:155] INFO:The element '  ' was clicked.
2020-08-07 15:07:40,695|base_page.py[line:66] INFO:Had find the element '  ' successful by xpath via value: //div[@class='modal fade show']//div[@class='glo-row']//input[@id='canMassUpdate_140'] 
2020-08-07 15:07:41,095|base_page.py[line:155] INFO:The element '  ' was clicked.
2020-08-07 15:07:41,159|base_page.py[line:66] INFO:Had find the element ' Access not Granted. ' successful by xpath via value: //div[@role='alert'] 
2020-08-07 15:07:41,660|base_page.py[line:66] INFO:Had find the element ' Users ' successful by xpath via value: //div[@class='mb-0 card']//li/a[text()='Users'] 
2020-08-07 15:07:41,804|base_page.py[line:155] INFO:The element ' Users ' was clicked.
2020-08-07 15:07:42,367|base_page.py[line:66] INFO:Had find the element ' ljc7ua ' successful by xpath via value: //select[@name='assignedUsersSelected'] 
2020-08-07 15:07:43,026|base_page.py[line:66] INFO:Had find the element ' Remove ' successful by xpath via value: //button[contains(text(),'Remove')] 
2020-08-07 15:07:43,104|base_page.py[line:155] INFO:The element ' Remove ' was clicked.
2020-08-07 15:07:43,651|base_page.py[line:66] INFO:Had find the element ' Finish ' successful by xpath via value: //button[contains(text(),'Finish')] 
2020-08-07 15:07:43,718|base_page.py[line:66] INFO:Had find the element ' CUSTOMERS ' successful by id via value: customers 
2020-08-07 15:07:43,737|base_page.py[line:155] INFO:The element ' Finish ' was clicked.
2020-08-07 15:07:43,838|base_page.py[line:155] INFO:The element ' CUSTOMERS ' was clicked.
2020-08-07 15:07:44,366|base_page.py[line:221] INFO:Had find the elements successful by xpath via value: //ul[@class='dropdown-menu multi-level show']/li/a 
2020-08-07 15:07:44,958|base_page.py[line:66] INFO:Had find the element ' New ' successful by xpath via value: //ul[@class='dropdown-menu multi-level show']/li[2]/a 
2020-08-07 15:07:45,037|base_page.py[line:155] INFO:The element ' New ' was clicked.
2020-08-07 15:07:45,037|topMenu.py[line:70] INFO:second_menu: New
2020-08-07 15:07:47,581|base_page.py[line:66] INFO:Had find the element ' Access not Granted. ' successful by xpath via value: //div[@role='alert'] 
2020-08-07 15:07:48,298|base_page.py[line:66] INFO:Had find the element ' Role: Eza0h9 updated successfully. ' successful by xpath via value: //div[@role='alert'] 
2020-08-07 15:07:58,506|base_page.py[line:68] ERROR:TimeoutException: selector by xpath ,value xpath=>//div[@class='header-badge-glo']
2020-08-07 15:07:59,043|base_page.py[line:66] INFO:Had find the element ' P ' successful by xpath via value: //div[@class='header-badge-glo'] 
2020-08-07 15:07:59,115|base_page.py[line:155] INFO:The element ' P ' was clicked.
2020-08-07 15:07:59,202|base_page.py[line:68] ERROR:TimeoutException: selector by xpath ,value xpath=>//div[@class='card']//li/a[text()='Users']
2020-08-07 15:07:59,668|base_page.py[line:66] INFO:Had find the element ' Logout ' successful by xpath via value: //a[text()='Logout'] 
2020-08-07 15:07:59,777|base_page.py[line:66] INFO:Had find the element ' Users ' successful by xpath via value: //div[@class='card']//li/a[text()='Users'] 
2020-08-07 15:08:00,089|base_page.py[line:155] INFO:The element ' Users ' was clicked.
2020-08-07 15:08:00,250|base_page.py[line:155] INFO:The element ' Logout ' was clicked.
2020-08-07 15:08:01,783|base_page.py[line:66] INFO:Had find the element ' EIPFve
SEKlJ7
7no1w5
Changsha
Professional Services ' successful by xpath via value: //div[@class='card']//div[@class='glo-row']//div[@class='rt-tr-group'][1]/div 
2020-08-07 15:08:02,380|base_page.py[line:66] INFO:Had find the element ' EIPFve
SEKlJ7
7no1w5
Changsha
Professional Services ' successful by xpath via value: //div[@class='card']//div[@class='glo-row']//div[@class='rt-tr-group'][1]/div 
2020-08-07 15:08:02,667|base_page.py[line:155] INFO:The element ' EIPFve
SEKlJ7
7no1w5
Changsha
Professional Services ' was clicked.
2020-08-07 15:08:03,230|base_page.py[line:66] INFO:Had find the element ' Edit ' successful by xpath via value: //div[@class='card']//button[text()=' Edit'] 
2020-08-07 15:08:03,347|base_page.py[line:155] INFO:The element ' Edit ' was clicked.
2020-08-07 15:08:03,886|base_page.py[line:66] INFO:Had find the element '  ' successful by xpath via value: //input[@name='userName'] 
2020-08-07 15:08:03,967|base_page.py[line:155] INFO:The element '  ' was clicked.
2020-08-07 15:08:04,495|base_page.py[line:66] INFO:Had find the element '  ' successful by xpath via value: //input[@name='userName'] 
2020-08-07 15:08:05,049|base_page.py[line:66] INFO:Had find the element '  ' successful by xpath via value: //input[@name='userName'] 
2020-08-07 15:08:05,612|base_page.py[line:66] INFO:Had find the element '  ' successful by xpath via value: //input[@name='userName'] 
2020-08-07 15:08:05,777|base_page.py[line:133] INFO:Had type ' IL9pM7 ' in inputBox
2020-08-07 15:08:06,341|base_page.py[line:66] INFO:Had find the element '  ' successful by xpath via value: //input[@name='firstName'] 
2020-08-07 15:08:06,448|base_page.py[line:155] INFO:The element '  ' was clicked.
2020-08-07 15:08:06,972|base_page.py[line:66] INFO:Had find the element '  ' successful by xpath via value: //input[@name='firstName'] 
2020-08-07 15:08:07,537|base_page.py[line:66] INFO:Had find the element '  ' successful by xpath via value: //input[@name='firstName'] 
2020-08-07 15:08:08,117|base_page.py[line:66] INFO:Had find the element '  ' successful by xpath via value: //input[@name='firstName'] 
2020-08-07 15:08:08,282|base_page.py[line:133] INFO:Had type ' n3pTdT ' in inputBox
2020-08-07 15:08:08,510|base_page.py[line:66] INFO:Had find the element ' Sign in with your existing account ' successful by xpath via value: //div[@class='localAccount']//div[@class='intro']/h2 
2020-08-07 15:08:08,521|login.py[line:56] INFO:logout success
2020-08-07 15:08:08,845|base_page.py[line:66] INFO:Had find the element '  ' successful by xpath via value: //input[@name='lastName'] 
2020-08-07 15:08:08,927|base_page.py[line:155] INFO:The element '  ' was clicked.
2020-08-07 15:08:09,473|base_page.py[line:66] INFO:Had find the element '  ' successful by xpath via value: //input[@name='lastName'] 
2020-08-07 15:08:10,030|base_page.py[line:66] INFO:Had find the element '  ' successful by xpath via value: //input[@name='lastName'] 
2020-08-07 15:08:10,638|base_page.py[line:66] INFO:Had find the element '  ' successful by xpath via value: //input[@name='lastName'] 
2020-08-07 15:08:10,778|base_page.py[line:133] INFO:Had type ' R5b1S3 ' in inputBox
2020-08-07 15:08:11,310|base_page.py[line:66] INFO:Had find the element ' Master ' successful by xpath via value: //select[@name='availableRolesSelected']/option[1] 
2020-08-07 15:08:11,879|base_page.py[line:66] INFO:Had find the element '  ' successful by xpath via value: //input[@class='form-control'] 
2020-08-07 15:08:12,047|base_page.py[line:133] INFO:Had type ' Master ' in inputBox
2020-08-07 15:08:12,601|base_page.py[line:66] INFO:Had find the element ' Master
Master Tester ' successful by xpath via value: //select[@name='availableRolesSelected'] 
2020-08-07 15:08:13,239|base_page.py[line:66] INFO:Had find the element '     Add     ' successful by xpath via value: //button[contains(text(),'Add')] 
2020-08-07 15:08:13,299|base_page.py[line:155] INFO:The element '     Add     ' was clicked.
2020-08-07 15:08:13,859|base_page.py[line:66] INFO:Had find the element ' Finish ' successful by xpath via value: //button[contains(text(),'Finish')] 
2020-08-07 15:08:13,927|base_page.py[line:155] INFO:The element ' Finish ' was clicked.
2020-08-07 15:08:19,481|base_page.py[line:68] ERROR:TimeoutException: selector by xpath ,value xpath=>//div[@class='localAccount']//div[@class='intro']/h2
2020-08-07 15:08:20,017|base_page.py[line:66] INFO:Had find the element ' Sign in with your existing account ' successful by xpath via value: //div[@class='localAccount']//div[@class='intro']/h2 
2020-08-07 15:08:20,581|base_page.py[line:66] INFO:Had find the element '  ' successful by id via value: logonIdentifier 
2020-08-07 15:08:20,619|base_page.py[line:143] INFO:Clear text in input box before typing.
2020-08-07 15:08:21,157|base_page.py[line:66] INFO:Had find the element '  ' successful by id via value: logonIdentifier 
2020-08-07 15:08:21,350|base_page.py[line:133] INFO:Had type ' tangjiu2020@163.com ' in inputBox
2020-08-07 15:08:21,905|base_page.py[line:66] INFO:Had find the element '  ' successful by id via value: password 
2020-08-07 15:08:21,944|base_page.py[line:143] INFO:Clear text in input box before typing.
2020-08-07 15:08:22,468|base_page.py[line:66] INFO:Had find the element '  ' successful by id via value: password 
2020-08-07 15:08:22,598|base_page.py[line:133] INFO:Had type ' Abc1234% ' in inputBox
2020-08-07 15:08:23,160|base_page.py[line:66] INFO:Had find the element ' Sign in ' successful by xpath via value: //div[@class='buttons']/button[text()='Sign in'] 
2020-08-07 15:08:27,082|base_page.py[line:66] INFO:Had find the element ' Welcome, t ' successful by xpath via value: //div[@id='root']//div[@class='content-heading'] 
2020-08-07 15:08:27,082|login.py[line:41] INFO:login success
2020-08-07 15:08:28,832|base_page.py[line:68] ERROR:TimeoutException: selector by xpath ,value //div[@role='alert']
2020-08-07 15:08:28,833|base_page.py[line:121] ERROR:NoSuchElement selector_by: xpath, selector: //div[@role='alert'] 
2020-08-07 15:08:29,212|browser_engine.py[line:71] INFO:Now, Close and quit the browser.
2020-08-07 15:08:37,730|base_page.py[line:68] ERROR:TimeoutException: selector by xpath ,value xpath=>//div[@class='card']/form//div[@id='homeGrid']/div//h2
2020-08-07 15:08:38,314|base_page.py[line:221] INFO:Had find the elements successful by xpath via value: //div[@class='card']/form//div[@id='homeGrid']/div//h2 
2020-08-07 15:08:39,067|base_page.py[line:66] INFO:Had find the element '  ' successful by xpath via value: //div[@class='card']/form//div[@id='homeGrid']/div[4]//input 
2020-08-07 15:08:39,241|base_page.py[line:133] INFO:Had type ' C000048473 ' in inputBox
2020-08-07 15:08:39,776|base_page.py[line:66] INFO:Had find the element ' Go ' successful by xpath via value: //div[@class='card']/form//div[@id='homeGrid']/div[4]/div/button 
2020-08-07 15:08:39,857|base_page.py[line:155] INFO:The element ' Go ' was clicked.
2020-08-07 15:08:39,857|homePage.py[line:50] INFO:module_name: Customers
2020-08-07 15:08:50,700|base_page.py[line:68] ERROR:TimeoutException: selector by xpath ,value xpath=>//div[@class='card']//li/a[text()='Entity']
2020-08-07 15:08:51,248|base_page.py[line:66] INFO:Had find the element ' Entity ' successful by xpath via value: //div[@class='card']//li/a[text()='Entity'] 
2020-08-07 15:08:51,420|base_page.py[line:155] INFO:The element ' Entity ' was clicked.
2020-08-07 15:08:51,934|base_page.py[line:221] INFO:Had find the elements successful by xpath via value: //div[@class='card']//div//h4 
2020-08-07 15:08:52,521|base_page.py[line:66] INFO:Had find the element ' Addresses ' successful by xpath via value: //div[@class='card']//div//h4[text()='Addresses'] 
2020-08-07 15:08:53,084|base_page.py[line:66] INFO:Had find the element ' New ' successful by xpath via value: //div[@class='glo-row']/div[2]//button[text()=' New'] 
2020-08-07 15:08:53,216|base_page.py[line:155] INFO:The element ' New ' was clicked.
2020-08-07 15:08:55,776|base_page.py[line:66] INFO:Had find the element ' Access not Granted ' successful by xpath via value: //div[@role='alert'] 
2020-08-07 15:08:56,334|base_page.py[line:221] INFO:Had find the elements successful by xpath via value: //div[@class='card']//div//h4 
2020-08-07 15:08:56,896|base_page.py[line:66] INFO:Had find the element ' Addresses ' successful by xpath via value: //div[@class='card']//div//h4[text()='Addresses'] 
2020-08-07 15:08:57,470|base_page.py[line:221] INFO:Had find the elements successful by xpath via value: //div[@class='glo-row']/div[2]//div[@class='glo-row']//div[@class='rt-tr-group'] 
2020-08-07 15:08:58,042|base_page.py[line:66] INFO:Had find the element ' relate a land test-yan
update address test
update 222test 0.606
cityaaa
VA
12345-6789
Mexico
Unknown ' successful by xpath via value: //div[@class='glo-row']/div[2]//div[@class='glo-row']//div[@class='rt-tr-group'][1]/div 
2020-08-07 15:08:58,612|base_page.py[line:66] INFO:Had find the element ' Edit ' successful by xpath via value: //div[@class='glo-row']/div[2]//button[text()=' Edit'] 
2020-08-07 15:08:58,812|base_page.py[line:155] INFO:The element ' Edit ' was clicked.
2020-08-07 15:09:01,359|base_page.py[line:66] INFO:Had find the element ' Access not Granted ' successful by xpath via value: //div[@role='alert'] 
2020-08-07 15:09:01,888|base_page.py[line:221] INFO:Had find the elements successful by xpath via value: //div[@class='card']//div//h4 
2020-08-07 15:09:02,462|base_page.py[line:66] INFO:Had find the element ' Addresses ' successful by xpath via value: //div[@class='card']//div//h4[text()='Addresses'] 
2020-08-07 15:09:02,980|base_page.py[line:221] INFO:Had find the elements successful by xpath via value: //div[@class='glo-row']/div[2]//div[@class='glo-row']//div[@class='rt-tr-group'] 
2020-08-07 15:09:03,593|base_page.py[line:66] INFO:Had find the element ' relate a land test-yan
update address test
update 222test 0.606
cityaaa
VA
12345-6789
Mexico
Unknown ' successful by xpath via value: //div[@class='glo-row']/div[2]//div[@class='glo-row']//div[@class='rt-tr-group'][1]/div 
2020-08-07 15:09:04,145|base_page.py[line:66] INFO:Had find the element ' Delete ' successful by xpath via value: //div[@class='glo-row']/div[2]//button[text()=' Delete'] 
2020-08-07 15:09:04,245|base_page.py[line:155] INFO:The element ' Delete ' was clicked.
2020-08-07 15:09:06,945|base_page.py[line:66] INFO:Had find the element ' Access not Granted. ' successful by xpath via value: //div[@role='alert'] 
2020-08-07 15:09:06,970|browser_engine.py[line:71] INFO:Now, Close and quit the browser.
