2020-08-07 14:14:19,971|browser_engine.py[line:26] INFO:You had select Chrome browser.
2020-08-07 14:14:19,971|browser_engine.py[line:28] INFO:The test server url is: https://rr-alamo-test.azureedge.net
2020-08-07 14:14:22,935|browser_engine.py[line:42] INFO:Starting Chrome browser.
2020-08-07 14:14:24,067|browser_engine.py[line:56] INFO:Maximize the current window.
2020-08-07 14:14:28,963|browser_engine.py[line:59] INFO:Open url: https://rr-alamo-test.azureedge.net
2020-08-07 14:14:39,871|base_page.py[line:68] ERROR:TimeoutException: selector by xpath ,value xpath=>//div[@class='localAccount']//div[@class='intro']/h2
2020-08-07 14:14:40,453|base_page.py[line:66] INFO:Had find the element ' Sign in with your existing account ' successful by xpath via value: //div[@class='localAccount']//div[@class='intro']/h2 
2020-08-07 14:14:41,015|base_page.py[line:66] INFO:Had find the element '  ' successful by id via value: logonIdentifier 
2020-08-07 14:14:41,065|base_page.py[line:143] INFO:Clear text in input box before typing.
2020-08-07 14:14:41,602|base_page.py[line:66] INFO:Had find the element '  ' successful by id via value: logonIdentifier 
2020-08-07 14:14:41,764|base_page.py[line:133] INFO:Had type ' yan.liu@an-chen.com ' in inputBox
2020-08-07 14:14:42,300|base_page.py[line:66] INFO:Had find the element '  ' successful by id via value: password 
2020-08-07 14:14:42,337|base_page.py[line:143] INFO:Clear text in input box before typing.
2020-08-07 14:14:42,859|base_page.py[line:66] INFO:Had find the element '  ' successful by id via value: password 
2020-08-07 14:14:43,006|base_page.py[line:133] INFO:Had type ' Lychan@2012 ' in inputBox
2020-08-07 14:14:43,537|base_page.py[line:66] INFO:Had find the element ' Sign in ' successful by xpath via value: //div[@class='buttons']/button[text()='Sign in'] 
2020-08-07 14:14:50,633|base_page.py[line:66] INFO:Had find the element ' Welcome, yanliu ' successful by xpath via value: //div[@id='root']//div[@class='content-heading'] 
2020-08-07 14:14:50,633|login.py[line:41] INFO:login success
2020-08-07 14:14:53,340|base_page.py[line:66] INFO:Had find the element ' MANAGE ' successful by id via value: manage 
2020-08-07 14:14:53,412|base_page.py[line:155] INFO:The element ' MANAGE ' was clicked.
2020-08-07 14:14:53,946|base_page.py[line:221] INFO:Had find the elements successful by xpath via value: //ul[@class='dropdown-menu multi-level show']/li/a 
2020-08-07 14:14:54,501|base_page.py[line:66] INFO:Had find the element ' Authorization Management ' successful by xpath via value: //ul[@class='dropdown-menu multi-level show']/li[1]/a 
2020-08-07 14:14:54,645|base_page.py[line:155] INFO:The element ' Authorization Management ' was clicked.
2020-08-07 14:14:54,645|topMenu.py[line:70] INFO:second_menu: Authorization Management
2020-08-07 14:14:56,190|base_page.py[line:66] INFO:Had find the element ' New ' successful by xpath via value: //div[@class='card']//button[text()=' New'] 
2020-08-07 14:14:56,325|base_page.py[line:155] INFO:The element ' New ' was clicked.
2020-08-07 14:14:56,867|base_page.py[line:66] INFO:Had find the element '  ' successful by xpath via value: //input[@name='name'] 
2020-08-07 14:14:56,946|base_page.py[line:155] INFO:The element '  ' was clicked.
2020-08-07 14:14:58,522|base_page.py[line:66] INFO:Had find the element '  ' successful by xpath via value: //input[@name='name'] 
2020-08-07 14:14:59,085|base_page.py[line:66] INFO:Had find the element '  ' successful by xpath via value: //input[@name='name'] 
2020-08-07 14:14:59,644|base_page.py[line:66] INFO:Had find the element '  ' successful by xpath via value: //input[@name='name'] 
2020-08-07 14:15:01,681|base_page.py[line:133] INFO:Had type ' Eh2hyr ' in inputBox
2020-08-07 14:15:02,241|base_page.py[line:66] INFO:Had find the element '  ' successful by xpath via value: //input[@name='description'] 
2020-08-07 14:15:02,322|base_page.py[line:155] INFO:The element '  ' was clicked.
2020-08-07 14:15:02,863|base_page.py[line:66] INFO:Had find the element '  ' successful by xpath via value: //input[@name='description'] 
2020-08-07 14:15:03,645|base_page.py[line:66] INFO:Had find the element '  ' successful by xpath via value: //input[@name='description'] 
2020-08-07 14:15:04,193|base_page.py[line:66] INFO:Had find the element '  ' successful by xpath via value: //input[@name='description'] 
2020-08-07 14:15:05,846|base_page.py[line:133] INFO:Had type ' BVJXkT ' in inputBox
2020-08-07 14:15:06,440|base_page.py[line:221] INFO:Had find the elements successful by xpath via value: //div[@class='mb-0 card']//div[@class='rt-table']/div[@class='rt-tbody']//div[@class='rt-td'] 
2020-08-07 14:15:21,430|base_page.py[line:66] INFO:Had find the element '  ' successful by xpath via value: //div[@class='modal fade show']//div[@class='glo-row']//input[@id='canRead_139'] 
2020-08-07 14:15:21,823|base_page.py[line:155] INFO:The element '  ' was clicked.
2020-08-07 14:15:22,371|base_page.py[line:66] INFO:Had find the element '  ' successful by xpath via value: //div[@class='modal fade show']//div[@class='glo-row']//input[@id='canUpdate_139'] 
2020-08-07 14:15:22,712|base_page.py[line:155] INFO:The element '  ' was clicked.
2020-08-07 14:15:23,277|base_page.py[line:66] INFO:Had find the element '  ' successful by xpath via value: //div[@class='modal fade show']//div[@class='glo-row']//input[@id='canCreate_139'] 
2020-08-07 14:15:23,576|base_page.py[line:155] INFO:The element '  ' was clicked.
2020-08-07 14:15:24,137|base_page.py[line:66] INFO:Had find the element '  ' successful by xpath via value: //div[@class='modal fade show']//div[@class='glo-row']//input[@id='canDelete_139'] 
2020-08-07 14:15:24,416|base_page.py[line:155] INFO:The element '  ' was clicked.
2020-08-07 14:15:24,993|base_page.py[line:66] INFO:Had find the element '  ' successful by xpath via value: //div[@class='modal fade show']//div[@class='glo-row']//input[@id='canMassUpdate_139'] 
2020-08-07 14:15:25,284|base_page.py[line:155] INFO:The element '  ' was clicked.
2020-08-07 14:15:25,876|base_page.py[line:66] INFO:Had find the element '  ' successful by xpath via value: //div[@class='modal fade show']//div[@class='glo-row']//input[@id='canRead_141'] 
2020-08-07 14:15:26,196|base_page.py[line:155] INFO:The element '  ' was clicked.
2020-08-07 14:15:26,742|base_page.py[line:66] INFO:Had find the element '  ' successful by xpath via value: //div[@class='modal fade show']//div[@class='glo-row']//input[@id='canUpdate_141'] 
2020-08-07 14:15:27,066|base_page.py[line:155] INFO:The element '  ' was clicked.
2020-08-07 14:15:27,660|base_page.py[line:66] INFO:Had find the element '  ' successful by xpath via value: //div[@class='modal fade show']//div[@class='glo-row']//input[@id='canCreate_141'] 
2020-08-07 14:15:27,963|base_page.py[line:155] INFO:The element '  ' was clicked.
2020-08-07 14:15:28,526|base_page.py[line:66] INFO:Had find the element '  ' successful by xpath via value: //div[@class='modal fade show']//div[@class='glo-row']//input[@id='canDelete_141'] 
2020-08-07 14:15:28,799|base_page.py[line:155] INFO:The element '  ' was clicked.
2020-08-07 14:15:29,360|base_page.py[line:66] INFO:Had find the element '  ' successful by xpath via value: //div[@class='modal fade show']//div[@class='glo-row']//input[@id='canMassUpdate_141'] 
2020-08-07 14:15:29,637|base_page.py[line:155] INFO:The element '  ' was clicked.
2020-08-07 14:15:30,216|base_page.py[line:66] INFO:Had find the element ' Next ' successful by xpath via value: //button[contains(text(),'Next')] 
2020-08-07 14:15:30,380|base_page.py[line:155] INFO:The element ' Next ' was clicked.
2020-08-07 14:15:30,941|base_page.py[line:66] INFO:Had find the element ' ljc7ua ' successful by xpath via value: //select[@name='availableUsersSelected']/option[1] 
2020-08-07 14:15:31,508|base_page.py[line:66] INFO:Had find the element '  ' successful by xpath via value: //input[@class='form-control'] 
2020-08-07 14:15:31,666|base_page.py[line:133] INFO:Had type ' ljc7ua ' in inputBox
2020-08-07 14:15:32,240|base_page.py[line:66] INFO:Had find the element ' ljc7ua ' successful by xpath via value: //select[@name='availableUsersSelected'] 
2020-08-07 14:15:32,902|base_page.py[line:66] INFO:Had find the element '     Add     ' successful by xpath via value: //button[contains(text(),'Add')] 
2020-08-07 14:15:32,967|base_page.py[line:155] INFO:The element '     Add     ' was clicked.
2020-08-07 14:15:33,532|base_page.py[line:66] INFO:Had find the element ' Finish ' successful by xpath via value: //button[contains(text(),'Finish')] 
2020-08-07 14:15:33,602|base_page.py[line:155] INFO:The element ' Finish ' was clicked.
2020-08-07 14:15:43,297|base_page.py[line:66] INFO:Had find the element '  ' successful by xpath via value: //div[@role='alert'] 
2020-08-07 14:15:45,287|base_page.py[line:66] INFO:Had find the element ' New ' successful by xpath via value: //div[@class='card']//button[text()=' New'] 
2020-08-07 14:15:48,341|base_page.py[line:66] INFO:Had find the element ' 1260
Eh2hyr
BVJXkT ' successful by xpath via value: //div[@class='card']//div[@class='glo-row']//div[@class='rt-tr-group'][1]/div 
2020-08-07 14:15:48,910|base_page.py[line:66] INFO:Had find the element ' 1260
Eh2hyr
BVJXkT ' successful by xpath via value: //div[@class='card']//div[@class='glo-row']//div[@class='rt-tr-group'][1]/div 
2020-08-07 14:15:49,117|base_page.py[line:155] INFO:The element ' 1260
Eh2hyr
BVJXkT ' was clicked.
2020-08-07 14:15:49,700|base_page.py[line:66] INFO:Had find the element ' Edit ' successful by xpath via value: //div[@class='card']//button[text()=' Edit'] 
2020-08-07 14:15:51,019|base_page.py[line:155] INFO:The element ' Edit ' was clicked.
2020-08-07 14:15:51,964|base_page.py[line:66] INFO:Had find the element '  ' successful by xpath via value: //input[@name='name'] 
2020-08-07 14:15:52,048|base_page.py[line:155] INFO:The element '  ' was clicked.
2020-08-07 14:15:52,577|base_page.py[line:66] INFO:Had find the element '  ' successful by xpath via value: //input[@name='name'] 
2020-08-07 14:15:53,153|base_page.py[line:66] INFO:Had find the element '  ' successful by xpath via value: //input[@name='name'] 
2020-08-07 14:15:53,995|base_page.py[line:66] INFO:Had find the element '  ' successful by xpath via value: //input[@name='name'] 
2020-08-07 14:15:55,646|base_page.py[line:133] INFO:Had type ' i6O2qN ' in inputBox
2020-08-07 14:15:56,199|base_page.py[line:66] INFO:Had find the element '  ' successful by xpath via value: //input[@name='description'] 
2020-08-07 14:15:56,277|base_page.py[line:155] INFO:The element '  ' was clicked.
2020-08-07 14:15:56,800|base_page.py[line:66] INFO:Had find the element '  ' successful by xpath via value: //input[@name='description'] 
2020-08-07 14:15:57,369|base_page.py[line:66] INFO:Had find the element '  ' successful by xpath via value: //input[@name='description'] 
2020-08-07 14:15:58,220|base_page.py[line:66] INFO:Had find the element '  ' successful by xpath via value: //input[@name='description'] 
2020-08-07 14:15:59,701|base_page.py[line:133] INFO:Had type ' BQYZok ' in inputBox
2020-08-07 14:16:00,246|base_page.py[line:221] INFO:Had find the elements successful by xpath via value: //div[@class='mb-0 card']//div[@class='rt-table']/div[@class='rt-tbody']//div[@class='rt-td'] 
2020-08-07 14:16:16,122|base_page.py[line:66] INFO:Had find the element '  ' successful by xpath via value: //div[@class='modal fade show']//div[@class='glo-row']//input[@id='canRead_139'] 
2020-08-07 14:16:16,537|base_page.py[line:155] INFO:The element '  ' was clicked.
2020-08-07 14:16:17,111|base_page.py[line:66] INFO:Had find the element '  ' successful by xpath via value: //div[@class='modal fade show']//div[@class='glo-row']//input[@id='canUpdate_139'] 
2020-08-07 14:16:17,404|base_page.py[line:155] INFO:The element '  ' was clicked.
2020-08-07 14:16:17,978|base_page.py[line:66] INFO:Had find the element '  ' successful by xpath via value: //div[@class='modal fade show']//div[@class='glo-row']//input[@id='canCreate_139'] 
2020-08-07 14:16:18,275|base_page.py[line:155] INFO:The element '  ' was clicked.
2020-08-07 14:16:18,821|base_page.py[line:66] INFO:Had find the element '  ' successful by xpath via value: //div[@class='modal fade show']//div[@class='glo-row']//input[@id='canDelete_139'] 
2020-08-07 14:16:19,105|base_page.py[line:155] INFO:The element '  ' was clicked.
2020-08-07 14:16:19,678|base_page.py[line:66] INFO:Had find the element '  ' successful by xpath via value: //div[@class='modal fade show']//div[@class='glo-row']//input[@id='canMassUpdate_139'] 
2020-08-07 14:16:20,020|base_page.py[line:155] INFO:The element '  ' was clicked.
2020-08-07 14:16:20,595|base_page.py[line:66] INFO:Had find the element '  ' successful by xpath via value: //div[@class='modal fade show']//div[@class='glo-row']//input[@id='canRead_140'] 
2020-08-07 14:16:21,015|base_page.py[line:155] INFO:The element '  ' was clicked.
2020-08-07 14:16:21,559|base_page.py[line:66] INFO:Had find the element '  ' successful by xpath via value: //div[@class='modal fade show']//div[@class='glo-row']//input[@id='canUpdate_140'] 
2020-08-07 14:16:21,845|base_page.py[line:155] INFO:The element '  ' was clicked.
2020-08-07 14:16:22,435|base_page.py[line:66] INFO:Had find the element '  ' successful by xpath via value: //div[@class='modal fade show']//div[@class='glo-row']//input[@id='canCreate_140'] 
2020-08-07 14:16:22,747|base_page.py[line:155] INFO:The element '  ' was clicked.
2020-08-07 14:16:23,322|base_page.py[line:66] INFO:Had find the element '  ' successful by xpath via value: //div[@class='modal fade show']//div[@class='glo-row']//input[@id='canDelete_140'] 
2020-08-07 14:16:23,606|base_page.py[line:155] INFO:The element '  ' was clicked.
2020-08-07 14:16:24,168|base_page.py[line:66] INFO:Had find the element '  ' successful by xpath via value: //div[@class='modal fade show']//div[@class='glo-row']//input[@id='canMassUpdate_140'] 
2020-08-07 14:16:24,453|base_page.py[line:155] INFO:The element '  ' was clicked.
2020-08-07 14:16:25,025|base_page.py[line:66] INFO:Had find the element ' Users ' successful by xpath via value: //div[@class='mb-0 card']//li/a[text()='Users'] 
2020-08-07 14:16:25,159|base_page.py[line:155] INFO:The element ' Users ' was clicked.
2020-08-07 14:16:25,720|base_page.py[line:66] INFO:Had find the element ' ljc7ua ' successful by xpath via value: //select[@name='assignedUsersSelected'] 
2020-08-07 14:16:26,393|base_page.py[line:66] INFO:Had find the element ' Remove ' successful by xpath via value: //button[contains(text(),'Remove')] 
2020-08-07 14:16:26,484|base_page.py[line:155] INFO:The element ' Remove ' was clicked.
2020-08-07 14:16:27,052|base_page.py[line:66] INFO:Had find the element ' Finish ' successful by xpath via value: //button[contains(text(),'Finish')] 
2020-08-07 14:16:27,132|base_page.py[line:155] INFO:The element ' Finish ' was clicked.
2020-08-07 14:16:31,674|base_page.py[line:66] INFO:Had find the element ' Role: i6O2qN updated successfully. ' successful by xpath via value: //div[@role='alert'] 
2020-08-07 14:16:42,528|base_page.py[line:68] ERROR:TimeoutException: selector by xpath ,value xpath=>//div[@class='card']//li/a[text()='Users']
2020-08-07 14:16:43,077|base_page.py[line:66] INFO:Had find the element ' Users ' successful by xpath via value: //div[@class='card']//li/a[text()='Users'] 
2020-08-07 14:16:43,228|base_page.py[line:155] INFO:The element ' Users ' was clicked.
2020-08-07 14:16:44,785|base_page.py[line:66] INFO:Had find the element ' wD2oBE
5TkDq2
yhrhgg
Changsha
Professional Services ' successful by xpath via value: //div[@class='card']//div[@class='glo-row']//div[@class='rt-tr-group'][1]/div 
2020-08-07 14:16:45,333|base_page.py[line:66] INFO:Had find the element ' wD2oBE
5TkDq2
yhrhgg
Changsha
Professional Services ' successful by xpath via value: //div[@class='card']//div[@class='glo-row']//div[@class='rt-tr-group'][1]/div 
2020-08-07 14:16:45,425|base_page.py[line:155] INFO:The element ' wD2oBE
5TkDq2
yhrhgg
Changsha
Professional Services ' was clicked.
2020-08-07 14:16:45,990|base_page.py[line:66] INFO:Had find the element ' Edit ' successful by xpath via value: //div[@class='card']//button[text()=' Edit'] 
2020-08-07 14:16:46,093|base_page.py[line:155] INFO:The element ' Edit ' was clicked.
2020-08-07 14:16:46,665|base_page.py[line:66] INFO:Had find the element '  ' successful by xpath via value: //input[@name='userName'] 
2020-08-07 14:16:46,792|base_page.py[line:155] INFO:The element '  ' was clicked.
2020-08-07 14:16:47,339|base_page.py[line:66] INFO:Had find the element '  ' successful by xpath via value: //input[@name='userName'] 
2020-08-07 14:16:47,888|base_page.py[line:66] INFO:Had find the element '  ' successful by xpath via value: //input[@name='userName'] 
2020-08-07 14:16:48,466|base_page.py[line:66] INFO:Had find the element '  ' successful by xpath via value: //input[@name='userName'] 
2020-08-07 14:16:48,593|base_page.py[line:133] INFO:Had type ' 7NO1W5 ' in inputBox
2020-08-07 14:16:49,153|base_page.py[line:66] INFO:Had find the element '  ' successful by xpath via value: //input[@name='firstName'] 
2020-08-07 14:16:49,259|base_page.py[line:155] INFO:The element '  ' was clicked.
2020-08-07 14:16:49,793|base_page.py[line:66] INFO:Had find the element '  ' successful by xpath via value: //input[@name='firstName'] 
2020-08-07 14:16:50,356|base_page.py[line:66] INFO:Had find the element '  ' successful by xpath via value: //input[@name='firstName'] 
2020-08-07 14:16:50,929|base_page.py[line:66] INFO:Had find the element '  ' successful by xpath via value: //input[@name='firstName'] 
2020-08-07 14:16:51,046|base_page.py[line:133] INFO:Had type ' EIPFve ' in inputBox
2020-08-07 14:16:51,574|base_page.py[line:66] INFO:Had find the element '  ' successful by xpath via value: //input[@name='lastName'] 
2020-08-07 14:16:51,640|base_page.py[line:155] INFO:The element '  ' was clicked.
2020-08-07 14:16:52,159|base_page.py[line:66] INFO:Had find the element '  ' successful by xpath via value: //input[@name='lastName'] 
2020-08-07 14:16:52,773|base_page.py[line:66] INFO:Had find the element '  ' successful by xpath via value: //input[@name='lastName'] 
2020-08-07 14:16:53,561|base_page.py[line:66] INFO:Had find the element '  ' successful by xpath via value: //input[@name='lastName'] 
2020-08-07 14:16:54,257|base_page.py[line:133] INFO:Had type ' SEKlJ7 ' in inputBox
2020-08-07 14:16:54,808|base_page.py[line:66] INFO:Had find the element ' Security ' successful by xpath via value: //select[@name='availableRolesSelected']/option[1] 
2020-08-07 14:16:55,349|base_page.py[line:66] INFO:Had find the element '  ' successful by xpath via value: //input[@class='form-control'] 
2020-08-07 14:16:55,512|base_page.py[line:133] INFO:Had type ' Security ' in inputBox
2020-08-07 14:16:56,075|base_page.py[line:66] INFO:Had find the element ' Security ' successful by xpath via value: //select[@name='availableRolesSelected'] 
2020-08-07 14:16:56,696|base_page.py[line:66] INFO:Had find the element '     Add     ' successful by xpath via value: //button[contains(text(),'Add')] 
2020-08-07 14:16:56,757|base_page.py[line:155] INFO:The element '     Add     ' was clicked.
2020-08-07 14:16:57,288|base_page.py[line:66] INFO:Had find the element ' Finish ' successful by xpath via value: //button[contains(text(),'Finish')] 
2020-08-07 14:16:57,357|base_page.py[line:155] INFO:The element ' Finish ' was clicked.
2020-08-07 14:17:12,206|base_page.py[line:68] ERROR:TimeoutException: selector by xpath ,value //div[@role='alert']
2020-08-07 14:17:12,206|base_page.py[line:121] ERROR:NoSuchElement selector_by: xpath, selector: //div[@role='alert'] 
2020-08-07 14:17:12,580|browser_engine.py[line:71] INFO:Now, Close and quit the browser.
