2020-08-07 14:26:48,894|browser_engine.py[line:26] INFO:You had select Chrome browser.
2020-08-07 14:26:48,894|browser_engine.py[line:28] INFO:The test server url is: https://rr-alamo-test.azureedge.net
2020-08-07 14:26:51,624|browser_engine.py[line:42] INFO:Starting Chrome browser.
2020-08-07 14:26:52,771|browser_engine.py[line:56] INFO:Maximize the current window.
2020-08-07 14:26:54,075|browser_engine.py[line:59] INFO:Open url: https://rr-alamo-test.azureedge.net
2020-08-07 14:27:04,828|base_page.py[line:68] ERROR:TimeoutException: selector by xpath ,value xpath=>//div[@class='localAccount']//div[@class='intro']/h2
2020-08-07 14:27:09,114|base_page.py[line:66] INFO:Had find the element ' Sign in with your existing account ' successful by xpath via value: //div[@class='localAccount']//div[@class='intro']/h2 
2020-08-07 14:27:09,664|base_page.py[line:66] INFO:Had find the element '  ' successful by id via value: logonIdentifier 
2020-08-07 14:27:09,702|base_page.py[line:143] INFO:Clear text in input box before typing.
2020-08-07 14:27:10,242|base_page.py[line:66] INFO:Had find the element '  ' successful by id via value: logonIdentifier 
2020-08-07 14:27:10,396|base_page.py[line:133] INFO:Had type ' yan.liu@an-chen.com ' in inputBox
2020-08-07 14:27:10,936|base_page.py[line:66] INFO:Had find the element '  ' successful by id via value: password 
2020-08-07 14:27:10,981|base_page.py[line:143] INFO:Clear text in input box before typing.
2020-08-07 14:27:11,505|base_page.py[line:66] INFO:Had find the element '  ' successful by id via value: password 
2020-08-07 14:27:11,641|base_page.py[line:133] INFO:Had type ' Lychan@2012 ' in inputBox
2020-08-07 14:27:12,204|base_page.py[line:66] INFO:Had find the element ' Sign in ' successful by xpath via value: //div[@class='buttons']/button[text()='Sign in'] 
2020-08-07 14:27:19,202|base_page.py[line:66] INFO:Had find the element ' Welcome, yanliu ' successful by xpath via value: //div[@id='root']//div[@class='content-heading'] 
2020-08-07 14:27:19,202|login.py[line:41] INFO:login success
2020-08-07 14:27:21,779|base_page.py[line:66] INFO:Had find the element ' MANAGE ' successful by id via value: manage 
2020-08-07 14:27:21,856|base_page.py[line:155] INFO:The element ' MANAGE ' was clicked.
2020-08-07 14:27:22,386|base_page.py[line:221] INFO:Had find the elements successful by xpath via value: //ul[@class='dropdown-menu multi-level show']/li/a 
2020-08-07 14:27:22,971|base_page.py[line:66] INFO:Had find the element ' Authorization Management ' successful by xpath via value: //ul[@class='dropdown-menu multi-level show']/li[1]/a 
2020-08-07 14:27:23,105|base_page.py[line:155] INFO:The element ' Authorization Management ' was clicked.
2020-08-07 14:27:23,105|topMenu.py[line:70] INFO:second_menu: Authorization Management
2020-08-07 14:27:24,691|base_page.py[line:66] INFO:Had find the element ' New ' successful by xpath via value: //div[@class='card']//button[text()=' New'] 
2020-08-07 14:27:24,823|base_page.py[line:155] INFO:The element ' New ' was clicked.
2020-08-07 14:27:25,367|base_page.py[line:66] INFO:Had find the element '  ' successful by xpath via value: //input[@name='name'] 
2020-08-07 14:27:25,453|base_page.py[line:155] INFO:The element '  ' was clicked.
2020-08-07 14:27:26,035|base_page.py[line:66] INFO:Had find the element '  ' successful by xpath via value: //input[@name='name'] 
2020-08-07 14:27:26,595|base_page.py[line:66] INFO:Had find the element '  ' successful by xpath via value: //input[@name='name'] 
2020-08-07 14:27:28,503|base_page.py[line:66] INFO:Had find the element '  ' successful by xpath via value: //input[@name='name'] 
2020-08-07 14:27:30,339|base_page.py[line:133] INFO:Had type ' S6MbLy ' in inputBox
2020-08-07 14:27:30,889|base_page.py[line:66] INFO:Had find the element '  ' successful by xpath via value: //input[@name='description'] 
2020-08-07 14:27:30,970|base_page.py[line:155] INFO:The element '  ' was clicked.
2020-08-07 14:27:31,501|base_page.py[line:66] INFO:Had find the element '  ' successful by xpath via value: //input[@name='description'] 
2020-08-07 14:27:32,059|base_page.py[line:66] INFO:Had find the element '  ' successful by xpath via value: //input[@name='description'] 
2020-08-07 14:27:32,607|base_page.py[line:66] INFO:Had find the element '  ' successful by xpath via value: //input[@name='description'] 
2020-08-07 14:27:34,260|base_page.py[line:133] INFO:Had type ' QSshi8 ' in inputBox
2020-08-07 14:27:34,840|base_page.py[line:221] INFO:Had find the elements successful by xpath via value: //div[@class='mb-0 card']//div[@class='rt-table']/div[@class='rt-tbody']//div[@class='rt-td'] 
2020-08-07 14:27:50,876|base_page.py[line:66] INFO:Had find the element '  ' successful by xpath via value: //div[@class='modal fade show']//div[@class='glo-row']//input[@id='canRead_139'] 
2020-08-07 14:27:51,631|base_page.py[line:155] INFO:The element '  ' was clicked.
2020-08-07 14:27:52,180|base_page.py[line:66] INFO:Had find the element '  ' successful by xpath via value: //div[@class='modal fade show']//div[@class='glo-row']//input[@id='canUpdate_139'] 
2020-08-07 14:27:52,556|base_page.py[line:155] INFO:The element '  ' was clicked.
2020-08-07 14:27:53,114|base_page.py[line:66] INFO:Had find the element '  ' successful by xpath via value: //div[@class='modal fade show']//div[@class='glo-row']//input[@id='canCreate_139'] 
2020-08-07 14:27:53,643|base_page.py[line:155] INFO:The element '  ' was clicked.
2020-08-07 14:27:54,223|base_page.py[line:66] INFO:Had find the element '  ' successful by xpath via value: //div[@class='modal fade show']//div[@class='glo-row']//input[@id='canDelete_139'] 
2020-08-07 14:27:54,534|base_page.py[line:155] INFO:The element '  ' was clicked.
2020-08-07 14:27:55,098|base_page.py[line:66] INFO:Had find the element '  ' successful by xpath via value: //div[@class='modal fade show']//div[@class='glo-row']//input[@id='canMassUpdate_139'] 
2020-08-07 14:27:55,407|base_page.py[line:155] INFO:The element '  ' was clicked.
2020-08-07 14:27:55,977|base_page.py[line:66] INFO:Had find the element '  ' successful by xpath via value: //div[@class='modal fade show']//div[@class='glo-row']//input[@id='canRead_141'] 
2020-08-07 14:27:56,276|base_page.py[line:155] INFO:The element '  ' was clicked.
2020-08-07 14:27:56,834|base_page.py[line:66] INFO:Had find the element '  ' successful by xpath via value: //div[@class='modal fade show']//div[@class='glo-row']//input[@id='canUpdate_141'] 
2020-08-07 14:27:57,179|base_page.py[line:155] INFO:The element '  ' was clicked.
2020-08-07 14:27:57,731|base_page.py[line:66] INFO:Had find the element '  ' successful by xpath via value: //div[@class='modal fade show']//div[@class='glo-row']//input[@id='canCreate_141'] 
2020-08-07 14:27:58,027|base_page.py[line:155] INFO:The element '  ' was clicked.
2020-08-07 14:27:58,580|base_page.py[line:66] INFO:Had find the element '  ' successful by xpath via value: //div[@class='modal fade show']//div[@class='glo-row']//input[@id='canDelete_141'] 
2020-08-07 14:27:58,926|base_page.py[line:155] INFO:The element '  ' was clicked.
2020-08-07 14:27:59,524|base_page.py[line:66] INFO:Had find the element '  ' successful by xpath via value: //div[@class='modal fade show']//div[@class='glo-row']//input[@id='canMassUpdate_141'] 
2020-08-07 14:27:59,825|base_page.py[line:155] INFO:The element '  ' was clicked.
2020-08-07 14:28:00,366|base_page.py[line:66] INFO:Had find the element ' Next ' successful by xpath via value: //button[contains(text(),'Next')] 
2020-08-07 14:28:00,528|base_page.py[line:155] INFO:The element ' Next ' was clicked.
2020-08-07 14:28:01,118|base_page.py[line:66] INFO:Had find the element ' ljc7ua ' successful by xpath via value: //select[@name='availableUsersSelected']/option[1] 
2020-08-07 14:28:01,700|base_page.py[line:66] INFO:Had find the element '  ' successful by xpath via value: //input[@class='form-control'] 
2020-08-07 14:28:01,849|base_page.py[line:133] INFO:Had type ' ljc7ua ' in inputBox
2020-08-07 14:28:02,411|base_page.py[line:66] INFO:Had find the element ' ljc7ua ' successful by xpath via value: //select[@name='availableUsersSelected'] 
2020-08-07 14:28:03,053|base_page.py[line:66] INFO:Had find the element '     Add     ' successful by xpath via value: //button[contains(text(),'Add')] 
2020-08-07 14:28:03,149|base_page.py[line:155] INFO:The element '     Add     ' was clicked.
2020-08-07 14:28:03,691|base_page.py[line:66] INFO:Had find the element ' Finish ' successful by xpath via value: //button[contains(text(),'Finish')] 
2020-08-07 14:28:03,785|base_page.py[line:155] INFO:The element ' Finish ' was clicked.
2020-08-07 14:28:08,344|base_page.py[line:66] INFO:Had find the element ' Role: S6MbLy created successfully. ' successful by xpath via value: //div[@role='alert'] 
2020-08-07 14:28:09,944|base_page.py[line:66] INFO:Had find the element ' 1261
S6MbLy
QSshi8 ' successful by xpath via value: //div[@class='card']//div[@class='glo-row']//div[@class='rt-tr-group'][1]/div 
2020-08-07 14:28:10,482|base_page.py[line:66] INFO:Had find the element ' 1261
S6MbLy
QSshi8 ' successful by xpath via value: //div[@class='card']//div[@class='glo-row']//div[@class='rt-tr-group'][1]/div 
2020-08-07 14:28:10,585|base_page.py[line:155] INFO:The element ' 1261
S6MbLy
QSshi8 ' was clicked.
2020-08-07 14:28:11,133|base_page.py[line:66] INFO:Had find the element ' Edit ' successful by xpath via value: //div[@class='card']//button[text()=' Edit'] 
2020-08-07 14:28:12,467|base_page.py[line:155] INFO:The element ' Edit ' was clicked.
2020-08-07 14:28:13,010|base_page.py[line:66] INFO:Had find the element '  ' successful by xpath via value: //input[@name='name'] 
2020-08-07 14:28:13,086|base_page.py[line:155] INFO:The element '  ' was clicked.
2020-08-07 14:28:13,634|base_page.py[line:66] INFO:Had find the element '  ' successful by xpath via value: //input[@name='name'] 
2020-08-07 14:28:14,471|base_page.py[line:66] INFO:Had find the element '  ' successful by xpath via value: //input[@name='name'] 
2020-08-07 14:28:15,507|base_page.py[line:66] INFO:Had find the element '  ' successful by xpath via value: //input[@name='name'] 
2020-08-07 14:28:17,191|base_page.py[line:133] INFO:Had type ' PIPoLI ' in inputBox
2020-08-07 14:28:17,778|base_page.py[line:66] INFO:Had find the element '  ' successful by xpath via value: //input[@name='description'] 
2020-08-07 14:28:17,870|base_page.py[line:155] INFO:The element '  ' was clicked.
2020-08-07 14:28:18,421|base_page.py[line:66] INFO:Had find the element '  ' successful by xpath via value: //input[@name='description'] 
2020-08-07 14:28:18,973|base_page.py[line:66] INFO:Had find the element '  ' successful by xpath via value: //input[@name='description'] 
2020-08-07 14:28:19,759|base_page.py[line:66] INFO:Had find the element '  ' successful by xpath via value: //input[@name='description'] 
2020-08-07 14:28:21,235|base_page.py[line:133] INFO:Had type ' KbYKga ' in inputBox
2020-08-07 14:28:21,797|base_page.py[line:221] INFO:Had find the elements successful by xpath via value: //div[@class='mb-0 card']//div[@class='rt-table']/div[@class='rt-tbody']//div[@class='rt-td'] 
2020-08-07 14:28:47,990|base_page.py[line:66] INFO:Had find the element '  ' successful by xpath via value: //div[@class='modal fade show']//div[@class='glo-row']//input[@id='canRead_139'] 
2020-08-07 14:28:48,432|base_page.py[line:155] INFO:The element '  ' was clicked.
2020-08-07 14:28:48,987|base_page.py[line:66] INFO:Had find the element '  ' successful by xpath via value: //div[@class='modal fade show']//div[@class='glo-row']//input[@id='canUpdate_139'] 
2020-08-07 14:28:49,379|base_page.py[line:155] INFO:The element '  ' was clicked.
2020-08-07 14:28:49,937|base_page.py[line:66] INFO:Had find the element '  ' successful by xpath via value: //div[@class='modal fade show']//div[@class='glo-row']//input[@id='canCreate_139'] 
2020-08-07 14:28:50,425|base_page.py[line:155] INFO:The element '  ' was clicked.
2020-08-07 14:28:51,059|base_page.py[line:66] INFO:Had find the element '  ' successful by xpath via value: //div[@class='modal fade show']//div[@class='glo-row']//input[@id='canDelete_139'] 
2020-08-07 14:28:51,855|base_page.py[line:155] INFO:The element '  ' was clicked.
2020-08-07 14:28:52,457|base_page.py[line:66] INFO:Had find the element '  ' successful by xpath via value: //div[@class='modal fade show']//div[@class='glo-row']//input[@id='canMassUpdate_139'] 
2020-08-07 14:28:53,195|base_page.py[line:155] INFO:The element '  ' was clicked.
2020-08-07 14:28:53,773|base_page.py[line:66] INFO:Had find the element '  ' successful by xpath via value: //div[@class='modal fade show']//div[@class='glo-row']//input[@id='canRead_140'] 
2020-08-07 14:28:54,501|base_page.py[line:155] INFO:The element '  ' was clicked.
2020-08-07 14:28:55,200|base_page.py[line:66] INFO:Had find the element '  ' successful by xpath via value: //div[@class='modal fade show']//div[@class='glo-row']//input[@id='canUpdate_140'] 
2020-08-07 14:28:56,528|base_page.py[line:155] INFO:The element '  ' was clicked.
2020-08-07 14:28:57,214|base_page.py[line:66] INFO:Had find the element '  ' successful by xpath via value: //div[@class='modal fade show']//div[@class='glo-row']//input[@id='canCreate_140'] 
2020-08-07 14:28:59,448|base_page.py[line:155] INFO:The element '  ' was clicked.
2020-08-07 14:29:00,141|base_page.py[line:66] INFO:Had find the element '  ' successful by xpath via value: //div[@class='modal fade show']//div[@class='glo-row']//input[@id='canDelete_140'] 
2020-08-07 14:29:01,177|base_page.py[line:155] INFO:The element '  ' was clicked.
2020-08-07 14:29:02,078|base_page.py[line:66] INFO:Had find the element '  ' successful by xpath via value: //div[@class='modal fade show']//div[@class='glo-row']//input[@id='canMassUpdate_140'] 
2020-08-07 14:29:02,659|base_page.py[line:155] INFO:The element '  ' was clicked.
2020-08-07 14:29:03,275|base_page.py[line:66] INFO:Had find the element ' Users ' successful by xpath via value: //div[@class='mb-0 card']//li/a[text()='Users'] 
2020-08-07 14:29:03,552|base_page.py[line:155] INFO:The element ' Users ' was clicked.
2020-08-07 14:29:04,142|base_page.py[line:66] INFO:Had find the element ' ljc7ua ' successful by xpath via value: //select[@name='assignedUsersSelected'] 
2020-08-07 14:29:04,908|base_page.py[line:66] INFO:Had find the element ' Remove ' successful by xpath via value: //button[contains(text(),'Remove')] 
2020-08-07 14:29:05,103|base_page.py[line:155] INFO:The element ' Remove ' was clicked.
2020-08-07 14:29:05,707|base_page.py[line:66] INFO:Had find the element ' Finish ' successful by xpath via value: //button[contains(text(),'Finish')] 
2020-08-07 14:29:05,918|base_page.py[line:155] INFO:The element ' Finish ' was clicked.
2020-08-07 14:29:20,865|base_page.py[line:68] ERROR:TimeoutException: selector by xpath ,value //div[@role='alert']
2020-08-07 14:29:20,865|base_page.py[line:121] ERROR:NoSuchElement selector_by: xpath, selector: //div[@role='alert'] 
2020-08-07 14:29:32,171|base_page.py[line:68] ERROR:TimeoutException: selector by xpath ,value xpath=>//div[@class='card']//li/a[text()='Users']
2020-08-07 14:29:32,738|base_page.py[line:66] INFO:Had find the element ' Users ' successful by xpath via value: //div[@class='card']//li/a[text()='Users'] 
2020-08-07 14:29:34,642|browser_engine.py[line:71] INFO:Now, Close and quit the browser.
