2020-05-22 11:37:55,882|browser_engine.py[line:27] INFO:You had select Chrome browser.
2020-05-22 11:37:55,883|browser_engine.py[line:29] INFO:The test server url is: https://rralamotest.z21.web.core.windows.net/
2020-05-22 11:38:01,392|browser_engine.py[line:44] INFO:Starting Chrome browser.
2020-05-22 11:38:02,890|browser_engine.py[line:58] INFO:Maximize the current window.
2020-05-22 11:38:41,387|browser_engine.py[line:61] INFO:Open url: https://rralamotest.z21.web.core.windows.net/
2020-05-22 11:38:52,416|base_page.py[line:69] ERROR:TimeoutException: selector by xpath ,value xpath=>//div[@class='localAccount']//div[@class='intro']/h2
2020-05-22 11:38:53,082|base_page.py[line:67] INFO:Had find the element ' Sign in with your existing account ' successful by xpath via value: //div[@class='localAccount']//div[@class='intro']/h2 
2020-05-22 11:38:53,751|base_page.py[line:67] INFO:Had find the element '  ' successful by id via value: logonIdentifier 
2020-05-22 11:38:53,938|base_page.py[line:144] INFO:Clear text in input box before typing.
2020-05-22 11:38:54,505|base_page.py[line:67] INFO:Had find the element '  ' successful by id via value: logonIdentifier 
2020-05-22 11:38:54,942|base_page.py[line:134] INFO:Had type ' yan.liu@an-chen.com ' in inputBox
2020-05-22 11:38:55,546|base_page.py[line:67] INFO:Had find the element '  ' successful by id via value: password 
2020-05-22 11:38:55,724|base_page.py[line:144] INFO:Clear text in input box before typing.
2020-05-22 11:38:56,275|base_page.py[line:67] INFO:Had find the element '  ' successful by id via value: password 
2020-05-22 11:38:56,723|base_page.py[line:134] INFO:Had type ' Lychan@2012 ' in inputBox
2020-05-22 11:38:57,421|base_page.py[line:67] INFO:Had find the element ' Sign in ' successful by xpath via value: //div[@class='buttons']/button[text()='Sign in'] 
2020-05-22 11:39:08,529|base_page.py[line:69] ERROR:TimeoutException: selector by xpath ,value xpath=>//div[@id='root']//div[@class='content-heading']
2020-05-22 11:39:09,102|base_page.py[line:67] INFO:Had find the element ' Welcome, yanliu ' successful by xpath via value: //div[@id='root']//div[@class='content-heading'] 
2020-05-22 11:39:09,103|login.py[line:41] INFO:login success
2020-05-22 11:39:20,094|base_page.py[line:69] ERROR:TimeoutException: selector by xpath ,value xpath=>//div[@class='card']/form//div[@id='homeGrid']/div//h2
2020-05-22 11:39:20,886|base_page.py[line:222] INFO:Had find the elements successful by xpath via value: //div[@class='card']/form//div[@id='homeGrid']/div//h2 
2020-05-22 11:39:21,509|base_page.py[line:67] INFO:Had find the element '  ' successful by xpath via value: //div[@class='card']/form//div[@id='homeGrid']/div[4]//input 
2020-05-22 11:39:21,790|base_page.py[line:134] INFO:Had type ' C000089009 ' in inputBox
2020-05-22 11:39:22,341|base_page.py[line:67] INFO:Had find the element ' Go ' successful by xpath via value: //div[@class='card']/form//div[@id='homeGrid']/div[4]/div/button 
2020-05-22 11:39:22,505|base_page.py[line:156] INFO:The element ' Go ' was clicked.
2020-05-22 11:39:22,506|homePage.py[line:50] INFO:module_name: Customers
2020-05-22 11:39:33,426|base_page.py[line:69] ERROR:TimeoutException: selector by xpath ,value xpath=>//div[@class='card']//li/a[text()='Entity']
2020-05-22 11:39:33,978|base_page.py[line:67] INFO:Had find the element ' Entity ' successful by xpath via value: //div[@class='card']//li/a[text()='Entity'] 
2020-05-22 11:39:34,212|base_page.py[line:156] INFO:The element ' Entity ' was clicked.
2020-05-22 11:39:34,733|base_page.py[line:222] INFO:Had find the elements successful by xpath via value: //div[@class='card']//div//h4 
2020-05-22 11:39:35,304|base_page.py[line:67] INFO:Had find the element ' Customer Summary ' successful by xpath via value: //div[@class='card']//div//h4[text()='Customer Summary'] 
2020-05-22 11:39:35,879|base_page.py[line:67] INFO:Had find the element ' Details ' successful by xpath via value: //div[@class='glo-row']/div[1]//button[text()=' Details'] 
2020-05-22 11:39:36,079|base_page.py[line:156] INFO:The element ' Details ' was clicked.
2020-05-22 11:39:36,630|base_page.py[line:67] INFO:Had find the element '  ' successful by xpath via value: //h4[@class='modal-title'] 
2020-05-22 11:39:37,193|base_page.py[line:67] INFO:Had find the element ' × ' successful by xpath via value: //button[@class='close'] 
2020-05-22 11:39:37,769|base_page.py[line:222] INFO:Had find the elements successful by xpath via value: //div[@class='card']//div//h4 
2020-05-22 11:39:38,326|base_page.py[line:67] INFO:Had find the element ' Customer Summary ' successful by xpath via value: //div[@class='card']//div//h4[text()='Customer Summary'] 
2020-05-22 11:39:38,880|base_page.py[line:67] INFO:Had find the element ' Edit ' successful by xpath via value: //div[@class='glo-row']/div[1]//button[text()=' Edit'] 
2020-05-22 11:39:38,974|base_page.py[line:156] INFO:The element ' Edit ' was clicked.
2020-05-22 11:39:39,494|base_page.py[line:222] INFO:Had find the elements successful by xpath via value: //div[@class='card']//div//h4 
2020-05-22 11:39:40,058|base_page.py[line:67] INFO:Had find the element ' Customer Summary ' successful by xpath via value: //div[@class='card']//div//h4[text()='Customer Summary'] 
2020-05-22 11:39:40,600|base_page.py[line:67] INFO:Had find the element ' History ' successful by xpath via value: //div[@class='glo-row']/div[1]//button[text()=' History'] 
2020-05-22 11:39:40,741|base_page.py[line:156] INFO:The element ' History ' was clicked.
2020-05-22 11:39:41,269|base_page.py[line:67] INFO:Had find the element '  ' successful by xpath via value: //h4[@class='modal-title'] 
2020-05-22 11:39:41,829|base_page.py[line:67] INFO:Had find the element ' × ' successful by xpath via value: //button[@class='close'] 
2020-05-22 11:39:52,730|base_page.py[line:69] ERROR:TimeoutException: selector by xpath ,value //div[@class='btn-toolbar show']/button[text()='History']
2020-05-22 11:39:52,730|base_page.py[line:122] ERROR:NoSuchElement selector_by: xpath, selector: //div[@class='btn-toolbar show']/button[text()='History'] 
