2020-05-22 16:06:58,840|browser_engine.py[line:27] INFO:You had select Chrome browser.
2020-05-22 16:06:58,841|browser_engine.py[line:29] INFO:The test server url is: https://rralamotest.z21.web.core.windows.net/
2020-05-22 16:07:01,722|browser_engine.py[line:44] INFO:Starting Chrome browser.
2020-05-22 16:07:02,873|browser_engine.py[line:58] INFO:Maximize the current window.
2020-05-22 16:07:47,996|browser_engine.py[line:61] INFO:Open url: https://rralamotest.z21.web.core.windows.net/
2020-05-22 16:07:58,646|base_page.py[line:69] ERROR:TimeoutException: selector by xpath ,value xpath=>//div[@class='localAccount']//div[@class='intro']/h2
2020-05-22 16:07:59,201|base_page.py[line:67] INFO:Had find the element ' Sign in with your existing account ' successful by xpath via value: //div[@class='localAccount']//div[@class='intro']/h2 
2020-05-22 16:07:59,767|base_page.py[line:67] INFO:Had find the element '  ' successful by id via value: logonIdentifier 
2020-05-22 16:07:59,805|base_page.py[line:144] INFO:Clear text in input box before typing.
2020-05-22 16:08:00,325|base_page.py[line:67] INFO:Had find the element '  ' successful by id via value: logonIdentifier 
2020-05-22 16:08:00,559|base_page.py[line:134] INFO:Had type ' yan.liu@an-chen.com ' in inputBox
2020-05-22 16:08:01,102|base_page.py[line:67] INFO:Had find the element '  ' successful by id via value: password 
2020-05-22 16:08:01,156|base_page.py[line:144] INFO:Clear text in input box before typing.
2020-05-22 16:08:01,679|base_page.py[line:67] INFO:Had find the element '  ' successful by id via value: password 
2020-05-22 16:08:01,868|base_page.py[line:134] INFO:Had type ' Lychan@2012 ' in inputBox
2020-05-22 16:08:02,417|base_page.py[line:67] INFO:Had find the element ' Sign in ' successful by xpath via value: //div[@class='buttons']/button[text()='Sign in'] 
2020-05-22 16:08:13,040|base_page.py[line:69] ERROR:TimeoutException: selector by xpath ,value xpath=>//div[@id='root']//div[@class='content-heading']
2020-05-22 16:08:13,602|base_page.py[line:67] INFO:Had find the element ' Welcome, yanliu ' successful by xpath via value: //div[@id='root']//div[@class='content-heading'] 
2020-05-22 16:08:13,602|login.py[line:41] INFO:login success
2020-05-22 16:08:24,511|base_page.py[line:69] ERROR:TimeoutException: selector by xpath ,value xpath=>//div[@class='card']/form//div[@id='homeGrid']/div//h2
2020-05-22 16:08:25,042|base_page.py[line:222] INFO:Had find the elements successful by xpath via value: //div[@class='card']/form//div[@id='homeGrid']/div//h2 
2020-05-22 16:08:25,690|base_page.py[line:67] INFO:Had find the element '  ' successful by xpath via value: //div[@class='card']/form//div[@id='homeGrid']/div[4]//input 
2020-05-22 16:08:25,964|base_page.py[line:134] INFO:Had type ' C000089009 ' in inputBox
2020-05-22 16:08:26,512|base_page.py[line:67] INFO:Had find the element ' Go ' successful by xpath via value: //div[@class='card']/form//div[@id='homeGrid']/div[4]/div/button 
2020-05-22 16:08:26,661|base_page.py[line:156] INFO:The element ' Go ' was clicked.
2020-05-22 16:08:26,661|homePage.py[line:50] INFO:module_name: Customers
2020-05-22 16:08:37,568|base_page.py[line:69] ERROR:TimeoutException: selector by xpath ,value xpath=>//div[@class='card']//li/a[text()='Entity']
2020-05-22 16:08:38,130|base_page.py[line:67] INFO:Had find the element ' Entity ' successful by xpath via value: //div[@class='card']//li/a[text()='Entity'] 
2020-05-22 16:08:38,277|base_page.py[line:156] INFO:The element ' Entity ' was clicked.
2020-05-22 16:08:38,812|base_page.py[line:222] INFO:Had find the elements successful by xpath via value: //div[@class='card']//div//h4 
2020-05-22 16:08:39,385|base_page.py[line:67] INFO:Had find the element ' Customer Summary ' successful by xpath via value: //div[@class='card']//div//h4[text()='Customer Summary'] 
2020-05-22 16:08:39,929|base_page.py[line:67] INFO:Had find the element ' Details ' successful by xpath via value: //div[@class='glo-row']/div[1]//button[text()=' Details'] 
2020-05-22 16:08:40,074|base_page.py[line:156] INFO:The element ' Details ' was clicked.
2020-05-22 16:08:40,609|base_page.py[line:67] INFO:Had find the element '  ' successful by xpath via value: //h4[@class='modal-title'] 
2020-05-22 16:08:41,174|base_page.py[line:67] INFO:Had find the element ' × ' successful by xpath via value: //button[@class='close'] 
2020-05-22 16:08:41,727|base_page.py[line:222] INFO:Had find the elements successful by xpath via value: //div[@class='card']//div//h4 
2020-05-22 16:08:42,290|base_page.py[line:67] INFO:Had find the element ' Customer Summary ' successful by xpath via value: //div[@class='card']//div//h4[text()='Customer Summary'] 
2020-05-22 16:08:42,856|base_page.py[line:67] INFO:Had find the element ' History ' successful by xpath via value: //div[@class='glo-row']/div[1]//button[text()=' History'] 
2020-05-22 16:08:42,990|base_page.py[line:156] INFO:The element ' History ' was clicked.
2020-05-22 16:08:43,523|base_page.py[line:67] INFO:Had find the element '  ' successful by xpath via value: //h4[@class='modal-title'] 
2020-05-22 16:08:44,081|base_page.py[line:67] INFO:Had find the element ' × ' successful by xpath via value: //button[@class='close'] 
2020-05-22 16:08:44,644|base_page.py[line:67] INFO:Had find the element ' History ' successful by xpath via value: //div[@class='btn-toolbar']/button[text()='History'] 
2020-05-22 16:08:45,189|base_page.py[line:67] INFO:Had find the element ' History ' successful by xpath via value: //div[@class='btn-toolbar']/button[text()='History'] 
2020-05-22 16:08:45,348|base_page.py[line:156] INFO:The element ' History ' was clicked.
2020-05-22 16:08:45,886|base_page.py[line:67] INFO:Had find the element ' History For TblEntity ' successful by xpath via value: //div[3]//h4[@class='modal-title'] 
