2020-05-22 11:57:47,680|browser_engine.py[line:27] INFO:You had select Chrome browser.
2020-05-22 11:57:47,680|browser_engine.py[line:29] INFO:The test server url is: https://rralamotest.z21.web.core.windows.net/
2020-05-22 11:57:50,559|browser_engine.py[line:44] INFO:Starting Chrome browser.
2020-05-22 11:57:51,689|browser_engine.py[line:58] INFO:Maximize the current window.
2020-05-22 11:59:05,987|browser_engine.py[line:61] INFO:Open url: https://rralamotest.z21.web.core.windows.net/
2020-05-22 11:59:16,821|base_page.py[line:69] ERROR:TimeoutException: selector by xpath ,value xpath=>//div[@class='localAccount']//div[@class='intro']/h2
2020-05-22 11:59:17,356|base_page.py[line:67] INFO:Had find the element ' Sign in with your existing account ' successful by xpath via value: //div[@class='localAccount']//div[@class='intro']/h2 
2020-05-22 11:59:17,931|base_page.py[line:67] INFO:Had find the element '  ' successful by id via value: logonIdentifier 
2020-05-22 11:59:17,984|base_page.py[line:144] INFO:Clear text in input box before typing.
2020-05-22 11:59:18,517|base_page.py[line:67] INFO:Had find the element '  ' successful by id via value: logonIdentifier 
2020-05-22 11:59:18,675|base_page.py[line:134] INFO:Had type ' yan.liu@an-chen.com ' in inputBox
2020-05-22 11:59:19,206|base_page.py[line:67] INFO:Had find the element '  ' successful by id via value: password 
2020-05-22 11:59:19,262|base_page.py[line:144] INFO:Clear text in input box before typing.
2020-05-22 11:59:19,793|base_page.py[line:67] INFO:Had find the element '  ' successful by id via value: password 
2020-05-22 11:59:19,986|base_page.py[line:134] INFO:Had type ' Lychan@2012 ' in inputBox
2020-05-22 11:59:20,534|base_page.py[line:67] INFO:Had find the element ' Sign in ' successful by xpath via value: //div[@class='buttons']/button[text()='Sign in'] 
2020-05-22 11:59:31,213|base_page.py[line:69] ERROR:TimeoutException: selector by xpath ,value xpath=>//div[@id='root']//div[@class='content-heading']
2020-05-22 11:59:31,779|base_page.py[line:67] INFO:Had find the element ' Welcome, yanliu ' successful by xpath via value: //div[@id='root']//div[@class='content-heading'] 
2020-05-22 11:59:31,779|login.py[line:41] INFO:login success
2020-05-22 11:59:42,692|base_page.py[line:69] ERROR:TimeoutException: selector by xpath ,value xpath=>//div[@class='card']/form//div[@id='homeGrid']/div//h2
2020-05-22 11:59:43,220|base_page.py[line:222] INFO:Had find the elements successful by xpath via value: //div[@class='card']/form//div[@id='homeGrid']/div//h2 
2020-05-22 11:59:43,882|base_page.py[line:67] INFO:Had find the element '  ' successful by xpath via value: //div[@class='card']/form//div[@id='homeGrid']/div[4]//input 
2020-05-22 11:59:44,102|base_page.py[line:134] INFO:Had type ' C000089009 ' in inputBox
2020-05-22 11:59:44,636|base_page.py[line:67] INFO:Had find the element ' Go ' successful by xpath via value: //div[@class='card']/form//div[@id='homeGrid']/div[4]/div/button 
2020-05-22 11:59:44,784|base_page.py[line:156] INFO:The element ' Go ' was clicked.
2020-05-22 11:59:44,784|homePage.py[line:50] INFO:module_name: Customers
2020-05-22 11:59:45,322|base_page.py[line:67] INFO:Had find the element ' History ' successful by xpath via value: //div[@class='btn-toolbar']/button[text()='History'] 
2020-05-22 11:59:45,853|base_page.py[line:67] INFO:Had find the element ' History ' successful by xpath via value: //div[@class='btn-toolbar']/button[text()='History'] 
2020-05-22 11:59:45,976|base_page.py[line:156] INFO:The element ' History ' was clicked.
2020-05-22 11:59:46,516|base_page.py[line:67] INFO:Had find the element ' History For TblEntity ' successful by xpath via value: //h4[@class='modal-title'] 
2020-05-22 11:59:47,080|base_page.py[line:67] INFO:Had find the element ' × ' successful by xpath via value: //button[@class='close'] 
