2020-05-22 12:05:07,361|browser_engine.py[line:27] INFO:You had select Chrome browser.
2020-05-22 12:05:07,361|browser_engine.py[line:29] INFO:The test server url is: https://rralamotest.z21.web.core.windows.net/
2020-05-22 12:05:10,351|browser_engine.py[line:44] INFO:Starting Chrome browser.
2020-05-22 12:05:11,486|browser_engine.py[line:58] INFO:Maximize the current window.
2020-05-22 12:05:36,320|browser_engine.py[line:61] INFO:Open url: https://rralamotest.z21.web.core.windows.net/
2020-05-22 12:05:47,093|base_page.py[line:69] ERROR:TimeoutException: selector by xpath ,value xpath=>//div[@class='localAccount']//div[@class='intro']/h2
2020-05-22 12:05:47,660|base_page.py[line:67] INFO:Had find the element ' Sign in with your existing account ' successful by xpath via value: //div[@class='localAccount']//div[@class='intro']/h2 
2020-05-22 12:05:48,240|base_page.py[line:67] INFO:Had find the element '  ' successful by id via value: logonIdentifier 
2020-05-22 12:05:48,301|base_page.py[line:144] INFO:Clear text in input box before typing.
2020-05-22 12:05:48,836|base_page.py[line:67] INFO:Had find the element '  ' successful by id via value: logonIdentifier 
2020-05-22 12:05:49,030|base_page.py[line:134] INFO:Had type ' yan.liu@an-chen.com ' in inputBox
2020-05-22 12:05:49,590|base_page.py[line:67] INFO:Had find the element '  ' successful by id via value: password 
2020-05-22 12:05:49,651|base_page.py[line:144] INFO:Clear text in input box before typing.
2020-05-22 12:05:50,176|base_page.py[line:67] INFO:Had find the element '  ' successful by id via value: password 
2020-05-22 12:05:50,340|base_page.py[line:134] INFO:Had type ' Lychan@2012 ' in inputBox
2020-05-22 12:05:50,872|base_page.py[line:67] INFO:Had find the element ' Sign in ' successful by xpath via value: //div[@class='buttons']/button[text()='Sign in'] 
2020-05-22 12:06:01,448|base_page.py[line:69] ERROR:TimeoutException: selector by xpath ,value xpath=>//div[@id='root']//div[@class='content-heading']
2020-05-22 12:06:02,021|base_page.py[line:67] INFO:Had find the element ' Welcome, yanliu ' successful by xpath via value: //div[@id='root']//div[@class='content-heading'] 
2020-05-22 12:06:02,022|login.py[line:41] INFO:login success
2020-05-22 12:06:13,044|base_page.py[line:69] ERROR:TimeoutException: selector by xpath ,value xpath=>//div[@class='card']/form//div[@id='homeGrid']/div//h2
2020-05-22 12:06:13,572|base_page.py[line:222] INFO:Had find the elements successful by xpath via value: //div[@class='card']/form//div[@id='homeGrid']/div//h2 
2020-05-22 12:06:14,207|base_page.py[line:67] INFO:Had find the element '  ' successful by xpath via value: //div[@class='card']/form//div[@id='homeGrid']/div[4]//input 
2020-05-22 12:06:14,377|base_page.py[line:134] INFO:Had type ' C000089009 ' in inputBox
2020-05-22 12:06:14,946|base_page.py[line:67] INFO:Had find the element ' Go ' successful by xpath via value: //div[@class='card']/form//div[@id='homeGrid']/div[4]/div/button 
2020-05-22 12:06:15,087|base_page.py[line:156] INFO:The element ' Go ' was clicked.
2020-05-22 12:06:15,087|homePage.py[line:50] INFO:module_name: Customers
2020-05-22 12:06:25,974|base_page.py[line:69] ERROR:TimeoutException: selector by xpath ,value xpath=>//div[@class='card']//li/a[text()='Contacts']
2020-05-22 12:06:26,505|base_page.py[line:67] INFO:Had find the element ' Contacts ' successful by xpath via value: //div[@class='card']//li/a[text()='Contacts'] 
2020-05-22 12:06:26,643|base_page.py[line:156] INFO:The element ' Contacts ' was clicked.
2020-05-22 12:06:27,160|base_page.py[line:222] INFO:Had find the elements successful by xpath via value: //div[@class='card']//div//h4 
2020-05-22 12:06:27,725|base_page.py[line:67] INFO:Had find the element ' Email ' successful by xpath via value: //div[@class='card']//div//h4[text()='Email'] 
2020-05-22 12:06:28,295|base_page.py[line:67] INFO:Had find the element ' Page 1 of 1 --- total records: 2 ' successful by xpath via value: //span[@class='glo-table-pagination'] 
2020-05-22 12:06:28,858|base_page.py[line:67] INFO:Had find the element ' Miss
First Name
Middle Name
Last Name
et ux
CPA ' successful by xpath via value: //div[@class='glo-row']/div[1]//div[@class='glo-row']//div[@class='rt-tr-group'][1]/div 
2020-05-22 12:06:29,419|base_page.py[line:67] INFO:Had find the element ' Miss
First Name
Middle Name
Last Name
et ux
CPA ' successful by xpath via value: //div[@class='glo-row']/div[1]//div[@class='glo-row']//div[@class='rt-tr-group'][1]/div 
2020-05-22 12:06:29,531|base_page.py[line:156] INFO:The element ' Miss
First Name
Middle Name
Last Name
et ux
CPA ' was clicked.
2020-05-22 12:06:30,075|base_page.py[line:67] INFO:Had find the element ' New ' successful by xpath via value: //div[@class='glo-row']/div[2]//button[text()=' New'] 
2020-05-22 12:06:30,197|base_page.py[line:156] INFO:The element ' New ' was clicked.
2020-05-22 12:06:30,738|base_page.py[line:67] INFO:Had find the element '  ' successful by xpath via value: //input[@name='emailAddress'] 
2020-05-22 12:06:30,816|base_page.py[line:156] INFO:The element '  ' was clicked.
2020-05-22 12:06:31,358|base_page.py[line:67] INFO:Had find the element '  ' successful by xpath via value: //input[@name='emailAddress'] 
2020-05-22 12:06:31,933|base_page.py[line:67] INFO:Had find the element '  ' successful by xpath via value: //input[@name='emailAddress'] 
2020-05-22 12:06:32,494|base_page.py[line:67] INFO:Had find the element '  ' successful by xpath via value: //input[@name='emailAddress'] 
2020-05-22 12:06:32,840|base_page.py[line:134] INFO:Had type ' uiautomation@qq.com ' in inputBox
2020-05-22 12:06:33,408|base_page.py[line:67] INFO:Had find the element ' Select one...
Personal
Business
Company
Government
Unknown ' successful by xpath via value: //select[@name='emailType'] 
2020-05-22 12:06:33,505|base_page.py[line:156] INFO:The element ' Select one...
Personal
Business
Company
Government
Unknown ' was clicked.
2020-05-22 12:06:34,056|base_page.py[line:67] INFO:Had find the element ' Select one...
Personal
Business
Company
Government
Unknown ' successful by xpath via value: //select[@name='emailType'] 
2020-05-22 12:06:34,706|base_page.py[line:67] INFO:Had find the element ' No
Yes ' successful by xpath via value: //select[@name='isPrimary'] 
2020-05-22 12:06:34,813|base_page.py[line:156] INFO:The element ' No
Yes ' was clicked.
2020-05-22 12:06:35,354|base_page.py[line:67] INFO:Had find the element ' No
Yes ' successful by xpath via value: //select[@name='isPrimary'] 
2020-05-22 12:06:35,985|base_page.py[line:67] INFO:Had find the element ' Save ' successful by xpath via value: //button[text()='Save'] 
2020-05-22 12:06:36,095|base_page.py[line:156] INFO:The element ' Save ' was clicked.
2020-05-22 12:06:38,650|base_page.py[line:67] INFO:Had find the element ' Contact Email:: uiautomation@qq.com created successfully. ' successful by xpath via value: //div[@role='alert'] 
2020-05-22 12:06:39,180|base_page.py[line:222] INFO:Had find the elements successful by xpath via value: //div[@class='card']//div//h4 
2020-05-22 12:06:39,755|base_page.py[line:67] INFO:Had find the element ' Email ' successful by xpath via value: //div[@class='card']//div//h4[text()='Email'] 
2020-05-22 12:06:40,306|base_page.py[line:67] INFO:Had find the element ' Page 1 of 1 --- total records: 2 ' successful by xpath via value: //span[@class='glo-table-pagination'] 
2020-05-22 12:06:40,860|base_page.py[line:67] INFO:Had find the element ' Miss
First Name
Middle Name
Last Name
et ux
CPA ' successful by xpath via value: //div[@class='glo-row']/div[1]//div[@class='glo-row']//div[@class='rt-tr-group'][1]/div 
2020-05-22 12:06:41,386|base_page.py[line:222] INFO:Had find the elements successful by xpath via value: //div[@class='glo-row']/div[2]//div[@class='glo-row']//div[@class='rt-tr-group'] 
2020-05-22 12:06:41,963|base_page.py[line:67] INFO:Had find the element ' Business
uiautomation@qq.com ' successful by xpath via value: //div[@class='glo-row']/div[2]//div[@class='glo-row']//div[@class='rt-tr-group'][1]/div 
2020-05-22 12:06:42,522|base_page.py[line:67] INFO:Had find the element ' Business
uiautomation@qq.com ' successful by xpath via value: //div[@class='glo-row']/div[2]//div[@class='glo-row']//div[@class='rt-tr-group'][1]/div 
2020-05-22 12:06:42,628|base_page.py[line:156] INFO:The element ' Business
uiautomation@qq.com ' was clicked.
2020-05-22 12:06:43,188|base_page.py[line:67] INFO:Had find the element ' Details ' successful by xpath via value: //div[@class='glo-row']/div[2]//button[text()=' Details'] 
2020-05-22 12:06:43,291|base_page.py[line:156] INFO:The element ' Details ' was clicked.
2020-05-22 12:06:43,834|base_page.py[line:67] INFO:Had find the element ' Email Details ' successful by xpath via value: //h4[@class='modal-title'] 
2020-05-22 12:06:44,408|base_page.py[line:67] INFO:Had find the element ' × ' successful by xpath via value: //button[@class='close'] 
2020-05-22 12:06:44,969|base_page.py[line:222] INFO:Had find the elements successful by xpath via value: //div[@class='card']//div//h4 
2020-05-22 12:06:45,532|base_page.py[line:67] INFO:Had find the element ' Email ' successful by xpath via value: //div[@class='card']//div//h4[text()='Email'] 
2020-05-22 12:06:46,075|base_page.py[line:67] INFO:Had find the element ' Page 1 of 1 --- total records: 2 ' successful by xpath via value: //span[@class='glo-table-pagination'] 
2020-05-22 12:06:46,650|base_page.py[line:67] INFO:Had find the element ' Miss
First Name
Middle Name
Last Name
et ux
CPA ' successful by xpath via value: //div[@class='glo-row']/div[1]//div[@class='glo-row']//div[@class='rt-tr-group'][1]/div 
2020-05-22 12:06:47,178|base_page.py[line:222] INFO:Had find the elements successful by xpath via value: //div[@class='glo-row']/div[2]//div[@class='glo-row']//div[@class='rt-tr-group'] 
2020-05-22 12:06:47,731|base_page.py[line:67] INFO:Had find the element ' Business
uiautomation@qq.com ' successful by xpath via value: //div[@class='glo-row']/div[2]//div[@class='glo-row']//div[@class='rt-tr-group'][1]/div 
2020-05-22 12:06:48,298|base_page.py[line:67] INFO:Had find the element ' Edit ' successful by xpath via value: //div[@class='glo-row']/div[2]//button[text()=' Edit'] 
2020-05-22 12:06:48,409|base_page.py[line:156] INFO:The element ' Edit ' was clicked.
2020-05-22 12:06:48,941|base_page.py[line:67] INFO:Had find the element '  ' successful by xpath via value: //input[@name='emailAddress'] 
2020-05-22 12:06:49,018|base_page.py[line:156] INFO:The element '  ' was clicked.
2020-05-22 12:06:49,560|base_page.py[line:67] INFO:Had find the element '  ' successful by xpath via value: //input[@name='emailAddress'] 
2020-05-22 12:06:50,126|base_page.py[line:67] INFO:Had find the element '  ' successful by xpath via value: //input[@name='emailAddress'] 
2020-05-22 12:06:50,702|base_page.py[line:67] INFO:Had find the element '  ' successful by xpath via value: //input[@name='emailAddress'] 
2020-05-22 12:06:50,994|base_page.py[line:134] INFO:Had type ' uiautomationEdit@qq.com ' in inputBox
2020-05-22 12:06:51,566|base_page.py[line:67] INFO:Had find the element ' Select one...
Personal
Business
Company
Government
Unknown ' successful by xpath via value: //select[@name='emailType'] 
2020-05-22 12:06:51,704|base_page.py[line:156] INFO:The element ' Select one...
Personal
Business
Company
Government
Unknown ' was clicked.
2020-05-22 12:06:52,256|base_page.py[line:67] INFO:Had find the element ' Select one...
Personal
Business
Company
Government
Unknown ' successful by xpath via value: //select[@name='emailType'] 
2020-05-22 12:06:52,884|base_page.py[line:67] INFO:Had find the element ' No
Yes ' successful by xpath via value: //select[@name='isPrimary'] 
2020-05-22 12:06:53,002|base_page.py[line:156] INFO:The element ' No
Yes ' was clicked.
2020-05-22 12:06:53,526|base_page.py[line:67] INFO:Had find the element ' No
Yes ' successful by xpath via value: //select[@name='isPrimary'] 
2020-05-22 12:06:54,232|base_page.py[line:67] INFO:Had find the element ' Save ' successful by xpath via value: //button[text()='Save'] 
2020-05-22 12:06:54,331|base_page.py[line:156] INFO:The element ' Save ' was clicked.
2020-05-22 12:06:56,939|base_page.py[line:67] INFO:Had find the element ' Contact Email:: uiautomationEdit@qq.com updated successfully. ' successful by xpath via value: //div[@role='alert'] 
2020-05-22 12:06:57,480|base_page.py[line:222] INFO:Had find the elements successful by xpath via value: //div[@class='card']//div//h4 
2020-05-22 12:06:58,036|base_page.py[line:67] INFO:Had find the element ' Email ' successful by xpath via value: //div[@class='card']//div//h4[text()='Email'] 
2020-05-22 12:06:58,565|base_page.py[line:67] INFO:Had find the element ' Page 1 of 1 --- total records: 2 ' successful by xpath via value: //span[@class='glo-table-pagination'] 
2020-05-22 12:06:59,172|base_page.py[line:67] INFO:Had find the element ' Miss
First Name
Middle Name
Last Name
et ux
CPA ' successful by xpath via value: //div[@class='glo-row']/div[1]//div[@class='glo-row']//div[@class='rt-tr-group'][1]/div 
2020-05-22 12:06:59,708|base_page.py[line:222] INFO:Had find the elements successful by xpath via value: //div[@class='glo-row']/div[2]//div[@class='glo-row']//div[@class='rt-tr-group'] 
2020-05-22 12:07:00,248|base_page.py[line:67] INFO:Had find the element ' Business
uiautomation@qq.com ' successful by xpath via value: //div[@class='glo-row']/div[2]//div[@class='glo-row']//div[@class='rt-tr-group'][1]/div 
2020-05-22 12:07:00,790|base_page.py[line:67] INFO:Had find the element ' History ' successful by xpath via value: //div[@class='glo-row']/div[2]//button[text()=' History'] 
2020-05-22 12:07:00,896|base_page.py[line:156] INFO:The element ' History ' was clicked.
2020-05-22 12:07:01,440|base_page.py[line:67] INFO:Had find the element ' History for TblBusinessEntityContactEmail ' successful by xpath via value: //h4[@class='modal-title'] 
2020-05-22 12:07:02,016|base_page.py[line:67] INFO:Had find the element ' × ' successful by xpath via value: //button[@class='close'] 
2020-05-22 12:07:02,552|base_page.py[line:222] INFO:Had find the elements successful by xpath via value: //div[@class='card']//div//h4 
2020-05-22 12:07:03,116|base_page.py[line:67] INFO:Had find the element ' Email ' successful by xpath via value: //div[@class='card']//div//h4[text()='Email'] 
2020-05-22 12:07:03,647|base_page.py[line:67] INFO:Had find the element ' Page 1 of 1 --- total records: 2 ' successful by xpath via value: //span[@class='glo-table-pagination'] 
2020-05-22 12:07:04,224|base_page.py[line:67] INFO:Had find the element ' Miss
First Name
Middle Name
Last Name
et ux
CPA ' successful by xpath via value: //div[@class='glo-row']/div[1]//div[@class='glo-row']//div[@class='rt-tr-group'][1]/div 
2020-05-22 12:07:04,754|base_page.py[line:222] INFO:Had find the elements successful by xpath via value: //div[@class='glo-row']/div[2]//div[@class='glo-row']//div[@class='rt-tr-group'] 
2020-05-22 12:07:05,283|base_page.py[line:67] INFO:Had find the element ' Business
uiautomation@qq.com ' successful by xpath via value: //div[@class='glo-row']/div[2]//div[@class='glo-row']//div[@class='rt-tr-group'][1]/div 
2020-05-22 12:07:05,827|base_page.py[line:67] INFO:Had find the element ' Delete ' successful by xpath via value: //div[@class='glo-row']/div[2]//button[text()=' Delete'] 
2020-05-22 12:07:05,914|base_page.py[line:156] INFO:The element ' Delete ' was clicked.
2020-05-22 12:07:06,448|base_page.py[line:67] INFO:Had find the element ' Yes, delete it! ' successful by xpath via value: //button[text()='Yes, delete it!'] 
2020-05-22 12:07:06,504|base_page.py[line:156] INFO:The element ' Yes, delete it! ' was clicked.
2020-05-22 12:07:09,041|base_page.py[line:67] INFO:Had find the element ' Contact Email: uiautomation@qq.com deleted successfully. ' successful by xpath via value: //div[@role='alert'] 
2020-05-22 12:07:09,567|base_page.py[line:222] INFO:Had find the elements successful by xpath via value: //div[@class='card']//div//h4 
2020-05-22 12:07:10,153|base_page.py[line:67] INFO:Had find the element ' Phone ' successful by xpath via value: //div[@class='card']//div//h4[text()='Phone'] 
2020-05-22 12:07:10,698|base_page.py[line:67] INFO:Had find the element ' Page 1 of 1 --- total records: 2 ' successful by xpath via value: //span[@class='glo-table-pagination'] 
2020-05-22 12:07:11,242|base_page.py[line:67] INFO:Had find the element ' Miss
First Name
Middle Name
Last Name
et ux
CPA ' successful by xpath via value: //div[@class='glo-row']/div[1]//div[@class='glo-row']//div[@class='rt-tr-group'][1]/div 
2020-05-22 12:07:11,812|base_page.py[line:67] INFO:Had find the element ' New ' successful by xpath via value: //div[@class='glo-row']/div[3]//button[text()=' New'] 
2020-05-22 12:07:11,939|base_page.py[line:156] INFO:The element ' New ' was clicked.
2020-05-22 12:07:12,503|base_page.py[line:67] INFO:Had find the element ' Select one...
Cell
Fax
Home
Office
Other
Unknown ' successful by xpath via value: //select[@name='phoneType'] 
2020-05-22 12:07:12,633|base_page.py[line:156] INFO:The element ' Select one...
Cell
Fax
Home
Office
Other
Unknown ' was clicked.
2020-05-22 12:07:13,186|base_page.py[line:67] INFO:Had find the element ' Select one...
Cell
Fax
Home
Office
Other
Unknown ' successful by xpath via value: //select[@name='phoneType'] 
2020-05-22 12:07:13,852|base_page.py[line:67] INFO:Had find the element '  ' successful by xpath via value: //input[@name='areaCode'] 
2020-05-22 12:07:13,996|base_page.py[line:156] INFO:The element '  ' was clicked.
2020-05-22 12:07:14,543|base_page.py[line:67] INFO:Had find the element '  ' successful by xpath via value: //input[@name='areaCode'] 
2020-05-22 12:07:15,114|base_page.py[line:67] INFO:Had find the element '  ' successful by xpath via value: //input[@name='areaCode'] 
2020-05-22 12:07:15,676|base_page.py[line:67] INFO:Had find the element '  ' successful by xpath via value: //input[@name='areaCode'] 
2020-05-22 12:07:15,773|base_page.py[line:134] INFO:Had type ' 111 ' in inputBox
2020-05-22 12:07:16,328|base_page.py[line:67] INFO:Had find the element '  ' successful by xpath via value: //input[@name='phone'] 
2020-05-22 12:07:16,480|base_page.py[line:156] INFO:The element '  ' was clicked.
2020-05-22 12:07:17,019|base_page.py[line:67] INFO:Had find the element '  ' successful by xpath via value: //input[@name='phone'] 
2020-05-22 12:07:17,564|base_page.py[line:67] INFO:Had find the element '  ' successful by xpath via value: //input[@name='phone'] 
2020-05-22 12:07:18,181|base_page.py[line:67] INFO:Had find the element '  ' successful by xpath via value: //input[@name='phone'] 
2020-05-22 12:07:18,887|base_page.py[line:134] INFO:Had type ' 1234567 ' in inputBox
2020-05-22 12:07:19,678|base_page.py[line:67] INFO:Had find the element '  ' successful by xpath via value: //input[@name='extension'] 
2020-05-22 12:07:19,916|base_page.py[line:156] INFO:The element '  ' was clicked.
2020-05-22 12:07:20,537|base_page.py[line:67] INFO:Had find the element '  ' successful by xpath via value: //input[@name='extension'] 
2020-05-22 12:07:21,492|base_page.py[line:67] INFO:Had find the element '  ' successful by xpath via value: //input[@name='extension'] 
2020-05-22 12:07:22,355|base_page.py[line:67] INFO:Had find the element '  ' successful by xpath via value: //input[@name='extension'] 
2020-05-22 12:07:23,674|base_page.py[line:134] INFO:Had type ' extension ' in inputBox
2020-05-22 12:07:24,245|base_page.py[line:67] INFO:Had find the element ' Save ' successful by xpath via value: //button[text()='Save'] 
2020-05-22 12:07:24,461|base_page.py[line:156] INFO:The element ' Save ' was clicked.
2020-05-22 12:07:27,048|base_page.py[line:67] INFO:Had find the element ' Contact Phones:: 1234567 created successfully. ' successful by xpath via value: //div[@role='alert'] 
2020-05-22 12:07:27,583|base_page.py[line:222] INFO:Had find the elements successful by xpath via value: //div[@class='card']//div//h4 
2020-05-22 12:07:28,218|base_page.py[line:67] INFO:Had find the element ' Phone ' successful by xpath via value: //div[@class='card']//div//h4[text()='Phone'] 
2020-05-22 12:07:28,781|base_page.py[line:67] INFO:Had find the element ' Page 1 of 1 --- total records: 2 ' successful by xpath via value: //span[@class='glo-table-pagination'] 
2020-05-22 12:07:29,453|base_page.py[line:67] INFO:Had find the element ' Miss
First Name
Middle Name
Last Name
et ux
CPA ' successful by xpath via value: //div[@class='glo-row']/div[1]//div[@class='glo-row']//div[@class='rt-tr-group'][1]/div 
2020-05-22 12:07:30,010|base_page.py[line:222] INFO:Had find the elements successful by xpath via value: //div[@class='glo-row']/div[3]//div[@class='glo-row']//div[@class='rt-tr-group'] 
2020-05-22 12:07:30,811|base_page.py[line:67] INFO:Had find the element ' Fax
1234567
extension ' successful by xpath via value: //div[@class='glo-row']/div[3]//div[@class='glo-row']//div[@class='rt-tr-group'][1]/div 
2020-05-22 12:07:31,377|base_page.py[line:67] INFO:Had find the element ' Fax
1234567
extension ' successful by xpath via value: //div[@class='glo-row']/div[3]//div[@class='glo-row']//div[@class='rt-tr-group'][1]/div 
2020-05-22 12:07:31,575|base_page.py[line:156] INFO:The element ' Fax
1234567
extension ' was clicked.
2020-05-22 12:07:32,130|base_page.py[line:67] INFO:Had find the element ' Details ' successful by xpath via value: //div[@class='glo-row']/div[3]//button[text()=' Details'] 
2020-05-22 12:07:32,236|base_page.py[line:156] INFO:The element ' Details ' was clicked.
2020-05-22 12:07:32,851|base_page.py[line:67] INFO:Had find the element ' Phone Details ' successful by xpath via value: //h4[@class='modal-title'] 
2020-05-22 12:07:33,444|base_page.py[line:67] INFO:Had find the element ' × ' successful by xpath via value: //button[@class='close'] 
2020-05-22 12:07:34,009|base_page.py[line:222] INFO:Had find the elements successful by xpath via value: //div[@class='card']//div//h4 
2020-05-22 12:07:34,580|base_page.py[line:67] INFO:Had find the element ' Phone ' successful by xpath via value: //div[@class='card']//div//h4[text()='Phone'] 
2020-05-22 12:07:35,113|base_page.py[line:67] INFO:Had find the element ' Page 1 of 1 --- total records: 2 ' successful by xpath via value: //span[@class='glo-table-pagination'] 
2020-05-22 12:07:35,684|base_page.py[line:67] INFO:Had find the element ' Miss
First Name
Middle Name
Last Name
et ux
CPA ' successful by xpath via value: //div[@class='glo-row']/div[1]//div[@class='glo-row']//div[@class='rt-tr-group'][1]/div 
2020-05-22 12:07:36,204|base_page.py[line:222] INFO:Had find the elements successful by xpath via value: //div[@class='glo-row']/div[3]//div[@class='glo-row']//div[@class='rt-tr-group'] 
2020-05-22 12:07:36,735|base_page.py[line:67] INFO:Had find the element ' Fax
1234567
extension ' successful by xpath via value: //div[@class='glo-row']/div[3]//div[@class='glo-row']//div[@class='rt-tr-group'][1]/div 
2020-05-22 12:07:37,286|base_page.py[line:67] INFO:Had find the element ' Edit ' successful by xpath via value: //div[@class='glo-row']/div[3]//button[text()=' Edit'] 
2020-05-22 12:07:37,408|base_page.py[line:156] INFO:The element ' Edit ' was clicked.
2020-05-22 12:07:37,950|base_page.py[line:67] INFO:Had find the element ' Select one...
Cell
Fax
Home
Office
Other
Unknown ' successful by xpath via value: //select[@name='phoneType'] 
2020-05-22 12:07:38,084|base_page.py[line:156] INFO:The element ' Select one...
Cell
Fax
Home
Office
Other
Unknown ' was clicked.
2020-05-22 12:07:38,610|base_page.py[line:67] INFO:Had find the element ' Select one...
Cell
Fax
Home
Office
Other
Unknown ' successful by xpath via value: //select[@name='phoneType'] 
2020-05-22 12:07:39,228|base_page.py[line:67] INFO:Had find the element '  ' successful by xpath via value: //input[@name='areaCode'] 
2020-05-22 12:07:39,335|base_page.py[line:156] INFO:The element '  ' was clicked.
2020-05-22 12:07:39,884|base_page.py[line:67] INFO:Had find the element '  ' successful by xpath via value: //input[@name='areaCode'] 
2020-05-22 12:07:40,460|base_page.py[line:67] INFO:Had find the element '  ' successful by xpath via value: //input[@name='areaCode'] 
2020-05-22 12:07:41,023|base_page.py[line:67] INFO:Had find the element '  ' successful by xpath via value: //input[@name='areaCode'] 
2020-05-22 12:07:41,132|base_page.py[line:134] INFO:Had type ' 666 ' in inputBox
2020-05-22 12:07:41,675|base_page.py[line:67] INFO:Had find the element '  ' successful by xpath via value: //input[@name='phone'] 
2020-05-22 12:07:41,755|base_page.py[line:156] INFO:The element '  ' was clicked.
2020-05-22 12:07:42,281|base_page.py[line:67] INFO:Had find the element '  ' successful by xpath via value: //input[@name='phone'] 
2020-05-22 12:07:42,836|base_page.py[line:67] INFO:Had find the element '  ' successful by xpath via value: //input[@name='phone'] 
2020-05-22 12:07:43,403|base_page.py[line:67] INFO:Had find the element '  ' successful by xpath via value: //input[@name='phone'] 
2020-05-22 12:07:43,522|base_page.py[line:134] INFO:Had type ' 6666666 ' in inputBox
2020-05-22 12:07:44,078|base_page.py[line:67] INFO:Had find the element '  ' successful by xpath via value: //input[@name='extension'] 
2020-05-22 12:07:44,153|base_page.py[line:156] INFO:The element '  ' was clicked.
2020-05-22 12:07:44,691|base_page.py[line:67] INFO:Had find the element '  ' successful by xpath via value: //input[@name='extension'] 
2020-05-22 12:07:45,264|base_page.py[line:67] INFO:Had find the element '  ' successful by xpath via value: //input[@name='extension'] 
2020-05-22 12:07:45,837|base_page.py[line:67] INFO:Had find the element '  ' successful by xpath via value: //input[@name='extension'] 
2020-05-22 12:07:45,928|base_page.py[line:134] INFO:Had type ' edit ' in inputBox
2020-05-22 12:07:46,489|base_page.py[line:67] INFO:Had find the element ' Save ' successful by xpath via value: //button[text()='Save'] 
2020-05-22 12:07:46,573|base_page.py[line:156] INFO:The element ' Save ' was clicked.
2020-05-22 12:07:49,134|base_page.py[line:67] INFO:Had find the element ' Contact Phone:: 6666666 updated successfully. ' successful by xpath via value: //div[@role='alert'] 
2020-05-22 12:07:49,681|base_page.py[line:222] INFO:Had find the elements successful by xpath via value: //div[@class='card']//div//h4 
2020-05-22 12:07:50,300|base_page.py[line:67] INFO:Had find the element ' Phone ' successful by xpath via value: //div[@class='card']//div//h4[text()='Phone'] 
2020-05-22 12:07:50,870|base_page.py[line:67] INFO:Had find the element ' Page 1 of 1 --- total records: 2 ' successful by xpath via value: //span[@class='glo-table-pagination'] 
2020-05-22 12:07:51,455|base_page.py[line:67] INFO:Had find the element ' Miss
First Name
Middle Name
Last Name
et ux
CPA ' successful by xpath via value: //div[@class='glo-row']/div[1]//div[@class='glo-row']//div[@class='rt-tr-group'][1]/div 
2020-05-22 12:07:51,996|base_page.py[line:222] INFO:Had find the elements successful by xpath via value: //div[@class='glo-row']/div[3]//div[@class='glo-row']//div[@class='rt-tr-group'] 
2020-05-22 12:07:52,534|base_page.py[line:67] INFO:Had find the element ' Home
6666666
edit ' successful by xpath via value: //div[@class='glo-row']/div[3]//div[@class='glo-row']//div[@class='rt-tr-group'][1]/div 
2020-05-22 12:07:53,090|base_page.py[line:67] INFO:Had find the element ' History ' successful by xpath via value: //div[@class='glo-row']/div[3]//button[text()=' History'] 
2020-05-22 12:07:53,218|base_page.py[line:156] INFO:The element ' History ' was clicked.
2020-05-22 12:07:53,761|base_page.py[line:67] INFO:Had find the element ' History for TblBusinessEntityContactPhone ' successful by xpath via value: //h4[@class='modal-title'] 
2020-05-22 12:07:54,315|base_page.py[line:67] INFO:Had find the element ' × ' successful by xpath via value: //button[@class='close'] 
2020-05-22 12:07:54,857|base_page.py[line:222] INFO:Had find the elements successful by xpath via value: //div[@class='card']//div//h4 
2020-05-22 12:07:55,429|base_page.py[line:67] INFO:Had find the element ' Phone ' successful by xpath via value: //div[@class='card']//div//h4[text()='Phone'] 
2020-05-22 12:07:55,963|base_page.py[line:67] INFO:Had find the element ' Page 1 of 1 --- total records: 2 ' successful by xpath via value: //span[@class='glo-table-pagination'] 
2020-05-22 12:07:56,541|base_page.py[line:67] INFO:Had find the element ' Miss
First Name
Middle Name
Last Name
et ux
CPA ' successful by xpath via value: //div[@class='glo-row']/div[1]//div[@class='glo-row']//div[@class='rt-tr-group'][1]/div 
2020-05-22 12:07:57,066|base_page.py[line:222] INFO:Had find the elements successful by xpath via value: //div[@class='glo-row']/div[3]//div[@class='glo-row']//div[@class='rt-tr-group'] 
2020-05-22 12:07:57,592|base_page.py[line:67] INFO:Had find the element ' Home
6666666
edit ' successful by xpath via value: //div[@class='glo-row']/div[3]//div[@class='glo-row']//div[@class='rt-tr-group'][1]/div 
2020-05-22 12:07:58,159|base_page.py[line:67] INFO:Had find the element ' Delete ' successful by xpath via value: //div[@class='glo-row']/div[3]//button[text()=' Delete'] 
2020-05-22 12:07:58,251|base_page.py[line:156] INFO:The element ' Delete ' was clicked.
2020-05-22 12:07:58,801|base_page.py[line:67] INFO:Had find the element ' Yes, delete it! ' successful by xpath via value: //button[text()='Yes, delete it!'] 
2020-05-22 12:07:58,874|base_page.py[line:156] INFO:The element ' Yes, delete it! ' was clicked.
2020-05-22 12:08:01,410|base_page.py[line:67] INFO:Had find the element ' Contact Phone: 6666666 deleted successfully. ' successful by xpath via value: //div[@role='alert'] 
2020-05-22 12:08:12,272|base_page.py[line:69] ERROR:TimeoutException: selector by xpath ,value xpath=>//div[@class='card']//li/a[text()='Contacts']
2020-05-22 12:08:12,822|base_page.py[line:67] INFO:Had find the element ' Contacts ' successful by xpath via value: //div[@class='card']//li/a[text()='Contacts'] 
2020-05-22 12:08:12,922|base_page.py[line:156] INFO:The element ' Contacts ' was clicked.
2020-05-22 12:08:13,441|base_page.py[line:222] INFO:Had find the elements successful by xpath via value: //div[@class='card']//div//h4 
2020-05-22 12:08:14,005|base_page.py[line:67] INFO:Had find the element ' Contacts ' successful by xpath via value: //div[@class='card']//div//h4[text()='Contacts'] 
2020-05-22 12:08:14,569|base_page.py[line:67] INFO:Had find the element ' New ' successful by xpath via value: //div[@class='glo-row']/div[1]//button[text()=' New'] 
2020-05-22 12:08:14,686|base_page.py[line:156] INFO:The element ' New ' was clicked.
2020-05-22 12:08:15,236|base_page.py[line:67] INFO:Had find the element ' Select one...
Mr.
Mrs.
Ms.
Miss
Dr.
Rev.
N/A ' successful by xpath via value: //select[@name='salutation'] 
2020-05-22 12:08:15,348|base_page.py[line:156] INFO:The element ' Select one...
Mr.
Mrs.
Ms.
Miss
Dr.
Rev.
N/A ' was clicked.
2020-05-22 12:08:15,896|base_page.py[line:67] INFO:Had find the element ' Select one...
Mr.
Mrs.
Ms.
Miss
Dr.
Rev.
N/A ' successful by xpath via value: //select[@name='salutation'] 
2020-05-22 12:08:16,540|base_page.py[line:67] INFO:Had find the element '  ' successful by xpath via value: //input[@name='firstName'] 
2020-05-22 12:08:16,647|base_page.py[line:156] INFO:The element '  ' was clicked.
2020-05-22 12:08:17,170|base_page.py[line:67] INFO:Had find the element '  ' successful by xpath via value: //input[@name='firstName'] 
2020-05-22 12:08:17,724|base_page.py[line:67] INFO:Had find the element '  ' successful by xpath via value: //input[@name='firstName'] 
2020-05-22 12:08:18,285|base_page.py[line:67] INFO:Had find the element '  ' successful by xpath via value: //input[@name='firstName'] 
2020-05-22 12:08:18,363|base_page.py[line:134] INFO:Had type ' UI ' in inputBox
2020-05-22 12:08:18,931|base_page.py[line:67] INFO:Had find the element '  ' successful by xpath via value: //input[@name='middleName'] 
2020-05-22 12:08:19,026|base_page.py[line:156] INFO:The element '  ' was clicked.
2020-05-22 12:08:19,568|base_page.py[line:67] INFO:Had find the element '  ' successful by xpath via value: //input[@name='middleName'] 
2020-05-22 12:08:20,141|base_page.py[line:67] INFO:Had find the element '  ' successful by xpath via value: //input[@name='middleName'] 
2020-05-22 12:08:20,689|base_page.py[line:67] INFO:Had find the element '  ' successful by xpath via value: //input[@name='middleName'] 
2020-05-22 12:08:20,744|base_page.py[line:134] INFO:Had type '  ' in inputBox
2020-05-22 12:08:21,286|base_page.py[line:67] INFO:Had find the element '  ' successful by xpath via value: //input[@name='lastName'] 
2020-05-22 12:08:21,375|base_page.py[line:156] INFO:The element '  ' was clicked.
2020-05-22 12:08:21,914|base_page.py[line:67] INFO:Had find the element '  ' successful by xpath via value: //input[@name='lastName'] 
2020-05-22 12:08:22,486|base_page.py[line:67] INFO:Had find the element '  ' successful by xpath via value: //input[@name='lastName'] 
2020-05-22 12:08:23,022|base_page.py[line:67] INFO:Had find the element '  ' successful by xpath via value: //input[@name='lastName'] 
2020-05-22 12:08:23,065|base_page.py[line:134] INFO:Had type '  ' in inputBox
2020-05-22 12:08:23,650|base_page.py[line:67] INFO:Had find the element ' Select one...
Sr.
Jr.
II
III
IV
M.D.
D.D.S.
Ph.D.
et al
et ux
Trustee ' successful by xpath via value: //select[@name='suffix'] 
2020-05-22 12:08:23,796|base_page.py[line:156] INFO:The element ' Select one...
Sr.
Jr.
II
III
IV
M.D.
D.D.S.
Ph.D.
et al
et ux
Trustee ' was clicked.
2020-05-22 12:08:24,332|base_page.py[line:67] INFO:Had find the element ' Select one...
Sr.
Jr.
II
III
IV
M.D.
D.D.S.
Ph.D.
et al
et ux
Trustee ' successful by xpath via value: //select[@name='suffix'] 
2020-05-22 12:08:25,018|base_page.py[line:67] INFO:Had find the element ' Select one...
Accountant
Administrator
Agent
Analyst
Assistant
Associate
Bookkeeper
Clerk
Compliance
Consultant
Controller
Coordinator
CPA
Engineer
Executive
Geologist
Judge
Manager
Managing Member
Operator
Owner
Partner
Representative
Self
Specialist
Spouse
Supervisor
Technologist
Trustee
Unknown
BAN Contact
RRAC Contact
President ' successful by xpath via value: //select[@name='contactRole'] 
2020-05-22 12:08:25,179|base_page.py[line:156] INFO:The element ' Select one...
Accountant
Administrator
Agent
Analyst
Assistant
Associate
Bookkeeper
Clerk
Compliance
Consultant
Controller
Coordinator
CPA
Engineer
Executive
Geologist
Judge
Manager
Managing Member
Operator
Owner
Partner
Representative
Self
Specialist
Spouse
Supervisor
Technologist
Trustee
Unknown
BAN Contact
RRAC Contact
President ' was clicked.
2020-05-22 12:08:25,750|base_page.py[line:67] INFO:Had find the element ' Select one...
Accountant
Administrator
Agent
Analyst
Assistant
Associate
Bookkeeper
Clerk
Compliance
Consultant
Controller
Coordinator
CPA
Engineer
Executive
Geologist
Judge
Manager
Managing Member
Operator
Owner
Partner
Representative
Self
Specialist
Spouse
Supervisor
Technologist
Trustee
Unknown
BAN Contact
RRAC Contact
President ' successful by xpath via value: //select[@name='contactRole'] 
2020-05-22 12:08:26,472|base_page.py[line:67] INFO:Had find the element ' Save ' successful by xpath via value: //button[text()='Save'] 
2020-05-22 12:08:26,669|base_page.py[line:156] INFO:The element ' Save ' was clicked.
2020-05-22 12:08:29,591|base_page.py[line:67] INFO:Had find the element ' Contact: : UI created successfully. ' successful by xpath via value: //div[@role='alert'] 
2020-05-22 12:08:30,203|base_page.py[line:222] INFO:Had find the elements successful by xpath via value: //div[@class='card']//div//h4 
2020-05-22 12:08:30,912|base_page.py[line:67] INFO:Had find the element ' Contacts ' successful by xpath via value: //div[@class='card']//div//h4[text()='Contacts'] 
2020-05-22 12:08:31,703|base_page.py[line:67] INFO:Had find the element ' Page 1 of 1 --- total records: 3 ' successful by xpath via value: //span[@class='glo-table-pagination'] 
2020-05-22 12:08:32,346|base_page.py[line:67] INFO:Had find the element ' Mr.
UI
Trustee
Accountant ' successful by xpath via value: //div[@class='glo-row']/div[1]//div[@class='glo-row']//div[@class='rt-tr-group'][1]/div 
2020-05-22 12:08:32,946|base_page.py[line:67] INFO:Had find the element ' Details ' successful by xpath via value: //div[@class='glo-row']/div[1]//button[text()=' Details'] 
2020-05-22 12:08:33,200|base_page.py[line:156] INFO:The element ' Details ' was clicked.
2020-05-22 12:08:33,764|base_page.py[line:67] INFO:Had find the element ' Contacts Details ' successful by xpath via value: //h4[@class='modal-title'] 
2020-05-22 12:08:34,313|base_page.py[line:67] INFO:Had find the element ' × ' successful by xpath via value: //button[@class='close'] 
2020-05-22 12:08:34,849|base_page.py[line:222] INFO:Had find the elements successful by xpath via value: //div[@class='card']//div//h4 
2020-05-22 12:08:35,394|base_page.py[line:67] INFO:Had find the element ' Contacts ' successful by xpath via value: //div[@class='card']//div//h4[text()='Contacts'] 
2020-05-22 12:08:35,941|base_page.py[line:67] INFO:Had find the element ' Page 1 of 1 --- total records: 3 ' successful by xpath via value: //span[@class='glo-table-pagination'] 
2020-05-22 12:08:36,506|base_page.py[line:67] INFO:Had find the element ' Mr.
UI
Trustee
Accountant ' successful by xpath via value: //div[@class='glo-row']/div[1]//div[@class='glo-row']//div[@class='rt-tr-group'][1]/div 
2020-05-22 12:08:37,066|base_page.py[line:67] INFO:Had find the element ' Edit ' successful by xpath via value: //div[@class='glo-row']/div[1]//button[text()=' Edit'] 
2020-05-22 12:08:37,293|base_page.py[line:156] INFO:The element ' Edit ' was clicked.
2020-05-22 12:08:37,839|base_page.py[line:67] INFO:Had find the element ' Select one...
Mr.
Mrs.
Ms.
Miss
Dr.
Rev.
N/A ' successful by xpath via value: //select[@name='salutation'] 
2020-05-22 12:08:37,952|base_page.py[line:156] INFO:The element ' Select one...
Mr.
Mrs.
Ms.
Miss
Dr.
Rev.
N/A ' was clicked.
2020-05-22 12:08:38,498|base_page.py[line:67] INFO:Had find the element ' Select one...
Mr.
Mrs.
Ms.
Miss
Dr.
Rev.
N/A ' successful by xpath via value: //select[@name='salutation'] 
2020-05-22 12:08:39,139|base_page.py[line:67] INFO:Had find the element '  ' successful by xpath via value: //input[@name='firstName'] 
2020-05-22 12:08:39,263|base_page.py[line:156] INFO:The element '  ' was clicked.
2020-05-22 12:08:39,806|base_page.py[line:67] INFO:Had find the element '  ' successful by xpath via value: //input[@name='firstName'] 
2020-05-22 12:08:40,398|base_page.py[line:67] INFO:Had find the element '  ' successful by xpath via value: //input[@name='firstName'] 
2020-05-22 12:08:40,993|base_page.py[line:67] INFO:Had find the element '  ' successful by xpath via value: //input[@name='firstName'] 
2020-05-22 12:08:41,156|base_page.py[line:134] INFO:Had type ' UIedit ' in inputBox
2020-05-22 12:08:41,724|base_page.py[line:67] INFO:Had find the element '  ' successful by xpath via value: //input[@name='middleName'] 
2020-05-22 12:08:41,808|base_page.py[line:156] INFO:The element '  ' was clicked.
2020-05-22 12:08:42,349|base_page.py[line:67] INFO:Had find the element '  ' successful by xpath via value: //input[@name='middleName'] 
2020-05-22 12:08:42,917|base_page.py[line:67] INFO:Had find the element '  ' successful by xpath via value: //input[@name='middleName'] 
2020-05-22 12:08:43,472|base_page.py[line:67] INFO:Had find the element '  ' successful by xpath via value: //input[@name='middleName'] 
2020-05-22 12:08:43,529|base_page.py[line:134] INFO:Had type '  ' in inputBox
2020-05-22 12:08:44,085|base_page.py[line:67] INFO:Had find the element '  ' successful by xpath via value: //input[@name='lastName'] 
2020-05-22 12:08:44,159|base_page.py[line:156] INFO:The element '  ' was clicked.
2020-05-22 12:08:44,693|base_page.py[line:67] INFO:Had find the element '  ' successful by xpath via value: //input[@name='lastName'] 
2020-05-22 12:08:45,270|base_page.py[line:67] INFO:Had find the element '  ' successful by xpath via value: //input[@name='lastName'] 
2020-05-22 12:08:45,833|base_page.py[line:67] INFO:Had find the element '  ' successful by xpath via value: //input[@name='lastName'] 
2020-05-22 12:08:45,882|base_page.py[line:134] INFO:Had type '  ' in inputBox
2020-05-22 12:08:46,443|base_page.py[line:67] INFO:Had find the element ' Select one...
Sr.
Jr.
II
III
IV
M.D.
D.D.S.
Ph.D.
et al
et ux
Trustee ' successful by xpath via value: //select[@name='suffix'] 
2020-05-22 12:08:46,561|base_page.py[line:156] INFO:The element ' Select one...
Sr.
Jr.
II
III
IV
M.D.
D.D.S.
Ph.D.
et al
et ux
Trustee ' was clicked.
2020-05-22 12:08:47,116|base_page.py[line:67] INFO:Had find the element ' Select one...
Sr.
Jr.
II
III
IV
M.D.
D.D.S.
Ph.D.
et al
et ux
Trustee ' successful by xpath via value: //select[@name='suffix'] 
2020-05-22 12:08:47,806|base_page.py[line:67] INFO:Had find the element ' Select one...
Accountant
Administrator
Agent
Analyst
Assistant
Associate
Bookkeeper
Clerk
Compliance
Consultant
Controller
Coordinator
CPA
Engineer
Executive
Geologist
Judge
Manager
Managing Member
Operator
Owner
Partner
Representative
Self
Specialist
Spouse
Supervisor
Technologist
Trustee
Unknown
BAN Contact
RRAC Contact
President ' successful by xpath via value: //select[@name='contactRole'] 
2020-05-22 12:08:47,969|base_page.py[line:156] INFO:The element ' Select one...
Accountant
Administrator
Agent
Analyst
Assistant
Associate
Bookkeeper
Clerk
Compliance
Consultant
Controller
Coordinator
CPA
Engineer
Executive
Geologist
Judge
Manager
Managing Member
Operator
Owner
Partner
Representative
Self
Specialist
Spouse
Supervisor
Technologist
Trustee
Unknown
BAN Contact
RRAC Contact
President ' was clicked.
2020-05-22 12:08:48,532|base_page.py[line:67] INFO:Had find the element ' Select one...
Accountant
Administrator
Agent
Analyst
Assistant
Associate
Bookkeeper
Clerk
Compliance
Consultant
Controller
Coordinator
CPA
Engineer
Executive
Geologist
Judge
Manager
Managing Member
Operator
Owner
Partner
Representative
Self
Specialist
Spouse
Supervisor
Technologist
Trustee
Unknown
BAN Contact
RRAC Contact
President ' successful by xpath via value: //select[@name='contactRole'] 
2020-05-22 12:08:49,160|base_page.py[line:67] INFO:Had find the element ' Save ' successful by xpath via value: //button[text()='Save'] 
2020-05-22 12:08:49,271|base_page.py[line:156] INFO:The element ' Save ' was clicked.
2020-05-22 12:08:51,803|base_page.py[line:67] INFO:Had find the element ' Contact: : UIedit updated successfully. ' successful by xpath via value: //div[@role='alert'] 
2020-05-22 12:08:52,341|base_page.py[line:222] INFO:Had find the elements successful by xpath via value: //div[@class='card']//div//h4 
2020-05-22 12:08:52,906|base_page.py[line:67] INFO:Had find the element ' Contacts ' successful by xpath via value: //div[@class='card']//div//h4[text()='Contacts'] 
2020-05-22 12:08:53,467|base_page.py[line:67] INFO:Had find the element ' Page 1 of 1 --- total records: 3 ' successful by xpath via value: //span[@class='glo-table-pagination'] 
2020-05-22 12:08:54,035|base_page.py[line:67] INFO:Had find the element ' Miss
UIedit
et ux
CPA ' successful by xpath via value: //div[@class='glo-row']/div[1]//div[@class='glo-row']//div[@class='rt-tr-group'][1]/div 
2020-05-22 12:08:54,581|base_page.py[line:67] INFO:Had find the element ' History ' successful by xpath via value: //div[@class='glo-row']/div[1]//button[text()=' History'] 
2020-05-22 12:08:54,715|base_page.py[line:156] INFO:The element ' History ' was clicked.
2020-05-22 12:08:55,247|base_page.py[line:67] INFO:Had find the element ' History for TblBusinessEntityContact ' successful by xpath via value: //h4[@class='modal-title'] 
2020-05-22 12:08:55,804|base_page.py[line:67] INFO:Had find the element ' × ' successful by xpath via value: //button[@class='close'] 
2020-05-22 12:08:56,344|base_page.py[line:222] INFO:Had find the elements successful by xpath via value: //div[@class='card']//div//h4 
2020-05-22 12:08:56,900|base_page.py[line:67] INFO:Had find the element ' Contacts ' successful by xpath via value: //div[@class='card']//div//h4[text()='Contacts'] 
2020-05-22 12:08:57,432|base_page.py[line:67] INFO:Had find the element ' Page 1 of 1 --- total records: 3 ' successful by xpath via value: //span[@class='glo-table-pagination'] 
2020-05-22 12:08:58,001|base_page.py[line:67] INFO:Had find the element ' Miss
UIedit
et ux
CPA ' successful by xpath via value: //div[@class='glo-row']/div[1]//div[@class='glo-row']//div[@class='rt-tr-group'][1]/div 
2020-05-22 12:08:58,552|base_page.py[line:67] INFO:Had find the element ' Delete ' successful by xpath via value: //div[@class='glo-row']/div[1]//button[text()=' Delete'] 
2020-05-22 12:08:58,629|base_page.py[line:156] INFO:The element ' Delete ' was clicked.
2020-05-22 12:08:59,159|base_page.py[line:67] INFO:Had find the element ' Yes, delete it! ' successful by xpath via value: //button[text()='Yes, delete it!'] 
2020-05-22 12:08:59,223|base_page.py[line:156] INFO:The element ' Yes, delete it! ' was clicked.
2020-05-22 12:09:01,780|base_page.py[line:67] INFO:Had find the element ' Contacts: UIedit deleted successfully. ' successful by xpath via value: //div[@role='alert'] 
2020-05-22 12:09:12,703|base_page.py[line:69] ERROR:TimeoutException: selector by xpath ,value xpath=>//div[@class='card']/form//div[@id='homeGrid']/div//h2
2020-05-22 12:09:23,550|base_page.py[line:224] ERROR:TimeoutException: selector by xpath ,value //div[@class='card']/form//div[@id='homeGrid']/div//h2
2020-05-22 12:09:34,349|base_page.py[line:69] ERROR:TimeoutException: selector by xpath ,value xpath=>//div[@class='card']/form//div[@id='homeGrid']/div//h2
2020-05-22 12:09:34,876|base_page.py[line:222] INFO:Had find the elements successful by xpath via value: //div[@class='card']/form//div[@id='homeGrid']/div//h2 
2020-05-22 12:09:35,519|base_page.py[line:67] INFO:Had find the element '  ' successful by xpath via value: //div[@class='card']/form//div[@id='homeGrid']/div[4]//input 
2020-05-22 12:09:35,703|base_page.py[line:134] INFO:Had type ' C000089009 ' in inputBox
2020-05-22 12:09:36,263|base_page.py[line:67] INFO:Had find the element ' Go ' successful by xpath via value: //div[@class='card']/form//div[@id='homeGrid']/div[4]/div/button 
2020-05-22 12:09:36,415|base_page.py[line:156] INFO:The element ' Go ' was clicked.
2020-05-22 12:09:36,416|homePage.py[line:50] INFO:module_name: Customers
2020-05-22 12:09:46,958|base_page.py[line:69] ERROR:TimeoutException: selector by xpath ,value xpath=>//div[@class='card']//li/a[text()='Entity']
2020-05-22 12:09:47,490|base_page.py[line:67] INFO:Had find the element ' Entity ' successful by xpath via value: //div[@class='card']//li/a[text()='Entity'] 
2020-05-22 12:09:47,676|base_page.py[line:156] INFO:The element ' Entity ' was clicked.
2020-05-22 12:09:48,205|base_page.py[line:222] INFO:Had find the elements successful by xpath via value: //div[@class='card']//div//h4 
2020-05-22 12:09:48,791|base_page.py[line:67] INFO:Had find the element ' Addresses ' successful by xpath via value: //div[@class='card']//div//h4[text()='Addresses'] 
2020-05-22 12:09:49,344|base_page.py[line:67] INFO:Had find the element ' New ' successful by xpath via value: //div[@class='glo-row']/div[2]//button[text()=' New'] 
2020-05-22 12:09:49,508|base_page.py[line:156] INFO:The element ' New ' was clicked.
2020-05-22 12:09:50,050|base_page.py[line:67] INFO:Had find the element ' Select one...
Consultant
Home
Office
Mailing
Billing-Mineral
Unknown ' successful by xpath via value: //select[@name='addressType'] 
2020-05-22 12:09:50,158|base_page.py[line:156] INFO:The element ' Select one...
Consultant
Home
Office
Mailing
Billing-Mineral
Unknown ' was clicked.
2020-05-22 12:09:50,707|base_page.py[line:67] INFO:Had find the element ' Select one...
Consultant
Home
Office
Mailing
Billing-Mineral
Unknown ' successful by xpath via value: //select[@name='addressType'] 
2020-05-22 12:09:51,361|base_page.py[line:67] INFO:Had find the element '  ' successful by xpath via value: //input[@name='address1'] 
2020-05-22 12:09:51,525|base_page.py[line:156] INFO:The element '  ' was clicked.
2020-05-22 12:09:52,060|base_page.py[line:67] INFO:Had find the element '  ' successful by xpath via value: //input[@name='address1'] 
2020-05-22 12:09:52,621|base_page.py[line:67] INFO:Had find the element '  ' successful by xpath via value: //input[@name='address1'] 
2020-05-22 12:09:53,188|base_page.py[line:67] INFO:Had find the element '  ' successful by xpath via value: //input[@name='address1'] 
2020-05-22 12:09:53,436|base_page.py[line:134] INFO:Had type ' Address ' in inputBox
2020-05-22 12:09:54,003|base_page.py[line:67] INFO:Had find the element '  ' successful by xpath via value: //input[@name='city'] 
2020-05-22 12:09:54,080|base_page.py[line:156] INFO:The element '  ' was clicked.
2020-05-22 12:09:54,619|base_page.py[line:67] INFO:Had find the element '  ' successful by xpath via value: //input[@name='city'] 
2020-05-22 12:09:55,192|base_page.py[line:67] INFO:Had find the element '  ' successful by xpath via value: //input[@name='city'] 
2020-05-22 12:09:55,758|base_page.py[line:67] INFO:Had find the element '  ' successful by xpath via value: //input[@name='city'] 
2020-05-22 12:09:56,003|base_page.py[line:134] INFO:Had type ' changsha ' in inputBox
2020-05-22 12:09:56,613|base_page.py[line:67] INFO:Had find the element ' Select one...
AK
AL
AR
AZ
CA
CO
CT
DC
DE
FL
GA
HI
IA
ID
IL
IN
KS
KY
LA
MA
MD
ME
MI
MN
MO
MS
MT
NC
ND
NE
NH
NJ
NM
NV
NY
OH
OK
OR
PA
RI
SC
SD
TN
TX
UT
VA
VT
WA
WI
WV
WY
ON
NL
BC ' successful by xpath via value: //select[@name='stateCode'] 
2020-05-22 12:09:56,751|base_page.py[line:156] INFO:The element ' Select one...
AK
AL
AR
AZ
CA
CO
CT
DC
DE
FL
GA
HI
IA
ID
IL
IN
KS
KY
LA
MA
MD
ME
MI
MN
MO
MS
MT
NC
ND
NE
NH
NJ
NM
NV
NY
OH
OK
OR
PA
RI
SC
SD
TN
TX
UT
VA
VT
WA
WI
WV
WY
ON
NL
BC ' was clicked.
2020-05-22 12:09:57,346|base_page.py[line:67] INFO:Had find the element ' Select one...
AK
AL
AR
AZ
CA
CO
CT
DC
DE
FL
GA
HI
IA
ID
IL
IN
KS
KY
LA
MA
MD
ME
MI
MN
MO
MS
MT
NC
ND
NE
NH
NJ
NM
NV
NY
OH
OK
OR
PA
RI
SC
SD
TN
TX
UT
VA
VT
WA
WI
WV
WY
ON
NL
BC ' successful by xpath via value: //select[@name='stateCode'] 
2020-05-22 12:09:57,983|base_page.py[line:67] INFO:Had find the element ' Save ' successful by xpath via value: //button[text()='Save'] 
2020-05-22 12:09:58,112|base_page.py[line:156] INFO:The element ' Save ' was clicked.
2020-05-22 12:10:00,644|base_page.py[line:67] INFO:Had find the element ' Address: : Address created successfully. ' successful by xpath via value: //div[@role='alert'] 
2020-05-22 12:10:11,529|base_page.py[line:69] ERROR:TimeoutException: selector by xpath ,value xpath=>//div[@class='card']//li/a[text()='Entity']
2020-05-22 12:10:12,092|base_page.py[line:67] INFO:Had find the element ' Entity ' successful by xpath via value: //div[@class='card']//li/a[text()='Entity'] 
2020-05-22 12:10:12,225|base_page.py[line:156] INFO:The element ' Entity ' was clicked.
2020-05-22 12:10:12,739|base_page.py[line:222] INFO:Had find the elements successful by xpath via value: //div[@class='card']//div//h4 
2020-05-22 12:10:13,314|base_page.py[line:67] INFO:Had find the element ' Addresses ' successful by xpath via value: //div[@class='card']//div//h4[text()='Addresses'] 
2020-05-22 12:10:13,858|base_page.py[line:222] INFO:Had find the elements successful by xpath via value: //div[@class='glo-row']/div[2]//div[@class='glo-row']//div[@class='rt-tr-group'] 
2020-05-22 12:10:14,429|base_page.py[line:67] INFO:Had find the element ' Address
changsha
AK
Home ' successful by xpath via value: //div[@class='glo-row']/div[2]//div[@class='glo-row']//div[@class='rt-tr-group'][1]/div 
2020-05-22 12:10:15,004|base_page.py[line:67] INFO:Had find the element ' Address
changsha
AK
Home ' successful by xpath via value: //div[@class='glo-row']/div[2]//div[@class='glo-row']//div[@class='rt-tr-group'][1]/div 
2020-05-22 12:10:15,108|base_page.py[line:156] INFO:The element ' Address
changsha
AK
Home ' was clicked.
2020-05-22 12:10:15,672|base_page.py[line:67] INFO:Had find the element ' Details ' successful by xpath via value: //div[@class='glo-row']/div[2]//button[text()=' Details'] 
2020-05-22 12:10:15,791|base_page.py[line:156] INFO:The element ' Details ' was clicked.
2020-05-22 12:10:16,329|base_page.py[line:67] INFO:Had find the element '  ' successful by xpath via value: //h4[@class='modal-title'] 
2020-05-22 12:10:16,886|base_page.py[line:67] INFO:Had find the element ' × ' successful by xpath via value: //button[@class='close'] 
2020-05-22 12:10:17,439|base_page.py[line:222] INFO:Had find the elements successful by xpath via value: //div[@class='card']//div//h4 
2020-05-22 12:10:17,997|base_page.py[line:67] INFO:Had find the element ' Addresses ' successful by xpath via value: //div[@class='card']//div//h4[text()='Addresses'] 
2020-05-22 12:10:18,520|base_page.py[line:222] INFO:Had find the elements successful by xpath via value: //div[@class='glo-row']/div[2]//div[@class='glo-row']//div[@class='rt-tr-group'] 
2020-05-22 12:10:19,073|base_page.py[line:67] INFO:Had find the element ' Address
changsha
AK
Home ' successful by xpath via value: //div[@class='glo-row']/div[2]//div[@class='glo-row']//div[@class='rt-tr-group'][1]/div 
2020-05-22 12:10:19,638|base_page.py[line:67] INFO:Had find the element ' Edit ' successful by xpath via value: //div[@class='glo-row']/div[2]//button[text()=' Edit'] 
2020-05-22 12:10:19,773|base_page.py[line:156] INFO:The element ' Edit ' was clicked.
2020-05-22 12:10:20,313|base_page.py[line:67] INFO:Had find the element ' Select one...
Consultant
Home
Office
Mailing
Billing-Mineral
Unknown ' successful by xpath via value: //select[@name='addressType'] 
2020-05-22 12:10:20,420|base_page.py[line:156] INFO:The element ' Select one...
Consultant
Home
Office
Mailing
Billing-Mineral
Unknown ' was clicked.
2020-05-22 12:10:20,962|base_page.py[line:67] INFO:Had find the element ' Select one...
Consultant
Home
Office
Mailing
Billing-Mineral
Unknown ' successful by xpath via value: //select[@name='addressType'] 
2020-05-22 12:10:21,587|base_page.py[line:67] INFO:Had find the element '  ' successful by xpath via value: //input[@name='address1'] 
2020-05-22 12:10:21,702|base_page.py[line:156] INFO:The element '  ' was clicked.
2020-05-22 12:10:22,234|base_page.py[line:67] INFO:Had find the element '  ' successful by xpath via value: //input[@name='address1'] 
2020-05-22 12:10:22,799|base_page.py[line:67] INFO:Had find the element '  ' successful by xpath via value: //input[@name='address1'] 
2020-05-22 12:10:23,385|base_page.py[line:67] INFO:Had find the element '  ' successful by xpath via value: //input[@name='address1'] 
2020-05-22 12:10:23,626|base_page.py[line:134] INFO:Had type ' Address1 ' in inputBox
2020-05-22 12:10:24,178|base_page.py[line:67] INFO:Had find the element '  ' successful by xpath via value: //input[@name='city'] 
2020-05-22 12:10:24,253|base_page.py[line:156] INFO:The element '  ' was clicked.
2020-05-22 12:10:24,791|base_page.py[line:67] INFO:Had find the element '  ' successful by xpath via value: //input[@name='city'] 
2020-05-22 12:10:25,353|base_page.py[line:67] INFO:Had find the element '  ' successful by xpath via value: //input[@name='city'] 
2020-05-22 12:10:25,931|base_page.py[line:67] INFO:Had find the element '  ' successful by xpath via value: //input[@name='city'] 
2020-05-22 12:10:26,120|base_page.py[line:134] INFO:Had type ' changsha ' in inputBox
2020-05-22 12:10:26,758|base_page.py[line:67] INFO:Had find the element ' Select one...
AK
AL
AR
AZ
CA
CO
CT
DC
DE
FL
GA
HI
IA
ID
IL
IN
KS
KY
LA
MA
MD
ME
MI
MN
MO
MS
MT
NC
ND
NE
NH
NJ
NM
NV
NY
OH
OK
OR
PA
RI
SC
SD
TN
TX
UT
VA
VT
WA
WI
WV
WY
ON
NL
BC ' successful by xpath via value: //select[@name='stateCode'] 
2020-05-22 12:10:26,914|base_page.py[line:156] INFO:The element ' Select one...
AK
AL
AR
AZ
CA
CO
CT
DC
DE
FL
GA
HI
IA
ID
IL
IN
KS
KY
LA
MA
MD
ME
MI
MN
MO
MS
MT
NC
ND
NE
NH
NJ
NM
NV
NY
OH
OK
OR
PA
RI
SC
SD
TN
TX
UT
VA
VT
WA
WI
WV
WY
ON
NL
BC ' was clicked.
2020-05-22 12:10:27,479|base_page.py[line:67] INFO:Had find the element ' Select one...
AK
AL
AR
AZ
CA
CO
CT
DC
DE
FL
GA
HI
IA
ID
IL
IN
KS
KY
LA
MA
MD
ME
MI
MN
MO
MS
MT
NC
ND
NE
NH
NJ
NM
NV
NY
OH
OK
OR
PA
RI
SC
SD
TN
TX
UT
VA
VT
WA
WI
WV
WY
ON
NL
BC ' successful by xpath via value: //select[@name='stateCode'] 
2020-05-22 12:10:28,067|base_page.py[line:67] INFO:Had find the element ' Save ' successful by xpath via value: //button[text()='Save'] 
2020-05-22 12:10:28,187|base_page.py[line:156] INFO:The element ' Save ' was clicked.
2020-05-22 12:10:30,750|base_page.py[line:67] INFO:Had find the element ' Address:: Address1 updated successfully. ' successful by xpath via value: //div[@role='alert'] 
2020-05-22 12:10:31,302|base_page.py[line:222] INFO:Had find the elements successful by xpath via value: //div[@class='card']//div//h4 
2020-05-22 12:10:31,866|base_page.py[line:67] INFO:Had find the element ' Addresses ' successful by xpath via value: //div[@class='card']//div//h4[text()='Addresses'] 
2020-05-22 12:10:32,388|base_page.py[line:222] INFO:Had find the elements successful by xpath via value: //div[@class='glo-row']/div[2]//div[@class='glo-row']//div[@class='rt-tr-group'] 
2020-05-22 12:10:32,958|base_page.py[line:67] INFO:Had find the element ' Address1
changsha
AK
Office ' successful by xpath via value: //div[@class='glo-row']/div[2]//div[@class='glo-row']//div[@class='rt-tr-group'][1]/div 
2020-05-22 12:10:33,517|base_page.py[line:67] INFO:Had find the element ' History ' successful by xpath via value: //div[@class='glo-row']/div[2]//button[text()=' History'] 
2020-05-22 12:10:33,655|base_page.py[line:156] INFO:The element ' History ' was clicked.
2020-05-22 12:10:34,184|base_page.py[line:67] INFO:Had find the element '  ' successful by xpath via value: //h4[@class='modal-title'] 
2020-05-22 12:10:34,740|base_page.py[line:67] INFO:Had find the element ' × ' successful by xpath via value: //button[@class='close'] 
2020-05-22 12:10:35,275|base_page.py[line:222] INFO:Had find the elements successful by xpath via value: //div[@class='card']//div//h4 
2020-05-22 12:10:35,834|base_page.py[line:67] INFO:Had find the element ' Addresses ' successful by xpath via value: //div[@class='card']//div//h4[text()='Addresses'] 
2020-05-22 12:10:36,364|base_page.py[line:222] INFO:Had find the elements successful by xpath via value: //div[@class='glo-row']/div[2]//div[@class='glo-row']//div[@class='rt-tr-group'] 
2020-05-22 12:10:36,927|base_page.py[line:67] INFO:Had find the element ' Address1
changsha
AK
Office ' successful by xpath via value: //div[@class='glo-row']/div[2]//div[@class='glo-row']//div[@class='rt-tr-group'][1]/div 
2020-05-22 12:10:37,502|base_page.py[line:67] INFO:Had find the element ' Delete ' successful by xpath via value: //div[@class='glo-row']/div[2]//button[text()=' Delete'] 
2020-05-22 12:10:37,630|base_page.py[line:156] INFO:The element ' Delete ' was clicked.
2020-05-22 12:10:38,161|base_page.py[line:67] INFO:Had find the element ' Yes, delete it! ' successful by xpath via value: //button[text()='Yes, delete it!'] 
2020-05-22 12:10:38,220|base_page.py[line:156] INFO:The element ' Yes, delete it! ' was clicked.
2020-05-22 12:10:40,775|base_page.py[line:67] INFO:Had find the element ' Address: Address1 deleted successfully. ' successful by xpath via value: //div[@role='alert'] 
2020-05-22 12:10:41,308|base_page.py[line:222] INFO:Had find the elements successful by xpath via value: //div[@class='card']//div//h4 
2020-05-22 12:10:41,959|base_page.py[line:67] INFO:Had find the element ' Business Identifier ' successful by xpath via value: //div[@class='card']//div//h4[text()='Business Identifier'] 
2020-05-22 12:10:42,542|base_page.py[line:67] INFO:Had find the element ' New ' successful by xpath via value: //div[@class='glo-row']/div[5]//button[text()=' New'] 
2020-05-22 12:10:42,688|base_page.py[line:156] INFO:The element ' New ' was clicked.
2020-05-22 12:10:43,229|base_page.py[line:67] INFO:Had find the element ' Select one...
SSN
Federal EIN
Agency ID
State Tax ID
Internal GLO ID
Unknown ' successful by xpath via value: //select[@name='name'] 
2020-05-22 12:10:43,349|base_page.py[line:156] INFO:The element ' Select one...
SSN
Federal EIN
Agency ID
State Tax ID
Internal GLO ID
Unknown ' was clicked.
2020-05-22 12:10:43,874|base_page.py[line:67] INFO:Had find the element ' Select one...
SSN
Federal EIN
Agency ID
State Tax ID
Internal GLO ID
Unknown ' successful by xpath via value: //select[@name='name'] 
2020-05-22 12:10:44,512|base_page.py[line:67] INFO:Had find the element '  ' successful by xpath via value: //input[@name='identifier'] 
2020-05-22 12:10:44,651|base_page.py[line:156] INFO:The element '  ' was clicked.
2020-05-22 12:10:45,192|base_page.py[line:67] INFO:Had find the element '  ' successful by xpath via value: //input[@name='identifier'] 
2020-05-22 12:10:45,773|base_page.py[line:67] INFO:Had find the element '  ' successful by xpath via value: //input[@name='identifier'] 
2020-05-22 12:10:46,338|base_page.py[line:67] INFO:Had find the element '  ' successful by xpath via value: //input[@name='identifier'] 
2020-05-22 12:10:46,518|base_page.py[line:134] INFO:Had type ' 123456789 ' in inputBox
2020-05-22 12:10:47,069|base_page.py[line:67] INFO:Had find the element ' Save ' successful by xpath via value: //button[text()='Save'] 
2020-05-22 12:10:47,161|base_page.py[line:156] INFO:The element ' Save ' was clicked.
2020-05-22 12:10:49,690|base_page.py[line:67] INFO:Had find the element ' Business Identifier:: 123456789 created successfully. ' successful by xpath via value: //div[@role='alert'] 
2020-05-22 12:10:50,211|base_page.py[line:222] INFO:Had find the elements successful by xpath via value: //div[@class='card']//div//h4 
2020-05-22 12:10:50,791|base_page.py[line:67] INFO:Had find the element ' Business Identifier ' successful by xpath via value: //div[@class='card']//div//h4[text()='Business Identifier'] 
2020-05-22 12:10:51,323|base_page.py[line:222] INFO:Had find the elements successful by xpath via value: //div[@class='glo-row']/div[5]//div[@class='glo-row']//div[@class='rt-tr-group'] 
2020-05-22 12:10:51,879|base_page.py[line:67] INFO:Had find the element ' SSN
123456789 ' successful by xpath via value: //div[@class='glo-row']/div[5]//div[@class='glo-row']//div[@class='rt-tr-group'][1]/div 
2020-05-22 12:10:52,440|base_page.py[line:67] INFO:Had find the element ' SSN
123456789 ' successful by xpath via value: //div[@class='glo-row']/div[5]//div[@class='glo-row']//div[@class='rt-tr-group'][1]/div 
2020-05-22 12:10:52,557|base_page.py[line:156] INFO:The element ' SSN
123456789 ' was clicked.
2020-05-22 12:10:53,091|base_page.py[line:67] INFO:Had find the element ' Details ' successful by xpath via value: //div[@class='glo-row']/div[5]//button[text()=' Details'] 
2020-05-22 12:10:53,193|base_page.py[line:156] INFO:The element ' Details ' was clicked.
2020-05-22 12:10:53,724|base_page.py[line:67] INFO:Had find the element '  ' successful by xpath via value: //h4[@class='modal-title'] 
2020-05-22 12:10:54,294|base_page.py[line:67] INFO:Had find the element ' × ' successful by xpath via value: //button[@class='close'] 
2020-05-22 12:10:54,854|base_page.py[line:222] INFO:Had find the elements successful by xpath via value: //div[@class='card']//div//h4 
2020-05-22 12:10:55,489|base_page.py[line:67] INFO:Had find the element ' Business Identifier ' successful by xpath via value: //div[@class='card']//div//h4[text()='Business Identifier'] 
2020-05-22 12:10:56,013|base_page.py[line:222] INFO:Had find the elements successful by xpath via value: //div[@class='glo-row']/div[5]//div[@class='glo-row']//div[@class='rt-tr-group'] 
2020-05-22 12:10:56,561|base_page.py[line:67] INFO:Had find the element ' SSN
123456789 ' successful by xpath via value: //div[@class='glo-row']/div[5]//div[@class='glo-row']//div[@class='rt-tr-group'][1]/div 
2020-05-22 12:10:57,133|base_page.py[line:67] INFO:Had find the element ' Edit ' successful by xpath via value: //div[@class='glo-row']/div[5]//button[text()=' Edit'] 
2020-05-22 12:10:57,235|base_page.py[line:156] INFO:The element ' Edit ' was clicked.
2020-05-22 12:10:57,770|base_page.py[line:67] INFO:Had find the element ' Select one...
SSN
Federal EIN
Agency ID
State Tax ID
Internal GLO ID
Unknown ' successful by xpath via value: //select[@name='name'] 
2020-05-22 12:10:57,885|base_page.py[line:156] INFO:The element ' Select one...
SSN
Federal EIN
Agency ID
State Tax ID
Internal GLO ID
Unknown ' was clicked.
2020-05-22 12:10:58,436|base_page.py[line:67] INFO:Had find the element ' Select one...
SSN
Federal EIN
Agency ID
State Tax ID
Internal GLO ID
Unknown ' successful by xpath via value: //select[@name='name'] 
2020-05-22 12:10:59,086|base_page.py[line:67] INFO:Had find the element '  ' successful by xpath via value: //input[@name='identifier'] 
2020-05-22 12:10:59,206|base_page.py[line:156] INFO:The element '  ' was clicked.
2020-05-22 12:10:59,727|base_page.py[line:67] INFO:Had find the element '  ' successful by xpath via value: //input[@name='identifier'] 
2020-05-22 12:11:00,292|base_page.py[line:67] INFO:Had find the element '  ' successful by xpath via value: //input[@name='identifier'] 
2020-05-22 12:11:00,852|base_page.py[line:67] INFO:Had find the element '  ' successful by xpath via value: //input[@name='identifier'] 
2020-05-22 12:11:00,964|base_page.py[line:134] INFO:Had type ' 111111 ' in inputBox
2020-05-22 12:11:01,533|base_page.py[line:67] INFO:Had find the element ' Save ' successful by xpath via value: //button[text()='Save'] 
2020-05-22 12:11:01,630|base_page.py[line:156] INFO:The element ' Save ' was clicked.
2020-05-22 12:11:04,182|base_page.py[line:67] INFO:Had find the element ' Business Identifier:: 111111 updated successfully. ' successful by xpath via value: //div[@role='alert'] 
2020-05-22 12:11:04,722|base_page.py[line:222] INFO:Had find the elements successful by xpath via value: //div[@class='card']//div//h4 
2020-05-22 12:11:05,355|base_page.py[line:67] INFO:Had find the element ' Business Identifier ' successful by xpath via value: //div[@class='card']//div//h4[text()='Business Identifier'] 
2020-05-22 12:11:05,876|base_page.py[line:222] INFO:Had find the elements successful by xpath via value: //div[@class='glo-row']/div[5]//div[@class='glo-row']//div[@class='rt-tr-group'] 
2020-05-22 12:11:06,433|base_page.py[line:67] INFO:Had find the element ' State Tax ID
111111 ' successful by xpath via value: //div[@class='glo-row']/div[5]//div[@class='glo-row']//div[@class='rt-tr-group'][1]/div 
2020-05-22 12:11:06,992|base_page.py[line:67] INFO:Had find the element ' History ' successful by xpath via value: //div[@class='glo-row']/div[5]//button[text()=' History'] 
2020-05-22 12:11:07,126|base_page.py[line:156] INFO:The element ' History ' was clicked.
2020-05-22 12:11:07,660|base_page.py[line:67] INFO:Had find the element '  ' successful by xpath via value: //h4[@class='modal-title'] 
2020-05-22 12:11:08,219|base_page.py[line:67] INFO:Had find the element ' × ' successful by xpath via value: //button[@class='close'] 
2020-05-22 12:11:08,764|base_page.py[line:222] INFO:Had find the elements successful by xpath via value: //div[@class='card']//div//h4 
2020-05-22 12:11:09,373|base_page.py[line:67] INFO:Had find the element ' Business Identifier ' successful by xpath via value: //div[@class='card']//div//h4[text()='Business Identifier'] 
2020-05-22 12:11:09,898|base_page.py[line:222] INFO:Had find the elements successful by xpath via value: //div[@class='glo-row']/div[5]//div[@class='glo-row']//div[@class='rt-tr-group'] 
2020-05-22 12:11:10,445|base_page.py[line:67] INFO:Had find the element ' State Tax ID
111111 ' successful by xpath via value: //div[@class='glo-row']/div[5]//div[@class='glo-row']//div[@class='rt-tr-group'][1]/div 
2020-05-22 12:11:11,004|base_page.py[line:67] INFO:Had find the element ' Delete ' successful by xpath via value: //div[@class='glo-row']/div[5]//button[text()=' Delete'] 
2020-05-22 12:11:11,087|base_page.py[line:156] INFO:The element ' Delete ' was clicked.
2020-05-22 12:11:11,616|base_page.py[line:67] INFO:Had find the element ' Yes, delete it! ' successful by xpath via value: //button[text()='Yes, delete it!'] 
2020-05-22 12:11:11,679|base_page.py[line:156] INFO:The element ' Yes, delete it! ' was clicked.
2020-05-22 12:11:14,232|base_page.py[line:67] INFO:Had find the element ' Business Identifier: State Tax ID deleted successfully. ' successful by xpath via value: //div[@role='alert'] 
2020-05-22 12:11:25,201|base_page.py[line:69] ERROR:TimeoutException: selector by xpath ,value xpath=>//div[@class='card']/form//div[@id='homeGrid']/div//h2
2020-05-22 12:11:25,727|base_page.py[line:222] INFO:Had find the elements successful by xpath via value: //div[@class='card']/form//div[@id='homeGrid']/div//h2 
2020-05-22 12:11:26,354|base_page.py[line:67] INFO:Had find the element '  ' successful by xpath via value: //div[@class='card']/form//div[@id='homeGrid']/div[4]//input 
2020-05-22 12:11:26,556|base_page.py[line:134] INFO:Had type ' C000089009 ' in inputBox
2020-05-22 12:11:27,120|base_page.py[line:67] INFO:Had find the element ' Go ' successful by xpath via value: //div[@class='card']/form//div[@id='homeGrid']/div[4]/div/button 
2020-05-22 12:11:27,258|base_page.py[line:156] INFO:The element ' Go ' was clicked.
2020-05-22 12:11:27,258|homePage.py[line:50] INFO:module_name: Customers
2020-05-22 12:11:38,135|base_page.py[line:69] ERROR:TimeoutException: selector by xpath ,value xpath=>//div[@class='card']//li/a[text()='Entity']
2020-05-22 12:11:38,691|base_page.py[line:67] INFO:Had find the element ' Entity ' successful by xpath via value: //div[@class='card']//li/a[text()='Entity'] 
2020-05-22 12:11:38,831|base_page.py[line:156] INFO:The element ' Entity ' was clicked.
2020-05-22 12:11:39,359|base_page.py[line:222] INFO:Had find the elements successful by xpath via value: //div[@class='card']//div//h4 
2020-05-22 12:11:40,001|base_page.py[line:67] INFO:Had find the element ' Doing Business As (DBA) ' successful by xpath via value: //div[@class='card']//div//h4[text()='Doing Business As (DBA)'] 
2020-05-22 12:11:40,560|base_page.py[line:67] INFO:Had find the element ' New ' successful by xpath via value: //div[@class='glo-row']/div[4]//button[text()=' New'] 
2020-05-22 12:11:40,701|base_page.py[line:156] INFO:The element ' New ' was clicked.
2020-05-22 12:11:41,233|base_page.py[line:67] INFO:Had find the element '  ' successful by xpath via value: //input[@name='alias'] 
2020-05-22 12:11:41,327|base_page.py[line:156] INFO:The element '  ' was clicked.
2020-05-22 12:11:41,868|base_page.py[line:67] INFO:Had find the element '  ' successful by xpath via value: //input[@name='alias'] 
2020-05-22 12:11:42,429|base_page.py[line:67] INFO:Had find the element '  ' successful by xpath via value: //input[@name='alias'] 
2020-05-22 12:11:42,994|base_page.py[line:67] INFO:Had find the element '  ' successful by xpath via value: //input[@name='alias'] 
2020-05-22 12:11:43,381|base_page.py[line:134] INFO:Had type ' UIAutomation2020/05/22 12:06:02 ' in inputBox
2020-05-22 12:11:43,938|base_page.py[line:67] INFO:Had find the element ' Save ' successful by xpath via value: //button[text()='Save'] 
2020-05-22 12:11:44,029|base_page.py[line:156] INFO:The element ' Save ' was clicked.
2020-05-22 12:11:46,585|base_page.py[line:67] INFO:Had find the element ' Doing Business As DBA:: UIAutomation2020/05/22 12:06:02 created successfully. ' successful by xpath via value: //div[@role='alert'] 
2020-05-22 12:11:47,118|base_page.py[line:222] INFO:Had find the elements successful by xpath via value: //div[@class='card']//div//h4 
2020-05-22 12:11:47,715|base_page.py[line:67] INFO:Had find the element ' Doing Business As (DBA) ' successful by xpath via value: //div[@class='card']//div//h4[text()='Doing Business As (DBA)'] 
2020-05-22 12:11:48,241|base_page.py[line:222] INFO:Had find the elements successful by xpath via value: //div[@class='glo-row']/div[4]//div[@class='glo-row']//div[@class='rt-tr-group'] 
2020-05-22 12:11:48,805|base_page.py[line:67] INFO:Had find the element ' UIAutomation2020/05/22 12:06:02 ' successful by xpath via value: //div[@class='glo-row']/div[4]//div[@class='glo-row']//div[@class='rt-tr-group'][1]/div 
2020-05-22 12:11:49,348|base_page.py[line:67] INFO:Had find the element ' UIAutomation2020/05/22 12:06:02 ' successful by xpath via value: //div[@class='glo-row']/div[4]//div[@class='glo-row']//div[@class='rt-tr-group'][1]/div 
2020-05-22 12:11:49,460|base_page.py[line:156] INFO:The element ' UIAutomation2020/05/22 12:06:02 ' was clicked.
2020-05-22 12:11:49,993|base_page.py[line:67] INFO:Had find the element ' Details ' successful by xpath via value: //div[@class='glo-row']/div[4]//button[text()=' Details'] 
2020-05-22 12:11:50,097|base_page.py[line:156] INFO:The element ' Details ' was clicked.
2020-05-22 12:11:50,634|base_page.py[line:67] INFO:Had find the element '  ' successful by xpath via value: //h4[@class='modal-title'] 
2020-05-22 12:11:51,204|base_page.py[line:67] INFO:Had find the element ' × ' successful by xpath via value: //button[@class='close'] 
2020-05-22 12:11:51,763|base_page.py[line:222] INFO:Had find the elements successful by xpath via value: //div[@class='card']//div//h4 
2020-05-22 12:11:52,341|base_page.py[line:67] INFO:Had find the element ' Doing Business As (DBA) ' successful by xpath via value: //div[@class='card']//div//h4[text()='Doing Business As (DBA)'] 
2020-05-22 12:11:52,869|base_page.py[line:222] INFO:Had find the elements successful by xpath via value: //div[@class='glo-row']/div[4]//div[@class='glo-row']//div[@class='rt-tr-group'] 
2020-05-22 12:11:53,416|base_page.py[line:67] INFO:Had find the element ' UIAutomation2020/05/22 12:06:02 ' successful by xpath via value: //div[@class='glo-row']/div[4]//div[@class='glo-row']//div[@class='rt-tr-group'][1]/div 
2020-05-22 12:11:53,987|base_page.py[line:67] INFO:Had find the element ' Edit ' successful by xpath via value: //div[@class='glo-row']/div[4]//button[text()=' Edit'] 
2020-05-22 12:11:54,104|base_page.py[line:156] INFO:The element ' Edit ' was clicked.
2020-05-22 12:11:54,650|base_page.py[line:67] INFO:Had find the element '  ' successful by xpath via value: //input[@name='alias'] 
2020-05-22 12:11:54,733|base_page.py[line:156] INFO:The element '  ' was clicked.
2020-05-22 12:11:55,273|base_page.py[line:67] INFO:Had find the element '  ' successful by xpath via value: //input[@name='alias'] 
2020-05-22 12:11:55,835|base_page.py[line:67] INFO:Had find the element '  ' successful by xpath via value: //input[@name='alias'] 
2020-05-22 12:11:56,426|base_page.py[line:67] INFO:Had find the element '  ' successful by xpath via value: //input[@name='alias'] 
2020-05-22 12:11:56,810|base_page.py[line:134] INFO:Had type ' UIAutomationEdit2020/05/22 12:06:02 ' in inputBox
2020-05-22 12:11:57,337|base_page.py[line:67] INFO:Had find the element ' Save ' successful by xpath via value: //button[text()='Save'] 
2020-05-22 12:11:57,409|base_page.py[line:156] INFO:The element ' Save ' was clicked.
2020-05-22 12:11:59,963|base_page.py[line:67] INFO:Had find the element ' Doing Business As DBA:: UIAutomationEdit2020/05/22 12:06:02 updated successfully. ' successful by xpath via value: //div[@role='alert'] 
2020-05-22 12:12:00,498|base_page.py[line:222] INFO:Had find the elements successful by xpath via value: //div[@class='card']//div//h4 
2020-05-22 12:12:01,072|base_page.py[line:67] INFO:Had find the element ' Doing Business As (DBA) ' successful by xpath via value: //div[@class='card']//div//h4[text()='Doing Business As (DBA)'] 
2020-05-22 12:12:01,591|base_page.py[line:222] INFO:Had find the elements successful by xpath via value: //div[@class='glo-row']/div[4]//div[@class='glo-row']//div[@class='rt-tr-group'] 
2020-05-22 12:12:02,128|base_page.py[line:67] INFO:Had find the element ' UIAutomationEdit2020/05/22 12:06:02 ' successful by xpath via value: //div[@class='glo-row']/div[4]//div[@class='glo-row']//div[@class='rt-tr-group'][1]/div 
2020-05-22 12:12:02,680|base_page.py[line:67] INFO:Had find the element ' History ' successful by xpath via value: //div[@class='glo-row']/div[4]//button[text()=' History'] 
2020-05-22 12:12:02,815|base_page.py[line:156] INFO:The element ' History ' was clicked.
2020-05-22 12:12:03,342|base_page.py[line:67] INFO:Had find the element '  ' successful by xpath via value: //h4[@class='modal-title'] 
2020-05-22 12:12:03,894|base_page.py[line:67] INFO:Had find the element ' × ' successful by xpath via value: //button[@class='close'] 
2020-05-22 12:12:04,429|base_page.py[line:222] INFO:Had find the elements successful by xpath via value: //div[@class='card']//div//h4 
2020-05-22 12:12:05,007|base_page.py[line:67] INFO:Had find the element ' Doing Business As (DBA) ' successful by xpath via value: //div[@class='card']//div//h4[text()='Doing Business As (DBA)'] 
2020-05-22 12:12:05,533|base_page.py[line:222] INFO:Had find the elements successful by xpath via value: //div[@class='glo-row']/div[4]//div[@class='glo-row']//div[@class='rt-tr-group'] 
2020-05-22 12:12:06,075|base_page.py[line:67] INFO:Had find the element ' UIAutomationEdit2020/05/22 12:06:02 ' successful by xpath via value: //div[@class='glo-row']/div[4]//div[@class='glo-row']//div[@class='rt-tr-group'][1]/div 
2020-05-22 12:12:06,642|base_page.py[line:67] INFO:Had find the element ' Delete ' successful by xpath via value: //div[@class='glo-row']/div[4]//button[text()=' Delete'] 
2020-05-22 12:12:06,754|base_page.py[line:156] INFO:The element ' Delete ' was clicked.
2020-05-22 12:12:07,287|base_page.py[line:67] INFO:Had find the element ' Yes, delete it! ' successful by xpath via value: //button[text()='Yes, delete it!'] 
2020-05-22 12:12:07,346|base_page.py[line:156] INFO:The element ' Yes, delete it! ' was clicked.
2020-05-22 12:12:09,895|base_page.py[line:67] INFO:Had find the element ' DBA: UIAutomationEdit2020/05/22 12:06:02 deleted successfully. ' successful by xpath via value: //div[@role='alert'] 
2020-05-22 12:12:10,429|base_page.py[line:222] INFO:Had find the elements successful by xpath via value: //div[@class='card']//div//h4 
2020-05-22 12:12:11,032|base_page.py[line:67] INFO:Had find the element ' Website ' successful by xpath via value: //div[@class='card']//div//h4[text()='Website'] 
2020-05-22 12:12:11,588|base_page.py[line:67] INFO:Had find the element ' New ' successful by xpath via value: //div[@class='glo-row']/div[3]//button[text()=' New'] 
2020-05-22 12:12:11,708|base_page.py[line:156] INFO:The element ' New ' was clicked.
2020-05-22 12:12:12,241|base_page.py[line:67] INFO:Had find the element '  ' successful by xpath via value: //input[@name='url'] 
2020-05-22 12:12:12,321|base_page.py[line:156] INFO:The element '  ' was clicked.
2020-05-22 12:12:12,856|base_page.py[line:67] INFO:Had find the element '  ' successful by xpath via value: //input[@name='url'] 
2020-05-22 12:12:13,430|base_page.py[line:67] INFO:Had find the element '  ' successful by xpath via value: //input[@name='url'] 
2020-05-22 12:12:13,995|base_page.py[line:67] INFO:Had find the element '  ' successful by xpath via value: //input[@name='url'] 
2020-05-22 12:12:14,308|base_page.py[line:134] INFO:Had type ' http://www.uiautomation.com ' in inputBox
2020-05-22 12:12:14,858|base_page.py[line:67] INFO:Had find the element ' Save ' successful by xpath via value: //button[text()='Save'] 
2020-05-22 12:12:14,976|base_page.py[line:156] INFO:The element ' Save ' was clicked.
2020-05-22 12:12:17,509|base_page.py[line:67] INFO:Had find the element ' Website:: http://www.uiautomation.com created successfully. ' successful by xpath via value: //div[@role='alert'] 
2020-05-22 12:12:18,033|base_page.py[line:222] INFO:Had find the elements successful by xpath via value: //div[@class='card']//div//h4 
2020-05-22 12:12:18,614|base_page.py[line:67] INFO:Had find the element ' Website ' successful by xpath via value: //div[@class='card']//div//h4[text()='Website'] 
2020-05-22 12:12:19,152|base_page.py[line:222] INFO:Had find the elements successful by xpath via value: //div[@class='glo-row']/div[3]//div[@class='glo-row']//div[@class='rt-tr-group'] 
2020-05-22 12:12:19,724|base_page.py[line:67] INFO:Had find the element ' http://www.uiautomation.com ' successful by xpath via value: //div[@class='glo-row']/div[3]//div[@class='glo-row']//div[@class='rt-tr-group'][1]/div 
2020-05-22 12:12:20,291|base_page.py[line:67] INFO:Had find the element ' http://www.uiautomation.com ' successful by xpath via value: //div[@class='glo-row']/div[3]//div[@class='glo-row']//div[@class='rt-tr-group'][1]/div 
2020-05-22 12:12:20,396|base_page.py[line:156] INFO:The element ' http://www.uiautomation.com ' was clicked.
2020-05-22 12:12:20,957|base_page.py[line:67] INFO:Had find the element ' Details ' successful by xpath via value: //div[@class='glo-row']/div[3]//button[text()=' Details'] 
2020-05-22 12:12:21,071|base_page.py[line:156] INFO:The element ' Details ' was clicked.
2020-05-22 12:12:21,626|base_page.py[line:67] INFO:Had find the element '  ' successful by xpath via value: //h4[@class='modal-title'] 
2020-05-22 12:12:22,191|base_page.py[line:67] INFO:Had find the element ' × ' successful by xpath via value: //button[@class='close'] 
2020-05-22 12:12:22,737|base_page.py[line:222] INFO:Had find the elements successful by xpath via value: //div[@class='card']//div//h4 
2020-05-22 12:12:23,307|base_page.py[line:67] INFO:Had find the element ' Website ' successful by xpath via value: //div[@class='card']//div//h4[text()='Website'] 
2020-05-22 12:12:23,835|base_page.py[line:222] INFO:Had find the elements successful by xpath via value: //div[@class='glo-row']/div[3]//div[@class='glo-row']//div[@class='rt-tr-group'] 
2020-05-22 12:12:24,377|base_page.py[line:67] INFO:Had find the element ' http://www.uiautomation.com ' successful by xpath via value: //div[@class='glo-row']/div[3]//div[@class='glo-row']//div[@class='rt-tr-group'][1]/div 
2020-05-22 12:12:24,947|base_page.py[line:67] INFO:Had find the element ' Edit ' successful by xpath via value: //div[@class='glo-row']/div[3]//button[text()=' Edit'] 
2020-05-22 12:12:25,050|base_page.py[line:156] INFO:The element ' Edit ' was clicked.
2020-05-22 12:12:25,600|base_page.py[line:67] INFO:Had find the element '  ' successful by xpath via value: //input[@name='url'] 
2020-05-22 12:12:25,699|base_page.py[line:156] INFO:The element '  ' was clicked.
2020-05-22 12:12:26,242|base_page.py[line:67] INFO:Had find the element '  ' successful by xpath via value: //input[@name='url'] 
2020-05-22 12:12:26,834|base_page.py[line:67] INFO:Had find the element '  ' successful by xpath via value: //input[@name='url'] 
2020-05-22 12:12:27,400|base_page.py[line:67] INFO:Had find the element '  ' successful by xpath via value: //input[@name='url'] 
2020-05-22 12:12:27,738|base_page.py[line:134] INFO:Had type ' http://www.uiautomationEdit.com ' in inputBox
2020-05-22 12:12:28,287|base_page.py[line:67] INFO:Had find the element ' Save ' successful by xpath via value: //button[text()='Save'] 
2020-05-22 12:12:28,371|base_page.py[line:156] INFO:The element ' Save ' was clicked.
2020-05-22 12:12:30,918|base_page.py[line:67] INFO:Had find the element ' Website:: http://www.uiautomationEdit.com updated successfully. ' successful by xpath via value: //div[@role='alert'] 
2020-05-22 12:12:31,439|base_page.py[line:222] INFO:Had find the elements successful by xpath via value: //div[@class='card']//div//h4 
2020-05-22 12:12:32,019|base_page.py[line:67] INFO:Had find the element ' Website ' successful by xpath via value: //div[@class='card']//div//h4[text()='Website'] 
2020-05-22 12:12:32,535|base_page.py[line:222] INFO:Had find the elements successful by xpath via value: //div[@class='glo-row']/div[3]//div[@class='glo-row']//div[@class='rt-tr-group'] 
2020-05-22 12:12:33,087|base_page.py[line:67] INFO:Had find the element ' http://www.uiautomationEdit.com ' successful by xpath via value: //div[@class='glo-row']/div[3]//div[@class='glo-row']//div[@class='rt-tr-group'][1]/div 
2020-05-22 12:12:33,656|base_page.py[line:67] INFO:Had find the element ' History ' successful by xpath via value: //div[@class='glo-row']/div[3]//button[text()=' History'] 
2020-05-22 12:12:33,773|base_page.py[line:156] INFO:The element ' History ' was clicked.
2020-05-22 12:12:34,301|base_page.py[line:67] INFO:Had find the element '  ' successful by xpath via value: //h4[@class='modal-title'] 
2020-05-22 12:12:34,864|base_page.py[line:67] INFO:Had find the element ' × ' successful by xpath via value: //button[@class='close'] 
2020-05-22 12:12:35,413|base_page.py[line:222] INFO:Had find the elements successful by xpath via value: //div[@class='card']//div//h4 
2020-05-22 12:12:36,012|base_page.py[line:67] INFO:Had find the element ' Website ' successful by xpath via value: //div[@class='card']//div//h4[text()='Website'] 
2020-05-22 12:12:36,542|base_page.py[line:222] INFO:Had find the elements successful by xpath via value: //div[@class='glo-row']/div[3]//div[@class='glo-row']//div[@class='rt-tr-group'] 
2020-05-22 12:12:37,085|base_page.py[line:67] INFO:Had find the element ' http://www.uiautomationEdit.com ' successful by xpath via value: //div[@class='glo-row']/div[3]//div[@class='glo-row']//div[@class='rt-tr-group'][1]/div 
2020-05-22 12:12:37,647|base_page.py[line:67] INFO:Had find the element ' Delete ' successful by xpath via value: //div[@class='glo-row']/div[3]//button[text()=' Delete'] 
2020-05-22 12:12:37,741|base_page.py[line:156] INFO:The element ' Delete ' was clicked.
2020-05-22 12:12:38,273|base_page.py[line:67] INFO:Had find the element ' Yes, delete it! ' successful by xpath via value: //button[text()='Yes, delete it!'] 
2020-05-22 12:12:38,340|base_page.py[line:156] INFO:The element ' Yes, delete it! ' was clicked.
2020-05-22 12:12:40,887|base_page.py[line:67] INFO:Had find the element ' Website: http://www.uiautomationEdit.com deleted successfully. ' successful by xpath via value: //div[@role='alert'] 
2020-05-22 12:12:40,907|browser_engine.py[line:73] INFO:Now, Close and quit the browser.
