2020-06-17 10:27:41,167|browser_engine.py[line:27] INFO:You had select Chrome browser.
2020-06-17 10:27:41,167|browser_engine.py[line:29] INFO:The test server url is: https://rr-alamo-dev.azureedge.net/
2020-06-17 10:27:43,861|browser_engine.py[line:44] INFO:Starting Chrome browser.
2020-06-17 10:27:45,010|browser_engine.py[line:58] INFO:Maximize the current window.
2020-06-17 10:27:49,541|browser_engine.py[line:61] INFO:Open url: https://rr-alamo-dev.azureedge.net/
2020-06-17 10:28:00,290|base_page.py[line:69] ERROR:TimeoutException: selector by xpath ,value xpath=>//div[@class='localAccount']//div[@class='intro']/h2
2020-06-17 10:28:00,829|base_page.py[line:67] INFO:Had find the element ' Sign in with your existing account ' successful by xpath via value: //div[@class='localAccount']//div[@class='intro']/h2 
2020-06-17 10:28:01,390|base_page.py[line:67] INFO:Had find the element '  ' successful by id via value: logonIdentifier 
2020-06-17 10:28:01,438|base_page.py[line:144] INFO:Clear text in input box before typing.
2020-06-17 10:28:01,977|base_page.py[line:67] INFO:Had find the element '  ' successful by id via value: logonIdentifier 
2020-06-17 10:28:02,180|base_page.py[line:134] INFO:Had type ' yan.liu@an-chen.com ' in inputBox
2020-06-17 10:28:02,709|base_page.py[line:67] INFO:Had find the element '  ' successful by id via value: password 
2020-06-17 10:28:02,747|base_page.py[line:144] INFO:Clear text in input box before typing.
2020-06-17 10:28:03,269|base_page.py[line:67] INFO:Had find the element '  ' successful by id via value: password 
2020-06-17 10:28:03,462|base_page.py[line:134] INFO:Had type ' Lychan@2012 ' in inputBox
2020-06-17 10:28:03,992|base_page.py[line:67] INFO:Had find the element ' Sign in ' successful by xpath via value: //div[@class='buttons']/button[text()='Sign in'] 
2020-06-17 10:28:14,926|base_page.py[line:69] ERROR:TimeoutException: selector by xpath ,value xpath=>//div[@id='root']//div[@class='content-heading']
2020-06-17 10:28:15,482|base_page.py[line:67] INFO:Had find the element ' Welcome, yanliu ' successful by xpath via value: //div[@id='root']//div[@class='content-heading'] 
2020-06-17 10:28:15,483|login.py[line:41] INFO:login success
2020-06-17 10:28:26,382|base_page.py[line:69] ERROR:TimeoutException: selector by xpath ,value //div[@class='btn-toolbar']/button[text()='Actions ']
2020-06-17 10:28:26,382|base_page.py[line:122] ERROR:NoSuchElement selector_by: xpath, selector: //div[@class='btn-toolbar']/button[text()='Actions '] 
2020-06-17 10:28:37,162|base_page.py[line:224] ERROR:TimeoutException: selector by xpath ,value //div[@class='card']//div//h4
