2020-06-17 15:11:01,350|browser_engine.py[line:27] INFO:You had select Chrome browser.
2020-06-17 15:11:01,351|browser_engine.py[line:29] INFO:The test server url is: https://rralamotest.z21.web.core.windows.net/
2020-06-17 15:11:05,767|browser_engine.py[line:44] INFO:Starting Chrome browser.
2020-06-17 15:11:06,942|browser_engine.py[line:58] INFO:Maximize the current window.
2020-06-17 15:11:57,278|browser_engine.py[line:61] INFO:Open url: https://rralamotest.z21.web.core.windows.net/
2020-06-17 15:12:08,079|base_page.py[line:69] ERROR:TimeoutException: selector by xpath ,value xpath=>//div[@class='localAccount']//div[@class='intro']/h2
2020-06-17 15:12:08,715|base_page.py[line:67] INFO:Had find the element ' Sign in with your existing account ' successful by xpath via value: //div[@class='localAccount']//div[@class='intro']/h2 
2020-06-17 15:12:09,318|base_page.py[line:67] INFO:Had find the element '  ' successful by id via value: logonIdentifier 
2020-06-17 15:12:09,386|base_page.py[line:144] INFO:Clear text in input box before typing.
2020-06-17 15:12:09,927|base_page.py[line:67] INFO:Had find the element '  ' successful by id via value: logonIdentifier 
2020-06-17 15:12:11,062|base_page.py[line:134] INFO:Had type ' yan.liu@an-chen.com ' in inputBox
2020-06-17 15:12:11,832|base_page.py[line:67] INFO:Had find the element '  ' successful by id via value: password 
2020-06-17 15:12:12,300|base_page.py[line:144] INFO:Clear text in input box before typing.
2020-06-17 15:12:12,837|base_page.py[line:67] INFO:Had find the element '  ' successful by id via value: password 
2020-06-17 15:12:13,121|base_page.py[line:134] INFO:Had type ' Lychan@2012 ' in inputBox
2020-06-17 15:12:13,719|base_page.py[line:67] INFO:Had find the element ' Sign in ' successful by xpath via value: //div[@class='buttons']/button[text()='Sign in'] 
2020-06-17 15:12:24,570|base_page.py[line:69] ERROR:TimeoutException: selector by xpath ,value xpath=>//div[@id='root']//div[@class='content-heading']
2020-06-17 15:12:25,168|base_page.py[line:67] INFO:Had find the element ' Welcome, yanliu ' successful by xpath via value: //div[@id='root']//div[@class='content-heading'] 
2020-06-17 15:12:25,168|login.py[line:41] INFO:login success
2020-06-17 15:12:25,918|base_page.py[line:67] INFO:Had find the element ' CUSTOMERS ' successful by id via value: customers 
2020-06-17 15:12:26,167|base_page.py[line:156] INFO:The element ' CUSTOMERS ' was clicked.
2020-06-17 15:12:26,706|base_page.py[line:222] INFO:Had find the elements successful by xpath via value: //ul[@class='dropdown-menu multi-level show']/li/a 
2020-06-17 15:12:27,570|base_page.py[line:67] INFO:Had find the element ' New ' successful by xpath via value: //ul[@class='dropdown-menu multi-level show']/li[2]/a 
