2020-06-17 12:06:54,394|browser_engine.py[line:27] INFO:You had select Chrome browser.
2020-06-17 12:06:54,395|browser_engine.py[line:29] INFO:The test server url is: https://rr-alamo-dev.azureedge.net/
2020-06-17 12:06:57,245|browser_engine.py[line:44] INFO:Starting Chrome browser.
2020-06-17 12:06:58,403|browser_engine.py[line:58] INFO:Maximize the current window.
2020-06-17 12:07:00,073|browser_engine.py[line:61] INFO:Open url: https://rr-alamo-dev.azureedge.net/
2020-06-17 12:07:10,741|base_page.py[line:69] ERROR:TimeoutException: selector by xpath ,value xpath=>//div[@class='localAccount']//div[@class='intro']/h2
2020-06-17 12:07:11,294|base_page.py[line:67] INFO:Had find the element ' Sign in with your existing account ' successful by xpath via value: //div[@class='localAccount']//div[@class='intro']/h2 
2020-06-17 12:07:11,854|base_page.py[line:67] INFO:Had find the element '  ' successful by id via value: logonIdentifier 
2020-06-17 12:07:11,903|base_page.py[line:144] INFO:Clear text in input box before typing.
2020-06-17 12:07:12,429|base_page.py[line:67] INFO:Had find the element '  ' successful by id via value: logonIdentifier 
2020-06-17 12:07:12,653|base_page.py[line:134] INFO:Had type ' yan.liu@an-chen.com ' in inputBox
2020-06-17 12:07:13,192|base_page.py[line:67] INFO:Had find the element '  ' successful by id via value: password 
2020-06-17 12:07:13,245|base_page.py[line:144] INFO:Clear text in input box before typing.
2020-06-17 12:07:13,766|base_page.py[line:67] INFO:Had find the element '  ' successful by id via value: password 
2020-06-17 12:07:14,006|base_page.py[line:134] INFO:Had type ' Lychan@2012 ' in inputBox
2020-06-17 12:07:14,550|base_page.py[line:67] INFO:Had find the element ' Sign in ' successful by xpath via value: //div[@class='buttons']/button[text()='Sign in'] 
2020-06-17 12:07:25,605|base_page.py[line:69] ERROR:TimeoutException: selector by xpath ,value xpath=>//div[@id='root']//div[@class='content-heading']
2020-06-17 12:07:26,159|base_page.py[line:67] INFO:Had find the element ' Welcome, yanliu ' successful by xpath via value: //div[@id='root']//div[@class='content-heading'] 
2020-06-17 12:07:26,159|login.py[line:41] INFO:login success
2020-06-17 12:07:26,757|base_page.py[line:67] INFO:Had find the element ' CUSTOMERS ' successful by id via value: customers 
2020-06-17 12:07:26,843|base_page.py[line:156] INFO:The element ' CUSTOMERS ' was clicked.
2020-06-17 12:07:27,374|base_page.py[line:222] INFO:Had find the elements successful by xpath via value: //ul[@class='dropdown-menu multi-level show']/li/a 
2020-06-17 12:07:27,957|base_page.py[line:67] INFO:Had find the element ' New ' successful by xpath via value: //ul[@class='dropdown-menu multi-level show']/li[2]/a 
2020-06-17 12:07:28,060|base_page.py[line:156] INFO:The element ' New ' was clicked.
2020-06-17 12:07:28,061|topMenu.py[line:69] INFO:second_menu: New
2020-06-17 12:07:28,620|base_page.py[line:67] INFO:Had find the element ' Select one...
Person
Organization ' successful by xpath via value: //select[@name='typeName'] 
2020-06-17 12:07:28,729|base_page.py[line:156] INFO:The element ' Select one...
Person
Organization ' was clicked.
2020-06-17 12:07:29,266|base_page.py[line:67] INFO:Had find the element ' Select one...
Person
Organization ' successful by xpath via value: //select[@name='typeName'] 
2020-06-17 12:07:29,916|base_page.py[line:67] INFO:Had find the element ' Select one...
Sole Proprietor
Individual
Household ' successful by xpath via value: //select[@name='entityClass'] 
2020-06-17 12:07:30,027|base_page.py[line:156] INFO:The element ' Select one...
Sole Proprietor
Individual
Household ' was clicked.
2020-06-17 12:07:30,570|base_page.py[line:67] INFO:Had find the element ' Select one...
Sole Proprietor
Individual
Household ' successful by xpath via value: //select[@name='entityClass'] 
2020-06-17 12:07:31,243|base_page.py[line:67] INFO:Had find the element ' Select one...
Mr.
Mrs.
Ms.
Miss
Dr.
Rev.
N/A ' successful by xpath via value: //form[@class='ie-fix-flex']/div[1]//select[@name='salutation'] 
2020-06-17 12:07:31,383|base_page.py[line:156] INFO:The element ' Select one...
Mr.
Mrs.
Ms.
Miss
Dr.
Rev.
N/A ' was clicked.
2020-06-17 12:07:31,914|base_page.py[line:67] INFO:Had find the element ' Select one...
Mr.
Mrs.
Ms.
Miss
Dr.
Rev.
N/A ' successful by xpath via value: //form[@class='ie-fix-flex']/div[1]//select[@name='salutation'] 
2020-06-17 12:07:32,546|base_page.py[line:67] INFO:Had find the element '  ' successful by xpath via value: //form[@class='ie-fix-flex']/div[1]//input[@name='firstName'] 
2020-06-17 12:07:32,897|base_page.py[line:134] INFO:Had type ' Individual ' in inputBox
2020-06-17 12:07:33,451|base_page.py[line:67] INFO:Had find the element '  ' successful by xpath via value: //form[@class='ie-fix-flex']/div[1]//input[@name='lastName'] 
2020-06-17 12:07:33,698|base_page.py[line:134] INFO:Had type ' Individual ' in inputBox
2020-06-17 12:07:34,278|base_page.py[line:67] INFO:Had find the element ' Select one...
Sr.
Jr.
II
III
IV
M.D.
D.D.S.
Ph.D.
et al
et ux
Trustee ' successful by xpath via value: //form[@class='ie-fix-flex']/div[1]//select[@name='suffix'] 
2020-06-17 12:07:34,445|base_page.py[line:156] INFO:The element ' Select one...
Sr.
Jr.
II
III
IV
M.D.
D.D.S.
Ph.D.
et al
et ux
Trustee ' was clicked.
2020-06-17 12:07:34,997|base_page.py[line:67] INFO:Had find the element ' Select one...
Sr.
Jr.
II
III
IV
M.D.
D.D.S.
Ph.D.
et al
et ux
Trustee ' successful by xpath via value: //form[@class='ie-fix-flex']/div[1]//select[@name='suffix'] 
2020-06-17 12:07:35,647|base_page.py[line:67] INFO:Had find the element ' Save ' successful by xpath via value: //button[text()='Save'] 
2020-06-17 12:07:35,741|base_page.py[line:156] INFO:The element ' Save ' was clicked.
2020-06-17 12:07:38,280|base_page.py[line:67] INFO:Had find the element ' Entity: Individual created successfully. ' successful by xpath via value: //div[@role='alert'] 
2020-06-17 12:07:38,820|base_page.py[line:67] INFO:Had find the element ' CUSTOMERS ' successful by id via value: customers 
2020-06-17 12:07:38,895|base_page.py[line:156] INFO:The element ' CUSTOMERS ' was clicked.
2020-06-17 12:07:39,414|base_page.py[line:222] INFO:Had find the elements successful by xpath via value: //ul[@class='dropdown-menu multi-level show']/li/a 
2020-06-17 12:07:40,009|base_page.py[line:67] INFO:Had find the element ' New ' successful by xpath via value: //ul[@class='dropdown-menu multi-level show']/li[2]/a 
2020-06-17 12:07:40,111|base_page.py[line:156] INFO:The element ' New ' was clicked.
2020-06-17 12:07:40,111|topMenu.py[line:69] INFO:second_menu: New
2020-06-17 12:07:40,650|base_page.py[line:67] INFO:Had find the element ' Select one...
Person
Organization ' successful by xpath via value: //select[@name='typeName'] 
2020-06-17 12:07:40,765|base_page.py[line:156] INFO:The element ' Select one...
Person
Organization ' was clicked.
2020-06-17 12:07:41,295|base_page.py[line:67] INFO:Had find the element ' Select one...
Person
Organization ' successful by xpath via value: //select[@name='typeName'] 
2020-06-17 12:07:41,950|base_page.py[line:67] INFO:Had find the element ' Select one...
Company
Government
Trust/Estate ' successful by xpath via value: //select[@name='entityClass'] 
2020-06-17 12:07:42,132|base_page.py[line:156] INFO:The element ' Select one...
Company
Government
Trust/Estate ' was clicked.
2020-06-17 12:07:42,669|base_page.py[line:67] INFO:Had find the element ' Select one...
Company
Government
Trust/Estate ' successful by xpath via value: //select[@name='entityClass'] 
2020-06-17 12:07:43,360|base_page.py[line:67] INFO:Had find the element '  ' successful by xpath via value: //form[@class='ie-fix-flex']/div[1]//input[@name='organizationName'] 
2020-06-17 12:07:43,762|base_page.py[line:134] INFO:Had type ' Government ' in inputBox
2020-06-17 12:07:44,339|base_page.py[line:67] INFO:Had find the element ' Select one...
Federal
State
County
City
State Higher Education ' successful by xpath via value: //form[@class='ie-fix-flex']/div[1]//select[@name='subClassName'] 
2020-06-17 12:07:44,456|base_page.py[line:156] INFO:The element ' Select one...
Federal
State
County
City
State Higher Education ' was clicked.
2020-06-17 12:07:44,990|base_page.py[line:67] INFO:Had find the element ' Select one...
Federal
State
County
City
State Higher Education ' successful by xpath via value: //form[@class='ie-fix-flex']/div[1]//select[@name='subClassName'] 
2020-06-17 12:07:45,694|base_page.py[line:67] INFO:Had find the element ' Select one...
AK
AL
AR
AZ
CA
CO
CT
DC
DE
FL
GA
HI
IA
ID
IL
IN
KS
KY
LA
MA
MD
ME
MI
MN
MO
MS
MT
NC
ND
NE
NH
NJ
NM
NV
NY
OH
OK
OR
PA
RI
SC
SD
TN
TX
UT
VA
VT
WA
WI
WV
WY
ON
NL
BC ' successful by xpath via value: //form[@class='ie-fix-flex']/div[1]//select[@name='stateOfIncorporation'] 
2020-06-17 12:07:45,934|base_page.py[line:156] INFO:The element ' Select one...
AK
AL
AR
AZ
CA
CO
CT
DC
DE
FL
GA
HI
IA
ID
IL
IN
KS
KY
LA
MA
MD
ME
MI
MN
MO
MS
MT
NC
ND
NE
NH
NJ
NM
NV
NY
OH
OK
OR
PA
RI
SC
SD
TN
TX
UT
VA
VT
WA
WI
WV
WY
ON
NL
BC ' was clicked.
2020-06-17 12:07:46,540|base_page.py[line:67] INFO:Had find the element ' Select one...
AK
AL
AR
AZ
CA
CO
CT
DC
DE
FL
GA
HI
IA
ID
IL
IN
KS
KY
LA
MA
MD
ME
MI
MN
MO
MS
MT
NC
ND
NE
NH
NJ
NM
NV
NY
OH
OK
OR
PA
RI
SC
SD
TN
TX
UT
VA
VT
WA
WI
WV
WY
ON
NL
BC ' successful by xpath via value: //form[@class='ie-fix-flex']/div[1]//select[@name='stateOfIncorporation'] 
2020-06-17 12:07:47,187|base_page.py[line:67] INFO:Had find the element ' Save ' successful by xpath via value: //button[text()='Save'] 
2020-06-17 12:07:47,279|base_page.py[line:156] INFO:The element ' Save ' was clicked.
2020-06-17 12:07:49,834|base_page.py[line:67] INFO:Had find the element ' Entity: Government created successfully. ' successful by xpath via value: //div[@role='alert'] 
2020-06-17 12:07:50,381|base_page.py[line:67] INFO:Had find the element ' CUSTOMERS ' successful by id via value: customers 
2020-06-17 12:07:50,457|base_page.py[line:156] INFO:The element ' CUSTOMERS ' was clicked.
2020-06-17 12:07:50,968|base_page.py[line:222] INFO:Had find the elements successful by xpath via value: //ul[@class='dropdown-menu multi-level show']/li/a 
2020-06-17 12:07:51,527|base_page.py[line:67] INFO:Had find the element ' New ' successful by xpath via value: //ul[@class='dropdown-menu multi-level show']/li[2]/a 
2020-06-17 12:07:51,633|base_page.py[line:156] INFO:The element ' New ' was clicked.
2020-06-17 12:07:51,633|topMenu.py[line:69] INFO:second_menu: New
2020-06-17 12:07:52,172|base_page.py[line:67] INFO:Had find the element ' Select one...
Person
Organization ' successful by xpath via value: //select[@name='typeName'] 
2020-06-17 12:07:52,289|base_page.py[line:156] INFO:The element ' Select one...
Person
Organization ' was clicked.
2020-06-17 12:07:52,820|base_page.py[line:67] INFO:Had find the element ' Select one...
Person
Organization ' successful by xpath via value: //select[@name='typeName'] 
2020-06-17 12:07:53,464|base_page.py[line:67] INFO:Had find the element ' Select one...
Sole Proprietor
Individual
Household ' successful by xpath via value: //select[@name='entityClass'] 
2020-06-17 12:07:53,572|base_page.py[line:156] INFO:The element ' Select one...
Sole Proprietor
Individual
Household ' was clicked.
2020-06-17 12:07:54,096|base_page.py[line:67] INFO:Had find the element ' Select one...
Sole Proprietor
Individual
Household ' successful by xpath via value: //select[@name='entityClass'] 
2020-06-17 12:07:54,766|base_page.py[line:67] INFO:Had find the element ' Select one...
Mr.
Mrs.
Ms.
Miss
Dr.
Rev.
N/A ' successful by xpath via value: //form[@class='ie-fix-flex']/div[1]//select[@name='salutation'] 
2020-06-17 12:07:54,891|base_page.py[line:156] INFO:The element ' Select one...
Mr.
Mrs.
Ms.
Miss
Dr.
Rev.
N/A ' was clicked.
2020-06-17 12:07:55,457|base_page.py[line:67] INFO:Had find the element ' Select one...
Mr.
Mrs.
Ms.
Miss
Dr.
Rev.
N/A ' successful by xpath via value: //form[@class='ie-fix-flex']/div[1]//select[@name='salutation'] 
2020-06-17 12:07:56,100|base_page.py[line:67] INFO:Had find the element '  ' successful by xpath via value: //form[@class='ie-fix-flex']/div[1]//input[@name='firstName'] 
2020-06-17 12:07:56,486|base_page.py[line:134] INFO:Had type ' Sole Proprietor ' in inputBox
2020-06-17 12:07:57,043|base_page.py[line:67] INFO:Had find the element '  ' successful by xpath via value: //form[@class='ie-fix-flex']/div[1]//input[@name='lastName'] 
2020-06-17 12:07:57,361|base_page.py[line:134] INFO:Had type ' Sole Proprietor ' in inputBox
2020-06-17 12:07:57,945|base_page.py[line:67] INFO:Had find the element ' Select one...
Sr.
Jr.
II
III
IV
M.D.
D.D.S.
Ph.D.
et al
et ux
Trustee ' successful by xpath via value: //form[@class='ie-fix-flex']/div[1]//select[@name='suffix'] 
2020-06-17 12:07:58,075|base_page.py[line:156] INFO:The element ' Select one...
Sr.
Jr.
II
III
IV
M.D.
D.D.S.
Ph.D.
et al
et ux
Trustee ' was clicked.
2020-06-17 12:07:58,634|base_page.py[line:67] INFO:Had find the element ' Select one...
Sr.
Jr.
II
III
IV
M.D.
D.D.S.
Ph.D.
et al
et ux
Trustee ' successful by xpath via value: //form[@class='ie-fix-flex']/div[1]//select[@name='suffix'] 
2020-06-17 12:07:59,289|base_page.py[line:67] INFO:Had find the element ' Save ' successful by xpath via value: //button[text()='Save'] 
2020-06-17 12:07:59,372|base_page.py[line:156] INFO:The element ' Save ' was clicked.
2020-06-17 12:08:01,915|base_page.py[line:67] INFO:Had find the element ' Entity: Sole Proprietor created successfully. ' successful by xpath via value: //div[@role='alert'] 
2020-06-17 12:08:02,471|base_page.py[line:67] INFO:Had find the element ' CUSTOMERS ' successful by id via value: customers 
2020-06-17 12:08:02,558|base_page.py[line:156] INFO:The element ' CUSTOMERS ' was clicked.
2020-06-17 12:08:03,073|base_page.py[line:222] INFO:Had find the elements successful by xpath via value: //ul[@class='dropdown-menu multi-level show']/li/a 
2020-06-17 12:08:03,652|base_page.py[line:67] INFO:Had find the element ' New ' successful by xpath via value: //ul[@class='dropdown-menu multi-level show']/li[2]/a 
2020-06-17 12:08:03,750|base_page.py[line:156] INFO:The element ' New ' was clicked.
2020-06-17 12:08:03,750|topMenu.py[line:69] INFO:second_menu: New
2020-06-17 12:08:04,292|base_page.py[line:67] INFO:Had find the element ' Select one...
Person
Organization ' successful by xpath via value: //select[@name='typeName'] 
2020-06-17 12:08:04,400|base_page.py[line:156] INFO:The element ' Select one...
Person
Organization ' was clicked.
2020-06-17 12:08:04,953|base_page.py[line:67] INFO:Had find the element ' Select one...
Person
Organization ' successful by xpath via value: //select[@name='typeName'] 
2020-06-17 12:08:05,598|base_page.py[line:67] INFO:Had find the element ' Select one...
Company
Government
Trust/Estate ' successful by xpath via value: //select[@name='entityClass'] 
2020-06-17 12:08:05,708|base_page.py[line:156] INFO:The element ' Select one...
Company
Government
Trust/Estate ' was clicked.
2020-06-17 12:08:06,247|base_page.py[line:67] INFO:Had find the element ' Select one...
Company
Government
Trust/Estate ' successful by xpath via value: //select[@name='entityClass'] 
2020-06-17 12:08:06,906|base_page.py[line:67] INFO:Had find the element '  ' successful by xpath via value: //form[@class='ie-fix-flex']/div[1]//input[@name='organizationName'] 
2020-06-17 12:08:07,169|base_page.py[line:134] INFO:Had type ' Company ' in inputBox
2020-06-17 12:08:07,733|base_page.py[line:67] INFO:Had find the element ' Select one...
Incorporated
Limited Liability Company
Limited Liability Partnership
Limited Partnership
General Partnership ' successful by xpath via value: //form[@class='ie-fix-flex']/div[1]//select[@name='subClassName'] 
2020-06-17 12:08:07,862|base_page.py[line:156] INFO:The element ' Select one...
Incorporated
Limited Liability Company
Limited Liability Partnership
Limited Partnership
General Partnership ' was clicked.
2020-06-17 12:08:08,407|base_page.py[line:67] INFO:Had find the element ' Select one...
Incorporated
Limited Liability Company
Limited Liability Partnership
Limited Partnership
General Partnership ' successful by xpath via value: //form[@class='ie-fix-flex']/div[1]//select[@name='subClassName'] 
2020-06-17 12:08:09,110|base_page.py[line:67] INFO:Had find the element ' Select one...
AK
AL
AR
AZ
CA
CO
CT
DC
DE
FL
GA
HI
IA
ID
IL
IN
KS
KY
LA
MA
MD
ME
MI
MN
MO
MS
MT
NC
ND
NE
NH
NJ
NM
NV
NY
OH
OK
OR
PA
RI
SC
SD
TN
TX
UT
VA
VT
WA
WI
WV
WY
ON
NL
BC ' successful by xpath via value: //form[@class='ie-fix-flex']/div[1]//select[@name='stateOfIncorporation'] 
2020-06-17 12:08:09,285|base_page.py[line:156] INFO:The element ' Select one...
AK
AL
AR
AZ
CA
CO
CT
DC
DE
FL
GA
HI
IA
ID
IL
IN
KS
KY
LA
MA
MD
ME
MI
MN
MO
MS
MT
NC
ND
NE
NH
NJ
NM
NV
NY
OH
OK
OR
PA
RI
SC
SD
TN
TX
UT
VA
VT
WA
WI
WV
WY
ON
NL
BC ' was clicked.
2020-06-17 12:08:09,889|base_page.py[line:67] INFO:Had find the element ' Select one...
AK
AL
AR
AZ
CA
CO
CT
DC
DE
FL
GA
HI
IA
ID
IL
IN
KS
KY
LA
MA
MD
ME
MI
MN
MO
MS
MT
NC
ND
NE
NH
NJ
NM
NV
NY
OH
OK
OR
PA
RI
SC
SD
TN
TX
UT
VA
VT
WA
WI
WV
WY
ON
NL
BC ' successful by xpath via value: //form[@class='ie-fix-flex']/div[1]//select[@name='stateOfIncorporation'] 
2020-06-17 12:08:10,539|base_page.py[line:67] INFO:Had find the element ' Save ' successful by xpath via value: //button[text()='Save'] 
2020-06-17 12:08:10,634|base_page.py[line:156] INFO:The element ' Save ' was clicked.
2020-06-17 12:08:13,172|base_page.py[line:67] INFO:Had find the element ' Entity: Company created successfully. ' successful by xpath via value: //div[@role='alert'] 
2020-06-17 12:08:13,719|base_page.py[line:67] INFO:Had find the element ' CUSTOMERS ' successful by id via value: customers 
2020-06-17 12:08:13,811|base_page.py[line:156] INFO:The element ' CUSTOMERS ' was clicked.
2020-06-17 12:08:14,326|base_page.py[line:222] INFO:Had find the elements successful by xpath via value: //ul[@class='dropdown-menu multi-level show']/li/a 
2020-06-17 12:08:14,890|base_page.py[line:67] INFO:Had find the element ' New ' successful by xpath via value: //ul[@class='dropdown-menu multi-level show']/li[2]/a 
2020-06-17 12:08:14,985|base_page.py[line:156] INFO:The element ' New ' was clicked.
2020-06-17 12:08:14,986|topMenu.py[line:69] INFO:second_menu: New
2020-06-17 12:08:15,537|base_page.py[line:67] INFO:Had find the element ' Select one...
Person
Organization ' successful by xpath via value: //select[@name='typeName'] 
2020-06-17 12:08:15,632|base_page.py[line:156] INFO:The element ' Select one...
Person
Organization ' was clicked.
2020-06-17 12:08:16,171|base_page.py[line:67] INFO:Had find the element ' Select one...
Person
Organization ' successful by xpath via value: //select[@name='typeName'] 
2020-06-17 12:08:16,795|base_page.py[line:67] INFO:Had find the element ' Select one...
Sole Proprietor
Individual
Household ' successful by xpath via value: //select[@name='entityClass'] 
2020-06-17 12:08:16,940|base_page.py[line:156] INFO:The element ' Select one...
Sole Proprietor
Individual
Household ' was clicked.
2020-06-17 12:08:17,495|base_page.py[line:67] INFO:Had find the element ' Select one...
Sole Proprietor
Individual
Household ' successful by xpath via value: //select[@name='entityClass'] 
2020-06-17 12:08:18,156|base_page.py[line:67] INFO:Had find the element '  ' successful by xpath via value: //form[@class='ie-fix-flex']/div[1]//input[@name='fullName'] 
2020-06-17 12:08:18,459|base_page.py[line:134] INFO:Had type ' Household ' in inputBox
2020-06-17 12:08:19,018|base_page.py[line:67] INFO:Had find the element '  ' successful by xpath via value: //form[@class='ie-fix-flex']/div[1]//input[@name='soundEx'] 
2020-06-17 12:08:19,263|base_page.py[line:134] INFO:Had type ' Default sort ' in inputBox
2020-06-17 12:08:19,820|base_page.py[line:67] INFO:Had find the element ' Save ' successful by xpath via value: //button[text()='Save'] 
2020-06-17 12:08:19,901|base_page.py[line:156] INFO:The element ' Save ' was clicked.
2020-06-17 12:08:22,439|base_page.py[line:67] INFO:Had find the element ' Entity: Household created successfully. ' successful by xpath via value: //div[@role='alert'] 
2020-06-17 12:08:22,974|base_page.py[line:67] INFO:Had find the element ' CUSTOMERS ' successful by id via value: customers 
2020-06-17 12:08:23,034|base_page.py[line:156] INFO:The element ' CUSTOMERS ' was clicked.
2020-06-17 12:08:23,544|base_page.py[line:222] INFO:Had find the elements successful by xpath via value: //ul[@class='dropdown-menu multi-level show']/li/a 
2020-06-17 12:08:24,086|base_page.py[line:67] INFO:Had find the element ' New ' successful by xpath via value: //ul[@class='dropdown-menu multi-level show']/li[2]/a 
2020-06-17 12:08:24,178|base_page.py[line:156] INFO:The element ' New ' was clicked.
2020-06-17 12:08:24,179|topMenu.py[line:69] INFO:second_menu: New
2020-06-17 12:08:24,730|base_page.py[line:67] INFO:Had find the element ' Select one...
Person
Organization ' successful by xpath via value: //select[@name='typeName'] 
2020-06-17 12:08:24,850|base_page.py[line:156] INFO:The element ' Select one...
Person
Organization ' was clicked.
2020-06-17 12:08:25,389|base_page.py[line:67] INFO:Had find the element ' Select one...
Person
Organization ' successful by xpath via value: //select[@name='typeName'] 
2020-06-17 12:08:26,034|base_page.py[line:67] INFO:Had find the element ' Select one...
Company
Government
Trust/Estate ' successful by xpath via value: //select[@name='entityClass'] 
2020-06-17 12:08:26,164|base_page.py[line:156] INFO:The element ' Select one...
Company
Government
Trust/Estate ' was clicked.
2020-06-17 12:08:26,716|base_page.py[line:67] INFO:Had find the element ' Select one...
Company
Government
Trust/Estate ' successful by xpath via value: //select[@name='entityClass'] 
2020-06-17 12:08:27,366|base_page.py[line:67] INFO:Had find the element '  ' successful by xpath via value: //form[@class='ie-fix-flex']/div[1]//input[@name='organizationName'] 
2020-06-17 12:08:27,734|base_page.py[line:134] INFO:Had type '  Trust/Estate ' in inputBox
2020-06-17 12:08:28,349|base_page.py[line:67] INFO:Had find the element ' Select one...
AK
AL
AR
AZ
CA
CO
CT
DC
DE
FL
GA
HI
IA
ID
IL
IN
KS
KY
LA
MA
MD
ME
MI
MN
MO
MS
MT
NC
ND
NE
NH
NJ
NM
NV
NY
OH
OK
OR
PA
RI
SC
SD
TN
TX
UT
VA
VT
WA
WI
WV
WY
ON
NL
BC ' successful by xpath via value: //form[@class='ie-fix-flex']/div[1]//select[@name='stateOfIncorporation'] 
2020-06-17 12:08:28,593|base_page.py[line:156] INFO:The element ' Select one...
AK
AL
AR
AZ
CA
CO
CT
DC
DE
FL
GA
HI
IA
ID
IL
IN
KS
KY
LA
MA
MD
ME
MI
MN
MO
MS
MT
NC
ND
NE
NH
NJ
NM
NV
NY
OH
OK
OR
PA
RI
SC
SD
TN
TX
UT
VA
VT
WA
WI
WV
WY
ON
NL
BC ' was clicked.
2020-06-17 12:08:29,184|base_page.py[line:67] INFO:Had find the element ' Select one...
AK
AL
AR
AZ
CA
CO
CT
DC
DE
FL
GA
HI
IA
ID
IL
IN
KS
KY
LA
MA
MD
ME
MI
MN
MO
MS
MT
NC
ND
NE
NH
NJ
NM
NV
NY
OH
OK
OR
PA
RI
SC
SD
TN
TX
UT
VA
VT
WA
WI
WV
WY
ON
NL
BC ' successful by xpath via value: //form[@class='ie-fix-flex']/div[1]//select[@name='stateOfIncorporation'] 
2020-06-17 12:08:29,818|base_page.py[line:67] INFO:Had find the element ' Save ' successful by xpath via value: //button[text()='Save'] 
2020-06-17 12:08:29,910|base_page.py[line:156] INFO:The element ' Save ' was clicked.
2020-06-17 12:08:32,458|base_page.py[line:67] INFO:Had find the element ' Entity: Trust/Estate created successfully. ' successful by xpath via value: //div[@role='alert'] 
2020-06-17 12:08:33,027|base_page.py[line:67] INFO:Had find the element ' Actions ' successful by xpath via value: //div[@class='btn-toolbar']/button[text()='Actions '] 
2020-06-17 12:08:33,118|base_page.py[line:156] INFO:The element ' Actions ' was clicked.
2020-06-17 12:08:33,683|base_page.py[line:67] INFO:Had find the element ' Edit ' successful by xpath via value: //div[@class='btn-toolbar show']/ul//a[text()='Edit'] 
2020-06-17 12:08:33,811|base_page.py[line:156] INFO:The element ' Edit ' was clicked.
2020-06-17 12:08:34,347|base_page.py[line:67] INFO:Had find the element ' Select one...
Person
Organization ' successful by xpath via value: //select[@name='typeName'] 
2020-06-17 12:08:34,467|base_page.py[line:156] INFO:The element ' Select one...
Person
Organization ' was clicked.
2020-06-17 12:08:35,013|base_page.py[line:67] INFO:Had find the element ' Select one...
Person
Organization ' successful by xpath via value: //select[@name='typeName'] 
2020-06-17 12:08:35,641|base_page.py[line:67] INFO:Had find the element ' Select one...
Sole Proprietor
Individual
Household ' successful by xpath via value: //select[@name='entityClass'] 
2020-06-17 12:08:35,755|base_page.py[line:156] INFO:The element ' Select one...
Sole Proprietor
Individual
Household ' was clicked.
2020-06-17 12:08:36,307|base_page.py[line:67] INFO:Had find the element ' Select one...
Sole Proprietor
Individual
Household ' successful by xpath via value: //select[@name='entityClass'] 
2020-06-17 12:08:36,974|base_page.py[line:67] INFO:Had find the element ' Select one...
Mr.
Mrs.
Ms.
Miss
Dr.
Rev.
N/A ' successful by xpath via value: //select[@name='salutation'] 
2020-06-17 12:08:37,091|base_page.py[line:156] INFO:The element ' Select one...
Mr.
Mrs.
Ms.
Miss
Dr.
Rev.
N/A ' was clicked.
2020-06-17 12:08:37,660|base_page.py[line:67] INFO:Had find the element ' Select one...
Mr.
Mrs.
Ms.
Miss
Dr.
Rev.
N/A ' successful by xpath via value: //select[@name='salutation'] 
2020-06-17 12:08:38,283|base_page.py[line:67] INFO:Had find the element '  ' successful by xpath via value: //input[@name='firstName'] 
2020-06-17 12:08:38,402|base_page.py[line:156] INFO:The element '  ' was clicked.
2020-06-17 12:08:38,926|base_page.py[line:67] INFO:Had find the element '  ' successful by xpath via value: //input[@name='firstName'] 
2020-06-17 12:08:39,481|base_page.py[line:67] INFO:Had find the element '  ' successful by xpath via value: //input[@name='firstName'] 
2020-06-17 12:08:40,019|base_page.py[line:67] INFO:Had find the element '  ' successful by xpath via value: //input[@name='firstName'] 
2020-06-17 12:08:40,288|base_page.py[line:134] INFO:Had type ' Individual ' in inputBox
2020-06-17 12:08:40,824|base_page.py[line:67] INFO:Had find the element '  ' successful by xpath via value: //input[@name='lastName'] 
2020-06-17 12:08:40,918|base_page.py[line:156] INFO:The element '  ' was clicked.
2020-06-17 12:08:41,454|base_page.py[line:67] INFO:Had find the element '  ' successful by xpath via value: //input[@name='lastName'] 
2020-06-17 12:08:42,019|base_page.py[line:67] INFO:Had find the element '  ' successful by xpath via value: //input[@name='lastName'] 
2020-06-17 12:08:42,563|base_page.py[line:67] INFO:Had find the element '  ' successful by xpath via value: //input[@name='lastName'] 
2020-06-17 12:08:42,819|base_page.py[line:134] INFO:Had type ' Individual ' in inputBox
2020-06-17 12:08:43,397|base_page.py[line:67] INFO:Had find the element ' Select one...
Sr.
Jr.
II
III
IV
M.D.
D.D.S.
Ph.D.
et al
et ux
Trustee ' successful by xpath via value: //select[@name='suffix'] 
2020-06-17 12:08:43,509|base_page.py[line:156] INFO:The element ' Select one...
Sr.
Jr.
II
III
IV
M.D.
D.D.S.
Ph.D.
et al
et ux
Trustee ' was clicked.
2020-06-17 12:08:44,042|base_page.py[line:67] INFO:Had find the element ' Select one...
Sr.
Jr.
II
III
IV
M.D.
D.D.S.
Ph.D.
et al
et ux
Trustee ' successful by xpath via value: //select[@name='suffix'] 
2020-06-17 12:08:44,674|base_page.py[line:67] INFO:Had find the element ' Save ' successful by xpath via value: //button[text()='Save'] 
2020-06-17 12:08:44,768|base_page.py[line:156] INFO:The element ' Save ' was clicked.
2020-06-17 12:08:47,302|base_page.py[line:67] INFO:Had find the element ' Entity Individual: updated successfully. ' successful by xpath via value: //div[@role='alert'] 
2020-06-17 12:08:47,872|base_page.py[line:67] INFO:Had find the element ' Actions ' successful by xpath via value: //div[@class='btn-toolbar']/button[text()='Actions '] 
2020-06-17 12:08:47,964|base_page.py[line:156] INFO:The element ' Actions ' was clicked.
2020-06-17 12:08:48,503|base_page.py[line:67] INFO:Had find the element ' Edit ' successful by xpath via value: //div[@class='btn-toolbar show']/ul//a[text()='Edit'] 
2020-06-17 12:08:48,632|base_page.py[line:156] INFO:The element ' Edit ' was clicked.
2020-06-17 12:08:49,170|base_page.py[line:67] INFO:Had find the element ' Select one...
Person
Organization ' successful by xpath via value: //select[@name='typeName'] 
2020-06-17 12:08:49,293|base_page.py[line:156] INFO:The element ' Select one...
Person
Organization ' was clicked.
2020-06-17 12:08:49,823|base_page.py[line:67] INFO:Had find the element ' Select one...
Person
Organization ' successful by xpath via value: //select[@name='typeName'] 
2020-06-17 12:08:50,453|base_page.py[line:67] INFO:Had find the element ' Select one...
Company
Government
Trust/Estate ' successful by xpath via value: //select[@name='entityClass'] 
2020-06-17 12:08:50,583|base_page.py[line:156] INFO:The element ' Select one...
Company
Government
Trust/Estate ' was clicked.
2020-06-17 12:08:51,108|base_page.py[line:67] INFO:Had find the element ' Select one...
Company
Government
Trust/Estate ' successful by xpath via value: //select[@name='entityClass'] 
2020-06-17 12:08:51,780|base_page.py[line:67] INFO:Had find the element '  ' successful by xpath via value: //input[@name='organizationName'] 
2020-06-17 12:08:51,906|base_page.py[line:156] INFO:The element '  ' was clicked.
2020-06-17 12:08:52,449|base_page.py[line:67] INFO:Had find the element '  ' successful by xpath via value: //input[@name='organizationName'] 
2020-06-17 12:08:53,039|base_page.py[line:67] INFO:Had find the element '  ' successful by xpath via value: //input[@name='organizationName'] 
2020-06-17 12:08:53,600|base_page.py[line:67] INFO:Had find the element '  ' successful by xpath via value: //input[@name='organizationName'] 
2020-06-17 12:08:53,802|base_page.py[line:134] INFO:Had type ' Government ' in inputBox
2020-06-17 12:08:54,366|base_page.py[line:67] INFO:Had find the element ' Select one...
Federal
State
County
City
State Higher Education ' successful by xpath via value: //select[@name='subClassName'] 
2020-06-17 12:08:54,468|base_page.py[line:156] INFO:The element ' Select one...
Federal
State
County
City
State Higher Education ' was clicked.
2020-06-17 12:08:55,004|base_page.py[line:67] INFO:Had find the element ' Select one...
Federal
State
County
City
State Higher Education ' successful by xpath via value: //select[@name='subClassName'] 
2020-06-17 12:08:55,723|base_page.py[line:67] INFO:Had find the element ' Select one...
AK
AL
AR
AZ
CA
CO
CT
DC
DE
FL
GA
HI
IA
ID
IL
IN
KS
KY
LA
MA
MD
ME
MI
MN
MO
MS
MT
NC
ND
NE
NH
NJ
NM
NV
NY
OH
OK
OR
PA
RI
SC
SD
TN
TX
UT
VA
VT
WA
WI
WV
WY
ON
NL
BC ' successful by xpath via value: //select[@name='stateOfIncorporation'] 
2020-06-17 12:08:56,008|base_page.py[line:156] INFO:The element ' Select one...
AK
AL
AR
AZ
CA
CO
CT
DC
DE
FL
GA
HI
IA
ID
IL
IN
KS
KY
LA
MA
MD
ME
MI
MN
MO
MS
MT
NC
ND
NE
NH
NJ
NM
NV
NY
OH
OK
OR
PA
RI
SC
SD
TN
TX
UT
VA
VT
WA
WI
WV
WY
ON
NL
BC ' was clicked.
2020-06-17 12:08:56,610|base_page.py[line:67] INFO:Had find the element ' Select one...
AK
AL
AR
AZ
CA
CO
CT
DC
DE
FL
GA
HI
IA
ID
IL
IN
KS
KY
LA
MA
MD
ME
MI
MN
MO
MS
MT
NC
ND
NE
NH
NJ
NM
NV
NY
OH
OK
OR
PA
RI
SC
SD
TN
TX
UT
VA
VT
WA
WI
WV
WY
ON
NL
BC ' successful by xpath via value: //select[@name='stateOfIncorporation'] 
2020-06-17 12:08:57,255|base_page.py[line:67] INFO:Had find the element ' Save ' successful by xpath via value: //button[text()='Save'] 
2020-06-17 12:08:57,350|base_page.py[line:156] INFO:The element ' Save ' was clicked.
2020-06-17 12:08:59,893|base_page.py[line:67] INFO:Had find the element ' Entity Government: updated successfully. ' successful by xpath via value: //div[@role='alert'] 
2020-06-17 12:09:00,465|base_page.py[line:67] INFO:Had find the element ' Actions ' successful by xpath via value: //div[@class='btn-toolbar']/button[text()='Actions '] 
2020-06-17 12:09:00,541|base_page.py[line:156] INFO:The element ' Actions ' was clicked.
2020-06-17 12:09:01,092|base_page.py[line:67] INFO:Had find the element ' Edit ' successful by xpath via value: //div[@class='btn-toolbar show']/ul//a[text()='Edit'] 
2020-06-17 12:09:01,232|base_page.py[line:156] INFO:The element ' Edit ' was clicked.
2020-06-17 12:09:01,775|base_page.py[line:67] INFO:Had find the element ' Select one...
Person
Organization ' successful by xpath via value: //select[@name='typeName'] 
2020-06-17 12:09:01,893|base_page.py[line:156] INFO:The element ' Select one...
Person
Organization ' was clicked.
2020-06-17 12:09:02,419|base_page.py[line:67] INFO:Had find the element ' Select one...
Person
Organization ' successful by xpath via value: //select[@name='typeName'] 
2020-06-17 12:09:03,070|base_page.py[line:67] INFO:Had find the element ' Select one...
Sole Proprietor
Individual
Household ' successful by xpath via value: //select[@name='entityClass'] 
2020-06-17 12:09:03,188|base_page.py[line:156] INFO:The element ' Select one...
Sole Proprietor
Individual
Household ' was clicked.
2020-06-17 12:09:03,736|base_page.py[line:67] INFO:Had find the element ' Select one...
Sole Proprietor
Individual
Household ' successful by xpath via value: //select[@name='entityClass'] 
2020-06-17 12:09:04,395|base_page.py[line:67] INFO:Had find the element ' Select one...
Mr.
Mrs.
Ms.
Miss
Dr.
Rev.
N/A ' successful by xpath via value: //select[@name='salutation'] 
2020-06-17 12:09:04,529|base_page.py[line:156] INFO:The element ' Select one...
Mr.
Mrs.
Ms.
Miss
Dr.
Rev.
N/A ' was clicked.
2020-06-17 12:09:05,059|base_page.py[line:67] INFO:Had find the element ' Select one...
Mr.
Mrs.
Ms.
Miss
Dr.
Rev.
N/A ' successful by xpath via value: //select[@name='salutation'] 
2020-06-17 12:09:05,687|base_page.py[line:67] INFO:Had find the element '  ' successful by xpath via value: //input[@name='firstName'] 
2020-06-17 12:09:05,833|base_page.py[line:156] INFO:The element '  ' was clicked.
2020-06-17 12:09:06,376|base_page.py[line:67] INFO:Had find the element '  ' successful by xpath via value: //input[@name='firstName'] 
2020-06-17 12:09:06,932|base_page.py[line:67] INFO:Had find the element '  ' successful by xpath via value: //input[@name='firstName'] 
2020-06-17 12:09:07,492|base_page.py[line:67] INFO:Had find the element '  ' successful by xpath via value: //input[@name='firstName'] 
2020-06-17 12:09:07,772|base_page.py[line:134] INFO:Had type ' Sole Proprietor ' in inputBox
2020-06-17 12:09:08,336|base_page.py[line:67] INFO:Had find the element '  ' successful by xpath via value: //input[@name='lastName'] 
2020-06-17 12:09:08,410|base_page.py[line:156] INFO:The element '  ' was clicked.
2020-06-17 12:09:08,946|base_page.py[line:67] INFO:Had find the element '  ' successful by xpath via value: //input[@name='lastName'] 
2020-06-17 12:09:09,541|base_page.py[line:67] INFO:Had find the element '  ' successful by xpath via value: //input[@name='lastName'] 
2020-06-17 12:09:10,094|base_page.py[line:67] INFO:Had find the element '  ' successful by xpath via value: //input[@name='lastName'] 
2020-06-17 12:09:10,343|base_page.py[line:134] INFO:Had type ' Sole Proprietor ' in inputBox
2020-06-17 12:09:10,912|base_page.py[line:67] INFO:Had find the element ' Select one...
Sr.
Jr.
II
III
IV
M.D.
D.D.S.
Ph.D.
et al
et ux
Trustee ' successful by xpath via value: //select[@name='suffix'] 
2020-06-17 12:09:11,029|base_page.py[line:156] INFO:The element ' Select one...
Sr.
Jr.
II
III
IV
M.D.
D.D.S.
Ph.D.
et al
et ux
Trustee ' was clicked.
2020-06-17 12:09:11,560|base_page.py[line:67] INFO:Had find the element ' Select one...
Sr.
Jr.
II
III
IV
M.D.
D.D.S.
Ph.D.
et al
et ux
Trustee ' successful by xpath via value: //select[@name='suffix'] 
2020-06-17 12:09:12,191|base_page.py[line:67] INFO:Had find the element ' Save ' successful by xpath via value: //button[text()='Save'] 
2020-06-17 12:09:12,281|base_page.py[line:156] INFO:The element ' Save ' was clicked.
2020-06-17 12:09:14,838|base_page.py[line:67] INFO:Had find the element ' Entity Sole Proprietor: updated successfully. ' successful by xpath via value: //div[@role='alert'] 
2020-06-17 12:09:15,388|base_page.py[line:67] INFO:Had find the element ' Actions ' successful by xpath via value: //div[@class='btn-toolbar']/button[text()='Actions '] 
2020-06-17 12:09:15,478|base_page.py[line:156] INFO:The element ' Actions ' was clicked.
2020-06-17 12:09:16,011|base_page.py[line:67] INFO:Had find the element ' Edit ' successful by xpath via value: //div[@class='btn-toolbar show']/ul//a[text()='Edit'] 
2020-06-17 12:09:16,125|base_page.py[line:156] INFO:The element ' Edit ' was clicked.
2020-06-17 12:09:16,661|base_page.py[line:67] INFO:Had find the element ' Select one...
Person
Organization ' successful by xpath via value: //select[@name='typeName'] 
2020-06-17 12:09:16,786|base_page.py[line:156] INFO:The element ' Select one...
Person
Organization ' was clicked.
2020-06-17 12:09:17,315|base_page.py[line:67] INFO:Had find the element ' Select one...
Person
Organization ' successful by xpath via value: //select[@name='typeName'] 
2020-06-17 12:09:17,992|base_page.py[line:67] INFO:Had find the element ' Select one...
Company
Government
Trust/Estate ' successful by xpath via value: //select[@name='entityClass'] 
2020-06-17 12:09:18,113|base_page.py[line:156] INFO:The element ' Select one...
Company
Government
Trust/Estate ' was clicked.
2020-06-17 12:09:18,665|base_page.py[line:67] INFO:Had find the element ' Select one...
Company
Government
Trust/Estate ' successful by xpath via value: //select[@name='entityClass'] 
2020-06-17 12:09:19,322|base_page.py[line:67] INFO:Had find the element '  ' successful by xpath via value: //input[@name='organizationName'] 
2020-06-17 12:09:19,444|base_page.py[line:156] INFO:The element '  ' was clicked.
2020-06-17 12:09:19,975|base_page.py[line:67] INFO:Had find the element '  ' successful by xpath via value: //input[@name='organizationName'] 
2020-06-17 12:09:20,544|base_page.py[line:67] INFO:Had find the element '  ' successful by xpath via value: //input[@name='organizationName'] 
2020-06-17 12:09:21,113|base_page.py[line:67] INFO:Had find the element '  ' successful by xpath via value: //input[@name='organizationName'] 
2020-06-17 12:09:21,329|base_page.py[line:134] INFO:Had type ' Company ' in inputBox
2020-06-17 12:09:21,901|base_page.py[line:67] INFO:Had find the element ' Select one...
Incorporated
Limited Liability Company
Limited Liability Partnership
Limited Partnership
General Partnership ' successful by xpath via value: //select[@name='subClassName'] 
2020-06-17 12:09:22,013|base_page.py[line:156] INFO:The element ' Select one...
Incorporated
Limited Liability Company
Limited Liability Partnership
Limited Partnership
General Partnership ' was clicked.
2020-06-17 12:09:22,560|base_page.py[line:67] INFO:Had find the element ' Select one...
Incorporated
Limited Liability Company
Limited Liability Partnership
Limited Partnership
General Partnership ' successful by xpath via value: //select[@name='subClassName'] 
2020-06-17 12:09:23,256|base_page.py[line:67] INFO:Had find the element ' Select one...
AK
AL
AR
AZ
CA
CO
CT
DC
DE
FL
GA
HI
IA
ID
IL
IN
KS
KY
LA
MA
MD
ME
MI
MN
MO
MS
MT
NC
ND
NE
NH
NJ
NM
NV
NY
OH
OK
OR
PA
RI
SC
SD
TN
TX
UT
VA
VT
WA
WI
WV
WY
ON
NL
BC ' successful by xpath via value: //select[@name='stateOfIncorporation'] 
2020-06-17 12:09:23,430|base_page.py[line:156] INFO:The element ' Select one...
AK
AL
AR
AZ
CA
CO
CT
DC
DE
FL
GA
HI
IA
ID
IL
IN
KS
KY
LA
MA
MD
ME
MI
MN
MO
MS
MT
NC
ND
NE
NH
NJ
NM
NV
NY
OH
OK
OR
PA
RI
SC
SD
TN
TX
UT
VA
VT
WA
WI
WV
WY
ON
NL
BC ' was clicked.
2020-06-17 12:09:24,024|base_page.py[line:67] INFO:Had find the element ' Select one...
AK
AL
AR
AZ
CA
CO
CT
DC
DE
FL
GA
HI
IA
ID
IL
IN
KS
KY
LA
MA
MD
ME
MI
MN
MO
MS
MT
NC
ND
NE
NH
NJ
NM
NV
NY
OH
OK
OR
PA
RI
SC
SD
TN
TX
UT
VA
VT
WA
WI
WV
WY
ON
NL
BC ' successful by xpath via value: //select[@name='stateOfIncorporation'] 
2020-06-17 12:09:24,652|base_page.py[line:67] INFO:Had find the element ' Save ' successful by xpath via value: //button[text()='Save'] 
2020-06-17 12:09:24,738|base_page.py[line:156] INFO:The element ' Save ' was clicked.
2020-06-17 12:09:27,270|base_page.py[line:67] INFO:Had find the element ' Entity Company: updated successfully. ' successful by xpath via value: //div[@role='alert'] 
2020-06-17 12:09:27,817|base_page.py[line:67] INFO:Had find the element ' Actions ' successful by xpath via value: //div[@class='btn-toolbar']/button[text()='Actions '] 
2020-06-17 12:09:27,884|base_page.py[line:156] INFO:The element ' Actions ' was clicked.
2020-06-17 12:09:28,404|base_page.py[line:67] INFO:Had find the element ' Edit ' successful by xpath via value: //div[@class='btn-toolbar show']/ul//a[text()='Edit'] 
2020-06-17 12:09:28,511|base_page.py[line:156] INFO:The element ' Edit ' was clicked.
2020-06-17 12:09:29,046|base_page.py[line:67] INFO:Had find the element ' Select one...
Person
Organization ' successful by xpath via value: //select[@name='typeName'] 
2020-06-17 12:09:29,171|base_page.py[line:156] INFO:The element ' Select one...
Person
Organization ' was clicked.
2020-06-17 12:09:29,694|base_page.py[line:67] INFO:Had find the element ' Select one...
Person
Organization ' successful by xpath via value: //select[@name='typeName'] 
2020-06-17 12:09:30,319|base_page.py[line:67] INFO:Had find the element ' Select one...
Sole Proprietor
Individual
Household ' successful by xpath via value: //select[@name='entityClass'] 
2020-06-17 12:09:30,452|base_page.py[line:156] INFO:The element ' Select one...
Sole Proprietor
Individual
Household ' was clicked.
2020-06-17 12:09:30,984|base_page.py[line:67] INFO:Had find the element ' Select one...
Sole Proprietor
Individual
Household ' successful by xpath via value: //select[@name='entityClass'] 
2020-06-17 12:09:31,622|base_page.py[line:67] INFO:Had find the element '  ' successful by xpath via value: //input[@name='fullName'] 
2020-06-17 12:09:31,735|base_page.py[line:156] INFO:The element '  ' was clicked.
2020-06-17 12:09:32,262|base_page.py[line:67] INFO:Had find the element '  ' successful by xpath via value: //input[@name='fullName'] 
2020-06-17 12:09:32,830|base_page.py[line:67] INFO:Had find the element '  ' successful by xpath via value: //input[@name='fullName'] 
2020-06-17 12:09:33,420|base_page.py[line:67] INFO:Had find the element '  ' successful by xpath via value: //input[@name='fullName'] 
2020-06-17 12:09:33,576|base_page.py[line:134] INFO:Had type ' Household ' in inputBox
2020-06-17 12:09:34,135|base_page.py[line:67] INFO:Had find the element '  ' successful by xpath via value: //input[@name='soundEx'] 
2020-06-17 12:09:34,204|base_page.py[line:156] INFO:The element '  ' was clicked.
2020-06-17 12:09:34,737|base_page.py[line:67] INFO:Had find the element '  ' successful by xpath via value: //input[@name='soundEx'] 
2020-06-17 12:09:35,308|base_page.py[line:67] INFO:Had find the element '  ' successful by xpath via value: //input[@name='soundEx'] 
2020-06-17 12:09:35,887|base_page.py[line:67] INFO:Had find the element '  ' successful by xpath via value: //input[@name='soundEx'] 
2020-06-17 12:09:36,119|base_page.py[line:134] INFO:Had type ' Default sort ' in inputBox
2020-06-17 12:09:36,661|base_page.py[line:67] INFO:Had find the element ' Save ' successful by xpath via value: //button[text()='Save'] 
2020-06-17 12:09:36,733|base_page.py[line:156] INFO:The element ' Save ' was clicked.
2020-06-17 12:09:39,261|base_page.py[line:67] INFO:Had find the element ' Entity Household: updated successfully. ' successful by xpath via value: //div[@role='alert'] 
2020-06-17 12:09:39,792|base_page.py[line:67] INFO:Had find the element ' Actions ' successful by xpath via value: //div[@class='btn-toolbar']/button[text()='Actions '] 
2020-06-17 12:09:39,854|base_page.py[line:156] INFO:The element ' Actions ' was clicked.
2020-06-17 12:09:40,395|base_page.py[line:67] INFO:Had find the element ' Edit ' successful by xpath via value: //div[@class='btn-toolbar show']/ul//a[text()='Edit'] 
2020-06-17 12:09:40,511|base_page.py[line:156] INFO:The element ' Edit ' was clicked.
2020-06-17 12:09:41,109|base_page.py[line:67] INFO:Had find the element ' Select one...
Person
Organization ' successful by xpath via value: //select[@name='typeName'] 
2020-06-17 12:09:41,266|base_page.py[line:156] INFO:The element ' Select one...
Person
Organization ' was clicked.
2020-06-17 12:09:41,920|base_page.py[line:67] INFO:Had find the element ' Select one...
Person
Organization ' successful by xpath via value: //select[@name='typeName'] 
2020-06-17 12:09:42,594|base_page.py[line:67] INFO:Had find the element ' Select one...
Company
Government
Trust/Estate ' successful by xpath via value: //select[@name='entityClass'] 
2020-06-17 12:09:42,716|base_page.py[line:156] INFO:The element ' Select one...
Company
Government
Trust/Estate ' was clicked.
2020-06-17 12:09:43,256|base_page.py[line:67] INFO:Had find the element ' Select one...
Company
Government
Trust/Estate ' successful by xpath via value: //select[@name='entityClass'] 
2020-06-17 12:09:43,913|base_page.py[line:67] INFO:Had find the element '  ' successful by xpath via value: //input[@name='organizationName'] 
2020-06-17 12:09:44,025|base_page.py[line:156] INFO:The element '  ' was clicked.
2020-06-17 12:09:44,567|base_page.py[line:67] INFO:Had find the element '  ' successful by xpath via value: //input[@name='organizationName'] 
2020-06-17 12:09:45,137|base_page.py[line:67] INFO:Had find the element '  ' successful by xpath via value: //input[@name='organizationName'] 
2020-06-17 12:09:45,702|base_page.py[line:67] INFO:Had find the element '  ' successful by xpath via value: //input[@name='organizationName'] 
2020-06-17 12:09:45,987|base_page.py[line:134] INFO:Had type '  Trust/Estate ' in inputBox
2020-06-17 12:09:46,581|base_page.py[line:67] INFO:Had find the element ' Select one...
AK
AL
AR
AZ
CA
CO
CT
DC
DE
FL
GA
HI
IA
ID
IL
IN
KS
KY
LA
MA
MD
ME
MI
MN
MO
MS
MT
NC
ND
NE
NH
NJ
NM
NV
NY
OH
OK
OR
PA
RI
SC
SD
TN
TX
UT
VA
VT
WA
WI
WV
WY
ON
NL
BC ' successful by xpath via value: //select[@name='stateOfIncorporation'] 
2020-06-17 12:09:46,733|base_page.py[line:156] INFO:The element ' Select one...
AK
AL
AR
AZ
CA
CO
CT
DC
DE
FL
GA
HI
IA
ID
IL
IN
KS
KY
LA
MA
MD
ME
MI
MN
MO
MS
MT
NC
ND
NE
NH
NJ
NM
NV
NY
OH
OK
OR
PA
RI
SC
SD
TN
TX
UT
VA
VT
WA
WI
WV
WY
ON
NL
BC ' was clicked.
2020-06-17 12:09:47,336|base_page.py[line:67] INFO:Had find the element ' Select one...
AK
AL
AR
AZ
CA
CO
CT
DC
DE
FL
GA
HI
IA
ID
IL
IN
KS
KY
LA
MA
MD
ME
MI
MN
MO
MS
MT
NC
ND
NE
NH
NJ
NM
NV
NY
OH
OK
OR
PA
RI
SC
SD
TN
TX
UT
VA
VT
WA
WI
WV
WY
ON
NL
BC ' successful by xpath via value: //select[@name='stateOfIncorporation'] 
2020-06-17 12:09:47,989|base_page.py[line:67] INFO:Had find the element ' Save ' successful by xpath via value: //button[text()='Save'] 
2020-06-17 12:09:48,083|base_page.py[line:156] INFO:The element ' Save ' was clicked.
2020-06-17 12:09:50,643|base_page.py[line:67] INFO:Had find the element ' Entity Trust/Estate: updated successfully. ' successful by xpath via value: //div[@role='alert'] 
2020-06-17 12:09:51,199|base_page.py[line:67] INFO:Had find the element ' CUSTOMERS ' successful by id via value: customers 
2020-06-17 12:09:51,287|base_page.py[line:156] INFO:The element ' CUSTOMERS ' was clicked.
2020-06-17 12:09:51,812|base_page.py[line:222] INFO:Had find the elements successful by xpath via value: //ul[@class='dropdown-menu multi-level show']/li/a 
2020-06-17 12:09:52,378|base_page.py[line:67] INFO:Had find the element ' New ' successful by xpath via value: //ul[@class='dropdown-menu multi-level show']/li[2]/a 
2020-06-17 12:09:52,499|base_page.py[line:156] INFO:The element ' New ' was clicked.
2020-06-17 12:09:52,499|topMenu.py[line:69] INFO:second_menu: New
2020-06-17 12:09:53,034|base_page.py[line:67] INFO:Had find the element ' Select one...
Person
Organization ' successful by xpath via value: //select[@name='typeName'] 
2020-06-17 12:09:53,175|base_page.py[line:156] INFO:The element ' Select one...
Person
Organization ' was clicked.
2020-06-17 12:09:53,719|base_page.py[line:67] INFO:Had find the element ' Select one...
Person
Organization ' successful by xpath via value: //select[@name='typeName'] 
2020-06-17 12:09:54,360|base_page.py[line:67] INFO:Had find the element ' Select one...
Sole Proprietor
Individual
Household ' successful by xpath via value: //select[@name='entityClass'] 
2020-06-17 12:09:54,504|base_page.py[line:156] INFO:The element ' Select one...
Sole Proprietor
Individual
Household ' was clicked.
2020-06-17 12:09:55,050|base_page.py[line:67] INFO:Had find the element ' Select one...
Sole Proprietor
Individual
Household ' successful by xpath via value: //select[@name='entityClass'] 
2020-06-17 12:09:55,744|base_page.py[line:67] INFO:Had find the element ' Select one...
Mr.
Mrs.
Ms.
Miss
Dr.
Rev.
N/A ' successful by xpath via value: //form[@class='ie-fix-flex']/div[1]//select[@name='salutation'] 
2020-06-17 12:09:55,899|base_page.py[line:156] INFO:The element ' Select one...
Mr.
Mrs.
Ms.
Miss
Dr.
Rev.
N/A ' was clicked.
2020-06-17 12:09:56,456|base_page.py[line:67] INFO:Had find the element ' Select one...
Mr.
Mrs.
Ms.
Miss
Dr.
Rev.
N/A ' successful by xpath via value: //form[@class='ie-fix-flex']/div[1]//select[@name='salutation'] 
2020-06-17 12:09:57,120|base_page.py[line:67] INFO:Had find the element '  ' successful by xpath via value: //form[@class='ie-fix-flex']/div[1]//input[@name='firstName'] 
2020-06-17 12:09:57,401|base_page.py[line:134] INFO:Had type ' First ' in inputBox
2020-06-17 12:09:57,960|base_page.py[line:67] INFO:Had find the element '  ' successful by xpath via value: //form[@class='ie-fix-flex']/div[1]//input[@name='lastName'] 
2020-06-17 12:09:58,101|base_page.py[line:134] INFO:Had type ' Last ' in inputBox
2020-06-17 12:09:58,676|base_page.py[line:67] INFO:Had find the element ' Select one...
Sr.
Jr.
II
III
IV
M.D.
D.D.S.
Ph.D.
et al
et ux
Trustee ' successful by xpath via value: //form[@class='ie-fix-flex']/div[1]//select[@name='suffix'] 
2020-06-17 12:09:58,793|base_page.py[line:156] INFO:The element ' Select one...
Sr.
Jr.
II
III
IV
M.D.
D.D.S.
Ph.D.
et al
et ux
Trustee ' was clicked.
2020-06-17 12:09:59,353|base_page.py[line:67] INFO:Had find the element ' Select one...
Sr.
Jr.
II
III
IV
M.D.
D.D.S.
Ph.D.
et al
et ux
Trustee ' successful by xpath via value: //form[@class='ie-fix-flex']/div[1]//select[@name='suffix'] 
2020-06-17 12:09:59,982|base_page.py[line:67] INFO:Had find the element '  ' successful by xpath via value: //form[@class='ie-fix-flex']/div[2]//div[@class='col-md-8']/div[1]//input[@name='firstName'] 
2020-06-17 12:10:00,309|base_page.py[line:134] INFO:Had type ' contact2 ' in inputBox
2020-06-17 12:10:00,872|base_page.py[line:67] INFO:Had find the element '  ' successful by xpath via value: //form[@class='ie-fix-flex']/div[2]//div[@class='col-md-8']/div[1]//input[@name='lastName'] 
2020-06-17 12:10:01,071|base_page.py[line:134] INFO:Had type ' contact2 ' in inputBox
2020-06-17 12:10:01,667|base_page.py[line:67] INFO:Had find the element ' Select one...
Accountant
Administrator
Agent
Analyst
Assistant
Associate
Bookkeeper
Clerk
Compliance
Consultant
Controller
Coordinator
CPA
Engineer
Executive
Geologist
Judge
Manager
Managing Member
Operator
Owner
Partner
Representative
Self
Specialist
Spouse
Supervisor
Technologist
Trustee
Unknown
BAN Contact
RRAC Contact
President ' successful by xpath via value: //div[@class='col-md-8']/div[1]//select[@name='contactRole'] 
2020-06-17 12:10:01,821|base_page.py[line:156] INFO:The element ' Select one...
Accountant
Administrator
Agent
Analyst
Assistant
Associate
Bookkeeper
Clerk
Compliance
Consultant
Controller
Coordinator
CPA
Engineer
Executive
Geologist
Judge
Manager
Managing Member
Operator
Owner
Partner
Representative
Self
Specialist
Spouse
Supervisor
Technologist
Trustee
Unknown
BAN Contact
RRAC Contact
President ' was clicked.
2020-06-17 12:10:02,412|base_page.py[line:67] INFO:Had find the element ' Select one...
Accountant
Administrator
Agent
Analyst
Assistant
Associate
Bookkeeper
Clerk
Compliance
Consultant
Controller
Coordinator
CPA
Engineer
Executive
Geologist
Judge
Manager
Managing Member
Operator
Owner
Partner
Representative
Self
Specialist
Spouse
Supervisor
Technologist
Trustee
Unknown
BAN Contact
RRAC Contact
President ' successful by xpath via value: //div[@class='col-md-8']/div[1]//select[@name='contactRole'] 
2020-06-17 12:10:03,064|base_page.py[line:67] INFO:Had find the element ' Select one...
Personal
Business
Company
Government
Unknown ' successful by xpath via value: //div[@class='col-md-8']/div[1]//select[@name='emailType'] 
2020-06-17 12:10:03,178|base_page.py[line:156] INFO:The element ' Select one...
Personal
Business
Company
Government
Unknown ' was clicked.
2020-06-17 12:10:03,735|base_page.py[line:67] INFO:Had find the element ' Select one...
Personal
Business
Company
Government
Unknown ' successful by xpath via value: //div[@class='col-md-8']/div[1]//select[@name='emailType'] 
2020-06-17 12:10:04,418|base_page.py[line:67] INFO:Had find the element '  ' successful by xpath via value: //div[@class='col-md-8']/div[1]//input[@name='emailAddress'] 
2020-06-17 12:10:04,779|base_page.py[line:134] INFO:Had type ' test@qq.com ' in inputBox
2020-06-17 12:10:05,339|base_page.py[line:67] INFO:Had find the element '  ' successful by xpath via value: //div[@class='col-md-8']/div[1]//div[@class='card-body bg-light']/div[1]//input[@name='areaCode'] 
2020-06-17 12:10:05,475|base_page.py[line:134] INFO:Had type ' 111 ' in inputBox
2020-06-17 12:10:06,030|base_page.py[line:67] INFO:Had find the element '  ' successful by xpath via value: //div[@class='col-md-8']/div[1]//div[@class='card-body bg-light']/div[1]//input[@name='phone'] 
2020-06-17 12:10:06,237|base_page.py[line:134] INFO:Had type ' 1111111 ' in inputBox
2020-06-17 12:10:06,803|base_page.py[line:67] INFO:Had find the element ' Select one...
Cell
Fax
Home
Office
Other
Unknown ' successful by xpath via value: //div[@class='col-md-8']/div[1]//div[@class='card-body bg-light']/div[1]//select[@name='phoneType'] 
2020-06-17 12:10:06,915|base_page.py[line:156] INFO:The element ' Select one...
Cell
Fax
Home
Office
Other
Unknown ' was clicked.
2020-06-17 12:10:07,452|base_page.py[line:67] INFO:Had find the element ' Select one...
Cell
Fax
Home
Office
Other
Unknown ' successful by xpath via value: //div[@class='col-md-8']/div[1]//div[@class='card-body bg-light']/div[1]//select[@name='phoneType'] 
2020-06-17 12:10:08,111|base_page.py[line:67] INFO:Had find the element ' Add Phone 2 ' successful by xpath via value: //div[@class='col-md-8']/div[1]//p[text()='Phone 2'] 
2020-06-17 12:10:08,246|base_page.py[line:156] INFO:The element ' Add Phone 2 ' was clicked.
2020-06-17 12:10:08,795|base_page.py[line:67] INFO:Had find the element '  ' successful by xpath via value: //div[@class='col-md-8']/div[1]//div[@class='card-body bg-light']/div[3]//input[@name='areaCode'] 
2020-06-17 12:10:08,982|base_page.py[line:134] INFO:Had type ' 222 ' in inputBox
2020-06-17 12:10:09,541|base_page.py[line:67] INFO:Had find the element '  ' successful by xpath via value: //div[@class='col-md-8']/div[1]//div[@class='card-body bg-light']/div[3]//input[@name='phone'] 
2020-06-17 12:10:09,731|base_page.py[line:134] INFO:Had type ' 2222222 ' in inputBox
2020-06-17 12:10:10,273|base_page.py[line:67] INFO:Had find the element ' Select one...
Cell
Fax
Home
Office
Other
Unknown ' successful by xpath via value: //div[@class='col-md-8']/div[1]//div[@class='card-body bg-light']/div[3]//select[@name='phoneType'] 
2020-06-17 12:10:10,414|base_page.py[line:156] INFO:The element ' Select one...
Cell
Fax
Home
Office
Other
Unknown ' was clicked.
2020-06-17 12:10:10,974|base_page.py[line:67] INFO:Had find the element ' Select one...
Cell
Fax
Home
Office
Other
Unknown ' successful by xpath via value: //div[@class='col-md-8']/div[1]//div[@class='card-body bg-light']/div[3]//select[@name='phoneType'] 
2020-06-17 12:10:11,592|base_page.py[line:67] INFO:Had find the element ' Add Phone 3 ' successful by xpath via value: //div[@class='col-md-8']/div[1]//p[text()='Phone 3'] 
2020-06-17 12:10:11,713|base_page.py[line:156] INFO:The element ' Add Phone 3 ' was clicked.
2020-06-17 12:10:12,328|base_page.py[line:67] INFO:Had find the element '  ' successful by xpath via value: //div[@class='col-md-8']/div[1]//div[@class='card-body bg-light']/div[5]//input[@name='areaCode'] 
2020-06-17 12:10:12,584|base_page.py[line:134] INFO:Had type ' 333 ' in inputBox
2020-06-17 12:10:13,144|base_page.py[line:67] INFO:Had find the element '  ' successful by xpath via value: //div[@class='col-md-8']/div[1]//div[@class='card-body bg-light']/div[5]//input[@name='phone'] 
2020-06-17 12:10:13,339|base_page.py[line:134] INFO:Had type ' 3333333 ' in inputBox
2020-06-17 12:10:13,900|base_page.py[line:67] INFO:Had find the element ' Select one...
Cell
Fax
Home
Office
Other
Unknown ' successful by xpath via value: //div[@class='col-md-8']/div[1]//div[@class='card-body bg-light']/div[5]//select[@name='phoneType'] 
2020-06-17 12:10:14,031|base_page.py[line:156] INFO:The element ' Select one...
Cell
Fax
Home
Office
Other
Unknown ' was clicked.
2020-06-17 12:10:14,568|base_page.py[line:67] INFO:Had find the element ' Select one...
Cell
Fax
Home
Office
Other
Unknown ' successful by xpath via value: //div[@class='col-md-8']/div[1]//div[@class='card-body bg-light']/div[5]//select[@name='phoneType'] 
2020-06-17 12:10:15,206|base_page.py[line:67] INFO:Had find the element ' Add Contact 2 ' successful by xpath via value: //p[text()='Contact 2'] 
2020-06-17 12:10:15,326|base_page.py[line:156] INFO:The element ' Add Contact 2 ' was clicked.
2020-06-17 12:10:15,886|base_page.py[line:67] INFO:Had find the element '  ' successful by xpath via value: //form[@class='ie-fix-flex']/div[2]//div[@class='col-md-8']/div[3]//input[@name='firstName'] 
2020-06-17 12:10:16,202|base_page.py[line:134] INFO:Had type ' contact2 ' in inputBox
2020-06-17 12:10:16,762|base_page.py[line:67] INFO:Had find the element '  ' successful by xpath via value: //form[@class='ie-fix-flex']/div[2]//div[@class='col-md-8']/div[3]//input[@name='lastName'] 
2020-06-17 12:10:17,069|base_page.py[line:134] INFO:Had type ' contact2 ' in inputBox
2020-06-17 12:10:17,684|base_page.py[line:67] INFO:Had find the element ' Select one...
Accountant
Administrator
Agent
Analyst
Assistant
Associate
Bookkeeper
Clerk
Compliance
Consultant
Controller
Coordinator
CPA
Engineer
Executive
Geologist
Judge
Manager
Managing Member
Operator
Owner
Partner
Representative
Self
Specialist
Spouse
Supervisor
Technologist
Trustee
Unknown
BAN Contact
RRAC Contact
President ' successful by xpath via value: //div[@class='col-md-8']/div[3]//select[@name='contactRole'] 
2020-06-17 12:10:17,847|base_page.py[line:156] INFO:The element ' Select one...
Accountant
Administrator
Agent
Analyst
Assistant
Associate
Bookkeeper
Clerk
Compliance
Consultant
Controller
Coordinator
CPA
Engineer
Executive
Geologist
Judge
Manager
Managing Member
Operator
Owner
Partner
Representative
Self
Specialist
Spouse
Supervisor
Technologist
Trustee
Unknown
BAN Contact
RRAC Contact
President ' was clicked.
2020-06-17 12:10:18,413|base_page.py[line:67] INFO:Had find the element ' Select one...
Accountant
Administrator
Agent
Analyst
Assistant
Associate
Bookkeeper
Clerk
Compliance
Consultant
Controller
Coordinator
CPA
Engineer
Executive
Geologist
Judge
Manager
Managing Member
Operator
Owner
Partner
Representative
Self
Specialist
Spouse
Supervisor
Technologist
Trustee
Unknown
BAN Contact
RRAC Contact
President ' successful by xpath via value: //div[@class='col-md-8']/div[3]//select[@name='contactRole'] 
2020-06-17 12:10:19,069|base_page.py[line:67] INFO:Had find the element ' Select one...
Personal
Business
Company
Government
Unknown ' successful by xpath via value: //div[@class='col-md-8']/div[3]//select[@name='emailType'] 
2020-06-17 12:10:19,210|base_page.py[line:156] INFO:The element ' Select one...
Personal
Business
Company
Government
Unknown ' was clicked.
2020-06-17 12:10:19,764|base_page.py[line:67] INFO:Had find the element ' Select one...
Personal
Business
Company
Government
Unknown ' successful by xpath via value: //div[@class='col-md-8']/div[3]//select[@name='emailType'] 
2020-06-17 12:10:20,403|base_page.py[line:67] INFO:Had find the element '  ' successful by xpath via value: //div[@class='col-md-8']/div[3]//input[@name='emailAddress'] 
2020-06-17 12:10:20,813|base_page.py[line:134] INFO:Had type ' test@qq.com ' in inputBox
2020-06-17 12:10:21,350|base_page.py[line:67] INFO:Had find the element '  ' successful by xpath via value: //div[@class='col-md-8']/div[3]//div[@class='card-body bg-light']/div[1]//input[@name='areaCode'] 
2020-06-17 12:10:21,513|base_page.py[line:134] INFO:Had type ' 111 ' in inputBox
2020-06-17 12:10:22,075|base_page.py[line:67] INFO:Had find the element '  ' successful by xpath via value: //div[@class='col-md-8']/div[3]//div[@class='card-body bg-light']/div[1]//input[@name='phone'] 
2020-06-17 12:10:22,300|base_page.py[line:134] INFO:Had type ' 1111111 ' in inputBox
2020-06-17 12:10:22,869|base_page.py[line:67] INFO:Had find the element ' Select one...
Cell
Fax
Home
Office
Other
Unknown ' successful by xpath via value: //div[@class='col-md-8']/div[3]//div[@class='card-body bg-light']/div[1]//select[@name='phoneType'] 
2020-06-17 12:10:22,975|base_page.py[line:156] INFO:The element ' Select one...
Cell
Fax
Home
Office
Other
Unknown ' was clicked.
2020-06-17 12:10:23,537|base_page.py[line:67] INFO:Had find the element ' Select one...
Cell
Fax
Home
Office
Other
Unknown ' successful by xpath via value: //div[@class='col-md-8']/div[3]//div[@class='card-body bg-light']/div[1]//select[@name='phoneType'] 
2020-06-17 12:10:24,176|base_page.py[line:67] INFO:Had find the element ' Add Phone 2 ' successful by xpath via value: //div[@class='col-md-8']/div[3]//p[text()='Phone 2'] 
2020-06-17 12:10:24,296|base_page.py[line:156] INFO:The element ' Add Phone 2 ' was clicked.
2020-06-17 12:10:24,849|base_page.py[line:67] INFO:Had find the element '  ' successful by xpath via value: //div[@class='col-md-8']/div[3]//div[@class='card-body bg-light']/div[3]//input[@name='areaCode'] 
2020-06-17 12:10:25,080|base_page.py[line:134] INFO:Had type ' 222 ' in inputBox
2020-06-17 12:10:25,644|base_page.py[line:67] INFO:Had find the element '  ' successful by xpath via value: //div[@class='col-md-8']/div[3]//div[@class='card-body bg-light']/div[3]//input[@name='phone'] 
2020-06-17 12:10:25,950|base_page.py[line:134] INFO:Had type ' 2222222 ' in inputBox
2020-06-17 12:10:26,522|base_page.py[line:67] INFO:Had find the element ' Select one...
Cell
Fax
Home
Office
Other
Unknown ' successful by xpath via value: //div[@class='col-md-8']/div[3]//div[@class='card-body bg-light']/div[3]//select[@name='phoneType'] 
2020-06-17 12:10:26,652|base_page.py[line:156] INFO:The element ' Select one...
Cell
Fax
Home
Office
Other
Unknown ' was clicked.
2020-06-17 12:10:27,209|base_page.py[line:67] INFO:Had find the element ' Select one...
Cell
Fax
Home
Office
Other
Unknown ' successful by xpath via value: //div[@class='col-md-8']/div[3]//div[@class='card-body bg-light']/div[3]//select[@name='phoneType'] 
2020-06-17 12:10:27,879|base_page.py[line:67] INFO:Had find the element ' Add Phone 3 ' successful by xpath via value: //div[@class='col-md-8']/div[3]//p[text()='Phone 3'] 
2020-06-17 12:10:28,007|base_page.py[line:156] INFO:The element ' Add Phone 3 ' was clicked.
2020-06-17 12:10:28,576|base_page.py[line:67] INFO:Had find the element '  ' successful by xpath via value: //div[@class='col-md-8']/div[3]//div[@class='card-body bg-light']/div[5]//input[@name='areaCode'] 
2020-06-17 12:10:28,863|base_page.py[line:134] INFO:Had type ' 333 ' in inputBox
2020-06-17 12:10:29,430|base_page.py[line:67] INFO:Had find the element '  ' successful by xpath via value: //div[@class='col-md-8']/div[3]//div[@class='card-body bg-light']/div[5]//input[@name='phone'] 
2020-06-17 12:10:29,664|base_page.py[line:134] INFO:Had type ' 3333333 ' in inputBox
2020-06-17 12:10:30,222|base_page.py[line:67] INFO:Had find the element ' Select one...
Cell
Fax
Home
Office
Other
Unknown ' successful by xpath via value: //div[@class='col-md-8']/div[3]//div[@class='card-body bg-light']/div[5]//select[@name='phoneType'] 
2020-06-17 12:10:30,338|base_page.py[line:156] INFO:The element ' Select one...
Cell
Fax
Home
Office
Other
Unknown ' was clicked.
2020-06-17 12:10:30,907|base_page.py[line:67] INFO:Had find the element ' Select one...
Cell
Fax
Home
Office
Other
Unknown ' successful by xpath via value: //div[@class='col-md-8']/div[3]//div[@class='card-body bg-light']/div[5]//select[@name='phoneType'] 
2020-06-17 12:10:31,681|base_page.py[line:67] INFO:Had find the element ' Add Address ' successful by xpath via value: //p[text()='Address'] 
2020-06-17 12:10:31,945|base_page.py[line:156] INFO:The element ' Add Address ' was clicked.
2020-06-17 12:10:32,517|base_page.py[line:67] INFO:Had find the element '  ' successful by xpath via value: //input[@name='address1'] 
2020-06-17 12:10:32,993|base_page.py[line:134] INFO:Had type ' Address ' in inputBox
2020-06-17 12:10:33,609|base_page.py[line:67] INFO:Had find the element ' Select one...
Consultant
Home
Office
Mailing
Billing-Mineral
Unknown ' successful by xpath via value: //select[@name='addressType'] 
2020-06-17 12:10:33,870|base_page.py[line:156] INFO:The element ' Select one...
Consultant
Home
Office
Mailing
Billing-Mineral
Unknown ' was clicked.
2020-06-17 12:10:34,418|base_page.py[line:67] INFO:Had find the element ' Select one...
Consultant
Home
Office
Mailing
Billing-Mineral
Unknown ' successful by xpath via value: //select[@name='addressType'] 
2020-06-17 12:10:35,124|base_page.py[line:67] INFO:Had find the element '  ' successful by xpath via value: //input[@name='city'] 
2020-06-17 12:10:35,675|base_page.py[line:134] INFO:Had type ' changsha ' in inputBox
2020-06-17 12:10:36,378|base_page.py[line:67] INFO:Had find the element ' Select one...
AK
AL
AR
AZ
CA
CO
CT
DC
DE
FL
GA
HI
IA
ID
IL
IN
KS
KY
LA
MA
MD
ME
MI
MN
MO
MS
MT
NC
ND
NE
NH
NJ
NM
NV
NY
OH
OK
OR
PA
RI
SC
SD
TN
TX
UT
VA
VT
WA
WI
WV
WY
ON
NL
BC ' successful by xpath via value: //select[@name='stateCode'] 
2020-06-17 12:10:36,746|base_page.py[line:156] INFO:The element ' Select one...
AK
AL
AR
AZ
CA
CO
CT
DC
DE
FL
GA
HI
IA
ID
IL
IN
KS
KY
LA
MA
MD
ME
MI
MN
MO
MS
MT
NC
ND
NE
NH
NJ
NM
NV
NY
OH
OK
OR
PA
RI
SC
SD
TN
TX
UT
VA
VT
WA
WI
WV
WY
ON
NL
BC ' was clicked.
2020-06-17 12:10:37,401|base_page.py[line:67] INFO:Had find the element ' Select one...
AK
AL
AR
AZ
CA
CO
CT
DC
DE
FL
GA
HI
IA
ID
IL
IN
KS
KY
LA
MA
MD
ME
MI
MN
MO
MS
MT
NC
ND
NE
NH
NJ
NM
NV
NY
OH
OK
OR
PA
RI
SC
SD
TN
TX
UT
VA
VT
WA
WI
WV
WY
ON
NL
BC ' successful by xpath via value: //select[@name='stateCode'] 
2020-06-17 12:10:38,101|base_page.py[line:67] INFO:Had find the element '  ' successful by xpath via value: //input[@name='postalCode'] 
2020-06-17 12:10:38,603|base_page.py[line:134] INFO:Had type ' 07311 ' in inputBox
2020-06-17 12:10:39,198|base_page.py[line:67] INFO:Had find the element ' Add Identifier ' successful by xpath via value: //p[text()='Identifier'] 
2020-06-17 12:10:39,390|base_page.py[line:156] INFO:The element ' Add Identifier ' was clicked.
2020-06-17 12:10:39,972|base_page.py[line:67] INFO:Had find the element ' Select one...
SSN
Federal EIN
Agency ID
State Tax ID
Internal GLO ID
Unknown ' successful by xpath via value: //select[@name='name'] 
2020-06-17 12:10:40,179|base_page.py[line:156] INFO:The element ' Select one...
SSN
Federal EIN
Agency ID
State Tax ID
Internal GLO ID
Unknown ' was clicked.
2020-06-17 12:10:40,749|base_page.py[line:67] INFO:Had find the element ' Select one...
SSN
Federal EIN
Agency ID
State Tax ID
Internal GLO ID
Unknown ' successful by xpath via value: //select[@name='name'] 
2020-06-17 12:10:41,515|base_page.py[line:67] INFO:Had find the element '  ' successful by xpath via value: //input[@name='identifier'] 
2020-06-17 12:10:42,265|base_page.py[line:134] INFO:Had type ' 999999999 ' in inputBox
2020-06-17 12:10:42,828|base_page.py[line:67] INFO:Had find the element ' Save ' successful by xpath via value: //button[text()='Save'] 
2020-06-17 12:10:43,081|base_page.py[line:156] INFO:The element ' Save ' was clicked.
2020-06-17 12:10:45,618|base_page.py[line:67] INFO:Had find the element ' Entity: First created successfully. ' successful by xpath via value: //div[@role='alert'] 
2020-06-17 12:10:46,172|base_page.py[line:67] INFO:Had find the element ' Actions ' successful by xpath via value: //div[@class='btn-toolbar']/button[text()='Actions '] 
2020-06-17 12:10:46,273|base_page.py[line:156] INFO:The element ' Actions ' was clicked.
2020-06-17 12:10:46,808|base_page.py[line:67] INFO:Had find the element ' Delete ' successful by xpath via value: //div[@class='btn-toolbar show']/ul//a[text()='Delete'] 
2020-06-17 12:10:46,917|base_page.py[line:156] INFO:The element ' Delete ' was clicked.
2020-06-17 12:10:47,456|base_page.py[line:67] INFO:Had find the element ' Yes, delete it! ' successful by xpath via value: //button[text()='Yes, delete it!'] 
2020-06-17 12:10:47,540|base_page.py[line:156] INFO:The element ' Yes, delete it! ' was clicked.
2020-06-17 12:10:50,087|base_page.py[line:67] INFO:Had find the element ' C000088918: deleted successfully. ' successful by xpath via value: //div[@role='alert'] 
2020-06-17 12:11:01,048|base_page.py[line:69] ERROR:TimeoutException: selector by xpath ,value xpath=>//div[@class='card']//li/a[text()='Entity']
2020-06-17 12:11:11,946|base_page.py[line:69] ERROR:TimeoutException: selector by xpath ,value //div[@class='card']//li/a[text()='Entity']
2020-06-17 12:11:11,946|base_page.py[line:122] ERROR:NoSuchElement selector_by: xpath, selector: //div[@class='card']//li/a[text()='Entity'] 
2020-06-17 12:11:23,129|base_page.py[line:224] ERROR:TimeoutException: selector by xpath ,value //div[@class='card']//div//h4
