2020-06-17 10:29:34,697|browser_engine.py[line:27] INFO:You had select Chrome browser.
2020-06-17 10:29:34,697|browser_engine.py[line:29] INFO:The test server url is: https://rr-alamo-dev.azureedge.net/
2020-06-17 10:29:37,417|browser_engine.py[line:44] INFO:Starting Chrome browser.
2020-06-17 10:29:38,550|browser_engine.py[line:58] INFO:Maximize the current window.
2020-06-17 10:29:40,738|browser_engine.py[line:61] INFO:Open url: https://rr-alamo-dev.azureedge.net/
2020-06-17 10:29:51,479|base_page.py[line:69] ERROR:TimeoutException: selector by xpath ,value xpath=>//div[@class='localAccount']//div[@class='intro']/h2
2020-06-17 10:29:52,047|base_page.py[line:67] INFO:Had find the element ' Sign in with your existing account ' successful by xpath via value: //div[@class='localAccount']//div[@class='intro']/h2 
2020-06-17 10:29:52,618|base_page.py[line:67] INFO:Had find the element '  ' successful by id via value: logonIdentifier 
2020-06-17 10:29:52,683|base_page.py[line:144] INFO:Clear text in input box before typing.
2020-06-17 10:29:53,224|base_page.py[line:67] INFO:Had find the element '  ' successful by id via value: logonIdentifier 
2020-06-17 10:29:53,405|base_page.py[line:134] INFO:Had type ' yan.liu@an-chen.com ' in inputBox
2020-06-17 10:29:53,963|base_page.py[line:67] INFO:Had find the element '  ' successful by id via value: password 
2020-06-17 10:29:54,003|base_page.py[line:144] INFO:Clear text in input box before typing.
2020-06-17 10:29:54,528|base_page.py[line:67] INFO:Had find the element '  ' successful by id via value: password 
2020-06-17 10:29:54,710|base_page.py[line:134] INFO:Had type ' Lychan@2012 ' in inputBox
2020-06-17 10:29:55,262|base_page.py[line:67] INFO:Had find the element ' Sign in ' successful by xpath via value: //div[@class='buttons']/button[text()='Sign in'] 
2020-06-17 10:30:05,836|base_page.py[line:69] ERROR:TimeoutException: selector by xpath ,value xpath=>//div[@id='root']//div[@class='content-heading']
2020-06-17 10:30:06,389|base_page.py[line:67] INFO:Had find the element ' Welcome, yanliu ' successful by xpath via value: //div[@id='root']//div[@class='content-heading'] 
2020-06-17 10:30:06,389|login.py[line:41] INFO:login success
2020-06-17 10:30:06,981|base_page.py[line:67] INFO:Had find the element ' CUSTOMERS ' successful by id via value: customers 
2020-06-17 10:30:07,103|base_page.py[line:156] INFO:The element ' CUSTOMERS ' was clicked.
2020-06-17 10:30:07,633|base_page.py[line:222] INFO:Had find the elements successful by xpath via value: //ul[@class='dropdown-menu multi-level show']/li/a 
2020-06-17 10:30:08,224|base_page.py[line:67] INFO:Had find the element ' New ' successful by xpath via value: //ul[@class='dropdown-menu multi-level show']/li[2]/a 
2020-06-17 10:30:08,323|base_page.py[line:156] INFO:The element ' New ' was clicked.
2020-06-17 10:30:08,323|topMenu.py[line:69] INFO:second_menu: New
2020-06-17 10:30:08,898|base_page.py[line:67] INFO:Had find the element ' Select one...
Person
Organization ' successful by xpath via value: //select[@name='typeName'] 
2020-06-17 10:30:09,010|base_page.py[line:156] INFO:The element ' Select one...
Person
Organization ' was clicked.
2020-06-17 10:30:09,537|base_page.py[line:67] INFO:Had find the element ' Select one...
Person
Organization ' successful by xpath via value: //select[@name='typeName'] 
2020-06-17 10:30:10,172|base_page.py[line:67] INFO:Had find the element ' Select one...
Sole Proprietor
Individual
Household ' successful by xpath via value: //select[@name='entityClass'] 
2020-06-17 10:30:10,269|base_page.py[line:156] INFO:The element ' Select one...
Sole Proprietor
Individual
Household ' was clicked.
2020-06-17 10:30:10,794|base_page.py[line:67] INFO:Had find the element ' Select one...
Sole Proprietor
Individual
Household ' successful by xpath via value: //select[@name='entityClass'] 
2020-06-17 10:30:11,504|base_page.py[line:67] INFO:Had find the element ' Select one...
Mr.
Mrs.
Ms.
Miss
Dr.
Rev.
N/A ' successful by xpath via value: //form[@class='ie-fix-flex']/div[1]//select[@name='salutation'] 
2020-06-17 10:30:11,623|base_page.py[line:156] INFO:The element ' Select one...
Mr.
Mrs.
Ms.
Miss
Dr.
Rev.
N/A ' was clicked.
2020-06-17 10:30:12,173|base_page.py[line:67] INFO:Had find the element ' Select one...
Mr.
Mrs.
Ms.
Miss
Dr.
Rev.
N/A ' successful by xpath via value: //form[@class='ie-fix-flex']/div[1]//select[@name='salutation'] 
2020-06-17 10:30:12,831|base_page.py[line:67] INFO:Had find the element '  ' successful by xpath via value: //form[@class='ie-fix-flex']/div[1]//input[@name='firstName'] 
2020-06-17 10:30:13,086|base_page.py[line:134] INFO:Had type ' First ' in inputBox
2020-06-17 10:30:13,652|base_page.py[line:67] INFO:Had find the element '  ' successful by xpath via value: //form[@class='ie-fix-flex']/div[1]//input[@name='lastName'] 
2020-06-17 10:30:13,810|base_page.py[line:134] INFO:Had type ' Last ' in inputBox
2020-06-17 10:30:14,385|base_page.py[line:67] INFO:Had find the element ' Select one...
Sr.
Jr.
II
III
IV
M.D.
D.D.S.
Ph.D.
et al
et ux
Trustee ' successful by xpath via value: //form[@class='ie-fix-flex']/div[1]//select[@name='suffix'] 
2020-06-17 10:30:14,504|base_page.py[line:156] INFO:The element ' Select one...
Sr.
Jr.
II
III
IV
M.D.
D.D.S.
Ph.D.
et al
et ux
Trustee ' was clicked.
2020-06-17 10:30:15,075|base_page.py[line:67] INFO:Had find the element ' Select one...
Sr.
Jr.
II
III
IV
M.D.
D.D.S.
Ph.D.
et al
et ux
Trustee ' successful by xpath via value: //form[@class='ie-fix-flex']/div[1]//select[@name='suffix'] 
2020-06-17 10:30:15,806|base_page.py[line:67] INFO:Had find the element ' Save ' successful by xpath via value: //button[text()='Save'] 
2020-06-17 10:30:15,940|base_page.py[line:156] INFO:The element ' Save ' was clicked.
2020-06-17 10:30:18,476|base_page.py[line:67] INFO:Had find the element ' Entity: First created successfully. ' successful by xpath via value: //div[@role='alert'] 
2020-06-17 10:30:19,005|base_page.py[line:222] INFO:Had find the elements successful by xpath via value: //div[@class='card']//div//h4 
2020-06-17 10:30:19,062|customerRecord.py[line:32] INFO:sectionName Customer Summary not found!
2020-06-17 10:30:29,922|base_page.py[line:69] ERROR:TimeoutException: selector by xpath ,value //div[@class='modal-content']//span[@class='glo-table-pagination']
2020-06-17 10:30:29,922|base_page.py[line:122] ERROR:NoSuchElement selector_by: xpath, selector: //div[@class='modal-content']//span[@class='glo-table-pagination'] 
2020-06-17 10:30:30,441|base_page.py[line:222] INFO:Had find the elements successful by xpath via value: //div[@class='card']//div//h4 
2020-06-17 10:30:30,477|customerRecord.py[line:32] INFO:sectionName Customer Summary not found!
2020-06-17 10:30:41,268|base_page.py[line:69] ERROR:TimeoutException: selector by xpath ,value //select[@name='typeName']
2020-06-17 10:30:41,268|base_page.py[line:122] ERROR:NoSuchElement selector_by: xpath, selector: //select[@name='typeName'] 
2020-06-17 10:30:41,825|base_page.py[line:67] INFO:Had find the element ' Actions ' successful by xpath via value: //div[@class='btn-toolbar']/button[text()='Actions '] 
2020-06-17 10:30:41,934|base_page.py[line:156] INFO:The element ' Actions ' was clicked.
2020-06-17 10:30:42,589|base_page.py[line:67] INFO:Had find the element ' Delete ' successful by xpath via value: //div[@class='btn-toolbar show']/ul//a[text()='Delete'] 
2020-06-17 10:30:42,682|base_page.py[line:156] INFO:The element ' Delete ' was clicked.
2020-06-17 10:30:43,216|base_page.py[line:67] INFO:Had find the element ' Yes, delete it! ' successful by xpath via value: //button[text()='Yes, delete it!'] 
2020-06-17 10:30:43,279|base_page.py[line:156] INFO:The element ' Yes, delete it! ' was clicked.
2020-06-17 10:30:45,882|base_page.py[line:67] INFO:Had find the element ' C000088874: deleted successfully. ' successful by xpath via value: //div[@role='alert'] 
