2020-06-17 09:40:09,414|browser_engine.py[line:27] INFO:You had select Chrome browser.
2020-06-17 09:40:09,414|browser_engine.py[line:29] INFO:The test server url is: https://rr-alamo-dev.azureedge.net/
2020-06-17 09:40:12,236|browser_engine.py[line:44] INFO:Starting Chrome browser.
2020-06-17 09:40:13,371|browser_engine.py[line:58] INFO:Maximize the current window.
2020-06-17 09:40:15,868|browser_engine.py[line:61] INFO:Open url: https://rr-alamo-dev.azureedge.net/
2020-06-17 09:40:26,394|base_page.py[line:69] ERROR:TimeoutException: selector by xpath ,value xpath=>//div[@class='localAccount']//div[@class='intro']/h2
2020-06-17 09:40:26,963|base_page.py[line:67] INFO:Had find the element ' Sign in with your existing account ' successful by xpath via value: //div[@class='localAccount']//div[@class='intro']/h2 
2020-06-17 09:40:27,537|base_page.py[line:67] INFO:Had find the element '  ' successful by id via value: logonIdentifier 
2020-06-17 09:40:27,585|base_page.py[line:144] INFO:Clear text in input box before typing.
2020-06-17 09:40:28,120|base_page.py[line:67] INFO:Had find the element '  ' successful by id via value: logonIdentifier 
2020-06-17 09:40:28,368|base_page.py[line:134] INFO:Had type ' yan.liu@an-chen.com ' in inputBox
2020-06-17 09:40:28,922|base_page.py[line:67] INFO:Had find the element '  ' successful by id via value: password 
2020-06-17 09:40:28,963|base_page.py[line:144] INFO:Clear text in input box before typing.
2020-06-17 09:40:29,484|base_page.py[line:67] INFO:Had find the element '  ' successful by id via value: password 
2020-06-17 09:40:29,670|base_page.py[line:134] INFO:Had type ' Lychan@2012 ' in inputBox
2020-06-17 09:40:30,202|base_page.py[line:67] INFO:Had find the element ' Sign in ' successful by xpath via value: //div[@class='buttons']/button[text()='Sign in'] 
2020-06-17 09:40:41,071|base_page.py[line:69] ERROR:TimeoutException: selector by xpath ,value xpath=>//div[@id='root']//div[@class='content-heading']
2020-06-17 09:40:41,635|base_page.py[line:67] INFO:Had find the element ' Welcome, yanliu ' successful by xpath via value: //div[@id='root']//div[@class='content-heading'] 
2020-06-17 09:40:41,635|login.py[line:41] INFO:login success
2020-06-17 09:40:52,562|base_page.py[line:69] ERROR:TimeoutException: selector by xpath ,value xpath=>//div[@class='card']/form//div[@id='homeGrid']/div//h2
2020-06-17 09:40:53,091|base_page.py[line:222] INFO:Had find the elements successful by xpath via value: //div[@class='card']/form//div[@id='homeGrid']/div//h2 
2020-06-17 09:40:53,759|base_page.py[line:67] INFO:Had find the element '  ' successful by xpath via value: //div[@class='card']/form//div[@id='homeGrid']/div[4]//input 
2020-06-17 09:40:53,975|base_page.py[line:134] INFO:Had type ' C000088870 ' in inputBox
2020-06-17 09:40:54,538|base_page.py[line:67] INFO:Had find the element ' Go ' successful by xpath via value: //div[@class='card']/form//div[@id='homeGrid']/div[4]/div/button 
2020-06-17 09:40:54,616|base_page.py[line:156] INFO:The element ' Go ' was clicked.
2020-06-17 09:40:54,617|homePage.py[line:50] INFO:module_name: Customers
2020-06-17 09:41:05,528|base_page.py[line:69] ERROR:TimeoutException: selector by xpath ,value xpath=>//div[@class='card']//li/a[text()='Entity']
2020-06-17 09:41:06,145|base_page.py[line:67] INFO:Had find the element ' Entity ' successful by xpath via value: //div[@class='card']//li/a[text()='Entity'] 
2020-06-17 09:41:06,332|base_page.py[line:156] INFO:The element ' Entity ' was clicked.
2020-06-17 09:41:06,849|base_page.py[line:222] INFO:Had find the elements successful by xpath via value: //div[@class='card']//div//h4 
2020-06-17 09:41:07,551|base_page.py[line:67] INFO:Had find the element ' Customer Summary ' successful by xpath via value: //div[@class='card']//div//h4[text()='Customer Summary'] 
2020-06-17 09:41:08,130|base_page.py[line:67] INFO:Had find the element ' History ' successful by xpath via value: //div[@class='glo-row']/div[1]//button[text()=' History'] 
2020-06-17 09:41:08,289|base_page.py[line:156] INFO:The element ' History ' was clicked.
