2020-06-17 09:36:18,359|browser_engine.py[line:27] INFO:You had select Chrome browser.
2020-06-17 09:36:18,360|browser_engine.py[line:29] INFO:The test server url is: https://rralamotest.z21.web.core.windows.net/
2020-06-17 09:36:21,367|browser_engine.py[line:44] INFO:Starting Chrome browser.
2020-06-17 09:36:22,506|browser_engine.py[line:58] INFO:Maximize the current window.
2020-06-17 09:36:44,579|browser_engine.py[line:61] INFO:Open url: https://rralamotest.z21.web.core.windows.net/
2020-06-17 09:36:55,232|base_page.py[line:69] ERROR:TimeoutException: selector by xpath ,value xpath=>//div[@class='localAccount']//div[@class='intro']/h2
2020-06-17 09:36:55,766|base_page.py[line:67] INFO:Had find the element ' Sign in with your existing account ' successful by xpath via value: //div[@class='localAccount']//div[@class='intro']/h2 
2020-06-17 09:36:56,311|base_page.py[line:67] INFO:Had find the element '  ' successful by id via value: logonIdentifier 
2020-06-17 09:36:56,350|base_page.py[line:144] INFO:Clear text in input box before typing.
2020-06-17 09:36:56,870|base_page.py[line:67] INFO:Had find the element '  ' successful by id via value: logonIdentifier 
2020-06-17 09:36:57,057|base_page.py[line:134] INFO:Had type ' yan.liu@an-chen.com ' in inputBox
2020-06-17 09:36:57,592|base_page.py[line:67] INFO:Had find the element '  ' successful by id via value: password 
2020-06-17 09:36:57,633|base_page.py[line:144] INFO:Clear text in input box before typing.
2020-06-17 09:36:58,155|base_page.py[line:67] INFO:Had find the element '  ' successful by id via value: password 
2020-06-17 09:36:58,356|base_page.py[line:134] INFO:Had type ' Lychan@2012 ' in inputBox
2020-06-17 09:36:58,916|base_page.py[line:67] INFO:Had find the element ' Sign in ' successful by xpath via value: //div[@class='buttons']/button[text()='Sign in'] 
2020-06-17 09:37:09,705|base_page.py[line:69] ERROR:TimeoutException: selector by xpath ,value xpath=>//div[@id='root']//div[@class='content-heading']
2020-06-17 09:37:10,272|base_page.py[line:67] INFO:Had find the element ' Welcome, yanliu ' successful by xpath via value: //div[@id='root']//div[@class='content-heading'] 
2020-06-17 09:37:10,272|login.py[line:41] INFO:login success
2020-06-17 09:37:21,319|base_page.py[line:69] ERROR:TimeoutException: selector by xpath ,value xpath=>//div[@class='card']/form//div[@id='homeGrid']/div//h2
2020-06-17 09:37:21,833|base_page.py[line:222] INFO:Had find the elements successful by xpath via value: //div[@class='card']/form//div[@id='homeGrid']/div//h2 
2020-06-17 09:37:22,446|base_page.py[line:67] INFO:Had find the element '  ' successful by xpath via value: //div[@class='card']/form//div[@id='homeGrid']/div[4]//input 
2020-06-17 09:37:22,618|base_page.py[line:134] INFO:Had type ' C000089568 ' in inputBox
2020-06-17 09:37:23,157|base_page.py[line:67] INFO:Had find the element ' Go ' successful by xpath via value: //div[@class='card']/form//div[@id='homeGrid']/div[4]/div/button 
2020-06-17 09:37:23,223|base_page.py[line:156] INFO:The element ' Go ' was clicked.
2020-06-17 09:37:23,223|homePage.py[line:50] INFO:module_name: Customers
