2020-06-17 09:41:42,439|browser_engine.py[line:27] INFO:You had select Chrome browser.
2020-06-17 09:41:42,439|browser_engine.py[line:29] INFO:The test server url is: https://rr-alamo-dev.azureedge.net/
2020-06-17 09:41:45,227|browser_engine.py[line:44] INFO:Starting Chrome browser.
2020-06-17 09:41:46,359|browser_engine.py[line:58] INFO:Maximize the current window.
2020-06-17 09:41:47,668|browser_engine.py[line:61] INFO:Open url: https://rr-alamo-dev.azureedge.net/
2020-06-17 09:41:58,282|base_page.py[line:69] ERROR:TimeoutException: selector by xpath ,value xpath=>//div[@class='localAccount']//div[@class='intro']/h2
2020-06-17 09:41:58,815|base_page.py[line:67] INFO:Had find the element ' Sign in with your existing account ' successful by xpath via value: //div[@class='localAccount']//div[@class='intro']/h2 
2020-06-17 09:41:59,387|base_page.py[line:67] INFO:Had find the element '  ' successful by id via value: logonIdentifier 
2020-06-17 09:41:59,426|base_page.py[line:144] INFO:Clear text in input box before typing.
2020-06-17 09:41:59,963|base_page.py[line:67] INFO:Had find the element '  ' successful by id via value: logonIdentifier 
2020-06-17 09:42:00,153|base_page.py[line:134] INFO:Had type ' yan.liu@an-chen.com ' in inputBox
2020-06-17 09:42:00,714|base_page.py[line:67] INFO:Had find the element '  ' successful by id via value: password 
2020-06-17 09:42:00,787|base_page.py[line:144] INFO:Clear text in input box before typing.
2020-06-17 09:42:01,307|base_page.py[line:67] INFO:Had find the element '  ' successful by id via value: password 
2020-06-17 09:42:01,465|base_page.py[line:134] INFO:Had type ' Lychan@2012 ' in inputBox
2020-06-17 09:42:02,014|base_page.py[line:67] INFO:Had find the element ' Sign in ' successful by xpath via value: //div[@class='buttons']/button[text()='Sign in'] 
2020-06-17 09:42:12,632|base_page.py[line:69] ERROR:TimeoutException: selector by xpath ,value xpath=>//div[@id='root']//div[@class='content-heading']
2020-06-17 09:42:13,169|base_page.py[line:67] INFO:Had find the element ' Welcome, yanliu ' successful by xpath via value: //div[@id='root']//div[@class='content-heading'] 
2020-06-17 09:42:13,169|login.py[line:41] INFO:login success
2020-06-17 09:42:24,054|base_page.py[line:69] ERROR:TimeoutException: selector by xpath ,value xpath=>//div[@class='card']/form//div[@id='homeGrid']/div//h2
2020-06-17 09:42:24,587|base_page.py[line:222] INFO:Had find the elements successful by xpath via value: //div[@class='card']/form//div[@id='homeGrid']/div//h2 
2020-06-17 09:42:25,219|base_page.py[line:67] INFO:Had find the element '  ' successful by xpath via value: //div[@class='card']/form//div[@id='homeGrid']/div[4]//input 
2020-06-17 09:42:25,482|base_page.py[line:134] INFO:Had type ' C000088870 ' in inputBox
2020-06-17 09:42:26,037|base_page.py[line:67] INFO:Had find the element ' Go ' successful by xpath via value: //div[@class='card']/form//div[@id='homeGrid']/div[4]/div/button 
2020-06-17 09:42:26,114|base_page.py[line:156] INFO:The element ' Go ' was clicked.
2020-06-17 09:42:26,114|homePage.py[line:50] INFO:module_name: Customers
2020-06-17 09:42:37,101|base_page.py[line:69] ERROR:TimeoutException: selector by xpath ,value xpath=>//div[@class='card']//li/a[text()='Entity']
2020-06-17 09:42:37,659|base_page.py[line:67] INFO:Had find the element ' Entity ' successful by xpath via value: //div[@class='card']//li/a[text()='Entity'] 
2020-06-17 09:42:37,801|base_page.py[line:156] INFO:The element ' Entity ' was clicked.
2020-06-17 09:42:38,317|base_page.py[line:222] INFO:Had find the elements successful by xpath via value: //div[@class='card']//div//h4 
2020-06-17 09:42:38,876|base_page.py[line:67] INFO:Had find the element ' Customer Summary ' successful by xpath via value: //div[@class='card']//div//h4[text()='Customer Summary'] 
2020-06-17 09:42:39,431|base_page.py[line:67] INFO:Had find the element ' History ' successful by xpath via value: //div[@class='glo-row']/div[1]//button[text()=' History'] 
2020-06-17 09:42:39,577|base_page.py[line:156] INFO:The element ' History ' was clicked.
2020-06-17 09:42:40,114|base_page.py[line:67] INFO:Had find the element ' Page 1 of 1 --- total records: 1 ' successful by xpath via value: //div[@class='modal-content']//span[@class='glo-table-pagination'] 
