2020-08-01 12:25:01,757|browser_engine.py[line:26] INFO:You had select Chrome browser.
2020-08-01 12:25:01,757|browser_engine.py[line:28] INFO:The test server url is: https://rr-alamo-test.azureedge.net
2020-08-01 12:25:03,882|browser_engine.py[line:42] INFO:Starting Chrome browser.
2020-08-01 12:25:05,023|browser_engine.py[line:56] INFO:Maximize the current window.
2020-08-01 12:25:05,902|browser_engine.py[line:59] INFO:Open url: https://rr-alamo-test.azureedge.net
2020-08-01 12:25:16,866|base_page.py[line:68] ERROR:TimeoutException: selector by xpath ,value xpath=>//div[@class='localAccount']//div[@class='intro']/h2
2020-08-01 12:25:17,397|base_page.py[line:66] INFO:Had find the element ' Sign in with your existing account ' successful by xpath via value: //div[@class='localAccount']//div[@class='intro']/h2 
2020-08-01 12:25:17,928|base_page.py[line:66] INFO:Had find the element '  ' successful by id via value: logonIdentifier 
2020-08-01 12:25:17,960|base_page.py[line:143] INFO:Clear text in input box before typing.
2020-08-01 12:25:18,475|base_page.py[line:66] INFO:Had find the element '  ' successful by id via value: logonIdentifier 
2020-08-01 12:25:18,580|base_page.py[line:133] INFO:Had type ' yan.liu@an-chen.com ' in inputBox
2020-08-01 12:25:19,100|base_page.py[line:66] INFO:Had find the element '  ' successful by id via value: password 
2020-08-01 12:25:19,141|base_page.py[line:143] INFO:Clear text in input box before typing.
2020-08-01 12:25:19,673|base_page.py[line:66] INFO:Had find the element '  ' successful by id via value: password 
2020-08-01 12:25:19,767|base_page.py[line:133] INFO:Had type ' Lychan@2012 ' in inputBox
2020-08-01 12:25:20,288|base_page.py[line:66] INFO:Had find the element ' Sign in ' successful by xpath via value: //div[@class='buttons']/button[text()='Sign in'] 
2020-08-01 12:25:22,326|base_page.py[line:66] INFO:Had find the element ' Welcome, yanliu ' successful by xpath via value: //div[@id='root']//div[@class='content-heading'] 
2020-08-01 12:25:22,326|login.py[line:41] INFO:login success
2020-08-01 12:25:23,006|base_page.py[line:66] INFO:Had find the element ' CUSTOMERS ' successful by id via value: customers 
2020-08-01 12:25:23,073|base_page.py[line:155] INFO:The element ' CUSTOMERS ' was clicked.
2020-08-01 12:25:23,585|base_page.py[line:221] INFO:Had find the elements successful by xpath via value: //ul[@class='dropdown-menu multi-level show']/li/a 
2020-08-01 12:25:24,131|base_page.py[line:66] INFO:Had find the element ' New ' successful by xpath via value: //ul[@class='dropdown-menu multi-level show']/li[2]/a 
2020-08-01 12:25:24,190|base_page.py[line:155] INFO:The element ' New ' was clicked.
2020-08-01 12:25:24,190|topMenu.py[line:69] INFO:second_menu: New
2020-08-01 12:25:34,928|base_page.py[line:68] ERROR:TimeoutException: selector by xpath ,value //select[@name='typeName']
2020-08-01 12:25:34,928|base_page.py[line:121] ERROR:NoSuchElement selector_by: xpath, selector: //select[@name='typeName'] 
2020-08-01 12:25:35,756|base_page.py[line:66] INFO:Had find the element ' CUSTOMERS ' successful by id via value: customers 
2020-08-01 12:25:35,795|base_page.py[line:155] INFO:The element ' CUSTOMERS ' was clicked.
2020-08-01 12:25:36,303|base_page.py[line:221] INFO:Had find the elements successful by xpath via value: //ul[@class='dropdown-menu multi-level show']/li/a 
2020-08-01 12:25:36,834|base_page.py[line:66] INFO:Had find the element ' New ' successful by xpath via value: //ul[@class='dropdown-menu multi-level show']/li[2]/a 
2020-08-01 12:25:36,884|base_page.py[line:155] INFO:The element ' New ' was clicked.
2020-08-01 12:25:36,884|topMenu.py[line:69] INFO:second_menu: New
2020-08-01 12:25:47,631|base_page.py[line:68] ERROR:TimeoutException: selector by xpath ,value //select[@name='typeName']
2020-08-01 12:25:47,631|base_page.py[line:121] ERROR:NoSuchElement selector_by: xpath, selector: //select[@name='typeName'] 
2020-08-01 12:25:48,428|base_page.py[line:66] INFO:Had find the element ' CUSTOMERS ' successful by id via value: customers 
2020-08-01 12:25:48,480|base_page.py[line:155] INFO:The element ' CUSTOMERS ' was clicked.
2020-08-01 12:25:48,990|base_page.py[line:221] INFO:Had find the elements successful by xpath via value: //ul[@class='dropdown-menu multi-level show']/li/a 
2020-08-01 12:25:49,537|base_page.py[line:66] INFO:Had find the element ' New ' successful by xpath via value: //ul[@class='dropdown-menu multi-level show']/li[2]/a 
2020-08-01 12:25:49,576|base_page.py[line:155] INFO:The element ' New ' was clicked.
2020-08-01 12:25:49,577|topMenu.py[line:69] INFO:second_menu: New
2020-08-01 12:26:00,302|base_page.py[line:68] ERROR:TimeoutException: selector by xpath ,value //select[@name='typeName']
2020-08-01 12:26:00,302|base_page.py[line:121] ERROR:NoSuchElement selector_by: xpath, selector: //select[@name='typeName'] 
2020-08-01 12:26:01,084|base_page.py[line:66] INFO:Had find the element ' CUSTOMERS ' successful by id via value: customers 
2020-08-01 12:26:01,138|base_page.py[line:155] INFO:The element ' CUSTOMERS ' was clicked.
2020-08-01 12:26:01,646|base_page.py[line:221] INFO:Had find the elements successful by xpath via value: //ul[@class='dropdown-menu multi-level show']/li/a 
2020-08-01 12:26:02,193|base_page.py[line:66] INFO:Had find the element ' New ' successful by xpath via value: //ul[@class='dropdown-menu multi-level show']/li[2]/a 
2020-08-01 12:26:02,229|base_page.py[line:155] INFO:The element ' New ' was clicked.
2020-08-01 12:26:02,229|topMenu.py[line:69] INFO:second_menu: New
2020-08-01 12:26:12,974|base_page.py[line:68] ERROR:TimeoutException: selector by xpath ,value //select[@name='typeName']
2020-08-01 12:26:12,974|base_page.py[line:121] ERROR:NoSuchElement selector_by: xpath, selector: //select[@name='typeName'] 
2020-08-01 12:26:13,802|base_page.py[line:66] INFO:Had find the element ' CUSTOMERS ' successful by id via value: customers 
2020-08-01 12:26:13,838|base_page.py[line:155] INFO:The element ' CUSTOMERS ' was clicked.
2020-08-01 12:26:14,349|base_page.py[line:221] INFO:Had find the elements successful by xpath via value: //ul[@class='dropdown-menu multi-level show']/li/a 
2020-08-01 12:26:14,896|base_page.py[line:66] INFO:Had find the element ' New ' successful by xpath via value: //ul[@class='dropdown-menu multi-level show']/li[2]/a 
2020-08-01 12:26:14,934|base_page.py[line:155] INFO:The element ' New ' was clicked.
2020-08-01 12:26:14,934|topMenu.py[line:69] INFO:second_menu: New
2020-08-01 12:26:25,599|base_page.py[line:68] ERROR:TimeoutException: selector by xpath ,value //select[@name='typeName']
2020-08-01 12:26:25,599|base_page.py[line:121] ERROR:NoSuchElement selector_by: xpath, selector: //select[@name='typeName'] 
2020-08-01 12:26:26,395|base_page.py[line:66] INFO:Had find the element ' CUSTOMERS ' successful by id via value: customers 
2020-08-01 12:26:26,448|base_page.py[line:155] INFO:The element ' CUSTOMERS ' was clicked.
2020-08-01 12:26:26,958|base_page.py[line:221] INFO:Had find the elements successful by xpath via value: //ul[@class='dropdown-menu multi-level show']/li/a 
2020-08-01 12:26:27,489|base_page.py[line:66] INFO:Had find the element ' New ' successful by xpath via value: //ul[@class='dropdown-menu multi-level show']/li[2]/a 
2020-08-01 12:26:27,527|base_page.py[line:155] INFO:The element ' New ' was clicked.
2020-08-01 12:26:27,527|topMenu.py[line:69] INFO:second_menu: New
2020-08-01 12:26:38,255|base_page.py[line:68] ERROR:TimeoutException: selector by xpath ,value //select[@name='typeName']
2020-08-01 12:26:38,255|base_page.py[line:121] ERROR:NoSuchElement selector_by: xpath, selector: //select[@name='typeName'] 
2020-08-01 12:26:49,270|base_page.py[line:68] ERROR:TimeoutException: selector by xpath ,value //div[@class='btn-toolbar']/button[text()='Actions ']
2020-08-01 12:26:49,270|base_page.py[line:121] ERROR:NoSuchElement selector_by: xpath, selector: //div[@class='btn-toolbar']/button[text()='Actions '] 
2020-08-01 12:27:00,348|base_page.py[line:68] ERROR:TimeoutException: selector by xpath ,value //div[@class='btn-toolbar']/button[text()='Actions ']
2020-08-01 12:27:00,348|base_page.py[line:121] ERROR:NoSuchElement selector_by: xpath, selector: //div[@class='btn-toolbar']/button[text()='Actions '] 
2020-08-01 12:27:11,347|base_page.py[line:68] ERROR:TimeoutException: selector by xpath ,value //div[@class='btn-toolbar']/button[text()='Actions ']
2020-08-01 12:27:11,347|base_page.py[line:121] ERROR:NoSuchElement selector_by: xpath, selector: //div[@class='btn-toolbar']/button[text()='Actions '] 
2020-08-01 12:27:22,347|base_page.py[line:68] ERROR:TimeoutException: selector by xpath ,value //div[@class='btn-toolbar']/button[text()='Actions ']
2020-08-01 12:27:22,347|base_page.py[line:121] ERROR:NoSuchElement selector_by: xpath, selector: //div[@class='btn-toolbar']/button[text()='Actions '] 
2020-08-01 12:27:33,378|base_page.py[line:68] ERROR:TimeoutException: selector by xpath ,value //div[@class='btn-toolbar']/button[text()='Actions ']
2020-08-01 12:27:33,378|base_page.py[line:121] ERROR:NoSuchElement selector_by: xpath, selector: //div[@class='btn-toolbar']/button[text()='Actions '] 
2020-08-01 12:27:44,393|base_page.py[line:68] ERROR:TimeoutException: selector by xpath ,value //div[@class='btn-toolbar']/button[text()='Actions ']
2020-08-01 12:27:44,393|base_page.py[line:121] ERROR:NoSuchElement selector_by: xpath, selector: //div[@class='btn-toolbar']/button[text()='Actions '] 
2020-08-01 12:27:45,206|base_page.py[line:66] INFO:Had find the element ' CUSTOMERS ' successful by id via value: customers 
2020-08-01 12:27:45,257|base_page.py[line:155] INFO:The element ' CUSTOMERS ' was clicked.
2020-08-01 12:27:45,768|base_page.py[line:221] INFO:Had find the elements successful by xpath via value: //ul[@class='dropdown-menu multi-level show']/li/a 
2020-08-01 12:27:46,300|base_page.py[line:66] INFO:Had find the element ' New ' successful by xpath via value: //ul[@class='dropdown-menu multi-level show']/li[2]/a 
2020-08-01 12:27:46,351|base_page.py[line:155] INFO:The element ' New ' was clicked.
2020-08-01 12:27:46,351|topMenu.py[line:69] INFO:second_menu: New
2020-08-01 12:27:57,049|base_page.py[line:68] ERROR:TimeoutException: selector by xpath ,value //select[@name='typeName']
2020-08-01 12:27:57,049|base_page.py[line:121] ERROR:NoSuchElement selector_by: xpath, selector: //select[@name='typeName'] 
2020-08-01 12:27:57,862|base_page.py[line:66] INFO:Had find the element ' CUSTOMERS ' successful by id via value: customers 
2020-08-01 12:27:57,912|base_page.py[line:155] INFO:The element ' CUSTOMERS ' was clicked.
2020-08-01 12:27:58,424|base_page.py[line:221] INFO:Had find the elements successful by xpath via value: //ul[@class='dropdown-menu multi-level show']/li/a 
2020-08-01 12:27:58,940|base_page.py[line:66] INFO:Had find the element ' New ' successful by xpath via value: //ul[@class='dropdown-menu multi-level show']/li[2]/a 
2020-08-01 12:27:58,990|base_page.py[line:155] INFO:The element ' New ' was clicked.
2020-08-01 12:27:58,990|topMenu.py[line:69] INFO:second_menu: New
2020-08-01 12:28:09,736|base_page.py[line:68] ERROR:TimeoutException: selector by xpath ,value //select[@name='typeName']
2020-08-01 12:28:09,736|base_page.py[line:121] ERROR:NoSuchElement selector_by: xpath, selector: //select[@name='typeName'] 
2020-08-01 12:28:11,674|base_page.py[line:66] INFO:Had find the element ' CUSTOMERS ' successful by id via value: customers 
2020-08-01 12:28:11,721|base_page.py[line:155] INFO:The element ' CUSTOMERS ' was clicked.
2020-08-01 12:28:12,236|base_page.py[line:221] INFO:Had find the elements successful by xpath via value: //ul[@class='dropdown-menu multi-level show']/li/a 
2020-08-01 12:28:12,752|base_page.py[line:66] INFO:Had find the element ' New ' successful by xpath via value: //ul[@class='dropdown-menu multi-level show']/li[2]/a 
2020-08-01 12:28:12,803|base_page.py[line:155] INFO:The element ' New ' was clicked.
2020-08-01 12:28:12,803|topMenu.py[line:69] INFO:second_menu: New
2020-08-01 12:28:23,533|base_page.py[line:68] ERROR:TimeoutException: selector by xpath ,value //select[@name='typeName']
2020-08-01 12:28:23,533|base_page.py[line:121] ERROR:NoSuchElement selector_by: xpath, selector: //select[@name='typeName'] 
2020-08-01 12:28:25,408|base_page.py[line:66] INFO:Had find the element ' CUSTOMERS ' successful by id via value: customers 
2020-08-01 12:28:25,469|base_page.py[line:155] INFO:The element ' CUSTOMERS ' was clicked.
2020-08-01 12:28:25,970|base_page.py[line:221] INFO:Had find the elements successful by xpath via value: //ul[@class='dropdown-menu multi-level show']/li/a 
2020-08-01 12:28:26,486|base_page.py[line:66] INFO:Had find the element ' New ' successful by xpath via value: //ul[@class='dropdown-menu multi-level show']/li[2]/a 
2020-08-01 12:28:26,537|base_page.py[line:155] INFO:The element ' New ' was clicked.
2020-08-01 12:28:26,538|topMenu.py[line:69] INFO:second_menu: New
2020-08-01 12:28:37,220|base_page.py[line:68] ERROR:TimeoutException: selector by xpath ,value //select[@name='typeName']
2020-08-01 12:28:37,220|base_page.py[line:121] ERROR:NoSuchElement selector_by: xpath, selector: //select[@name='typeName'] 
2020-08-01 12:28:48,610|base_page.py[line:68] ERROR:TimeoutException: selector by xpath ,value xpath=>//div[@class='card']//li/a[text()='Entity']
2020-08-01 12:28:59,360|base_page.py[line:68] ERROR:TimeoutException: selector by xpath ,value //div[@class='card']//li/a[text()='Entity']
2020-08-01 12:28:59,360|base_page.py[line:121] ERROR:NoSuchElement selector_by: xpath, selector: //div[@class='card']//li/a[text()='Entity'] 
2020-08-01 12:29:10,375|base_page.py[line:223] ERROR:TimeoutException: selector by xpath ,value //div[@class='card']//div//h4
2020-08-01 12:29:21,422|base_page.py[line:223] ERROR:TimeoutException: selector by xpath ,value //div[@class='card']//div//h4
2020-08-01 12:29:32,406|base_page.py[line:223] ERROR:TimeoutException: selector by xpath ,value //div[@class='card']//div//h4
2020-08-01 12:29:43,375|base_page.py[line:223] ERROR:TimeoutException: selector by xpath ,value //div[@class='card']//div//h4
2020-08-01 12:29:54,421|base_page.py[line:223] ERROR:TimeoutException: selector by xpath ,value //div[@class='card']//div//h4
2020-08-01 12:30:05,436|base_page.py[line:223] ERROR:TimeoutException: selector by xpath ,value //div[@class='card']//div//h4
2020-08-01 12:30:16,483|base_page.py[line:223] ERROR:TimeoutException: selector by xpath ,value //div[@class='card']//div//h4
2020-08-01 12:30:27,467|base_page.py[line:223] ERROR:TimeoutException: selector by xpath ,value //div[@class='card']//div//h4
2020-08-01 12:30:38,858|base_page.py[line:223] ERROR:TimeoutException: selector by xpath ,value //div[@class='card']//div//h4
2020-08-01 12:30:50,185|base_page.py[line:223] ERROR:TimeoutException: selector by xpath ,value //div[@class='card']//div//h4
2020-08-01 12:31:01,169|base_page.py[line:223] ERROR:TimeoutException: selector by xpath ,value //div[@class='card']//div//h4
2020-08-01 12:31:12,544|base_page.py[line:68] ERROR:TimeoutException: selector by xpath ,value xpath=>//div[@class='card']//li/a[text()='Contacts']
2020-08-01 12:31:23,278|base_page.py[line:68] ERROR:TimeoutException: selector by xpath ,value //div[@class='card']//li/a[text()='Contacts']
2020-08-01 12:31:23,278|base_page.py[line:121] ERROR:NoSuchElement selector_by: xpath, selector: //div[@class='card']//li/a[text()='Contacts'] 
2020-08-01 12:31:34,700|base_page.py[line:68] ERROR:TimeoutException: selector by xpath ,value xpath=>//div[@class='card']//li/a[text()='Contacts']
2020-08-01 12:31:45,434|base_page.py[line:68] ERROR:TimeoutException: selector by xpath ,value //div[@class='card']//li/a[text()='Contacts']
2020-08-01 12:31:45,434|base_page.py[line:121] ERROR:NoSuchElement selector_by: xpath, selector: //div[@class='card']//li/a[text()='Contacts'] 
2020-08-01 12:31:56,809|base_page.py[line:223] ERROR:TimeoutException: selector by xpath ,value //div[@class='card']//div//h4
2020-08-01 12:32:08,199|base_page.py[line:223] ERROR:TimeoutException: selector by xpath ,value //div[@class='card']//div//h4
2020-08-01 12:32:19,183|base_page.py[line:223] ERROR:TimeoutException: selector by xpath ,value //div[@class='card']//div//h4
2020-08-01 12:32:30,589|base_page.py[line:223] ERROR:TimeoutException: selector by xpath ,value //div[@class='card']//div//h4
2020-08-01 12:32:41,932|base_page.py[line:223] ERROR:TimeoutException: selector by xpath ,value //div[@class='card']//div//h4
2020-08-01 12:32:52,979|base_page.py[line:223] ERROR:TimeoutException: selector by xpath ,value //div[@class='card']//div//h4
2020-08-01 12:33:03,979|base_page.py[line:223] ERROR:TimeoutException: selector by xpath ,value //div[@class='card']//div//h4
2020-08-01 12:33:15,010|base_page.py[line:68] ERROR:TimeoutException: selector by xpath ,value //div[@class='btn-toolbar']/button[text()='Actions ']
2020-08-01 12:33:15,010|base_page.py[line:121] ERROR:NoSuchElement selector_by: xpath, selector: //div[@class='btn-toolbar']/button[text()='Actions '] 
2020-08-01 12:33:26,072|base_page.py[line:68] ERROR:TimeoutException: selector by xpath ,value xpath=>//div[@class='card']/form//div[@id='homeGrid']/div//h2
2020-08-01 12:33:26,587|base_page.py[line:221] INFO:Had find the elements successful by xpath via value: //div[@class='card']/form//div[@id='homeGrid']/div//h2 
2020-08-01 12:33:27,166|base_page.py[line:66] INFO:Had find the element '  ' successful by xpath via value: //div[@class='card']/form//div[@id='homeGrid']/div[4]//input 
2020-08-01 12:33:27,314|base_page.py[line:133] INFO:Had type ' C000048473 ' in inputBox
2020-08-01 12:33:27,837|base_page.py[line:66] INFO:Had find the element ' Go ' successful by xpath via value: //div[@class='card']/form//div[@id='homeGrid']/div[4]/div/button 
2020-08-01 12:33:27,900|base_page.py[line:155] INFO:The element ' Go ' was clicked.
2020-08-01 12:33:27,900|homePage.py[line:50] INFO:module_name: Customers
2020-08-01 12:33:38,634|base_page.py[line:68] ERROR:TimeoutException: selector by xpath ,value //div[@class='btn-toolbar']/button[text()='Actions ']
2020-08-01 12:33:38,634|base_page.py[line:121] ERROR:NoSuchElement selector_by: xpath, selector: //div[@class='btn-toolbar']/button[text()='Actions '] 
2020-08-01 12:33:49,665|base_page.py[line:68] ERROR:TimeoutException: selector by xpath ,value xpath=>//div[@class='card']//li/a[text()='Entity']
2020-08-01 12:34:00,430|base_page.py[line:68] ERROR:TimeoutException: selector by xpath ,value //div[@class='card']//li/a[text()='Entity']
2020-08-01 12:34:00,430|base_page.py[line:121] ERROR:NoSuchElement selector_by: xpath, selector: //div[@class='card']//li/a[text()='Entity'] 
2020-08-01 12:34:11,461|base_page.py[line:68] ERROR:TimeoutException: selector by xpath ,value xpath=>//div[@class='card']//li/a[text()='Contacts']
2020-08-01 12:34:22,227|base_page.py[line:68] ERROR:TimeoutException: selector by xpath ,value //div[@class='card']//li/a[text()='Contacts']
2020-08-01 12:34:22,227|base_page.py[line:121] ERROR:NoSuchElement selector_by: xpath, selector: //div[@class='card']//li/a[text()='Contacts'] 
2020-08-01 12:34:33,195|base_page.py[line:223] ERROR:TimeoutException: selector by xpath ,value //div[@class='card']//div//h4
2020-08-01 12:34:44,179|base_page.py[line:223] ERROR:TimeoutException: selector by xpath ,value //div[@class='card']//div//h4
2020-08-01 12:34:55,210|base_page.py[line:68] ERROR:TimeoutException: selector by xpath ,value xpath=>//div[@class='header-badge-glo']
2020-08-01 12:34:55,741|base_page.py[line:66] INFO:Had find the element ' Y ' successful by xpath via value: //div[@class='header-badge-glo'] 
2020-08-01 12:34:55,825|base_page.py[line:155] INFO:The element ' Y ' was clicked.
2020-08-01 12:34:56,351|base_page.py[line:66] INFO:Had find the element ' Logout ' successful by xpath via value: //a[text()='Logout'] 
2020-08-01 12:34:57,522|base_page.py[line:155] INFO:The element ' Logout ' was clicked.
2020-08-01 12:34:58,866|base_page.py[line:66] INFO:Had find the element ' Sign in with your existing account ' successful by xpath via value: //div[@class='localAccount']//div[@class='intro']/h2 
2020-08-01 12:34:58,866|login.py[line:56] INFO:logout success
2020-08-01 12:35:09,569|base_page.py[line:68] ERROR:TimeoutException: selector by xpath ,value xpath=>//div[@class='localAccount']//div[@class='intro']/h2
2020-08-01 12:35:10,085|base_page.py[line:66] INFO:Had find the element ' Sign in with your existing account ' successful by xpath via value: //div[@class='localAccount']//div[@class='intro']/h2 
2020-08-01 12:35:10,632|base_page.py[line:66] INFO:Had find the element '  ' successful by id via value: logonIdentifier 
2020-08-01 12:35:10,673|base_page.py[line:143] INFO:Clear text in input box before typing.
2020-08-01 12:35:11,194|base_page.py[line:66] INFO:Had find the element '  ' successful by id via value: logonIdentifier 
2020-08-01 12:35:11,292|base_page.py[line:133] INFO:Had type ' 1925719012@qq.com ' in inputBox
2020-08-01 12:35:11,819|base_page.py[line:66] INFO:Had find the element '  ' successful by id via value: password 
2020-08-01 12:35:11,865|base_page.py[line:143] INFO:Clear text in input box before typing.
2020-08-01 12:35:12,381|base_page.py[line:66] INFO:Had find the element '  ' successful by id via value: password 
2020-08-01 12:35:12,455|base_page.py[line:133] INFO:Had type ' Abc1234% ' in inputBox
2020-08-01 12:35:12,975|base_page.py[line:66] INFO:Had find the element ' Sign in ' successful by xpath via value: //div[@class='buttons']/button[text()='Sign in'] 
2020-08-01 12:35:14,780|base_page.py[line:66] INFO:Had find the element ' Welcome, puff ' successful by xpath via value: //div[@id='root']//div[@class='content-heading'] 
2020-08-01 12:35:14,780|login.py[line:41] INFO:login success
2020-08-01 12:35:25,553|base_page.py[line:68] ERROR:TimeoutException: selector by id ,value id=>alano-glo-brand-logo
2020-08-01 12:35:26,084|base_page.py[line:66] INFO:Had find the element '  ' successful by id via value: alano-glo-brand-logo 
2020-08-01 12:35:26,162|base_page.py[line:155] INFO:The element '  ' was clicked.
2020-08-01 12:35:36,850|base_page.py[line:68] ERROR:TimeoutException: selector by xpath ,value xpath=>//div[@class='card']/form//div[@id='homeGrid']/div//h2
2020-08-01 12:35:37,365|base_page.py[line:221] INFO:Had find the elements successful by xpath via value: //div[@class='card']/form//div[@id='homeGrid']/div//h2 
2020-08-01 12:35:37,959|base_page.py[line:66] INFO:Had find the element '  ' successful by xpath via value: //div[@class='card']/form//div[@id='homeGrid']/div[4]//input 
2020-08-01 12:35:38,093|base_page.py[line:133] INFO:Had type ' C000048473 ' in inputBox
2020-08-01 12:35:38,615|base_page.py[line:66] INFO:Had find the element ' Go ' successful by xpath via value: //div[@class='card']/form//div[@id='homeGrid']/div[4]/div/button 
2020-08-01 12:35:38,691|base_page.py[line:155] INFO:The element ' Go ' was clicked.
2020-08-01 12:35:38,691|homePage.py[line:50] INFO:module_name: Customers
2020-08-01 12:35:51,459|base_page.py[line:68] ERROR:TimeoutException: selector by xpath ,value //div[@role='alert']
2020-08-01 12:35:51,459|base_page.py[line:121] ERROR:NoSuchElement selector_by: xpath, selector: //div[@role='alert'] 
2020-08-01 12:35:52,271|base_page.py[line:66] INFO:Had find the element ' CUSTOMERS ' successful by id via value: customers 
2020-08-01 12:35:52,353|base_page.py[line:155] INFO:The element ' CUSTOMERS ' was clicked.
2020-08-01 12:35:52,865|base_page.py[line:221] INFO:Had find the elements successful by xpath via value: //ul[@class='dropdown-menu multi-level show']/li/a 
2020-08-01 12:35:53,412|base_page.py[line:66] INFO:Had find the element ' New ' successful by xpath via value: //ul[@class='dropdown-menu multi-level show']/li[2]/a 
2020-08-01 12:35:53,469|base_page.py[line:155] INFO:The element ' New ' was clicked.
2020-08-01 12:35:53,470|topMenu.py[line:69] INFO:second_menu: New
2020-08-01 12:36:06,224|base_page.py[line:68] ERROR:TimeoutException: selector by xpath ,value //div[@role='alert']
2020-08-01 12:36:06,224|base_page.py[line:121] ERROR:NoSuchElement selector_by: xpath, selector: //div[@role='alert'] 
2020-08-01 12:36:17,239|base_page.py[line:68] ERROR:TimeoutException: selector by xpath ,value xpath=>//div[@class='header-badge-glo']
2020-08-01 12:36:17,770|base_page.py[line:66] INFO:Had find the element ' P ' successful by xpath via value: //div[@class='header-badge-glo'] 
2020-08-01 12:36:17,832|base_page.py[line:155] INFO:The element ' P ' was clicked.
2020-08-01 12:36:18,348|base_page.py[line:66] INFO:Had find the element ' Logout ' successful by xpath via value: //a[text()='Logout'] 
2020-08-01 12:36:19,068|base_page.py[line:155] INFO:The element ' Logout ' was clicked.
2020-08-01 12:36:19,603|base_page.py[line:66] INFO:Had find the element ' Sign in with your existing account ' successful by xpath via value: //div[@class='localAccount']//div[@class='intro']/h2 
2020-08-01 12:36:19,620|login.py[line:56] INFO:logout success
2020-08-01 12:36:30,395|base_page.py[line:68] ERROR:TimeoutException: selector by xpath ,value xpath=>//div[@class='localAccount']//div[@class='intro']/h2
2020-08-01 12:36:30,911|base_page.py[line:66] INFO:Had find the element ' Sign in with your existing account ' successful by xpath via value: //div[@class='localAccount']//div[@class='intro']/h2 
2020-08-01 12:36:31,457|base_page.py[line:66] INFO:Had find the element '  ' successful by id via value: logonIdentifier 
2020-08-01 12:36:31,489|base_page.py[line:143] INFO:Clear text in input box before typing.
2020-08-01 12:36:32,004|base_page.py[line:66] INFO:Had find the element '  ' successful by id via value: logonIdentifier 
2020-08-01 12:36:32,105|base_page.py[line:133] INFO:Had type ' tangjiu2020@163.com ' in inputBox
2020-08-01 12:36:32,629|base_page.py[line:66] INFO:Had find the element '  ' successful by id via value: password 
2020-08-01 12:36:32,672|base_page.py[line:143] INFO:Clear text in input box before typing.
2020-08-01 12:36:33,188|base_page.py[line:66] INFO:Had find the element '  ' successful by id via value: password 
2020-08-01 12:36:33,262|base_page.py[line:133] INFO:Had type ' Abc1234% ' in inputBox
2020-08-01 12:36:33,786|base_page.py[line:66] INFO:Had find the element ' Sign in ' successful by xpath via value: //div[@class='buttons']/button[text()='Sign in'] 
2020-08-01 12:36:35,427|base_page.py[line:66] INFO:Had find the element ' Welcome, t ' successful by xpath via value: //div[@id='root']//div[@class='content-heading'] 
2020-08-01 12:36:35,427|login.py[line:41] INFO:login success
2020-08-01 12:36:46,191|base_page.py[line:68] ERROR:TimeoutException: selector by xpath ,value xpath=>//div[@class='card']/form//div[@id='homeGrid']/div//h2
2020-08-01 12:36:46,707|base_page.py[line:221] INFO:Had find the elements successful by xpath via value: //div[@class='card']/form//div[@id='homeGrid']/div//h2 
2020-08-01 12:36:47,285|base_page.py[line:66] INFO:Had find the element '  ' successful by xpath via value: //div[@class='card']/form//div[@id='homeGrid']/div[4]//input 
2020-08-01 12:36:47,420|base_page.py[line:133] INFO:Had type ' C000048473 ' in inputBox
2020-08-01 12:36:47,941|base_page.py[line:66] INFO:Had find the element ' Go ' successful by xpath via value: //div[@class='card']/form//div[@id='homeGrid']/div[4]/div/button 
2020-08-01 12:36:48,006|base_page.py[line:155] INFO:The element ' Go ' was clicked.
2020-08-01 12:36:48,006|homePage.py[line:50] INFO:module_name: Customers
2020-08-01 12:36:58,754|base_page.py[line:68] ERROR:TimeoutException: selector by xpath ,value xpath=>//div[@class='card']//li/a[text()='Entity']
2020-08-01 12:37:09,488|base_page.py[line:68] ERROR:TimeoutException: selector by xpath ,value //div[@class='card']//li/a[text()='Entity']
2020-08-01 12:37:09,488|base_page.py[line:121] ERROR:NoSuchElement selector_by: xpath, selector: //div[@class='card']//li/a[text()='Entity'] 
2020-08-01 12:37:10,300|base_page.py[line:66] INFO:Had find the element ' MANAGE ' successful by id via value: manage 
2020-08-01 12:37:10,383|base_page.py[line:155] INFO:The element ' MANAGE ' was clicked.
2020-08-01 12:37:10,894|base_page.py[line:221] INFO:Had find the elements successful by xpath via value: //ul[@class='dropdown-menu multi-level show']/li/a 
2020-08-01 12:37:11,441|base_page.py[line:66] INFO:Had find the element ' Authorization Management ' successful by xpath via value: //ul[@class='dropdown-menu multi-level show']/li[1]/a 
2020-08-01 12:37:11,550|base_page.py[line:155] INFO:The element ' Authorization Management ' was clicked.
2020-08-01 12:37:11,550|topMenu.py[line:69] INFO:second_menu: Authorization Management
2020-08-01 12:37:12,079|base_page.py[line:66] INFO:Had find the element ' New ' successful by xpath via value: //div[@class='card']//button[text()=' New'] 
2020-08-01 12:37:12,176|base_page.py[line:155] INFO:The element ' New ' was clicked.
2020-08-01 12:37:12,717|base_page.py[line:66] INFO:Had find the element '  ' successful by xpath via value: //input[@name='name'] 
2020-08-01 12:37:12,801|base_page.py[line:155] INFO:The element '  ' was clicked.
2020-08-01 12:37:13,317|base_page.py[line:66] INFO:Had find the element '  ' successful by xpath via value: //input[@name='name'] 
2020-08-01 12:37:13,849|base_page.py[line:66] INFO:Had find the element '  ' successful by xpath via value: //input[@name='name'] 
2020-08-01 12:37:14,377|base_page.py[line:66] INFO:Had find the element '  ' successful by xpath via value: //input[@name='name'] 
2020-08-01 12:37:14,490|base_page.py[line:133] INFO:Had type ' hUXnRO ' in inputBox
2020-08-01 12:37:15,017|base_page.py[line:66] INFO:Had find the element '  ' successful by xpath via value: //input[@name='description'] 
2020-08-01 12:37:15,090|base_page.py[line:155] INFO:The element '  ' was clicked.
2020-08-01 12:37:15,606|base_page.py[line:66] INFO:Had find the element '  ' successful by xpath via value: //input[@name='description'] 
2020-08-01 12:37:16,135|base_page.py[line:66] INFO:Had find the element '  ' successful by xpath via value: //input[@name='description'] 
2020-08-01 12:37:16,660|base_page.py[line:66] INFO:Had find the element '  ' successful by xpath via value: //input[@name='description'] 
2020-08-01 12:37:16,773|base_page.py[line:133] INFO:Had type ' 1qJoXK ' in inputBox
2020-08-01 12:37:27,463|base_page.py[line:68] ERROR:TimeoutException: selector by xpath ,value //div[@class='modal fade show']//div[@class='glo-row']//input[@id='canRead_0']
2020-08-01 12:37:27,463|base_page.py[line:121] ERROR:NoSuchElement selector_by: xpath, selector: //div[@class='modal fade show']//div[@class='glo-row']//input[@id='canRead_0'] 
2020-08-01 12:37:38,485|base_page.py[line:68] ERROR:TimeoutException: selector by xpath ,value //div[@class='card']//div[@class='glo-row']//div[@class='rt-tr-group'][1]/div
2020-08-01 12:37:38,485|base_page.py[line:121] ERROR:NoSuchElement selector_by: xpath, selector: //div[@class='card']//div[@class='glo-row']//div[@class='rt-tr-group'][1]/div 
2020-08-01 12:37:49,491|base_page.py[line:68] ERROR:TimeoutException: selector by xpath ,value xpath=>//div[@class='card']//li/a[text()='Users']
2020-08-01 12:37:50,018|base_page.py[line:66] INFO:Had find the element ' Users ' successful by xpath via value: //div[@class='card']//li/a[text()='Users'] 
2020-08-01 12:37:51,509|browser_engine.py[line:71] INFO:Now, Close and quit the browser.
