2020-04-21 15:47:50,554|browser_engine.py[line:27] INFO:You had select Chrome browser.
2020-04-21 15:47:50,554|browser_engine.py[line:29] INFO:The test server url is: https://rralamotest.z21.web.core.windows.net/
2020-04-21 15:47:54,031|browser_engine.py[line:42] INFO:Starting Chrome browser.
2020-04-21 15:47:55,259|browser_engine.py[line:53] INFO:Maximize the current window.
2020-04-21 15:48:29,104|browser_engine.py[line:56] INFO:Open url: https://rralamotest.z21.web.core.windows.net/
2020-04-21 15:48:41,561|base_page.py[line:68] ERROR:TimeoutException: selector by xpath ,value xpath=>//div[@class='localAccount']//div[@class='intro']/h2
2020-04-21 15:48:43,633|base_page.py[line:66] INFO:Had find the element ' Sign in with your existing account ' successful by xpath via value: //div[@class='localAccount']//div[@class='intro']/h2 
2020-04-21 15:48:45,699|base_page.py[line:66] INFO:Had find the element '  ' successful by id via value: logonIdentifier 
2020-04-21 15:48:45,739|base_page.py[line:144] INFO:Clear text in input box before typing.
2020-04-21 15:48:47,761|base_page.py[line:66] INFO:Had find the element '  ' successful by id via value: logonIdentifier 
2020-04-21 15:48:47,936|base_page.py[line:133] INFO:Had type ' yan.liu@an-chen.com ' in inputBox
2020-04-21 15:48:49,972|base_page.py[line:66] INFO:Had find the element '  ' successful by id via value: password 
2020-04-21 15:48:50,019|base_page.py[line:144] INFO:Clear text in input box before typing.
2020-04-21 15:48:52,061|base_page.py[line:66] INFO:Had find the element '  ' successful by id via value: password 
2020-04-21 15:48:52,247|base_page.py[line:133] INFO:Had type ' Lychan@2012 ' in inputBox
2020-04-21 15:48:54,295|base_page.py[line:66] INFO:Had find the element ' Sign in ' successful by xpath via value: //div[@class='buttons']/button[text()='Sign in'] 
2020-04-21 15:49:18,031|base_page.py[line:68] ERROR:TimeoutException: selector by xpath ,value xpath=>//div[@id='root']//div[@class='content-heading']
2020-04-21 15:49:20,075|base_page.py[line:66] INFO:Had find the element ' Welcome, yanliu ' successful by xpath via value: //div[@id='root']//div[@class='content-heading'] 
2020-04-21 15:49:20,075|login.py[line:41] INFO:login success
2020-04-21 15:49:52,175|base_page.py[line:66] INFO:Had find the element ' CUSTOMERS ' successful by id via value: customers 
2020-04-21 15:49:52,261|base_page.py[line:156] INFO:The element ' CUSTOMERS ' was clicked.
2020-04-21 15:49:52,799|base_page.py[line:222] INFO:Had find the elements successful by xpath via value: //ul[@class='dropdown-menu multi-level show']/li/a 
2020-04-21 15:49:54,893|base_page.py[line:66] INFO:Had find the element ' New ' successful by xpath via value: //ul[@class='dropdown-menu multi-level show']/li[2]/a 
2020-04-21 15:49:55,010|base_page.py[line:156] INFO:The element ' New ' was clicked.
2020-04-21 15:49:55,010|topmenu.py[line:73] INFO:second_menu: New
2020-04-21 15:50:07,413|base_page.py[line:68] ERROR:TimeoutException: selector by id ,value entityType
2020-04-21 15:50:07,413|base_page.py[line:121] ERROR:NoSuchElement selector_by: id, selector: entityType 
2020-04-21 15:50:07,769|browser_engine.py[line:83] INFO:Now, Close and quit the browser.
