2020-04-21 15:06:32,071|browser_engine.py[line:27] INFO:You had select Chrome browser.
2020-04-21 15:06:32,071|browser_engine.py[line:29] INFO:The test server url is: https://rralamotest.z21.web.core.windows.net/
2020-04-21 15:06:35,178|browser_engine.py[line:42] INFO:Starting Chrome browser.
2020-04-21 15:06:36,343|browser_engine.py[line:53] INFO:Maximize the current window.
2020-04-21 15:07:17,856|browser_engine.py[line:56] INFO:Open url: https://rralamotest.z21.web.core.windows.net/
2020-04-21 15:07:30,178|base_page.py[line:68] ERROR:TimeoutException: selector by xpath ,value xpath=>//div[@class='localAccount']//div[@class='intro']/h2
2020-04-21 15:07:32,230|base_page.py[line:66] INFO:Had find the element ' Sign in with your existing account ' successful by xpath via value: //div[@class='localAccount']//div[@class='intro']/h2 
2020-04-21 15:07:34,288|base_page.py[line:66] INFO:Had find the element '  ' successful by id via value: logonIdentifier 
2020-04-21 15:07:34,343|base_page.py[line:144] INFO:Clear text in input box before typing.
2020-04-21 15:07:36,367|base_page.py[line:66] INFO:Had find the element '  ' successful by id via value: logonIdentifier 
2020-04-21 15:07:36,555|base_page.py[line:133] INFO:Had type ' yan.liu@an-chen.com ' in inputBox
2020-04-21 15:07:38,612|base_page.py[line:66] INFO:Had find the element '  ' successful by id via value: password 
2020-04-21 15:07:38,658|base_page.py[line:144] INFO:Clear text in input box before typing.
2020-04-21 15:07:40,679|base_page.py[line:66] INFO:Had find the element '  ' successful by id via value: password 
2020-04-21 15:07:40,914|base_page.py[line:133] INFO:Had type ' Lychan@2012 ' in inputBox
2020-04-21 15:07:42,973|base_page.py[line:66] INFO:Had find the element ' Sign in ' successful by xpath via value: //div[@class='buttons']/button[text()='Sign in'] 
2020-04-21 15:08:06,565|base_page.py[line:68] ERROR:TimeoutException: selector by xpath ,value xpath=>//div[@id='root']//div[@class='content-heading']
2020-04-21 15:08:08,609|base_page.py[line:66] INFO:Had find the element ' Welcome, yanliu ' successful by xpath via value: //div[@id='root']//div[@class='content-heading'] 
2020-04-21 15:08:08,609|login.py[line:41] INFO:login success
2020-04-21 15:08:38,710|browser_engine.py[line:84] INFO:Now, Close and quit the browser.
