2020-05-13 11:25:15,968|browser_engine.py[line:25] INFO:You had select Chrome browser.
2020-05-13 11:25:15,969|browser_engine.py[line:27] INFO:The test server url is: https://rralamotest.z21.web.core.windows.net/
2020-05-13 11:25:19,226|browser_engine.py[line:40] INFO:Starting Chrome browser.
2020-05-13 11:25:20,363|browser_engine.py[line:51] INFO:Maximize the current window.
2020-05-13 11:25:45,734|browser_engine.py[line:54] INFO:Open url: https://rralamotest.z21.web.core.windows.net/
2020-05-13 11:25:58,211|base_page.py[line:69] ERROR:TimeoutException: selector by xpath ,value xpath=>//div[@class='localAccount']//div[@class='intro']/h2
2020-05-13 11:26:00,272|base_page.py[line:67] INFO:Had find the element ' Sign in with your existing account ' successful by xpath via value: //div[@class='localAccount']//div[@class='intro']/h2 
2020-05-13 11:26:02,355|base_page.py[line:67] INFO:Had find the element '  ' successful by id via value: logonIdentifier 
2020-05-13 11:26:02,402|base_page.py[line:144] INFO:Clear text in input box before typing.
2020-05-13 11:26:04,426|base_page.py[line:67] INFO:Had find the element '  ' successful by id via value: logonIdentifier 
2020-05-13 11:26:04,623|base_page.py[line:134] INFO:Had type ' yan.liu@an-chen.com ' in inputBox
2020-05-13 11:26:06,686|base_page.py[line:67] INFO:Had find the element '  ' successful by id via value: password 
2020-05-13 11:26:06,731|base_page.py[line:144] INFO:Clear text in input box before typing.
2020-05-13 11:26:08,770|base_page.py[line:67] INFO:Had find the element '  ' successful by id via value: password 
2020-05-13 11:26:08,968|base_page.py[line:134] INFO:Had type ' Lychan@2012 ' in inputBox
2020-05-13 11:26:11,009|base_page.py[line:67] INFO:Had find the element ' Sign in ' successful by xpath via value: //div[@class='buttons']/button[text()='Sign in'] 
2020-05-13 11:26:23,541|base_page.py[line:69] ERROR:TimeoutException: selector by xpath ,value xpath=>//div[@id='root']//div[@class='content-heading']
2020-05-13 11:26:25,597|base_page.py[line:67] INFO:Had find the element ' Welcome, yanliu ' successful by xpath via value: //div[@id='root']//div[@class='content-heading'] 
2020-05-13 11:26:25,597|login.py[line:41] INFO:login success
2020-05-13 11:26:38,220|base_page.py[line:69] ERROR:TimeoutException: selector by xpath ,value xpath=>//div[@class='card']/form//div[@id='homeGrid']/div//h2
2020-05-13 11:26:38,749|base_page.py[line:222] INFO:Had find the elements successful by xpath via value: //div[@class='card']/form//div[@id='homeGrid']/div//h2 
2020-05-13 11:26:40,875|base_page.py[line:67] INFO:Had find the element '  ' successful by xpath via value: //div[@class='card']/form//div[@id='homeGrid']/div[4]//input 
2020-05-13 11:26:41,244|base_page.py[line:134] INFO:Had type ' C000088898 ' in inputBox
2020-05-13 11:26:43,286|base_page.py[line:67] INFO:Had find the element ' Go ' successful by xpath via value: //div[@class='card']/form//div[@id='homeGrid']/div[4]/div/button 
2020-05-13 11:26:43,455|base_page.py[line:156] INFO:The element ' Go ' was clicked.
2020-05-13 11:26:43,455|homePage.py[line:50] INFO:module_name: Customers
2020-05-13 11:26:55,896|base_page.py[line:69] ERROR:TimeoutException: selector by xpath ,value xpath=>//div[@class='card']//li/a[text()='Contacts']
2020-05-13 11:26:57,936|base_page.py[line:67] INFO:Had find the element ' Contacts ' successful by xpath via value: //div[@class='card']//li/a[text()='Contacts'] 
2020-05-13 11:26:58,047|base_page.py[line:156] INFO:The element ' Contacts ' was clicked.
2020-05-13 11:26:58,578|base_page.py[line:222] INFO:Had find the elements successful by xpath via value: //div[@class='card']//div//h4 
2020-05-13 11:27:00,647|base_page.py[line:67] INFO:Had find the element ' Miss
API-Automationd96c
API-Automationd96c
API-Automationd96c
Jr.
CPA ' successful by xpath via value: //div[@class='glo-row']/div[1]//div[@class='glo-row']//div[@class='rt-tr-group'][1]/div 
2020-05-13 11:27:02,712|base_page.py[line:67] INFO:Had find the element ' Miss
API-Automationd96c
API-Automationd96c
API-Automationd96c
Jr.
CPA ' successful by xpath via value: //div[@class='glo-row']/div[1]//div[@class='glo-row']//div[@class='rt-tr-group'][1]/div 
2020-05-13 11:27:02,838|base_page.py[line:156] INFO:The element ' Miss
API-Automationd96c
API-Automationd96c
API-Automationd96c
Jr.
CPA ' was clicked.
2020-05-13 11:27:04,917|base_page.py[line:67] INFO:Had find the element ' Contacts ' successful by xpath via value: //div[@class='card']//div//h4[text()='Contacts'] 
2020-05-13 11:27:05,456|base_page.py[line:222] INFO:Had find the elements successful by xpath via value: //div[@class='glo-row']/div[1]//div[@class='glo-row']//div[@class='rt-tr-group'] 
2020-05-13 11:27:07,527|base_page.py[line:67] INFO:Had find the element ' Miss
API-Automationd96c
API-Automationd96c
API-Automationd96c
Jr.
CPA ' successful by xpath via value: //div[@class='glo-row']/div[1]//div[@class='glo-row']//div[@class='rt-tr-group'][1]/div 
2020-05-13 11:27:09,621|base_page.py[line:67] INFO:Had find the element ' Details ' successful by xpath via value: //div[@class='glo-row']/div[1]//button[text()=' Details'] 
2020-05-13 11:27:09,784|base_page.py[line:156] INFO:The element ' Details ' was clicked.
2020-05-13 11:27:11,817|base_page.py[line:67] INFO:Had find the element ' Contacts Details ' successful by xpath via value: //h4[@class='modal-title'] 
2020-05-13 11:27:13,890|base_page.py[line:67] INFO:Had find the element ' × ' successful by xpath via value: //button[@class='close'] 
2020-05-13 11:27:14,008|base_page.py[line:156] INFO:The element ' × ' was clicked.
2020-05-13 11:27:14,518|base_page.py[line:222] INFO:Had find the elements successful by xpath via value: //div[@class='card']//div//h4 
2020-05-13 11:27:16,582|base_page.py[line:67] INFO:Had find the element ' Miss
API-Automationd96c
API-Automationd96c
API-Automationd96c
Jr.
CPA ' successful by xpath via value: //div[@class='glo-row']/div[1]//div[@class='glo-row']//div[@class='rt-tr-group'][1]/div 
2020-05-13 11:27:18,663|base_page.py[line:67] INFO:Had find the element ' Email ' successful by xpath via value: //div[@class='card']//div//h4[text()='Email'] 
2020-05-13 11:27:20,720|base_page.py[line:67] INFO:Had find the element ' New ' successful by xpath via value: //div[@class='glo-row']/div[2]//button[text()=' New'] 
2020-05-13 11:27:20,963|base_page.py[line:156] INFO:The element ' New ' was clicked.
2020-05-13 11:27:23,014|base_page.py[line:67] INFO:Had find the element '  ' successful by id via value: CreateContactEmail 
2020-05-13 11:27:23,095|base_page.py[line:156] INFO:The element '  ' was clicked.
2020-05-13 11:27:25,134|base_page.py[line:67] INFO:Had find the element '  ' successful by id via value: CreateContactEmail 
2020-05-13 11:27:27,204|base_page.py[line:67] INFO:Had find the element '  ' successful by id via value: CreateContactEmail 
2020-05-13 11:27:29,264|base_page.py[line:67] INFO:Had find the element '  ' successful by id via value: CreateContactEmail 
2020-05-13 11:27:29,606|base_page.py[line:134] INFO:Had type ' uiautomation@qq.com ' in inputBox
2020-05-13 11:27:31,659|base_page.py[line:67] INFO:Had find the element ' Select one...
Personal
Business
Company
Government
Unknown ' successful by id via value: CreateEmailType 
2020-05-13 11:27:31,765|base_page.py[line:156] INFO:The element ' Select one...
Personal
Business
Company
Government
Unknown ' was clicked.
2020-05-13 11:27:33,810|base_page.py[line:67] INFO:Had find the element ' Select one...
Personal
Business
Company
Government
Unknown ' successful by id via value: CreateEmailType 
2020-05-13 11:27:35,959|base_page.py[line:67] INFO:Had find the element ' No
Yes ' successful by id via value: CreateIsPrimary 
2020-05-13 11:27:36,066|base_page.py[line:156] INFO:The element ' No
Yes ' was clicked.
2020-05-13 11:27:38,095|base_page.py[line:67] INFO:Had find the element ' No
Yes ' successful by id via value: CreateIsPrimary 
2020-05-13 11:27:40,200|base_page.py[line:67] INFO:Had find the element ' Save ' successful by xpath via value: //button[text()='Save'] 
2020-05-13 11:27:40,297|base_page.py[line:156] INFO:The element ' Save ' was clicked.
2020-05-13 11:27:42,349|base_page.py[line:67] INFO:Had find the element ' Contact Email:: uiautomation@qq.com created successfully. ' successful by xpath via value: //div[@role='alert'] 
2020-05-13 11:27:54,872|base_page.py[line:69] ERROR:TimeoutException: selector by xpath ,value xpath=>//div[@class='card']//li/a[text()='Summary']
2020-05-13 11:27:56,918|base_page.py[line:67] INFO:Had find the element ' Summary ' successful by xpath via value: //div[@class='card']//li/a[text()='Summary'] 
2020-05-13 11:27:57,063|base_page.py[line:156] INFO:The element ' Summary ' was clicked.
2020-05-13 11:28:09,446|base_page.py[line:69] ERROR:TimeoutException: selector by xpath ,value xpath=>//div[@class='card']//li/a[text()='Contacts']
2020-05-13 11:28:11,487|base_page.py[line:67] INFO:Had find the element ' Contacts ' successful by xpath via value: //div[@class='card']//li/a[text()='Contacts'] 
2020-05-13 11:28:11,639|base_page.py[line:156] INFO:The element ' Contacts ' was clicked.
2020-05-13 11:28:12,173|base_page.py[line:222] INFO:Had find the elements successful by xpath via value: //div[@class='card']//div//h4 
2020-05-13 11:28:14,249|base_page.py[line:67] INFO:Had find the element ' Miss
API-Automationd96c
API-Automationd96c
API-Automationd96c
Jr.
CPA ' successful by xpath via value: //div[@class='glo-row']/div[1]//div[@class='glo-row']//div[@class='rt-tr-group'][1]/div 
2020-05-13 11:28:16,316|base_page.py[line:67] INFO:Had find the element ' Miss
API-Automationd96c
API-Automationd96c
API-Automationd96c
Jr.
CPA ' successful by xpath via value: //div[@class='glo-row']/div[1]//div[@class='glo-row']//div[@class='rt-tr-group'][1]/div 
2020-05-13 11:28:16,437|base_page.py[line:156] INFO:The element ' Miss
API-Automationd96c
API-Automationd96c
API-Automationd96c
Jr.
CPA ' was clicked.
2020-05-13 11:28:16,982|base_page.py[line:222] INFO:Had find the elements successful by xpath via value: //div[@class='card']//div//h4 
2020-05-13 11:28:19,043|base_page.py[line:67] INFO:Had find the element ' Miss
API-Automationd96c
API-Automationd96c
API-Automationd96c
Jr.
CPA ' successful by xpath via value: //div[@class='glo-row']/div[1]//div[@class='glo-row']//div[@class='rt-tr-group'][1]/div 
2020-05-13 11:28:21,139|base_page.py[line:67] INFO:Had find the element ' Email ' successful by xpath via value: //div[@class='card']//div//h4[text()='Email'] 
2020-05-13 11:28:21,662|base_page.py[line:222] INFO:Had find the elements successful by xpath via value: //div[@class='glo-row']/div[1]//div[@class='glo-row']//div[@class='rt-tr-group'] 
2020-05-13 11:28:23,725|base_page.py[line:67] INFO:Had find the element ' Miss
API-Automationd96c
API-Automationd96c
API-Automationd96c
Jr.
CPA ' successful by xpath via value: //div[@class='glo-row']/div[1]//div[@class='glo-row']//div[@class='rt-tr-group'][1]/div 
2020-05-13 11:28:24,259|base_page.py[line:222] INFO:Had find the elements successful by xpath via value: //div[@class='glo-row']/div[2]//div[@class='glo-row']//div[@class='rt-tr-group'] 
2020-05-13 11:28:26,331|base_page.py[line:67] INFO:Had find the element ' Business
uiautomation@qq.com ' successful by xpath via value: //div[@class='glo-row']/div[2]//div[@class='glo-row']//div[@class='rt-tr-group'][1]/div 
2020-05-13 11:28:28,391|base_page.py[line:67] INFO:Had find the element ' Business
uiautomation@qq.com ' successful by xpath via value: //div[@class='glo-row']/div[2]//div[@class='glo-row']//div[@class='rt-tr-group'][1]/div 
2020-05-13 11:28:28,505|base_page.py[line:156] INFO:The element ' Business
uiautomation@qq.com ' was clicked.
2020-05-13 11:28:30,578|base_page.py[line:67] INFO:Had find the element ' Edit ' successful by xpath via value: //div[@class='glo-row']/div[2]//button[text()=' Edit'] 
2020-05-13 11:28:30,736|base_page.py[line:156] INFO:The element ' Edit ' was clicked.
2020-05-13 11:28:43,126|base_page.py[line:69] ERROR:TimeoutException: selector by id ,value CreateContactEmail
2020-05-13 11:28:43,126|base_page.py[line:122] ERROR:NoSuchElement selector_by: id, selector: CreateContactEmail 
2020-05-13 11:28:55,575|base_page.py[line:69] ERROR:TimeoutException: selector by xpath ,value xpath=>//div[@class='card']//li/a[text()='Contacts']
2020-05-13 11:28:57,618|base_page.py[line:67] INFO:Had find the element ' Contacts ' successful by xpath via value: //div[@class='card']//li/a[text()='Contacts'] 
2020-05-13 11:28:59,202|base_page.py[line:222] INFO:Had find the elements successful by xpath via value: //div[@class='card']//div//h4 
2020-05-13 11:29:01,239|base_page.py[line:67] INFO:Had find the element ' Miss
API-Automationd96c
API-Automationd96c
API-Automationd96c
Jr.
CPA ' successful by xpath via value: //div[@class='glo-row']/div[1]//div[@class='glo-row']//div[@class='rt-tr-group'][1]/div 
2020-05-13 11:29:03,298|base_page.py[line:67] INFO:Had find the element ' Email ' successful by xpath via value: //div[@class='card']//div//h4[text()='Email'] 
2020-05-13 11:29:05,360|base_page.py[line:67] INFO:Had find the element ' History ' successful by xpath via value: //div[@class='glo-row']/div[2]//button[text()=' History'] 
2020-05-13 11:29:06,968|base_page.py[line:222] INFO:Had find the elements successful by xpath via value: //div[@class='card']//div//h4 
2020-05-13 11:29:09,010|base_page.py[line:67] INFO:Had find the element ' Miss
API-Automationd96c
API-Automationd96c
API-Automationd96c
Jr.
CPA ' successful by xpath via value: //div[@class='glo-row']/div[1]//div[@class='glo-row']//div[@class='rt-tr-group'][1]/div 
2020-05-13 11:29:11,101|base_page.py[line:67] INFO:Had find the element ' Phone ' successful by xpath via value: //div[@class='card']//div//h4[text()='Phone'] 
2020-05-13 11:29:13,186|base_page.py[line:67] INFO:Had find the element ' New ' successful by xpath via value: //div[@class='glo-row']/div[3]//button[text()=' New'] 
2020-05-13 11:29:26,663|base_page.py[line:69] ERROR:TimeoutException: selector by xpath ,value xpath=>//div[@class='card']//li/a[text()='Contacts']
2020-05-13 11:29:28,706|base_page.py[line:67] INFO:Had find the element ' Contacts ' successful by xpath via value: //div[@class='card']//li/a[text()='Contacts'] 
2020-05-13 11:29:30,291|base_page.py[line:222] INFO:Had find the elements successful by xpath via value: //div[@class='card']//div//h4 
2020-05-13 11:29:32,386|base_page.py[line:67] INFO:Had find the element ' Miss
API-Automationd96c
API-Automationd96c
API-Automationd96c
Jr.
CPA ' successful by xpath via value: //div[@class='glo-row']/div[1]//div[@class='glo-row']//div[@class='rt-tr-group'][1]/div 
2020-05-13 11:29:34,498|base_page.py[line:67] INFO:Had find the element ' Phone ' successful by xpath via value: //div[@class='card']//div//h4[text()='Phone'] 
2020-05-13 11:29:35,028|base_page.py[line:222] INFO:Had find the elements successful by xpath via value: //div[@class='glo-row']/div[1]//div[@class='glo-row']//div[@class='rt-tr-group'] 
2020-05-13 11:29:37,072|base_page.py[line:67] INFO:Had find the element ' Miss
API-Automationd96c
API-Automationd96c
API-Automationd96c
Jr.
CPA ' successful by xpath via value: //div[@class='glo-row']/div[1]//div[@class='glo-row']//div[@class='rt-tr-group'][1]/div 
