2020-05-13 10:13:04,500|browser_engine.py[line:25] INFO:You had select Chrome browser.
2020-05-13 10:13:04,501|browser_engine.py[line:27] INFO:The test server url is: https://rralamotest.z21.web.core.windows.net/
2020-05-13 10:13:08,495|browser_engine.py[line:40] INFO:Starting Chrome browser.
2020-05-13 10:13:09,841|browser_engine.py[line:51] INFO:Maximize the current window.
2020-05-13 10:13:38,634|browser_engine.py[line:54] INFO:Open url: https://rralamotest.z21.web.core.windows.net/
2020-05-13 10:14:49,509|base_page.py[line:69] ERROR:TimeoutException: selector by xpath ,value xpath=>//div[@class='localAccount']//div[@class='intro']/h2
2020-05-13 10:14:51,561|base_page.py[line:67] INFO:Had find the element ' Sign in with your existing account ' successful by xpath via value: //div[@class='localAccount']//div[@class='intro']/h2 
2020-05-13 10:14:53,667|base_page.py[line:67] INFO:Had find the element '  ' successful by id via value: logonIdentifier 
2020-05-13 10:14:53,716|base_page.py[line:144] INFO:Clear text in input box before typing.
2020-05-13 10:14:55,743|base_page.py[line:67] INFO:Had find the element '  ' successful by id via value: logonIdentifier 
2020-05-13 10:14:55,948|base_page.py[line:134] INFO:Had type ' yan.liu@an-chen.com ' in inputBox
2020-05-13 10:14:58,013|base_page.py[line:67] INFO:Had find the element '  ' successful by id via value: password 
2020-05-13 10:14:58,076|base_page.py[line:144] INFO:Clear text in input box before typing.
2020-05-13 10:15:00,104|base_page.py[line:67] INFO:Had find the element '  ' successful by id via value: password 
2020-05-13 10:15:00,387|base_page.py[line:134] INFO:Had type ' Lychan@2012 ' in inputBox
2020-05-13 10:15:02,441|base_page.py[line:67] INFO:Had find the element ' Sign in ' successful by xpath via value: //div[@class='buttons']/button[text()='Sign in'] 
2020-05-13 10:15:16,440|base_page.py[line:69] ERROR:TimeoutException: selector by xpath ,value xpath=>//div[@id='root']//div[@class='content-heading']
2020-05-13 10:15:18,511|base_page.py[line:67] INFO:Had find the element ' Welcome, yanliu ' successful by xpath via value: //div[@id='root']//div[@class='content-heading'] 
2020-05-13 10:15:18,511|login.py[line:41] INFO:login success
2020-05-13 10:15:31,329|base_page.py[line:69] ERROR:TimeoutException: selector by xpath ,value xpath=>//div[@class='card']/form//div[@id='homeGrid']/div//h2
2020-05-13 10:15:31,848|base_page.py[line:222] INFO:Had find the elements successful by xpath via value: //div[@class='card']/form//div[@id='homeGrid']/div//h2 
2020-05-13 10:15:33,990|base_page.py[line:67] INFO:Had find the element '  ' successful by xpath via value: //div[@class='card']/form//div[@id='homeGrid']/div[4]//input 
2020-05-13 10:15:34,402|base_page.py[line:134] INFO:Had type ' C000088898 ' in inputBox
2020-05-13 10:15:36,462|base_page.py[line:67] INFO:Had find the element ' Go ' successful by xpath via value: //div[@class='card']/form//div[@id='homeGrid']/div[4]/div/button 
2020-05-13 10:15:36,651|base_page.py[line:156] INFO:The element ' Go ' was clicked.
2020-05-13 10:15:36,651|homePage.py[line:50] INFO:module_name: Customers
2020-05-13 10:15:49,106|base_page.py[line:69] ERROR:TimeoutException: selector by xpath ,value xpath=>//div[@class='card']//li/a[text()='Contacts']
2020-05-13 10:15:51,156|base_page.py[line:67] INFO:Had find the element ' Contacts ' successful by xpath via value: //div[@class='card']//li/a[text()='Contacts'] 
2020-05-13 10:15:51,287|base_page.py[line:156] INFO:The element ' Contacts ' was clicked.
2020-05-13 10:15:51,826|base_page.py[line:222] INFO:Had find the elements successful by xpath via value: //div[@class='card']//div//h4 
2020-05-13 10:15:53,904|base_page.py[line:67] INFO:Had find the element ' Contacts ' successful by xpath via value: //div[@class='card']//div//h4[text()='Contacts'] 
2020-05-13 10:15:54,444|base_page.py[line:222] INFO:Had find the elements successful by xpath via value: //div[@class='glo-row']/div[1]//div[@class='glo-row']//div[@class='rt-tr-group'] 
2020-05-13 10:15:56,492|base_page.py[line:67] INFO:Had find the element ' Miss
API-Automationd96c
API-Automationd96c
API-Automationd96c
Jr.
CPA ' successful by xpath via value: //div[@class='glo-row']/div[1]//div[@class='glo-row']//div[@class='rt-tr-group'][1]/div 
2020-05-13 10:15:58,563|base_page.py[line:67] INFO:Had find the element ' Miss
API-Automationd96c
API-Automationd96c
API-Automationd96c
Jr.
CPA ' successful by xpath via value: //div[@class='glo-row']/div[1]//div[@class='glo-row']//div[@class='rt-tr-group'][1]/div 
2020-05-13 10:15:58,693|base_page.py[line:156] INFO:The element ' Miss
API-Automationd96c
API-Automationd96c
API-Automationd96c
Jr.
CPA ' was clicked.
2020-05-13 10:16:00,730|base_page.py[line:67] INFO:Had find the element ' Details ' successful by xpath via value: //div[@class='glo-row']/div[1]//button[text()=' Details'] 
2020-05-13 10:16:00,892|base_page.py[line:156] INFO:The element ' Details ' was clicked.
2020-05-13 10:16:02,949|base_page.py[line:67] INFO:Had find the element ' Contacts Details ' successful by xpath via value: //h4[@class='modal-title'] 
2020-05-13 10:16:05,007|base_page.py[line:67] INFO:Had find the element ' × ' successful by xpath via value: //button[@class='close'] 
2020-05-13 10:16:05,154|base_page.py[line:156] INFO:The element ' × ' was clicked.
2020-05-13 10:16:05,677|base_page.py[line:222] INFO:Had find the elements successful by xpath via value: //div[@class='card']//div//h4 
2020-05-13 10:16:07,767|base_page.py[line:67] INFO:Had find the element ' Email ' successful by xpath via value: //div[@class='card']//div//h4[text()='Email'] 
2020-05-13 10:16:09,827|base_page.py[line:67] INFO:Had find the element ' New ' successful by xpath via value: //div[@class='glo-row']/div[2]//button[text()=' New'] 
2020-05-13 10:16:09,967|base_page.py[line:156] INFO:The element ' New ' was clicked.
2020-05-13 10:16:12,001|base_page.py[line:67] INFO:Had find the element '  ' successful by id via value: CreateContactEmail 
2020-05-13 10:16:12,126|base_page.py[line:156] INFO:The element '  ' was clicked.
2020-05-13 10:16:14,170|base_page.py[line:67] INFO:Had find the element '  ' successful by id via value: CreateContactEmail 
2020-05-13 10:16:16,257|base_page.py[line:67] INFO:Had find the element '  ' successful by id via value: CreateContactEmail 
2020-05-13 10:16:18,311|base_page.py[line:67] INFO:Had find the element '  ' successful by id via value: CreateContactEmail 
2020-05-13 10:16:18,705|base_page.py[line:134] INFO:Had type ' uiautomation@qq.com ' in inputBox
2020-05-13 10:16:20,769|base_page.py[line:67] INFO:Had find the element ' Select one...
Personal
Business
Company
Government
Unknown ' successful by id via value: CreateEmailType 
2020-05-13 10:16:20,901|base_page.py[line:156] INFO:The element ' Select one...
Personal
Business
Company
Government
Unknown ' was clicked.
2020-05-13 10:16:22,950|base_page.py[line:67] INFO:Had find the element ' Select one...
Personal
Business
Company
Government
Unknown ' successful by id via value: CreateEmailType 
2020-05-13 10:16:25,088|base_page.py[line:67] INFO:Had find the element ' No
Yes ' successful by id via value: CreateIsPrimary 
2020-05-13 10:16:25,205|base_page.py[line:156] INFO:The element ' No
Yes ' was clicked.
2020-05-13 10:16:27,244|base_page.py[line:67] INFO:Had find the element ' No
Yes ' successful by id via value: CreateIsPrimary 
2020-05-13 10:16:29,346|base_page.py[line:67] INFO:Had find the element ' Save ' successful by xpath via value: //button[text()='Save'] 
2020-05-13 10:16:29,486|base_page.py[line:156] INFO:The element ' Save ' was clicked.
2020-05-13 10:16:31,523|base_page.py[line:67] INFO:Had find the element ' Contact Email:: uiautomation@qq.com created successfully. ' successful by xpath via value: //div[@role='alert'] 
2020-05-13 10:16:43,547|base_page.py[line:69] ERROR:TimeoutException: selector by xpath ,value xpath=>//div[@class='card']//li/a[text()='Summary']
2020-05-13 10:16:45,604|base_page.py[line:67] INFO:Had find the element ' Summary ' successful by xpath via value: //div[@class='card']//li/a[text()='Summary'] 
2020-05-13 10:16:45,778|base_page.py[line:156] INFO:The element ' Summary ' was clicked.
2020-05-13 10:16:58,245|base_page.py[line:69] ERROR:TimeoutException: selector by xpath ,value xpath=>//div[@class='card']//li/a[text()='Contacts']
2020-05-13 10:17:00,287|base_page.py[line:67] INFO:Had find the element ' Contacts ' successful by xpath via value: //div[@class='card']//li/a[text()='Contacts'] 
2020-05-13 10:17:00,399|base_page.py[line:156] INFO:The element ' Contacts ' was clicked.
2020-05-13 10:17:00,913|base_page.py[line:222] INFO:Had find the elements successful by xpath via value: //div[@class='card']//div//h4 
2020-05-13 10:17:01,459|base_page.py[line:222] INFO:Had find the elements successful by xpath via value: //div[@class='card']//div//h4 
2020-05-13 10:17:13,950|base_page.py[line:69] ERROR:TimeoutException: selector by xpath ,value xpath=>//div[@class='card']//li/a[text()='Contacts']
2020-05-13 10:17:15,978|base_page.py[line:67] INFO:Had find the element ' Contacts ' successful by xpath via value: //div[@class='card']//li/a[text()='Contacts'] 
2020-05-13 10:17:16,067|base_page.py[line:156] INFO:The element ' Contacts ' was clicked.
2020-05-13 10:17:16,576|base_page.py[line:222] INFO:Had find the elements successful by xpath via value: //div[@class='card']//div//h4 
2020-05-13 10:17:17,109|base_page.py[line:222] INFO:Had find the elements successful by xpath via value: //div[@class='card']//div//h4 
2020-05-13 10:17:17,642|base_page.py[line:222] INFO:Had find the elements successful by xpath via value: //div[@class='card']//div//h4 
