2020-05-13 09:58:52,029|browser_engine.py[line:25] INFO:You had select Chrome browser.
2020-05-13 09:58:52,030|browser_engine.py[line:27] INFO:The test server url is: https://rralamotest.z21.web.core.windows.net/
2020-05-13 09:58:55,599|browser_engine.py[line:40] INFO:Starting Chrome browser.
2020-05-13 09:58:56,899|browser_engine.py[line:51] INFO:Maximize the current window.
2020-05-13 09:59:23,193|browser_engine.py[line:54] INFO:Open url: https://rralamotest.z21.web.core.windows.net/
2020-05-13 09:59:35,609|base_page.py[line:69] ERROR:TimeoutException: selector by xpath ,value xpath=>//div[@class='localAccount']//div[@class='intro']/h2
2020-05-13 09:59:37,654|base_page.py[line:67] INFO:Had find the element ' Sign in with your existing account ' successful by xpath via value: //div[@class='localAccount']//div[@class='intro']/h2 
2020-05-13 09:59:39,703|base_page.py[line:67] INFO:Had find the element '  ' successful by id via value: logonIdentifier 
2020-05-13 09:59:39,758|base_page.py[line:144] INFO:Clear text in input box before typing.
2020-05-13 09:59:41,780|base_page.py[line:67] INFO:Had find the element '  ' successful by id via value: logonIdentifier 
2020-05-13 09:59:41,969|base_page.py[line:134] INFO:Had type ' yan.liu@an-chen.com ' in inputBox
2020-05-13 09:59:44,028|base_page.py[line:67] INFO:Had find the element '  ' successful by id via value: password 
2020-05-13 09:59:44,074|base_page.py[line:144] INFO:Clear text in input box before typing.
2020-05-13 09:59:46,115|base_page.py[line:67] INFO:Had find the element '  ' successful by id via value: password 
2020-05-13 09:59:46,386|base_page.py[line:134] INFO:Had type ' Lychan@2012 ' in inputBox
2020-05-13 09:59:48,418|base_page.py[line:67] INFO:Had find the element ' Sign in ' successful by xpath via value: //div[@class='buttons']/button[text()='Sign in'] 
2020-05-13 10:00:00,652|base_page.py[line:69] ERROR:TimeoutException: selector by xpath ,value xpath=>//div[@id='root']//div[@class='content-heading']
2020-05-13 10:00:02,708|base_page.py[line:67] INFO:Had find the element ' Welcome, yanliu ' successful by xpath via value: //div[@id='root']//div[@class='content-heading'] 
2020-05-13 10:00:02,708|login.py[line:41] INFO:login success
2020-05-13 10:00:15,291|base_page.py[line:69] ERROR:TimeoutException: selector by xpath ,value xpath=>//div[@class='card']/form//div[@id='homeGrid']/div//h2
2020-05-13 10:00:15,832|base_page.py[line:222] INFO:Had find the elements successful by xpath via value: //div[@class='card']/form//div[@id='homeGrid']/div//h2 
2020-05-13 10:00:17,953|base_page.py[line:67] INFO:Had find the element '  ' successful by xpath via value: //div[@class='card']/form//div[@id='homeGrid']/div[4]//input 
2020-05-13 10:00:18,142|base_page.py[line:134] INFO:Had type ' C000088898 ' in inputBox
2020-05-13 10:00:20,209|base_page.py[line:67] INFO:Had find the element ' Go ' successful by xpath via value: //div[@class='card']/form//div[@id='homeGrid']/div[4]/div/button 
2020-05-13 10:00:20,361|base_page.py[line:156] INFO:The element ' Go ' was clicked.
2020-05-13 10:00:20,362|homePage.py[line:50] INFO:module_name: Customers
2020-05-13 10:00:32,799|base_page.py[line:69] ERROR:TimeoutException: selector by xpath ,value xpath=>//div[@class='card']//li/a[text()='Contacts']
2020-05-13 10:00:34,867|base_page.py[line:67] INFO:Had find the element ' Contacts ' successful by xpath via value: //div[@class='card']//li/a[text()='Contacts'] 
2020-05-13 10:00:35,012|base_page.py[line:156] INFO:The element ' Contacts ' was clicked.
2020-05-13 10:00:35,530|base_page.py[line:222] INFO:Had find the elements successful by xpath via value: //div[@class='card']//div//h4 
2020-05-13 10:00:37,580|base_page.py[line:67] INFO:Had find the element ' Contacts ' successful by xpath via value: //div[@class='card']//div//h4[text()='Contacts'] 
2020-05-13 10:00:38,134|base_page.py[line:222] INFO:Had find the elements successful by xpath via value: //div[@class='glo-row']/div[1]//div[@class='glo-row']//div[@class='rt-tr-group'] 
2020-05-13 10:00:40,193|base_page.py[line:67] INFO:Had find the element ' Miss
API-Automationd96c
API-Automationd96c
API-Automationd96c
Jr.
CPA ' successful by xpath via value: //div[@class='glo-row']/div[1]//div[@class='glo-row']//div[@class='rt-tr-group'][1]/div 
2020-05-13 10:00:42,514|base_page.py[line:67] INFO:Had find the element ' Miss
API-Automationd96c
API-Automationd96c
API-Automationd96c
Jr.
CPA ' successful by xpath via value: //div[@class='glo-row']/div[1]//div[@class='glo-row']//div[@class='rt-tr-group'][1]/div 
2020-05-13 10:00:43,138|base_page.py[line:156] INFO:The element ' Miss
API-Automationd96c
API-Automationd96c
API-Automationd96c
Jr.
CPA ' was clicked.
2020-05-13 10:00:45,341|base_page.py[line:67] INFO:Had find the element ' Details ' successful by xpath via value: //div[@class='glo-row']/div[1]//button[text()=' Details'] 
2020-05-13 10:00:45,854|base_page.py[line:156] INFO:The element ' Details ' was clicked.
2020-05-13 10:00:47,930|base_page.py[line:67] INFO:Had find the element ' Contacts Details ' successful by xpath via value: //h4[@class='modal-title'] 
2020-05-13 10:00:50,073|base_page.py[line:67] INFO:Had find the element ' × ' successful by xpath via value: //button[@class='close'] 
2020-05-13 10:00:50,382|base_page.py[line:156] INFO:The element ' × ' was clicked.
2020-05-13 10:01:02,847|base_page.py[line:69] ERROR:TimeoutException: selector by xpath ,value xpath=>//div[@class='card']//li/a[text()='Contacts']
2020-05-13 10:01:04,879|base_page.py[line:67] INFO:Had find the element ' Contacts ' successful by xpath via value: //div[@class='card']//li/a[text()='Contacts'] 
2020-05-13 10:01:05,014|base_page.py[line:156] INFO:The element ' Contacts ' was clicked.
2020-05-13 10:01:05,527|base_page.py[line:222] INFO:Had find the elements successful by xpath via value: //div[@class='card']//div//h4 
2020-05-13 10:01:07,572|base_page.py[line:67] INFO:Had find the element ' Contacts ' successful by xpath via value: //div[@class='card']//div//h4[text()='Contacts'] 
2020-05-13 10:01:09,640|base_page.py[line:67] INFO:Had find the element ' History ' successful by xpath via value: //div[@class='glo-row']/div[1]//button[text()=' History'] 
2020-05-13 10:01:09,761|base_page.py[line:156] INFO:The element ' History ' was clicked.
2020-05-13 10:01:11,824|base_page.py[line:67] INFO:Had find the element ' History For Contacts ' successful by xpath via value: //h4[@class='modal-title'] 
2020-05-13 10:01:13,887|base_page.py[line:67] INFO:Had find the element ' × ' successful by xpath via value: //button[@class='close'] 
2020-05-13 10:01:13,966|base_page.py[line:156] INFO:The element ' × ' was clicked.
2020-05-13 10:01:14,478|base_page.py[line:222] INFO:Had find the elements successful by xpath via value: //div[@class='card']//div//h4 
2020-05-13 10:01:16,567|base_page.py[line:67] INFO:Had find the element ' Email ' successful by xpath via value: //div[@class='card']//div//h4[text()='Email'] 
2020-05-13 10:01:18,624|base_page.py[line:67] INFO:Had find the element ' New ' successful by xpath via value: //div[@class='glo-row']/div[2]//button[text()=' New'] 
2020-05-13 10:01:18,793|base_page.py[line:156] INFO:The element ' New ' was clicked.
2020-05-13 10:01:20,855|base_page.py[line:67] INFO:Had find the element '  ' successful by id via value: CreateContactEmail 
2020-05-13 10:01:20,950|base_page.py[line:156] INFO:The element '  ' was clicked.
2020-05-13 10:01:22,971|base_page.py[line:67] INFO:Had find the element '  ' successful by id via value: CreateContactEmail 
2020-05-13 10:01:25,043|base_page.py[line:67] INFO:Had find the element '  ' successful by id via value: CreateContactEmail 
2020-05-13 10:01:27,099|base_page.py[line:67] INFO:Had find the element '  ' successful by id via value: CreateContactEmail 
2020-05-13 10:01:27,442|base_page.py[line:134] INFO:Had type ' uiautomation@qq.com ' in inputBox
2020-05-13 10:01:29,503|base_page.py[line:67] INFO:Had find the element ' Select one...
Personal
Business
Company
Government
Unknown ' successful by id via value: CreateEmailType 
2020-05-13 10:01:29,627|base_page.py[line:156] INFO:The element ' Select one...
Personal
Business
Company
Government
Unknown ' was clicked.
2020-05-13 10:01:31,659|base_page.py[line:67] INFO:Had find the element ' Select one...
Personal
Business
Company
Government
Unknown ' successful by id via value: CreateEmailType 
2020-05-13 10:01:33,791|base_page.py[line:67] INFO:Had find the element ' No
Yes ' successful by id via value: CreateIsPrimary 
2020-05-13 10:01:33,905|base_page.py[line:156] INFO:The element ' No
Yes ' was clicked.
2020-05-13 10:01:35,926|base_page.py[line:67] INFO:Had find the element ' No
Yes ' successful by id via value: CreateIsPrimary 
2020-05-13 10:01:37,999|base_page.py[line:67] INFO:Had find the element ' Save ' successful by xpath via value: //button[text()='Save'] 
2020-05-13 10:01:38,102|base_page.py[line:156] INFO:The element ' Save ' was clicked.
2020-05-13 10:01:40,168|base_page.py[line:67] INFO:Had find the element ' Contact Email:: uiautomation@qq.com created successfully. ' successful by xpath via value: //div[@role='alert'] 
2020-05-13 10:01:52,638|base_page.py[line:69] ERROR:TimeoutException: selector by xpath ,value xpath=>//div[@class='card']//li/a[text()='Summary']
2020-05-13 10:01:54,697|base_page.py[line:67] INFO:Had find the element ' Summary ' successful by xpath via value: //div[@class='card']//li/a[text()='Summary'] 
2020-05-13 10:01:54,856|base_page.py[line:156] INFO:The element ' Summary ' was clicked.
2020-05-13 10:02:06,884|base_page.py[line:69] ERROR:TimeoutException: selector by xpath ,value xpath=>//div[@class='card']//li/a[text()='Contacts']
2020-05-13 10:02:08,943|base_page.py[line:67] INFO:Had find the element ' Contacts ' successful by xpath via value: //div[@class='card']//li/a[text()='Contacts'] 
2020-05-13 10:02:09,045|base_page.py[line:156] INFO:The element ' Contacts ' was clicked.
2020-05-13 10:02:09,572|base_page.py[line:222] INFO:Had find the elements successful by xpath via value: //div[@class='card']//div//h4 
2020-05-13 10:02:10,111|base_page.py[line:222] INFO:Had find the elements successful by xpath via value: //div[@class='card']//div//h4 
2020-05-13 10:02:22,514|base_page.py[line:69] ERROR:TimeoutException: selector by xpath ,value xpath=>//div[@class='card']//li/a[text()='Contacts']
2020-05-13 10:02:24,547|base_page.py[line:67] INFO:Had find the element ' Contacts ' successful by xpath via value: //div[@class='card']//li/a[text()='Contacts'] 
2020-05-13 10:02:24,650|base_page.py[line:156] INFO:The element ' Contacts ' was clicked.
2020-05-13 10:02:25,169|base_page.py[line:222] INFO:Had find the elements successful by xpath via value: //div[@class='card']//div//h4 
2020-05-13 10:02:25,700|base_page.py[line:222] INFO:Had find the elements successful by xpath via value: //div[@class='card']//div//h4 
2020-05-13 10:02:26,227|base_page.py[line:222] INFO:Had find the elements successful by xpath via value: //div[@class='card']//div//h4 
2020-05-13 10:02:38,629|base_page.py[line:69] ERROR:TimeoutException: selector by xpath ,value xpath=>//div[@class='card']//li/a[text()='Contacts']
2020-05-13 10:02:40,707|base_page.py[line:67] INFO:Had find the element ' Contacts ' successful by xpath via value: //div[@class='card']//li/a[text()='Contacts'] 
2020-05-13 10:02:41,007|base_page.py[line:156] INFO:The element ' Contacts ' was clicked.
2020-05-13 10:02:41,777|base_page.py[line:222] INFO:Had find the elements successful by xpath via value: //div[@class='card']//div//h4 
2020-05-13 10:02:42,332|base_page.py[line:222] INFO:Had find the elements successful by xpath via value: //div[@class='card']//div//h4 
2020-05-13 10:02:42,881|base_page.py[line:222] INFO:Had find the elements successful by xpath via value: //div[@class='card']//div//h4 
2020-05-13 10:02:43,421|base_page.py[line:222] INFO:Had find the elements successful by xpath via value: //div[@class='card']//div//h4 
2020-05-13 10:02:43,967|base_page.py[line:222] INFO:Had find the elements successful by xpath via value: //div[@class='card']//div//h4 
2020-05-13 10:02:46,016|base_page.py[line:67] INFO:Had find the element ' Contacts ' successful by xpath via value: //div[@class='card']//div//h4[text()='Contacts'] 
2020-05-13 10:02:46,555|base_page.py[line:222] INFO:Had find the elements successful by xpath via value: //div[@class='glo-row']/div[1]//div[@class='glo-row']//div[@class='rt-tr-group'] 
2020-05-13 10:02:48,637|base_page.py[line:67] INFO:Had find the element ' Miss
API-Automationd96c
API-Automationd96c
API-Automationd96c
Jr.
CPA ' successful by xpath via value: //div[@class='glo-row']/div[1]//div[@class='glo-row']//div[@class='rt-tr-group'][1]/div 
2020-05-13 10:02:50,713|base_page.py[line:67] INFO:Had find the element ' Miss
API-Automationd96c
API-Automationd96c
API-Automationd96c
Jr.
CPA ' successful by xpath via value: //div[@class='glo-row']/div[1]//div[@class='glo-row']//div[@class='rt-tr-group'][1]/div 
2020-05-13 10:02:50,850|base_page.py[line:156] INFO:The element ' Miss
API-Automationd96c
API-Automationd96c
API-Automationd96c
Jr.
CPA ' was clicked.
2020-05-13 10:02:52,918|base_page.py[line:67] INFO:Had find the element ' Delete ' successful by xpath via value: //div[@class='glo-row']/div[1]//button[text()=' Delete'] 
2020-05-13 10:02:53,015|base_page.py[line:156] INFO:The element ' Delete ' was clicked.
2020-05-13 10:02:55,060|base_page.py[line:67] INFO:Had find the element ' Yes, delete it! ' successful by xpath via value: //button[text()='Yes, delete it!'] 
2020-05-13 10:02:55,122|base_page.py[line:156] INFO:The element ' Yes, delete it! ' was clicked.
2020-05-13 10:03:07,528|base_page.py[line:69] ERROR:TimeoutException: selector by xpath ,value //div[@role='alert']
2020-05-13 10:03:07,528|base_page.py[line:122] ERROR:NoSuchElement selector_by: xpath, selector: //div[@role='alert'] 
