2020-05-13 08:52:49,972|browser_engine.py[line:25] INFO:You had select Chrome browser.
2020-05-13 08:52:49,973|browser_engine.py[line:27] INFO:The test server url is: https://rralamotest.z21.web.core.windows.net/
2020-05-13 08:53:04,544|browser_engine.py[line:40] INFO:Starting Chrome browser.
2020-05-13 08:53:05,872|browser_engine.py[line:51] INFO:Maximize the current window.
2020-05-13 08:53:45,576|browser_engine.py[line:54] INFO:Open url: https://rralamotest.z21.web.core.windows.net/
2020-05-13 08:53:57,602|base_page.py[line:69] ERROR:TimeoutException: selector by xpath ,value xpath=>//div[@class='localAccount']//div[@class='intro']/h2
2020-05-13 08:54:02,758|base_page.py[line:67] INFO:Had find the element ' Sign in with your existing account ' successful by xpath via value: //div[@class='localAccount']//div[@class='intro']/h2 
2020-05-13 08:54:07,556|base_page.py[line:67] INFO:Had find the element '  ' successful by id via value: logonIdentifier 
2020-05-13 08:54:09,053|base_page.py[line:144] INFO:Clear text in input box before typing.
2020-05-13 08:54:12,396|base_page.py[line:67] INFO:Had find the element '  ' successful by id via value: logonIdentifier 
2020-05-13 08:54:19,648|base_page.py[line:134] INFO:Had type ' yan.liu@an-chen.com ' in inputBox
2020-05-13 08:54:22,396|base_page.py[line:67] INFO:Had find the element '  ' successful by id via value: password 
2020-05-13 08:54:23,292|base_page.py[line:144] INFO:Clear text in input box before typing.
2020-05-13 08:54:26,376|base_page.py[line:67] INFO:Had find the element '  ' successful by id via value: password 
2020-05-13 08:54:34,356|base_page.py[line:134] INFO:Had type ' Lychan@2012 ' in inputBox
2020-05-13 08:54:36,902|base_page.py[line:67] INFO:Had find the element ' Sign in ' successful by xpath via value: //div[@class='buttons']/button[text()='Sign in'] 
2020-05-13 08:54:49,444|base_page.py[line:69] ERROR:TimeoutException: selector by xpath ,value xpath=>//div[@id='root']//div[@class='content-heading']
2020-05-13 08:54:51,965|base_page.py[line:67] INFO:Had find the element ' Welcome, yanliu ' successful by xpath via value: //div[@id='root']//div[@class='content-heading'] 
2020-05-13 08:54:51,965|login.py[line:41] INFO:login success
2020-05-13 08:55:06,157|base_page.py[line:69] ERROR:TimeoutException: selector by xpath ,value xpath=>//div[@class='card']/form//div[@id='homeGrid']/div//h2
2020-05-13 08:55:06,833|base_page.py[line:222] INFO:Had find the elements successful by xpath via value: //div[@class='card']/form//div[@id='homeGrid']/div//h2 
2020-05-13 08:55:10,168|base_page.py[line:67] INFO:Had find the element '  ' successful by xpath via value: //div[@class='card']/form//div[@id='homeGrid']/div[4]//input 
2020-05-13 08:55:13,059|base_page.py[line:134] INFO:Had type ' C000088898 ' in inputBox
2020-05-13 08:55:15,498|base_page.py[line:67] INFO:Had find the element ' Go ' successful by xpath via value: //div[@class='card']/form//div[@id='homeGrid']/div[4]/div/button 
2020-05-13 08:55:17,200|base_page.py[line:156] INFO:The element ' Go ' was clicked.
2020-05-13 08:55:17,201|homePage.py[line:50] INFO:module_name: Customers
2020-05-13 08:55:29,456|base_page.py[line:69] ERROR:TimeoutException: selector by xpath ,value xpath=>//div[@class='card']//li/a[text()='Contacts']
2020-05-13 08:55:31,780|base_page.py[line:67] INFO:Had find the element ' Contacts ' successful by xpath via value: //div[@class='card']//li/a[text()='Contacts'] 
2020-05-13 08:55:32,532|base_page.py[line:156] INFO:The element ' Contacts ' was clicked.
2020-05-13 08:55:33,153|base_page.py[line:222] INFO:Had find the elements successful by xpath via value: //div[@class='card']//div//h4 
2020-05-13 08:55:35,395|base_page.py[line:67] INFO:Had find the element ' Contacts ' successful by xpath via value: //div[@class='card']//div//h4[text()='Contacts'] 
2020-05-13 08:55:36,002|base_page.py[line:222] INFO:Had find the elements successful by xpath via value: //div[@class='glo-row']/div[1]//div[@class='glo-row']//div[@class='rt-tr-group'] 
2020-05-13 08:55:38,353|base_page.py[line:67] INFO:Had find the element ' Dr.
a83a
a83a
a83a
Jr.
CPA ' successful by xpath via value: //div[@class='glo-row']/div[1]//div[@class='glo-row']//div[@class='rt-tr-group'][1]/div 
2020-05-13 08:55:40,613|base_page.py[line:67] INFO:Had find the element ' Dr.
a83a
a83a
a83a
Jr.
CPA ' successful by xpath via value: //div[@class='glo-row']/div[1]//div[@class='glo-row']//div[@class='rt-tr-group'][1]/div 
2020-05-13 08:55:41,435|base_page.py[line:156] INFO:The element ' Dr.
a83a
a83a
a83a
Jr.
CPA ' was clicked.
2020-05-13 08:55:43,666|base_page.py[line:67] INFO:Had find the element ' Details ' successful by xpath via value: //div[@class='glo-row']/div[1]//button[text()=' Details'] 
2020-05-13 08:55:44,489|base_page.py[line:156] INFO:The element ' Details ' was clicked.
2020-05-13 08:55:46,659|base_page.py[line:67] INFO:Had find the element ' Contacts Details ' successful by xpath via value: //h4[@class='modal-title'] 
2020-05-13 08:55:48,844|base_page.py[line:67] INFO:Had find the element ' × ' successful by xpath via value: //button[@class='close'] 
2020-05-13 08:55:49,338|base_page.py[line:156] INFO:The element ' × ' was clicked.
2020-05-13 08:56:01,546|base_page.py[line:69] ERROR:TimeoutException: selector by xpath ,value xpath=>//div[@class='card']//li/a[text()='Contacts']
2020-05-13 08:56:03,670|base_page.py[line:67] INFO:Had find the element ' Contacts ' successful by xpath via value: //div[@class='card']//li/a[text()='Contacts'] 
2020-05-13 08:56:04,124|base_page.py[line:156] INFO:The element ' Contacts ' was clicked.
2020-05-13 08:56:04,659|base_page.py[line:222] INFO:Had find the elements successful by xpath via value: //div[@class='card']//div//h4 
2020-05-13 08:56:06,860|base_page.py[line:67] INFO:Had find the element ' Contacts ' successful by xpath via value: //div[@class='card']//div//h4[text()='Contacts'] 
2020-05-13 08:56:09,060|base_page.py[line:67] INFO:Had find the element ' History ' successful by xpath via value: //div[@class='glo-row']/div[1]//button[text()=' History'] 
2020-05-13 08:56:09,920|base_page.py[line:156] INFO:The element ' History ' was clicked.
2020-05-13 08:56:12,206|base_page.py[line:67] INFO:Had find the element ' History For Contacts ' successful by xpath via value: //h4[@class='modal-title'] 
2020-05-13 08:56:14,556|base_page.py[line:67] INFO:Had find the element ' × ' successful by xpath via value: //button[@class='close'] 
2020-05-13 08:56:15,110|base_page.py[line:156] INFO:The element ' × ' was clicked.
2020-05-13 08:56:15,709|base_page.py[line:222] INFO:Had find the elements successful by xpath via value: //div[@class='card']//div//h4 
2020-05-13 08:56:18,152|base_page.py[line:67] INFO:Had find the element ' Email ' successful by xpath via value: //div[@class='card']//div//h4[text()='Email'] 
2020-05-13 08:56:20,449|base_page.py[line:67] INFO:Had find the element ' New ' successful by xpath via value: //div[@class='glo-row']/div[2]//button[text()=' New'] 
2020-05-13 08:56:21,482|base_page.py[line:156] INFO:The element ' New ' was clicked.
2020-05-13 08:56:23,650|base_page.py[line:67] INFO:Had find the element '  ' successful by id via value: CreateContactEmail 
2020-05-13 08:56:24,214|base_page.py[line:156] INFO:The element '  ' was clicked.
2020-05-13 08:56:26,330|base_page.py[line:67] INFO:Had find the element '  ' successful by id via value: CreateContactEmail 
2020-05-13 08:56:28,532|base_page.py[line:67] INFO:Had find the element '  ' successful by id via value: CreateContactEmail 
2020-05-13 08:56:30,708|base_page.py[line:67] INFO:Had find the element '  ' successful by id via value: CreateContactEmail 
2020-05-13 08:56:32,412|base_page.py[line:134] INFO:Had type ' uiautomation@qq.com ' in inputBox
2020-05-13 08:56:34,600|base_page.py[line:67] INFO:Had find the element ' Select one...
Personal
Business
Company
Government
Unknown ' successful by id via value: CreateEmailType 
2020-05-13 08:56:35,234|base_page.py[line:156] INFO:The element ' Select one...
Personal
Business
Company
Government
Unknown ' was clicked.
2020-05-13 08:56:37,416|base_page.py[line:67] INFO:Had find the element ' Select one...
Personal
Business
Company
Government
Unknown ' successful by id via value: CreateEmailType 
2020-05-13 08:56:40,503|base_page.py[line:67] INFO:Had find the element ' No
Yes ' successful by id via value: CreateIsPrimary 
2020-05-13 08:56:41,456|base_page.py[line:156] INFO:The element ' No
Yes ' was clicked.
2020-05-13 08:56:43,710|base_page.py[line:67] INFO:Had find the element ' No
Yes ' successful by id via value: CreateIsPrimary 
2020-05-13 08:56:46,277|base_page.py[line:67] INFO:Had find the element ' Save ' successful by xpath via value: //button[text()='Save'] 
2020-05-13 08:56:47,248|base_page.py[line:156] INFO:The element ' Save ' was clicked.
2020-05-13 08:56:49,562|base_page.py[line:67] INFO:Had find the element ' Contact Email:: uiautomation@qq.com created successfully. ' successful by xpath via value: //div[@role='alert'] 
2020-05-13 08:57:02,002|base_page.py[line:69] ERROR:TimeoutException: selector by xpath ,value xpath=>//div[@class='card']//li/a[text()='Summary']
2020-05-13 08:57:04,426|base_page.py[line:67] INFO:Had find the element ' Summary ' successful by xpath via value: //div[@class='card']//li/a[text()='Summary'] 
2020-05-13 08:57:05,583|base_page.py[line:156] INFO:The element ' Summary ' was clicked.
2020-05-13 08:57:06,194|base_page.py[line:222] INFO:Had find the elements successful by xpath via value: //div[@class='card']//div//h4 
2020-05-13 08:57:18,754|base_page.py[line:69] ERROR:TimeoutException: selector by xpath ,value xpath=>//div[@class='card']//li/a[text()='Contacts']
2020-05-13 08:57:21,459|base_page.py[line:67] INFO:Had find the element ' Contacts ' successful by xpath via value: //div[@class='card']//li/a[text()='Contacts'] 
2020-05-13 08:57:22,402|base_page.py[line:156] INFO:The element ' Contacts ' was clicked.
2020-05-13 08:57:22,994|base_page.py[line:222] INFO:Had find the elements successful by xpath via value: //div[@class='card']//div//h4 
2020-05-13 08:57:35,964|base_page.py[line:69] ERROR:TimeoutException: selector by xpath ,value xpath=>//div[@class='card']//li/a[text()='Contacts']
2020-05-13 08:57:39,030|base_page.py[line:67] INFO:Had find the element ' Contacts ' successful by xpath via value: //div[@class='card']//li/a[text()='Contacts'] 
2020-05-13 08:57:40,195|base_page.py[line:156] INFO:The element ' Contacts ' was clicked.
2020-05-13 08:57:40,951|base_page.py[line:222] INFO:Had find the elements successful by xpath via value: //div[@class='card']//div//h4 
2020-05-13 08:57:43,057|base_page.py[line:222] INFO:Had find the elements successful by xpath via value: //div[@class='card']//div//h4 
2020-05-13 08:57:43,945|base_page.py[line:222] INFO:Had find the elements successful by xpath via value: //div[@class='card']//div//h4 
2020-05-13 08:57:56,794|base_page.py[line:69] ERROR:TimeoutException: selector by xpath ,value xpath=>//div[@class='card']//li/a[text()='Contacts']
2020-05-13 08:57:58,905|base_page.py[line:67] INFO:Had find the element ' Contacts ' successful by xpath via value: //div[@class='card']//li/a[text()='Contacts'] 
2020-05-13 08:58:01,944|base_page.py[line:156] INFO:The element ' Contacts ' was clicked.
2020-05-13 08:58:02,581|base_page.py[line:222] INFO:Had find the elements successful by xpath via value: //div[@class='card']//div//h4 
2020-05-13 08:58:03,585|base_page.py[line:222] INFO:Had find the elements successful by xpath via value: //div[@class='card']//div//h4 
2020-05-13 08:58:04,411|base_page.py[line:222] INFO:Had find the elements successful by xpath via value: //div[@class='card']//div//h4 
2020-05-13 08:58:05,136|base_page.py[line:222] INFO:Had find the elements successful by xpath via value: //div[@class='card']//div//h4 
2020-05-13 08:58:06,211|base_page.py[line:222] INFO:Had find the elements successful by xpath via value: //div[@class='card']//div//h4 
2020-05-13 08:58:09,582|base_page.py[line:67] INFO:Had find the element ' Contacts ' successful by xpath via value: //div[@class='card']//div//h4[text()='Contacts'] 
2020-05-13 08:58:10,749|base_page.py[line:222] INFO:Had find the elements successful by xpath via value: //div[@class='glo-row']/div[1]//div[@class='glo-row']//div[@class='rt-tr-group'] 
2020-05-13 08:58:13,193|base_page.py[line:67] INFO:Had find the element ' Dr.
a83a
a83a
a83a
Jr.
CPA ' successful by xpath via value: //div[@class='glo-row']/div[1]//div[@class='glo-row']//div[@class='rt-tr-group'][1]/div 
2020-05-13 08:58:15,572|base_page.py[line:67] INFO:Had find the element ' Dr.
a83a
a83a
a83a
Jr.
CPA ' successful by xpath via value: //div[@class='glo-row']/div[1]//div[@class='glo-row']//div[@class='rt-tr-group'][1]/div 
2020-05-13 08:58:16,699|base_page.py[line:156] INFO:The element ' Dr.
a83a
a83a
a83a
Jr.
CPA ' was clicked.
2020-05-13 08:58:19,549|base_page.py[line:67] INFO:Had find the element ' Delete ' successful by xpath via value: //div[@class='glo-row']/div[1]//button[text()=' Delete'] 
2020-05-13 08:58:22,285|base_page.py[line:156] INFO:The element ' Delete ' was clicked.
2020-05-13 08:58:26,072|base_page.py[line:67] INFO:Had find the element ' Yes, delete it! ' successful by xpath via value: //button[text()='Yes, delete it!'] 
