2020-05-13 11:19:54,677|browser_engine.py[line:25] INFO:You had select Chrome browser.
2020-05-13 11:19:54,677|browser_engine.py[line:27] INFO:The test server url is: https://rralamotest.z21.web.core.windows.net/
2020-05-13 11:19:57,700|browser_engine.py[line:40] INFO:Starting Chrome browser.
2020-05-13 11:19:58,844|browser_engine.py[line:51] INFO:Maximize the current window.
2020-05-13 11:20:32,416|browser_engine.py[line:54] INFO:Open url: https://rralamotest.z21.web.core.windows.net/
2020-05-13 11:20:44,681|base_page.py[line:69] ERROR:TimeoutException: selector by xpath ,value xpath=>//div[@class='localAccount']//div[@class='intro']/h2
2020-05-13 11:20:46,733|base_page.py[line:67] INFO:Had find the element ' Sign in with your existing account ' successful by xpath via value: //div[@class='localAccount']//div[@class='intro']/h2 
2020-05-13 11:20:48,790|base_page.py[line:67] INFO:Had find the element '  ' successful by id via value: logonIdentifier 
2020-05-13 11:20:48,843|base_page.py[line:144] INFO:Clear text in input box before typing.
2020-05-13 11:20:50,866|base_page.py[line:67] INFO:Had find the element '  ' successful by id via value: logonIdentifier 
2020-05-13 11:20:51,050|base_page.py[line:134] INFO:Had type ' yan.liu@an-chen.com ' in inputBox
2020-05-13 11:20:53,104|base_page.py[line:67] INFO:Had find the element '  ' successful by id via value: password 
2020-05-13 11:20:53,198|base_page.py[line:144] INFO:Clear text in input box before typing.
2020-05-13 11:20:55,222|base_page.py[line:67] INFO:Had find the element '  ' successful by id via value: password 
2020-05-13 11:20:55,358|base_page.py[line:134] INFO:Had type ' Lychan@2012 ' in inputBox
2020-05-13 11:20:57,401|base_page.py[line:67] INFO:Had find the element ' Sign in ' successful by xpath via value: //div[@class='buttons']/button[text()='Sign in'] 
2020-05-13 11:21:09,744|base_page.py[line:69] ERROR:TimeoutException: selector by xpath ,value xpath=>//div[@id='root']//div[@class='content-heading']
2020-05-13 11:21:11,812|base_page.py[line:67] INFO:Had find the element ' Welcome, yanliu ' successful by xpath via value: //div[@id='root']//div[@class='content-heading'] 
2020-05-13 11:21:11,812|login.py[line:41] INFO:login success
2020-05-13 11:21:24,528|base_page.py[line:69] ERROR:TimeoutException: selector by xpath ,value xpath=>//div[@class='card']/form//div[@id='homeGrid']/div//h2
2020-05-13 11:21:25,062|base_page.py[line:222] INFO:Had find the elements successful by xpath via value: //div[@class='card']/form//div[@id='homeGrid']/div//h2 
2020-05-13 11:21:27,225|base_page.py[line:67] INFO:Had find the element '  ' successful by xpath via value: //div[@class='card']/form//div[@id='homeGrid']/div[4]//input 
2020-05-13 11:21:27,480|base_page.py[line:134] INFO:Had type ' C000088898 ' in inputBox
2020-05-13 11:21:29,532|base_page.py[line:67] INFO:Had find the element ' Go ' successful by xpath via value: //div[@class='card']/form//div[@id='homeGrid']/div[4]/div/button 
2020-05-13 11:21:29,753|base_page.py[line:156] INFO:The element ' Go ' was clicked.
2020-05-13 11:21:29,754|homePage.py[line:50] INFO:module_name: Customers
2020-05-13 11:21:42,104|base_page.py[line:69] ERROR:TimeoutException: selector by xpath ,value xpath=>//div[@class='card']//li/a[text()='Contacts']
2020-05-13 11:21:44,164|base_page.py[line:67] INFO:Had find the element ' Contacts ' successful by xpath via value: //div[@class='card']//li/a[text()='Contacts'] 
2020-05-13 11:21:44,280|base_page.py[line:156] INFO:The element ' Contacts ' was clicked.
2020-05-13 11:21:44,799|base_page.py[line:222] INFO:Had find the elements successful by xpath via value: //div[@class='card']//div//h4 
2020-05-13 11:21:46,853|base_page.py[line:67] INFO:Had find the element ' Miss
API-Automationd96c
API-Automationd96c
API-Automationd96c
Jr.
CPA ' successful by xpath via value: //div[@class='glo-row']/div[1]//div[@class='glo-row']//div[@class='rt-tr-group'][1]/div 
2020-05-13 11:21:48,974|base_page.py[line:67] INFO:Had find the element ' Miss
API-Automationd96c
API-Automationd96c
API-Automationd96c
Jr.
CPA ' successful by xpath via value: //div[@class='glo-row']/div[1]//div[@class='glo-row']//div[@class='rt-tr-group'][1]/div 
2020-05-13 11:21:49,443|base_page.py[line:156] INFO:The element ' Miss
API-Automationd96c
API-Automationd96c
API-Automationd96c
Jr.
CPA ' was clicked.
2020-05-13 11:21:51,587|base_page.py[line:67] INFO:Had find the element ' Contacts ' successful by xpath via value: //div[@class='card']//div//h4[text()='Contacts'] 
2020-05-13 11:21:52,118|base_page.py[line:222] INFO:Had find the elements successful by xpath via value: //div[@class='glo-row']/div[1]//div[@class='glo-row']//div[@class='rt-tr-group'] 
2020-05-13 11:21:54,189|base_page.py[line:67] INFO:Had find the element ' Miss
API-Automationd96c
API-Automationd96c
API-Automationd96c
Jr.
CPA ' successful by xpath via value: //div[@class='glo-row']/div[1]//div[@class='glo-row']//div[@class='rt-tr-group'][1]/div 
2020-05-13 11:21:56,254|base_page.py[line:67] INFO:Had find the element ' Details ' successful by xpath via value: //div[@class='glo-row']/div[1]//button[text()=' Details'] 
2020-05-13 11:21:56,471|base_page.py[line:156] INFO:The element ' Details ' was clicked.
2020-05-13 11:21:58,535|base_page.py[line:67] INFO:Had find the element ' Contacts Details ' successful by xpath via value: //h4[@class='modal-title'] 
2020-05-13 11:22:00,605|base_page.py[line:67] INFO:Had find the element ' × ' successful by xpath via value: //button[@class='close'] 
2020-05-13 11:22:00,736|base_page.py[line:156] INFO:The element ' × ' was clicked.
2020-05-13 11:22:01,251|base_page.py[line:222] INFO:Had find the elements successful by xpath via value: //div[@class='card']//div//h4 
2020-05-13 11:22:13,666|base_page.py[line:69] ERROR:TimeoutException: selector by xpath ,value //div[@class='glo-row']/div[1]//div[@class='glo-row']//div[@class='rt-tr-group'][]/div
2020-05-13 11:22:13,666|base_page.py[line:122] ERROR:NoSuchElement selector_by: xpath, selector: //div[@class='glo-row']/div[1]//div[@class='glo-row']//div[@class='rt-tr-group'][]/div 
2020-05-13 11:22:26,251|base_page.py[line:69] ERROR:TimeoutException: selector by xpath ,value xpath=>//div[@class='card']//li/a[text()='Contacts']
2020-05-13 11:22:28,285|base_page.py[line:67] INFO:Had find the element ' Contacts ' successful by xpath via value: //div[@class='card']//li/a[text()='Contacts'] 
2020-05-13 11:22:28,417|base_page.py[line:156] INFO:The element ' Contacts ' was clicked.
2020-05-13 11:22:28,926|base_page.py[line:222] INFO:Had find the elements successful by xpath via value: //div[@class='card']//div//h4 
2020-05-13 11:22:30,959|base_page.py[line:67] INFO:Had find the element ' Miss
API-Automationd96c
API-Automationd96c
API-Automationd96c
Jr.
CPA ' successful by xpath via value: //div[@class='glo-row']/div[1]//div[@class='glo-row']//div[@class='rt-tr-group'][1]/div 
2020-05-13 11:22:33,041|base_page.py[line:67] INFO:Had find the element ' Email ' successful by xpath via value: //div[@class='card']//div//h4[text()='Email'] 
2020-05-13 11:22:33,564|base_page.py[line:222] INFO:Had find the elements successful by xpath via value: //div[@class='glo-row']/div[1]//div[@class='glo-row']//div[@class='rt-tr-group'] 
2020-05-13 11:22:35,622|base_page.py[line:67] INFO:Had find the element ' Miss
API-Automationd96c
API-Automationd96c
API-Automationd96c
Jr.
CPA ' successful by xpath via value: //div[@class='glo-row']/div[1]//div[@class='glo-row']//div[@class='rt-tr-group'][1]/div 
2020-05-13 11:22:36,168|base_page.py[line:222] INFO:Had find the elements successful by xpath via value: //div[@class='glo-row']/div[2]//div[@class='glo-row']//div[@class='rt-tr-group'] 
2020-05-13 11:22:38,238|base_page.py[line:67] INFO:Had find the element ' Business
uiautomation@qq.com ' successful by xpath via value: //div[@class='glo-row']/div[2]//div[@class='glo-row']//div[@class='rt-tr-group'][1]/div 
2020-05-13 11:22:40,274|base_page.py[line:67] INFO:Had find the element ' Business
uiautomation@qq.com ' successful by xpath via value: //div[@class='glo-row']/div[2]//div[@class='glo-row']//div[@class='rt-tr-group'][1]/div 
2020-05-13 11:22:40,386|base_page.py[line:156] INFO:The element ' Business
uiautomation@qq.com ' was clicked.
2020-05-13 11:22:42,427|base_page.py[line:67] INFO:Had find the element ' Details ' successful by xpath via value: //div[@class='glo-row']/div[2]//button[text()=' Details'] 
2020-05-13 11:22:42,602|base_page.py[line:156] INFO:The element ' Details ' was clicked.
2020-05-13 11:22:44,779|base_page.py[line:67] INFO:Had find the element ' Email Details ' successful by xpath via value: //h4[@class='modal-title'] 
2020-05-13 11:22:46,899|base_page.py[line:67] INFO:Had find the element ' × ' successful by xpath via value: //button[@class='close'] 
2020-05-13 11:22:47,023|base_page.py[line:156] INFO:The element ' × ' was clicked.
2020-05-13 11:22:47,536|base_page.py[line:222] INFO:Had find the elements successful by xpath via value: //div[@class='card']//div//h4 
2020-05-13 11:22:49,582|base_page.py[line:67] INFO:Had find the element ' Miss
API-Automationd96c
API-Automationd96c
API-Automationd96c
Jr.
CPA ' successful by xpath via value: //div[@class='glo-row']/div[1]//div[@class='glo-row']//div[@class='rt-tr-group'][1]/div 
2020-05-13 11:22:51,669|base_page.py[line:67] INFO:Had find the element ' Email ' successful by xpath via value: //div[@class='card']//div//h4[text()='Email'] 
2020-05-13 11:22:52,207|base_page.py[line:222] INFO:Had find the elements successful by xpath via value: //div[@class='glo-row']/div[1]//div[@class='glo-row']//div[@class='rt-tr-group'] 
2020-05-13 11:22:54,267|base_page.py[line:67] INFO:Had find the element ' Miss
API-Automationd96c
API-Automationd96c
API-Automationd96c
Jr.
CPA ' successful by xpath via value: //div[@class='glo-row']/div[1]//div[@class='glo-row']//div[@class='rt-tr-group'][1]/div 
2020-05-13 11:22:54,795|base_page.py[line:222] INFO:Had find the elements successful by xpath via value: //div[@class='glo-row']/div[2]//div[@class='glo-row']//div[@class='rt-tr-group'] 
2020-05-13 11:22:56,837|base_page.py[line:67] INFO:Had find the element ' Business
uiautomation@qq.com ' successful by xpath via value: //div[@class='glo-row']/div[2]//div[@class='glo-row']//div[@class='rt-tr-group'][1]/div 
2020-05-13 11:22:58,889|base_page.py[line:67] INFO:Had find the element ' Edit ' successful by xpath via value: //div[@class='glo-row']/div[2]//button[text()=' Edit'] 
2020-05-13 11:22:59,033|base_page.py[line:156] INFO:The element ' Edit ' was clicked.
2020-05-13 11:23:11,360|base_page.py[line:69] ERROR:TimeoutException: selector by id ,value CreateContactEmail
2020-05-13 11:23:11,360|base_page.py[line:122] ERROR:NoSuchElement selector_by: id, selector: CreateContactEmail 
