2020-05-13 12:16:40,263|browser_engine.py[line:25] INFO:You had select Chrome browser.
2020-05-13 12:16:40,263|browser_engine.py[line:27] INFO:The test server url is: https://rralamotest.z21.web.core.windows.net/
2020-05-13 12:16:43,054|browser_engine.py[line:40] INFO:Starting Chrome browser.
2020-05-13 12:16:44,194|browser_engine.py[line:51] INFO:Maximize the current window.
2020-05-13 12:17:15,236|browser_engine.py[line:54] INFO:Open url: https://rralamotest.z21.web.core.windows.net/
2020-05-13 12:17:30,335|base_page.py[line:69] ERROR:TimeoutException: selector by xpath ,value xpath=>//div[@class='localAccount']//div[@class='intro']/h2
2020-05-13 12:17:32,390|base_page.py[line:67] INFO:Had find the element ' Sign in with your existing account ' successful by xpath via value: //div[@class='localAccount']//div[@class='intro']/h2 
2020-05-13 12:17:34,455|base_page.py[line:67] INFO:Had find the element '  ' successful by id via value: logonIdentifier 
2020-05-13 12:17:34,494|base_page.py[line:144] INFO:Clear text in input box before typing.
2020-05-13 12:17:36,536|base_page.py[line:67] INFO:Had find the element '  ' successful by id via value: logonIdentifier 
2020-05-13 12:17:36,731|base_page.py[line:134] INFO:Had type ' yan.liu@an-chen.com ' in inputBox
2020-05-13 12:17:38,801|base_page.py[line:67] INFO:Had find the element '  ' successful by id via value: password 
2020-05-13 12:17:38,844|base_page.py[line:144] INFO:Clear text in input box before typing.
2020-05-13 12:17:40,893|base_page.py[line:67] INFO:Had find the element '  ' successful by id via value: password 
2020-05-13 12:17:41,076|base_page.py[line:134] INFO:Had type ' Lychan@2012 ' in inputBox
2020-05-13 12:17:43,121|base_page.py[line:67] INFO:Had find the element ' Sign in ' successful by xpath via value: //div[@class='buttons']/button[text()='Sign in'] 
2020-05-13 12:17:55,449|base_page.py[line:69] ERROR:TimeoutException: selector by xpath ,value xpath=>//div[@id='root']//div[@class='content-heading']
2020-05-13 12:17:57,515|base_page.py[line:67] INFO:Had find the element ' Welcome, yanliu ' successful by xpath via value: //div[@id='root']//div[@class='content-heading'] 
2020-05-13 12:17:57,515|login.py[line:41] INFO:login success
2020-05-13 12:18:10,120|base_page.py[line:69] ERROR:TimeoutException: selector by xpath ,value xpath=>//div[@class='card']/form//div[@id='homeGrid']/div//h2
2020-05-13 12:18:10,656|base_page.py[line:222] INFO:Had find the elements successful by xpath via value: //div[@class='card']/form//div[@id='homeGrid']/div//h2 
2020-05-13 12:18:12,788|base_page.py[line:67] INFO:Had find the element '  ' successful by xpath via value: //div[@class='card']/form//div[@id='homeGrid']/div[4]//input 
2020-05-13 12:18:13,096|base_page.py[line:134] INFO:Had type ' C000088898 ' in inputBox
2020-05-13 12:18:15,153|base_page.py[line:67] INFO:Had find the element ' Go ' successful by xpath via value: //div[@class='card']/form//div[@id='homeGrid']/div[4]/div/button 
2020-05-13 12:18:15,311|base_page.py[line:156] INFO:The element ' Go ' was clicked.
2020-05-13 12:18:15,311|homePage.py[line:50] INFO:module_name: Customers
2020-05-13 12:18:27,645|base_page.py[line:69] ERROR:TimeoutException: selector by xpath ,value xpath=>//div[@class='card']//li/a[text()='Contacts']
2020-05-13 12:18:29,702|base_page.py[line:67] INFO:Had find the element ' Contacts ' successful by xpath via value: //div[@class='card']//li/a[text()='Contacts'] 
2020-05-13 12:18:29,825|base_page.py[line:156] INFO:The element ' Contacts ' was clicked.
2020-05-13 12:18:30,355|base_page.py[line:222] INFO:Had find the elements successful by xpath via value: //div[@class='card']//div//h4 
2020-05-13 12:18:42,636|base_page.py[line:69] ERROR:TimeoutException: selector by xpath ,value //div[@class='glo-row']/div[1]//div[@class='glo-row']//div[@class='rt-tr-group'][1]/div
2020-05-13 12:18:42,636|base_page.py[line:122] ERROR:NoSuchElement selector_by: xpath, selector: //div[@class='glo-row']/div[1]//div[@class='glo-row']//div[@class='rt-tr-group'][1]/div 
2020-05-13 12:18:43,154|base_page.py[line:222] INFO:Had find the elements successful by xpath via value: //div[@class='card']//div//h4 
2020-05-13 12:18:55,513|base_page.py[line:69] ERROR:TimeoutException: selector by xpath ,value //div[@class='glo-row']/div[1]//div[@class='glo-row']//div[@class='rt-tr-group'][1]/div
2020-05-13 12:18:55,513|base_page.py[line:122] ERROR:NoSuchElement selector_by: xpath, selector: //div[@class='glo-row']/div[1]//div[@class='glo-row']//div[@class='rt-tr-group'][1]/div 
2020-05-13 12:18:56,042|base_page.py[line:222] INFO:Had find the elements successful by xpath via value: //div[@class='card']//div//h4 
2020-05-13 12:19:08,467|base_page.py[line:69] ERROR:TimeoutException: selector by xpath ,value //div[@class='glo-row']/div[1]//div[@class='glo-row']//div[@class='rt-tr-group'][1]/div
2020-05-13 12:19:08,467|base_page.py[line:122] ERROR:NoSuchElement selector_by: xpath, selector: //div[@class='glo-row']/div[1]//div[@class='glo-row']//div[@class='rt-tr-group'][1]/div 
2020-05-13 12:19:08,990|base_page.py[line:222] INFO:Had find the elements successful by xpath via value: //div[@class='card']//div//h4 
2020-05-13 12:19:21,426|base_page.py[line:69] ERROR:TimeoutException: selector by xpath ,value //div[@class='glo-row']/div[1]//div[@class='glo-row']//div[@class='rt-tr-group'][1]/div
2020-05-13 12:19:21,426|base_page.py[line:122] ERROR:NoSuchElement selector_by: xpath, selector: //div[@class='glo-row']/div[1]//div[@class='glo-row']//div[@class='rt-tr-group'][1]/div 
2020-05-13 12:19:33,871|base_page.py[line:69] ERROR:TimeoutException: selector by xpath ,value xpath=>//div[@class='card']//li/a[text()='Contacts']
2020-05-13 12:19:35,915|base_page.py[line:67] INFO:Had find the element ' Contacts ' successful by xpath via value: //div[@class='card']//li/a[text()='Contacts'] 
2020-05-13 12:19:36,030|base_page.py[line:156] INFO:The element ' Contacts ' was clicked.
2020-05-13 12:19:36,544|base_page.py[line:222] INFO:Had find the elements successful by xpath via value: //div[@class='card']//div//h4 
2020-05-13 12:19:48,921|base_page.py[line:69] ERROR:TimeoutException: selector by xpath ,value //div[@class='glo-row']/div[1]//div[@class='glo-row']//div[@class='rt-tr-group'][1]/div
2020-05-13 12:19:48,921|base_page.py[line:122] ERROR:NoSuchElement selector_by: xpath, selector: //div[@class='glo-row']/div[1]//div[@class='glo-row']//div[@class='rt-tr-group'][1]/div 
2020-05-13 12:19:49,446|base_page.py[line:222] INFO:Had find the elements successful by xpath via value: //div[@class='card']//div//h4 
2020-05-13 12:20:01,875|base_page.py[line:69] ERROR:TimeoutException: selector by xpath ,value //div[@class='glo-row']/div[1]//div[@class='glo-row']//div[@class='rt-tr-group'][1]/div
2020-05-13 12:20:01,875|base_page.py[line:122] ERROR:NoSuchElement selector_by: xpath, selector: //div[@class='glo-row']/div[1]//div[@class='glo-row']//div[@class='rt-tr-group'][1]/div 
2020-05-13 12:20:02,388|base_page.py[line:222] INFO:Had find the elements successful by xpath via value: //div[@class='card']//div//h4 
2020-05-13 12:20:14,770|base_page.py[line:69] ERROR:TimeoutException: selector by xpath ,value //div[@class='glo-row']/div[1]//div[@class='glo-row']//div[@class='rt-tr-group'][1]/div
2020-05-13 12:20:14,771|base_page.py[line:122] ERROR:NoSuchElement selector_by: xpath, selector: //div[@class='glo-row']/div[1]//div[@class='glo-row']//div[@class='rt-tr-group'][1]/div 
2020-05-13 12:20:15,290|base_page.py[line:222] INFO:Had find the elements successful by xpath via value: //div[@class='card']//div//h4 
2020-05-13 12:20:27,720|base_page.py[line:69] ERROR:TimeoutException: selector by xpath ,value //div[@class='glo-row']/div[1]//div[@class='glo-row']//div[@class='rt-tr-group'][1]/div
2020-05-13 12:20:27,720|base_page.py[line:122] ERROR:NoSuchElement selector_by: xpath, selector: //div[@class='glo-row']/div[1]//div[@class='glo-row']//div[@class='rt-tr-group'][1]/div 
2020-05-13 12:20:28,246|base_page.py[line:222] INFO:Had find the elements successful by xpath via value: //div[@class='card']//div//h4 
2020-05-13 12:20:40,622|base_page.py[line:69] ERROR:TimeoutException: selector by xpath ,value //div[@class='glo-row']/div[1]//div[@class='glo-row']//div[@class='rt-tr-group'][1]/div
2020-05-13 12:20:40,622|base_page.py[line:122] ERROR:NoSuchElement selector_by: xpath, selector: //div[@class='glo-row']/div[1]//div[@class='glo-row']//div[@class='rt-tr-group'][1]/div 
2020-05-13 12:20:41,135|base_page.py[line:222] INFO:Had find the elements successful by xpath via value: //div[@class='card']//div//h4 
2020-05-13 12:20:53,387|base_page.py[line:69] ERROR:TimeoutException: selector by xpath ,value //div[@class='glo-row']/div[1]//div[@class='glo-row']//div[@class='rt-tr-group'][1]/div
2020-05-13 12:20:53,388|base_page.py[line:122] ERROR:NoSuchElement selector_by: xpath, selector: //div[@class='glo-row']/div[1]//div[@class='glo-row']//div[@class='rt-tr-group'][1]/div 
2020-05-13 12:20:53,906|base_page.py[line:222] INFO:Had find the elements successful by xpath via value: //div[@class='card']//div//h4 
2020-05-13 12:21:06,184|base_page.py[line:69] ERROR:TimeoutException: selector by xpath ,value //div[@class='glo-row']/div[1]//div[@class='glo-row']//div[@class='rt-tr-group'][1]/div
2020-05-13 12:21:06,187|base_page.py[line:122] ERROR:NoSuchElement selector_by: xpath, selector: //div[@class='glo-row']/div[1]//div[@class='glo-row']//div[@class='rt-tr-group'][1]/div 
