2020-05-13 13:28:18,091|browser_engine.py[line:25] INFO:You had select Chrome browser.
2020-05-13 13:28:18,091|browser_engine.py[line:27] INFO:The test server url is: https://rralamotest.z21.web.core.windows.net/
2020-05-13 13:28:23,765|browser_engine.py[line:40] INFO:Starting Chrome browser.
2020-05-13 13:28:25,059|browser_engine.py[line:51] INFO:Maximize the current window.
2020-05-13 13:29:01,197|browser_engine.py[line:54] INFO:Open url: https://rralamotest.z21.web.core.windows.net/
2020-05-13 13:29:13,306|base_page.py[line:69] ERROR:TimeoutException: selector by xpath ,value xpath=>//div[@class='localAccount']//div[@class='intro']/h2
2020-05-13 13:29:15,373|base_page.py[line:67] INFO:Had find the element ' Sign in with your existing account ' successful by xpath via value: //div[@class='localAccount']//div[@class='intro']/h2 
2020-05-13 13:29:17,444|base_page.py[line:67] INFO:Had find the element '  ' successful by id via value: logonIdentifier 
2020-05-13 13:29:17,481|base_page.py[line:144] INFO:Clear text in input box before typing.
2020-05-13 13:29:19,529|base_page.py[line:67] INFO:Had find the element '  ' successful by id via value: logonIdentifier 
2020-05-13 13:29:19,727|base_page.py[line:134] INFO:Had type ' yan.liu@an-chen.com ' in inputBox
2020-05-13 13:29:21,775|base_page.py[line:67] INFO:Had find the element '  ' successful by id via value: password 
2020-05-13 13:29:21,818|base_page.py[line:144] INFO:Clear text in input box before typing.
2020-05-13 13:29:23,857|base_page.py[line:67] INFO:Had find the element '  ' successful by id via value: password 
2020-05-13 13:29:24,085|base_page.py[line:134] INFO:Had type ' Lychan@2012 ' in inputBox
2020-05-13 13:29:26,149|base_page.py[line:67] INFO:Had find the element ' Sign in ' successful by xpath via value: //div[@class='buttons']/button[text()='Sign in'] 
2020-05-13 13:30:09,476|base_page.py[line:69] ERROR:TimeoutException: selector by xpath ,value xpath=>//div[@id='root']//div[@class='content-heading']
2020-05-13 13:30:11,528|base_page.py[line:67] INFO:Had find the element ' Welcome, yanliu ' successful by xpath via value: //div[@id='root']//div[@class='content-heading'] 
2020-05-13 13:30:11,528|login.py[line:41] INFO:login success
2020-05-13 13:30:24,310|base_page.py[line:69] ERROR:TimeoutException: selector by xpath ,value xpath=>//div[@class='card']/form//div[@id='homeGrid']/div//h2
2020-05-13 13:30:24,843|base_page.py[line:222] INFO:Had find the elements successful by xpath via value: //div[@class='card']/form//div[@id='homeGrid']/div//h2 
2020-05-13 13:30:26,983|base_page.py[line:67] INFO:Had find the element '  ' successful by xpath via value: //div[@class='card']/form//div[@id='homeGrid']/div[4]//input 
2020-05-13 13:30:27,272|base_page.py[line:134] INFO:Had type ' C000088923 ' in inputBox
2020-05-13 13:30:29,329|base_page.py[line:67] INFO:Had find the element ' Go ' successful by xpath via value: //div[@class='card']/form//div[@id='homeGrid']/div[4]/div/button 
2020-05-13 13:30:29,498|base_page.py[line:156] INFO:The element ' Go ' was clicked.
2020-05-13 13:30:29,498|homePage.py[line:50] INFO:module_name: Customers
2020-05-13 13:30:42,000|base_page.py[line:69] ERROR:TimeoutException: selector by xpath ,value xpath=>//div[@class='card']//li/a[text()='Entity']
2020-05-13 13:30:44,060|base_page.py[line:67] INFO:Had find the element ' Entity ' successful by xpath via value: //div[@class='card']//li/a[text()='Entity'] 
2020-05-13 13:30:44,207|base_page.py[line:156] INFO:The element ' Entity ' was clicked.
2020-05-13 13:30:44,741|base_page.py[line:222] INFO:Had find the elements successful by xpath via value: //div[@class='card']//div//h4 
2020-05-13 13:30:46,869|base_page.py[line:67] INFO:Had find the element ' Doing Business As (DBA) ' successful by xpath via value: //div[@class='card']//div//h4[text()='Doing Business As (DBA)'] 
2020-05-13 13:30:48,943|base_page.py[line:67] INFO:Had find the element ' New ' successful by xpath via value: //div[@class='glo-row']/div[4]//button[text()=' New'] 
2020-05-13 13:30:49,108|base_page.py[line:156] INFO:The element ' New ' was clicked.
2020-05-13 13:30:51,168|base_page.py[line:67] INFO:Had find the element '  ' successful by xpath via value: //input[@name='alias'] 
2020-05-13 13:30:51,248|base_page.py[line:156] INFO:The element '  ' was clicked.
2020-05-13 13:30:53,292|base_page.py[line:67] INFO:Had find the element '  ' successful by xpath via value: //input[@name='alias'] 
2020-05-13 13:30:55,369|base_page.py[line:67] INFO:Had find the element '  ' successful by xpath via value: //input[@name='alias'] 
2020-05-13 13:30:57,451|base_page.py[line:67] INFO:Had find the element '  ' successful by xpath via value: //input[@name='alias'] 
2020-05-13 13:30:57,875|base_page.py[line:134] INFO:Had type ' UIAutomation2020/05/13 13:30:11 ' in inputBox
2020-05-13 13:30:59,930|base_page.py[line:67] INFO:Had find the element ' Save ' successful by xpath via value: //button[text()='Save'] 
2020-05-13 13:31:00,004|base_page.py[line:156] INFO:The element ' Save ' was clicked.
2020-05-13 13:31:02,045|base_page.py[line:67] INFO:Had find the element ' Doing Business As DBA:: UIAutomation2020/05/13 13:30:11 created successfully. ' successful by xpath via value: //div[@role='alert'] 
2020-05-13 13:31:02,568|base_page.py[line:222] INFO:Had find the elements successful by xpath via value: //div[@class='card']//div//h4 
2020-05-13 13:31:04,653|base_page.py[line:67] INFO:Had find the element ' Doing Business As (DBA) ' successful by xpath via value: //div[@class='card']//div//h4[text()='Doing Business As (DBA)'] 
2020-05-13 13:31:15,725|base_page.py[line:224] ERROR:TimeoutException: selector by xpath ,value //div[@class='glo-row']/div[4]//div[@class='glo-row']//div[@class='rt-tr-group']
2020-05-13 13:31:16,265|base_page.py[line:222] INFO:Had find the elements successful by xpath via value: //div[@class='card']//div//h4 
2020-05-13 13:31:18,334|base_page.py[line:67] INFO:Had find the element ' Doing Business As (DBA) ' successful by xpath via value: //div[@class='card']//div//h4[text()='Doing Business As (DBA)'] 
2020-05-13 13:31:28,969|base_page.py[line:224] ERROR:TimeoutException: selector by xpath ,value //div[@class='glo-row']/div[4]//div[@class='glo-row']//div[@class='rt-tr-group']
2020-05-13 13:31:41,014|base_page.py[line:69] ERROR:TimeoutException: selector by xpath ,value xpath=>//div[@class='card']//li/a[text()='Entity']
2020-05-13 13:31:43,090|base_page.py[line:67] INFO:Had find the element ' Entity ' successful by xpath via value: //div[@class='card']//li/a[text()='Entity'] 
2020-05-13 13:31:43,254|base_page.py[line:156] INFO:The element ' Entity ' was clicked.
2020-05-13 13:31:43,792|base_page.py[line:222] INFO:Had find the elements successful by xpath via value: //div[@class='card']//div//h4 
2020-05-13 13:31:45,907|base_page.py[line:67] INFO:Had find the element ' Doing Business As (DBA) ' successful by xpath via value: //div[@class='card']//div//h4[text()='Doing Business As (DBA)'] 
2020-05-13 13:31:56,824|base_page.py[line:224] ERROR:TimeoutException: selector by xpath ,value //div[@class='glo-row']/div[4]//div[@class='glo-row']//div[@class='rt-tr-group']
2020-05-13 13:32:08,920|base_page.py[line:69] ERROR:TimeoutException: selector by xpath ,value xpath=>//div[@class='card']//li/a[text()='Entity']
2020-05-13 13:32:10,953|base_page.py[line:67] INFO:Had find the element '  ' successful by xpath via value: //div[@class='card']//li/a[text()='Entity'] 
2020-05-13 13:32:11,512|base_page.py[line:222] INFO:Had find the elements successful by xpath via value: //div[@class='card']//div//h4 
2020-05-13 13:32:13,604|base_page.py[line:67] INFO:Had find the element ' Websites ' successful by xpath via value: //div[@class='card']//div//h4[text()='Websites'] 
2020-05-13 13:32:15,656|base_page.py[line:67] INFO:Had find the element ' New ' successful by xpath via value: //div[@class='glo-row']/div[3]//button[text()=' New'] 
2020-05-13 13:32:17,327|base_page.py[line:222] INFO:Had find the elements successful by xpath via value: //div[@class='card']//div//h4 
2020-05-13 13:32:19,404|base_page.py[line:67] INFO:Had find the element ' Websites ' successful by xpath via value: //div[@class='card']//div//h4[text()='Websites'] 
2020-05-13 13:32:30,331|base_page.py[line:224] ERROR:TimeoutException: selector by xpath ,value //div[@class='glo-row']/div[3]//div[@class='glo-row']//div[@class='rt-tr-group']
