2020-05-13 08:58:41,677|browser_engine.py[line:25] INFO:You had select Chrome browser.
2020-05-13 08:58:41,677|browser_engine.py[line:27] INFO:The test server url is: https://rralamotest.z21.web.core.windows.net/
2020-05-13 08:58:58,729|browser_engine.py[line:40] INFO:Starting Chrome browser.
2020-05-13 08:59:00,995|browser_engine.py[line:51] INFO:Maximize the current window.
2020-05-13 08:59:35,855|browser_engine.py[line:54] INFO:Open url: https://rralamotest.z21.web.core.windows.net/
2020-05-13 08:59:48,760|base_page.py[line:69] ERROR:TimeoutException: selector by xpath ,value xpath=>//div[@class='localAccount']//div[@class='intro']/h2
2020-05-13 08:59:51,801|base_page.py[line:67] INFO:Had find the element ' Sign in with your existing account ' successful by xpath via value: //div[@class='localAccount']//div[@class='intro']/h2 
2020-05-13 08:59:54,723|base_page.py[line:67] INFO:Had find the element '  ' successful by id via value: logonIdentifier 
2020-05-13 08:59:55,193|base_page.py[line:144] INFO:Clear text in input box before typing.
2020-05-13 08:59:57,419|base_page.py[line:67] INFO:Had find the element '  ' successful by id via value: logonIdentifier 
2020-05-13 08:59:59,962|base_page.py[line:134] INFO:Had type ' yan.liu@an-chen.com ' in inputBox
2020-05-13 09:00:02,252|base_page.py[line:67] INFO:Had find the element '  ' successful by id via value: password 
2020-05-13 09:00:02,549|base_page.py[line:144] INFO:Clear text in input box before typing.
2020-05-13 09:00:04,780|base_page.py[line:67] INFO:Had find the element '  ' successful by id via value: password 
2020-05-13 09:00:06,092|base_page.py[line:134] INFO:Had type ' Lychan@2012 ' in inputBox
2020-05-13 09:00:08,373|base_page.py[line:67] INFO:Had find the element ' Sign in ' successful by xpath via value: //div[@class='buttons']/button[text()='Sign in'] 
2020-05-13 09:00:21,251|base_page.py[line:69] ERROR:TimeoutException: selector by xpath ,value xpath=>//div[@id='root']//div[@class='content-heading']
2020-05-13 09:00:23,787|base_page.py[line:67] INFO:Had find the element ' Welcome, yanliu ' successful by xpath via value: //div[@id='root']//div[@class='content-heading'] 
2020-05-13 09:00:23,788|login.py[line:41] INFO:login success
2020-05-13 09:00:38,198|base_page.py[line:69] ERROR:TimeoutException: selector by xpath ,value xpath=>//div[@class='card']/form//div[@id='homeGrid']/div//h2
2020-05-13 09:00:38,779|base_page.py[line:222] INFO:Had find the elements successful by xpath via value: //div[@class='card']/form//div[@id='homeGrid']/div//h2 
2020-05-13 09:00:41,414|base_page.py[line:67] INFO:Had find the element '  ' successful by xpath via value: //div[@class='card']/form//div[@id='homeGrid']/div[4]//input 
2020-05-13 09:00:42,922|base_page.py[line:134] INFO:Had type ' C000088898 ' in inputBox
2020-05-13 09:00:45,094|base_page.py[line:67] INFO:Had find the element ' Go ' successful by xpath via value: //div[@class='card']/form//div[@id='homeGrid']/div[4]/div/button 
2020-05-13 09:00:46,250|base_page.py[line:156] INFO:The element ' Go ' was clicked.
2020-05-13 09:00:46,250|homePage.py[line:50] INFO:module_name: Customers
2020-05-13 09:00:58,601|base_page.py[line:69] ERROR:TimeoutException: selector by xpath ,value xpath=>//div[@class='card']//li/a[text()='Contacts']
2020-05-13 09:01:00,865|base_page.py[line:67] INFO:Had find the element ' Contacts ' successful by xpath via value: //div[@class='card']//li/a[text()='Contacts'] 
2020-05-13 09:01:01,970|base_page.py[line:156] INFO:The element ' Contacts ' was clicked.
2020-05-13 09:01:02,683|base_page.py[line:222] INFO:Had find the elements successful by xpath via value: //div[@class='card']//div//h4 
2020-05-13 09:01:05,069|base_page.py[line:67] INFO:Had find the element ' Contacts ' successful by xpath via value: //div[@class='card']//div//h4[text()='Contacts'] 
