2020-05-11 11:41:39,194|browser_engine.py[line:25] INFO:You had select Chrome browser.
2020-05-11 11:41:39,194|browser_engine.py[line:27] INFO:The test server url is: https://rralamotest.z21.web.core.windows.net/
2020-05-11 11:41:48,967|browser_engine.py[line:40] INFO:Starting Chrome browser.
2020-05-11 11:41:50,283|browser_engine.py[line:51] INFO:Maximize the current window.
2020-05-11 11:42:19,828|browser_engine.py[line:54] INFO:Open url: https://rralamotest.z21.web.core.windows.net/
2020-05-11 11:42:31,928|base_page.py[line:69] ERROR:TimeoutException: selector by xpath ,value xpath=>//div[@class='localAccount']//div[@class='intro']/h2
2020-05-11 11:42:34,470|base_page.py[line:67] INFO:Had find the element ' Sign in with your existing account ' successful by xpath via value: //div[@class='localAccount']//div[@class='intro']/h2 
2020-05-11 11:42:36,568|base_page.py[line:67] INFO:Had find the element '  ' successful by id via value: logonIdentifier 
2020-05-11 11:42:36,660|base_page.py[line:144] INFO:Clear text in input box before typing.
2020-05-11 11:42:38,701|base_page.py[line:67] INFO:Had find the element '  ' successful by id via value: logonIdentifier 
2020-05-11 11:42:39,081|base_page.py[line:134] INFO:Had type ' yan.liu@an-chen.com ' in inputBox
2020-05-11 11:42:41,232|base_page.py[line:67] INFO:Had find the element '  ' successful by id via value: password 
2020-05-11 11:42:41,376|base_page.py[line:144] INFO:Clear text in input box before typing.
2020-05-11 11:42:43,496|base_page.py[line:67] INFO:Had find the element '  ' successful by id via value: password 
2020-05-11 11:42:43,771|base_page.py[line:134] INFO:Had type ' Lychan@2012 ' in inputBox
2020-05-11 11:42:45,898|base_page.py[line:67] INFO:Had find the element ' Sign in ' successful by xpath via value: //div[@class='buttons']/button[text()='Sign in'] 
2020-05-11 11:42:58,529|base_page.py[line:69] ERROR:TimeoutException: selector by xpath ,value xpath=>//div[@id='root']//div[@class='content-heading']
2020-05-11 11:43:00,635|base_page.py[line:67] INFO:Had find the element ' Welcome, yanliu ' successful by xpath via value: //div[@id='root']//div[@class='content-heading'] 
2020-05-11 11:43:00,635|login.py[line:41] INFO:login success
2020-05-11 11:43:04,611|base_page.py[line:67] INFO:Had find the element ' CUSTOMERS ' successful by id via value: customers 
2020-05-11 11:43:04,861|base_page.py[line:156] INFO:The element ' CUSTOMERS ' was clicked.
2020-05-11 11:43:05,418|base_page.py[line:222] INFO:Had find the elements successful by xpath via value: //ul[@class='dropdown-menu multi-level show']/li/a 
2020-05-11 11:43:07,611|base_page.py[line:67] INFO:Had find the element ' New ' successful by xpath via value: //ul[@class='dropdown-menu multi-level show']/li[2]/a 
2020-05-11 11:43:07,857|base_page.py[line:156] INFO:The element ' New ' was clicked.
2020-05-11 11:43:07,857|topMenu.py[line:69] INFO:second_menu: New
2020-05-11 11:43:20,813|base_page.py[line:69] ERROR:TimeoutException: selector by id ,value entityType
2020-05-11 11:43:20,813|base_page.py[line:122] ERROR:NoSuchElement selector_by: id, selector: entityType 
2020-05-11 11:43:49,123|base_page.py[line:69] ERROR:TimeoutException: selector by xpath ,value xpath=>//div[@class='card']/form//div[@id='homeGrid']/div//h2
2020-05-11 11:43:49,762|base_page.py[line:222] INFO:Had find the elements successful by xpath via value: //div[@class='card']/form//div[@id='homeGrid']/div//h2 
2020-05-11 11:43:53,108|base_page.py[line:67] INFO:Had find the element '  ' successful by xpath via value: //div[@class='card']/form//div[@id='homeGrid']/div[4]//input 
2020-05-11 11:43:55,240|base_page.py[line:134] INFO:Had type ' C000088898 ' in inputBox
2020-05-11 11:43:57,750|base_page.py[line:67] INFO:Had find the element ' Go ' successful by xpath via value: //div[@class='card']/form//div[@id='homeGrid']/div[4]/div/button 
2020-05-11 11:43:58,915|base_page.py[line:156] INFO:The element ' Go ' was clicked.
2020-05-11 11:43:58,915|homePage.py[line:50] INFO:module_name: Customers
2020-05-11 11:44:00,193|base_page.py[line:222] INFO:Had find the elements successful by xpath via value: //div[@class='card']//div//h4 
2020-05-11 11:44:15,740|base_page.py[line:69] ERROR:TimeoutException: selector by xpath ,value xpath=>//div[@class='card']//li/a[text()='Contacts']
2020-05-11 11:44:29,587|base_page.py[line:69] ERROR:TimeoutException: selector by xpath ,value //div[@class='card']//li/a[text()='Contacts']
2020-05-11 11:44:29,587|base_page.py[line:122] ERROR:NoSuchElement selector_by: xpath, selector: //div[@class='card']//li/a[text()='Contacts'] 
2020-05-11 11:44:42,183|base_page.py[line:224] ERROR:TimeoutException: selector by xpath ,value //div[@class='card']//div//h4
2020-05-11 11:44:54,167|base_page.py[line:224] ERROR:TimeoutException: selector by xpath ,value //div[@class='card']//div//h4
2020-05-11 11:45:06,655|base_page.py[line:224] ERROR:TimeoutException: selector by xpath ,value //div[@class='card']//div//h4
2020-05-11 11:45:18,189|base_page.py[line:224] ERROR:TimeoutException: selector by xpath ,value //div[@class='card']//div//h4
2020-05-11 11:45:30,705|base_page.py[line:224] ERROR:TimeoutException: selector by xpath ,value //div[@class='card']//div//h4
2020-05-11 11:45:41,953|base_page.py[line:224] ERROR:TimeoutException: selector by xpath ,value //div[@class='card']//div//h4
2020-05-11 11:45:54,844|base_page.py[line:224] ERROR:TimeoutException: selector by xpath ,value //div[@class='card']//div//h4
2020-05-11 11:46:09,117|base_page.py[line:69] ERROR:TimeoutException: selector by xpath ,value xpath=>//div[@class='card']/form//div[@id='homeGrid']/div//h2
2020-05-11 11:46:10,778|base_page.py[line:222] INFO:Had find the elements successful by xpath via value: //div[@class='card']/form//div[@id='homeGrid']/div//h2 
2020-05-11 11:46:14,940|base_page.py[line:67] INFO:Had find the element '  ' successful by xpath via value: //div[@class='card']/form//div[@id='homeGrid']/div[4]//input 
2020-05-11 11:46:17,586|base_page.py[line:134] INFO:Had type ' C000088923 ' in inputBox
2020-05-11 11:46:19,819|base_page.py[line:67] INFO:Had find the element ' Go ' successful by xpath via value: //div[@class='card']/form//div[@id='homeGrid']/div[4]/div/button 
2020-05-11 11:46:20,673|base_page.py[line:156] INFO:The element ' Go ' was clicked.
2020-05-11 11:46:20,673|homePage.py[line:50] INFO:module_name: Customers
2020-05-11 11:46:32,829|base_page.py[line:69] ERROR:TimeoutException: selector by xpath ,value xpath=>//div[@class='card']//li/a[text()='Entity']
2020-05-11 11:46:44,863|base_page.py[line:69] ERROR:TimeoutException: selector by xpath ,value //div[@class='card']//li/a[text()='Entity']
2020-05-11 11:46:44,864|base_page.py[line:122] ERROR:NoSuchElement selector_by: xpath, selector: //div[@class='card']//li/a[text()='Entity'] 
2020-05-11 11:46:56,387|base_page.py[line:224] ERROR:TimeoutException: selector by xpath ,value //div[@class='card']//div//h4
2020-05-11 11:47:15,885|base_page.py[line:69] ERROR:TimeoutException: selector by xpath ,value xpath=>//div[@class='card']/form//div[@id='homeGrid']/div//h2
2020-05-11 11:47:16,428|base_page.py[line:222] INFO:Had find the elements successful by xpath via value: //div[@class='card']/form//div[@id='homeGrid']/div//h2 
2020-05-11 11:47:18,723|base_page.py[line:67] INFO:Had find the element '  ' successful by xpath via value: //div[@class='card']/form//div[@id='homeGrid']/div[4]//input 
2020-05-11 11:47:19,266|base_page.py[line:134] INFO:Had type ' C000088923 ' in inputBox
2020-05-11 11:47:21,385|base_page.py[line:67] INFO:Had find the element ' Go ' successful by xpath via value: //div[@class='card']/form//div[@id='homeGrid']/div[4]/div/button 
2020-05-11 11:47:21,951|base_page.py[line:156] INFO:The element ' Go ' was clicked.
2020-05-11 11:47:21,951|homePage.py[line:50] INFO:module_name: Customers
2020-05-11 11:47:34,279|base_page.py[line:69] ERROR:TimeoutException: selector by xpath ,value xpath=>//div[@class='card']//li/a[text()='Entity']
2020-05-11 11:47:46,703|base_page.py[line:69] ERROR:TimeoutException: selector by xpath ,value //div[@class='card']//li/a[text()='Entity']
2020-05-11 11:47:46,704|base_page.py[line:122] ERROR:NoSuchElement selector_by: xpath, selector: //div[@class='card']//li/a[text()='Entity'] 
2020-05-11 11:47:58,139|base_page.py[line:224] ERROR:TimeoutException: selector by xpath ,value //div[@class='card']//div//h4
2020-05-11 11:48:09,754|base_page.py[line:224] ERROR:TimeoutException: selector by xpath ,value //div[@class='card']//div//h4
2020-05-11 11:48:22,324|base_page.py[line:69] ERROR:TimeoutException: selector by xpath ,value xpath=>//div[@class='card']//li/a[text()='Entity']
2020-05-11 11:48:34,429|base_page.py[line:69] ERROR:TimeoutException: selector by xpath ,value //div[@class='card']//li/a[text()='Entity']
2020-05-11 11:48:34,431|base_page.py[line:122] ERROR:NoSuchElement selector_by: xpath, selector: //div[@class='card']//li/a[text()='Entity'] 
2020-05-11 11:48:47,148|base_page.py[line:69] ERROR:TimeoutException: selector by xpath ,value xpath=>//div[@class='card']//li/a[text()='Entity']
2020-05-11 11:48:59,181|base_page.py[line:69] ERROR:TimeoutException: selector by xpath ,value //div[@class='card']//li/a[text()='Entity']
2020-05-11 11:48:59,181|base_page.py[line:122] ERROR:NoSuchElement selector_by: xpath, selector: //div[@class='card']//li/a[text()='Entity'] 
2020-05-11 11:49:10,725|base_page.py[line:224] ERROR:TimeoutException: selector by xpath ,value //div[@class='card']//div//h4
2020-05-11 11:49:22,079|base_page.py[line:224] ERROR:TimeoutException: selector by xpath ,value //div[@class='card']//div//h4
2020-05-11 11:49:33,495|base_page.py[line:224] ERROR:TimeoutException: selector by xpath ,value //div[@class='card']//div//h4
2020-05-11 11:49:44,588|base_page.py[line:224] ERROR:TimeoutException: selector by xpath ,value //div[@class='card']//div//h4
2020-05-11 11:49:56,610|base_page.py[line:224] ERROR:TimeoutException: selector by xpath ,value //div[@class='card']//div//h4
2020-05-11 11:50:11,054|base_page.py[line:69] ERROR:TimeoutException: selector by xpath ,value xpath=>//div[@class='card']/form//div[@id='homeGrid']/div//h2
2020-05-11 11:50:11,587|base_page.py[line:222] INFO:Had find the elements successful by xpath via value: //div[@class='card']/form//div[@id='homeGrid']/div//h2 
2020-05-11 11:50:13,838|base_page.py[line:67] INFO:Had find the element '  ' successful by xpath via value: //div[@class='card']/form//div[@id='homeGrid']/div[4]//input 
2020-05-11 11:50:14,309|base_page.py[line:134] INFO:Had type ' C000088898 ' in inputBox
2020-05-11 11:50:16,378|base_page.py[line:67] INFO:Had find the element ' Go ' successful by xpath via value: //div[@class='card']/form//div[@id='homeGrid']/div[4]/div/button 
2020-05-11 11:50:16,750|base_page.py[line:156] INFO:The element ' Go ' was clicked.
2020-05-11 11:50:16,750|homePage.py[line:50] INFO:module_name: Customers
2020-05-11 11:50:28,779|base_page.py[line:69] ERROR:TimeoutException: selector by xpath ,value xpath=>//div[@class='card']//li/a[text()='Related Leases/Lands']
2020-05-11 11:50:41,207|base_page.py[line:69] ERROR:TimeoutException: selector by xpath ,value //div[@class='card']//li/a[text()='Related Leases/Lands']
2020-05-11 11:50:41,207|base_page.py[line:122] ERROR:NoSuchElement selector_by: xpath, selector: //div[@class='card']//li/a[text()='Related Leases/Lands'] 
2020-05-11 11:50:52,648|base_page.py[line:224] ERROR:TimeoutException: selector by xpath ,value //div[@class='reactTable-full']/div//h3
2020-05-11 11:50:53,448|browser_engine.py[line:66] INFO:Now, Close and quit the browser.
