2020-05-11 10:48:33,079|browser_engine.py[line:27] INFO:You had select Chrome browser.
2020-05-11 10:48:33,084|browser_engine.py[line:29] INFO:The test server url is: https://rralamotest.z21.web.core.windows.net/
2020-05-11 10:48:54,998|browser_engine.py[line:42] INFO:Starting Chrome browser.
2020-05-11 10:48:57,079|browser_engine.py[line:53] INFO:Maximize the current window.
2020-05-11 10:50:00,731|browser_engine.py[line:56] INFO:Open url: https://rralamotest.z21.web.core.windows.net/
2020-05-11 10:50:13,049|base_page.py[line:69] ERROR:TimeoutException: selector by xpath ,value xpath=>//div[@class='localAccount']//div[@class='intro']/h2
2020-05-11 10:50:15,452|base_page.py[line:67] INFO:Had find the element ' Sign in with your existing account ' successful by xpath via value: //div[@class='localAccount']//div[@class='intro']/h2 
2020-05-11 10:50:18,036|base_page.py[line:67] INFO:Had find the element '  ' successful by id via value: logonIdentifier 
2020-05-11 10:50:18,338|base_page.py[line:144] INFO:Clear text in input box before typing.
2020-05-11 10:50:20,530|base_page.py[line:67] INFO:Had find the element '  ' successful by id via value: logonIdentifier 
2020-05-11 10:50:21,722|base_page.py[line:134] INFO:Had type ' yan.liu@an-chen.com ' in inputBox
2020-05-11 10:50:23,920|base_page.py[line:67] INFO:Had find the element '  ' successful by id via value: password 
2020-05-11 10:50:24,199|base_page.py[line:144] INFO:Clear text in input box before typing.
2020-05-11 10:50:26,318|base_page.py[line:67] INFO:Had find the element '  ' successful by id via value: password 
2020-05-11 10:50:26,915|base_page.py[line:134] INFO:Had type ' Lychan@2012 ' in inputBox
2020-05-11 10:50:29,063|base_page.py[line:67] INFO:Had find the element ' Sign in ' successful by xpath via value: //div[@class='buttons']/button[text()='Sign in'] 
2020-05-11 10:50:44,012|base_page.py[line:69] ERROR:TimeoutException: selector by xpath ,value xpath=>//div[@id='root']//div[@class='content-heading']
2020-05-11 10:50:46,075|base_page.py[line:67] INFO:Had find the element ' Welcome, yanliu ' successful by xpath via value: //div[@id='root']//div[@class='content-heading'] 
2020-05-11 10:50:46,076|login.py[line:41] INFO:login success
2020-05-11 10:50:48,245|base_page.py[line:67] INFO:Had find the element ' CUSTOMERS ' successful by id via value: customers 
2020-05-11 10:50:48,474|base_page.py[line:156] INFO:The element ' CUSTOMERS ' was clicked.
2020-05-11 10:50:49,023|base_page.py[line:222] INFO:Had find the elements successful by xpath via value: //ul[@class='dropdown-menu multi-level show']/li/a 
2020-05-11 10:50:51,308|base_page.py[line:67] INFO:Had find the element ' New ' successful by xpath via value: //ul[@class='dropdown-menu multi-level show']/li[2]/a 
2020-05-11 10:50:51,839|base_page.py[line:156] INFO:The element ' New ' was clicked.
2020-05-11 10:50:51,839|topMenu.py[line:69] INFO:second_menu: New
2020-05-11 10:51:04,337|base_page.py[line:69] ERROR:TimeoutException: selector by id ,value entityType
2020-05-11 10:51:04,337|base_page.py[line:122] ERROR:NoSuchElement selector_by: id, selector: entityType 
2020-05-11 10:51:17,412|base_page.py[line:69] ERROR:TimeoutException: selector by xpath ,value xpath=>//div[@class='card']/form//div[@id='homeGrid']/div//h2
2020-05-11 10:51:27,918|base_page.py[line:224] ERROR:TimeoutException: selector by xpath ,value //div[@class='card']/form//div[@id='homeGrid']/div//h2
2020-05-11 10:51:40,028|base_page.py[line:69] ERROR:TimeoutException: selector by xpath ,value xpath=>//div[@class='card']/form//div[@id='homeGrid']/div//h2
2020-05-11 10:51:50,962|base_page.py[line:224] ERROR:TimeoutException: selector by xpath ,value //div[@class='card']/form//div[@id='homeGrid']/div//h2
2020-05-11 10:52:03,004|base_page.py[line:69] ERROR:TimeoutException: selector by xpath ,value xpath=>//div[@class='card']/form//div[@id='homeGrid']/div//h2
2020-05-11 10:52:13,831|base_page.py[line:224] ERROR:TimeoutException: selector by xpath ,value //div[@class='card']/form//div[@id='homeGrid']/div//h2
2020-05-11 10:52:26,253|base_page.py[line:69] ERROR:TimeoutException: selector by xpath ,value xpath=>//div[@class='card']/form//div[@id='homeGrid']/div//h2
2020-05-11 10:52:37,101|base_page.py[line:224] ERROR:TimeoutException: selector by xpath ,value //div[@class='card']/form//div[@id='homeGrid']/div//h2
2020-05-11 10:52:37,107|browser_engine.py[line:77] INFO:Now, Close and quit the browser.
