2020-05-11 11:36:56,330|browser_engine.py[line:25] INFO:You had select Chrome browser.
2020-05-11 11:36:56,331|browser_engine.py[line:27] INFO:The test server url is: https://rralamotest.z21.web.core.windows.net/
2020-05-11 11:37:11,527|browser_engine.py[line:40] INFO:Starting Chrome browser.
2020-05-11 11:37:13,543|browser_engine.py[line:51] INFO:Maximize the current window.
2020-05-11 11:37:24,544|browser_engine.py[line:54] INFO:Open url: https://rralamotest.z21.web.core.windows.net/
2020-05-11 11:37:36,698|base_page.py[line:69] ERROR:TimeoutException: selector by xpath ,value xpath=>//div[@class='localAccount']//div[@class='intro']/h2
2020-05-11 11:37:38,822|base_page.py[line:67] INFO:Had find the element ' Sign in with your existing account ' successful by xpath via value: //div[@class='localAccount']//div[@class='intro']/h2 
2020-05-11 11:37:41,010|base_page.py[line:67] INFO:Had find the element '  ' successful by id via value: logonIdentifier 
2020-05-11 11:37:41,135|base_page.py[line:144] INFO:Clear text in input box before typing.
2020-05-11 11:37:43,238|base_page.py[line:67] INFO:Had find the element '  ' successful by id via value: logonIdentifier 
2020-05-11 11:37:43,952|base_page.py[line:134] INFO:Had type ' yan.liu@an-chen.com ' in inputBox
2020-05-11 11:37:46,042|base_page.py[line:67] INFO:Had find the element '  ' successful by id via value: password 
2020-05-11 11:37:46,151|base_page.py[line:144] INFO:Clear text in input box before typing.
2020-05-11 11:37:48,246|base_page.py[line:67] INFO:Had find the element '  ' successful by id via value: password 
2020-05-11 11:37:48,963|base_page.py[line:134] INFO:Had type ' Lychan@2012 ' in inputBox
2020-05-11 11:37:51,134|base_page.py[line:67] INFO:Had find the element ' Sign in ' successful by xpath via value: //div[@class='buttons']/button[text()='Sign in'] 
2020-05-11 11:38:03,900|base_page.py[line:69] ERROR:TimeoutException: selector by xpath ,value xpath=>//div[@id='root']//div[@class='content-heading']
2020-05-11 11:38:06,090|base_page.py[line:67] INFO:Had find the element ' Welcome, yanliu ' successful by xpath via value: //div[@id='root']//div[@class='content-heading'] 
2020-05-11 11:38:06,090|login.py[line:41] INFO:login success
2020-05-11 11:38:09,124|base_page.py[line:67] INFO:Had find the element ' CUSTOMERS ' successful by id via value: customers 
2020-05-11 11:38:09,365|base_page.py[line:156] INFO:The element ' CUSTOMERS ' was clicked.
2020-05-11 11:38:09,896|base_page.py[line:222] INFO:Had find the elements successful by xpath via value: //ul[@class='dropdown-menu multi-level show']/li/a 
2020-05-11 11:38:12,045|base_page.py[line:67] INFO:Had find the element ' New ' successful by xpath via value: //ul[@class='dropdown-menu multi-level show']/li[2]/a 
2020-05-11 11:38:12,332|base_page.py[line:156] INFO:The element ' New ' was clicked.
2020-05-11 11:38:12,333|topMenu.py[line:69] INFO:second_menu: New
2020-05-11 11:38:24,514|base_page.py[line:69] ERROR:TimeoutException: selector by id ,value entityType
2020-05-11 11:38:24,514|base_page.py[line:122] ERROR:NoSuchElement selector_by: id, selector: entityType 
2020-05-11 11:38:37,603|base_page.py[line:69] ERROR:TimeoutException: selector by xpath ,value xpath=>//div[@class='card']/form//div[@id='homeGrid']/div//h2
2020-05-11 11:38:38,157|base_page.py[line:222] INFO:Had find the elements successful by xpath via value: //div[@class='card']/form//div[@id='homeGrid']/div//h2 
2020-05-11 11:38:40,389|base_page.py[line:67] INFO:Had find the element '  ' successful by xpath via value: //div[@class='card']/form//div[@id='homeGrid']/div[4]//input 
2020-05-11 11:38:41,498|base_page.py[line:134] INFO:Had type ' C000088898 ' in inputBox
2020-05-11 11:38:43,574|base_page.py[line:67] INFO:Had find the element ' Go ' successful by xpath via value: //div[@class='card']/form//div[@id='homeGrid']/div[4]/div/button 
2020-05-11 11:38:44,051|base_page.py[line:156] INFO:The element ' Go ' was clicked.
2020-05-11 11:38:44,052|homePage.py[line:50] INFO:module_name: Customers
2020-05-11 11:38:44,603|base_page.py[line:222] INFO:Had find the elements successful by xpath via value: //div[@class='card']//div//h4 
2020-05-11 11:38:57,176|base_page.py[line:69] ERROR:TimeoutException: selector by xpath ,value //div[@class='card']//div//h4[text()='Contacts']
2020-05-11 11:38:57,176|base_page.py[line:122] ERROR:NoSuchElement selector_by: xpath, selector: //div[@class='card']//div//h4[text()='Contacts'] 
