2020-05-11 08:52:46,808|browser_engine.py[line:27] INFO:You had select Chrome browser.
2020-05-11 08:52:46,808|browser_engine.py[line:29] INFO:The test server url is: https://rralamotest.z21.web.core.windows.net/
2020-05-11 08:52:50,011|browser_engine.py[line:42] INFO:Starting Chrome browser.
2020-05-11 08:52:51,169|browser_engine.py[line:53] INFO:Maximize the current window.
2020-05-11 08:53:51,278|browser_engine.py[line:56] INFO:Open url: https://rralamotest.z21.web.core.windows.net/
2020-05-11 08:54:03,597|base_page.py[line:69] ERROR:TimeoutException: selector by xpath ,value xpath=>//div[@class='localAccount']//div[@class='intro']/h2
2020-05-11 08:54:05,648|base_page.py[line:67] INFO:Had find the element ' Sign in with your existing account ' successful by xpath via value: //div[@class='localAccount']//div[@class='intro']/h2 
2020-05-11 08:54:07,692|base_page.py[line:67] INFO:Had find the element '  ' successful by id via value: logonIdentifier 
2020-05-11 08:54:07,736|base_page.py[line:144] INFO:Clear text in input box before typing.
2020-05-11 08:54:09,757|base_page.py[line:67] INFO:Had find the element '  ' successful by id via value: logonIdentifier 
2020-05-11 08:54:09,940|base_page.py[line:134] INFO:Had type ' yan.liu@an-chen.com ' in inputBox
2020-05-11 08:54:11,987|base_page.py[line:67] INFO:Had find the element '  ' successful by id via value: password 
2020-05-11 08:54:12,030|base_page.py[line:144] INFO:Clear text in input box before typing.
2020-05-11 08:54:14,066|base_page.py[line:67] INFO:Had find the element '  ' successful by id via value: password 
2020-05-11 08:54:14,246|base_page.py[line:134] INFO:Had type ' Lychan@2012 ' in inputBox
2020-05-11 08:54:16,294|base_page.py[line:67] INFO:Had find the element ' Sign in ' successful by xpath via value: //div[@class='buttons']/button[text()='Sign in'] 
2020-05-11 08:54:28,537|base_page.py[line:69] ERROR:TimeoutException: selector by xpath ,value xpath=>//div[@id='root']//div[@class='content-heading']
2020-05-11 08:54:30,588|base_page.py[line:67] INFO:Had find the element ' Welcome, yanliu ' successful by xpath via value: //div[@id='root']//div[@class='content-heading'] 
2020-05-11 08:54:30,589|login.py[line:41] INFO:login success
2020-05-11 08:54:43,071|base_page.py[line:69] ERROR:TimeoutException: selector by xpath ,value xpath=>//div[@class='card']/form//div[@id='homeGrid']/div//h2
2020-05-11 08:54:43,587|base_page.py[line:222] INFO:Had find the elements successful by xpath via value: //div[@class='card']/form//div[@id='homeGrid']/div//h2 
2020-05-11 08:54:45,725|base_page.py[line:67] INFO:Had find the element '  ' successful by xpath via value: //div[@class='card']/form//div[@id='homeGrid']/div[4]//input 
2020-05-11 08:54:45,960|base_page.py[line:134] INFO:Had type ' C000088898 ' in inputBox
2020-05-11 08:54:48,004|base_page.py[line:67] INFO:Had find the element ' Go ' successful by xpath via value: //div[@class='card']/form//div[@id='homeGrid']/div[4]/div/button 
2020-05-11 08:54:48,147|base_page.py[line:156] INFO:The element ' Go ' was clicked.
2020-05-11 08:54:48,148|homePage.py[line:45] INFO:module_name: Customers
2020-05-11 08:55:00,480|base_page.py[line:69] ERROR:TimeoutException: selector by xpath ,value xpath=>//div[@class='card']//li/a[text()='Contacts']
2020-05-11 08:55:02,525|base_page.py[line:67] INFO:Had find the element ' Contacts ' successful by xpath via value: //div[@class='card']//li/a[text()='Contacts'] 
2020-05-11 08:55:02,675|base_page.py[line:156] INFO:The element ' Contacts ' was clicked.
2020-05-11 08:55:03,197|base_page.py[line:222] INFO:Had find the elements successful by xpath via value: //div[@class='card']//div//h4 
2020-05-11 08:55:05,272|base_page.py[line:67] INFO:Had find the element ' Contacts ' successful by xpath via value: //div[@class='card']//div//h4[text()='Contacts'] 
2020-05-11 08:55:07,341|base_page.py[line:67] INFO:Had find the element ' History ' successful by xpath via value: //div[@class='glo-row']/div[1]//button[text()=' History'] 
2020-05-11 08:55:07,566|base_page.py[line:156] INFO:The element ' History ' was clicked.
2020-05-11 08:55:09,626|base_page.py[line:67] INFO:Had find the element ' History For Contacts ' successful by xpath via value: //h4[@class='modal-title'] 
2020-05-11 08:55:11,707|base_page.py[line:67] INFO:Had find the element ' × ' successful by xpath via value: //button[@class='close'] 
2020-05-11 08:55:11,805|base_page.py[line:156] INFO:The element ' × ' was clicked.
2020-05-11 08:55:12,316|base_page.py[line:222] INFO:Had find the elements successful by xpath via value: //div[@class='card']//div//h4 
2020-05-11 08:55:14,392|base_page.py[line:67] INFO:Had find the element ' Email ' successful by xpath via value: //div[@class='card']//div//h4[text()='Email'] 
2020-05-11 08:55:16,464|base_page.py[line:67] INFO:Had find the element ' New ' successful by xpath via value: //div[@class='glo-row']/div[2]//button[text()=' New'] 
2020-05-11 08:55:16,589|base_page.py[line:156] INFO:The element ' New ' was clicked.
2020-05-11 08:55:18,634|base_page.py[line:67] INFO:Had find the element '  ' successful by id via value: CreateContactEmail 
2020-05-11 08:55:18,710|base_page.py[line:156] INFO:The element '  ' was clicked.
2020-05-11 08:55:20,729|base_page.py[line:67] INFO:Had find the element '  ' successful by id via value: CreateContactEmail 
2020-05-11 08:55:22,781|base_page.py[line:67] INFO:Had find the element '  ' successful by id via value: CreateContactEmail 
2020-05-11 08:55:24,841|base_page.py[line:67] INFO:Had find the element '  ' successful by id via value: CreateContactEmail 
2020-05-11 08:55:25,172|base_page.py[line:134] INFO:Had type ' uiautomation@qq.com ' in inputBox
2020-05-11 08:55:27,226|base_page.py[line:67] INFO:Had find the element ' Select one...
Personal
Business
Company
Government
Unknown ' successful by id via value: CreateEmailType 
2020-05-11 08:55:27,346|base_page.py[line:156] INFO:The element ' Select one...
Personal
Business
Company
Government
Unknown ' was clicked.
2020-05-11 08:55:29,395|base_page.py[line:67] INFO:Had find the element ' Select one...
Personal
Business
Company
Government
Unknown ' successful by id via value: CreateEmailType 
2020-05-11 08:55:31,534|base_page.py[line:67] INFO:Had find the element ' No
Yes ' successful by id via value: CreateIsPrimary 
2020-05-11 08:55:31,656|base_page.py[line:156] INFO:The element ' No
Yes ' was clicked.
2020-05-11 08:55:33,679|base_page.py[line:67] INFO:Had find the element ' No
Yes ' successful by id via value: CreateIsPrimary 
2020-05-11 08:55:35,784|base_page.py[line:67] INFO:Had find the element ' Save ' successful by xpath via value: //button[text()='Save'] 
2020-05-11 08:55:35,883|base_page.py[line:156] INFO:The element ' Save ' was clicked.
2020-05-11 08:55:48,367|base_page.py[line:69] ERROR:TimeoutException: selector by xpath ,value //div[@role='alert']
2020-05-11 08:55:48,367|base_page.py[line:122] ERROR:NoSuchElement selector_by: xpath, selector: //div[@role='alert'] 
2020-05-11 08:55:49,090|base_page.py[line:222] INFO:Had find the elements successful by xpath via value: //div[@class='card']//div//h4 
2020-05-11 08:55:51,177|base_page.py[line:67] INFO:Had find the element ' Email ' successful by xpath via value: //div[@class='card']//div//h4[text()='Email'] 
2020-05-11 08:55:51,697|base_page.py[line:222] INFO:Had find the elements successful by xpath via value: //div[@class='glo-row']/div[1]//div[@class='glo-row']//div[@class='rt-tr-group'] 
2020-05-11 08:55:53,781|base_page.py[line:67] INFO:Had find the element ' DR.
a83a
a83a
a83a
Jr
CPA ' successful by xpath via value: //div[@class='glo-row']/div[1]//div[@class='glo-row']//div[@class='rt-tr-group'][1]/div 
2020-05-11 08:55:56,094|base_page.py[line:67] INFO:Had find the element ' DR.
a83a
a83a
a83a
Jr
CPA ' successful by xpath via value: //div[@class='glo-row']/div[1]//div[@class='glo-row']//div[@class='rt-tr-group'][1]/div 
2020-05-11 08:55:56,185|base_page.py[line:156] INFO:The element ' DR.
a83a
a83a
a83a
Jr
CPA ' was clicked.
2020-05-11 08:56:07,031|base_page.py[line:224] ERROR:TimeoutException: selector by xpath ,value //div[@class='glo-row']/div[2]//div[@class='glo-row']//div[@class='rt-tr-group']
2020-05-11 08:56:07,545|base_page.py[line:222] INFO:Had find the elements successful by xpath via value: //div[@class='card']//div//h4 
2020-05-11 08:56:09,618|base_page.py[line:67] INFO:Had find the element ' Email ' successful by xpath via value: //div[@class='card']//div//h4[text()='Email'] 
2020-05-11 08:56:10,143|base_page.py[line:222] INFO:Had find the elements successful by xpath via value: //div[@class='glo-row']/div[1]//div[@class='glo-row']//div[@class='rt-tr-group'] 
2020-05-11 08:56:12,205|base_page.py[line:67] INFO:Had find the element ' DR.
a83a
a83a
a83a
Jr
CPA ' successful by xpath via value: //div[@class='glo-row']/div[1]//div[@class='glo-row']//div[@class='rt-tr-group'][1]/div 
2020-05-11 08:56:23,079|base_page.py[line:224] ERROR:TimeoutException: selector by xpath ,value //div[@class='glo-row']/div[2]//div[@class='glo-row']//div[@class='rt-tr-group']
2020-05-11 08:56:23,600|base_page.py[line:222] INFO:Had find the elements successful by xpath via value: //div[@class='card']//div//h4 
2020-05-11 08:56:25,665|base_page.py[line:67] INFO:Had find the element ' Email ' successful by xpath via value: //div[@class='card']//div//h4[text()='Email'] 
2020-05-11 08:56:27,716|base_page.py[line:67] INFO:Had find the element ' History ' successful by xpath via value: //div[@class='glo-row']/div[2]//button[text()=' History'] 
2020-05-11 08:56:27,838|base_page.py[line:156] INFO:The element ' History ' was clicked.
2020-05-11 08:56:29,889|base_page.py[line:67] INFO:Had find the element ' History For Email ' successful by xpath via value: //h4[@class='modal-title'] 
2020-05-11 08:56:31,950|base_page.py[line:67] INFO:Had find the element ' × ' successful by xpath via value: //button[@class='close'] 
2020-05-11 08:56:32,030|base_page.py[line:156] INFO:The element ' × ' was clicked.
2020-05-11 08:56:32,540|base_page.py[line:222] INFO:Had find the elements successful by xpath via value: //div[@class='card']//div//h4 
2020-05-11 08:56:34,616|base_page.py[line:67] INFO:Had find the element ' Phone ' successful by xpath via value: //div[@class='card']//div//h4[text()='Phone'] 
2020-05-11 08:56:35,182|base_page.py[line:222] INFO:Had find the elements successful by xpath via value: //div[@class='glo-row']/div[1]//div[@class='glo-row']//div[@class='rt-tr-group'] 
2020-05-11 08:56:37,232|base_page.py[line:67] INFO:Had find the element ' DR.
a83a
a83a
a83a
Jr
CPA ' successful by xpath via value: //div[@class='glo-row']/div[1]//div[@class='glo-row']//div[@class='rt-tr-group'][1]/div 
2020-05-11 08:56:48,109|base_page.py[line:224] ERROR:TimeoutException: selector by xpath ,value //div[@class='glo-row']/div[3]//div[@class='glo-row']//div[@class='rt-tr-group']
