2020-05-11 09:50:04,802|browser_engine.py[line:27] INFO:You had select Chrome browser.
2020-05-11 09:50:04,802|browser_engine.py[line:29] INFO:The test server url is: https://rralamotest.z21.web.core.windows.net/
2020-05-11 09:50:08,150|browser_engine.py[line:42] INFO:Starting Chrome browser.
2020-05-11 09:50:09,410|browser_engine.py[line:53] INFO:Maximize the current window.
2020-05-11 09:50:17,661|browser_engine.py[line:56] INFO:Open url: https://rralamotest.z21.web.core.windows.net/
2020-05-11 09:50:30,123|base_page.py[line:69] ERROR:TimeoutException: selector by xpath ,value xpath=>//div[@class='localAccount']//div[@class='intro']/h2
2020-05-11 09:50:32,194|base_page.py[line:67] INFO:Had find the element ' Sign in with your existing account ' successful by xpath via value: //div[@class='localAccount']//div[@class='intro']/h2 
2020-05-11 09:50:34,300|base_page.py[line:67] INFO:Had find the element '  ' successful by id via value: logonIdentifier 
2020-05-11 09:50:34,366|base_page.py[line:144] INFO:Clear text in input box before typing.
2020-05-11 09:50:36,385|base_page.py[line:67] INFO:Had find the element '  ' successful by id via value: logonIdentifier 
2020-05-11 09:50:36,537|base_page.py[line:134] INFO:Had type ' yan.liu@an-chen.com ' in inputBox
2020-05-11 09:50:38,578|base_page.py[line:67] INFO:Had find the element '  ' successful by id via value: password 
2020-05-11 09:50:38,641|base_page.py[line:144] INFO:Clear text in input box before typing.
2020-05-11 09:50:40,678|base_page.py[line:67] INFO:Had find the element '  ' successful by id via value: password 
2020-05-11 09:50:40,879|base_page.py[line:134] INFO:Had type ' Lychan@2012 ' in inputBox
2020-05-11 09:50:42,947|base_page.py[line:67] INFO:Had find the element ' Sign in ' successful by xpath via value: //div[@class='buttons']/button[text()='Sign in'] 
2020-05-11 09:50:55,221|base_page.py[line:69] ERROR:TimeoutException: selector by xpath ,value xpath=>//div[@id='root']//div[@class='content-heading']
2020-05-11 09:50:57,263|base_page.py[line:67] INFO:Had find the element ' Welcome, yanliu ' successful by xpath via value: //div[@id='root']//div[@class='content-heading'] 
2020-05-11 09:50:57,263|login.py[line:41] INFO:login success
2020-05-11 09:51:09,636|base_page.py[line:69] ERROR:TimeoutException: selector by xpath ,value xpath=>//div[@class='header-badge-glo']
2020-05-11 09:51:11,731|base_page.py[line:67] INFO:Had find the element ' Y ' successful by xpath via value: //div[@class='header-badge-glo'] 
2020-05-11 09:51:11,968|base_page.py[line:156] INFO:The element ' Y ' was clicked.
2020-05-11 09:51:14,004|base_page.py[line:67] INFO:Had find the element ' Logout ' successful by xpath via value: //a[text()='Logout'] 
2020-05-11 09:51:14,128|base_page.py[line:156] INFO:The element ' Logout ' was clicked.
2020-05-11 09:51:26,549|base_page.py[line:69] ERROR:TimeoutException: selector by xpath ,value //div[@class='localAccount']//div[@class='intro']/h2
2020-05-11 09:51:26,549|base_page.py[line:122] ERROR:NoSuchElement selector_by: xpath, selector: //div[@class='localAccount']//div[@class='intro']/h2 
2020-05-11 09:51:28,965|base_page.py[line:67] INFO:Had find the element ' CUSTOMERS ' successful by id via value: customers 
2020-05-11 09:51:29,095|base_page.py[line:156] INFO:The element ' CUSTOMERS ' was clicked.
2020-05-11 09:51:29,616|base_page.py[line:222] INFO:Had find the elements successful by xpath via value: //ul[@class='dropdown-menu multi-level show']/li/a 
2020-05-11 09:51:31,709|base_page.py[line:67] INFO:Had find the element ' New ' successful by xpath via value: //ul[@class='dropdown-menu multi-level show']/li[2]/a 
2020-05-11 09:51:31,807|base_page.py[line:156] INFO:The element ' New ' was clicked.
2020-05-11 09:51:31,807|topMenu.py[line:69] INFO:second_menu: New
2020-05-11 09:51:44,170|base_page.py[line:69] ERROR:TimeoutException: selector by id ,value entityType
2020-05-11 09:51:44,170|base_page.py[line:122] ERROR:NoSuchElement selector_by: id, selector: entityType 
2020-05-11 09:51:56,882|base_page.py[line:69] ERROR:TimeoutException: selector by xpath ,value xpath=>//div[@class='card']/form//div[@id='homeGrid']/div//h2
2020-05-11 09:52:07,701|base_page.py[line:224] ERROR:TimeoutException: selector by xpath ,value //div[@class='card']/form//div[@id='homeGrid']/div//h2
2020-05-11 09:52:20,183|base_page.py[line:69] ERROR:TimeoutException: selector by xpath ,value xpath=>//div[@class='card']/form//div[@id='homeGrid']/div//h2
2020-05-11 09:52:31,172|base_page.py[line:224] ERROR:TimeoutException: selector by xpath ,value //div[@class='card']/form//div[@id='homeGrid']/div//h2
2020-05-11 09:52:43,704|base_page.py[line:69] ERROR:TimeoutException: selector by xpath ,value xpath=>//div[@class='card']/form//div[@id='homeGrid']/div//h2
2020-05-11 09:53:08,161|browser_engine.py[line:77] INFO:Now, Close and quit the browser.
