2020-05-11 10:01:31,547|browser_engine.py[line:27] INFO:You had select Chrome browser.
2020-05-11 10:01:31,547|browser_engine.py[line:29] INFO:The test server url is: https://rralamotest.z21.web.core.windows.net/
2020-05-11 10:01:34,277|browser_engine.py[line:42] INFO:Starting Chrome browser.
2020-05-11 10:01:35,409|browser_engine.py[line:53] INFO:Maximize the current window.
2020-05-11 10:01:56,831|browser_engine.py[line:56] INFO:Open url: https://rralamotest.z21.web.core.windows.net/
2020-05-11 10:02:09,305|base_page.py[line:69] ERROR:TimeoutException: selector by xpath ,value xpath=>//div[@class='localAccount']//div[@class='intro']/h2
2020-05-11 10:02:11,340|base_page.py[line:67] INFO:Had find the element ' Sign in with your existing account ' successful by xpath via value: //div[@class='localAccount']//div[@class='intro']/h2 
2020-05-11 10:02:13,427|base_page.py[line:67] INFO:Had find the element '  ' successful by id via value: logonIdentifier 
2020-05-11 10:02:13,503|base_page.py[line:144] INFO:Clear text in input box before typing.
2020-05-11 10:02:15,564|base_page.py[line:67] INFO:Had find the element '  ' successful by id via value: logonIdentifier 
2020-05-11 10:02:15,955|base_page.py[line:134] INFO:Had type ' yan.liu@an-chen.com ' in inputBox
2020-05-11 10:02:18,195|base_page.py[line:67] INFO:Had find the element '  ' successful by id via value: password 
2020-05-11 10:02:18,331|base_page.py[line:144] INFO:Clear text in input box before typing.
2020-05-11 10:02:20,369|base_page.py[line:67] INFO:Had find the element '  ' successful by id via value: password 
2020-05-11 10:02:20,671|base_page.py[line:134] INFO:Had type ' Lychan@2012 ' in inputBox
2020-05-11 10:02:22,709|base_page.py[line:67] INFO:Had find the element ' Sign in ' successful by xpath via value: //div[@class='buttons']/button[text()='Sign in'] 
2020-05-11 10:02:35,117|base_page.py[line:69] ERROR:TimeoutException: selector by xpath ,value xpath=>//div[@id='root']//div[@class='content-heading']
2020-05-11 10:02:37,190|base_page.py[line:67] INFO:Had find the element ' Welcome, yanliu ' successful by xpath via value: //div[@id='root']//div[@class='content-heading'] 
2020-05-11 10:02:37,190|login.py[line:41] INFO:login success
2020-05-11 10:02:39,266|base_page.py[line:67] INFO:Had find the element '  ' successful by id via value: alano-glo-brand-logo 
2020-05-11 10:02:39,361|base_page.py[line:156] INFO:The element '  ' was clicked.
2020-05-11 10:02:41,394|base_page.py[line:67] INFO:Had find the element ' CUSTOMERS ' successful by id via value: customers 
2020-05-11 10:02:41,468|base_page.py[line:156] INFO:The element ' CUSTOMERS ' was clicked.
2020-05-11 10:02:41,992|base_page.py[line:222] INFO:Had find the elements successful by xpath via value: //ul[@class='dropdown-menu multi-level show']/li/a 
2020-05-11 10:02:44,064|base_page.py[line:67] INFO:Had find the element ' New ' successful by xpath via value: //ul[@class='dropdown-menu multi-level show']/li[2]/a 
2020-05-11 10:02:44,186|base_page.py[line:156] INFO:The element ' New ' was clicked.
2020-05-11 10:02:44,186|topMenu.py[line:69] INFO:second_menu: New
2020-05-11 10:02:56,335|base_page.py[line:69] ERROR:TimeoutException: selector by id ,value entityType
2020-05-11 10:02:56,335|base_page.py[line:122] ERROR:NoSuchElement selector_by: id, selector: entityType 
2020-05-11 10:02:58,837|base_page.py[line:67] INFO:Had find the element '  ' successful by id via value: alano-glo-brand-logo 
2020-05-11 10:02:58,994|base_page.py[line:156] INFO:The element '  ' was clicked.
2020-05-11 10:03:11,340|base_page.py[line:69] ERROR:TimeoutException: selector by xpath ,value xpath=>//div[@class='card']/form//div[@id='homeGrid']/div//h2
2020-05-11 10:03:11,855|base_page.py[line:222] INFO:Had find the elements successful by xpath via value: //div[@class='card']/form//div[@id='homeGrid']/div//h2 
2020-05-11 10:03:14,054|base_page.py[line:67] INFO:Had find the element '  ' successful by xpath via value: //div[@class='card']/form//div[@id='homeGrid']/div[4]//input 
2020-05-11 10:03:14,299|base_page.py[line:134] INFO:Had type ' C000088923 ' in inputBox
2020-05-11 10:03:16,841|base_page.py[line:67] INFO:Had find the element ' Go ' successful by xpath via value: //div[@class='card']/form//div[@id='homeGrid']/div[4]/div/button 
2020-05-11 10:03:17,289|base_page.py[line:156] INFO:The element ' Go ' was clicked.
2020-05-11 10:03:17,289|homePage.py[line:50] INFO:module_name: Customers
2020-05-11 10:03:17,821|base_page.py[line:222] INFO:Had find the elements successful by xpath via value: //div[@class='card']//div//h4 
2020-05-11 10:03:19,260|base_page.py[line:222] INFO:Had find the elements successful by xpath via value: //div[@class='card']//div//h4 
2020-05-11 10:03:21,765|base_page.py[line:67] INFO:Had find the element '  ' successful by id via value: alano-glo-brand-logo 
2020-05-11 10:03:21,931|base_page.py[line:156] INFO:The element '  ' was clicked.
2020-05-11 10:03:34,321|base_page.py[line:69] ERROR:TimeoutException: selector by xpath ,value xpath=>//div[@class='card']/form//div[@id='homeGrid']/div//h2
2020-05-11 10:03:34,846|base_page.py[line:222] INFO:Had find the elements successful by xpath via value: //div[@class='card']/form//div[@id='homeGrid']/div//h2 
2020-05-11 10:03:36,976|base_page.py[line:67] INFO:Had find the element '  ' successful by xpath via value: //div[@class='card']/form//div[@id='homeGrid']/div[4]//input 
2020-05-11 10:03:37,221|base_page.py[line:134] INFO:Had type ' C000088898 ' in inputBox
2020-05-11 10:03:39,279|base_page.py[line:67] INFO:Had find the element ' Go ' successful by xpath via value: //div[@class='card']/form//div[@id='homeGrid']/div[4]/div/button 
2020-05-11 10:03:39,447|base_page.py[line:156] INFO:The element ' Go ' was clicked.
2020-05-11 10:03:39,448|homePage.py[line:50] INFO:module_name: Customers
2020-05-11 10:03:51,573|base_page.py[line:69] ERROR:TimeoutException: selector by xpath ,value xpath=>//div[@class='card']//li/a[text()='Contacts']
2020-05-11 10:03:53,625|base_page.py[line:67] INFO:Had find the element ' Contacts ' successful by xpath via value: //div[@class='card']//li/a[text()='Contacts'] 
2020-05-11 10:03:53,790|base_page.py[line:156] INFO:The element ' Contacts ' was clicked.
2020-05-11 10:03:54,300|base_page.py[line:222] INFO:Had find the elements successful by xpath via value: //div[@class='card']//div//h4 
2020-05-11 10:03:56,419|base_page.py[line:67] INFO:Had find the element ' Contacts ' successful by xpath via value: //div[@class='card']//div//h4[text()='Contacts'] 
2020-05-11 10:03:58,471|base_page.py[line:67] INFO:Had find the element ' History ' successful by xpath via value: //div[@class='glo-row']/div[1]//button[text()=' History'] 
2020-05-11 10:03:58,634|base_page.py[line:156] INFO:The element ' History ' was clicked.
2020-05-11 10:04:00,717|base_page.py[line:67] INFO:Had find the element ' History For Contacts ' successful by xpath via value: //h4[@class='modal-title'] 
2020-05-11 10:04:02,811|base_page.py[line:67] INFO:Had find the element ' × ' successful by xpath via value: //button[@class='close'] 
2020-05-11 10:04:03,120|base_page.py[line:156] INFO:The element ' × ' was clicked.
2020-05-11 10:04:03,632|base_page.py[line:222] INFO:Had find the elements successful by xpath via value: //div[@class='card']//div//h4 
2020-05-11 10:04:05,702|base_page.py[line:67] INFO:Had find the element ' Email ' successful by xpath via value: //div[@class='card']//div//h4[text()='Email'] 
2020-05-11 10:04:07,764|base_page.py[line:67] INFO:Had find the element ' New ' successful by xpath via value: //div[@class='glo-row']/div[2]//button[text()=' New'] 
2020-05-11 10:04:07,929|base_page.py[line:156] INFO:The element ' New ' was clicked.
2020-05-11 10:04:09,981|base_page.py[line:67] INFO:Had find the element '  ' successful by id via value: CreateContactEmail 
2020-05-11 10:04:10,104|base_page.py[line:156] INFO:The element '  ' was clicked.
2020-05-11 10:04:12,149|base_page.py[line:67] INFO:Had find the element '  ' successful by id via value: CreateContactEmail 
2020-05-11 10:04:14,223|base_page.py[line:67] INFO:Had find the element '  ' successful by id via value: CreateContactEmail 
2020-05-11 10:04:16,266|base_page.py[line:67] INFO:Had find the element '  ' successful by id via value: CreateContactEmail 
2020-05-11 10:04:16,739|base_page.py[line:134] INFO:Had type ' uiautomation@qq.com ' in inputBox
2020-05-11 10:04:18,874|base_page.py[line:67] INFO:Had find the element ' Select one...
Personal
Business
Company
Government
Unknown ' successful by id via value: CreateEmailType 
2020-05-11 10:04:19,069|base_page.py[line:156] INFO:The element ' Select one...
Personal
Business
Company
Government
Unknown ' was clicked.
2020-05-11 10:04:21,112|base_page.py[line:67] INFO:Had find the element ' Select one...
Personal
Business
Company
Government
Unknown ' successful by id via value: CreateEmailType 
2020-05-11 10:04:23,257|base_page.py[line:67] INFO:Had find the element ' No
Yes ' successful by id via value: CreateIsPrimary 
2020-05-11 10:04:23,403|base_page.py[line:156] INFO:The element ' No
Yes ' was clicked.
2020-05-11 10:04:25,448|base_page.py[line:67] INFO:Had find the element ' No
Yes ' successful by id via value: CreateIsPrimary 
2020-05-11 10:04:27,535|base_page.py[line:67] INFO:Had find the element ' Save ' successful by xpath via value: //button[text()='Save'] 
2020-05-11 10:04:27,658|base_page.py[line:156] INFO:The element ' Save ' was clicked.
2020-05-11 10:04:39,671|base_page.py[line:69] ERROR:TimeoutException: selector by xpath ,value //div[@role='alert']
2020-05-11 10:04:39,671|base_page.py[line:122] ERROR:NoSuchElement selector_by: xpath, selector: //div[@role='alert'] 
2020-05-11 10:04:40,587|base_page.py[line:222] INFO:Had find the elements successful by xpath via value: //div[@class='card']//div//h4 
2020-05-11 10:04:42,681|base_page.py[line:67] INFO:Had find the element ' Email ' successful by xpath via value: //div[@class='card']//div//h4[text()='Email'] 
2020-05-11 10:04:53,468|base_page.py[line:224] ERROR:TimeoutException: selector by xpath ,value //div[@class='glo-row']/div[1]//div[@class='glo-row']//div[@class='rt-tr-group']
2020-05-11 10:04:54,354|base_page.py[line:222] INFO:Had find the elements successful by xpath via value: //div[@class='card']//div//h4 
2020-05-11 10:04:56,401|base_page.py[line:67] INFO:Had find the element ' Email ' successful by xpath via value: //div[@class='card']//div//h4[text()='Email'] 
2020-05-11 10:05:07,194|base_page.py[line:224] ERROR:TimeoutException: selector by xpath ,value //div[@class='glo-row']/div[1]//div[@class='glo-row']//div[@class='rt-tr-group']
2020-05-11 10:05:08,110|base_page.py[line:222] INFO:Had find the elements successful by xpath via value: //div[@class='card']//div//h4 
2020-05-11 10:05:10,174|base_page.py[line:67] INFO:Had find the element ' Email ' successful by xpath via value: //div[@class='card']//div//h4[text()='Email'] 
2020-05-11 10:05:12,649|base_page.py[line:67] INFO:Had find the element ' History ' successful by xpath via value: //div[@class='glo-row']/div[2]//button[text()=' History'] 
2020-05-11 10:05:12,924|base_page.py[line:156] INFO:The element ' History ' was clicked.
2020-05-11 10:05:14,958|base_page.py[line:67] INFO:Had find the element ' History For Email ' successful by xpath via value: //h4[@class='modal-title'] 
2020-05-11 10:05:17,011|base_page.py[line:67] INFO:Had find the element ' × ' successful by xpath via value: //button[@class='close'] 
2020-05-11 10:05:17,115|base_page.py[line:156] INFO:The element ' × ' was clicked.
2020-05-11 10:05:17,627|base_page.py[line:222] INFO:Had find the elements successful by xpath via value: //div[@class='card']//div//h4 
2020-05-11 10:05:19,731|base_page.py[line:67] INFO:Had find the element ' Phone ' successful by xpath via value: //div[@class='card']//div//h4[text()='Phone'] 
2020-05-11 10:05:30,428|base_page.py[line:224] ERROR:TimeoutException: selector by xpath ,value //div[@class='glo-row']/div[1]//div[@class='glo-row']//div[@class='rt-tr-group']
2020-05-11 10:05:31,805|base_page.py[line:222] INFO:Had find the elements successful by xpath via value: //div[@class='card']//div//h4 
2020-05-11 10:05:33,944|base_page.py[line:67] INFO:Had find the element ' Phone ' successful by xpath via value: //div[@class='card']//div//h4[text()='Phone'] 
2020-05-11 10:05:36,034|base_page.py[line:67] INFO:Had find the element ' History ' successful by xpath via value: //div[@class='glo-row']/div[3]//button[text()=' History'] 
2020-05-11 10:05:36,223|base_page.py[line:156] INFO:The element ' History ' was clicked.
2020-05-11 10:05:38,333|base_page.py[line:67] INFO:Had find the element ' History For Phone ' successful by xpath via value: //h4[@class='modal-title'] 
2020-05-11 10:05:40,394|base_page.py[line:67] INFO:Had find the element ' × ' successful by xpath via value: //button[@class='close'] 
2020-05-11 10:05:40,498|base_page.py[line:156] INFO:The element ' × ' was clicked.
2020-05-11 10:05:41,011|base_page.py[line:222] INFO:Had find the elements successful by xpath via value: //div[@class='card']//div//h4 
2020-05-11 10:05:43,154|base_page.py[line:67] INFO:Had find the element ' Contacts ' successful by xpath via value: //div[@class='card']//div//h4[text()='Contacts'] 
2020-05-11 10:05:54,060|base_page.py[line:224] ERROR:TimeoutException: selector by xpath ,value //div[@class='glo-row']/div[1]//div[@class='glo-row']//div[@class='rt-tr-group']
2020-05-11 10:05:56,601|base_page.py[line:67] INFO:Had find the element '  ' successful by id via value: alano-glo-brand-logo 
2020-05-11 10:05:56,903|base_page.py[line:156] INFO:The element '  ' was clicked.
2020-05-11 10:06:09,302|base_page.py[line:69] ERROR:TimeoutException: selector by xpath ,value xpath=>//div[@class='card']/form//div[@id='homeGrid']/div//h2
2020-05-11 10:06:09,831|base_page.py[line:222] INFO:Had find the elements successful by xpath via value: //div[@class='card']/form//div[@id='homeGrid']/div//h2 
2020-05-11 10:06:11,966|base_page.py[line:67] INFO:Had find the element '  ' successful by xpath via value: //div[@class='card']/form//div[@id='homeGrid']/div[4]//input 
2020-05-11 10:06:12,144|base_page.py[line:134] INFO:Had type ' C000088923 ' in inputBox
2020-05-11 10:06:14,195|base_page.py[line:67] INFO:Had find the element ' Go ' successful by xpath via value: //div[@class='card']/form//div[@id='homeGrid']/div[4]/div/button 
2020-05-11 10:06:14,501|base_page.py[line:156] INFO:The element ' Go ' was clicked.
2020-05-11 10:06:14,502|homePage.py[line:50] INFO:module_name: Customers
2020-05-11 10:06:26,879|base_page.py[line:69] ERROR:TimeoutException: selector by xpath ,value xpath=>//div[@class='card']//li/a[text()='Entity']
2020-05-11 10:06:39,229|base_page.py[line:69] ERROR:TimeoutException: selector by xpath ,value //div[@class='card']//li/a[text()='Entity']
2020-05-11 10:06:39,229|base_page.py[line:122] ERROR:NoSuchElement selector_by: xpath, selector: //div[@class='card']//li/a[text()='Entity'] 
2020-05-11 10:06:50,383|base_page.py[line:224] ERROR:TimeoutException: selector by xpath ,value //div[@class='card']//div//h4
2020-05-11 10:07:01,524|base_page.py[line:224] ERROR:TimeoutException: selector by xpath ,value //div[@class='card']//div//h4
2020-05-11 10:07:14,320|base_page.py[line:69] ERROR:TimeoutException: selector by xpath ,value xpath=>//div[@class='card']//li/a[text()='Entity']
2020-05-11 10:07:26,793|base_page.py[line:69] ERROR:TimeoutException: selector by xpath ,value //div[@class='card']//li/a[text()='Entity']
2020-05-11 10:07:26,793|base_page.py[line:122] ERROR:NoSuchElement selector_by: xpath, selector: //div[@class='card']//li/a[text()='Entity'] 
2020-05-11 10:07:39,530|base_page.py[line:69] ERROR:TimeoutException: selector by xpath ,value xpath=>//div[@class='card']//li/a[text()='Entity']
2020-05-11 10:07:51,852|base_page.py[line:69] ERROR:TimeoutException: selector by xpath ,value //div[@class='card']//li/a[text()='Entity']
2020-05-11 10:07:51,852|base_page.py[line:122] ERROR:NoSuchElement selector_by: xpath, selector: //div[@class='card']//li/a[text()='Entity'] 
2020-05-11 10:08:03,033|base_page.py[line:224] ERROR:TimeoutException: selector by xpath ,value //div[@class='card']//div//h4
2020-05-11 10:08:14,245|base_page.py[line:224] ERROR:TimeoutException: selector by xpath ,value //div[@class='card']//div//h4
2020-05-11 10:08:25,452|base_page.py[line:224] ERROR:TimeoutException: selector by xpath ,value //div[@class='card']//div//h4
2020-05-11 10:08:36,624|base_page.py[line:224] ERROR:TimeoutException: selector by xpath ,value //div[@class='card']//div//h4
2020-05-11 10:08:47,788|base_page.py[line:224] ERROR:TimeoutException: selector by xpath ,value //div[@class='card']//div//h4
2020-05-11 10:08:50,174|base_page.py[line:67] INFO:Had find the element '  ' successful by id via value: alano-glo-brand-logo 
2020-05-11 10:08:50,260|base_page.py[line:156] INFO:The element '  ' was clicked.
2020-05-11 10:09:02,679|base_page.py[line:69] ERROR:TimeoutException: selector by xpath ,value xpath=>//div[@class='card']/form//div[@id='homeGrid']/div//h2
2020-05-11 10:09:03,209|base_page.py[line:222] INFO:Had find the elements successful by xpath via value: //div[@class='card']/form//div[@id='homeGrid']/div//h2 
2020-05-11 10:09:05,335|base_page.py[line:67] INFO:Had find the element '  ' successful by xpath via value: //div[@class='card']/form//div[@id='homeGrid']/div[4]//input 
2020-05-11 10:09:05,503|base_page.py[line:134] INFO:Had type ' C000088898 ' in inputBox
2020-05-11 10:09:07,533|base_page.py[line:67] INFO:Had find the element ' Go ' successful by xpath via value: //div[@class='card']/form//div[@id='homeGrid']/div[4]/div/button 
2020-05-11 10:09:07,673|base_page.py[line:156] INFO:The element ' Go ' was clicked.
2020-05-11 10:09:07,673|homePage.py[line:50] INFO:module_name: Customers
2020-05-11 10:09:19,947|base_page.py[line:69] ERROR:TimeoutException: selector by xpath ,value xpath=>//div[@class='card']//li/a[text()='Related Leases/Lands']
2020-05-11 10:09:32,154|base_page.py[line:69] ERROR:TimeoutException: selector by xpath ,value //div[@class='card']//li/a[text()='Related Leases/Lands']
2020-05-11 10:09:32,154|base_page.py[line:122] ERROR:NoSuchElement selector_by: xpath, selector: //div[@class='card']//li/a[text()='Related Leases/Lands'] 
2020-05-11 10:09:43,416|base_page.py[line:224] ERROR:TimeoutException: selector by xpath ,value //div[@class='reactTable-full']/div//h3
2020-05-11 10:09:43,801|browser_engine.py[line:77] INFO:Now, Close and quit the browser.
