2020-05-11 10:14:38,069|browser_engine.py[line:27] INFO:You had select Chrome browser.
2020-05-11 10:14:38,069|browser_engine.py[line:29] INFO:The test server url is: https://rralamotest.z21.web.core.windows.net/
2020-05-11 10:14:41,859|browser_engine.py[line:42] INFO:Starting Chrome browser.
2020-05-11 10:14:43,094|browser_engine.py[line:53] INFO:Maximize the current window.
2020-05-11 10:15:18,163|browser_engine.py[line:56] INFO:Open url: https://rralamotest.z21.web.core.windows.net/
2020-05-11 10:15:30,406|base_page.py[line:69] ERROR:TimeoutException: selector by xpath ,value xpath=>//div[@class='localAccount']//div[@class='intro']/h2
2020-05-11 10:15:32,459|base_page.py[line:67] INFO:Had find the element ' Sign in with your existing account ' successful by xpath via value: //div[@class='localAccount']//div[@class='intro']/h2 
2020-05-11 10:15:34,567|base_page.py[line:67] INFO:Had find the element '  ' successful by id via value: logonIdentifier 
2020-05-11 10:15:34,703|base_page.py[line:144] INFO:Clear text in input box before typing.
2020-05-11 10:15:36,738|base_page.py[line:67] INFO:Had find the element '  ' successful by id via value: logonIdentifier 
2020-05-11 10:15:37,049|base_page.py[line:134] INFO:Had type ' yan.liu@an-chen.com ' in inputBox
2020-05-11 10:15:39,101|base_page.py[line:67] INFO:Had find the element '  ' successful by id via value: password 
2020-05-11 10:15:39,184|base_page.py[line:144] INFO:Clear text in input box before typing.
2020-05-11 10:15:41,233|base_page.py[line:67] INFO:Had find the element '  ' successful by id via value: password 
2020-05-11 10:15:41,550|base_page.py[line:134] INFO:Had type ' Lychan@2012 ' in inputBox
2020-05-11 10:15:43,596|base_page.py[line:67] INFO:Had find the element ' Sign in ' successful by xpath via value: //div[@class='buttons']/button[text()='Sign in'] 
2020-05-11 10:15:55,809|base_page.py[line:69] ERROR:TimeoutException: selector by xpath ,value xpath=>//div[@id='root']//div[@class='content-heading']
2020-05-11 10:15:57,858|base_page.py[line:67] INFO:Had find the element ' Welcome, yanliu ' successful by xpath via value: //div[@id='root']//div[@class='content-heading'] 
2020-05-11 10:15:57,858|login.py[line:41] INFO:login success
2020-05-11 10:15:59,943|base_page.py[line:67] INFO:Had find the element '  ' successful by id via value: alano-glo-brand-logo 
2020-05-11 10:16:00,206|base_page.py[line:156] INFO:The element '  ' was clicked.
2020-05-11 10:16:02,357|base_page.py[line:67] INFO:Had find the element ' CUSTOMERS ' successful by id via value: customers 
2020-05-11 10:16:02,504|base_page.py[line:156] INFO:The element ' CUSTOMERS ' was clicked.
2020-05-11 10:16:03,341|base_page.py[line:222] INFO:Had find the elements successful by xpath via value: //ul[@class='dropdown-menu multi-level show']/li/a 
2020-05-11 10:16:05,545|base_page.py[line:67] INFO:Had find the element ' New ' successful by xpath via value: //ul[@class='dropdown-menu multi-level show']/li[2]/a 
2020-05-11 10:16:05,780|base_page.py[line:156] INFO:The element ' New ' was clicked.
2020-05-11 10:16:05,781|topMenu.py[line:69] INFO:second_menu: New
2020-05-11 10:16:17,831|base_page.py[line:69] ERROR:TimeoutException: selector by id ,value entityType
2020-05-11 10:16:17,832|base_page.py[line:122] ERROR:NoSuchElement selector_by: id, selector: entityType 
2020-05-11 10:16:20,562|base_page.py[line:67] INFO:Had find the element '  ' successful by id via value: alano-glo-brand-logo 
2020-05-11 10:16:20,821|base_page.py[line:156] INFO:The element '  ' was clicked.
2020-05-11 10:16:33,325|base_page.py[line:69] ERROR:TimeoutException: selector by xpath ,value xpath=>//div[@class='card']/form//div[@id='homeGrid']/div//h2
2020-05-11 10:16:33,867|base_page.py[line:222] INFO:Had find the elements successful by xpath via value: //div[@class='card']/form//div[@id='homeGrid']/div//h2 
2020-05-11 10:16:36,142|base_page.py[line:67] INFO:Had find the element '  ' successful by xpath via value: //div[@class='card']/form//div[@id='homeGrid']/div[4]//input 
2020-05-11 10:16:36,561|base_page.py[line:134] INFO:Had type ' C000088923 ' in inputBox
2020-05-11 10:16:38,617|base_page.py[line:67] INFO:Had find the element ' Go ' successful by xpath via value: //div[@class='card']/form//div[@id='homeGrid']/div[4]/div/button 
2020-05-11 10:16:38,893|base_page.py[line:156] INFO:The element ' Go ' was clicked.
2020-05-11 10:16:38,893|homePage.py[line:50] INFO:module_name: Customers
2020-05-11 10:16:39,431|base_page.py[line:222] INFO:Had find the elements successful by xpath via value: //div[@class='card']//div//h4 
2020-05-11 10:16:51,162|base_page.py[line:224] ERROR:TimeoutException: selector by xpath ,value //div[@class='card']//div//h4
2020-05-11 10:17:04,094|base_page.py[line:69] ERROR:TimeoutException: selector by id ,value alano-glo-brand-logo
2020-05-11 10:17:04,094|base_page.py[line:122] ERROR:NoSuchElement selector_by: id, selector: alano-glo-brand-logo 
2020-05-11 10:17:28,964|browser_engine.py[line:77] INFO:Now, Close and quit the browser.
