2020-05-11 16:29:51,543|browser_engine.py[line:25] INFO:You had select Firefox browser.
2020-05-11 16:29:51,544|browser_engine.py[line:27] INFO:The test server url is: https://rralamotest.z21.web.core.windows.net/
2020-05-11 16:30:12,124|browser_engine.py[line:37] INFO:Starting firefox browser.
2020-05-11 16:30:12,286|browser_engine.py[line:51] INFO:Maximize the current window.
2020-05-11 16:31:20,754|browser_engine.py[line:54] INFO:Open url: https://rralamotest.z21.web.core.windows.net/
2020-05-11 16:31:33,075|base_page.py[line:69] ERROR:TimeoutException: selector by xpath ,value xpath=>//div[@class='localAccount']//div[@class='intro']/h2
2020-05-11 16:31:35,392|base_page.py[line:67] INFO:Had find the element ' Sign in with your existing account ' successful by xpath via value: //div[@class='localAccount']//div[@class='intro']/h2 
2020-05-11 16:31:37,534|base_page.py[line:67] INFO:Had find the element '  ' successful by id via value: logonIdentifier 
2020-05-11 16:31:37,606|base_page.py[line:144] INFO:Clear text in input box before typing.
2020-05-11 16:31:39,664|base_page.py[line:67] INFO:Had find the element '  ' successful by id via value: logonIdentifier 
2020-05-11 16:31:40,022|base_page.py[line:134] INFO:Had type ' yan.liu@an-chen.com ' in inputBox
2020-05-11 16:31:42,098|base_page.py[line:67] INFO:Had find the element '  ' successful by id via value: password 
2020-05-11 16:31:42,140|base_page.py[line:144] INFO:Clear text in input box before typing.
2020-05-11 16:31:44,190|base_page.py[line:67] INFO:Had find the element '  ' successful by id via value: password 
2020-05-11 16:31:44,404|base_page.py[line:134] INFO:Had type ' Lychan@2012 ' in inputBox
2020-05-11 16:31:46,445|base_page.py[line:67] INFO:Had find the element ' Sign in ' successful by xpath via value: //div[@class='buttons']/button[text()='Sign in'] 
2020-05-11 16:31:58,682|base_page.py[line:69] ERROR:TimeoutException: selector by xpath ,value xpath=>//div[@id='root']//div[@class='content-heading']
2020-05-11 16:32:00,814|base_page.py[line:67] INFO:Had find the element ' Welcome, yanliu ' successful by xpath via value: //div[@id='root']//div[@class='content-heading'] 
2020-05-11 16:32:00,815|login.py[line:41] INFO:login success
2020-05-11 16:32:06,602|base_page.py[line:67] INFO:Had find the element ' CUSTOMERS ' successful by id via value: customers 
2020-05-11 16:32:06,904|base_page.py[line:156] INFO:The element ' CUSTOMERS ' was clicked.
2020-05-11 16:32:07,446|base_page.py[line:222] INFO:Had find the elements successful by xpath via value: //ul[@class='dropdown-menu multi-level show']/li/a 
2020-05-11 16:32:09,755|base_page.py[line:67] INFO:Had find the element ' New ' successful by xpath via value: //ul[@class='dropdown-menu multi-level show']/li[2]/a 
2020-05-11 16:32:10,338|base_page.py[line:156] INFO:The element ' New ' was clicked.
2020-05-11 16:32:10,339|topMenu.py[line:69] INFO:second_menu: New
2020-05-11 16:32:22,769|base_page.py[line:69] ERROR:TimeoutException: selector by id ,value entityType
2020-05-11 16:32:22,770|base_page.py[line:122] ERROR:NoSuchElement selector_by: id, selector: entityType 
2020-05-11 16:32:37,221|base_page.py[line:69] ERROR:TimeoutException: selector by xpath ,value xpath=>//div[@class='card']/form//div[@id='homeGrid']/div//h2
2020-05-11 16:32:37,941|base_page.py[line:222] INFO:Had find the elements successful by xpath via value: //div[@class='card']/form//div[@id='homeGrid']/div//h2 
2020-05-11 16:32:40,378|base_page.py[line:67] INFO:Had find the element '  ' successful by xpath via value: //div[@class='card']/form//div[@id='homeGrid']/div[4]//input 
2020-05-11 16:32:40,982|base_page.py[line:134] INFO:Had type ' C000088898 ' in inputBox
2020-05-11 16:32:43,041|base_page.py[line:67] INFO:Had find the element ' Go ' successful by xpath via value: //div[@class='card']/form//div[@id='homeGrid']/div[4]/div/button 
2020-05-11 16:32:43,773|base_page.py[line:156] INFO:The element ' Go ' was clicked.
2020-05-11 16:32:43,774|homePage.py[line:50] INFO:module_name: Customers
2020-05-11 16:32:44,298|base_page.py[line:222] INFO:Had find the elements successful by xpath via value: //div[@class='card']//div//h4 
2020-05-11 16:32:56,714|base_page.py[line:69] ERROR:TimeoutException: selector by xpath ,value //div[@class='card']//div//h4[text()='Contacts']
2020-05-11 16:32:56,714|base_page.py[line:122] ERROR:NoSuchElement selector_by: xpath, selector: //div[@class='card']//div//h4[text()='Contacts'] 
2020-05-11 16:33:09,272|base_page.py[line:69] ERROR:TimeoutException: selector by xpath ,value xpath=>//div[@class='card']//li/a[text()='Contacts']
2020-05-11 16:33:21,694|base_page.py[line:69] ERROR:TimeoutException: selector by xpath ,value //div[@class='card']//li/a[text()='Contacts']
2020-05-11 16:33:21,696|base_page.py[line:122] ERROR:NoSuchElement selector_by: xpath, selector: //div[@class='card']//li/a[text()='Contacts'] 
2020-05-11 16:33:32,754|base_page.py[line:224] ERROR:TimeoutException: selector by xpath ,value //div[@class='card']//div//h4
2020-05-11 16:33:43,974|base_page.py[line:224] ERROR:TimeoutException: selector by xpath ,value //div[@class='card']//div//h4
2020-05-11 16:33:55,060|base_page.py[line:224] ERROR:TimeoutException: selector by xpath ,value //div[@class='card']//div//h4
2020-05-11 16:34:05,844|base_page.py[line:224] ERROR:TimeoutException: selector by xpath ,value //div[@class='card']//div//h4
2020-05-11 16:34:17,016|base_page.py[line:224] ERROR:TimeoutException: selector by xpath ,value //div[@class='card']//div//h4
2020-05-11 16:34:27,722|base_page.py[line:224] ERROR:TimeoutException: selector by xpath ,value //div[@class='card']//div//h4
2020-05-11 16:34:38,887|base_page.py[line:224] ERROR:TimeoutException: selector by xpath ,value //div[@class='card']//div//h4
2020-05-11 16:34:53,582|base_page.py[line:69] ERROR:TimeoutException: selector by xpath ,value xpath=>//div[@class='card']/form//div[@id='homeGrid']/div//h2
2020-05-11 16:35:04,581|base_page.py[line:224] ERROR:TimeoutException: selector by xpath ,value //div[@class='card']/form//div[@id='homeGrid']/div//h2
2020-05-11 16:35:18,418|base_page.py[line:69] ERROR:TimeoutException: selector by xpath ,value xpath=>//div[@class='card']/form//div[@id='homeGrid']/div//h2
2020-05-11 16:35:18,939|base_page.py[line:222] INFO:Had find the elements successful by xpath via value: //div[@class='card']/form//div[@id='homeGrid']/div//h2 
2020-05-11 16:35:21,188|base_page.py[line:67] INFO:Had find the element '  ' successful by xpath via value: //div[@class='card']/form//div[@id='homeGrid']/div[4]//input 
2020-05-11 16:35:21,587|base_page.py[line:134] INFO:Had type ' C000088923 ' in inputBox
2020-05-11 16:35:23,688|base_page.py[line:67] INFO:Had find the element ' Go ' successful by xpath via value: //div[@class='card']/form//div[@id='homeGrid']/div[4]/div/button 
2020-05-11 16:35:24,745|base_page.py[line:156] INFO:The element ' Go ' was clicked.
2020-05-11 16:35:24,746|homePage.py[line:50] INFO:module_name: Customers
2020-05-11 16:35:37,163|base_page.py[line:69] ERROR:TimeoutException: selector by xpath ,value xpath=>//div[@class='card']//li/a[text()='Entity']
2020-05-11 16:35:49,469|base_page.py[line:69] ERROR:TimeoutException: selector by xpath ,value //div[@class='card']//li/a[text()='Entity']
2020-05-11 16:35:49,470|base_page.py[line:122] ERROR:NoSuchElement selector_by: xpath, selector: //div[@class='card']//li/a[text()='Entity'] 
2020-05-11 16:36:00,843|base_page.py[line:224] ERROR:TimeoutException: selector by xpath ,value //div[@class='card']//div//h4
2020-05-11 16:36:12,018|base_page.py[line:224] ERROR:TimeoutException: selector by xpath ,value //div[@class='card']//div//h4
2020-05-11 16:36:24,484|base_page.py[line:69] ERROR:TimeoutException: selector by xpath ,value xpath=>//div[@class='card']//li/a[text()='Entity']
2020-05-11 16:36:36,850|base_page.py[line:69] ERROR:TimeoutException: selector by xpath ,value //div[@class='card']//li/a[text()='Entity']
2020-05-11 16:36:36,850|base_page.py[line:122] ERROR:NoSuchElement selector_by: xpath, selector: //div[@class='card']//li/a[text()='Entity'] 
2020-05-11 16:36:49,297|base_page.py[line:69] ERROR:TimeoutException: selector by xpath ,value xpath=>//div[@class='card']//li/a[text()='Entity']
2020-05-11 16:37:01,614|base_page.py[line:69] ERROR:TimeoutException: selector by xpath ,value //div[@class='card']//li/a[text()='Entity']
2020-05-11 16:37:01,614|base_page.py[line:122] ERROR:NoSuchElement selector_by: xpath, selector: //div[@class='card']//li/a[text()='Entity'] 
2020-05-11 16:37:12,588|base_page.py[line:224] ERROR:TimeoutException: selector by xpath ,value //div[@class='card']//div//h4
2020-05-11 16:37:23,530|base_page.py[line:224] ERROR:TimeoutException: selector by xpath ,value //div[@class='card']//div//h4
2020-05-11 16:37:34,543|base_page.py[line:224] ERROR:TimeoutException: selector by xpath ,value //div[@class='card']//div//h4
2020-05-11 16:37:45,476|base_page.py[line:224] ERROR:TimeoutException: selector by xpath ,value //div[@class='card']//div//h4
2020-05-11 16:37:56,495|base_page.py[line:224] ERROR:TimeoutException: selector by xpath ,value //div[@class='card']//div//h4
2020-05-11 16:38:10,369|base_page.py[line:69] ERROR:TimeoutException: selector by xpath ,value xpath=>//div[@class='card']/form//div[@id='homeGrid']/div//h2
2020-05-11 16:38:13,897|base_page.py[line:222] INFO:Had find the elements successful by xpath via value: //div[@class='card']/form//div[@id='homeGrid']/div//h2 
2020-05-11 16:38:16,408|base_page.py[line:67] INFO:Had find the element '  ' successful by xpath via value: //div[@class='card']/form//div[@id='homeGrid']/div[4]//input 
2020-05-11 16:38:16,779|base_page.py[line:134] INFO:Had type ' C000088898 ' in inputBox
2020-05-11 16:38:18,821|base_page.py[line:67] INFO:Had find the element ' Go ' successful by xpath via value: //div[@class='card']/form//div[@id='homeGrid']/div[4]/div/button 
2020-05-11 16:38:19,281|base_page.py[line:156] INFO:The element ' Go ' was clicked.
2020-05-11 16:38:19,281|homePage.py[line:50] INFO:module_name: Customers
2020-05-11 16:38:31,670|base_page.py[line:69] ERROR:TimeoutException: selector by xpath ,value xpath=>//div[@class='card']//li/a[text()='Related Leases/Lands']
2020-05-11 16:38:43,919|base_page.py[line:69] ERROR:TimeoutException: selector by xpath ,value //div[@class='card']//li/a[text()='Related Leases/Lands']
2020-05-11 16:38:43,919|base_page.py[line:122] ERROR:NoSuchElement selector_by: xpath, selector: //div[@class='card']//li/a[text()='Related Leases/Lands'] 
2020-05-11 16:38:54,838|base_page.py[line:224] ERROR:TimeoutException: selector by xpath ,value //div[@class='reactTable-full']/div//h3
2020-05-11 16:38:54,972|browser_engine.py[line:66] INFO:Now, Close and quit the browser.
