2020-05-11 10:56:28,092|browser_engine.py[line:25] INFO:You had select Chrome browser.
2020-05-11 10:56:28,093|browser_engine.py[line:27] INFO:The test server url is: https://rralamotest.z21.web.core.windows.net/
2020-05-11 10:56:39,147|browser_engine.py[line:40] INFO:Starting Chrome browser.
2020-05-11 10:56:41,221|browser_engine.py[line:51] INFO:Maximize the current window.
2020-05-11 10:57:14,132|browser_engine.py[line:54] INFO:Open url: https://rralamotest.z21.web.core.windows.net/
2020-05-11 10:57:26,583|base_page.py[line:69] ERROR:TimeoutException: selector by xpath ,value xpath=>//div[@class='localAccount']//div[@class='intro']/h2
2020-05-11 10:57:28,664|base_page.py[line:67] INFO:Had find the element ' Sign in with your existing account ' successful by xpath via value: //div[@class='localAccount']//div[@class='intro']/h2 
2020-05-11 10:57:30,742|base_page.py[line:67] INFO:Had find the element '  ' successful by id via value: logonIdentifier 
2020-05-11 10:57:30,815|base_page.py[line:144] INFO:Clear text in input box before typing.
2020-05-11 10:57:32,872|base_page.py[line:67] INFO:Had find the element '  ' successful by id via value: logonIdentifier 
2020-05-11 10:57:33,485|base_page.py[line:134] INFO:Had type ' yan.liu@an-chen.com ' in inputBox
2020-05-11 10:57:35,556|base_page.py[line:67] INFO:Had find the element '  ' successful by id via value: password 
2020-05-11 10:57:35,642|base_page.py[line:144] INFO:Clear text in input box before typing.
2020-05-11 10:57:37,790|base_page.py[line:67] INFO:Had find the element '  ' successful by id via value: password 
2020-05-11 10:57:38,523|base_page.py[line:134] INFO:Had type ' Lychan@2012 ' in inputBox
2020-05-11 10:57:40,594|base_page.py[line:67] INFO:Had find the element ' Sign in ' successful by xpath via value: //div[@class='buttons']/button[text()='Sign in'] 
2020-05-11 10:57:52,843|base_page.py[line:69] ERROR:TimeoutException: selector by xpath ,value xpath=>//div[@id='root']//div[@class='content-heading']
2020-05-11 10:57:54,934|base_page.py[line:67] INFO:Had find the element ' Welcome, yanliu ' successful by xpath via value: //div[@id='root']//div[@class='content-heading'] 
2020-05-11 10:57:54,935|login.py[line:41] INFO:login success
2020-05-11 10:57:57,085|base_page.py[line:67] INFO:Had find the element ' CUSTOMERS ' successful by id via value: customers 
2020-05-11 10:57:57,270|base_page.py[line:156] INFO:The element ' CUSTOMERS ' was clicked.
2020-05-11 10:57:57,824|base_page.py[line:222] INFO:Had find the elements successful by xpath via value: //ul[@class='dropdown-menu multi-level show']/li/a 
2020-05-11 10:58:00,025|base_page.py[line:67] INFO:Had find the element ' New ' successful by xpath via value: //ul[@class='dropdown-menu multi-level show']/li[2]/a 
2020-05-11 10:58:00,326|base_page.py[line:156] INFO:The element ' New ' was clicked.
2020-05-11 10:58:00,327|topMenu.py[line:69] INFO:second_menu: New
2020-05-11 10:58:12,750|base_page.py[line:69] ERROR:TimeoutException: selector by id ,value entityType
2020-05-11 10:58:12,750|base_page.py[line:122] ERROR:NoSuchElement selector_by: id, selector: entityType 
2020-05-11 10:58:26,396|base_page.py[line:69] ERROR:TimeoutException: selector by xpath ,value xpath=>//div[@class='card']/form//div[@id='homeGrid']/div//h2
2020-05-11 10:58:26,944|base_page.py[line:222] INFO:Had find the elements successful by xpath via value: //div[@class='card']/form//div[@id='homeGrid']/div//h2 
2020-05-11 10:58:29,254|base_page.py[line:67] INFO:Had find the element '  ' successful by xpath via value: //div[@class='card']/form//div[@id='homeGrid']/div[4]//input 
2020-05-11 10:58:29,746|base_page.py[line:134] INFO:Had type ' C000088923 ' in inputBox
2020-05-11 10:58:31,809|base_page.py[line:67] INFO:Had find the element ' Go ' successful by xpath via value: //div[@class='card']/form//div[@id='homeGrid']/div[4]/div/button 
2020-05-11 10:58:32,264|base_page.py[line:156] INFO:The element ' Go ' was clicked.
2020-05-11 10:58:32,264|homePage.py[line:50] INFO:module_name: Customers
2020-05-11 10:58:32,808|base_page.py[line:222] INFO:Had find the elements successful by xpath via value: //div[@class='card']//div//h4 
2020-05-11 10:58:44,833|base_page.py[line:224] ERROR:TimeoutException: selector by xpath ,value //div[@class='card']//div//h4
2020-05-11 10:59:02,086|base_page.py[line:69] ERROR:TimeoutException: selector by xpath ,value xpath=>//div[@class='card']/form//div[@id='homeGrid']/div//h2
2020-05-11 10:59:02,617|base_page.py[line:222] INFO:Had find the elements successful by xpath via value: //div[@class='card']/form//div[@id='homeGrid']/div//h2 
2020-05-11 10:59:04,863|base_page.py[line:67] INFO:Had find the element '  ' successful by xpath via value: //div[@class='card']/form//div[@id='homeGrid']/div[4]//input 
2020-05-11 10:59:05,343|base_page.py[line:134] INFO:Had type ' C000088898 ' in inputBox
2020-05-11 10:59:07,434|base_page.py[line:67] INFO:Had find the element ' Go ' successful by xpath via value: //div[@class='card']/form//div[@id='homeGrid']/div[4]/div/button 
2020-05-11 10:59:08,087|base_page.py[line:156] INFO:The element ' Go ' was clicked.
2020-05-11 10:59:08,087|homePage.py[line:50] INFO:module_name: Customers
2020-05-11 10:59:20,365|base_page.py[line:69] ERROR:TimeoutException: selector by xpath ,value xpath=>//div[@class='card']//li/a[text()='Contacts']
2020-05-11 10:59:32,815|base_page.py[line:69] ERROR:TimeoutException: selector by xpath ,value //div[@class='card']//li/a[text()='Contacts']
2020-05-11 10:59:32,815|base_page.py[line:122] ERROR:NoSuchElement selector_by: xpath, selector: //div[@class='card']//li/a[text()='Contacts'] 
2020-05-11 10:59:44,435|base_page.py[line:224] ERROR:TimeoutException: selector by xpath ,value //div[@class='card']//div//h4
2020-05-11 10:59:55,869|base_page.py[line:224] ERROR:TimeoutException: selector by xpath ,value //div[@class='card']//div//h4
2020-05-11 11:00:07,425|base_page.py[line:224] ERROR:TimeoutException: selector by xpath ,value //div[@class='card']//div//h4
2020-05-11 11:00:18,795|base_page.py[line:224] ERROR:TimeoutException: selector by xpath ,value //div[@class='card']//div//h4
2020-05-11 11:00:30,202|base_page.py[line:224] ERROR:TimeoutException: selector by xpath ,value //div[@class='card']//div//h4
2020-05-11 11:00:41,615|base_page.py[line:224] ERROR:TimeoutException: selector by xpath ,value //div[@class='card']//div//h4
2020-05-11 11:00:52,971|base_page.py[line:224] ERROR:TimeoutException: selector by xpath ,value //div[@class='card']//div//h4
2020-05-11 11:01:06,681|base_page.py[line:69] ERROR:TimeoutException: selector by xpath ,value xpath=>//div[@class='card']/form//div[@id='homeGrid']/div//h2
2020-05-11 11:01:07,218|base_page.py[line:222] INFO:Had find the elements successful by xpath via value: //div[@class='card']/form//div[@id='homeGrid']/div//h2 
2020-05-11 11:01:09,452|base_page.py[line:67] INFO:Had find the element '  ' successful by xpath via value: //div[@class='card']/form//div[@id='homeGrid']/div[4]//input 
2020-05-11 11:01:09,801|base_page.py[line:134] INFO:Had type ' C000088923 ' in inputBox
2020-05-11 11:01:11,865|base_page.py[line:67] INFO:Had find the element ' Go ' successful by xpath via value: //div[@class='card']/form//div[@id='homeGrid']/div[4]/div/button 
2020-05-11 11:01:12,190|base_page.py[line:156] INFO:The element ' Go ' was clicked.
2020-05-11 11:01:12,191|homePage.py[line:50] INFO:module_name: Customers
2020-05-11 11:01:24,581|base_page.py[line:69] ERROR:TimeoutException: selector by xpath ,value xpath=>//div[@class='card']//li/a[text()='Entity']
2020-05-11 11:01:36,905|base_page.py[line:69] ERROR:TimeoutException: selector by xpath ,value //div[@class='card']//li/a[text()='Entity']
2020-05-11 11:01:36,905|base_page.py[line:122] ERROR:NoSuchElement selector_by: xpath, selector: //div[@class='card']//li/a[text()='Entity'] 
2020-05-11 11:01:48,396|base_page.py[line:224] ERROR:TimeoutException: selector by xpath ,value //div[@class='card']//div//h4
2020-05-11 11:01:59,763|base_page.py[line:224] ERROR:TimeoutException: selector by xpath ,value //div[@class='card']//div//h4
2020-05-11 11:02:12,535|base_page.py[line:69] ERROR:TimeoutException: selector by xpath ,value xpath=>//div[@class='card']//li/a[text()='Entity']
2020-05-11 11:02:24,883|base_page.py[line:69] ERROR:TimeoutException: selector by xpath ,value //div[@class='card']//li/a[text()='Entity']
2020-05-11 11:02:24,883|base_page.py[line:122] ERROR:NoSuchElement selector_by: xpath, selector: //div[@class='card']//li/a[text()='Entity'] 
2020-05-11 11:02:37,879|base_page.py[line:69] ERROR:TimeoutException: selector by xpath ,value xpath=>//div[@class='card']//li/a[text()='Entity']
2020-05-11 11:02:49,897|base_page.py[line:69] ERROR:TimeoutException: selector by xpath ,value //div[@class='card']//li/a[text()='Entity']
2020-05-11 11:02:49,897|base_page.py[line:122] ERROR:NoSuchElement selector_by: xpath, selector: //div[@class='card']//li/a[text()='Entity'] 
2020-05-11 11:03:01,443|base_page.py[line:224] ERROR:TimeoutException: selector by xpath ,value //div[@class='card']//div//h4
2020-05-11 11:03:12,957|base_page.py[line:224] ERROR:TimeoutException: selector by xpath ,value //div[@class='card']//div//h4
2020-05-11 11:03:24,115|base_page.py[line:224] ERROR:TimeoutException: selector by xpath ,value //div[@class='card']//div//h4
2020-05-11 11:03:35,600|base_page.py[line:224] ERROR:TimeoutException: selector by xpath ,value //div[@class='card']//div//h4
2020-05-11 11:03:47,078|base_page.py[line:224] ERROR:TimeoutException: selector by xpath ,value //div[@class='card']//div//h4
2020-05-11 11:04:01,236|base_page.py[line:69] ERROR:TimeoutException: selector by xpath ,value xpath=>//div[@class='card']/form//div[@id='homeGrid']/div//h2
2020-05-11 11:04:01,764|base_page.py[line:222] INFO:Had find the elements successful by xpath via value: //div[@class='card']/form//div[@id='homeGrid']/div//h2 
2020-05-11 11:04:04,024|base_page.py[line:67] INFO:Had find the element '  ' successful by xpath via value: //div[@class='card']/form//div[@id='homeGrid']/div[4]//input 
2020-05-11 11:04:04,454|base_page.py[line:134] INFO:Had type ' C000088898 ' in inputBox
2020-05-11 11:04:06,510|base_page.py[line:67] INFO:Had find the element ' Go ' successful by xpath via value: //div[@class='card']/form//div[@id='homeGrid']/div[4]/div/button 
2020-05-11 11:04:06,842|base_page.py[line:156] INFO:The element ' Go ' was clicked.
2020-05-11 11:04:06,843|homePage.py[line:50] INFO:module_name: Customers
2020-05-11 11:04:19,295|base_page.py[line:69] ERROR:TimeoutException: selector by xpath ,value xpath=>//div[@class='card']//li/a[text()='Related Leases/Lands']
2020-05-11 11:04:31,632|base_page.py[line:69] ERROR:TimeoutException: selector by xpath ,value //div[@class='card']//li/a[text()='Related Leases/Lands']
2020-05-11 11:04:31,632|base_page.py[line:122] ERROR:NoSuchElement selector_by: xpath, selector: //div[@class='card']//li/a[text()='Related Leases/Lands'] 
2020-05-11 11:04:42,874|base_page.py[line:224] ERROR:TimeoutException: selector by xpath ,value //div[@class='reactTable-full']/div//h3
2020-05-11 11:04:43,446|browser_engine.py[line:66] INFO:Now, Close and quit the browser.
