2020-05-11 09:39:24,952|browser_engine.py[line:27] INFO:You had select Chrome browser.
2020-05-11 09:39:24,952|browser_engine.py[line:29] INFO:The test server url is: https://rralamotest.z21.web.core.windows.net/
2020-05-11 09:39:27,763|browser_engine.py[line:42] INFO:Starting Chrome browser.
2020-05-11 09:39:28,899|browser_engine.py[line:53] INFO:Maximize the current window.
2020-05-11 09:39:35,420|browser_engine.py[line:56] INFO:Open url: https://rralamotest.z21.web.core.windows.net/
2020-05-11 09:39:47,761|base_page.py[line:69] ERROR:TimeoutException: selector by xpath ,value xpath=>//div[@class='localAccount']//div[@class='intro']/h2
2020-05-11 09:39:49,823|base_page.py[line:67] INFO:Had find the element ' Sign in with your existing account ' successful by xpath via value: //div[@class='localAccount']//div[@class='intro']/h2 
2020-05-11 09:39:51,894|base_page.py[line:67] INFO:Had find the element '  ' successful by id via value: logonIdentifier 
2020-05-11 09:39:51,941|base_page.py[line:144] INFO:Clear text in input box before typing.
2020-05-11 09:39:53,969|base_page.py[line:67] INFO:Had find the element '  ' successful by id via value: logonIdentifier 
2020-05-11 09:39:54,279|base_page.py[line:134] INFO:Had type ' yan.liu@an-chen.com ' in inputBox
2020-05-11 09:39:56,317|base_page.py[line:67] INFO:Had find the element '  ' successful by id via value: password 
2020-05-11 09:39:56,359|base_page.py[line:144] INFO:Clear text in input box before typing.
2020-05-11 09:39:58,387|base_page.py[line:67] INFO:Had find the element '  ' successful by id via value: password 
2020-05-11 09:39:58,525|base_page.py[line:134] INFO:Had type ' Lychan@2012 ' in inputBox
2020-05-11 09:40:00,557|base_page.py[line:67] INFO:Had find the element ' Sign in ' successful by xpath via value: //div[@class='buttons']/button[text()='Sign in'] 
2020-05-11 09:40:03,795|browser_engine.py[line:27] INFO:You had select Chrome browser.
2020-05-11 09:40:03,796|browser_engine.py[line:29] INFO:The test server url is: https://rralamotest.z21.web.core.windows.net/
2020-05-11 09:40:06,499|browser_engine.py[line:42] INFO:Starting Chrome browser.
2020-05-11 09:40:07,629|browser_engine.py[line:53] INFO:Maximize the current window.
2020-05-11 09:40:36,969|browser_engine.py[line:56] INFO:Open url: https://rralamotest.z21.web.core.windows.net/
2020-05-11 09:40:49,361|base_page.py[line:69] ERROR:TimeoutException: selector by xpath ,value xpath=>//div[@class='localAccount']//div[@class='intro']/h2
2020-05-11 09:40:51,399|base_page.py[line:67] INFO:Had find the element ' Sign in with your existing account ' successful by xpath via value: //div[@class='localAccount']//div[@class='intro']/h2 
2020-05-11 09:40:53,471|base_page.py[line:67] INFO:Had find the element '  ' successful by id via value: logonIdentifier 
2020-05-11 09:40:53,546|base_page.py[line:144] INFO:Clear text in input box before typing.
2020-05-11 09:40:55,570|base_page.py[line:67] INFO:Had find the element '  ' successful by id via value: logonIdentifier 
2020-05-11 09:40:55,757|base_page.py[line:134] INFO:Had type ' yan.liu@an-chen.com ' in inputBox
2020-05-11 09:40:57,790|base_page.py[line:67] INFO:Had find the element '  ' successful by id via value: password 
2020-05-11 09:40:57,826|base_page.py[line:144] INFO:Clear text in input box before typing.
2020-05-11 09:40:59,847|base_page.py[line:67] INFO:Had find the element '  ' successful by id via value: password 
2020-05-11 09:41:00,046|base_page.py[line:134] INFO:Had type ' Lychan@2012 ' in inputBox
2020-05-11 09:41:02,080|base_page.py[line:67] INFO:Had find the element ' Sign in ' successful by xpath via value: //div[@class='buttons']/button[text()='Sign in'] 
2020-05-11 09:41:14,395|base_page.py[line:69] ERROR:TimeoutException: selector by xpath ,value xpath=>//div[@id='root']//div[@class='content-heading']
2020-05-11 09:41:16,433|base_page.py[line:67] INFO:Had find the element ' Welcome, yanliu ' successful by xpath via value: //div[@id='root']//div[@class='content-heading'] 
2020-05-11 09:41:16,433|login.py[line:41] INFO:login success
2020-05-11 09:41:18,577|base_page.py[line:67] INFO:Had find the element ' CUSTOMERS ' successful by id via value: customers 
2020-05-11 09:41:18,681|base_page.py[line:156] INFO:The element ' CUSTOMERS ' was clicked.
2020-05-11 09:41:19,196|base_page.py[line:222] INFO:Had find the elements successful by xpath via value: //ul[@class='dropdown-menu multi-level show']/li/a 
2020-05-11 09:41:21,268|base_page.py[line:67] INFO:Had find the element ' New ' successful by xpath via value: //ul[@class='dropdown-menu multi-level show']/li[2]/a 
2020-05-11 09:41:21,386|base_page.py[line:156] INFO:The element ' New ' was clicked.
2020-05-11 09:41:21,386|topMenu.py[line:69] INFO:second_menu: New
2020-05-11 09:41:33,701|base_page.py[line:69] ERROR:TimeoutException: selector by id ,value entityType
2020-05-11 09:41:33,701|base_page.py[line:122] ERROR:NoSuchElement selector_by: id, selector: entityType 
2020-05-11 09:41:46,449|base_page.py[line:69] ERROR:TimeoutException: selector by xpath ,value xpath=>//div[@class='card']/form//div[@id='homeGrid']/div//h2
2020-05-11 09:41:57,430|base_page.py[line:224] ERROR:TimeoutException: selector by xpath ,value //div[@class='card']/form//div[@id='homeGrid']/div//h2
2020-05-11 09:42:09,904|base_page.py[line:69] ERROR:TimeoutException: selector by xpath ,value xpath=>//div[@class='card']/form//div[@id='homeGrid']/div//h2
2020-05-11 09:42:20,435|base_page.py[line:224] ERROR:TimeoutException: selector by xpath ,value //div[@class='card']/form//div[@id='homeGrid']/div//h2
2020-05-11 09:42:32,754|base_page.py[line:69] ERROR:TimeoutException: selector by xpath ,value xpath=>//div[@class='card']/form//div[@id='homeGrid']/div//h2
2020-05-11 09:42:43,522|base_page.py[line:224] ERROR:TimeoutException: selector by xpath ,value //div[@class='card']/form//div[@id='homeGrid']/div//h2
2020-05-11 09:42:55,828|base_page.py[line:69] ERROR:TimeoutException: selector by xpath ,value xpath=>//div[@class='card']/form//div[@id='homeGrid']/div//h2
2020-05-11 09:43:06,378|base_page.py[line:224] ERROR:TimeoutException: selector by xpath ,value //div[@class='card']/form//div[@id='homeGrid']/div//h2
2020-05-11 09:43:06,381|browser_engine.py[line:77] INFO:Now, Close and quit the browser.
