2020-05-11 08:59:12,754|browser_engine.py[line:27] INFO:You had select Chrome browser.
2020-05-11 08:59:12,755|browser_engine.py[line:29] INFO:The test server url is: https://rralamotest.z21.web.core.windows.net/
2020-05-11 08:59:15,637|browser_engine.py[line:42] INFO:Starting Chrome browser.
2020-05-11 08:59:16,761|browser_engine.py[line:53] INFO:Maximize the current window.
2020-05-11 08:59:42,387|browser_engine.py[line:56] INFO:Open url: https://rralamotest.z21.web.core.windows.net/
2020-05-11 08:59:54,462|base_page.py[line:69] ERROR:TimeoutException: selector by xpath ,value xpath=>//div[@class='localAccount']//div[@class='intro']/h2
2020-05-11 08:59:56,503|base_page.py[line:67] INFO:Had find the element ' Sign in with your existing account ' successful by xpath via value: //div[@class='localAccount']//div[@class='intro']/h2 
2020-05-11 08:59:58,574|base_page.py[line:67] INFO:Had find the element '  ' successful by id via value: logonIdentifier 
2020-05-11 08:59:58,699|base_page.py[line:144] INFO:Clear text in input box before typing.
2020-05-11 09:00:00,773|base_page.py[line:67] INFO:Had find the element '  ' successful by id via value: logonIdentifier 
2020-05-11 09:00:01,383|base_page.py[line:134] INFO:Had type ' yan.liu@an-chen.com ' in inputBox
2020-05-11 09:00:03,421|base_page.py[line:67] INFO:Had find the element '  ' successful by id via value: password 
2020-05-11 09:00:03,464|base_page.py[line:144] INFO:Clear text in input box before typing.
2020-05-11 09:00:05,485|base_page.py[line:67] INFO:Had find the element '  ' successful by id via value: password 
2020-05-11 09:00:05,659|base_page.py[line:134] INFO:Had type ' Lychan@2012 ' in inputBox
2020-05-11 09:00:07,718|base_page.py[line:67] INFO:Had find the element ' Sign in ' successful by xpath via value: //div[@class='buttons']/button[text()='Sign in'] 
2020-05-11 09:00:19,867|base_page.py[line:69] ERROR:TimeoutException: selector by xpath ,value xpath=>//div[@id='root']//div[@class='content-heading']
2020-05-11 09:00:21,932|base_page.py[line:67] INFO:Had find the element ' Welcome, yanliu ' successful by xpath via value: //div[@id='root']//div[@class='content-heading'] 
2020-05-11 09:00:21,933|login.py[line:41] INFO:login success
2020-05-11 09:00:34,322|base_page.py[line:69] ERROR:TimeoutException: selector by xpath ,value xpath=>//div[@class='card']/form//div[@id='homeGrid']/div//h2
2020-05-11 09:00:34,840|base_page.py[line:222] INFO:Had find the elements successful by xpath via value: //div[@class='card']/form//div[@id='homeGrid']/div//h2 
2020-05-11 09:00:36,989|base_page.py[line:67] INFO:Had find the element '  ' successful by xpath via value: //div[@class='card']/form//div[@id='homeGrid']/div[4]//input 
2020-05-11 09:00:37,223|base_page.py[line:134] INFO:Had type ' C000088923 ' in inputBox
2020-05-11 09:00:39,272|base_page.py[line:67] INFO:Had find the element ' Go ' successful by xpath via value: //div[@class='card']/form//div[@id='homeGrid']/div[4]/div/button 
2020-05-11 09:00:39,419|base_page.py[line:156] INFO:The element ' Go ' was clicked.
2020-05-11 09:00:39,419|homePage.py[line:45] INFO:module_name: Customers
2020-05-11 09:00:51,833|base_page.py[line:69] ERROR:TimeoutException: selector by xpath ,value xpath=>//div[@class='card']//li/a[text()='Entity']
2020-05-11 09:00:53,895|base_page.py[line:67] INFO:Had find the element ' Entity ' successful by xpath via value: //div[@class='card']//li/a[text()='Entity'] 
2020-05-11 09:00:54,031|base_page.py[line:156] INFO:The element ' Entity ' was clicked.
2020-05-11 09:00:54,559|base_page.py[line:222] INFO:Had find the elements successful by xpath via value: //div[@class='card']//div//h4 
2020-05-11 09:00:56,697|base_page.py[line:67] INFO:Had find the element ' Doing Business As (DBA) ' successful by xpath via value: //div[@class='card']//div//h4[text()='Doing Business As (DBA)'] 
2020-05-11 09:00:58,768|base_page.py[line:67] INFO:Had find the element ' New ' successful by xpath via value: //div[@class='glo-row']/div[4]//button[text()=' New'] 
2020-05-11 09:00:58,922|base_page.py[line:156] INFO:The element ' New ' was clicked.
2020-05-11 09:01:00,982|base_page.py[line:67] INFO:Had find the element '  ' successful by xpath via value: //input[@name='alias'] 
2020-05-11 09:01:01,075|base_page.py[line:156] INFO:The element '  ' was clicked.
2020-05-11 09:01:03,095|base_page.py[line:67] INFO:Had find the element '  ' successful by xpath via value: //input[@name='alias'] 
2020-05-11 09:01:05,148|base_page.py[line:67] INFO:Had find the element '  ' successful by xpath via value: //input[@name='alias'] 
2020-05-11 09:01:07,205|base_page.py[line:67] INFO:Had find the element '  ' successful by xpath via value: //input[@name='alias'] 
2020-05-11 09:01:07,608|base_page.py[line:134] INFO:Had type ' UIAutomation2020/05/11 09:00:21 ' in inputBox
2020-05-11 09:01:09,638|base_page.py[line:67] INFO:Had find the element ' Save ' successful by xpath via value: //button[text()='Save'] 
2020-05-11 09:01:09,714|base_page.py[line:156] INFO:The element ' Save ' was clicked.
2020-05-11 09:01:11,761|base_page.py[line:67] INFO:Had find the element ' Doing Business As DBA:: UIAutomation2020/05/11 09:00:21 created successfully. ' successful by xpath via value: //div[@role='alert'] 
2020-05-11 09:01:12,290|base_page.py[line:222] INFO:Had find the elements successful by xpath via value: //div[@class='card']//div//h4 
2020-05-11 09:01:14,388|base_page.py[line:67] INFO:Had find the element ' Doing Business As (DBA) ' successful by xpath via value: //div[@class='card']//div//h4[text()='Doing Business As (DBA)'] 
2020-05-11 09:01:14,922|base_page.py[line:222] INFO:Had find the elements successful by xpath via value: //div[@class='glo-row']/div[4]//div[@class='glo-row']//div[@class='rt-tr-group'] 
2020-05-11 09:01:16,980|base_page.py[line:67] INFO:Had find the element ' UIAutomation2020/05/11 09:00:21 ' successful by xpath via value: //div[@class='glo-row']/div[4]//div[@class='glo-row']//div[@class='rt-tr-group'][1]/div 
2020-05-11 09:01:19,033|base_page.py[line:67] INFO:Had find the element ' UIAutomation2020/05/11 09:00:21 ' successful by xpath via value: //div[@class='glo-row']/div[4]//div[@class='glo-row']//div[@class='rt-tr-group'][1]/div 
2020-05-11 09:01:19,159|base_page.py[line:156] INFO:The element ' UIAutomation2020/05/11 09:00:21 ' was clicked.
2020-05-11 09:01:21,229|base_page.py[line:67] INFO:Had find the element ' Details ' successful by xpath via value: //div[@class='glo-row']/div[4]//button[text()=' Details'] 
2020-05-11 09:01:21,341|base_page.py[line:156] INFO:The element ' Details ' was clicked.
2020-05-11 09:01:23,402|base_page.py[line:67] INFO:Had find the element ' Doing Business As (DBA) Details ' successful by xpath via value: //h4[@class='modal-title'] 
2020-05-11 09:01:25,463|base_page.py[line:67] INFO:Had find the element ' × ' successful by xpath via value: //button[@class='close'] 
2020-05-11 09:01:25,555|base_page.py[line:156] INFO:The element ' × ' was clicked.
2020-05-11 09:01:26,075|base_page.py[line:222] INFO:Had find the elements successful by xpath via value: //div[@class='card']//div//h4 
2020-05-11 09:01:28,170|base_page.py[line:67] INFO:Had find the element ' Doing Business As (DBA) ' successful by xpath via value: //div[@class='card']//div//h4[text()='Doing Business As (DBA)'] 
2020-05-11 09:01:28,698|base_page.py[line:222] INFO:Had find the elements successful by xpath via value: //div[@class='glo-row']/div[4]//div[@class='glo-row']//div[@class='rt-tr-group'] 
2020-05-11 09:01:30,741|base_page.py[line:67] INFO:Had find the element ' UIAutomation2020/05/11 09:00:21 ' successful by xpath via value: //div[@class='glo-row']/div[4]//div[@class='glo-row']//div[@class='rt-tr-group'][1]/div 
2020-05-11 09:01:32,807|base_page.py[line:67] INFO:Had find the element ' Edit ' successful by xpath via value: //div[@class='glo-row']/div[4]//button[text()=' Edit'] 
2020-05-11 09:01:32,912|base_page.py[line:156] INFO:The element ' Edit ' was clicked.
2020-05-11 09:01:34,953|base_page.py[line:67] INFO:Had find the element '  ' successful by xpath via value: //input[@name='alias'] 
2020-05-11 09:01:35,070|base_page.py[line:156] INFO:The element '  ' was clicked.
2020-05-11 09:01:37,108|base_page.py[line:67] INFO:Had find the element '  ' successful by xpath via value: //input[@name='alias'] 
2020-05-11 09:01:39,201|base_page.py[line:67] INFO:Had find the element '  ' successful by xpath via value: //input[@name='alias'] 
2020-05-11 09:01:41,247|base_page.py[line:67] INFO:Had find the element '  ' successful by xpath via value: //input[@name='alias'] 
2020-05-11 09:01:41,617|base_page.py[line:134] INFO:Had type ' UIAutomationEdit2020/05/11 09:00:21 ' in inputBox
2020-05-11 09:01:43,680|base_page.py[line:67] INFO:Had find the element ' Save ' successful by xpath via value: //button[text()='Save'] 
2020-05-11 09:01:43,768|base_page.py[line:156] INFO:The element ' Save ' was clicked.
2020-05-11 09:01:45,800|base_page.py[line:67] INFO:Had find the element ' Doing Business As DBA:: UIAutomationEdit2020/05/11 09:00:21 updated successfully. ' successful by xpath via value: //div[@role='alert'] 
2020-05-11 09:01:58,189|base_page.py[line:69] ERROR:TimeoutException: selector by xpath ,value xpath=>//div[@class='card']//li/a[text()='Entity']
2020-05-11 09:02:00,233|base_page.py[line:67] INFO:Had find the element ' Entity ' successful by xpath via value: //div[@class='card']//li/a[text()='Entity'] 
2020-05-11 09:02:00,363|base_page.py[line:156] INFO:The element ' Entity ' was clicked.
2020-05-11 09:02:00,879|base_page.py[line:222] INFO:Had find the elements successful by xpath via value: //div[@class='card']//div//h4 
2020-05-11 09:02:02,994|base_page.py[line:67] INFO:Had find the element ' Doing Business As (DBA) ' successful by xpath via value: //div[@class='card']//div//h4[text()='Doing Business As (DBA)'] 
2020-05-11 09:02:03,527|base_page.py[line:222] INFO:Had find the elements successful by xpath via value: //div[@class='glo-row']/div[4]//div[@class='glo-row']//div[@class='rt-tr-group'] 
2020-05-11 09:02:05,577|base_page.py[line:67] INFO:Had find the element ' UIAutomationEdit2020/05/11 09:00:21 ' successful by xpath via value: //div[@class='glo-row']/div[4]//div[@class='glo-row']//div[@class='rt-tr-group'][1]/div 
2020-05-11 09:02:07,645|base_page.py[line:67] INFO:Had find the element ' Delete ' successful by xpath via value: //div[@class='glo-row']/div[4]//button[text()=' Delete'] 
2020-05-11 09:02:07,740|base_page.py[line:156] INFO:The element ' Delete ' was clicked.
2020-05-11 09:02:09,803|base_page.py[line:67] INFO:Had find the element ' Yes, delete it! ' successful by xpath via value: //button[text()='Yes, delete it!'] 
2020-05-11 09:02:09,894|base_page.py[line:156] INFO:The element ' Yes, delete it! ' was clicked.
2020-05-11 09:02:11,939|base_page.py[line:67] INFO:Had find the element ' DBA: UIAutomationEdit2020/05/11 09:00:21 deleted successfully. ' successful by xpath via value: //div[@role='alert'] 
2020-05-11 09:02:24,352|base_page.py[line:69] ERROR:TimeoutException: selector by xpath ,value xpath=>//div[@class='card']//li/a[text()='Entity']
2020-05-11 09:02:26,389|base_page.py[line:67] INFO:Had find the element ' Entity ' successful by xpath via value: //div[@class='card']//li/a[text()='Entity'] 
2020-05-11 09:02:26,505|base_page.py[line:156] INFO:The element ' Entity ' was clicked.
2020-05-11 09:02:27,024|base_page.py[line:222] INFO:Had find the elements successful by xpath via value: //div[@class='card']//div//h4 
2020-05-11 09:02:29,107|base_page.py[line:67] INFO:Had find the element ' Doing Business As (DBA) ' successful by xpath via value: //div[@class='card']//div//h4[text()='Doing Business As (DBA)'] 
2020-05-11 09:02:31,170|base_page.py[line:67] INFO:Had find the element ' History ' successful by xpath via value: //div[@class='glo-row']/div[4]//button[text()=' History'] 
2020-05-11 09:02:31,304|base_page.py[line:156] INFO:The element ' History ' was clicked.
2020-05-11 09:02:33,360|base_page.py[line:67] INFO:Had find the element ' History For Doing Business As (DBA) ' successful by xpath via value: //h4[@class='modal-title'] 
2020-05-11 09:02:35,434|base_page.py[line:67] INFO:Had find the element ' × ' successful by xpath via value: //button[@class='close'] 
2020-05-11 09:02:35,544|base_page.py[line:156] INFO:The element ' × ' was clicked.
2020-05-11 09:02:36,064|base_page.py[line:222] INFO:Had find the elements successful by xpath via value: //div[@class='card']//div//h4 
2020-05-11 09:02:38,151|base_page.py[line:67] INFO:Had find the element ' Websites ' successful by xpath via value: //div[@class='card']//div//h4[text()='Websites'] 
2020-05-11 09:02:40,224|base_page.py[line:67] INFO:Had find the element ' New ' successful by xpath via value: //div[@class='glo-row']/div[3]//button[text()=' New'] 
2020-05-11 09:02:40,351|base_page.py[line:156] INFO:The element ' New ' was clicked.
2020-05-11 09:02:42,402|base_page.py[line:67] INFO:Had find the element '  ' successful by xpath via value: //input[@name='url'] 
2020-05-11 09:02:42,496|base_page.py[line:156] INFO:The element '  ' was clicked.
2020-05-11 09:02:44,537|base_page.py[line:67] INFO:Had find the element '  ' successful by xpath via value: //input[@name='url'] 
2020-05-11 09:02:46,602|base_page.py[line:67] INFO:Had find the element '  ' successful by xpath via value: //input[@name='url'] 
2020-05-11 09:02:48,657|base_page.py[line:67] INFO:Had find the element '  ' successful by xpath via value: //input[@name='url'] 
2020-05-11 09:02:49,004|base_page.py[line:134] INFO:Had type ' http://www.uiautomationEdit.com ' in inputBox
2020-05-11 09:02:51,071|base_page.py[line:67] INFO:Had find the element ' Save ' successful by xpath via value: //button[text()='Save'] 
2020-05-11 09:02:51,146|base_page.py[line:156] INFO:The element ' Save ' was clicked.
2020-05-11 09:02:53,180|base_page.py[line:67] INFO:Had find the element ' Website:: http://www.uiautomationEdit.com created successfully. ' successful by xpath via value: //div[@role='alert'] 
2020-05-11 09:02:53,709|base_page.py[line:222] INFO:Had find the elements successful by xpath via value: //div[@class='card']//div//h4 
2020-05-11 09:02:55,777|base_page.py[line:67] INFO:Had find the element ' Websites ' successful by xpath via value: //div[@class='card']//div//h4[text()='Websites'] 
2020-05-11 09:02:56,388|base_page.py[line:222] INFO:Had find the elements successful by xpath via value: //div[@class='glo-row']/div[3]//div[@class='glo-row']//div[@class='rt-tr-group'] 
2020-05-11 09:02:58,441|base_page.py[line:67] INFO:Had find the element ' http://www.uiautomationEdit.com ' successful by xpath via value: //div[@class='glo-row']/div[3]//div[@class='glo-row']//div[@class='rt-tr-group'][1]/div 
2020-05-11 09:03:00,473|base_page.py[line:67] INFO:Had find the element ' http://www.uiautomationEdit.com ' successful by xpath via value: //div[@class='glo-row']/div[3]//div[@class='glo-row']//div[@class='rt-tr-group'][1]/div 
2020-05-11 09:03:00,582|base_page.py[line:156] INFO:The element ' http://www.uiautomationEdit.com ' was clicked.
2020-05-11 09:03:02,639|base_page.py[line:67] INFO:Had find the element ' Details ' successful by xpath via value: //div[@class='glo-row']/div[3]//button[text()=' Details'] 
2020-05-11 09:03:02,744|base_page.py[line:156] INFO:The element ' Details ' was clicked.
2020-05-11 09:03:04,794|base_page.py[line:67] INFO:Had find the element ' Websites Details ' successful by xpath via value: //h4[@class='modal-title'] 
2020-05-11 09:03:06,855|base_page.py[line:67] INFO:Had find the element ' × ' successful by xpath via value: //button[@class='close'] 
2020-05-11 09:03:06,936|base_page.py[line:156] INFO:The element ' × ' was clicked.
2020-05-11 09:03:07,446|base_page.py[line:222] INFO:Had find the elements successful by xpath via value: //div[@class='card']//div//h4 
2020-05-11 09:03:09,502|base_page.py[line:67] INFO:Had find the element ' Websites ' successful by xpath via value: //div[@class='card']//div//h4[text()='Websites'] 
2020-05-11 09:03:10,027|base_page.py[line:222] INFO:Had find the elements successful by xpath via value: //div[@class='glo-row']/div[3]//div[@class='glo-row']//div[@class='rt-tr-group'] 
2020-05-11 09:03:12,062|base_page.py[line:67] INFO:Had find the element ' http://www.uiautomationEdit.com ' successful by xpath via value: //div[@class='glo-row']/div[3]//div[@class='glo-row']//div[@class='rt-tr-group'][1]/div 
2020-05-11 09:03:14,136|base_page.py[line:67] INFO:Had find the element ' Edit ' successful by xpath via value: //div[@class='glo-row']/div[3]//button[text()=' Edit'] 
2020-05-11 09:03:14,247|base_page.py[line:156] INFO:The element ' Edit ' was clicked.
2020-05-11 09:03:16,300|base_page.py[line:67] INFO:Had find the element '  ' successful by xpath via value: //input[@name='url'] 
2020-05-11 09:03:16,391|base_page.py[line:156] INFO:The element '  ' was clicked.
2020-05-11 09:03:18,429|base_page.py[line:67] INFO:Had find the element '  ' successful by xpath via value: //input[@name='url'] 
2020-05-11 09:03:20,505|base_page.py[line:67] INFO:Had find the element '  ' successful by xpath via value: //input[@name='url'] 
2020-05-11 09:03:22,575|base_page.py[line:67] INFO:Had find the element '  ' successful by xpath via value: //input[@name='url'] 
2020-05-11 09:03:22,912|base_page.py[line:134] INFO:Had type ' http://www.uiautomationEdit.com ' in inputBox
2020-05-11 09:03:24,963|base_page.py[line:67] INFO:Had find the element ' Save ' successful by xpath via value: //button[text()='Save'] 
2020-05-11 09:03:25,067|base_page.py[line:156] INFO:The element ' Save ' was clicked.
2020-05-11 09:03:27,128|base_page.py[line:67] INFO:Had find the element ' Website:: http://www.uiautomationEdit.com updated successfully. ' successful by xpath via value: //div[@role='alert'] 
2020-05-11 09:03:27,651|base_page.py[line:222] INFO:Had find the elements successful by xpath via value: //div[@class='card']//div//h4 
2020-05-11 09:03:29,722|base_page.py[line:67] INFO:Had find the element ' Websites ' successful by xpath via value: //div[@class='card']//div//h4[text()='Websites'] 
2020-05-11 09:03:30,239|base_page.py[line:222] INFO:Had find the elements successful by xpath via value: //div[@class='glo-row']/div[3]//div[@class='glo-row']//div[@class='rt-tr-group'] 
2020-05-11 09:03:32,295|base_page.py[line:67] INFO:Had find the element ' http://www.uiautomationEdit.com ' successful by xpath via value: //div[@class='glo-row']/div[3]//div[@class='glo-row']//div[@class='rt-tr-group'][1]/div 
2020-05-11 09:03:34,357|base_page.py[line:67] INFO:Had find the element ' Delete ' successful by xpath via value: //div[@class='glo-row']/div[3]//button[text()=' Delete'] 
2020-05-11 09:03:34,443|base_page.py[line:156] INFO:The element ' Delete ' was clicked.
2020-05-11 09:03:36,502|base_page.py[line:67] INFO:Had find the element ' Yes, delete it! ' successful by xpath via value: //button[text()='Yes, delete it!'] 
2020-05-11 09:03:36,570|base_page.py[line:156] INFO:The element ' Yes, delete it! ' was clicked.
2020-05-11 09:03:38,596|base_page.py[line:67] INFO:Had find the element ' Website: http://www.uiautomationEdit.com deleted successfully. ' successful by xpath via value: //div[@role='alert'] 
2020-05-11 09:03:39,134|base_page.py[line:222] INFO:Had find the elements successful by xpath via value: //div[@class='card']//div//h4 
2020-05-11 09:03:41,208|base_page.py[line:67] INFO:Had find the element ' Websites ' successful by xpath via value: //div[@class='card']//div//h4[text()='Websites'] 
2020-05-11 09:03:43,254|base_page.py[line:67] INFO:Had find the element ' History ' successful by xpath via value: //div[@class='glo-row']/div[3]//button[text()=' History'] 
2020-05-11 09:03:43,353|base_page.py[line:156] INFO:The element ' History ' was clicked.
2020-05-11 09:03:45,416|base_page.py[line:67] INFO:Had find the element ' History For Websites ' successful by xpath via value: //h4[@class='modal-title'] 
2020-05-11 09:03:47,569|base_page.py[line:67] INFO:Had find the element ' × ' successful by xpath via value: //button[@class='close'] 
2020-05-11 09:03:47,686|base_page.py[line:156] INFO:The element ' × ' was clicked.
2020-05-11 09:03:48,197|base_page.py[line:222] INFO:Had find the elements successful by xpath via value: //div[@class='card']//div//h4 
2020-05-11 09:03:50,303|base_page.py[line:67] INFO:Had find the element ' Business Identifiers ' successful by xpath via value: //div[@class='card']//div//h4[text()='Business Identifiers'] 
2020-05-11 09:03:52,361|base_page.py[line:67] INFO:Had find the element ' New ' successful by xpath via value: //div[@class='glo-row']/div[5]//button[text()=' New'] 
2020-05-11 09:03:52,498|base_page.py[line:156] INFO:The element ' New ' was clicked.
2020-05-11 09:03:54,554|base_page.py[line:67] INFO:Had find the element ' Select one...
SSN
Federal EIN
Agency ID
State Tax ID
Internal GLO ID
Unknown ' successful by id via value: detailsIdentifierName 
2020-05-11 09:03:54,662|base_page.py[line:156] INFO:The element ' Select one...
SSN
Federal EIN
Agency ID
State Tax ID
Internal GLO ID
Unknown ' was clicked.
2020-05-11 09:03:56,714|base_page.py[line:67] INFO:Had find the element ' Select one...
SSN
Federal EIN
Agency ID
State Tax ID
Internal GLO ID
Unknown ' successful by id via value: detailsIdentifierName 
2020-05-11 09:03:58,870|base_page.py[line:67] INFO:Had find the element '  ' successful by id via value: CreateIdentifier 
2020-05-11 09:03:58,995|base_page.py[line:156] INFO:The element '  ' was clicked.
2020-05-11 09:04:01,034|base_page.py[line:67] INFO:Had find the element '  ' successful by id via value: CreateIdentifier 
2020-05-11 09:04:03,099|base_page.py[line:67] INFO:Had find the element '  ' successful by id via value: CreateIdentifier 
2020-05-11 09:04:05,156|base_page.py[line:67] INFO:Had find the element '  ' successful by id via value: CreateIdentifier 
2020-05-11 09:04:05,323|base_page.py[line:134] INFO:Had type ' 123456789 ' in inputBox
2020-05-11 09:04:07,387|base_page.py[line:67] INFO:Had find the element ' Save ' successful by xpath via value: //button[text()='Save'] 
2020-05-11 09:04:07,487|base_page.py[line:156] INFO:The element ' Save ' was clicked.
2020-05-11 09:04:09,567|base_page.py[line:67] INFO:Had find the element ' Unable to Update Website: Error: Request failed with status code 500 at e.exports (https://rralamotest.z21.web.core.windows.net/static/js/2.93b2bda1.chunk.js:2:827370) at e.exports (https://rralamotest.z21.web.core.windows.net/static/js/2.93b2bda1.chunk.js:2:1113979) at XMLHttpRequest.p.onreadystatechange (https://rralamotest.z21.web.core.windows.net/static/js/2.93b2bda1.chunk.js:2:826203). ' successful by xpath via value: //div[@role='alert'] 
