2020-05-11 10:45:41,442|browser_engine.py[line:27] INFO:You had select Chrome browser.
2020-05-11 10:45:41,442|browser_engine.py[line:29] INFO:The test server url is: https://rralamotest.z21.web.core.windows.net/
2020-05-11 10:45:56,426|browser_engine.py[line:42] INFO:Starting Chrome browser.
2020-05-11 10:45:58,315|browser_engine.py[line:53] INFO:Maximize the current window.
2020-05-11 10:46:26,663|browser_engine.py[line:56] INFO:Open url: https://rralamotest.z21.web.core.windows.net/
2020-05-11 10:46:38,779|base_page.py[line:69] ERROR:TimeoutException: selector by xpath ,value xpath=>//div[@class='localAccount']//div[@class='intro']/h2
2020-05-11 10:46:41,037|base_page.py[line:67] INFO:Had find the element ' Sign in with your existing account ' successful by xpath via value: //div[@class='localAccount']//div[@class='intro']/h2 
2020-05-11 10:46:43,525|base_page.py[line:67] INFO:Had find the element '  ' successful by id via value: logonIdentifier 
2020-05-11 10:46:43,723|base_page.py[line:144] INFO:Clear text in input box before typing.
2020-05-11 10:46:46,917|base_page.py[line:67] INFO:Had find the element '  ' successful by id via value: logonIdentifier 
2020-05-11 10:46:49,341|base_page.py[line:134] INFO:Had type ' yan.liu@an-chen.com ' in inputBox
2020-05-11 10:46:52,472|base_page.py[line:67] INFO:Had find the element '  ' successful by id via value: password 
2020-05-11 10:46:52,701|base_page.py[line:144] INFO:Clear text in input box before typing.
2020-05-11 10:46:55,205|base_page.py[line:67] INFO:Had find the element '  ' successful by id via value: password 
2020-05-11 10:47:02,159|base_page.py[line:134] INFO:Had type ' Lychan@2012 ' in inputBox
2020-05-11 10:47:04,923|base_page.py[line:67] INFO:Had find the element ' Sign in ' successful by xpath via value: //div[@class='buttons']/button[text()='Sign in'] 
2020-05-11 10:47:18,445|base_page.py[line:69] ERROR:TimeoutException: selector by xpath ,value xpath=>//div[@id='root']//div[@class='content-heading']
2020-05-11 10:47:30,588|base_page.py[line:69] ERROR:TimeoutException: selector by xpath ,value //div[@id='root']//div[@class='content-heading']
2020-05-11 10:47:30,588|base_page.py[line:122] ERROR:NoSuchElement selector_by: xpath, selector: //div[@id='root']//div[@class='content-heading'] 
2020-05-11 10:47:30,744|browser_engine.py[line:27] INFO:You had select Chrome browser.
2020-05-11 10:47:30,744|browser_engine.py[line:29] INFO:The test server url is: https://rralamotest.z21.web.core.windows.net/
2020-05-11 10:47:44,454|browser_engine.py[line:42] INFO:Starting Chrome browser.
2020-05-11 10:47:45,934|browser_engine.py[line:53] INFO:Maximize the current window.
2020-05-11 10:47:55,552|browser_engine.py[line:56] INFO:Open url: https://rralamotest.z21.web.core.windows.net/
2020-05-11 10:48:18,310|browser_engine.py[line:27] INFO:You had select Chrome browser.
2020-05-11 10:48:18,311|browser_engine.py[line:29] INFO:The test server url is: https://rralamotest.z21.web.core.windows.net/
2020-05-11 10:48:28,770|browser_engine.py[line:42] INFO:Starting Chrome browser.
2020-05-11 10:48:30,080|browser_engine.py[line:53] INFO:Maximize the current window.
2020-05-11 10:48:31,651|browser_engine.py[line:27] INFO:You had select Chrome browser.
2020-05-11 10:48:31,652|browser_engine.py[line:29] INFO:The test server url is: https://rralamotest.z21.web.core.windows.net/
2020-05-11 10:48:51,923|browser_engine.py[line:42] INFO:Starting Chrome browser.
2020-05-11 10:48:55,015|browser_engine.py[line:53] INFO:Maximize the current window.
2020-05-11 10:49:39,735|browser_engine.py[line:56] INFO:Open url: https://rralamotest.z21.web.core.windows.net/
2020-05-11 10:49:54,778|base_page.py[line:69] ERROR:TimeoutException: selector by xpath ,value xpath=>//div[@class='localAccount']//div[@class='intro']/h2
2020-05-11 10:49:57,197|base_page.py[line:67] INFO:Had find the element ' Sign in with your existing account ' successful by xpath via value: //div[@class='localAccount']//div[@class='intro']/h2 
2020-05-11 10:49:59,615|base_page.py[line:67] INFO:Had find the element '  ' successful by id via value: logonIdentifier 
2020-05-11 10:49:59,826|base_page.py[line:144] INFO:Clear text in input box before typing.
2020-05-11 10:50:02,040|base_page.py[line:67] INFO:Had find the element '  ' successful by id via value: logonIdentifier 
2020-05-11 10:50:03,893|base_page.py[line:134] INFO:Had type ' yan.liu@an-chen.com ' in inputBox
2020-05-11 10:50:06,294|base_page.py[line:67] INFO:Had find the element '  ' successful by id via value: password 
2020-05-11 10:50:06,866|base_page.py[line:144] INFO:Clear text in input box before typing.
2020-05-11 10:50:09,193|base_page.py[line:67] INFO:Had find the element '  ' successful by id via value: password 
2020-05-11 10:50:10,059|base_page.py[line:134] INFO:Had type ' Lychan@2012 ' in inputBox
2020-05-11 10:50:12,237|base_page.py[line:67] INFO:Had find the element ' Sign in ' successful by xpath via value: //div[@class='buttons']/button[text()='Sign in'] 
2020-05-11 10:50:24,972|base_page.py[line:69] ERROR:TimeoutException: selector by xpath ,value xpath=>//div[@id='root']//div[@class='content-heading']
2020-05-11 10:50:27,090|base_page.py[line:67] INFO:Had find the element ' Welcome, yanliu ' successful by xpath via value: //div[@id='root']//div[@class='content-heading'] 
2020-05-11 10:50:27,091|login.py[line:41] INFO:login success
2020-05-11 10:50:44,487|base_page.py[line:69] ERROR:TimeoutException: selector by xpath ,value xpath=>//div[@class='card']/form//div[@id='homeGrid']/div//h2
2020-05-11 10:50:45,045|base_page.py[line:222] INFO:Had find the elements successful by xpath via value: //div[@class='card']/form//div[@id='homeGrid']/div//h2 
2020-05-11 10:50:47,370|base_page.py[line:67] INFO:Had find the element '  ' successful by xpath via value: //div[@class='card']/form//div[@id='homeGrid']/div[4]//input 
2020-05-11 10:50:47,925|base_page.py[line:134] INFO:Had type ' C000088898 ' in inputBox
2020-05-11 10:50:50,059|base_page.py[line:67] INFO:Had find the element ' Go ' successful by xpath via value: //div[@class='card']/form//div[@id='homeGrid']/div[4]/div/button 
2020-05-11 10:50:51,224|base_page.py[line:156] INFO:The element ' Go ' was clicked.
2020-05-11 10:50:51,224|homePage.py[line:50] INFO:module_name: Customers
2020-05-11 10:51:03,699|base_page.py[line:69] ERROR:TimeoutException: selector by xpath ,value xpath=>//div[@class='card']//li/a[text()='Contacts']
2020-05-11 10:53:07,327|browser_engine.py[line:77] INFO:Now, Close and quit the browser.
