2020-05-11 16:22:15,945|browser_engine.py[line:25] INFO:You had select Firefox browser.
2020-05-11 16:22:15,946|browser_engine.py[line:27] INFO:The test server url is: https://rralamotest.z21.web.core.windows.net/
2020-05-11 16:22:41,036|browser_engine.py[line:25] INFO:You had select Firefox browser.
2020-05-11 16:22:41,038|browser_engine.py[line:27] INFO:The test server url is: https://rralamotest.z21.web.core.windows.net/
2020-05-11 16:23:10,785|browser_engine.py[line:37] INFO:Starting firefox browser.
2020-05-11 16:23:10,907|browser_engine.py[line:51] INFO:Maximize the current window.
2020-05-11 16:23:46,982|browser_engine.py[line:54] INFO:Open url: https://rralamotest.z21.web.core.windows.net/
2020-05-11 16:23:59,171|base_page.py[line:69] ERROR:TimeoutException: selector by xpath ,value xpath=>//div[@class='localAccount']//div[@class='intro']/h2
2020-05-11 16:24:01,513|base_page.py[line:67] INFO:Had find the element ' Sign in with your existing account ' successful by xpath via value: //div[@class='localAccount']//div[@class='intro']/h2 
2020-05-11 16:24:04,146|base_page.py[line:67] INFO:Had find the element '  ' successful by id via value: logonIdentifier 
2020-05-11 16:24:04,256|base_page.py[line:144] INFO:Clear text in input box before typing.
2020-05-11 16:24:06,446|base_page.py[line:67] INFO:Had find the element '  ' successful by id via value: logonIdentifier 
2020-05-11 16:24:07,145|base_page.py[line:134] INFO:Had type ' yan.liu@an-chen.com ' in inputBox
2020-05-11 16:24:11,803|base_page.py[line:67] INFO:Had find the element '  ' successful by id via value: password 
2020-05-11 16:24:11,920|base_page.py[line:144] INFO:Clear text in input box before typing.
2020-05-11 16:24:13,981|base_page.py[line:67] INFO:Had find the element '  ' successful by id via value: password 
2020-05-11 16:24:14,261|base_page.py[line:134] INFO:Had type ' Lychan@2012 ' in inputBox
2020-05-11 16:24:16,316|base_page.py[line:67] INFO:Had find the element ' Sign in ' successful by xpath via value: //div[@class='buttons']/button[text()='Sign in'] 
2020-05-11 16:24:28,896|base_page.py[line:69] ERROR:TimeoutException: selector by xpath ,value xpath=>//div[@id='root']//div[@class='content-heading']
2020-05-11 16:24:31,577|base_page.py[line:67] INFO:Had find the element ' Welcome, yanliu ' successful by xpath via value: //div[@id='root']//div[@class='content-heading'] 
2020-05-11 16:24:31,578|login.py[line:41] INFO:login success
2020-05-11 16:24:35,667|base_page.py[line:67] INFO:Had find the element ' CUSTOMERS ' successful by id via value: customers 
2020-05-11 16:24:35,812|base_page.py[line:156] INFO:The element ' CUSTOMERS ' was clicked.
2020-05-11 16:24:36,336|base_page.py[line:222] INFO:Had find the elements successful by xpath via value: //ul[@class='dropdown-menu multi-level show']/li/a 
2020-05-11 16:24:38,443|base_page.py[line:67] INFO:Had find the element ' New ' successful by xpath via value: //ul[@class='dropdown-menu multi-level show']/li[2]/a 
2020-05-11 16:24:38,707|base_page.py[line:156] INFO:The element ' New ' was clicked.
2020-05-11 16:24:38,708|topMenu.py[line:69] INFO:second_menu: New
2020-05-11 16:24:50,772|base_page.py[line:69] ERROR:TimeoutException: selector by id ,value entityType
2020-05-11 16:24:50,772|base_page.py[line:122] ERROR:NoSuchElement selector_by: id, selector: entityType 
2020-05-11 16:25:04,765|base_page.py[line:69] ERROR:TimeoutException: selector by xpath ,value xpath=>//div[@class='card']/form//div[@id='homeGrid']/div//h2
2020-05-11 16:25:05,775|base_page.py[line:222] INFO:Had find the elements successful by xpath via value: //div[@class='card']/form//div[@id='homeGrid']/div//h2 
2020-05-11 16:25:08,375|base_page.py[line:67] INFO:Had find the element '  ' successful by xpath via value: //div[@class='card']/form//div[@id='homeGrid']/div[4]//input 
2020-05-11 16:28:43,462|browser_engine.py[line:66] INFO:Now, Close and quit the browser.
