2020-08-12 15:39:44,351|browser_engine.py[line:26] INFO:You had select Chrome browser.
2020-08-12 15:39:44,351|browser_engine.py[line:28] INFO:The test server url is: https://rr-alamo-test.azureedge.net
2020-08-12 15:39:47,101|browser_engine.py[line:42] INFO:Starting Chrome browser.
2020-08-12 15:39:48,241|browser_engine.py[line:56] INFO:Maximize the current window.
2020-08-12 15:40:39,508|browser_engine.py[line:59] INFO:Open url: https://rr-alamo-test.azureedge.net
2020-08-12 15:42:26,014|base_page.py[line:69] ERROR:TimeoutException: selector by xpath ,value xpath=>//div[@class='localAccount']//div[@class='intro']/h2
2020-08-12 15:42:26,565|base_page.py[line:67] INFO:Had find the element ' Sign in with your existing account ' successful by xpath via value: //div[@class='localAccount']//div[@class='intro']/h2 
2020-08-12 15:42:27,110|base_page.py[line:67] INFO:Had find the element '  ' successful by id via value: logonIdentifier 
2020-08-12 15:42:27,146|base_page.py[line:144] INFO:Clear text in input box before typing.
2020-08-12 15:42:27,681|base_page.py[line:67] INFO:Had find the element '  ' successful by id via value: logonIdentifier 
2020-08-12 15:42:27,862|base_page.py[line:134] INFO:Had type ' yan.liu@an-chen.com ' in inputBox
2020-08-12 15:42:28,416|base_page.py[line:67] INFO:Had find the element '  ' successful by id via value: password 
2020-08-12 15:42:28,456|base_page.py[line:144] INFO:Clear text in input box before typing.
2020-08-12 15:42:28,977|base_page.py[line:67] INFO:Had find the element '  ' successful by id via value: password 
2020-08-12 15:42:29,235|base_page.py[line:134] INFO:Had type ' Lychan@2012 ' in inputBox
2020-08-12 15:42:29,769|base_page.py[line:67] INFO:Had find the element ' Sign in ' successful by xpath via value: //div[@class='buttons']/button[text()='Sign in'] 
2020-08-12 15:42:34,488|base_page.py[line:67] INFO:Had find the element ' Welcome, yanliu ' successful by xpath via value: //div[@id='root']//div[@class='content-heading'] 
2020-08-12 15:42:34,489|login.py[line:41] INFO:login success
2020-08-12 15:42:45,419|base_page.py[line:69] ERROR:TimeoutException: selector by xpath ,value xpath=>//div[@class='card']/form//div[@id='homeGrid']/div//h2
2020-08-12 15:42:45,952|base_page.py[line:222] INFO:Had find the elements successful by xpath via value: //div[@class='card']/form//div[@id='homeGrid']/div//h2 
2020-08-12 15:42:46,573|base_page.py[line:67] INFO:Had find the element '  ' successful by xpath via value: //div[@class='card']/form//div[@id='homeGrid']/div[4]//input 
2020-08-12 15:42:46,815|base_page.py[line:134] INFO:Had type ' C000048473 ' in inputBox
2020-08-12 15:42:47,380|base_page.py[line:67] INFO:Had find the element ' Go ' successful by xpath via value: //div[@class='card']/form//div[@id='homeGrid']/div[4]/div/button 
2020-08-12 15:42:47,455|base_page.py[line:156] INFO:The element ' Go ' was clicked.
2020-08-12 15:42:47,456|homePage.py[line:50] INFO:module_name: Customers
2020-08-12 15:42:58,385|base_page.py[line:69] ERROR:TimeoutException: selector by xpath ,value xpath=>//div[@class='card']//li/a[text()='Entity']
2020-08-12 15:42:58,930|base_page.py[line:67] INFO:Had find the element ' Entity ' successful by xpath via value: //div[@class='card']//li/a[text()='Entity'] 
2020-08-12 15:42:59,090|base_page.py[line:156] INFO:The element ' Entity ' was clicked.
2020-08-12 15:42:59,607|base_page.py[line:222] INFO:Had find the elements successful by xpath via value: //div[@class='card']//div//h4 
2020-08-12 15:43:00,185|base_page.py[line:67] INFO:Had find the element ' Addresses ' successful by xpath via value: //div[@class='card']//div//h4[text()='Addresses'] 
2020-08-12 15:43:00,752|base_page.py[line:67] INFO:Had find the element ' City ' successful by xpath via value: //div[@class='glo-row']/div[2]//div[@class='glo-row']//span[text()='City'] 
2020-08-12 15:43:01,306|base_page.py[line:67] INFO:Had find the element ' Attention To Line ' successful by xpath via value: //div[@class='glo-row']/div[2]//div[@class='glo-row']//span[text()='Attention To Line'] 
