2020-08-12 14:43:12,922|browser_engine.py[line:26] INFO:You had select Chrome browser.
2020-08-12 14:43:12,922|browser_engine.py[line:28] INFO:The test server url is: https://rr-alamo-test.azureedge.net
2020-08-12 14:43:16,244|browser_engine.py[line:42] INFO:Starting Chrome browser.
2020-08-12 14:43:17,390|browser_engine.py[line:56] INFO:Maximize the current window.
2020-08-12 14:43:28,033|browser_engine.py[line:59] INFO:Open url: https://rr-alamo-test.azureedge.net
2020-08-12 14:43:38,914|base_page.py[line:68] ERROR:TimeoutException: selector by xpath ,value xpath=>//div[@class='localAccount']//div[@class='intro']/h2
2020-08-12 14:43:39,459|base_page.py[line:66] INFO:Had find the element ' Sign in with your existing account ' successful by xpath via value: //div[@class='localAccount']//div[@class='intro']/h2 
2020-08-12 14:43:40,016|base_page.py[line:66] INFO:Had find the element '  ' successful by id via value: logonIdentifier 
2020-08-12 14:43:40,065|base_page.py[line:143] INFO:Clear text in input box before typing.
2020-08-12 14:43:40,779|base_page.py[line:66] INFO:Had find the element '  ' successful by id via value: logonIdentifier 
2020-08-12 14:43:41,014|base_page.py[line:133] INFO:Had type ' yan.liu@an-chen.com ' in inputBox
2020-08-12 14:43:41,560|base_page.py[line:66] INFO:Had find the element '  ' successful by id via value: password 
2020-08-12 14:43:41,610|base_page.py[line:143] INFO:Clear text in input box before typing.
2020-08-12 14:43:42,132|base_page.py[line:66] INFO:Had find the element '  ' successful by id via value: password 
2020-08-12 14:43:42,365|base_page.py[line:133] INFO:Had type ' Lychan@2012 ' in inputBox
2020-08-12 14:43:42,920|base_page.py[line:66] INFO:Had find the element ' Sign in ' successful by xpath via value: //div[@class='buttons']/button[text()='Sign in'] 
2020-08-12 14:43:48,269|browser_engine.py[line:26] INFO:You had select Chrome browser.
2020-08-12 14:43:48,270|browser_engine.py[line:28] INFO:The test server url is: https://rr-alamo-test.azureedge.net
2020-08-12 14:43:51,054|browser_engine.py[line:42] INFO:Starting Chrome browser.
2020-08-12 14:43:52,201|browser_engine.py[line:56] INFO:Maximize the current window.
2020-08-12 14:43:57,753|browser_engine.py[line:59] INFO:Open url: https://rr-alamo-test.azureedge.net
2020-08-12 14:44:13,580|base_page.py[line:68] ERROR:TimeoutException: selector by xpath ,value xpath=>//div[@class='localAccount']//div[@class='intro']/h2
2020-08-12 14:44:14,146|base_page.py[line:66] INFO:Had find the element ' Sign in with your existing account ' successful by xpath via value: //div[@class='localAccount']//div[@class='intro']/h2 
2020-08-12 14:44:14,700|base_page.py[line:66] INFO:Had find the element '  ' successful by id via value: logonIdentifier 
2020-08-12 14:44:14,747|base_page.py[line:143] INFO:Clear text in input box before typing.
2020-08-12 14:44:15,292|base_page.py[line:66] INFO:Had find the element '  ' successful by id via value: logonIdentifier 
2020-08-12 14:44:15,481|base_page.py[line:133] INFO:Had type ' yan.liu@an-chen.com ' in inputBox
2020-08-12 14:44:16,028|base_page.py[line:66] INFO:Had find the element '  ' successful by id via value: password 
2020-08-12 14:44:16,085|base_page.py[line:143] INFO:Clear text in input box before typing.
2020-08-12 14:44:16,605|base_page.py[line:66] INFO:Had find the element '  ' successful by id via value: password 
2020-08-12 14:44:16,825|base_page.py[line:133] INFO:Had type ' Lychan@2012 ' in inputBox
2020-08-12 14:44:17,392|base_page.py[line:66] INFO:Had find the element ' Sign in ' successful by xpath via value: //div[@class='buttons']/button[text()='Sign in'] 
2020-08-12 14:45:30,344|base_page.py[line:68] ERROR:TimeoutException: selector by xpath ,value //div[@id='root']//div[@class='content-heading']
2020-08-12 14:45:30,344|base_page.py[line:121] ERROR:NoSuchElement selector_by: xpath, selector: //div[@id='root']//div[@class='content-heading'] 
