2020-08-12 16:06:41,538|browser_engine.py[line:26] INFO:You had select Chrome browser.
2020-08-12 16:06:41,538|browser_engine.py[line:28] INFO:The test server url is: https://rr-alamo-test.azureedge.net
2020-08-12 16:06:44,992|browser_engine.py[line:42] INFO:Starting Chrome browser.
2020-08-12 16:06:46,141|browser_engine.py[line:56] INFO:Maximize the current window.
2020-08-12 16:07:10,598|browser_engine.py[line:59] INFO:Open url: https://rr-alamo-test.azureedge.net
2020-08-12 16:07:21,106|base_page.py[line:69] ERROR:TimeoutException: selector by xpath ,value xpath=>//div[@class='localAccount']//div[@class='intro']/h2
2020-08-12 16:07:21,665|base_page.py[line:67] INFO:Had find the element ' Sign in with your existing account ' successful by xpath via value: //div[@class='localAccount']//div[@class='intro']/h2 
2020-08-12 16:07:22,238|base_page.py[line:67] INFO:Had find the element '  ' successful by id via value: logonIdentifier 
2020-08-12 16:07:22,310|base_page.py[line:144] INFO:Clear text in input box before typing.
2020-08-12 16:07:22,980|base_page.py[line:67] INFO:Had find the element '  ' successful by id via value: logonIdentifier 
2020-08-12 16:07:23,525|base_page.py[line:134] INFO:Had type ' yan.liu@an-chen.com ' in inputBox
2020-08-12 16:07:24,227|base_page.py[line:67] INFO:Had find the element '  ' successful by id via value: password 
2020-08-12 16:07:24,467|base_page.py[line:144] INFO:Clear text in input box before typing.
2020-08-12 16:07:25,015|base_page.py[line:67] INFO:Had find the element '  ' successful by id via value: password 
2020-08-12 16:07:25,342|base_page.py[line:134] INFO:Had type ' Lychan@2012 ' in inputBox
2020-08-12 16:07:25,899|base_page.py[line:67] INFO:Had find the element ' Sign in ' successful by xpath via value: //div[@class='buttons']/button[text()='Sign in'] 
2020-08-12 16:07:34,223|base_page.py[line:67] INFO:Had find the element ' Welcome, yanliu ' successful by xpath via value: //div[@id='root']//div[@class='content-heading'] 
2020-08-12 16:07:34,224|login.py[line:41] INFO:login success
2020-08-12 16:07:45,261|base_page.py[line:69] ERROR:TimeoutException: selector by xpath ,value xpath=>//div[@class='card']/form//div[@id='homeGrid']/div//h2
2020-08-12 16:07:45,784|base_page.py[line:222] INFO:Had find the elements successful by xpath via value: //div[@class='card']/form//div[@id='homeGrid']/div//h2 
2020-08-12 16:07:46,616|base_page.py[line:67] INFO:Had find the element '  ' successful by xpath via value: //div[@class='card']/form//div[@id='homeGrid']/div[4]//input 
2020-08-12 16:07:47,076|base_page.py[line:134] INFO:Had type ' C000048473 ' in inputBox
2020-08-12 16:07:47,637|base_page.py[line:67] INFO:Had find the element ' Go ' successful by xpath via value: //div[@class='card']/form//div[@id='homeGrid']/div[4]/div/button 
2020-08-12 16:07:47,767|base_page.py[line:156] INFO:The element ' Go ' was clicked.
2020-08-12 16:07:47,768|homePage.py[line:50] INFO:module_name: Customers
2020-08-12 16:07:58,383|base_page.py[line:69] ERROR:TimeoutException: selector by xpath ,value xpath=>//div[@class='card']//li/a[text()='Entity']
2020-08-12 16:07:58,929|base_page.py[line:67] INFO:Had find the element ' Entity ' successful by xpath via value: //div[@class='card']//li/a[text()='Entity'] 
2020-08-12 16:07:59,107|base_page.py[line:156] INFO:The element ' Entity ' was clicked.
2020-08-12 16:07:59,638|base_page.py[line:222] INFO:Had find the elements successful by xpath via value: //div[@class='card']//div//h4 
2020-08-12 16:08:00,238|base_page.py[line:67] INFO:Had find the element ' Addresses ' successful by xpath via value: //div[@class='card']//div//h4[text()='Addresses'] 
2020-08-12 16:08:00,815|base_page.py[line:67] INFO:Had find the element ' City ' successful by xpath via value: //div[@class='glo-row']/div[2]//div[@class='glo-row']//span[text()='City'] 
2020-08-12 16:08:01,366|base_page.py[line:67] INFO:Had find the element ' Attention To Line ' successful by xpath via value: //div[@class='glo-row']/div[2]//div[@class='glo-row']//span[text()='Attention To Line'] 
