2020-08-12 17:08:46,866|browser_engine.py[line:26] INFO:You had select Chrome browser.
2020-08-12 17:08:46,866|browser_engine.py[line:28] INFO:The test server url is: https://rr-alamo-test.azureedge.net
2020-08-12 17:08:49,832|browser_engine.py[line:42] INFO:Starting Chrome browser.
2020-08-12 17:08:50,967|browser_engine.py[line:56] INFO:Maximize the current window.
2020-08-12 17:09:12,967|browser_engine.py[line:59] INFO:Open url: https://rr-alamo-test.azureedge.net
2020-08-12 17:09:23,515|base_page.py[line:69] ERROR:TimeoutException: selector by xpath ,value xpath=>//div[@class='localAccount']//div[@class='intro']/h2
2020-08-12 17:09:24,074|base_page.py[line:67] INFO:Had find the element ' Sign in with your existing account ' successful by xpath via value: //div[@class='localAccount']//div[@class='intro']/h2 
2020-08-12 17:09:24,638|base_page.py[line:67] INFO:Had find the element '  ' successful by id via value: logonIdentifier 
2020-08-12 17:09:24,683|base_page.py[line:144] INFO:Clear text in input box before typing.
2020-08-12 17:09:25,213|base_page.py[line:67] INFO:Had find the element '  ' successful by id via value: logonIdentifier 
2020-08-12 17:09:25,474|base_page.py[line:134] INFO:Had type ' yan.liu@an-chen.com ' in inputBox
2020-08-12 17:09:26,004|base_page.py[line:67] INFO:Had find the element '  ' successful by id via value: password 
2020-08-12 17:09:26,047|base_page.py[line:144] INFO:Clear text in input box before typing.
2020-08-12 17:09:26,572|base_page.py[line:67] INFO:Had find the element '  ' successful by id via value: password 
2020-08-12 17:09:26,778|base_page.py[line:134] INFO:Had type ' Lychan@2012 ' in inputBox
2020-08-12 17:09:27,335|base_page.py[line:67] INFO:Had find the element ' Sign in ' successful by xpath via value: //div[@class='buttons']/button[text()='Sign in'] 
2020-08-12 17:09:48,256|base_page.py[line:67] INFO:Had find the element ' Welcome, yanliu ' successful by xpath via value: //div[@id='root']//div[@class='content-heading'] 
2020-08-12 17:09:48,256|login.py[line:41] INFO:login success
2020-08-12 17:09:59,178|base_page.py[line:69] ERROR:TimeoutException: selector by xpath ,value xpath=>//div[@class='card']/form//div[@id='homeGrid']/div//h2
2020-08-12 17:09:59,692|base_page.py[line:222] INFO:Had find the elements successful by xpath via value: //div[@class='card']/form//div[@id='homeGrid']/div//h2 
2020-08-12 17:10:00,302|base_page.py[line:67] INFO:Had find the element '  ' successful by xpath via value: //div[@class='card']/form//div[@id='homeGrid']/div[4]//input 
2020-08-12 17:10:00,496|base_page.py[line:134] INFO:Had type ' C000048473 ' in inputBox
2020-08-12 17:10:01,031|base_page.py[line:67] INFO:Had find the element ' Go ' successful by xpath via value: //div[@class='card']/form//div[@id='homeGrid']/div[4]/div/button 
2020-08-12 17:10:01,136|base_page.py[line:156] INFO:The element ' Go ' was clicked.
2020-08-12 17:10:01,136|homePage.py[line:50] INFO:module_name: Customers
2020-08-12 17:10:12,043|base_page.py[line:69] ERROR:TimeoutException: selector by xpath ,value xpath=>//div[@class='card']//li/a[text()='Entity']
2020-08-12 17:10:12,602|base_page.py[line:67] INFO:Had find the element ' Entity ' successful by xpath via value: //div[@class='card']//li/a[text()='Entity'] 
2020-08-12 17:10:12,774|base_page.py[line:156] INFO:The element ' Entity ' was clicked.
2020-08-12 17:10:13,307|base_page.py[line:222] INFO:Had find the elements successful by xpath via value: //div[@class='card']//div//h4 
2020-08-12 17:10:13,892|base_page.py[line:67] INFO:Had find the element ' Addresses ' successful by xpath via value: //div[@class='card']//div//h4[text()='Addresses'] 
2020-08-12 17:10:14,464|base_page.py[line:67] INFO:Had find the element ' City ' successful by xpath via value: //div[@class='glo-row']/div[2]//div[@class='glo-row']//span[text()='City'] 
2020-08-12 17:10:15,081|base_page.py[line:67] INFO:Had find the element ' Attention To Line ' successful by xpath via value: //div[@class='glo-row']/div[2]//div[@class='glo-row']//span[text()='Attention To Line'] 
