2020-08-18 14:02:21,423|browser_engine.py[line:26] INFO:You had select Chrome browser.
2020-08-18 14:02:21,424|browser_engine.py[line:28] INFO:The test server url is: https://rr-alamo-test.azureedge.net
2020-08-18 14:02:28,647|browser_engine.py[line:42] INFO:Starting Chrome browser.
2020-08-18 14:02:31,477|browser_engine.py[line:56] INFO:Maximize the current window.
2020-08-18 14:02:47,379|browser_engine.py[line:59] INFO:Open url: https://rr-alamo-test.azureedge.net
2020-08-18 14:02:57,966|base_page.py[line:71] ERROR:TimeoutException: selector by xpath ,value xpath=>//div[@class='localAccount']//div[@class='intro']/h2
2020-08-18 14:02:58,525|base_page.py[line:69] INFO:Had find the element ' Sign in with your existing account ' successful by xpath via value: //div[@class='localAccount']//div[@class='intro']/h2 
2020-08-18 14:02:59,087|base_page.py[line:69] INFO:Had find the element '  ' successful by id via value: logonIdentifier 
2020-08-18 14:02:59,128|base_page.py[line:146] INFO:Clear text in input box before typing.
2020-08-18 14:02:59,670|base_page.py[line:69] INFO:Had find the element '  ' successful by id via value: logonIdentifier 
2020-08-18 14:02:59,883|base_page.py[line:136] INFO:Had type ' yan.liu@an-chen.com ' in inputBox
2020-08-18 14:03:00,427|base_page.py[line:69] INFO:Had find the element '  ' successful by id via value: password 
2020-08-18 14:03:00,482|base_page.py[line:146] INFO:Clear text in input box before typing.
2020-08-18 14:03:01,012|base_page.py[line:69] INFO:Had find the element '  ' successful by id via value: password 
2020-08-18 14:03:01,328|base_page.py[line:136] INFO:Had type ' Lychan@2012 ' in inputBox
2020-08-18 14:03:01,867|base_page.py[line:69] INFO:Had find the element ' Sign in ' successful by xpath via value: //div[@class='buttons']/button[text()='Sign in'] 
2020-08-18 14:03:06,924|base_page.py[line:69] INFO:Had find the element ' Welcome, yanliu ' successful by xpath via value: //div[@id='root']//div[@class='content-heading'] 
2020-08-18 14:03:06,925|login.py[line:41] INFO:login success
2020-08-18 14:03:09,509|base_page.py[line:69] INFO:Had find the element ' MANAGE ' successful by id via value: manage 
2020-08-18 14:03:09,604|base_page.py[line:158] INFO:The element ' MANAGE ' was clicked.
2020-08-18 14:03:10,124|base_page.py[line:224] INFO:Had find the elements successful by xpath via value: //ul[@class='dropdown-menu multi-level show']/li/a 
2020-08-18 14:03:10,714|base_page.py[line:69] INFO:Had find the element ' Authorization Management ' successful by xpath via value: //ul[@class='dropdown-menu multi-level show']/li[1]/a 
2020-08-18 14:03:11,036|base_page.py[line:158] INFO:The element ' Authorization Management ' was clicked.
2020-08-18 14:03:11,036|topMenu.py[line:70] INFO:second_menu: Authorization Management
2020-08-18 14:03:12,585|base_page.py[line:69] INFO:Had find the element ' New ' successful by xpath via value: //div[@class='card']//button[text()=' New'] 
2020-08-18 14:03:12,817|base_page.py[line:158] INFO:The element ' New ' was clicked.
2020-08-18 14:03:13,524|base_page.py[line:69] INFO:Had find the element '  ' successful by xpath via value: //input[@name='name'] 
2020-08-18 14:03:13,687|base_page.py[line:158] INFO:The element '  ' was clicked.
2020-08-18 14:03:14,215|base_page.py[line:69] INFO:Had find the element '  ' successful by xpath via value: //input[@name='name'] 
2020-08-18 14:03:14,783|base_page.py[line:69] INFO:Had find the element '  ' successful by xpath via value: //input[@name='name'] 
2020-08-18 14:03:15,340|base_page.py[line:69] INFO:Had find the element '  ' successful by xpath via value: //input[@name='name'] 
2020-08-18 14:03:15,608|base_page.py[line:136] INFO:Had type ' p7Jy2Q ' in inputBox
2020-08-18 14:03:16,203|base_page.py[line:69] INFO:Had find the element '  ' successful by xpath via value: //input[@name='description'] 
2020-08-18 14:03:16,376|base_page.py[line:158] INFO:The element '  ' was clicked.
2020-08-18 14:03:16,923|base_page.py[line:69] INFO:Had find the element '  ' successful by xpath via value: //input[@name='description'] 
2020-08-18 14:03:17,512|base_page.py[line:69] INFO:Had find the element '  ' successful by xpath via value: //input[@name='description'] 
2020-08-18 14:03:18,182|base_page.py[line:69] INFO:Had find the element '  ' successful by xpath via value: //input[@name='description'] 
2020-08-18 14:03:18,465|base_page.py[line:136] INFO:Had type ' 8zaRHb ' in inputBox
2020-08-18 14:03:29,482|base_page.py[line:226] ERROR:TimeoutException: selector by xpath ,value //div[@class='mb-0 card']//div[@class='rt-table']/div[@class='rt-tbody']//div[@class='rt-td']
2020-08-18 14:03:31,115|base_page.py[line:69] INFO:Had find the element ' HlPchI
UXtzbw
ypxpnm
Changsha
Professional Services ' successful by xpath via value: //div[@class='card']//div[@class='glo-row']//div[@class='rt-tr-group'][1]/div 
2020-08-18 14:03:31,718|base_page.py[line:69] INFO:Had find the element ' HlPchI
UXtzbw
ypxpnm
Changsha
Professional Services ' successful by xpath via value: //div[@class='card']//div[@class='glo-row']//div[@class='rt-tr-group'][1]/div 
2020-08-18 14:03:33,873|base_page.py[line:158] INFO:The element ' HlPchI
UXtzbw
ypxpnm
Changsha
Professional Services ' was clicked.
2020-08-18 14:03:34,481|base_page.py[line:69] INFO:Had find the element ' Edit ' successful by xpath via value: //div[@class='card']//button[text()=' Edit'] 
2020-08-18 14:03:36,259|base_page.py[line:69] INFO:Had find the element ' New ' successful by xpath via value: //div[@class='card']//button[text()=' New'] 
2020-08-18 14:03:39,138|base_page.py[line:158] INFO:The element ' New ' was clicked.
2020-08-18 14:03:39,842|base_page.py[line:69] INFO:Had find the element '  ' successful by xpath via value: //input[@name='name'] 
