2020-08-18 14:49:58,044|browser_engine.py[line:26] INFO:You had select Chrome browser.
2020-08-18 14:49:58,044|browser_engine.py[line:28] INFO:The test server url is: https://rr-alamo-test.azureedge.net
2020-08-18 14:50:01,061|browser_engine.py[line:42] INFO:Starting Chrome browser.
2020-08-18 14:50:02,255|browser_engine.py[line:56] INFO:Maximize the current window.
2020-08-18 14:50:24,071|browser_engine.py[line:59] INFO:Open url: https://rr-alamo-test.azureedge.net
2020-08-18 14:50:34,667|base_page.py[line:71] ERROR:TimeoutException: selector by xpath ,value xpath=>//div[@class='localAccount']//div[@class='intro']/h2
2020-08-18 14:50:35,204|base_page.py[line:69] INFO:Had find the element ' Sign in with your existing account ' successful by xpath via value: //div[@class='localAccount']//div[@class='intro']/h2 
2020-08-18 14:50:35,774|base_page.py[line:69] INFO:Had find the element '  ' successful by id via value: logonIdentifier 
2020-08-18 14:50:35,823|base_page.py[line:146] INFO:Clear text in input box before typing.
2020-08-18 14:50:36,367|base_page.py[line:69] INFO:Had find the element '  ' successful by id via value: logonIdentifier 
2020-08-18 14:50:36,566|base_page.py[line:136] INFO:Had type ' yan.liu@an-chen.com ' in inputBox
2020-08-18 14:50:37,128|base_page.py[line:69] INFO:Had find the element '  ' successful by id via value: password 
2020-08-18 14:50:37,174|base_page.py[line:146] INFO:Clear text in input box before typing.
2020-08-18 14:50:37,708|base_page.py[line:69] INFO:Had find the element '  ' successful by id via value: password 
2020-08-18 14:50:37,947|base_page.py[line:136] INFO:Had type ' Lychan@2012 ' in inputBox
2020-08-18 14:50:38,510|base_page.py[line:69] INFO:Had find the element ' Sign in ' successful by xpath via value: //div[@class='buttons']/button[text()='Sign in'] 
2020-08-18 14:50:44,211|base_page.py[line:69] INFO:Had find the element ' Welcome, yanliu ' successful by xpath via value: //div[@id='root']//div[@class='content-heading'] 
2020-08-18 14:50:44,211|login.py[line:41] INFO:login success
2020-08-18 14:50:46,813|base_page.py[line:69] INFO:Had find the element ' MANAGE ' successful by id via value: manage 
2020-08-18 14:50:46,899|base_page.py[line:158] INFO:The element ' MANAGE ' was clicked.
2020-08-18 14:50:47,430|base_page.py[line:224] INFO:Had find the elements successful by xpath via value: //ul[@class='dropdown-menu multi-level show']/li/a 
2020-08-18 14:50:48,008|base_page.py[line:69] INFO:Had find the element ' Authorization Management ' successful by xpath via value: //ul[@class='dropdown-menu multi-level show']/li[1]/a 
2020-08-18 14:50:48,147|base_page.py[line:158] INFO:The element ' Authorization Management ' was clicked.
2020-08-18 14:50:48,148|topMenu.py[line:70] INFO:second_menu: Authorization Management
2020-08-18 14:50:49,692|base_page.py[line:69] INFO:Had find the element ' New ' successful by xpath via value: //div[@class='card']//button[text()=' New'] 
2020-08-18 14:50:50,067|base_page.py[line:158] INFO:The element ' New ' was clicked.
2020-08-18 14:50:50,603|base_page.py[line:69] INFO:Had find the element '  ' successful by xpath via value: //input[@name='name'] 
2020-08-18 14:50:50,702|base_page.py[line:158] INFO:The element '  ' was clicked.
2020-08-18 14:50:51,248|base_page.py[line:69] INFO:Had find the element '  ' successful by xpath via value: //input[@name='name'] 
2020-08-18 14:50:51,816|base_page.py[line:69] INFO:Had find the element '  ' successful by xpath via value: //input[@name='name'] 
2020-08-18 14:50:52,367|base_page.py[line:69] INFO:Had find the element '  ' successful by xpath via value: //input[@name='name'] 
2020-08-18 14:50:52,629|base_page.py[line:136] INFO:Had type ' SqgKLB ' in inputBox
2020-08-18 14:50:53,167|base_page.py[line:69] INFO:Had find the element '  ' successful by xpath via value: //input[@name='description'] 
2020-08-18 14:50:53,274|base_page.py[line:158] INFO:The element '  ' was clicked.
2020-08-18 14:50:54,402|base_page.py[line:69] INFO:Had find the element '  ' successful by xpath via value: //input[@name='description'] 
2020-08-18 14:50:55,009|base_page.py[line:69] INFO:Had find the element '  ' successful by xpath via value: //input[@name='description'] 
2020-08-18 14:50:55,590|base_page.py[line:69] INFO:Had find the element '  ' successful by xpath via value: //input[@name='description'] 
2020-08-18 14:50:57,536|base_page.py[line:136] INFO:Had type ' tq5ngW ' in inputBox
2020-08-18 14:50:58,075|base_page.py[line:69] INFO:Had find the element '  ' successful by xpath via value: //input[@class='form-control'] 
2020-08-18 14:50:58,172|base_page.py[line:158] INFO:The element '  ' was clicked.
2020-08-18 14:50:58,701|base_page.py[line:69] INFO:Had find the element '  ' successful by xpath via value: //input[@class='form-control'] 
2020-08-18 14:50:59,256|base_page.py[line:69] INFO:Had find the element '  ' successful by xpath via value: //input[@class='form-control'] 
2020-08-18 14:50:59,824|base_page.py[line:69] INFO:Had find the element '  ' successful by xpath via value: //input[@class='form-control'] 
2020-08-18 14:50:59,871|base_page.py[line:136] INFO:Had type '  ' in inputBox
2020-08-18 14:51:00,431|base_page.py[line:224] INFO:Had find the elements successful by xpath via value: //div[@class='mb-0 card']//div[@class='rt-table']/div[@class='rt-tbody']//div[@class='rt-td'] 
2020-08-18 14:51:06,796|usm.py[line:56] INFO:capabilityName  not found!
2020-08-18 14:51:07,363|base_page.py[line:69] INFO:Had find the element ' Next ' successful by xpath via value: //button[contains(text(),'Next')] 
2020-08-18 14:51:07,512|base_page.py[line:158] INFO:The element ' Next ' was clicked.
2020-08-18 14:51:08,069|base_page.py[line:69] INFO:Had find the element ' ihtg4f ' successful by xpath via value: //select[@name='availableUsersSelected']/option[1] 
2020-08-18 14:51:08,620|base_page.py[line:69] INFO:Had find the element '  ' successful by xpath via value: //input[@class='form-control'] 
2020-08-18 14:51:08,880|base_page.py[line:136] INFO:Had type ' ihtg4f ' in inputBox
2020-08-18 14:51:09,440|base_page.py[line:69] INFO:Had find the element ' ihtg4f ' successful by xpath via value: //select[@name='availableUsersSelected'] 
2020-08-18 14:51:10,105|base_page.py[line:69] INFO:Had find the element '     Add     ' successful by xpath via value: //button[contains(text(),'Add')] 
2020-08-18 14:51:10,181|base_page.py[line:158] INFO:The element '     Add     ' was clicked.
2020-08-18 14:51:10,736|base_page.py[line:69] INFO:Had find the element ' Finish ' successful by xpath via value: //button[contains(text(),'Finish')] 
2020-08-18 14:51:10,830|base_page.py[line:158] INFO:The element ' Finish ' was clicked.
2020-08-18 14:51:15,395|base_page.py[line:69] INFO:Had find the element ' Role: SqgKLB created successfully. ' successful by xpath via value: //div[@role='alert'] 
2020-08-18 14:51:16,982|base_page.py[line:69] INFO:Had find the element ' 1346
JxOaO6
8vHkK5 ' successful by xpath via value: //div[@class='card']//div[@class='glo-row']//div[@class='rt-tr-group'][1]/div 
2020-08-18 14:51:17,540|base_page.py[line:69] INFO:Had find the element ' 1346
JxOaO6
8vHkK5 ' successful by xpath via value: //div[@class='card']//div[@class='glo-row']//div[@class='rt-tr-group'][1]/div 
2020-08-18 14:51:20,206|base_page.py[line:69] INFO:Had find the element ' New ' successful by xpath via value: //div[@class='card']//button[text()=' New'] 
2020-08-18 14:51:22,875|base_page.py[line:69] INFO:Had find the element ' 1346
JxOaO6
8vHkK5 ' successful by xpath via value: //div[@class='card']//div[@class='glo-row']//div[@class='rt-tr-group'][1]/div 
2020-08-18 14:51:23,441|base_page.py[line:69] INFO:Had find the element ' 1346
JxOaO6
8vHkK5 ' successful by xpath via value: //div[@class='card']//div[@class='glo-row']//div[@class='rt-tr-group'][1]/div 
2020-08-18 14:51:24,090|base_page.py[line:158] INFO:The element ' 1346
JxOaO6
8vHkK5 ' was clicked.
2020-08-18 14:51:24,632|base_page.py[line:69] INFO:Had find the element ' Edit ' successful by xpath via value: //div[@class='card']//button[text()=' Edit'] 
2020-08-18 14:51:25,784|base_page.py[line:158] INFO:The element ' Edit ' was clicked.
2020-08-18 14:51:26,326|base_page.py[line:69] INFO:Had find the element '  ' successful by xpath via value: //input[@name='name'] 
2020-08-18 14:51:26,441|base_page.py[line:158] INFO:The element '  ' was clicked.
2020-08-18 14:51:26,983|base_page.py[line:69] INFO:Had find the element '  ' successful by xpath via value: //input[@name='name'] 
2020-08-18 14:51:27,555|base_page.py[line:69] INFO:Had find the element '  ' successful by xpath via value: //input[@name='name'] 
2020-08-18 14:51:29,581|base_page.py[line:69] INFO:Had find the element '  ' successful by xpath via value: //input[@name='name'] 
2020-08-18 14:51:32,149|base_page.py[line:136] INFO:Had type ' Kxxdr8 ' in inputBox
2020-08-18 14:51:32,718|base_page.py[line:69] INFO:Had find the element '  ' successful by xpath via value: //input[@name='description'] 
2020-08-18 14:51:32,913|base_page.py[line:158] INFO:The element '  ' was clicked.
2020-08-18 14:51:35,064|base_page.py[line:69] INFO:Had find the element '  ' successful by xpath via value: //input[@name='description'] 
2020-08-18 14:51:35,696|base_page.py[line:69] INFO:Had find the element '  ' successful by xpath via value: //input[@name='description'] 
2020-08-18 14:51:36,537|base_page.py[line:69] INFO:Had find the element '  ' successful by xpath via value: //input[@name='description'] 
2020-08-18 14:51:38,971|base_page.py[line:136] INFO:Had type ' IUWFM5 ' in inputBox
2020-08-18 14:51:39,835|base_page.py[line:69] INFO:Had find the element '  ' successful by xpath via value: //input[@class='form-control'] 
2020-08-18 14:51:40,042|base_page.py[line:158] INFO:The element '  ' was clicked.
2020-08-18 14:51:40,614|base_page.py[line:69] INFO:Had find the element '  ' successful by xpath via value: //input[@class='form-control'] 
2020-08-18 14:51:41,205|base_page.py[line:69] INFO:Had find the element '  ' successful by xpath via value: //input[@class='form-control'] 
2020-08-18 14:51:41,803|base_page.py[line:69] INFO:Had find the element '  ' successful by xpath via value: //input[@class='form-control'] 
2020-08-18 14:51:42,886|base_page.py[line:136] INFO:Had type ' Business Entity ' in inputBox
2020-08-18 14:51:43,432|base_page.py[line:224] INFO:Had find the elements successful by xpath via value: //div[@class='mb-0 card']//div[@class='rt-table']/div[@class='rt-tbody']//div[@class='rt-td'] 
2020-08-18 14:51:44,023|base_page.py[line:69] INFO:Had find the element '  ' successful by xpath via value: //div[@class='modal fade show']//div[@class='glo-row']//input[@id='canRead_0'] 
2020-08-18 14:51:44,143|base_page.py[line:158] INFO:The element '  ' was clicked.
2020-08-18 14:51:44,682|base_page.py[line:69] INFO:Had find the element '  ' successful by xpath via value: //div[@class='modal fade show']//div[@class='glo-row']//input[@id='canUpdate_0'] 
2020-08-18 14:51:44,796|base_page.py[line:158] INFO:The element '  ' was clicked.
2020-08-18 14:51:45,352|base_page.py[line:69] INFO:Had find the element '  ' successful by xpath via value: //div[@class='modal fade show']//div[@class='glo-row']//input[@id='canCreate_0'] 
2020-08-18 14:51:45,464|base_page.py[line:158] INFO:The element '  ' was clicked.
2020-08-18 14:51:46,022|base_page.py[line:69] INFO:Had find the element '  ' successful by xpath via value: //div[@class='modal fade show']//div[@class='glo-row']//input[@id='canDelete_0'] 
2020-08-18 14:51:46,123|base_page.py[line:158] INFO:The element '  ' was clicked.
2020-08-18 14:51:46,678|base_page.py[line:69] INFO:Had find the element '  ' successful by xpath via value: //div[@class='modal fade show']//div[@class='glo-row']//input[@id='canMassUpdate_0'] 
2020-08-18 14:51:46,788|base_page.py[line:158] INFO:The element '  ' was clicked.
2020-08-18 14:51:47,766|base_page.py[line:69] INFO:Had find the element '  ' successful by xpath via value: //input[@class='form-control'] 
2020-08-18 14:51:47,868|base_page.py[line:158] INFO:The element '  ' was clicked.
2020-08-18 14:51:48,431|base_page.py[line:69] INFO:Had find the element '  ' successful by xpath via value: //input[@class='form-control'] 
2020-08-18 14:51:49,037|base_page.py[line:69] INFO:Had find the element '  ' successful by xpath via value: //input[@class='form-control'] 
2020-08-18 14:51:50,005|base_page.py[line:69] INFO:Had find the element '  ' successful by xpath via value: //input[@class='form-control'] 
2020-08-18 14:51:50,973|base_page.py[line:136] INFO:Had type ' Business Entity Alias ' in inputBox
2020-08-18 14:51:51,510|base_page.py[line:224] INFO:Had find the elements successful by xpath via value: //div[@class='mb-0 card']//div[@class='rt-table']/div[@class='rt-tbody']//div[@class='rt-td'] 
2020-08-18 14:51:52,077|base_page.py[line:69] INFO:Had find the element '  ' successful by xpath via value: //div[@class='modal fade show']//div[@class='glo-row']//input[@id='canRead_0'] 
2020-08-18 14:51:52,179|base_page.py[line:158] INFO:The element '  ' was clicked.
2020-08-18 14:51:52,729|base_page.py[line:69] INFO:Had find the element '  ' successful by xpath via value: //div[@class='modal fade show']//div[@class='glo-row']//input[@id='canUpdate_0'] 
2020-08-18 14:51:52,834|base_page.py[line:158] INFO:The element '  ' was clicked.
2020-08-18 14:51:53,391|base_page.py[line:69] INFO:Had find the element '  ' successful by xpath via value: //div[@class='modal fade show']//div[@class='glo-row']//input[@id='canCreate_0'] 
2020-08-18 14:51:53,486|base_page.py[line:158] INFO:The element '  ' was clicked.
2020-08-18 14:51:54,046|base_page.py[line:69] INFO:Had find the element '  ' successful by xpath via value: //div[@class='modal fade show']//div[@class='glo-row']//input[@id='canDelete_0'] 
2020-08-18 14:51:54,138|base_page.py[line:158] INFO:The element '  ' was clicked.
2020-08-18 14:51:54,689|base_page.py[line:69] INFO:Had find the element '  ' successful by xpath via value: //div[@class='modal fade show']//div[@class='glo-row']//input[@id='canMassUpdate_0'] 
2020-08-18 14:51:54,782|base_page.py[line:158] INFO:The element '  ' was clicked.
2020-08-18 14:51:55,339|base_page.py[line:69] INFO:Had find the element ' Users ' successful by xpath via value: //div[@class='mb-0 card']//li/a[text()='Users'] 
2020-08-18 14:51:55,442|base_page.py[line:158] INFO:The element ' Users ' was clicked.
2020-08-18 14:51:56,020|base_page.py[line:69] INFO:Had find the element ' 63h8xi ' successful by xpath via value: //select[@name='assignedUsersSelected']/option[1] 
2020-08-18 14:51:56,586|base_page.py[line:69] INFO:Had find the element ' 63h8xi ' successful by xpath via value: //select[@name='assignedUsersSelected']/option[1] 
2020-08-18 14:51:56,681|base_page.py[line:158] INFO:The element ' 63h8xi ' was clicked.
2020-08-18 14:51:57,231|base_page.py[line:69] INFO:Had find the element ' ampowell ' successful by xpath via value: //select[@name='assignedUsersSelected']/option[2] 
2020-08-18 14:51:57,777|base_page.py[line:69] INFO:Had find the element ' ampowell ' successful by xpath via value: //select[@name='assignedUsersSelected']/option[2] 
2020-08-18 14:51:57,854|base_page.py[line:158] INFO:The element ' ampowell ' was clicked.
2020-08-18 14:51:58,427|base_page.py[line:69] INFO:Had find the element ' Remove ' successful by xpath via value: //button[contains(text(),'Remove')] 
2020-08-18 14:51:58,511|base_page.py[line:158] INFO:The element ' Remove ' was clicked.
2020-08-18 14:51:59,053|base_page.py[line:69] INFO:Had find the element ' Finish ' successful by xpath via value: //button[contains(text(),'Finish')] 
2020-08-18 14:51:59,138|base_page.py[line:158] INFO:The element ' Finish ' was clicked.
2020-08-18 14:52:03,681|base_page.py[line:69] INFO:Had find the element ' Role: Kxxdr8 updated successfully. ' successful by xpath via value: //div[@role='alert'] 
2020-08-18 14:52:05,355|base_page.py[line:69] INFO:Had find the element ' 1346
JxOaO6
8vHkK5 ' successful by xpath via value: //div[@class='card']//div[@class='glo-row']//div[@class='rt-tr-group'][1]/div 
2020-08-18 14:52:05,951|base_page.py[line:69] INFO:Had find the element ' Inactivate ' successful by xpath via value: //div[@class='card']//button[text()=' Inactivate'] 
2020-08-18 14:52:06,348|base_page.py[line:158] INFO:The element ' Inactivate ' was clicked.
2020-08-18 14:52:07,120|base_page.py[line:69] INFO:Had find the element ' Yes, Inactivate it! ' successful by xpath via value: //button[text()='Yes, Inactivate it!'] 
2020-08-18 14:52:07,369|base_page.py[line:158] INFO:The element ' Yes, Inactivate it! ' was clicked.
2020-08-18 14:52:11,914|base_page.py[line:69] INFO:Had find the element ' Role: 'Kxxdr8' deleted successfully. ' successful by xpath via value: //div[@role='alert'] 
2020-08-18 14:52:22,962|base_page.py[line:71] ERROR:TimeoutException: selector by xpath ,value xpath=>//div[@class='card']//li/a[text()='Users']
2020-08-18 14:52:23,504|base_page.py[line:69] INFO:Had find the element ' Users ' successful by xpath via value: //div[@class='card']//li/a[text()='Users'] 
2020-08-18 14:52:23,752|base_page.py[line:158] INFO:The element ' Users ' was clicked.
2020-08-18 14:52:27,469|base_page.py[line:69] INFO:Had find the element ' pV8Asl
WcAeKW
ihtg4f
Changsha
Professional Services ' successful by xpath via value: //div[@class='card']//div[@class='glo-row']//div[@class='rt-tr-group'][1]/div 
2020-08-18 14:52:28,082|base_page.py[line:69] INFO:Had find the element ' pV8Asl
WcAeKW
ihtg4f
Changsha
Professional Services ' successful by xpath via value: //div[@class='card']//div[@class='glo-row']//div[@class='rt-tr-group'][1]/div 
2020-08-18 14:52:28,317|base_page.py[line:158] INFO:The element ' pV8Asl
WcAeKW
ihtg4f
Changsha
Professional Services ' was clicked.
2020-08-18 14:52:28,883|base_page.py[line:69] INFO:Had find the element ' Edit ' successful by xpath via value: //div[@class='card']//button[text()=' Edit'] 
2020-08-18 14:52:29,138|base_page.py[line:158] INFO:The element ' Edit ' was clicked.
2020-08-18 14:52:29,736|base_page.py[line:69] INFO:Had find the element '  ' successful by xpath via value: //input[@name='userName'] 
2020-08-18 14:52:30,732|base_page.py[line:158] INFO:The element '  ' was clicked.
2020-08-18 14:52:31,368|base_page.py[line:69] INFO:Had find the element '  ' successful by xpath via value: //input[@name='userName'] 
2020-08-18 14:52:32,102|base_page.py[line:69] INFO:Had find the element '  ' successful by xpath via value: //input[@name='userName'] 
2020-08-18 14:52:32,783|base_page.py[line:69] INFO:Had find the element '  ' successful by xpath via value: //input[@name='userName'] 
2020-08-18 14:52:33,255|base_page.py[line:136] INFO:Had type ' Xu7BrE ' in inputBox
2020-08-18 14:52:33,833|base_page.py[line:69] INFO:Had find the element '  ' successful by xpath via value: //input[@name='firstName'] 
2020-08-18 14:52:34,026|base_page.py[line:158] INFO:The element '  ' was clicked.
2020-08-18 14:52:34,601|base_page.py[line:69] INFO:Had find the element '  ' successful by xpath via value: //input[@name='firstName'] 
2020-08-18 14:52:35,223|base_page.py[line:69] INFO:Had find the element '  ' successful by xpath via value: //input[@name='firstName'] 
2020-08-18 14:52:35,826|base_page.py[line:69] INFO:Had find the element '  ' successful by xpath via value: //input[@name='firstName'] 
2020-08-18 14:52:36,040|base_page.py[line:136] INFO:Had type ' w7zkzG ' in inputBox
2020-08-18 14:52:36,613|base_page.py[line:69] INFO:Had find the element '  ' successful by xpath via value: //input[@name='lastName'] 
2020-08-18 14:52:36,853|base_page.py[line:158] INFO:The element '  ' was clicked.
2020-08-18 14:52:37,471|base_page.py[line:69] INFO:Had find the element '  ' successful by xpath via value: //input[@name='lastName'] 
2020-08-18 14:52:38,099|base_page.py[line:69] INFO:Had find the element '  ' successful by xpath via value: //input[@name='lastName'] 
2020-08-18 14:52:38,708|base_page.py[line:69] INFO:Had find the element '  ' successful by xpath via value: //input[@name='lastName'] 
2020-08-18 14:52:38,940|base_page.py[line:136] INFO:Had type ' 86yvBG ' in inputBox
2020-08-18 14:52:40,090|base_page.py[line:69] INFO:Had find the element ' SqgKLB ' successful by xpath via value: //select[@name='availableRolesSelected']/option[1] 
2020-08-18 14:52:40,656|base_page.py[line:69] INFO:Had find the element '  ' successful by xpath via value: //input[@class='form-control'] 
2020-08-18 14:52:40,990|base_page.py[line:136] INFO:Had type ' SqgKLB ' in inputBox
2020-08-18 14:52:41,563|base_page.py[line:69] INFO:Had find the element ' SqgKLB ' successful by xpath via value: //select[@name='availableRolesSelected'] 
2020-08-18 14:52:42,253|base_page.py[line:69] INFO:Had find the element '     Add     ' successful by xpath via value: //button[contains(text(),'Add')] 
2020-08-18 14:52:42,340|base_page.py[line:158] INFO:The element '     Add     ' was clicked.
2020-08-18 14:52:42,895|base_page.py[line:69] INFO:Had find the element ' Finish ' successful by xpath via value: //button[contains(text(),'Finish')] 
2020-08-18 14:52:43,014|base_page.py[line:158] INFO:The element ' Finish ' was clicked.
2020-08-18 14:52:50,881|base_page.py[line:69] INFO:Had find the element ' User: Xu7BrE updated successfully. ' successful by xpath via value: //div[@role='alert'] 
2020-08-18 14:53:01,763|base_page.py[line:71] ERROR:TimeoutException: selector by xpath ,value xpath=>//div[@class='card']//li/a[text()='Users']
2020-08-18 14:53:02,323|base_page.py[line:69] INFO:Had find the element ' Users ' successful by xpath via value: //div[@class='card']//li/a[text()='Users'] 
2020-08-18 14:53:02,435|base_page.py[line:158] INFO:The element ' Users ' was clicked.
2020-08-18 14:53:04,019|base_page.py[line:69] INFO:Had find the element ' w7zkzG
86yvBG
xu7bre
Changsha
Professional Services ' successful by xpath via value: //div[@class='card']//div[@class='glo-row']//div[@class='rt-tr-group'][1]/div 
2020-08-18 14:53:04,588|base_page.py[line:69] INFO:Had find the element ' Edit ' successful by xpath via value: //div[@class='card']//button[text()=' Edit'] 
2020-08-18 14:53:04,722|base_page.py[line:158] INFO:The element ' Edit ' was clicked.
2020-08-18 14:53:05,277|base_page.py[line:69] INFO:Had find the element '  ' successful by xpath via value: //input[@name='userName'] 
2020-08-18 14:53:05,394|base_page.py[line:158] INFO:The element '  ' was clicked.
2020-08-18 14:53:05,945|base_page.py[line:69] INFO:Had find the element '  ' successful by xpath via value: //input[@name='userName'] 
2020-08-18 14:53:06,532|base_page.py[line:69] INFO:Had find the element '  ' successful by xpath via value: //input[@name='userName'] 
2020-08-18 14:53:07,130|base_page.py[line:69] INFO:Had find the element '  ' successful by xpath via value: //input[@name='userName'] 
2020-08-18 14:53:07,437|base_page.py[line:136] INFO:Had type ' nGWW9U ' in inputBox
2020-08-18 14:53:07,994|base_page.py[line:69] INFO:Had find the element '  ' successful by xpath via value: //input[@name='firstName'] 
2020-08-18 14:53:08,127|base_page.py[line:158] INFO:The element '  ' was clicked.
2020-08-18 14:53:08,715|base_page.py[line:69] INFO:Had find the element '  ' successful by xpath via value: //input[@name='firstName'] 
2020-08-18 14:53:09,309|base_page.py[line:69] INFO:Had find the element '  ' successful by xpath via value: //input[@name='firstName'] 
2020-08-18 14:53:09,912|base_page.py[line:69] INFO:Had find the element '  ' successful by xpath via value: //input[@name='firstName'] 
2020-08-18 14:53:10,099|base_page.py[line:136] INFO:Had type ' IDdnVZ ' in inputBox
2020-08-18 14:53:10,673|base_page.py[line:69] INFO:Had find the element '  ' successful by xpath via value: //input[@name='lastName'] 
2020-08-18 14:53:10,764|base_page.py[line:158] INFO:The element '  ' was clicked.
2020-08-18 14:53:11,307|base_page.py[line:69] INFO:Had find the element '  ' successful by xpath via value: //input[@name='lastName'] 
2020-08-18 14:53:11,901|base_page.py[line:69] INFO:Had find the element '  ' successful by xpath via value: //input[@name='lastName'] 
2020-08-18 14:53:12,490|base_page.py[line:69] INFO:Had find the element '  ' successful by xpath via value: //input[@name='lastName'] 
2020-08-18 14:53:12,700|base_page.py[line:136] INFO:Had type ' YaXtY3 ' in inputBox
2020-08-18 14:53:13,268|base_page.py[line:69] INFO:Had find the element ' j1wqmA
9rOaU2
hmLvuW
rEsO7P2
SqgKLB ' successful by xpath via value: //select[@name='assignedRolesSelected'] 
2020-08-18 14:53:13,945|base_page.py[line:69] INFO:Had find the element ' Remove ' successful by xpath via value: //button[contains(text(),'Remove')] 
2020-08-18 14:53:14,049|base_page.py[line:158] INFO:The element ' Remove ' was clicked.
2020-08-18 14:53:14,627|base_page.py[line:69] INFO:Had find the element ' Finish ' successful by xpath via value: //button[contains(text(),'Finish')] 
2020-08-18 14:53:14,761|base_page.py[line:158] INFO:The element ' Finish ' was clicked.
2020-08-18 14:53:19,309|base_page.py[line:69] INFO:Had find the element ' User: nGWW9U updated successfully. ' successful by xpath via value: //div[@role='alert'] 
2020-08-18 14:53:29,871|base_page.py[line:71] ERROR:TimeoutException: selector by xpath ,value xpath=>//div[@class='card']//li/a[text()='Users']
2020-08-18 14:53:30,434|base_page.py[line:69] INFO:Had find the element ' Users ' successful by xpath via value: //div[@class='card']//li/a[text()='Users'] 
2020-08-18 14:53:30,540|base_page.py[line:158] INFO:The element ' Users ' was clicked.
2020-08-18 14:53:32,100|base_page.py[line:69] INFO:Had find the element ' IDdnVZ
YaXtY3
ngww9u
Changsha
Professional Services ' successful by xpath via value: //div[@class='card']//div[@class='glo-row']//div[@class='rt-tr-group'][1]/div 
2020-08-18 14:53:32,665|base_page.py[line:69] INFO:Had find the element ' Edit ' successful by xpath via value: //div[@class='card']//button[text()=' Edit'] 
2020-08-18 14:53:32,825|base_page.py[line:158] INFO:The element ' Edit ' was clicked.
2020-08-18 14:53:33,398|base_page.py[line:69] INFO:Had find the element '  ' successful by xpath via value: //input[@name='userName'] 
2020-08-18 14:53:33,523|base_page.py[line:158] INFO:The element '  ' was clicked.
2020-08-18 14:53:34,240|base_page.py[line:69] INFO:Had find the element '  ' successful by xpath via value: //input[@name='userName'] 
2020-08-18 14:53:34,884|base_page.py[line:69] INFO:Had find the element '  ' successful by xpath via value: //input[@name='userName'] 
2020-08-18 14:53:35,470|base_page.py[line:69] INFO:Had find the element '  ' successful by xpath via value: //input[@name='userName'] 
2020-08-18 14:53:35,672|base_page.py[line:136] INFO:Had type ' dpl9eb ' in inputBox
2020-08-18 14:53:36,213|base_page.py[line:69] INFO:Had find the element '  ' successful by xpath via value: //input[@name='firstName'] 
2020-08-18 14:53:36,317|base_page.py[line:158] INFO:The element '  ' was clicked.
2020-08-18 14:53:36,856|base_page.py[line:69] INFO:Had find the element '  ' successful by xpath via value: //input[@name='firstName'] 
2020-08-18 14:53:37,459|base_page.py[line:69] INFO:Had find the element '  ' successful by xpath via value: //input[@name='firstName'] 
2020-08-18 14:53:38,056|base_page.py[line:69] INFO:Had find the element '  ' successful by xpath via value: //input[@name='firstName'] 
2020-08-18 14:53:38,273|base_page.py[line:136] INFO:Had type ' PFcDwI ' in inputBox
2020-08-18 14:53:38,839|base_page.py[line:69] INFO:Had find the element '  ' successful by xpath via value: //input[@name='lastName'] 
2020-08-18 14:53:38,983|base_page.py[line:158] INFO:The element '  ' was clicked.
2020-08-18 14:53:39,542|base_page.py[line:69] INFO:Had find the element '  ' successful by xpath via value: //input[@name='lastName'] 
2020-08-18 14:53:40,135|base_page.py[line:69] INFO:Had find the element '  ' successful by xpath via value: //input[@name='lastName'] 
2020-08-18 14:53:40,733|base_page.py[line:69] INFO:Had find the element '  ' successful by xpath via value: //input[@name='lastName'] 
2020-08-18 14:53:40,940|base_page.py[line:136] INFO:Had type ' zWhb1s ' in inputBox
2020-08-18 14:53:41,517|base_page.py[line:69] INFO:Had find the element ' test ' successful by xpath via value: //select[@name='availableRolesSelected']/option[1] 
2020-08-18 14:53:42,068|base_page.py[line:69] INFO:Had find the element ' test ' successful by xpath via value: //select[@name='availableRolesSelected']/option[1] 
2020-08-18 14:53:42,158|base_page.py[line:158] INFO:The element ' test ' was clicked.
2020-08-18 14:53:42,696|base_page.py[line:69] INFO:Had find the element ' rEsO7P ' successful by xpath via value: //select[@name='availableRolesSelected']/option[2] 
2020-08-18 14:53:43,261|base_page.py[line:69] INFO:Had find the element ' rEsO7P ' successful by xpath via value: //select[@name='availableRolesSelected']/option[2] 
2020-08-18 14:53:43,346|base_page.py[line:158] INFO:The element ' rEsO7P ' was clicked.
2020-08-18 14:53:43,911|base_page.py[line:69] INFO:Had find the element '     Add     ' successful by xpath via value: //button[contains(text(),'Add')] 
2020-08-18 14:53:44,010|base_page.py[line:158] INFO:The element '     Add     ' was clicked.
2020-08-18 14:53:44,570|base_page.py[line:69] INFO:Had find the element ' Finish ' successful by xpath via value: //button[contains(text(),'Finish')] 
2020-08-18 14:53:44,695|base_page.py[line:158] INFO:The element ' Finish ' was clicked.
2020-08-18 14:53:49,667|base_page.py[line:69] INFO:Had find the element ' User: dpl9eb updated successfully. ' successful by xpath via value: //div[@role='alert'] 
2020-08-18 14:54:00,541|base_page.py[line:71] ERROR:TimeoutException: selector by xpath ,value xpath=>//div[@class='card']//li/a[text()='Users']
2020-08-18 14:54:01,080|base_page.py[line:69] INFO:Had find the element ' Users ' successful by xpath via value: //div[@class='card']//li/a[text()='Users'] 
2020-08-18 14:54:01,198|base_page.py[line:158] INFO:The element ' Users ' was clicked.
2020-08-18 14:54:02,766|base_page.py[line:69] INFO:Had find the element ' PFcDwI
zWhb1s
dpl9eb
Changsha
Professional Services ' successful by xpath via value: //div[@class='card']//div[@class='glo-row']//div[@class='rt-tr-group'][1]/div 
2020-08-18 14:54:03,342|base_page.py[line:69] INFO:Had find the element ' Edit ' successful by xpath via value: //div[@class='card']//button[text()=' Edit'] 
2020-08-18 14:54:03,473|base_page.py[line:158] INFO:The element ' Edit ' was clicked.
2020-08-18 14:54:04,042|base_page.py[line:69] INFO:Had find the element '  ' successful by xpath via value: //input[@name='userName'] 
2020-08-18 14:54:04,183|base_page.py[line:158] INFO:The element '  ' was clicked.
2020-08-18 14:54:04,757|base_page.py[line:69] INFO:Had find the element '  ' successful by xpath via value: //input[@name='userName'] 
2020-08-18 14:54:05,362|base_page.py[line:69] INFO:Had find the element '  ' successful by xpath via value: //input[@name='userName'] 
2020-08-18 14:54:05,944|base_page.py[line:69] INFO:Had find the element '  ' successful by xpath via value: //input[@name='userName'] 
2020-08-18 14:54:06,371|base_page.py[line:136] INFO:Had type ' BVWxj7 ' in inputBox
2020-08-18 14:54:06,918|base_page.py[line:69] INFO:Had find the element '  ' successful by xpath via value: //input[@name='firstName'] 
2020-08-18 14:54:07,044|base_page.py[line:158] INFO:The element '  ' was clicked.
2020-08-18 14:54:07,598|base_page.py[line:69] INFO:Had find the element '  ' successful by xpath via value: //input[@name='firstName'] 
2020-08-18 14:54:08,183|base_page.py[line:69] INFO:Had find the element '  ' successful by xpath via value: //input[@name='firstName'] 
2020-08-18 14:54:08,768|base_page.py[line:69] INFO:Had find the element '  ' successful by xpath via value: //input[@name='firstName'] 
2020-08-18 14:54:08,984|base_page.py[line:136] INFO:Had type ' kKIeQy ' in inputBox
2020-08-18 14:54:09,544|base_page.py[line:69] INFO:Had find the element '  ' successful by xpath via value: //input[@name='lastName'] 
2020-08-18 14:54:09,637|base_page.py[line:158] INFO:The element '  ' was clicked.
2020-08-18 14:54:10,195|base_page.py[line:69] INFO:Had find the element '  ' successful by xpath via value: //input[@name='lastName'] 
2020-08-18 14:54:10,783|base_page.py[line:69] INFO:Had find the element '  ' successful by xpath via value: //input[@name='lastName'] 
2020-08-18 14:54:11,368|base_page.py[line:69] INFO:Had find the element '  ' successful by xpath via value: //input[@name='lastName'] 
2020-08-18 14:54:11,566|base_page.py[line:136] INFO:Had type ' Ch57M3 ' in inputBox
2020-08-18 14:54:12,149|base_page.py[line:69] INFO:Had find the element ' 9rOaU2 ' successful by xpath via value: //select[@name='assignedRolesSelected']/option[1] 
2020-08-18 14:54:12,697|base_page.py[line:69] INFO:Had find the element ' 9rOaU2 ' successful by xpath via value: //select[@name='assignedRolesSelected']/option[1] 
2020-08-18 14:54:12,792|base_page.py[line:158] INFO:The element ' 9rOaU2 ' was clicked.
2020-08-18 14:54:13,360|base_page.py[line:69] INFO:Had find the element ' hmLvuW ' successful by xpath via value: //select[@name='assignedRolesSelected']/option[2] 
2020-08-18 14:54:13,907|base_page.py[line:69] INFO:Had find the element ' hmLvuW ' successful by xpath via value: //select[@name='assignedRolesSelected']/option[2] 
2020-08-18 14:54:13,992|base_page.py[line:158] INFO:The element ' hmLvuW ' was clicked.
2020-08-18 14:54:14,558|base_page.py[line:69] INFO:Had find the element ' Remove ' successful by xpath via value: //button[contains(text(),'Remove')] 
2020-08-18 14:54:14,675|base_page.py[line:158] INFO:The element ' Remove ' was clicked.
2020-08-18 14:54:15,213|base_page.py[line:69] INFO:Had find the element ' Finish ' successful by xpath via value: //button[contains(text(),'Finish')] 
2020-08-18 14:54:15,327|base_page.py[line:158] INFO:The element ' Finish ' was clicked.
2020-08-18 14:54:29,898|base_page.py[line:71] ERROR:TimeoutException: selector by xpath ,value //div[@role='alert']
2020-08-18 14:54:29,898|base_page.py[line:124] ERROR:NoSuchElement selector_by: xpath, selector: //div[@role='alert'] 
