2020-08-18 15:56:21,724|browser_engine.py[line:26] INFO:You had select Chrome browser.
2020-08-18 15:56:21,725|browser_engine.py[line:28] INFO:The test server url is: https://rr-alamo-test.azureedge.net
2020-08-18 15:56:28,500|browser_engine.py[line:42] INFO:Starting Chrome browser.
2020-08-18 15:56:29,806|browser_engine.py[line:56] INFO:Maximize the current window.
2020-08-18 15:56:45,320|browser_engine.py[line:59] INFO:Open url: https://rr-alamo-test.azureedge.net
2020-08-18 15:56:56,289|base_page.py[line:71] ERROR:TimeoutException: selector by xpath ,value xpath=>//div[@class='localAccount']//div[@class='intro']/h2
2020-08-18 15:56:56,841|base_page.py[line:69] INFO:Had find the element ' Sign in with your existing account ' successful by xpath via value: //div[@class='localAccount']//div[@class='intro']/h2 
2020-08-18 15:56:57,404|base_page.py[line:69] INFO:Had find the element '  ' successful by id via value: logonIdentifier 
2020-08-18 15:56:57,446|base_page.py[line:146] INFO:Clear text in input box before typing.
2020-08-18 15:56:57,990|base_page.py[line:69] INFO:Had find the element '  ' successful by id via value: logonIdentifier 
2020-08-18 15:56:58,257|base_page.py[line:136] INFO:Had type ' yan.liu@an-chen.com ' in inputBox
2020-08-18 15:56:58,804|base_page.py[line:69] INFO:Had find the element '  ' successful by id via value: password 
2020-08-18 15:56:58,853|base_page.py[line:146] INFO:Clear text in input box before typing.
2020-08-18 15:56:59,382|base_page.py[line:69] INFO:Had find the element '  ' successful by id via value: password 
2020-08-18 15:56:59,688|base_page.py[line:136] INFO:Had type ' Lychan@2012 ' in inputBox
2020-08-18 15:57:00,226|base_page.py[line:69] INFO:Had find the element ' Sign in ' successful by xpath via value: //div[@class='buttons']/button[text()='Sign in'] 
2020-08-18 15:57:09,120|base_page.py[line:69] INFO:Had find the element ' Welcome, yanliu ' successful by xpath via value: //div[@id='root']//div[@class='content-heading'] 
2020-08-18 15:57:09,120|login.py[line:41] INFO:login success
2020-08-18 15:57:11,722|base_page.py[line:69] INFO:Had find the element ' MANAGE ' successful by id via value: manage 
2020-08-18 15:57:11,865|base_page.py[line:158] INFO:The element ' MANAGE ' was clicked.
2020-08-18 15:57:12,394|base_page.py[line:224] INFO:Had find the elements successful by xpath via value: //ul[@class='dropdown-menu multi-level show']/li/a 
2020-08-18 15:57:12,993|base_page.py[line:69] INFO:Had find the element ' Authorization Management ' successful by xpath via value: //ul[@class='dropdown-menu multi-level show']/li[1]/a 
2020-08-18 15:57:13,180|base_page.py[line:158] INFO:The element ' Authorization Management ' was clicked.
2020-08-18 15:57:13,180|topMenu.py[line:70] INFO:second_menu: Authorization Management
2020-08-18 15:57:14,905|base_page.py[line:69] INFO:Had find the element ' New ' successful by xpath via value: //div[@class='card']//button[text()=' New'] 
2020-08-18 15:57:15,105|base_page.py[line:158] INFO:The element ' New ' was clicked.
2020-08-18 15:57:15,675|base_page.py[line:69] INFO:Had find the element '  ' successful by xpath via value: //input[@name='name'] 
2020-08-18 15:57:15,870|base_page.py[line:158] INFO:The element '  ' was clicked.
2020-08-18 15:57:16,468|base_page.py[line:69] INFO:Had find the element '  ' successful by xpath via value: //input[@name='name'] 
2020-08-18 15:57:17,060|base_page.py[line:69] INFO:Had find the element '  ' successful by xpath via value: //input[@name='name'] 
2020-08-18 15:57:17,603|base_page.py[line:69] INFO:Had find the element '  ' successful by xpath via value: //input[@name='name'] 
2020-08-18 15:57:17,930|base_page.py[line:136] INFO:Had type ' YHHT57 ' in inputBox
2020-08-18 15:57:18,508|base_page.py[line:69] INFO:Had find the element '  ' successful by xpath via value: //input[@name='description'] 
2020-08-18 15:57:18,621|base_page.py[line:158] INFO:The element '  ' was clicked.
2020-08-18 15:57:19,178|base_page.py[line:69] INFO:Had find the element '  ' successful by xpath via value: //input[@name='description'] 
2020-08-18 15:57:20,291|base_page.py[line:69] INFO:Had find the element '  ' successful by xpath via value: //input[@name='description'] 
2020-08-18 15:57:20,911|base_page.py[line:69] INFO:Had find the element '  ' successful by xpath via value: //input[@name='description'] 
2020-08-18 15:57:23,451|base_page.py[line:136] INFO:Had type ' 0kxZ9t ' in inputBox
2020-08-18 15:57:24,017|base_page.py[line:69] INFO:Had find the element '  ' successful by xpath via value: //input[@class='form-control'] 
2020-08-18 15:57:24,135|base_page.py[line:158] INFO:The element '  ' was clicked.
2020-08-18 15:57:24,687|base_page.py[line:69] INFO:Had find the element '  ' successful by xpath via value: //input[@class='form-control'] 
2020-08-18 15:57:25,295|base_page.py[line:69] INFO:Had find the element '  ' successful by xpath via value: //input[@class='form-control'] 
2020-08-18 15:57:25,867|base_page.py[line:69] INFO:Had find the element '  ' successful by xpath via value: //input[@class='form-control'] 
2020-08-18 15:57:25,920|base_page.py[line:136] INFO:Had type '  ' in inputBox
2020-08-18 15:57:26,473|base_page.py[line:224] INFO:Had find the elements successful by xpath via value: //div[@class='mb-0 card']//div[@class='rt-table']/div[@class='rt-tbody']//div[@class='rt-td'] 
2020-08-18 15:57:33,186|usm.py[line:56] INFO:capabilityName  not found!
2020-08-18 15:57:33,744|base_page.py[line:69] INFO:Had find the element ' Next ' successful by xpath via value: //button[contains(text(),'Next')] 
2020-08-18 15:57:33,934|base_page.py[line:158] INFO:The element ' Next ' was clicked.
2020-08-18 15:57:34,504|base_page.py[line:69] INFO:Had find the element ' cxyejb ' successful by xpath via value: //select[@name='availableUsersSelected']/option[1] 
2020-08-18 15:57:35,081|base_page.py[line:69] INFO:Had find the element '  ' successful by xpath via value: //input[@class='form-control'] 
2020-08-18 15:57:35,410|base_page.py[line:136] INFO:Had type ' cxyejb ' in inputBox
2020-08-18 15:57:35,970|base_page.py[line:69] INFO:Had find the element ' cxyejb ' successful by xpath via value: //select[@name='availableUsersSelected'] 
2020-08-18 15:57:36,663|base_page.py[line:69] INFO:Had find the element '     Add     ' successful by xpath via value: //button[contains(text(),'Add')] 
2020-08-18 15:57:36,739|base_page.py[line:158] INFO:The element '     Add     ' was clicked.
2020-08-18 15:57:37,314|base_page.py[line:69] INFO:Had find the element ' Finish ' successful by xpath via value: //button[contains(text(),'Finish')] 
2020-08-18 15:57:37,401|base_page.py[line:158] INFO:The element ' Finish ' was clicked.
2020-08-18 15:57:41,949|base_page.py[line:69] INFO:Had find the element ' Role: YHHT57 created successfully. ' successful by xpath via value: //div[@role='alert'] 
2020-08-18 15:57:43,544|base_page.py[line:69] INFO:Had find the element ' 1348
bYpiN5
TmlMLC ' successful by xpath via value: //div[@class='card']//div[@class='glo-row']//div[@class='rt-tr-group'][1]/div 
2020-08-18 15:57:44,109|base_page.py[line:69] INFO:Had find the element ' 1348
bYpiN5
TmlMLC ' successful by xpath via value: //div[@class='card']//div[@class='glo-row']//div[@class='rt-tr-group'][1]/div 
2020-08-18 15:57:47,156|base_page.py[line:69] INFO:Had find the element ' New ' successful by xpath via value: //div[@class='card']//button[text()=' New'] 
2020-08-18 15:57:48,542|base_page.py[line:158] INFO:The element ' New ' was clicked.
2020-08-18 15:57:49,117|base_page.py[line:69] INFO:Had find the element '  ' successful by xpath via value: //input[@name='name'] 
2020-08-18 15:57:49,323|base_page.py[line:158] INFO:The element '  ' was clicked.
2020-08-18 15:57:49,918|base_page.py[line:69] INFO:Had find the element '  ' successful by xpath via value: //input[@name='name'] 
2020-08-18 15:57:50,502|base_page.py[line:69] INFO:Had find the element '  ' successful by xpath via value: //input[@name='name'] 
2020-08-18 15:57:51,048|base_page.py[line:69] INFO:Had find the element '  ' successful by xpath via value: //input[@name='name'] 
2020-08-18 15:57:52,426|base_page.py[line:136] INFO:Had type ' FYcq7f ' in inputBox
2020-08-18 15:57:52,986|base_page.py[line:69] INFO:Had find the element '  ' successful by xpath via value: //input[@name='description'] 
2020-08-18 15:57:53,081|base_page.py[line:158] INFO:The element '  ' was clicked.
2020-08-18 15:57:53,620|base_page.py[line:69] INFO:Had find the element '  ' successful by xpath via value: //input[@name='description'] 
2020-08-18 15:57:54,170|base_page.py[line:69] INFO:Had find the element '  ' successful by xpath via value: //input[@name='description'] 
2020-08-18 15:57:54,717|base_page.py[line:69] INFO:Had find the element '  ' successful by xpath via value: //input[@name='description'] 
2020-08-18 15:57:56,005|base_page.py[line:136] INFO:Had type ' BbjN3r ' in inputBox
2020-08-18 15:57:56,566|base_page.py[line:69] INFO:Had find the element '  ' successful by xpath via value: //input[@class='form-control'] 
2020-08-18 15:57:56,697|base_page.py[line:158] INFO:The element '  ' was clicked.
2020-08-18 15:57:57,248|base_page.py[line:69] INFO:Had find the element '  ' successful by xpath via value: //input[@class='form-control'] 
2020-08-18 15:57:57,798|base_page.py[line:69] INFO:Had find the element '  ' successful by xpath via value: //input[@class='form-control'] 
2020-08-18 15:57:58,371|base_page.py[line:69] INFO:Had find the element '  ' successful by xpath via value: //input[@class='form-control'] 
2020-08-18 15:57:59,398|base_page.py[line:136] INFO:Had type ' Business Entity ' in inputBox
2020-08-18 15:57:59,919|base_page.py[line:224] INFO:Had find the elements successful by xpath via value: //div[@class='mb-0 card']//div[@class='rt-table']/div[@class='rt-tbody']//div[@class='rt-td'] 
2020-08-18 15:58:00,498|base_page.py[line:69] INFO:Had find the element '  ' successful by xpath via value: //div[@class='modal fade show']//div[@class='glo-row']//input[@id='canRead_0'] 
2020-08-18 15:58:00,623|base_page.py[line:158] INFO:The element '  ' was clicked.
2020-08-18 15:58:01,173|base_page.py[line:69] INFO:Had find the element '  ' successful by xpath via value: //div[@class='modal fade show']//div[@class='glo-row']//input[@id='canUpdate_0'] 
2020-08-18 15:58:01,291|base_page.py[line:158] INFO:The element '  ' was clicked.
2020-08-18 15:58:01,852|base_page.py[line:69] INFO:Had find the element '  ' successful by xpath via value: //div[@class='modal fade show']//div[@class='glo-row']//input[@id='canCreate_0'] 
2020-08-18 15:58:01,966|base_page.py[line:158] INFO:The element '  ' was clicked.
2020-08-18 15:58:02,514|base_page.py[line:69] INFO:Had find the element '  ' successful by xpath via value: //div[@class='modal fade show']//div[@class='glo-row']//input[@id='canDelete_0'] 
2020-08-18 15:58:02,620|base_page.py[line:158] INFO:The element '  ' was clicked.
2020-08-18 15:58:03,156|base_page.py[line:69] INFO:Had find the element '  ' successful by xpath via value: //div[@class='modal fade show']//div[@class='glo-row']//input[@id='canMassUpdate_0'] 
2020-08-18 15:58:03,271|base_page.py[line:158] INFO:The element '  ' was clicked.
2020-08-18 15:58:04,331|base_page.py[line:69] INFO:Had find the element ' Users ' successful by xpath via value: //div[@class='mb-0 card']//li/a[text()='Users'] 
2020-08-18 15:58:04,431|base_page.py[line:158] INFO:The element ' Users ' was clicked.
2020-08-18 15:58:04,996|base_page.py[line:69] INFO:Had find the element ' 63h8xi ' successful by xpath via value: //select[@name='availableUsersSelected']/option[1] 
2020-08-18 15:58:05,544|base_page.py[line:69] INFO:Had find the element ' 63h8xi ' successful by xpath via value: //select[@name='availableUsersSelected']/option[1] 
2020-08-18 15:58:05,638|base_page.py[line:158] INFO:The element ' 63h8xi ' was clicked.
2020-08-18 15:58:06,183|base_page.py[line:69] INFO:Had find the element ' ampowell ' successful by xpath via value: //select[@name='availableUsersSelected']/option[2] 
2020-08-18 15:58:06,727|base_page.py[line:69] INFO:Had find the element ' ampowell ' successful by xpath via value: //select[@name='availableUsersSelected']/option[2] 
2020-08-18 15:58:06,814|base_page.py[line:158] INFO:The element ' ampowell ' was clicked.
2020-08-18 15:58:07,364|base_page.py[line:69] INFO:Had find the element '     Add     ' successful by xpath via value: //button[contains(text(),'Add')] 
2020-08-18 15:58:07,493|base_page.py[line:158] INFO:The element '     Add     ' was clicked.
2020-08-18 15:58:08,051|base_page.py[line:69] INFO:Had find the element ' Finish ' successful by xpath via value: //button[contains(text(),'Finish')] 
2020-08-18 15:58:08,154|base_page.py[line:158] INFO:The element ' Finish ' was clicked.
2020-08-18 15:58:12,698|base_page.py[line:69] INFO:Had find the element ' Role: FYcq7f created successfully. ' successful by xpath via value: //div[@role='alert'] 
2020-08-18 15:58:14,272|base_page.py[line:69] INFO:Had find the element ' 1348
bYpiN5
TmlMLC ' successful by xpath via value: //div[@class='card']//div[@class='glo-row']//div[@class='rt-tr-group'][1]/div 
2020-08-18 15:58:14,819|base_page.py[line:69] INFO:Had find the element ' 1348
bYpiN5
TmlMLC ' successful by xpath via value: //div[@class='card']//div[@class='glo-row']//div[@class='rt-tr-group'][1]/div 
2020-08-18 15:58:14,965|base_page.py[line:158] INFO:The element ' 1348
bYpiN5
TmlMLC ' was clicked.
2020-08-18 15:58:15,512|base_page.py[line:69] INFO:Had find the element ' Edit ' successful by xpath via value: //div[@class='card']//button[text()=' Edit'] 
2020-08-18 15:58:16,593|base_page.py[line:158] INFO:The element ' Edit ' was clicked.
2020-08-18 15:58:17,150|base_page.py[line:69] INFO:Had find the element '  ' successful by xpath via value: //input[@name='name'] 
2020-08-18 15:58:17,295|base_page.py[line:158] INFO:The element '  ' was clicked.
2020-08-18 15:58:17,827|base_page.py[line:69] INFO:Had find the element '  ' successful by xpath via value: //input[@name='name'] 
2020-08-18 15:58:18,637|base_page.py[line:69] INFO:Had find the element '  ' successful by xpath via value: //input[@name='name'] 
2020-08-18 15:58:19,576|base_page.py[line:69] INFO:Had find the element '  ' successful by xpath via value: //input[@name='name'] 
2020-08-18 15:58:22,108|base_page.py[line:136] INFO:Had type ' f0Fclh ' in inputBox
2020-08-18 15:58:22,666|base_page.py[line:69] INFO:Had find the element '  ' successful by xpath via value: //input[@name='description'] 
2020-08-18 15:58:22,761|base_page.py[line:158] INFO:The element '  ' was clicked.
2020-08-18 15:58:23,310|base_page.py[line:69] INFO:Had find the element '  ' successful by xpath via value: //input[@name='description'] 
2020-08-18 15:58:23,880|base_page.py[line:69] INFO:Had find the element '  ' successful by xpath via value: //input[@name='description'] 
2020-08-18 15:58:24,758|base_page.py[line:69] INFO:Had find the element '  ' successful by xpath via value: //input[@name='description'] 
2020-08-18 15:58:26,451|base_page.py[line:136] INFO:Had type ' VaHle9 ' in inputBox
2020-08-18 15:58:27,009|base_page.py[line:69] INFO:Had find the element '  ' successful by xpath via value: //input[@class='form-control'] 
2020-08-18 15:58:27,169|base_page.py[line:158] INFO:The element '  ' was clicked.
2020-08-18 15:58:27,711|base_page.py[line:69] INFO:Had find the element '  ' successful by xpath via value: //input[@class='form-control'] 
2020-08-18 15:58:28,286|base_page.py[line:69] INFO:Had find the element '  ' successful by xpath via value: //input[@class='form-control'] 
2020-08-18 15:58:28,829|base_page.py[line:69] INFO:Had find the element '  ' successful by xpath via value: //input[@class='form-control'] 
2020-08-18 15:58:29,729|base_page.py[line:136] INFO:Had type ' Business Entity ' in inputBox
2020-08-18 15:58:30,256|base_page.py[line:224] INFO:Had find the elements successful by xpath via value: //div[@class='mb-0 card']//div[@class='rt-table']/div[@class='rt-tbody']//div[@class='rt-td'] 
2020-08-18 15:58:30,839|base_page.py[line:69] INFO:Had find the element '  ' successful by xpath via value: //div[@class='modal fade show']//div[@class='glo-row']//input[@id='canRead_0'] 
2020-08-18 15:58:31,015|base_page.py[line:158] INFO:The element '  ' was clicked.
2020-08-18 15:58:31,548|base_page.py[line:69] INFO:Had find the element '  ' successful by xpath via value: //div[@class='modal fade show']//div[@class='glo-row']//input[@id='canUpdate_0'] 
2020-08-18 15:58:31,653|base_page.py[line:158] INFO:The element '  ' was clicked.
2020-08-18 15:58:32,196|base_page.py[line:69] INFO:Had find the element '  ' successful by xpath via value: //div[@class='modal fade show']//div[@class='glo-row']//input[@id='canCreate_0'] 
2020-08-18 15:58:32,332|base_page.py[line:158] INFO:The element '  ' was clicked.
2020-08-18 15:58:32,887|base_page.py[line:69] INFO:Had find the element '  ' successful by xpath via value: //div[@class='modal fade show']//div[@class='glo-row']//input[@id='canDelete_0'] 
2020-08-18 15:58:32,996|base_page.py[line:158] INFO:The element '  ' was clicked.
2020-08-18 15:58:33,550|base_page.py[line:69] INFO:Had find the element '  ' successful by xpath via value: //div[@class='modal fade show']//div[@class='glo-row']//input[@id='canMassUpdate_0'] 
2020-08-18 15:58:33,650|base_page.py[line:158] INFO:The element '  ' was clicked.
2020-08-18 15:58:34,627|base_page.py[line:69] INFO:Had find the element '  ' successful by xpath via value: //input[@class='form-control'] 
2020-08-18 15:58:34,729|base_page.py[line:158] INFO:The element '  ' was clicked.
2020-08-18 15:58:35,266|base_page.py[line:69] INFO:Had find the element '  ' successful by xpath via value: //input[@class='form-control'] 
2020-08-18 15:58:35,838|base_page.py[line:69] INFO:Had find the element '  ' successful by xpath via value: //input[@class='form-control'] 
2020-08-18 15:58:36,843|base_page.py[line:69] INFO:Had find the element '  ' successful by xpath via value: //input[@class='form-control'] 
2020-08-18 15:58:37,885|base_page.py[line:136] INFO:Had type ' Business Entity Alias ' in inputBox
2020-08-18 15:58:38,403|base_page.py[line:224] INFO:Had find the elements successful by xpath via value: //div[@class='mb-0 card']//div[@class='rt-table']/div[@class='rt-tbody']//div[@class='rt-td'] 
2020-08-18 15:58:38,976|base_page.py[line:69] INFO:Had find the element '  ' successful by xpath via value: //div[@class='modal fade show']//div[@class='glo-row']//input[@id='canRead_0'] 
2020-08-18 15:58:39,058|base_page.py[line:158] INFO:The element '  ' was clicked.
2020-08-18 15:58:39,601|base_page.py[line:69] INFO:Had find the element '  ' successful by xpath via value: //div[@class='modal fade show']//div[@class='glo-row']//input[@id='canUpdate_0'] 
2020-08-18 15:58:39,673|base_page.py[line:158] INFO:The element '  ' was clicked.
2020-08-18 15:58:40,214|base_page.py[line:69] INFO:Had find the element '  ' successful by xpath via value: //div[@class='modal fade show']//div[@class='glo-row']//input[@id='canCreate_0'] 
2020-08-18 15:58:40,291|base_page.py[line:158] INFO:The element '  ' was clicked.
2020-08-18 15:58:40,830|base_page.py[line:69] INFO:Had find the element '  ' successful by xpath via value: //div[@class='modal fade show']//div[@class='glo-row']//input[@id='canDelete_0'] 
2020-08-18 15:58:40,907|base_page.py[line:158] INFO:The element '  ' was clicked.
2020-08-18 15:58:41,427|base_page.py[line:69] INFO:Had find the element '  ' successful by xpath via value: //div[@class='modal fade show']//div[@class='glo-row']//input[@id='canMassUpdate_0'] 
2020-08-18 15:58:41,506|base_page.py[line:158] INFO:The element '  ' was clicked.
2020-08-18 15:58:42,052|base_page.py[line:69] INFO:Had find the element ' Users ' successful by xpath via value: //div[@class='mb-0 card']//li/a[text()='Users'] 
2020-08-18 15:58:42,147|base_page.py[line:158] INFO:The element ' Users ' was clicked.
2020-08-18 15:58:42,700|base_page.py[line:69] INFO:Had find the element ' cxyejb ' successful by xpath via value: //select[@name='assignedUsersSelected']/option[1] 
2020-08-18 15:58:43,252|base_page.py[line:69] INFO:Had find the element ' cxyejb ' successful by xpath via value: //select[@name='assignedUsersSelected']/option[1] 
2020-08-18 15:58:43,324|base_page.py[line:158] INFO:The element ' cxyejb ' was clicked.
2020-08-18 15:58:54,260|base_page.py[line:71] ERROR:TimeoutException: selector by xpath ,value //select[@name='assignedUsersSelected']/option[2]
2020-08-18 15:58:54,260|base_page.py[line:124] ERROR:NoSuchElement selector_by: xpath, selector: //select[@name='assignedUsersSelected']/option[2] 
2020-08-18 15:58:56,143|base_page.py[line:69] INFO:Had find the element ' 1348
bYpiN5
TmlMLC ' successful by xpath via value: //div[@class='card']//div[@class='glo-row']//div[@class='rt-tr-group'][1]/div 
2020-08-18 15:58:56,694|base_page.py[line:69] INFO:Had find the element ' Inactivate ' successful by xpath via value: //div[@class='card']//button[text()=' Inactivate'] 
2020-08-18 15:58:57,756|base_page.py[line:158] INFO:The element ' Inactivate ' was clicked.
2020-08-18 15:58:58,498|base_page.py[line:69] INFO:Had find the element ' Yes, Inactivate it! ' successful by xpath via value: //button[text()='Yes, Inactivate it!'] 
2020-08-18 15:58:58,599|base_page.py[line:158] INFO:The element ' Yes, Inactivate it! ' was clicked.
2020-08-18 15:59:03,139|base_page.py[line:69] INFO:Had find the element ' Role: 'bYpiN5' deleted successfully. ' successful by xpath via value: //div[@role='alert'] 
2020-08-18 15:59:13,977|base_page.py[line:71] ERROR:TimeoutException: selector by xpath ,value xpath=>//div[@class='card']//li/a[text()='Users']
2020-08-18 15:59:14,532|base_page.py[line:69] INFO:Had find the element ' Users ' successful by xpath via value: //div[@class='card']//li/a[text()='Users'] 
2020-08-18 15:59:14,803|base_page.py[line:158] INFO:The element ' Users ' was clicked.
2020-08-18 15:59:26,713|base_page.py[line:71] ERROR:TimeoutException: selector by xpath ,value //div[@class='card']//div[@class='glo-row']//div[@class='rt-tr-group'][1]/div
2020-08-18 15:59:26,713|base_page.py[line:124] ERROR:NoSuchElement selector_by: xpath, selector: //div[@class='card']//div[@class='glo-row']//div[@class='rt-tr-group'][1]/div 
2020-08-18 15:59:38,071|base_page.py[line:71] ERROR:TimeoutException: selector by xpath ,value xpath=>//div[@class='card']//li/a[text()='Users']
2020-08-18 15:59:38,609|base_page.py[line:69] INFO:Had find the element ' Users ' successful by xpath via value: //div[@class='card']//li/a[text()='Users'] 
2020-08-18 15:59:38,727|base_page.py[line:158] INFO:The element ' Users ' was clicked.
2020-08-18 15:59:50,558|base_page.py[line:71] ERROR:TimeoutException: selector by xpath ,value //div[@class='card']//div[@class='glo-row']//div[@class='rt-tr-group'][1]/div
2020-08-18 15:59:50,561|base_page.py[line:124] ERROR:NoSuchElement selector_by: xpath, selector: //div[@class='card']//div[@class='glo-row']//div[@class='rt-tr-group'][1]/div 
2020-08-18 16:00:02,048|base_page.py[line:71] ERROR:TimeoutException: selector by xpath ,value xpath=>//div[@class='card']//li/a[text()='Users']
2020-08-18 16:00:02,585|base_page.py[line:69] INFO:Had find the element ' Users ' successful by xpath via value: //div[@class='card']//li/a[text()='Users'] 
2020-08-18 16:00:02,685|base_page.py[line:158] INFO:The element ' Users ' was clicked.
2020-08-18 16:00:04,229|base_page.py[line:69] INFO:Had find the element ' xR2ETV
N555Dj
cxyejb
Changsha
Professional Services ' successful by xpath via value: //div[@class='card']//div[@class='glo-row']//div[@class='rt-tr-group'][1]/div 
2020-08-18 16:00:04,781|base_page.py[line:69] INFO:Had find the element ' xR2ETV
N555Dj
cxyejb
Changsha
Professional Services ' successful by xpath via value: //div[@class='card']//div[@class='glo-row']//div[@class='rt-tr-group'][1]/div 
2020-08-18 16:00:04,905|base_page.py[line:158] INFO:The element ' xR2ETV
N555Dj
cxyejb
Changsha
Professional Services ' was clicked.
2020-08-18 16:00:05,469|base_page.py[line:69] INFO:Had find the element ' Edit ' successful by xpath via value: //div[@class='card']//button[text()=' Edit'] 
2020-08-18 16:00:06,042|base_page.py[line:158] INFO:The element ' Edit ' was clicked.
2020-08-18 16:00:06,601|base_page.py[line:69] INFO:Had find the element '  ' successful by xpath via value: //input[@name='userName'] 
2020-08-18 16:00:06,737|base_page.py[line:158] INFO:The element '  ' was clicked.
2020-08-18 16:00:07,325|base_page.py[line:69] INFO:Had find the element '  ' successful by xpath via value: //input[@name='userName'] 
2020-08-18 16:00:07,917|base_page.py[line:69] INFO:Had find the element '  ' successful by xpath via value: //input[@name='userName'] 
2020-08-18 16:00:08,496|base_page.py[line:69] INFO:Had find the element '  ' successful by xpath via value: //input[@name='userName'] 
2020-08-18 16:00:08,906|base_page.py[line:136] INFO:Had type ' aAWfNB ' in inputBox
2020-08-18 16:00:09,571|base_page.py[line:69] INFO:Had find the element '  ' successful by xpath via value: //input[@name='firstName'] 
2020-08-18 16:00:09,674|base_page.py[line:158] INFO:The element '  ' was clicked.
2020-08-18 16:00:10,199|base_page.py[line:69] INFO:Had find the element '  ' successful by xpath via value: //input[@name='firstName'] 
2020-08-18 16:00:10,754|base_page.py[line:69] INFO:Had find the element '  ' successful by xpath via value: //input[@name='firstName'] 
2020-08-18 16:00:11,320|base_page.py[line:69] INFO:Had find the element '  ' successful by xpath via value: //input[@name='firstName'] 
2020-08-18 16:00:11,492|base_page.py[line:136] INFO:Had type ' lrQByP ' in inputBox
2020-08-18 16:00:12,046|base_page.py[line:69] INFO:Had find the element '  ' successful by xpath via value: //input[@name='lastName'] 
2020-08-18 16:00:12,138|base_page.py[line:158] INFO:The element '  ' was clicked.
2020-08-18 16:00:12,661|base_page.py[line:69] INFO:Had find the element '  ' successful by xpath via value: //input[@name='lastName'] 
2020-08-18 16:00:13,237|base_page.py[line:69] INFO:Had find the element '  ' successful by xpath via value: //input[@name='lastName'] 
2020-08-18 16:00:13,790|base_page.py[line:69] INFO:Had find the element '  ' successful by xpath via value: //input[@name='lastName'] 
2020-08-18 16:00:13,977|base_page.py[line:136] INFO:Had type ' kMhv3N ' in inputBox
2020-08-18 16:00:14,558|base_page.py[line:69] INFO:Had find the element ' FYcq7f ' successful by xpath via value: //select[@name='availableRolesSelected']/option[1] 
2020-08-18 16:00:15,108|base_page.py[line:69] INFO:Had find the element ' FYcq7f ' successful by xpath via value: //select[@name='availableRolesSelected']/option[1] 
2020-08-18 16:00:15,196|base_page.py[line:158] INFO:The element ' FYcq7f ' was clicked.
2020-08-18 16:00:15,737|base_page.py[line:69] INFO:Had find the element ' YHHT57 ' successful by xpath via value: //select[@name='availableRolesSelected']/option[2] 
2020-08-18 16:00:16,290|base_page.py[line:69] INFO:Had find the element ' YHHT57 ' successful by xpath via value: //select[@name='availableRolesSelected']/option[2] 
2020-08-18 16:00:16,381|base_page.py[line:158] INFO:The element ' YHHT57 ' was clicked.
2020-08-18 16:00:16,963|base_page.py[line:69] INFO:Had find the element '     Add     ' successful by xpath via value: //button[contains(text(),'Add')] 
2020-08-18 16:00:17,056|base_page.py[line:158] INFO:The element '     Add     ' was clicked.
2020-08-18 16:00:17,589|base_page.py[line:69] INFO:Had find the element ' Finish ' successful by xpath via value: //button[contains(text(),'Finish')] 
2020-08-18 16:00:17,864|base_page.py[line:158] INFO:The element ' Finish ' was clicked.
2020-08-18 16:00:32,763|base_page.py[line:71] ERROR:TimeoutException: selector by xpath ,value //div[@role='alert']
2020-08-18 16:00:32,763|base_page.py[line:124] ERROR:NoSuchElement selector_by: xpath, selector: //div[@role='alert'] 
2020-08-18 16:00:43,872|base_page.py[line:71] ERROR:TimeoutException: selector by xpath ,value xpath=>//div[@class='card']//li/a[text()='Users']
2020-08-18 16:00:44,429|base_page.py[line:69] INFO:Had find the element ' Users ' successful by xpath via value: //div[@class='card']//li/a[text()='Users'] 
2020-08-18 16:00:44,523|base_page.py[line:158] INFO:The element ' Users ' was clicked.
2020-08-18 16:00:46,353|base_page.py[line:69] INFO:Had find the element ' xR2ETV
N555Dj
cxyejb
Changsha
Professional Services ' successful by xpath via value: //div[@class='card']//div[@class='glo-row']//div[@class='rt-tr-group'][1]/div 
2020-08-18 16:00:46,930|base_page.py[line:69] INFO:Had find the element ' Edit ' successful by xpath via value: //div[@class='card']//button[text()=' Edit'] 
2020-08-18 16:00:47,065|base_page.py[line:158] INFO:The element ' Edit ' was clicked.
2020-08-18 16:00:47,597|base_page.py[line:69] INFO:Had find the element '  ' successful by xpath via value: //input[@name='userName'] 
2020-08-18 16:00:47,778|base_page.py[line:158] INFO:The element '  ' was clicked.
2020-08-18 16:00:48,332|base_page.py[line:69] INFO:Had find the element '  ' successful by xpath via value: //input[@name='userName'] 
2020-08-18 16:00:48,950|base_page.py[line:69] INFO:Had find the element '  ' successful by xpath via value: //input[@name='userName'] 
2020-08-18 16:00:49,596|base_page.py[line:69] INFO:Had find the element '  ' successful by xpath via value: //input[@name='userName'] 
2020-08-18 16:00:49,992|base_page.py[line:136] INFO:Had type ' LzFELz ' in inputBox
2020-08-18 16:00:50,553|base_page.py[line:69] INFO:Had find the element '  ' successful by xpath via value: //input[@name='firstName'] 
2020-08-18 16:00:50,650|base_page.py[line:158] INFO:The element '  ' was clicked.
2020-08-18 16:00:51,178|base_page.py[line:69] INFO:Had find the element '  ' successful by xpath via value: //input[@name='firstName'] 
2020-08-18 16:00:51,735|base_page.py[line:69] INFO:Had find the element '  ' successful by xpath via value: //input[@name='firstName'] 
2020-08-18 16:00:52,294|base_page.py[line:69] INFO:Had find the element '  ' successful by xpath via value: //input[@name='firstName'] 
2020-08-18 16:00:52,469|base_page.py[line:136] INFO:Had type ' gIlR6Y ' in inputBox
2020-08-18 16:00:53,003|base_page.py[line:69] INFO:Had find the element '  ' successful by xpath via value: //input[@name='lastName'] 
2020-08-18 16:00:53,101|base_page.py[line:158] INFO:The element '  ' was clicked.
2020-08-18 16:00:53,649|base_page.py[line:69] INFO:Had find the element '  ' successful by xpath via value: //input[@name='lastName'] 
2020-08-18 16:00:54,225|base_page.py[line:69] INFO:Had find the element '  ' successful by xpath via value: //input[@name='lastName'] 
2020-08-18 16:00:54,784|base_page.py[line:69] INFO:Had find the element '  ' successful by xpath via value: //input[@name='lastName'] 
2020-08-18 16:00:54,983|base_page.py[line:136] INFO:Had type ' 1CCFwu ' in inputBox
2020-08-18 16:00:55,548|base_page.py[line:69] INFO:Had find the element ' SqgKLB ' successful by xpath via value: //select[@name='assignedRolesSelected']/option[1] 
2020-08-18 16:00:56,087|base_page.py[line:69] INFO:Had find the element ' SqgKLB ' successful by xpath via value: //select[@name='assignedRolesSelected']/option[1] 
2020-08-18 16:00:56,208|base_page.py[line:158] INFO:The element ' SqgKLB ' was clicked.
2020-08-18 16:00:56,748|base_page.py[line:69] INFO:Had find the element ' test ' successful by xpath via value: //select[@name='assignedRolesSelected']/option[2] 
2020-08-18 16:00:57,294|base_page.py[line:69] INFO:Had find the element ' test ' successful by xpath via value: //select[@name='assignedRolesSelected']/option[2] 
2020-08-18 16:00:57,371|base_page.py[line:158] INFO:The element ' test ' was clicked.
2020-08-18 16:00:57,959|base_page.py[line:69] INFO:Had find the element ' Remove ' successful by xpath via value: //button[contains(text(),'Remove')] 
2020-08-18 16:00:58,072|base_page.py[line:158] INFO:The element ' Remove ' was clicked.
2020-08-18 16:00:58,610|base_page.py[line:69] INFO:Had find the element ' Finish ' successful by xpath via value: //button[contains(text(),'Finish')] 
2020-08-18 16:00:58,704|base_page.py[line:158] INFO:The element ' Finish ' was clicked.
2020-08-18 16:01:03,244|base_page.py[line:69] INFO:Had find the element ' User: LzFELz updated successfully. ' successful by xpath via value: //div[@role='alert'] 
2020-08-18 16:01:16,824|base_page.py[line:71] ERROR:TimeoutException: selector by id ,value id=>alano-glo-brand-logo
2020-08-18 16:01:17,383|base_page.py[line:69] INFO:Had find the element '  ' successful by id via value: alano-glo-brand-logo 
2020-08-18 16:01:17,485|base_page.py[line:158] INFO:The element '  ' was clicked.
2020-08-18 16:01:28,028|base_page.py[line:71] ERROR:TimeoutException: selector by xpath ,value xpath=>//div[@class='header-badge-glo']
2020-08-18 16:01:28,584|base_page.py[line:69] INFO:Had find the element ' Y ' successful by xpath via value: //div[@class='header-badge-glo'] 
2020-08-18 16:01:28,739|base_page.py[line:158] INFO:The element ' Y ' was clicked.
2020-08-18 16:01:29,272|base_page.py[line:69] INFO:Had find the element ' Logout ' successful by xpath via value: //a[text()='Logout'] 
2020-08-18 16:01:29,446|base_page.py[line:158] INFO:The element ' Logout ' was clicked.
2020-08-18 16:01:40,316|base_page.py[line:71] ERROR:TimeoutException: selector by xpath ,value //div[@class='localAccount']//div[@class='intro']/h2
2020-08-18 16:01:40,316|base_page.py[line:124] ERROR:NoSuchElement selector_by: xpath, selector: //div[@class='localAccount']//div[@class='intro']/h2 
2020-08-18 16:01:43,451|base_page.py[line:69] INFO:Had find the element ' CUSTOMERS ' successful by id via value: customers 
2020-08-18 16:01:43,562|base_page.py[line:158] INFO:The element ' CUSTOMERS ' was clicked.
2020-08-18 16:01:44,093|base_page.py[line:224] INFO:Had find the elements successful by xpath via value: //ul[@class='dropdown-menu multi-level show']/li/a 
2020-08-18 16:01:44,711|base_page.py[line:69] INFO:Had find the element ' New ' successful by xpath via value: //ul[@class='dropdown-menu multi-level show']/li[2]/a 
2020-08-18 16:01:44,823|base_page.py[line:158] INFO:The element ' New ' was clicked.
2020-08-18 16:01:44,823|topMenu.py[line:70] INFO:second_menu: New
2020-08-18 16:01:57,778|base_page.py[line:71] ERROR:TimeoutException: selector by xpath ,value //div[@role='alert']
2020-08-18 16:01:57,778|base_page.py[line:124] ERROR:NoSuchElement selector_by: xpath, selector: //div[@role='alert'] 
2020-08-18 16:02:10,680|browser_engine.py[line:71] INFO:Now, Close and quit the browser.
