2020-08-18 13:59:50,710|browser_engine.py[line:26] INFO:You had select Chrome browser.
2020-08-18 13:59:50,710|browser_engine.py[line:28] INFO:The test server url is: https://rr-alamo-test.azureedge.net
2020-08-18 13:59:55,093|browser_engine.py[line:42] INFO:Starting Chrome browser.
2020-08-18 13:59:56,289|browser_engine.py[line:56] INFO:Maximize the current window.
2020-08-18 14:00:52,812|browser_engine.py[line:59] INFO:Open url: https://rr-alamo-test.azureedge.net
2020-08-18 14:01:09,572|base_page.py[line:71] ERROR:TimeoutException: selector by xpath ,value xpath=>//div[@class='localAccount']//div[@class='intro']/h2
2020-08-18 14:01:10,230|base_page.py[line:69] INFO:Had find the element ' Sign in with your existing account ' successful by xpath via value: //div[@class='localAccount']//div[@class='intro']/h2 
2020-08-18 14:01:10,797|base_page.py[line:69] INFO:Had find the element '  ' successful by id via value: logonIdentifier 
2020-08-18 14:01:10,873|base_page.py[line:146] INFO:Clear text in input box before typing.
2020-08-18 14:01:11,434|base_page.py[line:69] INFO:Had find the element '  ' successful by id via value: logonIdentifier 
2020-08-18 14:01:11,780|base_page.py[line:136] INFO:Had type ' yan.liu@an-chen.com ' in inputBox
2020-08-18 14:01:12,331|base_page.py[line:69] INFO:Had find the element '  ' successful by id via value: password 
2020-08-18 14:01:12,389|base_page.py[line:146] INFO:Clear text in input box before typing.
2020-08-18 14:01:13,240|base_page.py[line:69] INFO:Had find the element '  ' successful by id via value: password 
2020-08-18 14:01:14,009|base_page.py[line:136] INFO:Had type ' Lychan@2012 ' in inputBox
2020-08-18 14:01:14,567|base_page.py[line:69] INFO:Had find the element ' Sign in ' successful by xpath via value: //div[@class='buttons']/button[text()='Sign in'] 
2020-08-18 14:01:21,295|base_page.py[line:69] INFO:Had find the element ' Welcome, yanliu ' successful by xpath via value: //div[@id='root']//div[@class='content-heading'] 
2020-08-18 14:01:21,295|login.py[line:41] INFO:login success
2020-08-18 14:01:24,165|base_page.py[line:69] INFO:Had find the element ' MANAGE ' successful by id via value: manage 
2020-08-18 14:01:24,449|base_page.py[line:158] INFO:The element ' MANAGE ' was clicked.
2020-08-18 14:01:25,018|base_page.py[line:224] INFO:Had find the elements successful by xpath via value: //ul[@class='dropdown-menu multi-level show']/li/a 
2020-08-18 14:01:25,612|base_page.py[line:69] INFO:Had find the element ' Authorization Management ' successful by xpath via value: //ul[@class='dropdown-menu multi-level show']/li[1]/a 
2020-08-18 14:01:25,827|base_page.py[line:158] INFO:The element ' Authorization Management ' was clicked.
2020-08-18 14:01:25,828|topMenu.py[line:70] INFO:second_menu: Authorization Management
2020-08-18 14:01:27,380|base_page.py[line:69] INFO:Had find the element ' New ' successful by xpath via value: //div[@class='card']//button[text()=' New'] 
2020-08-18 14:01:27,591|base_page.py[line:158] INFO:The element ' New ' was clicked.
2020-08-18 14:01:28,159|base_page.py[line:69] INFO:Had find the element '  ' successful by xpath via value: //input[@name='name'] 
2020-08-18 14:01:28,323|base_page.py[line:158] INFO:The element '  ' was clicked.
2020-08-18 14:01:28,851|base_page.py[line:69] INFO:Had find the element '  ' successful by xpath via value: //input[@name='name'] 
2020-08-18 14:01:29,416|base_page.py[line:69] INFO:Had find the element '  ' successful by xpath via value: //input[@name='name'] 
2020-08-18 14:01:31,886|base_page.py[line:69] INFO:Had find the element '  ' successful by xpath via value: //input[@name='name'] 
2020-08-18 14:01:35,088|base_page.py[line:136] INFO:Had type ' 8nptvE ' in inputBox
2020-08-18 14:01:35,649|base_page.py[line:69] INFO:Had find the element '  ' successful by xpath via value: //input[@name='description'] 
2020-08-18 14:01:35,796|base_page.py[line:158] INFO:The element '  ' was clicked.
2020-08-18 14:01:36,332|base_page.py[line:69] INFO:Had find the element '  ' successful by xpath via value: //input[@name='description'] 
2020-08-18 14:01:36,908|base_page.py[line:69] INFO:Had find the element '  ' successful by xpath via value: //input[@name='description'] 
2020-08-18 14:01:37,461|base_page.py[line:69] INFO:Had find the element '  ' successful by xpath via value: //input[@name='description'] 
2020-08-18 14:01:38,983|base_page.py[line:136] INFO:Had type ' NeTTWq ' in inputBox
2020-08-18 14:01:39,534|base_page.py[line:224] INFO:Had find the elements successful by xpath via value: //div[@class='mb-0 card']//div[@class='rt-table']/div[@class='rt-tbody']//div[@class='rt-td'] 
2020-08-18 14:01:45,468|usm.py[line:51] INFO:capabilityName  not found!
2020-08-18 14:01:46,031|base_page.py[line:69] INFO:Had find the element ' Next ' successful by xpath via value: //button[contains(text(),'Next')] 
2020-08-18 14:01:46,217|base_page.py[line:158] INFO:The element ' Next ' was clicked.
2020-08-18 14:01:46,775|base_page.py[line:69] INFO:Had find the element ' ypxpnm ' successful by xpath via value: //select[@name='availableUsersSelected']/option[1] 
2020-08-18 14:01:47,351|base_page.py[line:69] INFO:Had find the element '  ' successful by xpath via value: //input[@class='form-control'] 
2020-08-18 14:01:47,657|base_page.py[line:136] INFO:Had type ' ypxpnm ' in inputBox
2020-08-18 14:01:48,227|base_page.py[line:69] INFO:Had find the element ' ypxpnm ' successful by xpath via value: //select[@name='availableUsersSelected'] 
2020-08-18 14:01:48,917|base_page.py[line:69] INFO:Had find the element '     Add     ' successful by xpath via value: //button[contains(text(),'Add')] 
2020-08-18 14:01:49,011|base_page.py[line:158] INFO:The element '     Add     ' was clicked.
2020-08-18 14:01:49,572|base_page.py[line:69] INFO:Had find the element ' Finish ' successful by xpath via value: //button[contains(text(),'Finish')] 
2020-08-18 14:01:49,653|base_page.py[line:158] INFO:The element ' Finish ' was clicked.
2020-08-18 14:01:58,869|base_page.py[line:69] INFO:Had find the element '  ' successful by xpath via value: //div[@role='alert'] 
2020-08-18 14:02:00,451|base_page.py[line:69] INFO:Had find the element ' 1336
akk222
akk223 ' successful by xpath via value: //div[@class='card']//div[@class='glo-row']//div[@class='rt-tr-group'][1]/div 
2020-08-18 14:02:00,993|base_page.py[line:69] INFO:Had find the element ' 1336
akk222
akk223 ' successful by xpath via value: //div[@class='card']//div[@class='glo-row']//div[@class='rt-tr-group'][1]/div 
2020-08-18 14:02:03,646|base_page.py[line:69] INFO:Had find the element ' New ' successful by xpath via value: //div[@class='card']//button[text()=' New'] 
2020-08-18 14:02:06,289|base_page.py[line:69] INFO:Had find the element ' 1336
akk222
akk223 ' successful by xpath via value: //div[@class='card']//div[@class='glo-row']//div[@class='rt-tr-group'][1]/div 
2020-08-18 14:02:06,853|base_page.py[line:69] INFO:Had find the element ' 1336
akk222
akk223 ' successful by xpath via value: //div[@class='card']//div[@class='glo-row']//div[@class='rt-tr-group'][1]/div 
2020-08-18 14:02:09,496|base_page.py[line:69] INFO:Had find the element ' 1336
akk222
akk223 ' successful by xpath via value: //div[@class='card']//div[@class='glo-row']//div[@class='rt-tr-group'][1]/div 
2020-08-18 14:02:10,066|base_page.py[line:69] INFO:Had find the element ' 1336
akk222
akk223 ' successful by xpath via value: //div[@class='card']//div[@class='glo-row']//div[@class='rt-tr-group'][1]/div 
2020-08-18 14:02:10,181|base_page.py[line:158] INFO:The element ' 1336
akk222
akk223 ' was clicked.
2020-08-18 14:02:10,789|base_page.py[line:69] INFO:Had find the element ' Inactivate ' successful by xpath via value: //div[@class='card']//button[text()=' Inactivate'] 
2020-08-18 14:02:11,275|base_page.py[line:158] INFO:The element ' Inactivate ' was clicked.
2020-08-18 14:02:11,871|base_page.py[line:69] INFO:Had find the element ' Yes, Inactivate it! ' successful by xpath via value: //button[text()='Yes, Inactivate it!'] 
2020-08-18 14:02:12,147|base_page.py[line:158] INFO:The element ' Yes, Inactivate it! ' was clicked.
