2020-08-18 15:46:05,731|browser_engine.py[line:26] INFO:You had select Chrome browser.
2020-08-18 15:46:05,731|browser_engine.py[line:28] INFO:The test server url is: https://rr-alamo-test.azureedge.net
2020-08-18 15:46:11,196|browser_engine.py[line:42] INFO:Starting Chrome browser.
2020-08-18 15:46:12,443|browser_engine.py[line:56] INFO:Maximize the current window.
2020-08-18 15:46:24,306|browser_engine.py[line:59] INFO:Open url: https://rr-alamo-test.azureedge.net
2020-08-18 15:46:35,275|base_page.py[line:71] ERROR:TimeoutException: selector by xpath ,value xpath=>//div[@class='localAccount']//div[@class='intro']/h2
2020-08-18 15:46:35,844|base_page.py[line:69] INFO:Had find the element ' Sign in with your existing account ' successful by xpath via value: //div[@class='localAccount']//div[@class='intro']/h2 
2020-08-18 15:46:36,433|base_page.py[line:69] INFO:Had find the element '  ' successful by id via value: logonIdentifier 
2020-08-18 15:46:36,516|base_page.py[line:146] INFO:Clear text in input box before typing.
2020-08-18 15:46:37,070|base_page.py[line:69] INFO:Had find the element '  ' successful by id via value: logonIdentifier 
2020-08-18 15:46:37,465|base_page.py[line:136] INFO:Had type ' yan.liu@an-chen.com ' in inputBox
2020-08-18 15:46:38,026|base_page.py[line:69] INFO:Had find the element '  ' successful by id via value: password 
2020-08-18 15:46:38,099|base_page.py[line:146] INFO:Clear text in input box before typing.
2020-08-18 15:46:38,626|base_page.py[line:69] INFO:Had find the element '  ' successful by id via value: password 
2020-08-18 15:46:38,974|base_page.py[line:136] INFO:Had type ' Lychan@2012 ' in inputBox
2020-08-18 15:46:39,527|base_page.py[line:69] INFO:Had find the element ' Sign in ' successful by xpath via value: //div[@class='buttons']/button[text()='Sign in'] 
2020-08-18 15:46:43,243|base_page.py[line:69] INFO:Had find the element ' Welcome, yanliu ' successful by xpath via value: //div[@id='root']//div[@class='content-heading'] 
2020-08-18 15:46:43,244|login.py[line:41] INFO:login success
2020-08-18 15:46:45,879|base_page.py[line:69] INFO:Had find the element ' MANAGE ' successful by id via value: manage 
2020-08-18 15:46:45,966|base_page.py[line:158] INFO:The element ' MANAGE ' was clicked.
2020-08-18 15:46:46,499|base_page.py[line:224] INFO:Had find the elements successful by xpath via value: //ul[@class='dropdown-menu multi-level show']/li/a 
2020-08-18 15:46:47,064|base_page.py[line:69] INFO:Had find the element ' Authorization Management ' successful by xpath via value: //ul[@class='dropdown-menu multi-level show']/li[1]/a 
2020-08-18 15:46:47,241|base_page.py[line:158] INFO:The element ' Authorization Management ' was clicked.
2020-08-18 15:46:47,242|topMenu.py[line:70] INFO:second_menu: Authorization Management
2020-08-18 15:46:48,794|base_page.py[line:69] INFO:Had find the element ' New ' successful by xpath via value: //div[@class='card']//button[text()=' New'] 
2020-08-18 15:46:48,996|base_page.py[line:158] INFO:The element ' New ' was clicked.
2020-08-18 15:46:49,532|base_page.py[line:69] INFO:Had find the element '  ' successful by xpath via value: //input[@name='name'] 
2020-08-18 15:46:49,672|base_page.py[line:158] INFO:The element '  ' was clicked.
2020-08-18 15:46:50,200|base_page.py[line:69] INFO:Had find the element '  ' successful by xpath via value: //input[@name='name'] 
2020-08-18 15:46:50,870|base_page.py[line:69] INFO:Had find the element '  ' successful by xpath via value: //input[@name='name'] 
2020-08-18 15:46:51,468|base_page.py[line:69] INFO:Had find the element '  ' successful by xpath via value: //input[@name='name'] 
2020-08-18 15:46:51,752|base_page.py[line:136] INFO:Had type ' lNircR ' in inputBox
2020-08-18 15:46:52,338|base_page.py[line:69] INFO:Had find the element '  ' successful by xpath via value: //input[@name='description'] 
2020-08-18 15:46:52,461|base_page.py[line:158] INFO:The element '  ' was clicked.
2020-08-18 15:46:53,000|base_page.py[line:69] INFO:Had find the element '  ' successful by xpath via value: //input[@name='description'] 
2020-08-18 15:46:53,589|base_page.py[line:69] INFO:Had find the element '  ' successful by xpath via value: //input[@name='description'] 
2020-08-18 15:46:54,179|base_page.py[line:69] INFO:Had find the element '  ' successful by xpath via value: //input[@name='description'] 
2020-08-18 15:46:54,574|base_page.py[line:136] INFO:Had type ' kiqByy ' in inputBox
2020-08-18 15:47:05,177|base_page.py[line:226] ERROR:TimeoutException: selector by xpath ,value //div[@class='mb-0 card']//div[@class='rt-table']/div[@class='rt-tbody']//div[@class='rt-td']
