2020-08-18 08:40:53,746|browser_engine.py[line:26] INFO:You had select Chrome browser.
2020-08-18 08:40:53,747|browser_engine.py[line:28] INFO:The test server url is: https://rr-alamo-test.azureedge.net
2020-08-18 08:40:56,491|browser_engine.py[line:42] INFO:Starting Chrome browser.
2020-08-18 08:40:57,632|browser_engine.py[line:56] INFO:Maximize the current window.
2020-08-18 08:41:03,517|browser_engine.py[line:59] INFO:Open url: https://rr-alamo-test.azureedge.net
2020-08-18 08:41:14,076|base_page.py[line:71] ERROR:TimeoutException: selector by xpath ,value xpath=>//div[@class='localAccount']//div[@class='intro']/h2
2020-08-18 08:41:14,643|base_page.py[line:69] INFO:Had find the element ' Sign in with your existing account ' successful by xpath via value: //div[@class='localAccount']//div[@class='intro']/h2 
2020-08-18 08:41:15,226|base_page.py[line:69] INFO:Had find the element '  ' successful by id via value: logonIdentifier 
2020-08-18 08:41:15,301|base_page.py[line:146] INFO:Clear text in input box before typing.
2020-08-18 08:41:15,836|base_page.py[line:69] INFO:Had find the element '  ' successful by id via value: logonIdentifier 
2020-08-18 08:41:16,000|base_page.py[line:136] INFO:Had type ' yan.liu@an-chen.com ' in inputBox
2020-08-18 08:41:16,561|base_page.py[line:69] INFO:Had find the element '  ' successful by id via value: password 
2020-08-18 08:41:16,627|base_page.py[line:146] INFO:Clear text in input box before typing.
2020-08-18 08:41:17,150|base_page.py[line:69] INFO:Had find the element '  ' successful by id via value: password 
2020-08-18 08:41:17,276|base_page.py[line:136] INFO:Had type ' Lychan@2012 ' in inputBox
2020-08-18 08:41:17,822|base_page.py[line:69] INFO:Had find the element ' Sign in ' successful by xpath via value: //div[@class='buttons']/button[text()='Sign in'] 
2020-08-18 08:41:21,461|base_page.py[line:69] INFO:Had find the element ' Welcome, yanliu ' successful by xpath via value: //div[@id='root']//div[@class='content-heading'] 
2020-08-18 08:41:21,461|login.py[line:41] INFO:login success
2020-08-18 08:41:24,048|base_page.py[line:69] INFO:Had find the element ' MANAGE ' successful by id via value: manage 
2020-08-18 08:41:24,126|base_page.py[line:158] INFO:The element ' MANAGE ' was clicked.
2020-08-18 08:41:24,657|base_page.py[line:224] INFO:Had find the elements successful by xpath via value: //ul[@class='dropdown-menu multi-level show']/li/a 
2020-08-18 08:41:25,204|base_page.py[line:69] INFO:Had find the element ' Authorization Management ' successful by xpath via value: //ul[@class='dropdown-menu multi-level show']/li[1]/a 
2020-08-18 08:41:25,322|base_page.py[line:158] INFO:The element ' Authorization Management ' was clicked.
2020-08-18 08:41:25,322|topMenu.py[line:70] INFO:second_menu: Authorization Management
2020-08-18 08:41:26,893|base_page.py[line:69] INFO:Had find the element ' New ' successful by xpath via value: //div[@class='card']//button[text()=' New'] 
2020-08-18 08:41:27,056|base_page.py[line:158] INFO:The element ' New ' was clicked.
2020-08-18 08:41:27,595|base_page.py[line:69] INFO:Had find the element '  ' successful by xpath via value: //input[@name='name'] 
2020-08-18 08:41:27,722|base_page.py[line:158] INFO:The element '  ' was clicked.
2020-08-18 08:41:28,270|base_page.py[line:69] INFO:Had find the element '  ' successful by xpath via value: //input[@name='name'] 
2020-08-18 08:41:28,859|base_page.py[line:69] INFO:Had find the element '  ' successful by xpath via value: //input[@name='name'] 
2020-08-18 08:41:29,412|base_page.py[line:69] INFO:Had find the element '  ' successful by xpath via value: //input[@name='name'] 
2020-08-18 08:41:29,629|base_page.py[line:136] INFO:Had type ' x2eCF3 ' in inputBox
2020-08-18 08:41:30,164|base_page.py[line:69] INFO:Had find the element '  ' successful by xpath via value: //input[@name='description'] 
2020-08-18 08:41:30,277|base_page.py[line:158] INFO:The element '  ' was clicked.
2020-08-18 08:41:30,825|base_page.py[line:69] INFO:Had find the element '  ' successful by xpath via value: //input[@name='description'] 
2020-08-18 08:41:31,386|base_page.py[line:69] INFO:Had find the element '  ' successful by xpath via value: //input[@name='description'] 
2020-08-18 08:41:31,939|base_page.py[line:69] INFO:Had find the element '  ' successful by xpath via value: //input[@name='description'] 
2020-08-18 08:41:32,089|base_page.py[line:136] INFO:Had type ' Nf6aDt ' in inputBox
2020-08-18 08:41:42,928|base_page.py[line:226] ERROR:TimeoutException: selector by xpath ,value //div[@class='mb-0 card']//div[@class='rt-table']/div[@class='rt-tbody']//div[@class='rt-td']
2020-08-18 08:41:54,461|base_page.py[line:71] ERROR:TimeoutException: selector by id ,value id=>alano-glo-brand-logo
2020-08-18 08:41:55,014|base_page.py[line:69] INFO:Had find the element '  ' successful by id via value: alano-glo-brand-logo 
2020-08-18 08:41:55,176|base_page.py[line:158] INFO:The element '  ' was clicked.
2020-08-18 08:42:05,985|base_page.py[line:71] ERROR:TimeoutException: selector by xpath ,value xpath=>//div[@class='header-badge-glo']
2020-08-18 08:42:06,541|base_page.py[line:69] INFO:Had find the element ' Y ' successful by xpath via value: //div[@class='header-badge-glo'] 
2020-08-18 08:42:06,648|base_page.py[line:158] INFO:The element ' Y ' was clicked.
2020-08-18 08:42:07,207|base_page.py[line:69] INFO:Had find the element ' Logout ' successful by xpath via value: //a[text()='Logout'] 
2020-08-18 08:42:09,712|base_page.py[line:158] INFO:The element ' Logout ' was clicked.
2020-08-18 08:42:11,315|base_page.py[line:69] INFO:Had find the element ' Sign in with your existing account ' successful by xpath via value: //div[@class='localAccount']//div[@class='intro']/h2 
2020-08-18 08:42:11,325|login.py[line:56] INFO:logout success
2020-08-18 08:42:22,238|base_page.py[line:71] ERROR:TimeoutException: selector by xpath ,value xpath=>//div[@class='localAccount']//div[@class='intro']/h2
2020-08-18 08:42:22,773|base_page.py[line:69] INFO:Had find the element ' Sign in with your existing account ' successful by xpath via value: //div[@class='localAccount']//div[@class='intro']/h2 
2020-08-18 08:42:23,348|base_page.py[line:69] INFO:Had find the element '  ' successful by id via value: logonIdentifier 
2020-08-18 08:42:23,392|base_page.py[line:146] INFO:Clear text in input box before typing.
2020-08-18 08:42:23,926|base_page.py[line:69] INFO:Had find the element '  ' successful by id via value: logonIdentifier 
2020-08-18 08:42:24,092|base_page.py[line:136] INFO:Had type ' 1925719012@qq.com ' in inputBox
2020-08-18 08:42:24,634|base_page.py[line:69] INFO:Had find the element '  ' successful by id via value: password 
2020-08-18 08:42:24,676|base_page.py[line:146] INFO:Clear text in input box before typing.
2020-08-18 08:42:25,246|base_page.py[line:69] INFO:Had find the element '  ' successful by id via value: password 
2020-08-18 08:42:25,374|base_page.py[line:136] INFO:Had type ' Abc1234% ' in inputBox
2020-08-18 08:42:26,108|base_page.py[line:69] INFO:Had find the element ' Sign in ' successful by xpath via value: //div[@class='buttons']/button[text()='Sign in'] 
