2020-08-18 14:13:16,955|browser_engine.py[line:26] INFO:You had select Chrome browser.
2020-08-18 14:13:16,955|browser_engine.py[line:28] INFO:The test server url is: https://rr-alamo-test.azureedge.net
2020-08-18 14:13:21,445|browser_engine.py[line:42] INFO:Starting Chrome browser.
2020-08-18 14:13:22,617|browser_engine.py[line:56] INFO:Maximize the current window.
2020-08-18 14:13:27,496|browser_engine.py[line:59] INFO:Open url: https://rr-alamo-test.azureedge.net
2020-08-18 14:13:48,417|browser_engine.py[line:26] INFO:You had select Chrome browser.
2020-08-18 14:13:48,417|browser_engine.py[line:28] INFO:The test server url is: https://rr-alamo-test.azureedge.net
2020-08-18 14:13:52,125|browser_engine.py[line:42] INFO:Starting Chrome browser.
2020-08-18 14:13:53,271|browser_engine.py[line:56] INFO:Maximize the current window.
2020-08-18 14:14:02,191|browser_engine.py[line:59] INFO:Open url: https://rr-alamo-test.azureedge.net
2020-08-18 14:14:12,947|base_page.py[line:71] ERROR:TimeoutException: selector by xpath ,value xpath=>//div[@class='localAccount']//div[@class='intro']/h2
2020-08-18 14:14:13,501|base_page.py[line:69] INFO:Had find the element ' Sign in with your existing account ' successful by xpath via value: //div[@class='localAccount']//div[@class='intro']/h2 
2020-08-18 14:14:14,071|base_page.py[line:69] INFO:Had find the element '  ' successful by id via value: logonIdentifier 
2020-08-18 14:14:14,145|base_page.py[line:146] INFO:Clear text in input box before typing.
2020-08-18 14:14:14,679|base_page.py[line:69] INFO:Had find the element '  ' successful by id via value: logonIdentifier 
2020-08-18 14:14:14,852|base_page.py[line:136] INFO:Had type ' yan.liu@an-chen.com ' in inputBox
2020-08-18 14:14:15,407|base_page.py[line:69] INFO:Had find the element '  ' successful by id via value: password 
2020-08-18 14:14:15,447|base_page.py[line:146] INFO:Clear text in input box before typing.
2020-08-18 14:14:15,976|base_page.py[line:69] INFO:Had find the element '  ' successful by id via value: password 
2020-08-18 14:14:16,170|base_page.py[line:136] INFO:Had type ' Lychan@2012 ' in inputBox
2020-08-18 14:14:16,727|base_page.py[line:69] INFO:Had find the element ' Sign in ' successful by xpath via value: //div[@class='buttons']/button[text()='Sign in'] 
2020-08-18 14:14:21,786|base_page.py[line:69] INFO:Had find the element ' Welcome, yanliu ' successful by xpath via value: //div[@id='root']//div[@class='content-heading'] 
2020-08-18 14:14:21,787|login.py[line:41] INFO:login success
2020-08-18 14:14:24,402|base_page.py[line:69] INFO:Had find the element ' MANAGE ' successful by id via value: manage 
2020-08-18 14:14:24,494|base_page.py[line:158] INFO:The element ' MANAGE ' was clicked.
2020-08-18 14:14:25,010|base_page.py[line:224] INFO:Had find the elements successful by xpath via value: //ul[@class='dropdown-menu multi-level show']/li/a 
2020-08-18 14:14:25,570|base_page.py[line:69] INFO:Had find the element ' Authorization Management ' successful by xpath via value: //ul[@class='dropdown-menu multi-level show']/li[1]/a 
2020-08-18 14:14:25,715|base_page.py[line:158] INFO:The element ' Authorization Management ' was clicked.
2020-08-18 14:14:25,716|topMenu.py[line:70] INFO:second_menu: Authorization Management
2020-08-18 14:14:27,273|base_page.py[line:69] INFO:Had find the element ' New ' successful by xpath via value: //div[@class='card']//button[text()=' New'] 
2020-08-18 14:14:27,475|base_page.py[line:158] INFO:The element ' New ' was clicked.
2020-08-18 14:14:28,144|base_page.py[line:69] INFO:Had find the element '  ' successful by xpath via value: //input[@name='name'] 
2020-08-18 14:14:28,296|base_page.py[line:158] INFO:The element '  ' was clicked.
2020-08-18 14:14:28,995|base_page.py[line:69] INFO:Had find the element '  ' successful by xpath via value: //input[@name='name'] 
2020-08-18 14:14:31,106|base_page.py[line:69] INFO:Had find the element '  ' successful by xpath via value: //input[@name='name'] 
2020-08-18 14:14:31,663|base_page.py[line:69] INFO:Had find the element '  ' successful by xpath via value: //input[@name='name'] 
2020-08-18 14:14:33,052|base_page.py[line:136] INFO:Had type ' qWMHZt ' in inputBox
2020-08-18 14:14:33,612|base_page.py[line:69] INFO:Had find the element '  ' successful by xpath via value: //input[@name='description'] 
2020-08-18 14:14:33,689|base_page.py[line:158] INFO:The element '  ' was clicked.
2020-08-18 14:14:34,235|base_page.py[line:69] INFO:Had find the element '  ' successful by xpath via value: //input[@name='description'] 
2020-08-18 14:14:34,787|base_page.py[line:69] INFO:Had find the element '  ' successful by xpath via value: //input[@name='description'] 
2020-08-18 14:14:35,344|base_page.py[line:69] INFO:Had find the element '  ' successful by xpath via value: //input[@name='description'] 
2020-08-18 14:14:37,187|base_page.py[line:136] INFO:Had type ' 8Coky7 ' in inputBox
2020-08-18 14:14:37,737|base_page.py[line:69] INFO:Had find the element '  ' successful by xpath via value: //input[@class='form-control'] 
2020-08-18 14:14:37,873|base_page.py[line:158] INFO:The element '  ' was clicked.
2020-08-18 14:14:38,428|base_page.py[line:69] INFO:Had find the element '  ' successful by xpath via value: //input[@class='form-control'] 
2020-08-18 14:14:38,981|base_page.py[line:69] INFO:Had find the element '  ' successful by xpath via value: //input[@class='form-control'] 
2020-08-18 14:14:39,547|base_page.py[line:69] INFO:Had find the element '  ' successful by xpath via value: //input[@class='form-control'] 
2020-08-18 14:14:39,610|base_page.py[line:136] INFO:Had type '  ' in inputBox
2020-08-18 14:14:40,160|base_page.py[line:224] INFO:Had find the elements successful by xpath via value: //div[@class='mb-0 card']//div[@class='rt-table']/div[@class='rt-tbody']//div[@class='rt-td'] 
2020-08-18 14:14:45,510|usm.py[line:56] INFO:capabilityName  not found!
2020-08-18 14:14:46,071|base_page.py[line:69] INFO:Had find the element ' Next ' successful by xpath via value: //button[contains(text(),'Next')] 
2020-08-18 14:14:46,229|base_page.py[line:158] INFO:The element ' Next ' was clicked.
2020-08-18 14:14:46,767|base_page.py[line:69] INFO:Had find the element ' ypxpnm ' successful by xpath via value: //select[@name='availableUsersSelected']/option[1] 
2020-08-18 14:14:47,315|base_page.py[line:69] INFO:Had find the element '  ' successful by xpath via value: //input[@class='form-control'] 
2020-08-18 14:14:47,619|base_page.py[line:136] INFO:Had type ' ypxpnm ' in inputBox
2020-08-18 14:14:48,179|base_page.py[line:69] INFO:Had find the element ' ypxpnm ' successful by xpath via value: //select[@name='availableUsersSelected'] 
2020-08-18 14:14:48,858|base_page.py[line:69] INFO:Had find the element '     Add     ' successful by xpath via value: //button[contains(text(),'Add')] 
2020-08-18 14:14:48,936|base_page.py[line:158] INFO:The element '     Add     ' was clicked.
2020-08-18 14:14:49,491|base_page.py[line:69] INFO:Had find the element ' Finish ' successful by xpath via value: //button[contains(text(),'Finish')] 
2020-08-18 14:14:49,568|base_page.py[line:158] INFO:The element ' Finish ' was clicked.
2020-08-18 14:14:54,170|base_page.py[line:69] INFO:Had find the element ' Role: qWMHZt created successfully. ' successful by xpath via value: //div[@role='alert'] 
2020-08-18 14:14:55,793|base_page.py[line:69] INFO:Had find the element ' 1338
Rxqj4A
CRKSKj ' successful by xpath via value: //div[@class='card']//div[@class='glo-row']//div[@class='rt-tr-group'][1]/div 
2020-08-18 14:14:56,386|base_page.py[line:69] INFO:Had find the element ' 1338
Rxqj4A
CRKSKj ' successful by xpath via value: //div[@class='card']//div[@class='glo-row']//div[@class='rt-tr-group'][1]/div 
2020-08-18 14:14:59,169|base_page.py[line:69] INFO:Had find the element ' New ' successful by xpath via value: //div[@class='card']//button[text()=' New'] 
2020-08-18 14:15:00,715|base_page.py[line:158] INFO:The element ' New ' was clicked.
2020-08-18 14:15:01,272|base_page.py[line:69] INFO:Had find the element '  ' successful by xpath via value: //input[@name='name'] 
2020-08-18 14:15:01,430|base_page.py[line:158] INFO:The element '  ' was clicked.
2020-08-18 14:15:01,964|base_page.py[line:69] INFO:Had find the element '  ' successful by xpath via value: //input[@name='name'] 
2020-08-18 14:15:02,527|base_page.py[line:69] INFO:Had find the element '  ' successful by xpath via value: //input[@name='name'] 
2020-08-18 14:15:03,096|base_page.py[line:69] INFO:Had find the element '  ' successful by xpath via value: //input[@name='name'] 
2020-08-18 14:15:04,951|base_page.py[line:136] INFO:Had type ' j1wqmA ' in inputBox
2020-08-18 14:15:05,510|base_page.py[line:69] INFO:Had find the element '  ' successful by xpath via value: //input[@name='description'] 
2020-08-18 14:15:05,603|base_page.py[line:158] INFO:The element '  ' was clicked.
2020-08-18 14:15:06,217|base_page.py[line:69] INFO:Had find the element '  ' successful by xpath via value: //input[@name='description'] 
2020-08-18 14:15:07,427|base_page.py[line:69] INFO:Had find the element '  ' successful by xpath via value: //input[@name='description'] 
2020-08-18 14:15:07,983|base_page.py[line:69] INFO:Had find the element '  ' successful by xpath via value: //input[@name='description'] 
2020-08-18 14:15:09,276|base_page.py[line:136] INFO:Had type ' 7yeizX ' in inputBox
2020-08-18 14:15:09,841|base_page.py[line:69] INFO:Had find the element '  ' successful by xpath via value: //input[@class='form-control'] 
2020-08-18 14:15:09,987|base_page.py[line:158] INFO:The element '  ' was clicked.
2020-08-18 14:15:10,523|base_page.py[line:69] INFO:Had find the element '  ' successful by xpath via value: //input[@class='form-control'] 
2020-08-18 14:15:11,118|base_page.py[line:69] INFO:Had find the element '  ' successful by xpath via value: //input[@class='form-control'] 
2020-08-18 14:15:11,726|base_page.py[line:69] INFO:Had find the element '  ' successful by xpath via value: //input[@class='form-control'] 
2020-08-18 14:15:12,909|base_page.py[line:136] INFO:Had type ' Business Entity ' in inputBox
2020-08-18 14:15:13,439|base_page.py[line:224] INFO:Had find the elements successful by xpath via value: //div[@class='mb-0 card']//div[@class='rt-table']/div[@class='rt-tbody']//div[@class='rt-td'] 
2020-08-18 14:15:14,024|base_page.py[line:69] INFO:Had find the element '  ' successful by xpath via value: //div[@class='modal fade show']//div[@class='glo-row']//input[@id='canRead_0'] 
2020-08-18 14:15:14,130|base_page.py[line:158] INFO:The element '  ' was clicked.
2020-08-18 14:15:14,683|base_page.py[line:69] INFO:Had find the element '  ' successful by xpath via value: //div[@class='modal fade show']//div[@class='glo-row']//input[@id='canUpdate_0'] 
2020-08-18 14:15:14,797|base_page.py[line:158] INFO:The element '  ' was clicked.
2020-08-18 14:15:15,347|base_page.py[line:69] INFO:Had find the element '  ' successful by xpath via value: //div[@class='modal fade show']//div[@class='glo-row']//input[@id='canCreate_0'] 
2020-08-18 14:15:15,452|base_page.py[line:158] INFO:The element '  ' was clicked.
2020-08-18 14:15:15,989|base_page.py[line:69] INFO:Had find the element '  ' successful by xpath via value: //div[@class='modal fade show']//div[@class='glo-row']//input[@id='canDelete_0'] 
2020-08-18 14:15:16,108|base_page.py[line:158] INFO:The element '  ' was clicked.
2020-08-18 14:15:16,662|base_page.py[line:69] INFO:Had find the element '  ' successful by xpath via value: //div[@class='modal fade show']//div[@class='glo-row']//input[@id='canMassUpdate_0'] 
2020-08-18 14:15:16,759|base_page.py[line:158] INFO:The element '  ' was clicked.
2020-08-18 14:15:17,738|base_page.py[line:69] INFO:Had find the element ' Users ' successful by xpath via value: //div[@class='mb-0 card']//li/a[text()='Users'] 
2020-08-18 14:15:17,870|base_page.py[line:158] INFO:The element ' Users ' was clicked.
2020-08-18 14:15:18,460|base_page.py[line:69] INFO:Had find the element ' ypxpnm ' successful by xpath via value: //select[@name='availableUsersSelected']/option[1] 
2020-08-18 14:15:18,994|base_page.py[line:69] INFO:Had find the element ' ypxpnm ' successful by xpath via value: //select[@name='availableUsersSelected']/option[1] 
2020-08-18 14:15:19,069|base_page.py[line:158] INFO:The element ' ypxpnm ' was clicked.
2020-08-18 14:15:19,627|base_page.py[line:69] INFO:Had find the element ' 63h8xi ' successful by xpath via value: //select[@name='availableUsersSelected']/option[2] 
2020-08-18 14:15:20,184|base_page.py[line:69] INFO:Had find the element ' 63h8xi ' successful by xpath via value: //select[@name='availableUsersSelected']/option[2] 
2020-08-18 14:15:20,264|base_page.py[line:158] INFO:The element ' 63h8xi ' was clicked.
2020-08-18 14:15:20,815|base_page.py[line:69] INFO:Had find the element '     Add     ' successful by xpath via value: //button[contains(text(),'Add')] 
2020-08-18 14:15:20,935|base_page.py[line:158] INFO:The element '     Add     ' was clicked.
2020-08-18 14:15:21,491|base_page.py[line:69] INFO:Had find the element ' Finish ' successful by xpath via value: //button[contains(text(),'Finish')] 
2020-08-18 14:15:21,560|base_page.py[line:158] INFO:The element ' Finish ' was clicked.
2020-08-18 14:15:26,100|base_page.py[line:69] INFO:Had find the element ' Role: j1wqmA created successfully. ' successful by xpath via value: //div[@role='alert'] 
2020-08-18 14:15:27,663|base_page.py[line:69] INFO:Had find the element ' 1338
Rxqj4A
CRKSKj ' successful by xpath via value: //div[@class='card']//div[@class='glo-row']//div[@class='rt-tr-group'][1]/div 
2020-08-18 14:15:28,212|base_page.py[line:69] INFO:Had find the element ' 1338
Rxqj4A
CRKSKj ' successful by xpath via value: //div[@class='card']//div[@class='glo-row']//div[@class='rt-tr-group'][1]/div 
2020-08-18 14:15:30,860|base_page.py[line:69] INFO:Had find the element ' 1338
Rxqj4A
CRKSKj ' successful by xpath via value: //div[@class='card']//div[@class='glo-row']//div[@class='rt-tr-group'][1]/div 
2020-08-18 14:15:31,398|base_page.py[line:69] INFO:Had find the element ' 1338
Rxqj4A
CRKSKj ' successful by xpath via value: //div[@class='card']//div[@class='glo-row']//div[@class='rt-tr-group'][1]/div 
2020-08-18 14:15:43,089|base_page.py[line:71] ERROR:TimeoutException: selector by xpath ,value xpath=>//div[@class='card']//li/a[text()='Users']
2020-08-18 14:15:43,663|base_page.py[line:69] INFO:Had find the element ' Users ' successful by xpath via value: //div[@class='card']//li/a[text()='Users'] 
2020-08-18 14:15:44,274|base_page.py[line:158] INFO:The element ' Users ' was clicked.
2020-08-18 14:15:46,392|base_page.py[line:69] INFO:Had find the element ' HlPchI
UXtzbw
ypxpnm
Changsha
Professional Services ' successful by xpath via value: //div[@class='card']//div[@class='glo-row']//div[@class='rt-tr-group'][1]/div 
2020-08-18 14:15:46,961|base_page.py[line:69] INFO:Had find the element ' HlPchI
UXtzbw
ypxpnm
Changsha
Professional Services ' successful by xpath via value: //div[@class='card']//div[@class='glo-row']//div[@class='rt-tr-group'][1]/div 
2020-08-18 14:15:47,060|base_page.py[line:158] INFO:The element ' HlPchI
UXtzbw
ypxpnm
Changsha
Professional Services ' was clicked.
2020-08-18 14:15:47,604|base_page.py[line:69] INFO:Had find the element ' Edit ' successful by xpath via value: //div[@class='card']//button[text()=' Edit'] 
2020-08-18 14:15:47,791|base_page.py[line:158] INFO:The element ' Edit ' was clicked.
2020-08-18 14:15:48,348|base_page.py[line:69] INFO:Had find the element '  ' successful by xpath via value: //input[@name='userName'] 
2020-08-18 14:15:48,453|base_page.py[line:158] INFO:The element '  ' was clicked.
2020-08-18 14:15:48,978|base_page.py[line:69] INFO:Had find the element '  ' successful by xpath via value: //input[@name='userName'] 
2020-08-18 14:15:49,734|base_page.py[line:69] INFO:Had find the element '  ' successful by xpath via value: //input[@name='userName'] 
2020-08-18 14:15:50,395|base_page.py[line:69] INFO:Had find the element '  ' successful by xpath via value: //input[@name='userName'] 
2020-08-18 14:15:50,773|base_page.py[line:136] INFO:Had type ' jhVdsd ' in inputBox
2020-08-18 14:15:51,325|base_page.py[line:69] INFO:Had find the element '  ' successful by xpath via value: //input[@name='firstName'] 
2020-08-18 14:15:51,409|base_page.py[line:158] INFO:The element '  ' was clicked.
2020-08-18 14:15:51,960|base_page.py[line:69] INFO:Had find the element '  ' successful by xpath via value: //input[@name='firstName'] 
2020-08-18 14:15:52,525|base_page.py[line:69] INFO:Had find the element '  ' successful by xpath via value: //input[@name='firstName'] 
2020-08-18 14:15:53,096|base_page.py[line:69] INFO:Had find the element '  ' successful by xpath via value: //input[@name='firstName'] 
2020-08-18 14:15:53,293|base_page.py[line:136] INFO:Had type ' MsrWAA ' in inputBox
2020-08-18 14:15:53,858|base_page.py[line:69] INFO:Had find the element '  ' successful by xpath via value: //input[@name='lastName'] 
2020-08-18 14:15:53,961|base_page.py[line:158] INFO:The element '  ' was clicked.
2020-08-18 14:15:54,558|base_page.py[line:69] INFO:Had find the element '  ' successful by xpath via value: //input[@name='lastName'] 
2020-08-18 14:15:55,170|base_page.py[line:69] INFO:Had find the element '  ' successful by xpath via value: //input[@name='lastName'] 
2020-08-18 14:15:55,742|base_page.py[line:69] INFO:Had find the element '  ' successful by xpath via value: //input[@name='lastName'] 
2020-08-18 14:15:55,923|base_page.py[line:136] INFO:Had type ' Dhe2xS ' in inputBox
2020-08-18 14:15:56,478|base_page.py[line:69] INFO:Had find the element ' j1wqmA ' successful by xpath via value: //select[@name='availableRolesSelected']/option[1] 
2020-08-18 14:15:57,043|base_page.py[line:69] INFO:Had find the element '  ' successful by xpath via value: //input[@class='form-control'] 
2020-08-18 14:15:57,263|base_page.py[line:136] INFO:Had type ' j1wqmA ' in inputBox
2020-08-18 14:15:57,795|base_page.py[line:69] INFO:Had find the element ' j1wqmA ' successful by xpath via value: //select[@name='availableRolesSelected'] 
2020-08-18 14:15:58,464|base_page.py[line:69] INFO:Had find the element '     Add     ' successful by xpath via value: //button[contains(text(),'Add')] 
2020-08-18 14:15:58,569|base_page.py[line:158] INFO:The element '     Add     ' was clicked.
2020-08-18 14:15:59,121|base_page.py[line:69] INFO:Had find the element ' Finish ' successful by xpath via value: //button[contains(text(),'Finish')] 
2020-08-18 14:15:59,193|base_page.py[line:158] INFO:The element ' Finish ' was clicked.
2020-08-18 14:16:04,008|base_page.py[line:69] INFO:Had find the element ' User: jhVdsd updated successfully. ' successful by xpath via value: //div[@role='alert'] 
