2020-08-18 15:49:27,592|browser_engine.py[line:26] INFO:You had select Chrome browser.
2020-08-18 15:49:27,592|browser_engine.py[line:28] INFO:The test server url is: https://rr-alamo-test.azureedge.net
2020-08-18 15:49:31,981|browser_engine.py[line:42] INFO:Starting Chrome browser.
2020-08-18 15:49:33,281|browser_engine.py[line:56] INFO:Maximize the current window.
2020-08-18 15:50:06,547|browser_engine.py[line:59] INFO:Open url: https://rr-alamo-test.azureedge.net
2020-08-18 15:50:17,121|base_page.py[line:71] ERROR:TimeoutException: selector by xpath ,value xpath=>//div[@class='localAccount']//div[@class='intro']/h2
2020-08-18 15:50:17,668|base_page.py[line:69] INFO:Had find the element ' Sign in with your existing account ' successful by xpath via value: //div[@class='localAccount']//div[@class='intro']/h2 
2020-08-18 15:50:18,264|base_page.py[line:69] INFO:Had find the element '  ' successful by id via value: logonIdentifier 
2020-08-18 15:50:18,327|base_page.py[line:146] INFO:Clear text in input box before typing.
2020-08-18 15:50:18,870|base_page.py[line:69] INFO:Had find the element '  ' successful by id via value: logonIdentifier 
2020-08-18 15:50:19,733|base_page.py[line:136] INFO:Had type ' yan.liu@an-chen.com ' in inputBox
2020-08-18 15:50:20,275|base_page.py[line:69] INFO:Had find the element '  ' successful by id via value: password 
2020-08-18 15:50:20,342|base_page.py[line:146] INFO:Clear text in input box before typing.
2020-08-18 15:50:21,090|base_page.py[line:69] INFO:Had find the element '  ' successful by id via value: password 
2020-08-18 15:50:21,604|base_page.py[line:136] INFO:Had type ' Lychan@2012 ' in inputBox
2020-08-18 15:50:22,164|base_page.py[line:69] INFO:Had find the element ' Sign in ' successful by xpath via value: //div[@class='buttons']/button[text()='Sign in'] 
2020-08-18 15:50:27,653|base_page.py[line:69] INFO:Had find the element ' Welcome, yanliu ' successful by xpath via value: //div[@id='root']//div[@class='content-heading'] 
2020-08-18 15:50:27,654|login.py[line:41] INFO:login success
2020-08-18 15:50:30,308|base_page.py[line:69] INFO:Had find the element ' MANAGE ' successful by id via value: manage 
2020-08-18 15:50:30,429|base_page.py[line:158] INFO:The element ' MANAGE ' was clicked.
2020-08-18 15:50:30,949|base_page.py[line:224] INFO:Had find the elements successful by xpath via value: //ul[@class='dropdown-menu multi-level show']/li/a 
2020-08-18 15:50:31,502|base_page.py[line:69] INFO:Had find the element ' Authorization Management ' successful by xpath via value: //ul[@class='dropdown-menu multi-level show']/li[1]/a 
2020-08-18 15:50:31,696|base_page.py[line:158] INFO:The element ' Authorization Management ' was clicked.
2020-08-18 15:50:31,697|topMenu.py[line:70] INFO:second_menu: Authorization Management
2020-08-18 15:50:33,281|base_page.py[line:69] INFO:Had find the element ' New ' successful by xpath via value: //div[@class='card']//button[text()=' New'] 
2020-08-18 15:50:33,556|base_page.py[line:158] INFO:The element ' New ' was clicked.
2020-08-18 15:50:34,106|base_page.py[line:69] INFO:Had find the element '  ' successful by xpath via value: //input[@name='name'] 
2020-08-18 15:50:34,274|base_page.py[line:158] INFO:The element '  ' was clicked.
2020-08-18 15:50:34,803|base_page.py[line:69] INFO:Had find the element '  ' successful by xpath via value: //input[@name='name'] 
2020-08-18 15:50:35,377|base_page.py[line:69] INFO:Had find the element '  ' successful by xpath via value: //input[@name='name'] 
2020-08-18 15:50:36,032|base_page.py[line:69] INFO:Had find the element '  ' successful by xpath via value: //input[@name='name'] 
2020-08-18 15:50:36,350|base_page.py[line:136] INFO:Had type ' WStdw0 ' in inputBox
2020-08-18 15:50:36,927|base_page.py[line:69] INFO:Had find the element '  ' successful by xpath via value: //input[@name='description'] 
2020-08-18 15:50:37,056|base_page.py[line:158] INFO:The element '  ' was clicked.
2020-08-18 15:50:38,536|base_page.py[line:69] INFO:Had find the element '  ' successful by xpath via value: //input[@name='description'] 
2020-08-18 15:50:39,171|base_page.py[line:69] INFO:Had find the element '  ' successful by xpath via value: //input[@name='description'] 
2020-08-18 15:50:40,342|base_page.py[line:69] INFO:Had find the element '  ' successful by xpath via value: //input[@name='description'] 
2020-08-18 15:50:41,914|base_page.py[line:136] INFO:Had type ' uKIxa5 ' in inputBox
2020-08-18 15:50:42,474|base_page.py[line:224] INFO:Had find the elements successful by xpath via value: //div[@class='mb-0 card']//div[@class='rt-table']/div[@class='rt-tbody']//div[@class='rt-td'] 
2020-08-18 15:50:49,572|usm.py[line:56] INFO:capabilityName  not found!
2020-08-18 15:50:50,133|base_page.py[line:69] INFO:Had find the element ' Next ' successful by xpath via value: //button[contains(text(),'Next')] 
2020-08-18 15:50:50,351|base_page.py[line:158] INFO:The element ' Next ' was clicked.
2020-08-18 15:50:50,908|base_page.py[line:69] INFO:Had find the element ' bvwxj7 ' successful by xpath via value: //select[@name='availableUsersSelected']/option[1] 
2020-08-18 15:50:51,479|base_page.py[line:69] INFO:Had find the element '  ' successful by xpath via value: //input[@class='form-control'] 
2020-08-18 15:50:51,892|base_page.py[line:136] INFO:Had type ' bvwxj7 ' in inputBox
2020-08-18 15:50:52,459|base_page.py[line:69] INFO:Had find the element ' bvwxj7 ' successful by xpath via value: //select[@name='availableUsersSelected'] 
2020-08-18 15:50:53,180|base_page.py[line:69] INFO:Had find the element '     Add     ' successful by xpath via value: //button[contains(text(),'Add')] 
2020-08-18 15:50:53,279|base_page.py[line:158] INFO:The element '     Add     ' was clicked.
2020-08-18 15:50:53,837|base_page.py[line:69] INFO:Had find the element ' Finish ' successful by xpath via value: //button[contains(text(),'Finish')] 
2020-08-18 15:50:53,917|base_page.py[line:158] INFO:The element ' Finish ' was clicked.
2020-08-18 15:50:58,493|base_page.py[line:69] INFO:Had find the element ' Role: WStdw0 created successfully. ' successful by xpath via value: //div[@role='alert'] 
2020-08-18 15:51:00,170|base_page.py[line:69] INFO:Had find the element ' 1350
WStdw0
uKIxa5 ' successful by xpath via value: //div[@class='card']//div[@class='glo-row']//div[@class='rt-tr-group'][1]/div 
2020-08-18 15:51:00,760|base_page.py[line:69] INFO:Had find the element ' Edit ' successful by xpath via value: //div[@class='card']//button[text()=' Edit'] 
2020-08-18 15:51:02,718|base_page.py[line:158] INFO:The element ' Edit ' was clicked.
2020-08-18 15:51:03,292|base_page.py[line:69] INFO:Had find the element '  ' successful by xpath via value: //input[@name='name'] 
2020-08-18 15:51:03,431|base_page.py[line:158] INFO:The element '  ' was clicked.
2020-08-18 15:51:03,986|base_page.py[line:69] INFO:Had find the element '  ' successful by xpath via value: //input[@name='name'] 
2020-08-18 15:51:05,160|base_page.py[line:69] INFO:Had find the element '  ' successful by xpath via value: //input[@name='name'] 
2020-08-18 15:51:06,226|base_page.py[line:69] INFO:Had find the element '  ' successful by xpath via value: //input[@name='name'] 
2020-08-18 15:51:08,668|base_page.py[line:136] INFO:Had type ' KdLTTq ' in inputBox
2020-08-18 15:51:09,232|base_page.py[line:69] INFO:Had find the element '  ' successful by xpath via value: //input[@name='description'] 
2020-08-18 15:51:09,353|base_page.py[line:158] INFO:The element '  ' was clicked.
2020-08-18 15:51:09,899|base_page.py[line:69] INFO:Had find the element '  ' successful by xpath via value: //input[@name='description'] 
2020-08-18 15:51:10,484|base_page.py[line:69] INFO:Had find the element '  ' successful by xpath via value: //input[@name='description'] 
2020-08-18 15:51:11,287|base_page.py[line:69] INFO:Had find the element '  ' successful by xpath via value: //input[@name='description'] 
2020-08-18 15:51:13,251|base_page.py[line:136] INFO:Had type ' DLOLay ' in inputBox
2020-08-18 15:51:13,806|base_page.py[line:224] INFO:Had find the elements successful by xpath via value: //div[@class='mb-0 card']//div[@class='rt-table']/div[@class='rt-tbody']//div[@class='rt-td'] 
2020-08-18 15:51:21,928|base_page.py[line:69] INFO:Had find the element '  ' successful by xpath via value: //div[@class='modal fade show']//div[@class='glo-row']//input[@id='canRead_5'] 
2020-08-18 15:51:22,392|base_page.py[line:158] INFO:The element '  ' was clicked.
2020-08-18 15:51:22,945|base_page.py[line:69] INFO:Had find the element '  ' successful by xpath via value: //div[@class='modal fade show']//div[@class='glo-row']//input[@id='canUpdate_5'] 
2020-08-18 15:51:23,367|base_page.py[line:158] INFO:The element '  ' was clicked.
2020-08-18 15:51:23,936|base_page.py[line:69] INFO:Had find the element '  ' successful by xpath via value: //div[@class='modal fade show']//div[@class='glo-row']//input[@id='canCreate_5'] 
2020-08-18 15:51:24,242|base_page.py[line:158] INFO:The element '  ' was clicked.
2020-08-18 15:51:24,804|base_page.py[line:69] INFO:Had find the element '  ' successful by xpath via value: //div[@class='modal fade show']//div[@class='glo-row']//input[@id='canDelete_5'] 
2020-08-18 15:51:25,101|base_page.py[line:158] INFO:The element '  ' was clicked.
2020-08-18 15:51:25,670|base_page.py[line:69] INFO:Had find the element '  ' successful by xpath via value: //div[@class='modal fade show']//div[@class='glo-row']//input[@id='canMassUpdate_5'] 
2020-08-18 15:51:25,989|base_page.py[line:158] INFO:The element '  ' was clicked.
2020-08-18 15:51:26,533|base_page.py[line:69] INFO:Had find the element ' Next ' successful by xpath via value: //button[contains(text(),'Next')] 
2020-08-18 15:51:26,705|base_page.py[line:158] INFO:The element ' Next ' was clicked.
2020-08-18 15:51:27,323|base_page.py[line:69] INFO:Had find the element ' bvwxj7 ' successful by xpath via value: //select[@name='assignedUsersSelected'] 
2020-08-18 15:51:28,151|base_page.py[line:69] INFO:Had find the element ' Remove ' successful by xpath via value: //button[contains(text(),'Remove')] 
2020-08-18 15:51:28,277|base_page.py[line:158] INFO:The element ' Remove ' was clicked.
2020-08-18 15:51:28,873|base_page.py[line:69] INFO:Had find the element ' Finish ' successful by xpath via value: //button[contains(text(),'Finish')] 
2020-08-18 15:51:29,005|base_page.py[line:158] INFO:The element ' Finish ' was clicked.
2020-08-18 15:51:43,602|base_page.py[line:71] ERROR:TimeoutException: selector by xpath ,value //div[@role='alert']
2020-08-18 15:51:43,602|base_page.py[line:124] ERROR:NoSuchElement selector_by: xpath, selector: //div[@role='alert'] 
2020-08-18 15:51:45,180|base_page.py[line:69] INFO:Had find the element ' New ' successful by xpath via value: //div[@class='card']//button[text()=' New'] 
2020-08-18 15:51:47,904|base_page.py[line:69] INFO:Had find the element ' 1350
WStdw0
uKIxa5 ' successful by xpath via value: //div[@class='card']//div[@class='glo-row']//div[@class='rt-tr-group'][1]/div 
2020-08-18 15:51:48,447|base_page.py[line:69] INFO:Had find the element ' Edit ' successful by xpath via value: //div[@class='card']//button[text()=' Edit'] 
2020-08-18 15:51:51,102|base_page.py[line:69] INFO:Had find the element ' 1350
WStdw0
uKIxa5 ' successful by xpath via value: //div[@class='card']//div[@class='glo-row']//div[@class='rt-tr-group'][1]/div 
2020-08-18 15:51:51,694|base_page.py[line:69] INFO:Had find the element ' Inactivate ' successful by xpath via value: //div[@class='card']//button[text()=' Inactivate'] 
2020-08-18 15:51:51,990|base_page.py[line:158] INFO:The element ' Inactivate ' was clicked.
2020-08-18 15:51:52,544|base_page.py[line:69] INFO:Had find the element ' Yes, Inactivate it! ' successful by xpath via value: //button[text()='Yes, Inactivate it!'] 
2020-08-18 15:51:52,663|base_page.py[line:158] INFO:The element ' Yes, Inactivate it! ' was clicked.
2020-08-18 15:52:07,682|base_page.py[line:71] ERROR:TimeoutException: selector by xpath ,value //div[@role='alert']
2020-08-18 15:52:07,682|base_page.py[line:124] ERROR:NoSuchElement selector_by: xpath, selector: //div[@role='alert'] 
2020-08-18 15:52:18,596|base_page.py[line:71] ERROR:TimeoutException: selector by xpath ,value xpath=>//div[@class='card']//li/a[text()='Users']
2020-08-18 15:52:19,211|base_page.py[line:69] INFO:Had find the element ' Users ' successful by xpath via value: //div[@class='card']//li/a[text()='Users'] 
2020-08-18 15:52:19,499|base_page.py[line:158] INFO:The element ' Users ' was clicked.
2020-08-18 15:52:21,657|base_page.py[line:69] INFO:Had find the element ' kKIeQy
Ch57M3
bvwxj7
Changsha
Professional Services ' successful by xpath via value: //div[@class='card']//div[@class='glo-row']//div[@class='rt-tr-group'][1]/div 
2020-08-18 15:52:22,275|base_page.py[line:69] INFO:Had find the element ' kKIeQy
Ch57M3
bvwxj7
Changsha
Professional Services ' successful by xpath via value: //div[@class='card']//div[@class='glo-row']//div[@class='rt-tr-group'][1]/div 
2020-08-18 15:52:22,532|base_page.py[line:158] INFO:The element ' kKIeQy
Ch57M3
bvwxj7
Changsha
Professional Services ' was clicked.
2020-08-18 15:52:23,130|base_page.py[line:69] INFO:Had find the element ' Edit ' successful by xpath via value: //div[@class='card']//button[text()=' Edit'] 
2020-08-18 15:52:23,447|base_page.py[line:158] INFO:The element ' Edit ' was clicked.
2020-08-18 15:52:24,077|base_page.py[line:69] INFO:Had find the element '  ' successful by xpath via value: //input[@name='userName'] 
2020-08-18 15:52:24,414|base_page.py[line:158] INFO:The element '  ' was clicked.
2020-08-18 15:52:24,959|base_page.py[line:69] INFO:Had find the element '  ' successful by xpath via value: //input[@name='userName'] 
2020-08-18 15:52:25,594|base_page.py[line:69] INFO:Had find the element '  ' successful by xpath via value: //input[@name='userName'] 
2020-08-18 15:52:26,297|base_page.py[line:69] INFO:Had find the element '  ' successful by xpath via value: //input[@name='userName'] 
2020-08-18 15:52:26,718|base_page.py[line:136] INFO:Had type ' 32akiI ' in inputBox
2020-08-18 15:52:27,335|base_page.py[line:69] INFO:Had find the element '  ' successful by xpath via value: //input[@name='firstName'] 
2020-08-18 15:52:27,512|base_page.py[line:158] INFO:The element '  ' was clicked.
2020-08-18 15:52:28,040|base_page.py[line:69] INFO:Had find the element '  ' successful by xpath via value: //input[@name='firstName'] 
2020-08-18 15:52:28,614|base_page.py[line:69] INFO:Had find the element '  ' successful by xpath via value: //input[@name='firstName'] 
2020-08-18 15:52:29,211|base_page.py[line:69] INFO:Had find the element '  ' successful by xpath via value: //input[@name='firstName'] 
2020-08-18 15:52:29,509|base_page.py[line:136] INFO:Had type ' fja6rN ' in inputBox
2020-08-18 15:52:30,086|base_page.py[line:69] INFO:Had find the element '  ' successful by xpath via value: //input[@name='lastName'] 
2020-08-18 15:52:30,208|base_page.py[line:158] INFO:The element '  ' was clicked.
2020-08-18 15:52:30,752|base_page.py[line:69] INFO:Had find the element '  ' successful by xpath via value: //input[@name='lastName'] 
2020-08-18 15:52:31,307|base_page.py[line:69] INFO:Had find the element '  ' successful by xpath via value: //input[@name='lastName'] 
2020-08-18 15:52:31,933|base_page.py[line:69] INFO:Had find the element '  ' successful by xpath via value: //input[@name='lastName'] 
2020-08-18 15:52:32,210|base_page.py[line:136] INFO:Had type ' vR7Xfe ' in inputBox
2020-08-18 15:52:32,758|base_page.py[line:69] INFO:Had find the element ' hmLvuW ' successful by xpath via value: //select[@name='availableRolesSelected']/option[1] 
2020-08-18 15:52:33,321|base_page.py[line:69] INFO:Had find the element '  ' successful by xpath via value: //input[@class='form-control'] 
2020-08-18 15:52:33,634|base_page.py[line:136] INFO:Had type ' hmLvuW ' in inputBox
2020-08-18 15:52:34,192|base_page.py[line:69] INFO:Had find the element ' hmLvuW ' successful by xpath via value: //select[@name='availableRolesSelected'] 
2020-08-18 15:52:34,889|base_page.py[line:69] INFO:Had find the element '     Add     ' successful by xpath via value: //button[contains(text(),'Add')] 
2020-08-18 15:52:34,979|base_page.py[line:158] INFO:The element '     Add     ' was clicked.
2020-08-18 15:52:35,555|base_page.py[line:69] INFO:Had find the element ' Finish ' successful by xpath via value: //button[contains(text(),'Finish')] 
2020-08-18 15:52:35,692|base_page.py[line:158] INFO:The element ' Finish ' was clicked.
2020-08-18 15:52:40,244|base_page.py[line:69] INFO:Had find the element ' User: 32akiI updated successfully. ' successful by xpath via value: //div[@role='alert'] 
2020-08-18 15:52:51,682|base_page.py[line:71] ERROR:TimeoutException: selector by xpath ,value xpath=>//div[@class='card']//li/a[text()='Users']
2020-08-18 15:52:52,218|base_page.py[line:69] INFO:Had find the element ' Users ' successful by xpath via value: //div[@class='card']//li/a[text()='Users'] 
2020-08-18 15:52:52,355|base_page.py[line:158] INFO:The element ' Users ' was clicked.
2020-08-18 15:52:53,901|base_page.py[line:69] INFO:Had find the element ' fja6rN
vR7Xfe
32akii
Changsha
Professional Services ' successful by xpath via value: //div[@class='card']//div[@class='glo-row']//div[@class='rt-tr-group'][1]/div 
2020-08-18 15:52:54,441|base_page.py[line:69] INFO:Had find the element ' Edit ' successful by xpath via value: //div[@class='card']//button[text()=' Edit'] 
2020-08-18 15:52:54,571|base_page.py[line:158] INFO:The element ' Edit ' was clicked.
2020-08-18 15:52:55,107|base_page.py[line:69] INFO:Had find the element '  ' successful by xpath via value: //input[@name='userName'] 
2020-08-18 15:52:55,288|base_page.py[line:158] INFO:The element '  ' was clicked.
2020-08-18 15:52:55,868|base_page.py[line:69] INFO:Had find the element '  ' successful by xpath via value: //input[@name='userName'] 
2020-08-18 15:52:56,462|base_page.py[line:69] INFO:Had find the element '  ' successful by xpath via value: //input[@name='userName'] 
2020-08-18 15:52:57,118|base_page.py[line:69] INFO:Had find the element '  ' successful by xpath via value: //input[@name='userName'] 
2020-08-18 15:52:57,397|base_page.py[line:136] INFO:Had type ' VMnGu0 ' in inputBox
2020-08-18 15:52:57,961|base_page.py[line:69] INFO:Had find the element '  ' successful by xpath via value: //input[@name='firstName'] 
2020-08-18 15:52:58,083|base_page.py[line:158] INFO:The element '  ' was clicked.
2020-08-18 15:52:58,622|base_page.py[line:69] INFO:Had find the element '  ' successful by xpath via value: //input[@name='firstName'] 
2020-08-18 15:52:59,211|base_page.py[line:69] INFO:Had find the element '  ' successful by xpath via value: //input[@name='firstName'] 
2020-08-18 15:52:59,801|base_page.py[line:69] INFO:Had find the element '  ' successful by xpath via value: //input[@name='firstName'] 
2020-08-18 15:53:00,077|base_page.py[line:136] INFO:Had type ' 5rHDAt ' in inputBox
2020-08-18 15:53:00,627|base_page.py[line:69] INFO:Had find the element '  ' successful by xpath via value: //input[@name='lastName'] 
2020-08-18 15:53:00,754|base_page.py[line:158] INFO:The element '  ' was clicked.
2020-08-18 15:53:01,283|base_page.py[line:69] INFO:Had find the element '  ' successful by xpath via value: //input[@name='lastName'] 
2020-08-18 15:53:01,856|base_page.py[line:69] INFO:Had find the element '  ' successful by xpath via value: //input[@name='lastName'] 
2020-08-18 15:53:02,439|base_page.py[line:69] INFO:Had find the element '  ' successful by xpath via value: //input[@name='lastName'] 
2020-08-18 15:53:02,702|base_page.py[line:136] INFO:Had type ' RgLD5G ' in inputBox
2020-08-18 15:53:03,249|base_page.py[line:69] INFO:Had find the element ' rEsO7P2
SqgKLB
test
rEsO7P
bYpiN5
hmLvuW ' successful by xpath via value: //select[@name='assignedRolesSelected'] 
2020-08-18 15:53:03,948|base_page.py[line:69] INFO:Had find the element ' Remove ' successful by xpath via value: //button[contains(text(),'Remove')] 
2020-08-18 15:53:04,091|base_page.py[line:158] INFO:The element ' Remove ' was clicked.
2020-08-18 15:53:04,636|base_page.py[line:69] INFO:Had find the element ' Finish ' successful by xpath via value: //button[contains(text(),'Finish')] 
2020-08-18 15:53:04,739|base_page.py[line:158] INFO:The element ' Finish ' was clicked.
2020-08-18 15:53:09,287|base_page.py[line:69] INFO:Had find the element ' User: VMnGu0 updated successfully. ' successful by xpath via value: //div[@role='alert'] 
2020-08-18 15:53:20,306|base_page.py[line:71] ERROR:TimeoutException: selector by xpath ,value xpath=>//div[@class='card']//li/a[text()='Users']
2020-08-18 15:53:20,833|base_page.py[line:69] INFO:Had find the element ' Users ' successful by xpath via value: //div[@class='card']//li/a[text()='Users'] 
2020-08-18 15:53:20,923|base_page.py[line:158] INFO:The element ' Users ' was clicked.
2020-08-18 15:53:22,604|base_page.py[line:69] INFO:Had find the element ' 5rHDAt
RgLD5G
vmngu0
Changsha
Professional Services ' successful by xpath via value: //div[@class='card']//div[@class='glo-row']//div[@class='rt-tr-group'][1]/div 
2020-08-18 15:53:23,155|base_page.py[line:69] INFO:Had find the element ' Edit ' successful by xpath via value: //div[@class='card']//button[text()=' Edit'] 
2020-08-18 15:53:23,464|base_page.py[line:158] INFO:The element ' Edit ' was clicked.
2020-08-18 15:53:24,021|base_page.py[line:69] INFO:Had find the element '  ' successful by xpath via value: //input[@name='userName'] 
2020-08-18 15:53:24,171|base_page.py[line:158] INFO:The element '  ' was clicked.
2020-08-18 15:53:24,703|base_page.py[line:69] INFO:Had find the element '  ' successful by xpath via value: //input[@name='userName'] 
2020-08-18 15:53:25,274|base_page.py[line:69] INFO:Had find the element '  ' successful by xpath via value: //input[@name='userName'] 
2020-08-18 15:53:26,009|base_page.py[line:69] INFO:Had find the element '  ' successful by xpath via value: //input[@name='userName'] 
2020-08-18 15:53:26,291|base_page.py[line:136] INFO:Had type ' CXYEjB ' in inputBox
2020-08-18 15:53:26,833|base_page.py[line:69] INFO:Had find the element '  ' successful by xpath via value: //input[@name='firstName'] 
2020-08-18 15:53:26,940|base_page.py[line:158] INFO:The element '  ' was clicked.
2020-08-18 15:53:27,486|base_page.py[line:69] INFO:Had find the element '  ' successful by xpath via value: //input[@name='firstName'] 
2020-08-18 15:53:28,073|base_page.py[line:69] INFO:Had find the element '  ' successful by xpath via value: //input[@name='firstName'] 
2020-08-18 15:53:28,667|base_page.py[line:69] INFO:Had find the element '  ' successful by xpath via value: //input[@name='firstName'] 
2020-08-18 15:53:28,977|base_page.py[line:136] INFO:Had type ' xR2ETV ' in inputBox
2020-08-18 15:53:29,520|base_page.py[line:69] INFO:Had find the element '  ' successful by xpath via value: //input[@name='lastName'] 
2020-08-18 15:53:29,645|base_page.py[line:158] INFO:The element '  ' was clicked.
2020-08-18 15:53:30,193|base_page.py[line:69] INFO:Had find the element '  ' successful by xpath via value: //input[@name='lastName'] 
2020-08-18 15:53:30,761|base_page.py[line:69] INFO:Had find the element '  ' successful by xpath via value: //input[@name='lastName'] 
2020-08-18 15:53:31,406|base_page.py[line:69] INFO:Had find the element '  ' successful by xpath via value: //input[@name='lastName'] 
2020-08-18 15:53:31,881|base_page.py[line:136] INFO:Had type ' N555Dj ' in inputBox
2020-08-18 15:53:32,512|base_page.py[line:69] INFO:Had find the element ' 9rOaU2 ' successful by xpath via value: //select[@name='availableRolesSelected']/option[1] 
2020-08-18 15:53:33,089|base_page.py[line:69] INFO:Had find the element ' 9rOaU2 ' successful by xpath via value: //select[@name='availableRolesSelected']/option[1] 
2020-08-18 15:53:33,212|base_page.py[line:158] INFO:The element ' 9rOaU2 ' was clicked.
2020-08-18 15:53:33,778|base_page.py[line:69] INFO:Had find the element ' j1wqmA ' successful by xpath via value: //select[@name='availableRolesSelected']/option[2] 
2020-08-18 15:53:34,324|base_page.py[line:69] INFO:Had find the element ' j1wqmA ' successful by xpath via value: //select[@name='availableRolesSelected']/option[2] 
2020-08-18 15:53:34,425|base_page.py[line:158] INFO:The element ' j1wqmA ' was clicked.
2020-08-18 15:53:35,030|base_page.py[line:69] INFO:Had find the element '     Add     ' successful by xpath via value: //button[contains(text(),'Add')] 
2020-08-18 15:53:35,267|base_page.py[line:158] INFO:The element '     Add     ' was clicked.
2020-08-18 15:53:35,846|base_page.py[line:69] INFO:Had find the element ' Finish ' successful by xpath via value: //button[contains(text(),'Finish')] 
2020-08-18 15:53:36,086|base_page.py[line:158] INFO:The element ' Finish ' was clicked.
2020-08-18 15:53:50,920|base_page.py[line:71] ERROR:TimeoutException: selector by xpath ,value //div[@role='alert']
2020-08-18 15:53:50,920|base_page.py[line:124] ERROR:NoSuchElement selector_by: xpath, selector: //div[@role='alert'] 
2020-08-18 15:54:01,873|base_page.py[line:71] ERROR:TimeoutException: selector by xpath ,value xpath=>//div[@class='card']//li/a[text()='Users']
2020-08-18 15:54:02,410|base_page.py[line:69] INFO:Had find the element ' Users ' successful by xpath via value: //div[@class='card']//li/a[text()='Users'] 
2020-08-18 15:54:02,527|base_page.py[line:158] INFO:The element ' Users ' was clicked.
2020-08-18 15:54:04,072|base_page.py[line:69] INFO:Had find the element ' 5rHDAt
RgLD5G
vmngu0
Changsha
Professional Services ' successful by xpath via value: //div[@class='card']//div[@class='glo-row']//div[@class='rt-tr-group'][1]/div 
2020-08-18 15:54:04,607|base_page.py[line:69] INFO:Had find the element ' Edit ' successful by xpath via value: //div[@class='card']//button[text()=' Edit'] 
2020-08-18 15:54:04,786|base_page.py[line:158] INFO:The element ' Edit ' was clicked.
2020-08-18 15:54:05,459|base_page.py[line:69] INFO:Had find the element '  ' successful by xpath via value: //input[@name='userName'] 
2020-08-18 15:54:05,618|base_page.py[line:158] INFO:The element '  ' was clicked.
2020-08-18 15:54:06,211|base_page.py[line:69] INFO:Had find the element '  ' successful by xpath via value: //input[@name='userName'] 
2020-08-18 15:54:06,912|base_page.py[line:69] INFO:Had find the element '  ' successful by xpath via value: //input[@name='userName'] 
2020-08-18 15:54:07,475|base_page.py[line:69] INFO:Had find the element '  ' successful by xpath via value: //input[@name='userName'] 
2020-08-18 15:54:07,933|base_page.py[line:136] INFO:Had type ' hdseKj ' in inputBox
2020-08-18 15:54:08,635|base_page.py[line:69] INFO:Had find the element '  ' successful by xpath via value: //input[@name='firstName'] 
2020-08-18 15:54:08,817|base_page.py[line:158] INFO:The element '  ' was clicked.
2020-08-18 15:54:09,473|base_page.py[line:69] INFO:Had find the element '  ' successful by xpath via value: //input[@name='firstName'] 
2020-08-18 15:54:10,074|base_page.py[line:69] INFO:Had find the element '  ' successful by xpath via value: //input[@name='firstName'] 
2020-08-18 15:54:10,671|base_page.py[line:69] INFO:Had find the element '  ' successful by xpath via value: //input[@name='firstName'] 
2020-08-18 15:54:10,947|base_page.py[line:136] INFO:Had type ' sFk7Xz ' in inputBox
2020-08-18 15:54:11,488|base_page.py[line:69] INFO:Had find the element '  ' successful by xpath via value: //input[@name='lastName'] 
2020-08-18 15:54:11,596|base_page.py[line:158] INFO:The element '  ' was clicked.
2020-08-18 15:54:12,131|base_page.py[line:69] INFO:Had find the element '  ' successful by xpath via value: //input[@name='lastName'] 
2020-08-18 15:54:12,704|base_page.py[line:69] INFO:Had find the element '  ' successful by xpath via value: //input[@name='lastName'] 
2020-08-18 15:54:13,428|base_page.py[line:69] INFO:Had find the element '  ' successful by xpath via value: //input[@name='lastName'] 
2020-08-18 15:54:13,744|base_page.py[line:136] INFO:Had type ' CBTE18 ' in inputBox
2020-08-18 15:54:14,335|base_page.py[line:69] INFO:Had find the element ' SqgKLB ' successful by xpath via value: //select[@name='assignedRolesSelected']/option[1] 
2020-08-18 15:54:14,873|base_page.py[line:69] INFO:Had find the element ' SqgKLB ' successful by xpath via value: //select[@name='assignedRolesSelected']/option[1] 
2020-08-18 15:54:14,979|base_page.py[line:158] INFO:The element ' SqgKLB ' was clicked.
2020-08-18 15:54:15,554|base_page.py[line:69] INFO:Had find the element ' test ' successful by xpath via value: //select[@name='assignedRolesSelected']/option[2] 
2020-08-18 15:54:16,099|base_page.py[line:69] INFO:Had find the element ' test ' successful by xpath via value: //select[@name='assignedRolesSelected']/option[2] 
2020-08-18 15:54:16,193|base_page.py[line:158] INFO:The element ' test ' was clicked.
2020-08-18 15:54:16,817|base_page.py[line:69] INFO:Had find the element ' Remove ' successful by xpath via value: //button[contains(text(),'Remove')] 
2020-08-18 15:54:16,941|base_page.py[line:158] INFO:The element ' Remove ' was clicked.
2020-08-18 15:54:17,510|base_page.py[line:69] INFO:Had find the element ' Finish ' successful by xpath via value: //button[contains(text(),'Finish')] 
2020-08-18 15:54:17,620|base_page.py[line:158] INFO:The element ' Finish ' was clicked.
2020-08-18 15:54:32,369|base_page.py[line:71] ERROR:TimeoutException: selector by xpath ,value //div[@role='alert']
2020-08-18 15:54:32,372|base_page.py[line:124] ERROR:NoSuchElement selector_by: xpath, selector: //div[@role='alert'] 
