2020-08-18 08:42:53,246|browser_engine.py[line:26] INFO:You had select Chrome browser.
2020-08-18 08:42:53,247|browser_engine.py[line:28] INFO:The test server url is: https://rr-alamo-test.azureedge.net
2020-08-18 08:42:56,141|browser_engine.py[line:42] INFO:Starting Chrome browser.
2020-08-18 08:42:57,273|browser_engine.py[line:56] INFO:Maximize the current window.
2020-08-18 08:42:58,952|browser_engine.py[line:59] INFO:Open url: https://rr-alamo-test.azureedge.net
2020-08-18 08:43:09,897|base_page.py[line:71] ERROR:TimeoutException: selector by xpath ,value xpath=>//div[@class='localAccount']//div[@class='intro']/h2
2020-08-18 08:43:10,443|base_page.py[line:69] INFO:Had find the element ' Sign in with your existing account ' successful by xpath via value: //div[@class='localAccount']//div[@class='intro']/h2 
2020-08-18 08:43:11,014|base_page.py[line:69] INFO:Had find the element '  ' successful by id via value: logonIdentifier 
2020-08-18 08:43:11,074|base_page.py[line:146] INFO:Clear text in input box before typing.
2020-08-18 08:43:11,603|base_page.py[line:69] INFO:Had find the element '  ' successful by id via value: logonIdentifier 
2020-08-18 08:43:11,853|base_page.py[line:136] INFO:Had type ' yan.liu@an-chen.com ' in inputBox
2020-08-18 08:43:12,393|base_page.py[line:69] INFO:Had find the element '  ' successful by id via value: password 
2020-08-18 08:43:12,441|base_page.py[line:146] INFO:Clear text in input box before typing.
2020-08-18 08:43:12,974|base_page.py[line:69] INFO:Had find the element '  ' successful by id via value: password 
2020-08-18 08:43:13,245|base_page.py[line:136] INFO:Had type ' Lychan@2012 ' in inputBox
2020-08-18 08:43:13,841|base_page.py[line:69] INFO:Had find the element ' Sign in ' successful by xpath via value: //div[@class='buttons']/button[text()='Sign in'] 
2020-08-18 08:43:21,971|base_page.py[line:69] INFO:Had find the element ' Welcome, yanliu ' successful by xpath via value: //div[@id='root']//div[@class='content-heading'] 
2020-08-18 08:43:21,971|login.py[line:41] INFO:login success
2020-08-18 08:43:24,558|base_page.py[line:69] INFO:Had find the element ' MANAGE ' successful by id via value: manage 
2020-08-18 08:43:24,776|base_page.py[line:158] INFO:The element ' MANAGE ' was clicked.
2020-08-18 08:43:25,298|base_page.py[line:224] INFO:Had find the elements successful by xpath via value: //ul[@class='dropdown-menu multi-level show']/li/a 
2020-08-18 08:43:25,873|base_page.py[line:69] INFO:Had find the element ' Authorization Management ' successful by xpath via value: //ul[@class='dropdown-menu multi-level show']/li[1]/a 
2020-08-18 08:43:26,065|base_page.py[line:158] INFO:The element ' Authorization Management ' was clicked.
2020-08-18 08:43:26,065|topMenu.py[line:70] INFO:second_menu: Authorization Management
2020-08-18 08:43:37,012|base_page.py[line:71] ERROR:TimeoutException: selector by xpath ,value xpath=>//div[@class='card']//li/a[text()='Users']
2020-08-18 08:43:37,562|base_page.py[line:69] INFO:Had find the element ' Users ' successful by xpath via value: //div[@class='card']//li/a[text()='Users'] 
2020-08-18 08:43:37,764|base_page.py[line:158] INFO:The element ' Users ' was clicked.
2020-08-18 08:43:49,637|base_page.py[line:71] ERROR:TimeoutException: selector by xpath ,value //div[@class='card']//div[@class='glo-row']//div[@class='rt-tr-group'][1]/div
2020-08-18 08:43:49,637|base_page.py[line:124] ERROR:NoSuchElement selector_by: xpath, selector: //div[@class='card']//div[@class='glo-row']//div[@class='rt-tr-group'][1]/div 
2020-08-18 08:44:01,941|base_page.py[line:71] ERROR:TimeoutException: selector by id ,value id=>alano-glo-brand-logo
2020-08-18 08:44:02,494|base_page.py[line:69] INFO:Had find the element '  ' successful by id via value: alano-glo-brand-logo 
2020-08-18 08:44:02,643|base_page.py[line:158] INFO:The element '  ' was clicked.
2020-08-18 08:44:13,571|base_page.py[line:71] ERROR:TimeoutException: selector by xpath ,value xpath=>//div[@class='header-badge-glo']
2020-08-18 08:44:14,122|base_page.py[line:69] INFO:Had find the element ' Y ' successful by xpath via value: //div[@class='header-badge-glo'] 
2020-08-18 08:44:14,196|base_page.py[line:158] INFO:The element ' Y ' was clicked.
2020-08-18 08:44:14,744|base_page.py[line:69] INFO:Had find the element ' Logout ' successful by xpath via value: //a[text()='Logout'] 
2020-08-18 08:44:21,426|base_page.py[line:158] INFO:The element ' Logout ' was clicked.
