2020-08-18 15:54:57,853|browser_engine.py[line:26] INFO:You had select Chrome browser.
2020-08-18 15:54:57,853|browser_engine.py[line:28] INFO:The test server url is: https://rr-alamo-test.azureedge.net
2020-08-18 15:55:01,940|browser_engine.py[line:42] INFO:Starting Chrome browser.
2020-08-18 15:55:03,209|browser_engine.py[line:56] INFO:Maximize the current window.
2020-08-18 15:55:09,793|browser_engine.py[line:59] INFO:Open url: https://rr-alamo-test.azureedge.net
2020-08-18 15:55:20,543|base_page.py[line:71] ERROR:TimeoutException: selector by xpath ,value xpath=>//div[@class='localAccount']//div[@class='intro']/h2
2020-08-18 15:55:21,086|base_page.py[line:69] INFO:Had find the element ' Sign in with your existing account ' successful by xpath via value: //div[@class='localAccount']//div[@class='intro']/h2 
2020-08-18 15:55:21,651|base_page.py[line:69] INFO:Had find the element '  ' successful by id via value: logonIdentifier 
2020-08-18 15:55:21,692|base_page.py[line:146] INFO:Clear text in input box before typing.
2020-08-18 15:55:22,219|base_page.py[line:69] INFO:Had find the element '  ' successful by id via value: logonIdentifier 
2020-08-18 15:55:22,473|base_page.py[line:136] INFO:Had type ' yan.liu@an-chen.com ' in inputBox
2020-08-18 15:55:23,029|base_page.py[line:69] INFO:Had find the element '  ' successful by id via value: password 
2020-08-18 15:55:23,086|base_page.py[line:146] INFO:Clear text in input box before typing.
2020-08-18 15:55:23,615|base_page.py[line:69] INFO:Had find the element '  ' successful by id via value: password 
2020-08-18 15:55:24,041|base_page.py[line:136] INFO:Had type ' Lychan@2012 ' in inputBox
2020-08-18 15:55:24,583|base_page.py[line:69] INFO:Had find the element ' Sign in ' successful by xpath via value: //div[@class='buttons']/button[text()='Sign in'] 
2020-08-18 15:55:35,650|base_page.py[line:71] ERROR:TimeoutException: selector by xpath ,value //div[@id='root']//div[@class='content-heading']
2020-08-18 15:55:35,650|base_page.py[line:124] ERROR:NoSuchElement selector_by: xpath, selector: //div[@id='root']//div[@class='content-heading'] 
2020-08-18 15:55:35,686|browser_engine.py[line:26] INFO:You had select Chrome browser.
2020-08-18 15:55:35,687|browser_engine.py[line:28] INFO:The test server url is: https://rr-alamo-test.azureedge.net
2020-08-18 15:55:40,221|browser_engine.py[line:42] INFO:Starting Chrome browser.
2020-08-18 15:55:41,470|browser_engine.py[line:56] INFO:Maximize the current window.
