2020-06-12 09:20:59,214|browser_engine.py[line:27] INFO:You had select Chrome browser.
2020-06-12 09:20:59,214|browser_engine.py[line:29] INFO:The test server url is: https://rralamotest.z21.web.core.windows.net/
2020-06-12 09:21:03,301|browser_engine.py[line:44] INFO:Starting Chrome browser.
2020-06-12 09:21:04,449|browser_engine.py[line:58] INFO:Maximize the current window.
2020-06-12 09:21:30,357|browser_engine.py[line:61] INFO:Open url: https://rralamotest.z21.web.core.windows.net/
2020-06-12 09:21:41,292|base_page.py[line:69] ERROR:TimeoutException: selector by xpath ,value xpath=>//div[@class='localAccount']//div[@class='intro']/h2
2020-06-12 09:21:41,851|base_page.py[line:67] INFO:Had find the element ' Sign in with your existing account ' successful by xpath via value: //div[@class='localAccount']//div[@class='intro']/h2 
2020-06-12 09:21:42,418|base_page.py[line:67] INFO:Had find the element '  ' successful by id via value: logonIdentifier 
2020-06-12 09:21:42,462|base_page.py[line:144] INFO:Clear text in input box before typing.
2020-06-12 09:21:43,004|base_page.py[line:67] INFO:Had find the element '  ' successful by id via value: logonIdentifier 
2020-06-12 09:21:43,192|base_page.py[line:134] INFO:Had type ' yan.liu@an-chen.com ' in inputBox
2020-06-12 09:21:43,743|base_page.py[line:67] INFO:Had find the element '  ' successful by id via value: password 
2020-06-12 09:21:43,789|base_page.py[line:144] INFO:Clear text in input box before typing.
2020-06-12 09:21:44,315|base_page.py[line:67] INFO:Had find the element '  ' successful by id via value: password 
2020-06-12 09:21:44,525|base_page.py[line:134] INFO:Had type ' Lychan@2012 ' in inputBox
2020-06-12 09:21:45,087|base_page.py[line:67] INFO:Had find the element ' Sign in ' successful by xpath via value: //div[@class='buttons']/button[text()='Sign in'] 
2020-06-12 09:21:55,984|base_page.py[line:69] ERROR:TimeoutException: selector by xpath ,value xpath=>//div[@id='root']//div[@class='content-heading']
2020-06-12 09:21:56,525|base_page.py[line:67] INFO:Had find the element ' Welcome, yanliu ' successful by xpath via value: //div[@id='root']//div[@class='content-heading'] 
2020-06-12 09:21:56,525|login.py[line:41] INFO:login success
2020-06-12 09:22:07,556|base_page.py[line:69] ERROR:TimeoutException: selector by id ,value id=>alano-glo-brand-logo
2020-06-12 09:22:08,122|base_page.py[line:67] INFO:Had find the element '  ' successful by id via value: alano-glo-brand-logo 
2020-06-12 09:22:08,205|base_page.py[line:156] INFO:The element '  ' was clicked.
2020-06-12 09:22:19,129|base_page.py[line:69] ERROR:TimeoutException: selector by xpath ,value xpath=>//div[@class='card']/form//div[@id='homeGrid']/div//h2
2020-06-12 09:22:19,657|base_page.py[line:222] INFO:Had find the elements successful by xpath via value: //div[@class='card']/form//div[@id='homeGrid']/div//h2 
2020-06-12 09:22:20,314|base_page.py[line:67] INFO:Had find the element '  ' successful by xpath via value: //div[@class='card']/form//div[@id='homeGrid']/div[4]//input 
2020-06-12 09:22:20,496|base_page.py[line:134] INFO:Had type ' C000089464 ' in inputBox
2020-06-12 09:22:21,056|base_page.py[line:67] INFO:Had find the element ' Go ' successful by xpath via value: //div[@class='card']/form//div[@id='homeGrid']/div[4]/div/button 
2020-06-12 09:22:21,126|base_page.py[line:156] INFO:The element ' Go ' was clicked.
2020-06-12 09:22:21,126|homePage.py[line:50] INFO:module_name: Customers
2020-06-12 09:22:22,694|base_page.py[line:67] INFO:Had find the element ' History ' successful by xpath via value: //div[@class='btn-toolbar']/button[text()='History'] 
2020-06-12 09:22:22,805|base_page.py[line:156] INFO:The element ' History ' was clicked.
2020-06-12 09:22:24,338|base_page.py[line:67] INFO:Had find the element ' History for TblBusinessEntity ' successful by xpath via value: //h4[@class='modal-title'] 
2020-06-12 09:22:24,879|base_page.py[line:67] INFO:Had find the element ' × ' successful by xpath via value: //button[@class='close'] 
2020-06-12 09:22:35,768|base_page.py[line:69] ERROR:TimeoutException: selector by xpath ,value xpath=>//div[@class='card']//li/a[text()='Entity']
2020-06-12 09:22:36,325|base_page.py[line:67] INFO:Had find the element ' Entity ' successful by xpath via value: //div[@class='card']//li/a[text()='Entity'] 
2020-06-12 09:22:36,525|base_page.py[line:156] INFO:The element ' Entity ' was clicked.
2020-06-12 09:22:37,050|base_page.py[line:222] INFO:Had find the elements successful by xpath via value: //div[@class='card']//div//h4 
2020-06-12 09:22:37,620|base_page.py[line:67] INFO:Had find the element ' Customer Summary ' successful by xpath via value: //div[@class='card']//div//h4[text()='Customer Summary'] 
2020-06-12 09:22:38,193|base_page.py[line:67] INFO:Had find the element ' Details ' successful by xpath via value: //div[@class='glo-row']/div[1]//button[text()=' Details'] 
2020-06-12 09:22:38,332|base_page.py[line:156] INFO:The element ' Details ' was clicked.
2020-06-12 09:22:38,863|base_page.py[line:67] INFO:Had find the element '  ' successful by xpath via value: //h4[@class='modal-title'] 
2020-06-12 09:22:39,429|base_page.py[line:67] INFO:Had find the element ' × ' successful by xpath via value: //button[@class='close'] 
2020-06-12 09:22:40,008|base_page.py[line:222] INFO:Had find the elements successful by xpath via value: //div[@class='card']//div//h4 
2020-06-12 09:22:40,560|base_page.py[line:67] INFO:Had find the element ' Customer Summary ' successful by xpath via value: //div[@class='card']//div//h4[text()='Customer Summary'] 
2020-06-12 09:22:41,136|base_page.py[line:67] INFO:Had find the element ' History ' successful by xpath via value: //div[@class='glo-row']/div[1]//button[text()=' History'] 
2020-06-12 09:22:41,374|base_page.py[line:156] INFO:The element ' History ' was clicked.
2020-06-12 09:22:41,932|base_page.py[line:67] INFO:Had find the element '  ' successful by xpath via value: //h4[@class='modal-title'] 
2020-06-12 09:22:42,475|base_page.py[line:67] INFO:Had find the element ' × ' successful by xpath via value: //button[@class='close'] 
2020-06-12 09:22:43,021|base_page.py[line:222] INFO:Had find the elements successful by xpath via value: //div[@class='card']//div//h4 
2020-06-12 09:22:43,554|base_page.py[line:67] INFO:Had find the element ' Customer Summary ' successful by xpath via value: //div[@class='card']//div//h4[text()='Customer Summary'] 
2020-06-12 09:22:44,111|base_page.py[line:67] INFO:Had find the element ' Edit ' successful by xpath via value: //div[@class='glo-row']/div[1]//button[text()=' Edit'] 
2020-06-12 09:22:44,251|base_page.py[line:156] INFO:The element ' Edit ' was clicked.
2020-06-12 09:22:44,795|base_page.py[line:67] INFO:Had find the element ' Select one...
Person
Organization ' successful by xpath via value: //select[@name='typeName'] 
2020-06-12 09:22:44,938|base_page.py[line:156] INFO:The element ' Select one...
Person
Organization ' was clicked.
2020-06-12 09:22:45,466|base_page.py[line:67] INFO:Had find the element ' Select one...
Person
Organization ' successful by xpath via value: //select[@name='typeName'] 
2020-06-12 09:22:46,069|base_page.py[line:67] INFO:Had find the element ' Select one...
Company
Government
Trust/Estate ' successful by xpath via value: //select[@name='entityClass'] 
2020-06-12 09:22:46,184|base_page.py[line:156] INFO:The element ' Select one...
Company
Government
Trust/Estate ' was clicked.
2020-06-12 09:22:46,710|base_page.py[line:67] INFO:Had find the element ' Select one...
Company
Government
Trust/Estate ' successful by xpath via value: //select[@name='entityClass'] 
2020-06-12 09:22:47,307|base_page.py[line:67] INFO:Had find the element '  ' successful by xpath via value: //input[@name='organizationName'] 
2020-06-12 09:22:47,408|base_page.py[line:156] INFO:The element '  ' was clicked.
2020-06-12 09:22:47,930|base_page.py[line:67] INFO:Had find the element '  ' successful by xpath via value: //input[@name='organizationName'] 
2020-06-12 09:22:48,503|base_page.py[line:67] INFO:Had find the element '  ' successful by xpath via value: //input[@name='organizationName'] 
2020-06-12 09:22:49,080|base_page.py[line:67] INFO:Had find the element '  ' successful by xpath via value: //input[@name='organizationName'] 
2020-06-12 09:22:49,416|base_page.py[line:134] INFO:Had type ' UI Edit Company ' in inputBox
2020-06-12 09:22:49,974|base_page.py[line:67] INFO:Had find the element ' Select one...
Incorporated
Limited Liability Company
Limited Liability Partnership
Limited Partnership
General Partnership ' successful by xpath via value: //select[@name='subClassName'] 
2020-06-12 09:22:50,107|base_page.py[line:156] INFO:The element ' Select one...
Incorporated
Limited Liability Company
Limited Liability Partnership
Limited Partnership
General Partnership ' was clicked.
2020-06-12 09:22:50,851|base_page.py[line:67] INFO:Had find the element ' Select one...
Incorporated
Limited Liability Company
Limited Liability Partnership
Limited Partnership
General Partnership ' successful by xpath via value: //select[@name='subClassName'] 
2020-06-12 09:22:51,531|base_page.py[line:67] INFO:Had find the element ' Select one...
AK
AL
AR
AZ
CA
CO
CT
DC
DE
FL
GA
HI
IA
ID
IL
IN
KS
KY
LA
MA
MD
ME
MI
MN
MO
MS
MT
NC
ND
NE
NH
NJ
NM
NV
NY
OH
OK
OR
PA
RI
SC
SD
TN
TX
UT
VA
VT
WA
WI
WV
WY
ON
NL
BC ' successful by xpath via value: //select[@name='stateOfIncorporation'] 
2020-06-12 09:22:51,707|base_page.py[line:156] INFO:The element ' Select one...
AK
AL
AR
AZ
CA
CO
CT
DC
DE
FL
GA
HI
IA
ID
IL
IN
KS
KY
LA
MA
MD
ME
MI
MN
MO
MS
MT
NC
ND
NE
NH
NJ
NM
NV
NY
OH
OK
OR
PA
RI
SC
SD
TN
TX
UT
VA
VT
WA
WI
WV
WY
ON
NL
BC ' was clicked.
2020-06-12 09:22:52,294|base_page.py[line:67] INFO:Had find the element ' Select one...
AK
AL
AR
AZ
CA
CO
CT
DC
DE
FL
GA
HI
IA
ID
IL
IN
KS
KY
LA
MA
MD
ME
MI
MN
MO
MS
MT
NC
ND
NE
NH
NJ
NM
NV
NY
OH
OK
OR
PA
RI
SC
SD
TN
TX
UT
VA
VT
WA
WI
WV
WY
ON
NL
BC ' successful by xpath via value: //select[@name='stateOfIncorporation'] 
2020-06-12 09:22:52,900|base_page.py[line:67] INFO:Had find the element ' Save ' successful by xpath via value: //button[text()='Save'] 
2020-06-12 09:22:52,989|base_page.py[line:156] INFO:The element ' Save ' was clicked.
2020-06-12 09:22:55,537|base_page.py[line:67] INFO:Had find the element ' Entity: undefined: updated successfully. ' successful by xpath via value: //div[@role='alert'] 
2020-06-12 09:23:06,383|base_page.py[line:69] ERROR:TimeoutException: selector by id ,value id=>alano-glo-brand-logo
2020-06-12 09:23:06,933|base_page.py[line:67] INFO:Had find the element '  ' successful by id via value: alano-glo-brand-logo 
2020-06-12 09:23:07,076|base_page.py[line:156] INFO:The element '  ' was clicked.
2020-06-12 09:23:17,956|base_page.py[line:69] ERROR:TimeoutException: selector by xpath ,value xpath=>//div[@class='card']/form//div[@id='homeGrid']/div//h2
2020-06-12 09:23:18,480|base_page.py[line:222] INFO:Had find the elements successful by xpath via value: //div[@class='card']/form//div[@id='homeGrid']/div//h2 
2020-06-12 09:23:19,121|base_page.py[line:67] INFO:Had find the element '  ' successful by xpath via value: //div[@class='card']/form//div[@id='homeGrid']/div[4]//input 
2020-06-12 09:23:19,290|base_page.py[line:134] INFO:Had type ' C000089464 ' in inputBox
2020-06-12 09:23:19,840|base_page.py[line:67] INFO:Had find the element ' Go ' successful by xpath via value: //div[@class='card']/form//div[@id='homeGrid']/div[4]/div/button 
2020-06-12 09:23:19,911|base_page.py[line:156] INFO:The element ' Go ' was clicked.
2020-06-12 09:23:19,911|homePage.py[line:50] INFO:module_name: Customers
2020-06-12 09:23:30,817|base_page.py[line:69] ERROR:TimeoutException: selector by xpath ,value xpath=>//div[@class='card']//li/a[text()='Entity']
2020-06-12 09:23:31,377|base_page.py[line:67] INFO:Had find the element ' Entity ' successful by xpath via value: //div[@class='card']//li/a[text()='Entity'] 
2020-06-12 09:23:31,506|base_page.py[line:156] INFO:The element ' Entity ' was clicked.
2020-06-12 09:23:32,020|base_page.py[line:222] INFO:Had find the elements successful by xpath via value: //div[@class='card']//div//h4 
2020-06-12 09:23:32,603|base_page.py[line:67] INFO:Had find the element ' Addresses ' successful by xpath via value: //div[@class='card']//div//h4[text()='Addresses'] 
2020-06-12 09:23:33,154|base_page.py[line:67] INFO:Had find the element ' New ' successful by xpath via value: //div[@class='glo-row']/div[2]//button[text()=' New'] 
2020-06-12 09:23:33,312|base_page.py[line:156] INFO:The element ' New ' was clicked.
2020-06-12 09:23:33,856|base_page.py[line:67] INFO:Had find the element ' Select one...
Consultant
Home
Office
Mailing
Billing-Mineral
Unknown ' successful by xpath via value: //select[@name='addressType'] 
2020-06-12 09:23:33,982|base_page.py[line:156] INFO:The element ' Select one...
Consultant
Home
Office
Mailing
Billing-Mineral
Unknown ' was clicked.
2020-06-12 09:23:34,510|base_page.py[line:67] INFO:Had find the element ' Select one...
Consultant
Home
Office
Mailing
Billing-Mineral
Unknown ' successful by xpath via value: //select[@name='addressType'] 
2020-06-12 09:23:35,165|base_page.py[line:67] INFO:Had find the element '  ' successful by xpath via value: //input[@name='address1'] 
2020-06-12 09:23:35,278|base_page.py[line:156] INFO:The element '  ' was clicked.
2020-06-12 09:23:35,813|base_page.py[line:67] INFO:Had find the element '  ' successful by xpath via value: //input[@name='address1'] 
2020-06-12 09:23:36,363|base_page.py[line:67] INFO:Had find the element '  ' successful by xpath via value: //input[@name='address1'] 
