2020-06-12 09:27:03,603|browser_engine.py[line:27] INFO:You had select Chrome browser.
2020-06-12 09:27:03,604|browser_engine.py[line:29] INFO:The test server url is: https://rralamotest.z21.web.core.windows.net/
2020-06-12 09:27:06,715|browser_engine.py[line:44] INFO:Starting Chrome browser.
2020-06-12 09:27:07,852|browser_engine.py[line:58] INFO:Maximize the current window.
2020-06-12 09:27:23,855|browser_engine.py[line:61] INFO:Open url: https://rralamotest.z21.web.core.windows.net/
2020-06-12 09:27:34,841|base_page.py[line:69] ERROR:TimeoutException: selector by xpath ,value xpath=>//div[@class='localAccount']//div[@class='intro']/h2
2020-06-12 09:27:35,374|base_page.py[line:67] INFO:Had find the element ' Sign in with your existing account ' successful by xpath via value: //div[@class='localAccount']//div[@class='intro']/h2 
2020-06-12 09:27:35,916|base_page.py[line:67] INFO:Had find the element '  ' successful by id via value: logonIdentifier 
2020-06-12 09:27:35,953|base_page.py[line:144] INFO:Clear text in input box before typing.
2020-06-12 09:27:36,492|base_page.py[line:67] INFO:Had find the element '  ' successful by id via value: logonIdentifier 
2020-06-12 09:27:36,708|base_page.py[line:134] INFO:Had type ' yan.liu@an-chen.com ' in inputBox
2020-06-12 09:27:37,247|base_page.py[line:67] INFO:Had find the element '  ' successful by id via value: password 
2020-06-12 09:27:37,296|base_page.py[line:144] INFO:Clear text in input box before typing.
2020-06-12 09:27:37,816|base_page.py[line:67] INFO:Had find the element '  ' successful by id via value: password 
2020-06-12 09:27:38,009|base_page.py[line:134] INFO:Had type ' Lychan@2012 ' in inputBox
2020-06-12 09:27:38,555|base_page.py[line:67] INFO:Had find the element ' Sign in ' successful by xpath via value: //div[@class='buttons']/button[text()='Sign in'] 
2020-06-12 09:27:49,206|base_page.py[line:69] ERROR:TimeoutException: selector by xpath ,value xpath=>//div[@id='root']//div[@class='content-heading']
2020-06-12 09:27:49,769|base_page.py[line:67] INFO:Had find the element ' Welcome, yanliu ' successful by xpath via value: //div[@id='root']//div[@class='content-heading'] 
2020-06-12 09:27:49,769|login.py[line:41] INFO:login success
2020-06-12 09:27:50,337|base_page.py[line:67] INFO:Had find the element ' CUSTOMERS ' successful by id via value: customers 
2020-06-12 09:27:50,475|base_page.py[line:156] INFO:The element ' CUSTOMERS ' was clicked.
2020-06-12 09:27:50,992|base_page.py[line:222] INFO:Had find the elements successful by xpath via value: //ul[@class='dropdown-menu multi-level show']/li/a 
2020-06-12 09:27:51,584|base_page.py[line:67] INFO:Had find the element ' New ' successful by xpath via value: //ul[@class='dropdown-menu multi-level show']/li[2]/a 
2020-06-12 09:27:51,735|base_page.py[line:156] INFO:The element ' New ' was clicked.
2020-06-12 09:27:51,736|topMenu.py[line:69] INFO:second_menu: New
2020-06-12 09:27:52,276|base_page.py[line:67] INFO:Had find the element ' CUSTOMERS ' successful by id via value: customers 
2020-06-12 09:27:52,347|base_page.py[line:156] INFO:The element ' CUSTOMERS ' was clicked.
2020-06-12 09:27:52,866|base_page.py[line:222] INFO:Had find the elements successful by xpath via value: //ul[@class='dropdown-menu multi-level show']/li/a 
2020-06-12 09:27:53,441|base_page.py[line:67] INFO:Had find the element ' New ' successful by xpath via value: //ul[@class='dropdown-menu multi-level show']/li[2]/a 
2020-06-12 09:27:53,551|base_page.py[line:156] INFO:The element ' New ' was clicked.
2020-06-12 09:27:53,551|topMenu.py[line:69] INFO:second_menu: New
2020-06-12 09:27:54,120|base_page.py[line:67] INFO:Had find the element ' Select one...
Person
Organization ' successful by xpath via value: //select[@name='typeName'] 
2020-06-12 09:27:54,212|base_page.py[line:156] INFO:The element ' Select one...
Person
Organization ' was clicked.
2020-06-12 09:27:54,753|base_page.py[line:67] INFO:Had find the element ' Select one...
Person
Organization ' successful by xpath via value: //select[@name='typeName'] 
2020-06-12 09:27:55,395|base_page.py[line:67] INFO:Had find the element ' Select one...
Company
Government
Trust/Estate ' successful by xpath via value: //select[@name='entityClass'] 
2020-06-12 09:27:55,518|base_page.py[line:156] INFO:The element ' Select one...
Company
Government
Trust/Estate ' was clicked.
2020-06-12 09:27:56,041|base_page.py[line:67] INFO:Had find the element ' Select one...
Company
Government
Trust/Estate ' successful by xpath via value: //select[@name='entityClass'] 
2020-06-12 09:27:56,699|base_page.py[line:67] INFO:Had find the element '  ' successful by xpath via value: //form[@class='ie-fix-flex']/div[1]//input[@name='organizationName'] 
2020-06-12 09:27:57,105|base_page.py[line:134] INFO:Had type ' UI Government ' in inputBox
2020-06-12 09:27:57,675|base_page.py[line:67] INFO:Had find the element ' Select one...
Federal
State
County
City
State Higher Education ' successful by xpath via value: //form[@class='ie-fix-flex']/div[1]//select[@name='subClassName'] 
2020-06-12 09:27:57,782|base_page.py[line:156] INFO:The element ' Select one...
Federal
State
County
City
State Higher Education ' was clicked.
2020-06-12 09:27:58,331|base_page.py[line:67] INFO:Had find the element ' Select one...
Federal
State
County
City
State Higher Education ' successful by xpath via value: //form[@class='ie-fix-flex']/div[1]//select[@name='subClassName'] 
2020-06-12 09:27:59,043|base_page.py[line:67] INFO:Had find the element ' Select one...
AK
AL
AR
AZ
CA
CO
CT
DC
DE
FL
GA
HI
IA
ID
IL
IN
KS
KY
LA
MA
MD
ME
MI
MN
MO
MS
MT
NC
ND
NE
NH
NJ
NM
NV
NY
OH
OK
OR
PA
RI
SC
SD
TN
TX
UT
VA
VT
WA
WI
WV
WY
ON
NL
BC ' successful by xpath via value: //form[@class='ie-fix-flex']/div[1]//select[@name='stateOfIncorporation'] 
2020-06-12 09:27:59,218|base_page.py[line:156] INFO:The element ' Select one...
AK
AL
AR
AZ
CA
CO
CT
DC
DE
FL
GA
HI
IA
ID
IL
IN
KS
KY
LA
MA
MD
ME
MI
MN
MO
MS
MT
NC
ND
NE
NH
NJ
NM
NV
NY
OH
OK
OR
PA
RI
SC
SD
TN
TX
UT
VA
VT
WA
WI
WV
WY
ON
NL
BC ' was clicked.
2020-06-12 09:27:59,842|base_page.py[line:67] INFO:Had find the element ' Select one...
AK
AL
AR
AZ
CA
CO
CT
DC
DE
FL
GA
HI
IA
ID
IL
IN
KS
KY
LA
MA
MD
ME
MI
MN
MO
MS
MT
NC
ND
NE
NH
NJ
NM
NV
NY
OH
OK
OR
PA
RI
SC
SD
TN
TX
UT
VA
VT
WA
WI
WV
WY
ON
NL
BC ' successful by xpath via value: //form[@class='ie-fix-flex']/div[1]//select[@name='stateOfIncorporation'] 
2020-06-12 09:28:00,493|base_page.py[line:67] INFO:Had find the element '  ' successful by xpath via value: //form[@class='ie-fix-flex']/div[2]//div[@class='col-md-8']/div[1]//input[@name='firstName'] 
2020-06-12 09:28:00,772|base_page.py[line:134] INFO:Had type ' contact1 ' in inputBox
2020-06-12 09:28:01,310|base_page.py[line:67] INFO:Had find the element '  ' successful by xpath via value: //form[@class='ie-fix-flex']/div[2]//div[@class='col-md-8']/div[1]//input[@name='lastName'] 
2020-06-12 09:28:01,523|base_page.py[line:134] INFO:Had type ' contact1 ' in inputBox
2020-06-12 09:28:02,115|base_page.py[line:67] INFO:Had find the element ' Select one...
Accountant
Administrator
Agent
Analyst
Assistant
Associate
Bookkeeper
Clerk
Compliance
Consultant
Controller
Coordinator
CPA
Engineer
Executive
Geologist
Judge
Manager
Managing Member
Operator
Owner
Partner
Representative
Self
Specialist
Spouse
Supervisor
Technologist
Trustee
Unknown
BAN Contact
RRAC Contact
President ' successful by xpath via value: //div[@class='col-md-8']/div[1]//select[@name='contactRole'] 
2020-06-12 09:28:02,298|base_page.py[line:156] INFO:The element ' Select one...
Accountant
Administrator
Agent
Analyst
Assistant
Associate
Bookkeeper
Clerk
Compliance
Consultant
Controller
Coordinator
CPA
Engineer
Executive
Geologist
Judge
Manager
Managing Member
Operator
Owner
Partner
Representative
Self
Specialist
Spouse
Supervisor
Technologist
Trustee
Unknown
BAN Contact
RRAC Contact
President ' was clicked.
2020-06-12 09:28:02,869|base_page.py[line:67] INFO:Had find the element ' Select one...
Accountant
Administrator
Agent
Analyst
Assistant
Associate
Bookkeeper
Clerk
Compliance
Consultant
Controller
Coordinator
CPA
Engineer
Executive
Geologist
Judge
Manager
Managing Member
Operator
Owner
Partner
Representative
Self
Specialist
Spouse
Supervisor
Technologist
Trustee
Unknown
BAN Contact
RRAC Contact
President ' successful by xpath via value: //div[@class='col-md-8']/div[1]//select[@name='contactRole'] 
2020-06-12 09:28:03,544|base_page.py[line:67] INFO:Had find the element ' Select one...
Personal
Business
Company
Government
Unknown ' successful by xpath via value: //div[@class='col-md-8']/div[1]//select[@name='emailType'] 
2020-06-12 09:28:03,670|base_page.py[line:156] INFO:The element ' Select one...
Personal
Business
Company
Government
Unknown ' was clicked.
2020-06-12 09:28:04,223|base_page.py[line:67] INFO:Had find the element ' Select one...
Personal
Business
Company
Government
Unknown ' successful by xpath via value: //div[@class='col-md-8']/div[1]//select[@name='emailType'] 
2020-06-12 09:28:04,866|base_page.py[line:67] INFO:Had find the element '  ' successful by xpath via value: //div[@class='col-md-8']/div[1]//input[@name='emailAddress'] 
2020-06-12 09:28:05,166|base_page.py[line:134] INFO:Had type ' test@qq.com ' in inputBox
2020-06-12 09:28:05,707|base_page.py[line:67] INFO:Had find the element '  ' successful by xpath via value: //div[@class='col-md-8']/div[1]//div[@class='card-body bg-light']/div[1]//input[@name='areaCode'] 
2020-06-12 09:28:05,850|base_page.py[line:134] INFO:Had type ' 123 ' in inputBox
2020-06-12 09:28:06,385|base_page.py[line:67] INFO:Had find the element '  ' successful by xpath via value: //div[@class='col-md-8']/div[1]//div[@class='card-body bg-light']/div[1]//input[@name='phone'] 
2020-06-12 09:28:06,551|base_page.py[line:134] INFO:Had type ' 4567890 ' in inputBox
2020-06-12 09:28:07,130|base_page.py[line:67] INFO:Had find the element ' Select one...
Cell
Fax
Home
Office
Other
Unknown ' successful by xpath via value: //div[@class='col-md-8']/div[1]//div[@class='card-body bg-light']/div[1]//select[@name='phoneType'] 
2020-06-12 09:28:07,321|base_page.py[line:156] INFO:The element ' Select one...
Cell
Fax
Home
Office
Other
Unknown ' was clicked.
2020-06-12 09:28:07,858|base_page.py[line:67] INFO:Had find the element ' Select one...
Cell
Fax
Home
Office
Other
Unknown ' successful by xpath via value: //div[@class='col-md-8']/div[1]//div[@class='card-body bg-light']/div[1]//select[@name='phoneType'] 
2020-06-12 09:28:08,524|base_page.py[line:67] INFO:Had find the element ' Add Phone 2 ' successful by xpath via value: //div[@class='col-md-8']/div[1]//p[text()='Phone 2'] 
2020-06-12 09:28:08,644|base_page.py[line:156] INFO:The element ' Add Phone 2 ' was clicked.
2020-06-12 09:28:09,193|base_page.py[line:67] INFO:Had find the element '  ' successful by xpath via value: //div[@class='col-md-8']/div[1]//div[@class='card-body bg-light']/div[3]//input[@name='areaCode'] 
2020-06-12 09:28:09,333|base_page.py[line:134] INFO:Had type ' 111 ' in inputBox
2020-06-12 09:28:09,870|base_page.py[line:67] INFO:Had find the element '  ' successful by xpath via value: //div[@class='col-md-8']/div[1]//div[@class='card-body bg-light']/div[3]//input[@name='phone'] 
2020-06-12 09:28:10,064|base_page.py[line:134] INFO:Had type ' 1111111 ' in inputBox
2020-06-12 09:28:10,627|base_page.py[line:67] INFO:Had find the element ' Select one...
Cell
Fax
Home
Office
Other
Unknown ' successful by xpath via value: //div[@class='col-md-8']/div[1]//div[@class='card-body bg-light']/div[3]//select[@name='phoneType'] 
2020-06-12 09:28:10,737|base_page.py[line:156] INFO:The element ' Select one...
Cell
Fax
Home
Office
Other
Unknown ' was clicked.
2020-06-12 09:28:11,289|base_page.py[line:67] INFO:Had find the element ' Select one...
Cell
Fax
Home
Office
Other
Unknown ' successful by xpath via value: //div[@class='col-md-8']/div[1]//div[@class='card-body bg-light']/div[3]//select[@name='phoneType'] 
2020-06-12 09:28:11,950|base_page.py[line:67] INFO:Had find the element ' Add Phone 3 ' successful by xpath via value: //div[@class='col-md-8']/div[1]//p[text()='Phone 3'] 
2020-06-12 09:28:12,079|base_page.py[line:156] INFO:The element ' Add Phone 3 ' was clicked.
2020-06-12 09:28:12,638|base_page.py[line:67] INFO:Had find the element '  ' successful by xpath via value: //div[@class='col-md-8']/div[1]//div[@class='card-body bg-light']/div[5]//input[@name='areaCode'] 
2020-06-12 09:28:12,781|base_page.py[line:134] INFO:Had type ' 222 ' in inputBox
2020-06-12 09:28:13,336|base_page.py[line:67] INFO:Had find the element '  ' successful by xpath via value: //div[@class='col-md-8']/div[1]//div[@class='card-body bg-light']/div[5]//input[@name='phone'] 
2020-06-12 09:28:13,510|base_page.py[line:134] INFO:Had type ' 2222222 ' in inputBox
2020-06-12 09:28:14,079|base_page.py[line:67] INFO:Had find the element ' Select one...
Cell
Fax
Home
Office
Other
Unknown ' successful by xpath via value: //div[@class='col-md-8']/div[1]//div[@class='card-body bg-light']/div[5]//select[@name='phoneType'] 
2020-06-12 09:28:14,182|base_page.py[line:156] INFO:The element ' Select one...
Cell
Fax
Home
Office
Other
Unknown ' was clicked.
2020-06-12 09:28:14,741|base_page.py[line:67] INFO:Had find the element ' Select one...
Cell
Fax
Home
Office
Other
Unknown ' successful by xpath via value: //div[@class='col-md-8']/div[1]//div[@class='card-body bg-light']/div[5]//select[@name='phoneType'] 
2020-06-12 09:28:15,375|base_page.py[line:67] INFO:Had find the element ' Add Contact 2 ' successful by xpath via value: //p[text()='Contact 2'] 
2020-06-12 09:28:15,473|base_page.py[line:156] INFO:The element ' Add Contact 2 ' was clicked.
2020-06-12 09:28:16,016|base_page.py[line:67] INFO:Had find the element '  ' successful by xpath via value: //form[@class='ie-fix-flex']/div[2]//div[@class='col-md-8']/div[3]//input[@name='firstName'] 
2020-06-12 09:28:16,325|base_page.py[line:134] INFO:Had type ' contact2 ' in inputBox
2020-06-12 09:28:16,858|base_page.py[line:67] INFO:Had find the element '  ' successful by xpath via value: //form[@class='ie-fix-flex']/div[2]//div[@class='col-md-8']/div[3]//input[@name='lastName'] 
2020-06-12 09:28:17,070|base_page.py[line:134] INFO:Had type ' contact2 ' in inputBox
2020-06-12 09:28:17,643|base_page.py[line:67] INFO:Had find the element ' Select one...
Accountant
Administrator
Agent
Analyst
Assistant
Associate
Bookkeeper
Clerk
Compliance
Consultant
Controller
Coordinator
CPA
Engineer
Executive
Geologist
Judge
Manager
Managing Member
Operator
Owner
Partner
Representative
Self
Specialist
Spouse
Supervisor
Technologist
Trustee
Unknown
BAN Contact
RRAC Contact
President ' successful by xpath via value: //div[@class='col-md-8']/div[3]//select[@name='contactRole'] 
2020-06-12 09:28:17,800|base_page.py[line:156] INFO:The element ' Select one...
Accountant
Administrator
Agent
Analyst
Assistant
Associate
Bookkeeper
Clerk
Compliance
Consultant
Controller
Coordinator
CPA
Engineer
Executive
Geologist
Judge
Manager
Managing Member
Operator
Owner
Partner
Representative
Self
Specialist
Spouse
Supervisor
Technologist
Trustee
Unknown
BAN Contact
RRAC Contact
President ' was clicked.
2020-06-12 09:28:18,382|base_page.py[line:67] INFO:Had find the element ' Select one...
Accountant
Administrator
Agent
Analyst
Assistant
Associate
Bookkeeper
Clerk
Compliance
Consultant
Controller
Coordinator
CPA
Engineer
Executive
Geologist
Judge
Manager
Managing Member
Operator
Owner
Partner
Representative
Self
Specialist
Spouse
Supervisor
Technologist
Trustee
Unknown
BAN Contact
RRAC Contact
President ' successful by xpath via value: //div[@class='col-md-8']/div[3]//select[@name='contactRole'] 
2020-06-12 09:28:19,036|base_page.py[line:67] INFO:Had find the element ' Select one...
Personal
Business
Company
Government
Unknown ' successful by xpath via value: //div[@class='col-md-8']/div[3]//select[@name='emailType'] 
2020-06-12 09:28:19,175|base_page.py[line:156] INFO:The element ' Select one...
Personal
Business
Company
Government
Unknown ' was clicked.
2020-06-12 09:28:19,736|base_page.py[line:67] INFO:Had find the element ' Select one...
Personal
Business
Company
Government
Unknown ' successful by xpath via value: //div[@class='col-md-8']/div[3]//select[@name='emailType'] 
2020-06-12 09:28:20,375|base_page.py[line:67] INFO:Had find the element '  ' successful by xpath via value: //div[@class='col-md-8']/div[3]//input[@name='emailAddress'] 
2020-06-12 09:28:20,732|base_page.py[line:134] INFO:Had type ' test2@qq.com ' in inputBox
2020-06-12 09:28:21,281|base_page.py[line:67] INFO:Had find the element '  ' successful by xpath via value: //div[@class='col-md-8']/div[3]//div[@class='card-body bg-light']/div[1]//input[@name='areaCode'] 
2020-06-12 09:28:21,440|base_page.py[line:134] INFO:Had type ' 123 ' in inputBox
2020-06-12 09:28:22,053|base_page.py[line:67] INFO:Had find the element '  ' successful by xpath via value: //div[@class='col-md-8']/div[3]//div[@class='card-body bg-light']/div[1]//input[@name='phone'] 
2020-06-12 09:28:22,253|base_page.py[line:134] INFO:Had type ' 4567890 ' in inputBox
2020-06-12 09:28:22,824|base_page.py[line:67] INFO:Had find the element ' Select one...
Cell
Fax
Home
Office
Other
Unknown ' successful by xpath via value: //div[@class='col-md-8']/div[3]//div[@class='card-body bg-light']/div[1]//select[@name='phoneType'] 
2020-06-12 09:28:23,026|base_page.py[line:156] INFO:The element ' Select one...
Cell
Fax
Home
Office
Other
Unknown ' was clicked.
2020-06-12 09:28:23,568|base_page.py[line:67] INFO:Had find the element ' Select one...
Cell
Fax
Home
Office
Other
Unknown ' successful by xpath via value: //div[@class='col-md-8']/div[3]//div[@class='card-body bg-light']/div[1]//select[@name='phoneType'] 
2020-06-12 09:28:24,228|base_page.py[line:67] INFO:Had find the element ' Add Phone 2 ' successful by xpath via value: //div[@class='col-md-8']/div[3]//p[text()='Phone 2'] 
2020-06-12 09:28:24,338|base_page.py[line:156] INFO:The element ' Add Phone 2 ' was clicked.
2020-06-12 09:28:24,875|base_page.py[line:67] INFO:Had find the element '  ' successful by xpath via value: //div[@class='col-md-8']/div[3]//div[@class='card-body bg-light']/div[3]//input[@name='areaCode'] 
2020-06-12 09:28:25,028|base_page.py[line:134] INFO:Had type ' 111 ' in inputBox
2020-06-12 09:28:25,563|base_page.py[line:67] INFO:Had find the element '  ' successful by xpath via value: //div[@class='col-md-8']/div[3]//div[@class='card-body bg-light']/div[3]//input[@name='phone'] 
2020-06-12 09:28:25,790|base_page.py[line:134] INFO:Had type ' 1111111 ' in inputBox
2020-06-12 09:28:26,354|base_page.py[line:67] INFO:Had find the element ' Select one...
Cell
Fax
Home
Office
Other
Unknown ' successful by xpath via value: //div[@class='col-md-8']/div[3]//div[@class='card-body bg-light']/div[3]//select[@name='phoneType'] 
2020-06-12 09:28:26,459|base_page.py[line:156] INFO:The element ' Select one...
Cell
Fax
Home
Office
Other
Unknown ' was clicked.
