2020-06-12 09:18:45,860|browser_engine.py[line:27] INFO:You had select Chrome browser.
2020-06-12 09:18:45,860|browser_engine.py[line:29] INFO:The test server url is: https://rralamotest.z21.web.core.windows.net/
2020-06-12 09:18:49,383|browser_engine.py[line:44] INFO:Starting Chrome browser.
2020-06-12 09:18:50,521|browser_engine.py[line:58] INFO:Maximize the current window.
2020-06-12 09:19:19,395|browser_engine.py[line:61] INFO:Open url: https://rralamotest.z21.web.core.windows.net/
2020-06-12 09:19:30,266|base_page.py[line:69] ERROR:TimeoutException: selector by xpath ,value xpath=>//div[@class='localAccount']//div[@class='intro']/h2
2020-06-12 09:19:30,810|base_page.py[line:67] INFO:Had find the element ' Sign in with your existing account ' successful by xpath via value: //div[@class='localAccount']//div[@class='intro']/h2 
2020-06-12 09:19:31,365|base_page.py[line:67] INFO:Had find the element '  ' successful by id via value: logonIdentifier 
2020-06-12 09:19:31,418|base_page.py[line:144] INFO:Clear text in input box before typing.
2020-06-12 09:19:31,938|base_page.py[line:67] INFO:Had find the element '  ' successful by id via value: logonIdentifier 
2020-06-12 09:19:32,094|base_page.py[line:134] INFO:Had type ' yan.liu@an-chen.com ' in inputBox
2020-06-12 09:19:32,634|base_page.py[line:67] INFO:Had find the element '  ' successful by id via value: password 
2020-06-12 09:19:32,679|base_page.py[line:144] INFO:Clear text in input box before typing.
2020-06-12 09:19:33,434|base_page.py[line:67] INFO:Had find the element '  ' successful by id via value: password 
2020-06-12 09:19:33,776|base_page.py[line:134] INFO:Had type ' Lychan@2012 ' in inputBox
2020-06-12 09:19:34,335|base_page.py[line:67] INFO:Had find the element ' Sign in ' successful by xpath via value: //div[@class='buttons']/button[text()='Sign in'] 
2020-06-12 09:19:45,007|base_page.py[line:69] ERROR:TimeoutException: selector by xpath ,value xpath=>//div[@id='root']//div[@class='content-heading']
2020-06-12 09:19:47,409|base_page.py[line:67] INFO:Had find the element ' Welcome, yanliu ' successful by xpath via value: //div[@id='root']//div[@class='content-heading'] 
2020-06-12 09:19:47,409|login.py[line:41] INFO:login success
2020-06-12 09:19:58,387|base_page.py[line:69] ERROR:TimeoutException: selector by id ,value id=>alano-glo-brand-logo
2020-06-12 09:19:58,918|base_page.py[line:67] INFO:Had find the element '  ' successful by id via value: alano-glo-brand-logo 
2020-06-12 09:19:59,001|base_page.py[line:156] INFO:The element '  ' was clicked.
2020-06-12 09:20:09,995|base_page.py[line:69] ERROR:TimeoutException: selector by xpath ,value xpath=>//div[@class='card']/form//div[@id='homeGrid']/div//h2
2020-06-12 09:20:10,513|base_page.py[line:222] INFO:Had find the elements successful by xpath via value: //div[@class='card']/form//div[@id='homeGrid']/div//h2 
2020-06-12 09:20:11,117|base_page.py[line:67] INFO:Had find the element '  ' successful by xpath via value: //div[@class='card']/form//div[@id='homeGrid']/div[4]//input 
2020-06-12 09:20:11,345|base_page.py[line:134] INFO:Had type ' C000089464 ' in inputBox
2020-06-12 09:20:11,880|base_page.py[line:67] INFO:Had find the element ' Go ' successful by xpath via value: //div[@class='card']/form//div[@id='homeGrid']/div[4]/div/button 
2020-06-12 09:20:11,949|base_page.py[line:156] INFO:The element ' Go ' was clicked.
2020-06-12 09:20:11,949|homePage.py[line:50] INFO:module_name: Customers
2020-06-12 09:20:15,109|base_page.py[line:67] INFO:Had find the element ' History ' successful by xpath via value: //div[@class='btn-toolbar']/button[text()='History'] 
2020-06-12 09:20:15,239|base_page.py[line:156] INFO:The element ' History ' was clicked.
2020-06-12 09:20:16,772|base_page.py[line:67] INFO:Had find the element ' History for TblBusinessEntity ' successful by xpath via value: //h4[@class='modal-title'] 
2020-06-12 09:20:17,320|base_page.py[line:67] INFO:Had find the element ' × ' successful by xpath via value: //button[@class='close'] 
2020-06-12 09:20:28,201|base_page.py[line:69] ERROR:TimeoutException: selector by xpath ,value xpath=>//div[@class='card']//li/a[text()='Entity']
2020-06-12 09:20:28,737|base_page.py[line:67] INFO:Had find the element ' Entity ' successful by xpath via value: //div[@class='card']//li/a[text()='Entity'] 
2020-06-12 09:20:28,915|base_page.py[line:156] INFO:The element ' Entity ' was clicked.
2020-06-12 09:20:29,430|base_page.py[line:222] INFO:Had find the elements successful by xpath via value: //div[@class='card']//div//h4 
2020-06-12 09:20:29,997|base_page.py[line:67] INFO:Had find the element ' Customer Summary ' successful by xpath via value: //div[@class='card']//div//h4[text()='Customer Summary'] 
2020-06-12 09:20:30,541|base_page.py[line:67] INFO:Had find the element ' Details ' successful by xpath via value: //div[@class='glo-row']/div[1]//button[text()=' Details'] 
2020-06-12 09:20:30,653|base_page.py[line:156] INFO:The element ' Details ' was clicked.
2020-06-12 09:20:31,181|base_page.py[line:67] INFO:Had find the element '  ' successful by xpath via value: //h4[@class='modal-title'] 
2020-06-12 09:20:31,721|base_page.py[line:67] INFO:Had find the element ' × ' successful by xpath via value: //button[@class='close'] 
2020-06-12 09:20:32,274|base_page.py[line:222] INFO:Had find the elements successful by xpath via value: //div[@class='card']//div//h4 
2020-06-12 09:20:32,835|base_page.py[line:67] INFO:Had find the element ' Customer Summary ' successful by xpath via value: //div[@class='card']//div//h4[text()='Customer Summary'] 
