2020-06-12 11:13:59,606|browser_engine.py[line:27] INFO:You had select Chrome browser.
2020-06-12 11:13:59,606|browser_engine.py[line:29] INFO:The test server url is: https://rralamotest.z21.web.core.windows.net/
2020-06-12 11:14:05,337|browser_engine.py[line:44] INFO:Starting Chrome browser.
2020-06-12 11:14:06,490|browser_engine.py[line:58] INFO:Maximize the current window.
2020-06-12 11:14:31,139|browser_engine.py[line:61] INFO:Open url: https://rralamotest.z21.web.core.windows.net/
2020-06-12 11:14:41,746|base_page.py[line:69] ERROR:TimeoutException: selector by xpath ,value xpath=>//div[@class='localAccount']//div[@class='intro']/h2
2020-06-12 11:14:42,292|base_page.py[line:67] INFO:Had find the element ' Sign in with your existing account ' successful by xpath via value: //div[@class='localAccount']//div[@class='intro']/h2 
2020-06-12 11:14:42,869|base_page.py[line:67] INFO:Had find the element '  ' successful by id via value: logonIdentifier 
2020-06-12 11:14:42,930|base_page.py[line:144] INFO:Clear text in input box before typing.
2020-06-12 11:14:43,467|base_page.py[line:67] INFO:Had find the element '  ' successful by id via value: logonIdentifier 
2020-06-12 11:14:43,692|base_page.py[line:134] INFO:Had type ' yan.liu@an-chen.com ' in inputBox
2020-06-12 11:14:44,254|base_page.py[line:67] INFO:Had find the element '  ' successful by id via value: password 
2020-06-12 11:14:44,291|base_page.py[line:144] INFO:Clear text in input box before typing.
2020-06-12 11:14:44,813|base_page.py[line:67] INFO:Had find the element '  ' successful by id via value: password 
2020-06-12 11:14:45,099|base_page.py[line:134] INFO:Had type ' Lychan@2012 ' in inputBox
2020-06-12 11:14:45,661|base_page.py[line:67] INFO:Had find the element ' Sign in ' successful by xpath via value: //div[@class='buttons']/button[text()='Sign in'] 
2020-06-12 11:15:09,461|base_page.py[line:69] ERROR:TimeoutException: selector by xpath ,value xpath=>//div[@id='root']//div[@class='content-heading']
2020-06-12 11:15:27,259|base_page.py[line:67] INFO:Had find the element ' Welcome, yanliu ' successful by xpath via value: //div[@id='root']//div[@class='content-heading'] 
2020-06-12 11:15:27,260|login.py[line:41] INFO:login success
2020-06-12 11:15:27,945|base_page.py[line:67] INFO:Had find the element ' CUSTOMERS ' successful by id via value: customers 
2020-06-12 11:15:28,094|base_page.py[line:156] INFO:The element ' CUSTOMERS ' was clicked.
2020-06-12 11:15:28,618|base_page.py[line:222] INFO:Had find the elements successful by xpath via value: //ul[@class='dropdown-menu multi-level show']/li/a 
2020-06-12 11:15:29,200|base_page.py[line:67] INFO:Had find the element ' New ' successful by xpath via value: //ul[@class='dropdown-menu multi-level show']/li[2]/a 
2020-06-12 11:15:29,361|base_page.py[line:156] INFO:The element ' New ' was clicked.
2020-06-12 11:15:29,361|topMenu.py[line:69] INFO:second_menu: New
2020-06-12 11:15:29,985|base_page.py[line:67] INFO:Had find the element ' Select one...
Person
Organization ' successful by xpath via value: //select[@name='typeName'] 
2020-06-12 11:15:30,361|base_page.py[line:156] INFO:The element ' Select one...
Person
Organization ' was clicked.
2020-06-12 11:15:30,940|base_page.py[line:67] INFO:Had find the element ' Select one...
Person
Organization ' successful by xpath via value: //select[@name='typeName'] 
2020-06-12 11:15:32,224|base_page.py[line:67] INFO:Had find the element ' Select one...
Sole Proprietor
Individual
Household ' successful by xpath via value: //select[@name='entityClass'] 
2020-06-12 11:15:32,696|base_page.py[line:156] INFO:The element ' Select one...
Sole Proprietor
Individual
Household ' was clicked.
2020-06-12 11:15:33,637|base_page.py[line:67] INFO:Had find the element ' Select one...
Sole Proprietor
Individual
Household ' successful by xpath via value: //select[@name='entityClass'] 
2020-06-12 11:15:34,965|base_page.py[line:67] INFO:Had find the element ' Select one...
Mr.
Mrs.
Ms.
Miss
Dr.
Rev.
N/A ' successful by xpath via value: //form[@class='ie-fix-flex']/div[1]//select[@name='salutation'] 
2020-06-12 11:15:35,813|base_page.py[line:156] INFO:The element ' Select one...
Mr.
Mrs.
Ms.
Miss
Dr.
Rev.
N/A ' was clicked.
2020-06-12 11:15:36,572|base_page.py[line:67] INFO:Had find the element ' Select one...
Mr.
Mrs.
Ms.
Miss
Dr.
Rev.
N/A ' successful by xpath via value: //form[@class='ie-fix-flex']/div[1]//select[@name='salutation'] 
2020-06-12 11:15:38,539|base_page.py[line:67] INFO:Had find the element '  ' successful by xpath via value: //form[@class='ie-fix-flex']/div[1]//input[@name='firstName'] 
2020-06-12 11:15:41,322|base_page.py[line:134] INFO:Had type ' UI Individual ' in inputBox
2020-06-12 11:15:41,933|base_page.py[line:67] INFO:Had find the element '  ' successful by xpath via value: //form[@class='ie-fix-flex']/div[1]//input[@name='lastName'] 
2020-06-12 11:15:42,907|base_page.py[line:134] INFO:Had type ' UI Last ' in inputBox
2020-06-12 11:15:43,741|base_page.py[line:67] INFO:Had find the element ' Select one...
Sr.
Jr.
II
III
IV
M.D.
D.D.S.
Ph.D.
et al
et ux
Trustee ' successful by xpath via value: //form[@class='ie-fix-flex']/div[1]//select[@name='suffix'] 
2020-06-12 11:15:44,157|base_page.py[line:156] INFO:The element ' Select one...
Sr.
Jr.
II
III
IV
M.D.
D.D.S.
Ph.D.
et al
et ux
Trustee ' was clicked.
2020-06-12 11:15:44,732|base_page.py[line:67] INFO:Had find the element ' Select one...
Sr.
Jr.
II
III
IV
M.D.
D.D.S.
Ph.D.
et al
et ux
Trustee ' successful by xpath via value: //form[@class='ie-fix-flex']/div[1]//select[@name='suffix'] 
2020-06-12 11:15:45,648|base_page.py[line:67] INFO:Had find the element '  ' successful by xpath via value: //form[@class='ie-fix-flex']/div[2]//div[@class='col-md-8']/div[1]//input[@name='firstName'] 
2020-06-12 11:15:46,150|base_page.py[line:134] INFO:Had type ' contact1 ' in inputBox
2020-06-12 11:15:46,794|base_page.py[line:67] INFO:Had find the element '  ' successful by xpath via value: //form[@class='ie-fix-flex']/div[2]//div[@class='col-md-8']/div[1]//input[@name='lastName'] 
2020-06-12 11:15:47,170|base_page.py[line:134] INFO:Had type ' contact1 ' in inputBox
2020-06-12 11:15:47,784|base_page.py[line:67] INFO:Had find the element ' Select one...
Accountant
Administrator
Agent
Analyst
Assistant
Associate
Bookkeeper
Clerk
Compliance
Consultant
Controller
Coordinator
CPA
Engineer
Executive
Geologist
Judge
Manager
Managing Member
Operator
Owner
Partner
Representative
Self
Specialist
Spouse
Supervisor
Technologist
Trustee
Unknown
BAN Contact
RRAC Contact
President ' successful by xpath via value: //div[@class='col-md-8']/div[1]//select[@name='contactRole'] 
2020-06-12 11:15:48,058|base_page.py[line:156] INFO:The element ' Select one...
Accountant
Administrator
Agent
Analyst
Assistant
Associate
Bookkeeper
Clerk
Compliance
Consultant
Controller
Coordinator
CPA
Engineer
Executive
Geologist
Judge
Manager
Managing Member
Operator
Owner
Partner
Representative
Self
Specialist
Spouse
Supervisor
Technologist
Trustee
Unknown
BAN Contact
RRAC Contact
President ' was clicked.
2020-06-12 11:15:48,682|base_page.py[line:67] INFO:Had find the element ' Select one...
Accountant
Administrator
Agent
Analyst
Assistant
Associate
Bookkeeper
Clerk
Compliance
Consultant
Controller
Coordinator
CPA
Engineer
Executive
Geologist
Judge
Manager
Managing Member
Operator
Owner
Partner
Representative
Self
Specialist
Spouse
Supervisor
Technologist
Trustee
Unknown
BAN Contact
RRAC Contact
President ' successful by xpath via value: //div[@class='col-md-8']/div[1]//select[@name='contactRole'] 
2020-06-12 11:15:49,421|base_page.py[line:67] INFO:Had find the element ' Select one...
Personal
Business
Company
Government
Unknown ' successful by xpath via value: //div[@class='col-md-8']/div[1]//select[@name='emailType'] 
2020-06-12 11:15:49,702|base_page.py[line:156] INFO:The element ' Select one...
Personal
Business
Company
Government
Unknown ' was clicked.
2020-06-12 11:15:50,252|base_page.py[line:67] INFO:Had find the element ' Select one...
Personal
Business
Company
Government
Unknown ' successful by xpath via value: //div[@class='col-md-8']/div[1]//select[@name='emailType'] 
2020-06-12 11:15:51,013|base_page.py[line:67] INFO:Had find the element '  ' successful by xpath via value: //div[@class='col-md-8']/div[1]//input[@name='emailAddress'] 
2020-06-12 11:15:51,618|base_page.py[line:134] INFO:Had type ' test1@qq.com ' in inputBox
2020-06-12 11:15:52,339|base_page.py[line:67] INFO:Had find the element '  ' successful by xpath via value: //div[@class='col-md-8']/div[1]//div[@class='card-body bg-light']/div[1]//input[@name='areaCode'] 
2020-06-12 11:15:52,634|base_page.py[line:134] INFO:Had type ' 111 ' in inputBox
2020-06-12 11:15:53,232|base_page.py[line:67] INFO:Had find the element '  ' successful by xpath via value: //div[@class='col-md-8']/div[1]//div[@class='card-body bg-light']/div[1]//input[@name='phone'] 
2020-06-12 11:15:53,562|base_page.py[line:134] INFO:Had type ' 1111111 ' in inputBox
2020-06-12 11:15:54,140|base_page.py[line:67] INFO:Had find the element ' Select one...
Cell
Fax
Home
Office
Other
Unknown ' successful by xpath via value: //div[@class='col-md-8']/div[1]//div[@class='card-body bg-light']/div[1]//select[@name='phoneType'] 
2020-06-12 11:15:54,390|base_page.py[line:156] INFO:The element ' Select one...
Cell
Fax
Home
Office
Other
Unknown ' was clicked.
2020-06-12 11:15:54,968|base_page.py[line:67] INFO:Had find the element ' Select one...
Cell
Fax
Home
Office
Other
Unknown ' successful by xpath via value: //div[@class='col-md-8']/div[1]//div[@class='card-body bg-light']/div[1]//select[@name='phoneType'] 
2020-06-12 11:15:55,724|base_page.py[line:67] INFO:Had find the element ' Save ' successful by xpath via value: //button[text()='Save'] 
2020-06-12 11:15:55,918|base_page.py[line:156] INFO:The element ' Save ' was clicked.
2020-06-12 11:15:58,487|base_page.py[line:67] INFO:Had find the element ' Entity: UI Individual created successfully. ' successful by xpath via value: //div[@role='alert'] 
2020-06-12 11:15:59,139|base_page.py[line:67] INFO:Had find the element ' CUSTOMERS ' successful by id via value: customers 
2020-06-12 11:15:59,321|base_page.py[line:156] INFO:The element ' CUSTOMERS ' was clicked.
2020-06-12 11:15:59,851|base_page.py[line:222] INFO:Had find the elements successful by xpath via value: //ul[@class='dropdown-menu multi-level show']/li/a 
2020-06-12 11:16:00,556|base_page.py[line:67] INFO:Had find the element ' New ' successful by xpath via value: //ul[@class='dropdown-menu multi-level show']/li[2]/a 
2020-06-12 11:16:00,862|base_page.py[line:156] INFO:The element ' New ' was clicked.
2020-06-12 11:16:00,863|topMenu.py[line:69] INFO:second_menu: New
2020-06-12 11:16:01,585|base_page.py[line:67] INFO:Had find the element ' Select one...
Person
Organization ' successful by xpath via value: //select[@name='typeName'] 
2020-06-12 11:16:02,113|base_page.py[line:156] INFO:The element ' Select one...
Person
Organization ' was clicked.
2020-06-12 11:16:02,673|base_page.py[line:67] INFO:Had find the element ' Select one...
Person
Organization ' successful by xpath via value: //select[@name='typeName'] 
2020-06-12 11:16:03,506|base_page.py[line:67] INFO:Had find the element ' Select one...
Sole Proprietor
Individual
Household ' successful by xpath via value: //select[@name='entityClass'] 
2020-06-12 11:16:03,887|base_page.py[line:156] INFO:The element ' Select one...
Sole Proprietor
Individual
Household ' was clicked.
2020-06-12 11:16:04,501|base_page.py[line:67] INFO:Had find the element ' Select one...
Sole Proprietor
Individual
Household ' successful by xpath via value: //select[@name='entityClass'] 
2020-06-12 11:16:05,313|base_page.py[line:67] INFO:Had find the element '  ' successful by xpath via value: //form[@class='ie-fix-flex']/div[1]//input[@name='fullName'] 
2020-06-12 11:16:06,036|base_page.py[line:134] INFO:Had type ' UI Household ' in inputBox
2020-06-12 11:16:06,618|base_page.py[line:67] INFO:Had find the element '  ' successful by xpath via value: //form[@class='ie-fix-flex']/div[1]//input[@name='defaultSort'] 
2020-06-12 11:16:07,316|base_page.py[line:134] INFO:Had type ' UI Default sort ' in inputBox
2020-06-12 11:16:07,886|base_page.py[line:67] INFO:Had find the element '  ' successful by xpath via value: //form[@class='ie-fix-flex']/div[2]//div[@class='col-md-8']/div[1]//input[@name='firstName'] 
2020-06-12 11:16:08,279|base_page.py[line:134] INFO:Had type ' contact2 ' in inputBox
2020-06-12 11:16:09,088|base_page.py[line:67] INFO:Had find the element '  ' successful by xpath via value: //form[@class='ie-fix-flex']/div[2]//div[@class='col-md-8']/div[1]//input[@name='lastName'] 
2020-06-12 11:16:09,473|base_page.py[line:134] INFO:Had type ' contact2 ' in inputBox
2020-06-12 11:16:10,137|base_page.py[line:67] INFO:Had find the element ' Select one...
Accountant
Administrator
Agent
Analyst
Assistant
Associate
Bookkeeper
Clerk
Compliance
Consultant
Controller
Coordinator
CPA
Engineer
Executive
Geologist
Judge
Manager
Managing Member
Operator
Owner
Partner
Representative
Self
Specialist
Spouse
Supervisor
Technologist
Trustee
Unknown
BAN Contact
RRAC Contact
President ' successful by xpath via value: //div[@class='col-md-8']/div[1]//select[@name='contactRole'] 
2020-06-12 11:16:10,474|base_page.py[line:156] INFO:The element ' Select one...
Accountant
Administrator
Agent
Analyst
Assistant
Associate
Bookkeeper
Clerk
Compliance
Consultant
Controller
Coordinator
CPA
Engineer
Executive
Geologist
Judge
Manager
Managing Member
Operator
Owner
Partner
Representative
Self
Specialist
Spouse
Supervisor
Technologist
Trustee
Unknown
BAN Contact
RRAC Contact
President ' was clicked.
2020-06-12 11:16:11,096|base_page.py[line:67] INFO:Had find the element ' Select one...
Accountant
Administrator
Agent
Analyst
Assistant
Associate
Bookkeeper
Clerk
Compliance
Consultant
Controller
Coordinator
CPA
Engineer
Executive
Geologist
Judge
Manager
Managing Member
Operator
Owner
Partner
Representative
Self
Specialist
Spouse
Supervisor
Technologist
Trustee
Unknown
BAN Contact
RRAC Contact
President ' successful by xpath via value: //div[@class='col-md-8']/div[1]//select[@name='contactRole'] 
2020-06-12 11:16:11,851|base_page.py[line:67] INFO:Had find the element ' Select one...
Personal
Business
Company
Government
Unknown ' successful by xpath via value: //div[@class='col-md-8']/div[1]//select[@name='emailType'] 
2020-06-12 11:16:12,105|base_page.py[line:156] INFO:The element ' Select one...
Personal
Business
Company
Government
Unknown ' was clicked.
2020-06-12 11:16:12,671|base_page.py[line:67] INFO:Had find the element ' Select one...
Personal
Business
Company
Government
Unknown ' successful by xpath via value: //div[@class='col-md-8']/div[1]//select[@name='emailType'] 
2020-06-12 11:16:13,430|base_page.py[line:67] INFO:Had find the element '  ' successful by xpath via value: //div[@class='col-md-8']/div[1]//input[@name='emailAddress'] 
2020-06-12 11:16:14,025|base_page.py[line:134] INFO:Had type ' test2@qq.com ' in inputBox
2020-06-12 11:16:14,670|base_page.py[line:67] INFO:Had find the element '  ' successful by xpath via value: //div[@class='col-md-8']/div[1]//div[@class='card-body bg-light']/div[1]//input[@name='areaCode'] 
2020-06-12 11:16:14,939|base_page.py[line:134] INFO:Had type ' 222 ' in inputBox
2020-06-12 11:16:15,552|base_page.py[line:67] INFO:Had find the element '  ' successful by xpath via value: //div[@class='col-md-8']/div[1]//div[@class='card-body bg-light']/div[1]//input[@name='phone'] 
2020-06-12 11:16:15,907|base_page.py[line:134] INFO:Had type ' 2222222 ' in inputBox
2020-06-12 11:16:16,492|base_page.py[line:67] INFO:Had find the element ' Select one...
Cell
Fax
Home
Office
Other
Unknown ' successful by xpath via value: //div[@class='col-md-8']/div[1]//div[@class='card-body bg-light']/div[1]//select[@name='phoneType'] 
2020-06-12 11:16:16,762|base_page.py[line:156] INFO:The element ' Select one...
Cell
Fax
Home
Office
Other
Unknown ' was clicked.
2020-06-12 11:16:17,320|base_page.py[line:67] INFO:Had find the element ' Select one...
Cell
Fax
Home
Office
Other
Unknown ' successful by xpath via value: //div[@class='col-md-8']/div[1]//div[@class='card-body bg-light']/div[1]//select[@name='phoneType'] 
2020-06-12 11:16:18,009|base_page.py[line:67] INFO:Had find the element ' Save ' successful by xpath via value: //button[text()='Save'] 
2020-06-12 11:16:18,160|base_page.py[line:156] INFO:The element ' Save ' was clicked.
2020-06-12 11:16:20,727|base_page.py[line:67] INFO:Had find the element ' Entity: undefined created successfully. ' successful by xpath via value: //div[@role='alert'] 
2020-06-12 11:16:21,315|base_page.py[line:67] INFO:Had find the element ' CUSTOMERS ' successful by id via value: customers 
2020-06-12 11:16:21,606|base_page.py[line:156] INFO:The element ' CUSTOMERS ' was clicked.
2020-06-12 11:16:22,151|base_page.py[line:222] INFO:Had find the elements successful by xpath via value: //ul[@class='dropdown-menu multi-level show']/li/a 
2020-06-12 11:16:22,838|base_page.py[line:67] INFO:Had find the element ' New ' successful by xpath via value: //ul[@class='dropdown-menu multi-level show']/li[2]/a 
2020-06-12 11:16:23,113|base_page.py[line:156] INFO:The element ' New ' was clicked.
2020-06-12 11:16:23,114|topMenu.py[line:69] INFO:second_menu: New
2020-06-12 11:16:23,748|base_page.py[line:67] INFO:Had find the element ' Select one...
Person
Organization ' successful by xpath via value: //select[@name='typeName'] 
2020-06-12 11:16:24,136|base_page.py[line:156] INFO:The element ' Select one...
Person
Organization ' was clicked.
2020-06-12 11:16:24,793|base_page.py[line:67] INFO:Had find the element ' Select one...
Person
Organization ' successful by xpath via value: //select[@name='typeName'] 
2020-06-12 11:16:25,607|base_page.py[line:67] INFO:Had find the element ' Select one...
Company
Government
Trust/Estate ' successful by xpath via value: //select[@name='entityClass'] 
2020-06-12 11:16:25,962|base_page.py[line:156] INFO:The element ' Select one...
Company
Government
Trust/Estate ' was clicked.
2020-06-12 11:16:27,136|base_page.py[line:67] INFO:Had find the element ' Select one...
Company
Government
Trust/Estate ' successful by xpath via value: //select[@name='entityClass'] 
2020-06-12 11:16:29,144|base_page.py[line:67] INFO:Had find the element '  ' successful by xpath via value: //form[@class='ie-fix-flex']/div[1]//input[@name='organizationName'] 
2020-06-12 11:16:30,553|base_page.py[line:134] INFO:Had type ' UI Company ' in inputBox
2020-06-12 11:16:31,166|base_page.py[line:67] INFO:Had find the element ' Select one...
Incorporated
Limited Liability Company
Limited Liability Partnership
Limited Partnership
General Partnership ' successful by xpath via value: //form[@class='ie-fix-flex']/div[1]//select[@name='subClassName'] 
2020-06-12 11:16:31,461|base_page.py[line:156] INFO:The element ' Select one...
Incorporated
Limited Liability Company
Limited Liability Partnership
Limited Partnership
General Partnership ' was clicked.
2020-06-12 11:16:32,010|base_page.py[line:67] INFO:Had find the element ' Select one...
Incorporated
Limited Liability Company
Limited Liability Partnership
Limited Partnership
General Partnership ' successful by xpath via value: //form[@class='ie-fix-flex']/div[1]//select[@name='subClassName'] 
2020-06-12 11:16:32,964|base_page.py[line:67] INFO:Had find the element ' Select one...
AK
AL
AR
AZ
CA
CO
CT
DC
DE
FL
GA
HI
IA
ID
IL
IN
KS
KY
LA
MA
MD
ME
MI
MN
MO
MS
MT
NC
ND
NE
NH
NJ
NM
NV
NY
OH
OK
OR
PA
RI
SC
SD
TN
TX
UT
VA
VT
WA
WI
WV
WY
ON
NL
BC ' successful by xpath via value: //form[@class='ie-fix-flex']/div[1]//select[@name='stateOfIncorporation'] 
2020-06-12 11:16:33,631|base_page.py[line:156] INFO:The element ' Select one...
AK
AL
AR
AZ
CA
CO
CT
DC
DE
FL
GA
HI
IA
ID
IL
IN
KS
KY
LA
MA
MD
ME
MI
MN
MO
MS
MT
NC
ND
NE
NH
NJ
NM
NV
NY
OH
OK
OR
PA
RI
SC
SD
TN
TX
UT
VA
VT
WA
WI
WV
WY
ON
NL
BC ' was clicked.
2020-06-12 11:16:34,472|base_page.py[line:67] INFO:Had find the element ' Select one...
AK
AL
AR
AZ
CA
CO
CT
DC
DE
FL
GA
HI
IA
ID
IL
IN
KS
KY
LA
MA
MD
ME
MI
MN
MO
MS
MT
NC
ND
NE
NH
NJ
NM
NV
NY
OH
OK
OR
PA
RI
SC
SD
TN
TX
UT
VA
VT
WA
WI
WV
WY
ON
NL
BC ' successful by xpath via value: //form[@class='ie-fix-flex']/div[1]//select[@name='stateOfIncorporation'] 
2020-06-12 11:16:35,729|base_page.py[line:67] INFO:Had find the element '  ' successful by xpath via value: //form[@class='ie-fix-flex']/div[2]//div[@class='col-md-8']/div[1]//input[@name='firstName'] 
2020-06-12 11:16:36,443|base_page.py[line:134] INFO:Had type ' contact3 ' in inputBox
2020-06-12 11:16:37,052|base_page.py[line:67] INFO:Had find the element '  ' successful by xpath via value: //form[@class='ie-fix-flex']/div[2]//div[@class='col-md-8']/div[1]//input[@name='lastName'] 
2020-06-12 11:16:37,651|base_page.py[line:134] INFO:Had type ' contact3 ' in inputBox
2020-06-12 11:16:39,299|base_page.py[line:67] INFO:Had find the element ' Select one...
Accountant
Administrator
Agent
Analyst
Assistant
Associate
Bookkeeper
Clerk
Compliance
Consultant
Controller
Coordinator
CPA
Engineer
Executive
Geologist
Judge
Manager
Managing Member
Operator
Owner
Partner
Representative
Self
Specialist
Spouse
Supervisor
Technologist
Trustee
Unknown
BAN Contact
RRAC Contact
President ' successful by xpath via value: //div[@class='col-md-8']/div[1]//select[@name='contactRole'] 
2020-06-12 11:16:39,703|base_page.py[line:156] INFO:The element ' Select one...
Accountant
Administrator
Agent
Analyst
Assistant
Associate
Bookkeeper
Clerk
Compliance
Consultant
Controller
Coordinator
CPA
Engineer
Executive
Geologist
Judge
Manager
Managing Member
Operator
Owner
Partner
Representative
Self
Specialist
Spouse
Supervisor
Technologist
Trustee
Unknown
BAN Contact
RRAC Contact
President ' was clicked.
2020-06-12 11:16:40,460|base_page.py[line:67] INFO:Had find the element ' Select one...
Accountant
Administrator
Agent
Analyst
Assistant
Associate
Bookkeeper
Clerk
Compliance
Consultant
Controller
Coordinator
CPA
Engineer
Executive
Geologist
Judge
Manager
Managing Member
Operator
Owner
Partner
Representative
Self
Specialist
Spouse
Supervisor
Technologist
Trustee
Unknown
BAN Contact
RRAC Contact
President ' successful by xpath via value: //div[@class='col-md-8']/div[1]//select[@name='contactRole'] 
2020-06-12 11:16:41,194|base_page.py[line:67] INFO:Had find the element ' Select one...
Personal
Business
Company
Government
Unknown ' successful by xpath via value: //div[@class='col-md-8']/div[1]//select[@name='emailType'] 
2020-06-12 11:16:41,425|base_page.py[line:156] INFO:The element ' Select one...
Personal
Business
Company
Government
Unknown ' was clicked.
2020-06-12 11:16:42,012|base_page.py[line:67] INFO:Had find the element ' Select one...
Personal
Business
Company
Government
Unknown ' successful by xpath via value: //div[@class='col-md-8']/div[1]//select[@name='emailType'] 
2020-06-12 11:16:43,000|base_page.py[line:67] INFO:Had find the element '  ' successful by xpath via value: //div[@class='col-md-8']/div[1]//input[@name='emailAddress'] 
2020-06-12 11:16:43,877|base_page.py[line:134] INFO:Had type ' test3@qq.com ' in inputBox
2020-06-12 11:16:44,483|base_page.py[line:67] INFO:Had find the element '  ' successful by xpath via value: //div[@class='col-md-8']/div[1]//div[@class='card-body bg-light']/div[1]//input[@name='areaCode'] 
2020-06-12 11:16:44,864|base_page.py[line:134] INFO:Had type ' 333 ' in inputBox
2020-06-12 11:16:45,474|base_page.py[line:67] INFO:Had find the element '  ' successful by xpath via value: //div[@class='col-md-8']/div[1]//div[@class='card-body bg-light']/div[1]//input[@name='phone'] 
2020-06-12 11:16:45,899|base_page.py[line:134] INFO:Had type ' 3333333 ' in inputBox
2020-06-12 11:16:46,592|base_page.py[line:67] INFO:Had find the element ' Select one...
Cell
Fax
Home
Office
Other
Unknown ' successful by xpath via value: //div[@class='col-md-8']/div[1]//div[@class='card-body bg-light']/div[1]//select[@name='phoneType'] 
2020-06-12 11:16:47,093|base_page.py[line:156] INFO:The element ' Select one...
Cell
Fax
Home
Office
Other
Unknown ' was clicked.
2020-06-12 11:16:47,671|base_page.py[line:67] INFO:Had find the element ' Select one...
Cell
Fax
Home
Office
Other
Unknown ' successful by xpath via value: //div[@class='col-md-8']/div[1]//div[@class='card-body bg-light']/div[1]//select[@name='phoneType'] 
2020-06-12 11:16:48,484|base_page.py[line:67] INFO:Had find the element ' Save ' successful by xpath via value: //button[text()='Save'] 
2020-06-12 11:16:48,804|base_page.py[line:156] INFO:The element ' Save ' was clicked.
2020-06-12 11:16:51,432|base_page.py[line:67] INFO:Had find the element ' Entity: undefined created successfully. ' successful by xpath via value: //div[@role='alert'] 
2020-06-12 11:16:52,453|base_page.py[line:67] INFO:Had find the element ' CUSTOMERS ' successful by id via value: customers 
2020-06-12 11:16:53,152|base_page.py[line:156] INFO:The element ' CUSTOMERS ' was clicked.
2020-06-12 11:16:53,699|base_page.py[line:222] INFO:Had find the elements successful by xpath via value: //ul[@class='dropdown-menu multi-level show']/li/a 
2020-06-12 11:16:54,367|base_page.py[line:67] INFO:Had find the element ' New ' successful by xpath via value: //ul[@class='dropdown-menu multi-level show']/li[2]/a 
2020-06-12 11:16:54,880|base_page.py[line:156] INFO:The element ' New ' was clicked.
2020-06-12 11:16:54,881|topMenu.py[line:69] INFO:second_menu: New
2020-06-12 11:16:55,452|base_page.py[line:67] INFO:Had find the element ' Select one...
Person
Organization ' successful by xpath via value: //select[@name='typeName'] 
2020-06-12 11:16:55,697|base_page.py[line:156] INFO:The element ' Select one...
Person
Organization ' was clicked.
2020-06-12 11:16:56,250|base_page.py[line:67] INFO:Had find the element ' Select one...
Person
Organization ' successful by xpath via value: //select[@name='typeName'] 
2020-06-12 11:16:57,045|base_page.py[line:67] INFO:Had find the element ' Select one...
Company
Government
Trust/Estate ' successful by xpath via value: //select[@name='entityClass'] 
2020-06-12 11:16:57,364|base_page.py[line:156] INFO:The element ' Select one...
Company
Government
Trust/Estate ' was clicked.
2020-06-12 11:16:58,169|base_page.py[line:67] INFO:Had find the element ' Select one...
Company
Government
Trust/Estate ' successful by xpath via value: //select[@name='entityClass'] 
2020-06-12 11:16:59,140|base_page.py[line:67] INFO:Had find the element '  ' successful by xpath via value: //form[@class='ie-fix-flex']/div[1]//input[@name='organizationName'] 
2020-06-12 11:16:59,912|base_page.py[line:134] INFO:Had type ' UI Trust/Estate ' in inputBox
2020-06-12 11:17:00,572|base_page.py[line:67] INFO:Had find the element ' Select one...
AK
AL
AR
AZ
CA
CO
CT
DC
DE
FL
GA
HI
IA
ID
IL
IN
KS
KY
LA
MA
MD
ME
MI
MN
MO
MS
MT
NC
ND
NE
NH
NJ
NM
NV
NY
OH
OK
OR
PA
RI
SC
SD
TN
TX
UT
VA
VT
WA
WI
WV
WY
ON
NL
BC ' successful by xpath via value: //form[@class='ie-fix-flex']/div[1]//select[@name='stateOfIncorporation'] 
2020-06-12 11:17:00,968|base_page.py[line:156] INFO:The element ' Select one...
AK
AL
AR
AZ
CA
CO
CT
DC
DE
FL
GA
HI
IA
ID
IL
IN
KS
KY
LA
MA
MD
ME
MI
MN
MO
MS
MT
NC
ND
NE
NH
NJ
NM
NV
NY
OH
OK
OR
PA
RI
SC
SD
TN
TX
UT
VA
VT
WA
WI
WV
WY
ON
NL
BC ' was clicked.
2020-06-12 11:17:01,610|base_page.py[line:67] INFO:Had find the element ' Select one...
AK
AL
AR
AZ
CA
CO
CT
DC
DE
FL
GA
HI
IA
ID
IL
IN
KS
KY
LA
MA
MD
ME
MI
MN
MO
MS
MT
NC
ND
NE
NH
NJ
NM
NV
NY
OH
OK
OR
PA
RI
SC
SD
TN
TX
UT
VA
VT
WA
WI
WV
WY
ON
NL
BC ' successful by xpath via value: //form[@class='ie-fix-flex']/div[1]//select[@name='stateOfIncorporation'] 
2020-06-12 11:17:02,320|base_page.py[line:67] INFO:Had find the element '  ' successful by xpath via value: //form[@class='ie-fix-flex']/div[2]//div[@class='col-md-8']/div[1]//input[@name='firstName'] 
2020-06-12 11:17:02,784|base_page.py[line:134] INFO:Had type ' contact4 ' in inputBox
2020-06-12 11:17:03,331|base_page.py[line:67] INFO:Had find the element '  ' successful by xpath via value: //form[@class='ie-fix-flex']/div[2]//div[@class='col-md-8']/div[1]//input[@name='lastName'] 
2020-06-12 11:17:03,630|base_page.py[line:134] INFO:Had type ' contact4 ' in inputBox
2020-06-12 11:17:04,239|base_page.py[line:67] INFO:Had find the element ' Select one...
Accountant
Administrator
Agent
Analyst
Assistant
Associate
Bookkeeper
Clerk
Compliance
Consultant
Controller
Coordinator
CPA
Engineer
Executive
Geologist
Judge
Manager
Managing Member
Operator
Owner
Partner
Representative
Self
Specialist
Spouse
Supervisor
Technologist
Trustee
Unknown
BAN Contact
RRAC Contact
President ' successful by xpath via value: //div[@class='col-md-8']/div[1]//select[@name='contactRole'] 
2020-06-12 11:17:04,478|base_page.py[line:156] INFO:The element ' Select one...
Accountant
Administrator
Agent
Analyst
Assistant
Associate
Bookkeeper
Clerk
Compliance
Consultant
Controller
Coordinator
CPA
Engineer
Executive
Geologist
Judge
Manager
Managing Member
Operator
Owner
Partner
Representative
Self
Specialist
Spouse
Supervisor
Technologist
Trustee
Unknown
BAN Contact
RRAC Contact
President ' was clicked.
2020-06-12 11:17:05,170|base_page.py[line:67] INFO:Had find the element ' Select one...
Accountant
Administrator
Agent
Analyst
Assistant
Associate
Bookkeeper
Clerk
Compliance
Consultant
Controller
Coordinator
CPA
Engineer
Executive
Geologist
Judge
Manager
Managing Member
Operator
Owner
Partner
Representative
Self
Specialist
Spouse
Supervisor
Technologist
Trustee
Unknown
BAN Contact
RRAC Contact
President ' successful by xpath via value: //div[@class='col-md-8']/div[1]//select[@name='contactRole'] 
2020-06-12 11:17:05,870|base_page.py[line:67] INFO:Had find the element ' Select one...
Personal
Business
Company
Government
Unknown ' successful by xpath via value: //div[@class='col-md-8']/div[1]//select[@name='emailType'] 
2020-06-12 11:17:06,063|base_page.py[line:156] INFO:The element ' Select one...
Personal
Business
Company
Government
Unknown ' was clicked.
2020-06-12 11:17:06,622|base_page.py[line:67] INFO:Had find the element ' Select one...
Personal
Business
Company
Government
Unknown ' successful by xpath via value: //div[@class='col-md-8']/div[1]//select[@name='emailType'] 
2020-06-12 11:17:07,593|base_page.py[line:67] INFO:Had find the element '  ' successful by xpath via value: //div[@class='col-md-8']/div[1]//input[@name='emailAddress'] 
2020-06-12 11:17:08,236|base_page.py[line:134] INFO:Had type ' test4@qq.com ' in inputBox
2020-06-12 11:17:08,822|base_page.py[line:67] INFO:Had find the element '  ' successful by xpath via value: //div[@class='col-md-8']/div[1]//div[@class='card-body bg-light']/div[1]//input[@name='areaCode'] 
2020-06-12 11:17:09,055|base_page.py[line:134] INFO:Had type ' 444 ' in inputBox
2020-06-12 11:17:09,654|base_page.py[line:67] INFO:Had find the element '  ' successful by xpath via value: //div[@class='col-md-8']/div[1]//div[@class='card-body bg-light']/div[1]//input[@name='phone'] 
2020-06-12 11:17:09,984|base_page.py[line:134] INFO:Had type ' 4444444 ' in inputBox
2020-06-12 11:17:10,555|base_page.py[line:67] INFO:Had find the element ' Select one...
Cell
Fax
Home
Office
Other
Unknown ' successful by xpath via value: //div[@class='col-md-8']/div[1]//div[@class='card-body bg-light']/div[1]//select[@name='phoneType'] 
2020-06-12 11:17:10,731|base_page.py[line:156] INFO:The element ' Select one...
Cell
Fax
Home
Office
Other
Unknown ' was clicked.
2020-06-12 11:17:11,332|base_page.py[line:67] INFO:Had find the element ' Select one...
Cell
Fax
Home
Office
Other
Unknown ' successful by xpath via value: //div[@class='col-md-8']/div[1]//div[@class='card-body bg-light']/div[1]//select[@name='phoneType'] 
2020-06-12 11:17:12,184|base_page.py[line:67] INFO:Had find the element ' Save ' successful by xpath via value: //button[text()='Save'] 
2020-06-12 11:17:12,341|base_page.py[line:156] INFO:The element ' Save ' was clicked.
2020-06-12 11:17:14,928|base_page.py[line:67] INFO:Had find the element ' Entity: undefined created successfully. ' successful by xpath via value: //div[@role='alert'] 
2020-06-12 11:17:15,533|base_page.py[line:67] INFO:Had find the element ' Actions ' successful by xpath via value: //div[@class='btn-toolbar']/button[text()='Actions '] 
2020-06-12 11:17:15,826|base_page.py[line:156] INFO:The element ' Actions ' was clicked.
2020-06-12 11:17:16,423|base_page.py[line:67] INFO:Had find the element ' New ' successful by xpath via value: //div[@class='btn-toolbar show']/ul//a[text()='New'] 
2020-06-12 11:17:16,923|base_page.py[line:156] INFO:The element ' New ' was clicked.
2020-06-12 11:17:17,512|base_page.py[line:67] INFO:Had find the element ' Select one...
Person
Organization ' successful by xpath via value: //select[@name='typeName'] 
2020-06-12 11:17:17,875|base_page.py[line:156] INFO:The element ' Select one...
Person
Organization ' was clicked.
2020-06-12 11:17:18,442|base_page.py[line:67] INFO:Had find the element ' Select one...
Person
Organization ' successful by xpath via value: //select[@name='typeName'] 
2020-06-12 11:17:19,244|base_page.py[line:67] INFO:Had find the element ' Select one...
Company
Government
Trust/Estate ' successful by xpath via value: //select[@name='entityClass'] 
2020-06-12 11:17:19,542|base_page.py[line:156] INFO:The element ' Select one...
Company
Government
Trust/Estate ' was clicked.
2020-06-12 11:17:20,101|base_page.py[line:67] INFO:Had find the element ' Select one...
Company
Government
Trust/Estate ' successful by xpath via value: //select[@name='entityClass'] 
2020-06-12 11:17:20,982|base_page.py[line:67] INFO:Had find the element '  ' successful by xpath via value: //form[@class='ie-fix-flex']/div[1]//input[@name='organizationName'] 
2020-06-12 11:17:21,961|base_page.py[line:134] INFO:Had type ' UI Trust/Estate ' in inputBox
2020-06-12 11:17:22,660|base_page.py[line:67] INFO:Had find the element ' Select one...
AK
AL
AR
AZ
CA
CO
CT
DC
DE
FL
GA
HI
IA
ID
IL
IN
KS
KY
LA
MA
MD
ME
MI
MN
MO
MS
MT
NC
ND
NE
NH
NJ
NM
NV
NY
OH
OK
OR
PA
RI
SC
SD
TN
TX
UT
VA
VT
WA
WI
WV
WY
ON
NL
BC ' successful by xpath via value: //form[@class='ie-fix-flex']/div[1]//select[@name='stateOfIncorporation'] 
2020-06-12 11:17:22,973|base_page.py[line:156] INFO:The element ' Select one...
AK
AL
AR
AZ
CA
CO
CT
DC
DE
FL
GA
HI
IA
ID
IL
IN
KS
KY
LA
MA
MD
ME
MI
MN
MO
MS
MT
NC
ND
NE
NH
NJ
NM
NV
NY
OH
OK
OR
PA
RI
SC
SD
TN
TX
UT
VA
VT
WA
WI
WV
WY
ON
NL
BC ' was clicked.
2020-06-12 11:17:23,636|base_page.py[line:67] INFO:Had find the element ' Select one...
AK
AL
AR
AZ
CA
CO
CT
DC
DE
FL
GA
HI
IA
ID
IL
IN
KS
KY
LA
MA
MD
ME
MI
MN
MO
MS
MT
NC
ND
NE
NH
NJ
NM
NV
NY
OH
OK
OR
PA
RI
SC
SD
TN
TX
UT
VA
VT
WA
WI
WV
WY
ON
NL
BC ' successful by xpath via value: //form[@class='ie-fix-flex']/div[1]//select[@name='stateOfIncorporation'] 
2020-06-12 11:17:24,363|base_page.py[line:67] INFO:Had find the element '  ' successful by xpath via value: //form[@class='ie-fix-flex']/div[2]//div[@class='col-md-8']/div[1]//input[@name='firstName'] 
2020-06-12 11:17:24,917|base_page.py[line:134] INFO:Had type ' contact1 ' in inputBox
2020-06-12 11:17:25,527|base_page.py[line:67] INFO:Had find the element '  ' successful by xpath via value: //form[@class='ie-fix-flex']/div[2]//div[@class='col-md-8']/div[1]//input[@name='lastName'] 
2020-06-12 11:17:25,897|base_page.py[line:134] INFO:Had type ' contact1 ' in inputBox
2020-06-12 11:17:26,554|base_page.py[line:67] INFO:Had find the element ' Select one...
Accountant
Administrator
Agent
Analyst
Assistant
Associate
Bookkeeper
Clerk
Compliance
Consultant
Controller
Coordinator
CPA
Engineer
Executive
Geologist
Judge
Manager
Managing Member
Operator
Owner
Partner
Representative
Self
Specialist
Spouse
Supervisor
Technologist
Trustee
Unknown
BAN Contact
RRAC Contact
President ' successful by xpath via value: //div[@class='col-md-8']/div[1]//select[@name='contactRole'] 
2020-06-12 11:17:26,863|base_page.py[line:156] INFO:The element ' Select one...
Accountant
Administrator
Agent
Analyst
Assistant
Associate
Bookkeeper
Clerk
Compliance
Consultant
Controller
Coordinator
CPA
Engineer
Executive
Geologist
Judge
Manager
Managing Member
Operator
Owner
Partner
Representative
Self
Specialist
Spouse
Supervisor
Technologist
Trustee
Unknown
BAN Contact
RRAC Contact
President ' was clicked.
2020-06-12 11:17:27,489|base_page.py[line:67] INFO:Had find the element ' Select one...
Accountant
Administrator
Agent
Analyst
Assistant
Associate
Bookkeeper
Clerk
Compliance
Consultant
Controller
Coordinator
CPA
Engineer
Executive
Geologist
Judge
Manager
Managing Member
Operator
Owner
Partner
Representative
Self
Specialist
Spouse
Supervisor
Technologist
Trustee
Unknown
BAN Contact
RRAC Contact
President ' successful by xpath via value: //div[@class='col-md-8']/div[1]//select[@name='contactRole'] 
2020-06-12 11:17:28,188|base_page.py[line:67] INFO:Had find the element ' Select one...
Personal
Business
Company
Government
Unknown ' successful by xpath via value: //div[@class='col-md-8']/div[1]//select[@name='emailType'] 
2020-06-12 11:17:28,409|base_page.py[line:156] INFO:The element ' Select one...
Personal
Business
Company
Government
Unknown ' was clicked.
2020-06-12 11:17:28,993|base_page.py[line:67] INFO:Had find the element ' Select one...
Personal
Business
Company
Government
Unknown ' successful by xpath via value: //div[@class='col-md-8']/div[1]//select[@name='emailType'] 
2020-06-12 11:17:29,696|base_page.py[line:67] INFO:Had find the element '  ' successful by xpath via value: //div[@class='col-md-8']/div[1]//input[@name='emailAddress'] 
2020-06-12 11:17:30,371|base_page.py[line:134] INFO:Had type ' test1@qq.com ' in inputBox
2020-06-12 11:17:30,922|base_page.py[line:67] INFO:Had find the element '  ' successful by xpath via value: //div[@class='col-md-8']/div[1]//div[@class='card-body bg-light']/div[1]//input[@name='areaCode'] 
2020-06-12 11:17:31,151|base_page.py[line:134] INFO:Had type ' 123 ' in inputBox
2020-06-12 11:17:31,743|base_page.py[line:67] INFO:Had find the element '  ' successful by xpath via value: //div[@class='col-md-8']/div[1]//div[@class='card-body bg-light']/div[1]//input[@name='phone'] 
2020-06-12 11:17:32,090|base_page.py[line:134] INFO:Had type ' 4567890 ' in inputBox
2020-06-12 11:17:32,693|base_page.py[line:67] INFO:Had find the element ' Select one...
Cell
Fax
Home
Office
Other
Unknown ' successful by xpath via value: //div[@class='col-md-8']/div[1]//div[@class='card-body bg-light']/div[1]//select[@name='phoneType'] 
2020-06-12 11:17:32,899|base_page.py[line:156] INFO:The element ' Select one...
Cell
Fax
Home
Office
Other
Unknown ' was clicked.
2020-06-12 11:17:33,510|base_page.py[line:67] INFO:Had find the element ' Select one...
Cell
Fax
Home
Office
Other
Unknown ' successful by xpath via value: //div[@class='col-md-8']/div[1]//div[@class='card-body bg-light']/div[1]//select[@name='phoneType'] 
2020-06-12 11:17:34,273|base_page.py[line:67] INFO:Had find the element ' Add Phone 2 ' successful by xpath via value: //div[@class='col-md-8']/div[1]//p[text()='Phone 2'] 
2020-06-12 11:17:34,464|base_page.py[line:156] INFO:The element ' Add Phone 2 ' was clicked.
2020-06-12 11:17:35,023|base_page.py[line:67] INFO:Had find the element '  ' successful by xpath via value: //div[@class='col-md-8']/div[1]//div[@class='card-body bg-light']/div[3]//input[@name='areaCode'] 
2020-06-12 11:17:35,348|base_page.py[line:134] INFO:Had type ' 111 ' in inputBox
2020-06-12 11:17:35,908|base_page.py[line:67] INFO:Had find the element '  ' successful by xpath via value: //div[@class='col-md-8']/div[1]//div[@class='card-body bg-light']/div[3]//input[@name='phone'] 
2020-06-12 11:17:36,357|base_page.py[line:134] INFO:Had type ' 1111111 ' in inputBox
2020-06-12 11:17:36,920|base_page.py[line:67] INFO:Had find the element ' Select one...
Cell
Fax
Home
Office
Other
Unknown ' successful by xpath via value: //div[@class='col-md-8']/div[1]//div[@class='card-body bg-light']/div[3]//select[@name='phoneType'] 
2020-06-12 11:17:37,213|base_page.py[line:156] INFO:The element ' Select one...
Cell
Fax
Home
Office
Other
Unknown ' was clicked.
2020-06-12 11:17:37,783|base_page.py[line:67] INFO:Had find the element ' Select one...
Cell
Fax
Home
Office
Other
Unknown ' successful by xpath via value: //div[@class='col-md-8']/div[1]//div[@class='card-body bg-light']/div[3]//select[@name='phoneType'] 
2020-06-12 11:17:38,466|base_page.py[line:67] INFO:Had find the element ' Add Phone 3 ' successful by xpath via value: //div[@class='col-md-8']/div[1]//p[text()='Phone 3'] 
2020-06-12 11:17:38,670|base_page.py[line:156] INFO:The element ' Add Phone 3 ' was clicked.
2020-06-12 11:17:39,222|base_page.py[line:67] INFO:Had find the element '  ' successful by xpath via value: //div[@class='col-md-8']/div[1]//div[@class='card-body bg-light']/div[5]//input[@name='areaCode'] 
2020-06-12 11:17:39,603|base_page.py[line:134] INFO:Had type ' 222 ' in inputBox
2020-06-12 11:17:40,163|base_page.py[line:67] INFO:Had find the element '  ' successful by xpath via value: //div[@class='col-md-8']/div[1]//div[@class='card-body bg-light']/div[5]//input[@name='phone'] 
2020-06-12 11:17:40,472|base_page.py[line:134] INFO:Had type ' 2222222 ' in inputBox
2020-06-12 11:17:41,076|base_page.py[line:67] INFO:Had find the element ' Select one...
Cell
Fax
Home
Office
Other
Unknown ' successful by xpath via value: //div[@class='col-md-8']/div[1]//div[@class='card-body bg-light']/div[5]//select[@name='phoneType'] 
2020-06-12 11:17:41,275|base_page.py[line:156] INFO:The element ' Select one...
Cell
Fax
Home
Office
Other
Unknown ' was clicked.
2020-06-12 11:17:41,951|base_page.py[line:67] INFO:Had find the element ' Select one...
Cell
Fax
Home
Office
Other
Unknown ' successful by xpath via value: //div[@class='col-md-8']/div[1]//div[@class='card-body bg-light']/div[5]//select[@name='phoneType'] 
2020-06-12 11:17:42,702|base_page.py[line:67] INFO:Had find the element ' Add Contact 2 ' successful by xpath via value: //p[text()='Contact 2'] 
2020-06-12 11:17:42,963|base_page.py[line:156] INFO:The element ' Add Contact 2 ' was clicked.
2020-06-12 11:17:43,507|base_page.py[line:67] INFO:Had find the element '  ' successful by xpath via value: //form[@class='ie-fix-flex']/div[2]//div[@class='col-md-8']/div[3]//input[@name='firstName'] 
2020-06-12 11:17:44,016|base_page.py[line:134] INFO:Had type ' contact2 ' in inputBox
2020-06-12 11:17:44,569|base_page.py[line:67] INFO:Had find the element '  ' successful by xpath via value: //form[@class='ie-fix-flex']/div[2]//div[@class='col-md-8']/div[3]//input[@name='lastName'] 
2020-06-12 11:17:45,013|base_page.py[line:134] INFO:Had type ' contact2 ' in inputBox
2020-06-12 11:17:45,650|base_page.py[line:67] INFO:Had find the element ' Select one...
Accountant
Administrator
Agent
Analyst
Assistant
Associate
Bookkeeper
Clerk
Compliance
Consultant
Controller
Coordinator
CPA
Engineer
Executive
Geologist
Judge
Manager
Managing Member
Operator
Owner
Partner
Representative
Self
Specialist
Spouse
Supervisor
Technologist
Trustee
Unknown
BAN Contact
RRAC Contact
President ' successful by xpath via value: //div[@class='col-md-8']/div[3]//select[@name='contactRole'] 
2020-06-12 11:17:45,959|base_page.py[line:156] INFO:The element ' Select one...
Accountant
Administrator
Agent
Analyst
Assistant
Associate
Bookkeeper
Clerk
Compliance
Consultant
Controller
Coordinator
CPA
Engineer
Executive
Geologist
Judge
Manager
Managing Member
Operator
Owner
Partner
Representative
Self
Specialist
Spouse
Supervisor
Technologist
Trustee
Unknown
BAN Contact
RRAC Contact
President ' was clicked.
2020-06-12 11:17:46,619|base_page.py[line:67] INFO:Had find the element ' Select one...
Accountant
Administrator
Agent
Analyst
Assistant
Associate
Bookkeeper
Clerk
Compliance
Consultant
Controller
Coordinator
CPA
Engineer
Executive
Geologist
Judge
Manager
Managing Member
Operator
Owner
Partner
Representative
Self
Specialist
Spouse
Supervisor
Technologist
Trustee
Unknown
BAN Contact
RRAC Contact
President ' successful by xpath via value: //div[@class='col-md-8']/div[3]//select[@name='contactRole'] 
2020-06-12 11:17:47,424|base_page.py[line:67] INFO:Had find the element ' Select one...
Personal
Business
Company
Government
Unknown ' successful by xpath via value: //div[@class='col-md-8']/div[3]//select[@name='emailType'] 
2020-06-12 11:17:47,647|base_page.py[line:156] INFO:The element ' Select one...
Personal
Business
Company
Government
Unknown ' was clicked.
2020-06-12 11:17:48,244|base_page.py[line:67] INFO:Had find the element ' Select one...
Personal
Business
Company
Government
Unknown ' successful by xpath via value: //div[@class='col-md-8']/div[3]//select[@name='emailType'] 
2020-06-12 11:17:48,942|base_page.py[line:67] INFO:Had find the element '  ' successful by xpath via value: //div[@class='col-md-8']/div[3]//input[@name='emailAddress'] 
2020-06-12 11:17:49,861|base_page.py[line:134] INFO:Had type ' test2@qq.com ' in inputBox
2020-06-12 11:17:50,420|base_page.py[line:67] INFO:Had find the element '  ' successful by xpath via value: //div[@class='col-md-8']/div[3]//div[@class='card-body bg-light']/div[1]//input[@name='areaCode'] 
2020-06-12 11:17:50,729|base_page.py[line:134] INFO:Had type ' 123 ' in inputBox
2020-06-12 11:17:51,451|base_page.py[line:67] INFO:Had find the element '  ' successful by xpath via value: //div[@class='col-md-8']/div[3]//div[@class='card-body bg-light']/div[1]//input[@name='phone'] 
2020-06-12 11:17:51,954|base_page.py[line:134] INFO:Had type ' 4567890 ' in inputBox
2020-06-12 11:17:52,527|base_page.py[line:67] INFO:Had find the element ' Select one...
Cell
Fax
Home
Office
Other
Unknown ' successful by xpath via value: //div[@class='col-md-8']/div[3]//div[@class='card-body bg-light']/div[1]//select[@name='phoneType'] 
2020-06-12 11:17:52,812|base_page.py[line:156] INFO:The element ' Select one...
Cell
Fax
Home
Office
Other
Unknown ' was clicked.
2020-06-12 11:17:53,467|base_page.py[line:67] INFO:Had find the element ' Select one...
Cell
Fax
Home
Office
Other
Unknown ' successful by xpath via value: //div[@class='col-md-8']/div[3]//div[@class='card-body bg-light']/div[1]//select[@name='phoneType'] 
2020-06-12 11:17:54,169|base_page.py[line:67] INFO:Had find the element ' Add Phone 2 ' successful by xpath via value: //div[@class='col-md-8']/div[3]//p[text()='Phone 2'] 
2020-06-12 11:17:54,413|base_page.py[line:156] INFO:The element ' Add Phone 2 ' was clicked.
2020-06-12 11:17:54,965|base_page.py[line:67] INFO:Had find the element '  ' successful by xpath via value: //div[@class='col-md-8']/div[3]//div[@class='card-body bg-light']/div[3]//input[@name='areaCode'] 
2020-06-12 11:17:55,316|base_page.py[line:134] INFO:Had type ' 111 ' in inputBox
2020-06-12 11:17:55,865|base_page.py[line:67] INFO:Had find the element '  ' successful by xpath via value: //div[@class='col-md-8']/div[3]//div[@class='card-body bg-light']/div[3]//input[@name='phone'] 
2020-06-12 11:17:56,290|base_page.py[line:134] INFO:Had type ' 1111111 ' in inputBox
2020-06-12 11:17:56,871|base_page.py[line:67] INFO:Had find the element ' Select one...
Cell
Fax
Home
Office
Other
Unknown ' successful by xpath via value: //div[@class='col-md-8']/div[3]//div[@class='card-body bg-light']/div[3]//select[@name='phoneType'] 
2020-06-12 11:17:57,062|base_page.py[line:156] INFO:The element ' Select one...
Cell
Fax
Home
Office
Other
Unknown ' was clicked.
2020-06-12 11:17:57,621|base_page.py[line:67] INFO:Had find the element ' Select one...
Cell
Fax
Home
Office
Other
Unknown ' successful by xpath via value: //div[@class='col-md-8']/div[3]//div[@class='card-body bg-light']/div[3]//select[@name='phoneType'] 
2020-06-12 11:17:58,360|base_page.py[line:67] INFO:Had find the element ' Add Phone 3 ' successful by xpath via value: //div[@class='col-md-8']/div[3]//p[text()='Phone 3'] 
2020-06-12 11:17:58,568|base_page.py[line:156] INFO:The element ' Add Phone 3 ' was clicked.
2020-06-12 11:17:59,138|base_page.py[line:67] INFO:Had find the element '  ' successful by xpath via value: //div[@class='col-md-8']/div[3]//div[@class='card-body bg-light']/div[5]//input[@name='areaCode'] 
2020-06-12 11:17:59,497|base_page.py[line:134] INFO:Had type ' 222 ' in inputBox
2020-06-12 11:18:00,091|base_page.py[line:67] INFO:Had find the element '  ' successful by xpath via value: //div[@class='col-md-8']/div[3]//div[@class='card-body bg-light']/div[5]//input[@name='phone'] 
2020-06-12 11:18:00,564|base_page.py[line:134] INFO:Had type ' 2222222 ' in inputBox
2020-06-12 11:18:01,166|base_page.py[line:67] INFO:Had find the element ' Select one...
Cell
Fax
Home
Office
Other
Unknown ' successful by xpath via value: //div[@class='col-md-8']/div[3]//div[@class='card-body bg-light']/div[5]//select[@name='phoneType'] 
2020-06-12 11:18:01,410|base_page.py[line:156] INFO:The element ' Select one...
Cell
Fax
Home
Office
Other
Unknown ' was clicked.
2020-06-12 11:18:01,946|base_page.py[line:67] INFO:Had find the element ' Select one...
Cell
Fax
Home
Office
Other
Unknown ' successful by xpath via value: //div[@class='col-md-8']/div[3]//div[@class='card-body bg-light']/div[5]//select[@name='phoneType'] 
2020-06-12 11:18:02,609|base_page.py[line:67] INFO:Had find the element ' Add Address ' successful by xpath via value: //p[text()='Address'] 
2020-06-12 11:18:02,844|base_page.py[line:156] INFO:The element ' Add Address ' was clicked.
2020-06-12 11:18:03,422|base_page.py[line:67] INFO:Had find the element '  ' successful by xpath via value: //input[@name='address1'] 
2020-06-12 11:18:03,968|base_page.py[line:134] INFO:Had type ' Address ' in inputBox
2020-06-12 11:18:04,537|base_page.py[line:67] INFO:Had find the element ' Select one...
Consultant
Home
Office
Mailing
Billing-Mineral
Unknown ' successful by xpath via value: //select[@name='addressType'] 
2020-06-12 11:18:04,856|base_page.py[line:156] INFO:The element ' Select one...
Consultant
Home
Office
Mailing
Billing-Mineral
Unknown ' was clicked.
2020-06-12 11:18:05,475|base_page.py[line:67] INFO:Had find the element ' Select one...
Consultant
Home
Office
Mailing
Billing-Mineral
Unknown ' successful by xpath via value: //select[@name='addressType'] 
2020-06-12 11:18:06,179|base_page.py[line:67] INFO:Had find the element '  ' successful by xpath via value: //input[@name='city'] 
2020-06-12 11:18:06,771|base_page.py[line:134] INFO:Had type ' changsha ' in inputBox
2020-06-12 11:18:07,424|base_page.py[line:67] INFO:Had find the element ' Select one...
AK
AL
AR
AZ
CA
CO
CT
DC
DE
FL
GA
HI
IA
ID
IL
IN
KS
KY
LA
MA
MD
ME
MI
MN
MO
MS
MT
NC
ND
NE
NH
NJ
NM
NV
NY
OH
OK
OR
PA
RI
SC
SD
TN
TX
UT
VA
VT
WA
WI
WV
WY
ON
NL
BC ' successful by xpath via value: //select[@name='stateCode'] 
2020-06-12 11:18:07,801|base_page.py[line:156] INFO:The element ' Select one...
AK
AL
AR
AZ
CA
CO
CT
DC
DE
FL
GA
HI
IA
ID
IL
IN
KS
KY
LA
MA
MD
ME
MI
MN
MO
MS
MT
NC
ND
NE
NH
NJ
NM
NV
NY
OH
OK
OR
PA
RI
SC
SD
TN
TX
UT
VA
VT
WA
WI
WV
WY
ON
NL
BC ' was clicked.
2020-06-12 11:18:08,450|base_page.py[line:67] INFO:Had find the element ' Select one...
AK
AL
AR
AZ
CA
CO
CT
DC
DE
FL
GA
HI
IA
ID
IL
IN
KS
KY
LA
MA
MD
ME
MI
MN
MO
MS
MT
NC
ND
NE
NH
NJ
NM
NV
NY
OH
OK
OR
PA
RI
SC
SD
TN
TX
UT
VA
VT
WA
WI
WV
WY
ON
NL
BC ' successful by xpath via value: //select[@name='stateCode'] 
2020-06-12 11:18:09,156|base_page.py[line:67] INFO:Had find the element '  ' successful by xpath via value: //input[@name='postalCode'] 
2020-06-12 11:18:09,704|base_page.py[line:134] INFO:Had type ' 07311 ' in inputBox
2020-06-12 11:18:10,257|base_page.py[line:67] INFO:Had find the element ' Add Identifier ' successful by xpath via value: //p[text()='Identifier'] 
2020-06-12 11:18:10,454|base_page.py[line:156] INFO:The element ' Add Identifier ' was clicked.
2020-06-12 11:18:11,027|base_page.py[line:67] INFO:Had find the element ' Select one...
SSN
Federal EIN
Agency ID
State Tax ID
Internal GLO ID
Unknown ' successful by xpath via value: //select[@name='name'] 
2020-06-12 11:18:11,302|base_page.py[line:156] INFO:The element ' Select one...
SSN
Federal EIN
Agency ID
State Tax ID
Internal GLO ID
Unknown ' was clicked.
2020-06-12 11:18:11,959|base_page.py[line:67] INFO:Had find the element ' Select one...
SSN
Federal EIN
Agency ID
State Tax ID
Internal GLO ID
Unknown ' successful by xpath via value: //select[@name='name'] 
2020-06-12 11:18:12,836|base_page.py[line:67] INFO:Had find the element '  ' successful by xpath via value: //input[@name='identifier'] 
2020-06-12 11:18:13,690|base_page.py[line:134] INFO:Had type ' 999999999 ' in inputBox
2020-06-12 11:18:14,324|base_page.py[line:67] INFO:Had find the element ' Save ' successful by xpath via value: //button[text()='Save'] 
2020-06-12 11:18:14,492|base_page.py[line:156] INFO:The element ' Save ' was clicked.
2020-06-12 11:18:17,042|base_page.py[line:67] INFO:Had find the element ' Entity: undefined created successfully. ' successful by xpath via value: //div[@role='alert'] 
2020-06-12 11:18:17,620|base_page.py[line:67] INFO:Had find the element ' Actions ' successful by xpath via value: //div[@class='btn-toolbar']/button[text()='Actions '] 
2020-06-12 11:18:17,828|base_page.py[line:156] INFO:The element ' Actions ' was clicked.
2020-06-12 11:18:18,441|base_page.py[line:67] INFO:Had find the element ' Delete ' successful by xpath via value: //div[@class='btn-toolbar show']/ul//a[text()='Delete'] 
2020-06-12 11:18:18,697|base_page.py[line:156] INFO:The element ' Delete ' was clicked.
2020-06-12 11:18:19,281|base_page.py[line:67] INFO:Had find the element ' Yes, delete it! ' successful by xpath via value: //button[text()='Yes, delete it!'] 
2020-06-12 11:18:19,509|base_page.py[line:156] INFO:The element ' Yes, delete it! ' was clicked.
2020-06-12 11:18:22,106|base_page.py[line:67] INFO:Had find the element ' C000089789: deleted successfully. ' successful by xpath via value: //div[@role='alert'] 
2020-06-12 11:18:32,669|base_page.py[line:69] ERROR:TimeoutException: selector by id ,value id=>alano-glo-brand-logo
2020-06-12 11:18:33,211|base_page.py[line:67] INFO:Had find the element '  ' successful by id via value: alano-glo-brand-logo 
2020-06-12 11:18:33,414|base_page.py[line:156] INFO:The element '  ' was clicked.
2020-06-12 11:18:44,402|base_page.py[line:69] ERROR:TimeoutException: selector by xpath ,value xpath=>//div[@class='card']/form//div[@id='homeGrid']/div//h2
2020-06-12 11:18:44,922|base_page.py[line:222] INFO:Had find the elements successful by xpath via value: //div[@class='card']/form//div[@id='homeGrid']/div//h2 
2020-06-12 11:18:45,580|base_page.py[line:67] INFO:Had find the element '  ' successful by xpath via value: //div[@class='card']/form//div[@id='homeGrid']/div[4]//input 
2020-06-12 11:18:46,014|base_page.py[line:134] INFO:Had type ' C000089464 ' in inputBox
2020-06-12 11:18:46,615|base_page.py[line:67] INFO:Had find the element ' Go ' successful by xpath via value: //div[@class='card']/form//div[@id='homeGrid']/div[4]/div/button 
2020-06-12 11:18:46,780|base_page.py[line:156] INFO:The element ' Go ' was clicked.
2020-06-12 11:18:46,780|homePage.py[line:50] INFO:module_name: Customers
2020-06-12 11:18:47,539|base_page.py[line:67] INFO:Had find the element ' History ' successful by xpath via value: //div[@class='btn-toolbar']/button[text()='History'] 
2020-06-12 11:18:47,728|base_page.py[line:156] INFO:The element ' History ' was clicked.
2020-06-12 11:18:49,272|base_page.py[line:67] INFO:Had find the element ' History for TblBusinessEntity ' successful by xpath via value: //h4[@class='modal-title'] 
2020-06-12 11:18:49,830|base_page.py[line:67] INFO:Had find the element '  ' successful by xpath via value: //button[@class='close'] 
2020-06-12 11:19:00,585|base_page.py[line:69] ERROR:TimeoutException: selector by xpath ,value xpath=>//div[@class='card']//li/a[text()='Entity']
2020-06-12 11:19:01,150|base_page.py[line:67] INFO:Had find the element ' Entity ' successful by xpath via value: //div[@class='card']//li/a[text()='Entity'] 
2020-06-12 11:19:01,469|base_page.py[line:156] INFO:The element ' Entity ' was clicked.
2020-06-12 11:19:02,000|base_page.py[line:222] INFO:Had find the elements successful by xpath via value: //div[@class='card']//div//h4 
2020-06-12 11:19:02,568|base_page.py[line:67] INFO:Had find the element ' Customer Summary ' successful by xpath via value: //div[@class='card']//div//h4[text()='Customer Summary'] 
2020-06-12 11:19:03,129|base_page.py[line:67] INFO:Had find the element ' Details ' successful by xpath via value: //div[@class='glo-row']/div[1]//button[text()=' Details'] 
2020-06-12 11:19:03,355|base_page.py[line:156] INFO:The element ' Details ' was clicked.
2020-06-12 11:19:03,976|base_page.py[line:67] INFO:Had find the element '  ' successful by xpath via value: //h4[@class='modal-title'] 
2020-06-12 11:19:04,544|base_page.py[line:67] INFO:Had find the element '  ' successful by xpath via value: //button[@class='close'] 
2020-06-12 11:19:05,144|base_page.py[line:222] INFO:Had find the elements successful by xpath via value: //div[@class='card']//div//h4 
2020-06-12 11:19:05,715|base_page.py[line:67] INFO:Had find the element ' Customer Summary ' successful by xpath via value: //div[@class='card']//div//h4[text()='Customer Summary'] 
2020-06-12 11:19:06,423|base_page.py[line:67] INFO:Had find the element ' History ' successful by xpath via value: //div[@class='glo-row']/div[1]//button[text()=' History'] 
2020-06-12 11:19:06,780|base_page.py[line:156] INFO:The element ' History ' was clicked.
2020-06-12 11:19:07,356|base_page.py[line:67] INFO:Had find the element '  ' successful by xpath via value: //h4[@class='modal-title'] 
2020-06-12 11:19:07,968|base_page.py[line:67] INFO:Had find the element '  ' successful by xpath via value: //button[@class='close'] 
2020-06-12 11:19:08,538|base_page.py[line:222] INFO:Had find the elements successful by xpath via value: //div[@class='card']//div//h4 
2020-06-12 11:19:09,079|base_page.py[line:67] INFO:Had find the element ' Customer Summary ' successful by xpath via value: //div[@class='card']//div//h4[text()='Customer Summary'] 
2020-06-12 11:19:09,642|base_page.py[line:67] INFO:Had find the element ' Edit ' successful by xpath via value: //div[@class='glo-row']/div[1]//button[text()=' Edit'] 
2020-06-12 11:19:09,856|base_page.py[line:156] INFO:The element ' Edit ' was clicked.
2020-06-12 11:19:10,559|base_page.py[line:67] INFO:Had find the element ' Select one...
Person
Organization ' successful by xpath via value: //select[@name='typeName'] 
2020-06-12 11:19:10,772|base_page.py[line:156] INFO:The element ' Select one...
Person
Organization ' was clicked.
2020-06-12 11:19:11,421|base_page.py[line:67] INFO:Had find the element ' Select one...
Person
Organization ' successful by xpath via value: //select[@name='typeName'] 
2020-06-12 11:19:12,079|base_page.py[line:67] INFO:Had find the element ' Select one...
Company
Government
Trust/Estate ' successful by xpath via value: //select[@name='entityClass'] 
2020-06-12 11:19:12,253|base_page.py[line:156] INFO:The element ' Select one...
Company
Government
Trust/Estate ' was clicked.
2020-06-12 11:19:12,787|base_page.py[line:67] INFO:Had find the element ' Select one...
Company
Government
Trust/Estate ' successful by xpath via value: //select[@name='entityClass'] 
2020-06-12 11:19:13,404|base_page.py[line:67] INFO:Had find the element '  ' successful by xpath via value: //input[@name='organizationName'] 
2020-06-12 11:19:13,625|base_page.py[line:156] INFO:The element '  ' was clicked.
2020-06-12 11:19:14,153|base_page.py[line:67] INFO:Had find the element '  ' successful by xpath via value: //input[@name='organizationName'] 
2020-06-12 11:19:14,733|base_page.py[line:67] INFO:Had find the element '  ' successful by xpath via value: //input[@name='organizationName'] 
2020-06-12 11:19:15,312|base_page.py[line:67] INFO:Had find the element '  ' successful by xpath via value: //input[@name='organizationName'] 
2020-06-12 11:19:16,061|base_page.py[line:134] INFO:Had type ' UI Edit Company ' in inputBox
2020-06-12 11:19:16,624|base_page.py[line:67] INFO:Had find the element ' Select one...
Incorporated
Limited Liability Company
Limited Liability Partnership
Limited Partnership
General Partnership ' successful by xpath via value: //select[@name='subClassName'] 
2020-06-12 11:19:16,922|base_page.py[line:156] INFO:The element ' Select one...
Incorporated
Limited Liability Company
Limited Liability Partnership
Limited Partnership
General Partnership ' was clicked.
2020-06-12 11:19:17,547|base_page.py[line:67] INFO:Had find the element ' Select one...
Incorporated
Limited Liability Company
Limited Liability Partnership
Limited Partnership
General Partnership ' successful by xpath via value: //select[@name='subClassName'] 
2020-06-12 11:19:18,276|base_page.py[line:67] INFO:Had find the element ' Select one...
AK
AL
AR
AZ
CA
CO
CT
DC
DE
FL
GA
HI
IA
ID
IL
IN
KS
KY
LA
MA
MD
ME
MI
MN
MO
MS
MT
NC
ND
NE
NH
NJ
NM
NV
NY
OH
OK
OR
PA
RI
SC
SD
TN
TX
UT
VA
VT
WA
WI
WV
WY
ON
NL
BC ' successful by xpath via value: //select[@name='stateOfIncorporation'] 
2020-06-12 11:19:18,613|base_page.py[line:156] INFO:The element ' Select one...
AK
AL
AR
AZ
CA
CO
CT
DC
DE
FL
GA
HI
IA
ID
IL
IN
KS
KY
LA
MA
MD
ME
MI
MN
MO
MS
MT
NC
ND
NE
NH
NJ
NM
NV
NY
OH
OK
OR
PA
RI
SC
SD
TN
TX
UT
VA
VT
WA
WI
WV
WY
ON
NL
BC ' was clicked.
2020-06-12 11:19:19,322|base_page.py[line:67] INFO:Had find the element ' Select one...
AK
AL
AR
AZ
CA
CO
CT
DC
DE
FL
GA
HI
IA
ID
IL
IN
KS
KY
LA
MA
MD
ME
MI
MN
MO
MS
MT
NC
ND
NE
NH
NJ
NM
NV
NY
OH
OK
OR
PA
RI
SC
SD
TN
TX
UT
VA
VT
WA
WI
WV
WY
ON
NL
BC ' successful by xpath via value: //select[@name='stateOfIncorporation'] 
2020-06-12 11:19:19,997|base_page.py[line:67] INFO:Had find the element ' Save ' successful by xpath via value: //button[text()='Save'] 
2020-06-12 11:19:20,164|base_page.py[line:156] INFO:The element ' Save ' was clicked.
2020-06-12 11:19:22,726|base_page.py[line:67] INFO:Had find the element ' Entity: undefined: updated successfully. ' successful by xpath via value: //div[@role='alert'] 
2020-06-12 11:19:33,709|base_page.py[line:69] ERROR:TimeoutException: selector by id ,value id=>alano-glo-brand-logo
2020-06-12 11:19:34,247|base_page.py[line:67] INFO:Had find the element '  ' successful by id via value: alano-glo-brand-logo 
2020-06-12 11:19:34,438|base_page.py[line:156] INFO:The element '  ' was clicked.
2020-06-12 11:19:45,451|base_page.py[line:69] ERROR:TimeoutException: selector by xpath ,value xpath=>//div[@class='card']/form//div[@id='homeGrid']/div//h2
2020-06-12 11:19:45,983|base_page.py[line:222] INFO:Had find the elements successful by xpath via value: //div[@class='card']/form//div[@id='homeGrid']/div//h2 
2020-06-12 11:19:46,655|base_page.py[line:67] INFO:Had find the element '  ' successful by xpath via value: //div[@class='card']/form//div[@id='homeGrid']/div[4]//input 
2020-06-12 11:19:47,105|base_page.py[line:134] INFO:Had type ' C000089464 ' in inputBox
2020-06-12 11:19:47,672|base_page.py[line:67] INFO:Had find the element ' Go ' successful by xpath via value: //div[@class='card']/form//div[@id='homeGrid']/div[4]/div/button 
2020-06-12 11:19:47,823|base_page.py[line:156] INFO:The element ' Go ' was clicked.
2020-06-12 11:19:47,823|homePage.py[line:50] INFO:module_name: Customers
2020-06-12 11:19:58,621|base_page.py[line:69] ERROR:TimeoutException: selector by xpath ,value xpath=>//div[@class='card']//li/a[text()='Entity']
2020-06-12 11:19:59,171|base_page.py[line:67] INFO:Had find the element ' Entity ' successful by xpath via value: //div[@class='card']//li/a[text()='Entity'] 
2020-06-12 11:19:59,393|base_page.py[line:156] INFO:The element ' Entity ' was clicked.
2020-06-12 11:19:59,928|base_page.py[line:222] INFO:Had find the elements successful by xpath via value: //div[@class='card']//div//h4 
2020-06-12 11:20:00,593|base_page.py[line:67] INFO:Had find the element ' Addresses ' successful by xpath via value: //div[@class='card']//div//h4[text()='Addresses'] 
2020-06-12 11:20:01,271|base_page.py[line:67] INFO:Had find the element ' New ' successful by xpath via value: //div[@class='glo-row']/div[2]//button[text()=' New'] 
2020-06-12 11:20:01,523|base_page.py[line:156] INFO:The element ' New ' was clicked.
2020-06-12 11:20:02,090|base_page.py[line:67] INFO:Had find the element ' Select one...
Consultant
Home
Office
Mailing
Billing-Mineral
Unknown ' successful by xpath via value: //select[@name='addressType'] 
2020-06-12 11:20:02,302|base_page.py[line:156] INFO:The element ' Select one...
Consultant
Home
Office
Mailing
Billing-Mineral
Unknown ' was clicked.
2020-06-12 11:20:02,858|base_page.py[line:67] INFO:Had find the element ' Select one...
Consultant
Home
Office
Mailing
Billing-Mineral
Unknown ' successful by xpath via value: //select[@name='addressType'] 
2020-06-12 11:20:03,621|base_page.py[line:67] INFO:Had find the element '  ' successful by xpath via value: //input[@name='address1'] 
2020-06-12 11:20:03,947|base_page.py[line:156] INFO:The element '  ' was clicked.
2020-06-12 11:20:04,541|base_page.py[line:67] INFO:Had find the element '  ' successful by xpath via value: //input[@name='address1'] 
2020-06-12 11:20:05,123|base_page.py[line:67] INFO:Had find the element '  ' successful by xpath via value: //input[@name='address1'] 
2020-06-12 11:20:05,689|base_page.py[line:67] INFO:Had find the element '  ' successful by xpath via value: //input[@name='address1'] 
2020-06-12 11:20:06,048|base_page.py[line:134] INFO:Had type ' Address ' in inputBox
2020-06-12 11:20:06,703|base_page.py[line:67] INFO:Had find the element '  ' successful by xpath via value: //input[@name='city'] 
2020-06-12 11:20:06,964|base_page.py[line:156] INFO:The element '  ' was clicked.
2020-06-12 11:20:07,542|base_page.py[line:67] INFO:Had find the element '  ' successful by xpath via value: //input[@name='city'] 
2020-06-12 11:20:08,126|base_page.py[line:67] INFO:Had find the element '  ' successful by xpath via value: //input[@name='city'] 
2020-06-12 11:20:08,673|base_page.py[line:67] INFO:Had find the element '  ' successful by xpath via value: //input[@name='city'] 
2020-06-12 11:20:09,025|base_page.py[line:134] INFO:Had type ' changsha ' in inputBox
2020-06-12 11:20:09,698|base_page.py[line:67] INFO:Had find the element ' Select one...
AK
AL
AR
AZ
CA
CO
CT
DC
DE
FL
GA
HI
IA
ID
IL
IN
KS
KY
LA
MA
MD
ME
MI
MN
MO
MS
MT
NC
ND
NE
NH
NJ
NM
NV
NY
OH
OK
OR
PA
RI
SC
SD
TN
TX
UT
VA
VT
WA
WI
WV
WY
ON
NL
BC ' successful by xpath via value: //select[@name='stateCode'] 
2020-06-12 11:20:10,046|base_page.py[line:156] INFO:The element ' Select one...
AK
AL
AR
AZ
CA
CO
CT
DC
DE
FL
GA
HI
IA
ID
IL
IN
KS
KY
LA
MA
MD
ME
MI
MN
MO
MS
MT
NC
ND
NE
NH
NJ
NM
NV
NY
OH
OK
OR
PA
RI
SC
SD
TN
TX
UT
VA
VT
WA
WI
WV
WY
ON
NL
BC ' was clicked.
2020-06-12 11:20:10,655|base_page.py[line:67] INFO:Had find the element ' Select one...
AK
AL
AR
AZ
CA
CO
CT
DC
DE
FL
GA
HI
IA
ID
IL
IN
KS
KY
LA
MA
MD
ME
MI
MN
MO
MS
MT
NC
ND
NE
NH
NJ
NM
NV
NY
OH
OK
OR
PA
RI
SC
SD
TN
TX
UT
VA
VT
WA
WI
WV
WY
ON
NL
BC ' successful by xpath via value: //select[@name='stateCode'] 
2020-06-12 11:20:11,471|base_page.py[line:67] INFO:Had find the element ' Save ' successful by xpath via value: //button[text()='Save'] 
2020-06-12 11:20:11,758|base_page.py[line:156] INFO:The element ' Save ' was clicked.
2020-06-12 11:20:14,337|base_page.py[line:67] INFO:Had find the element ' Address: : Address created successfully. ' successful by xpath via value: //div[@role='alert'] 
2020-06-12 11:20:14,871|base_page.py[line:222] INFO:Had find the elements successful by xpath via value: //div[@class='card']//div//h4 
2020-06-12 11:20:15,461|base_page.py[line:67] INFO:Had find the element ' Addresses ' successful by xpath via value: //div[@class='card']//div//h4[text()='Addresses'] 
2020-06-12 11:20:16,015|base_page.py[line:222] INFO:Had find the elements successful by xpath via value: //div[@class='glo-row']/div[2]//div[@class='glo-row']//div[@class='rt-tr-group'] 
2020-06-12 11:20:16,683|base_page.py[line:67] INFO:Had find the element ' Address
changsha
AK
Home ' successful by xpath via value: //div[@class='glo-row']/div[2]//div[@class='glo-row']//div[@class='rt-tr-group'][1]/div 
2020-06-12 11:20:17,295|base_page.py[line:67] INFO:Had find the element ' Details ' successful by xpath via value: //div[@class='glo-row']/div[2]//button[text()=' Details'] 
2020-06-12 11:20:17,732|base_page.py[line:156] INFO:The element ' Details ' was clicked.
2020-06-12 11:20:18,435|base_page.py[line:67] INFO:Had find the element '  ' successful by xpath via value: //h4[@class='modal-title'] 
2020-06-12 11:20:19,082|base_page.py[line:67] INFO:Had find the element '  ' successful by xpath via value: //button[@class='close'] 
2020-06-12 11:20:19,764|base_page.py[line:222] INFO:Had find the elements successful by xpath via value: //div[@class='card']//div//h4 
2020-06-12 11:20:20,332|base_page.py[line:67] INFO:Had find the element ' Addresses ' successful by xpath via value: //div[@class='card']//div//h4[text()='Addresses'] 
2020-06-12 11:20:20,859|base_page.py[line:222] INFO:Had find the elements successful by xpath via value: //div[@class='glo-row']/div[2]//div[@class='glo-row']//div[@class='rt-tr-group'] 
2020-06-12 11:20:21,648|base_page.py[line:67] INFO:Had find the element ' Address
changsha
AK
Home ' successful by xpath via value: //div[@class='glo-row']/div[2]//div[@class='glo-row']//div[@class='rt-tr-group'][1]/div 
2020-06-12 11:20:22,280|base_page.py[line:67] INFO:Had find the element ' Edit ' successful by xpath via value: //div[@class='glo-row']/div[2]//button[text()=' Edit'] 
2020-06-12 11:20:22,510|base_page.py[line:156] INFO:The element ' Edit ' was clicked.
2020-06-12 11:20:23,092|base_page.py[line:67] INFO:Had find the element ' Select one...
Consultant
Home
Office
Mailing
Billing-Mineral
Unknown ' successful by xpath via value: //select[@name='addressType'] 
2020-06-12 11:20:23,324|base_page.py[line:156] INFO:The element ' Select one...
Consultant
Home
Office
Mailing
Billing-Mineral
Unknown ' was clicked.
2020-06-12 11:20:23,883|base_page.py[line:67] INFO:Had find the element ' Select one...
Consultant
Home
Office
Mailing
Billing-Mineral
Unknown ' successful by xpath via value: //select[@name='addressType'] 
2020-06-12 11:20:24,614|base_page.py[line:67] INFO:Had find the element '  ' successful by xpath via value: //input[@name='address1'] 
2020-06-12 11:20:24,904|base_page.py[line:156] INFO:The element '  ' was clicked.
2020-06-12 11:20:25,495|base_page.py[line:67] INFO:Had find the element '  ' successful by xpath via value: //input[@name='address1'] 
2020-06-12 11:20:26,083|base_page.py[line:67] INFO:Had find the element '  ' successful by xpath via value: //input[@name='address1'] 
2020-06-12 11:20:26,710|base_page.py[line:67] INFO:Had find the element '  ' successful by xpath via value: //input[@name='address1'] 
2020-06-12 11:20:27,151|base_page.py[line:134] INFO:Had type ' Address1 ' in inputBox
2020-06-12 11:20:27,701|base_page.py[line:67] INFO:Had find the element '  ' successful by xpath via value: //input[@name='city'] 
2020-06-12 11:20:27,851|base_page.py[line:156] INFO:The element '  ' was clicked.
2020-06-12 11:20:28,397|base_page.py[line:67] INFO:Had find the element '  ' successful by xpath via value: //input[@name='city'] 
2020-06-12 11:20:28,979|base_page.py[line:67] INFO:Had find the element '  ' successful by xpath via value: //input[@name='city'] 
2020-06-12 11:20:29,579|base_page.py[line:67] INFO:Had find the element '  ' successful by xpath via value: //input[@name='city'] 
2020-06-12 11:20:29,927|base_page.py[line:134] INFO:Had type ' changsha ' in inputBox
2020-06-12 11:20:30,522|base_page.py[line:67] INFO:Had find the element ' Select one...
AK
AL
AR
AZ
CA
CO
CT
DC
DE
FL
GA
HI
IA
ID
IL
IN
KS
KY
LA
MA
MD
ME
MI
MN
MO
MS
MT
NC
ND
NE
NH
NJ
NM
NV
NY
OH
OK
OR
PA
RI
SC
SD
TN
TX
UT
VA
VT
WA
WI
WV
WY
ON
NL
BC ' successful by xpath via value: //select[@name='stateCode'] 
2020-06-12 11:20:30,859|base_page.py[line:156] INFO:The element ' Select one...
AK
AL
AR
AZ
CA
CO
CT
DC
DE
FL
GA
HI
IA
ID
IL
IN
KS
KY
LA
MA
MD
ME
MI
MN
MO
MS
MT
NC
ND
NE
NH
NJ
NM
NV
NY
OH
OK
OR
PA
RI
SC
SD
TN
TX
UT
VA
VT
WA
WI
WV
WY
ON
NL
BC ' was clicked.
2020-06-12 11:20:31,645|base_page.py[line:67] INFO:Had find the element ' Select one...
AK
AL
AR
AZ
CA
CO
CT
DC
DE
FL
GA
HI
IA
ID
IL
IN
KS
KY
LA
MA
MD
ME
MI
MN
MO
MS
MT
NC
ND
NE
NH
NJ
NM
NV
NY
OH
OK
OR
PA
RI
SC
SD
TN
TX
UT
VA
VT
WA
WI
WV
WY
ON
NL
BC ' successful by xpath via value: //select[@name='stateCode'] 
2020-06-12 11:20:32,262|base_page.py[line:67] INFO:Had find the element ' Save ' successful by xpath via value: //button[text()='Save'] 
2020-06-12 11:20:32,450|base_page.py[line:156] INFO:The element ' Save ' was clicked.
2020-06-12 11:20:35,087|base_page.py[line:67] INFO:Had find the element ' Address:: Address1 updated successfully. ' successful by xpath via value: //div[@role='alert'] 
2020-06-12 11:20:35,671|base_page.py[line:222] INFO:Had find the elements successful by xpath via value: //div[@class='card']//div//h4 
2020-06-12 11:20:36,249|base_page.py[line:67] INFO:Had find the element ' Addresses ' successful by xpath via value: //div[@class='card']//div//h4[text()='Addresses'] 
2020-06-12 11:20:36,821|base_page.py[line:222] INFO:Had find the elements successful by xpath via value: //div[@class='glo-row']/div[2]//div[@class='glo-row']//div[@class='rt-tr-group'] 
2020-06-12 11:20:37,448|base_page.py[line:67] INFO:Had find the element ' Address1
changsha
AK
Office ' successful by xpath via value: //div[@class='glo-row']/div[2]//div[@class='glo-row']//div[@class='rt-tr-group'][1]/div 
2020-06-12 11:20:38,102|base_page.py[line:67] INFO:Had find the element ' History ' successful by xpath via value: //div[@class='glo-row']/div[2]//button[text()=' History'] 
2020-06-12 11:20:38,604|base_page.py[line:156] INFO:The element ' History ' was clicked.
2020-06-12 11:20:39,232|base_page.py[line:67] INFO:Had find the element '  ' successful by xpath via value: //h4[@class='modal-title'] 
2020-06-12 11:20:39,892|base_page.py[line:67] INFO:Had find the element '  ' successful by xpath via value: //button[@class='close'] 
2020-06-12 11:20:40,575|base_page.py[line:222] INFO:Had find the elements successful by xpath via value: //div[@class='card']//div//h4 
2020-06-12 11:20:41,175|base_page.py[line:67] INFO:Had find the element ' Addresses ' successful by xpath via value: //div[@class='card']//div//h4[text()='Addresses'] 
2020-06-12 11:20:41,799|base_page.py[line:222] INFO:Had find the elements successful by xpath via value: //div[@class='glo-row']/div[2]//div[@class='glo-row']//div[@class='rt-tr-group'] 
2020-06-12 11:20:42,369|base_page.py[line:67] INFO:Had find the element ' Address1
changsha
AK
Office ' successful by xpath via value: //div[@class='glo-row']/div[2]//div[@class='glo-row']//div[@class='rt-tr-group'][1]/div 
2020-06-12 11:20:42,938|base_page.py[line:67] INFO:Had find the element ' Delete ' successful by xpath via value: //div[@class='glo-row']/div[2]//button[text()=' Delete'] 
2020-06-12 11:20:43,102|base_page.py[line:156] INFO:The element ' Delete ' was clicked.
2020-06-12 11:20:43,647|base_page.py[line:67] INFO:Had find the element ' Yes, delete it! ' successful by xpath via value: //button[text()='Yes, delete it!'] 
2020-06-12 11:20:43,760|base_page.py[line:156] INFO:The element ' Yes, delete it! ' was clicked.
2020-06-12 11:20:46,341|base_page.py[line:67] INFO:Had find the element ' Address: Address1 deleted successfully. ' successful by xpath via value: //div[@role='alert'] 
2020-06-12 11:20:46,936|base_page.py[line:222] INFO:Had find the elements successful by xpath via value: //div[@class='card']//div//h4 
2020-06-12 11:20:47,725|base_page.py[line:67] INFO:Had find the element ' Website ' successful by xpath via value: //div[@class='card']//div//h4[text()='Website'] 
2020-06-12 11:20:48,374|base_page.py[line:67] INFO:Had find the element ' New ' successful by xpath via value: //div[@class='glo-row']/div[3]//button[text()=' New'] 
2020-06-12 11:20:48,705|base_page.py[line:156] INFO:The element ' New ' was clicked.
2020-06-12 11:20:49,340|base_page.py[line:67] INFO:Had find the element '  ' successful by xpath via value: //input[@name='url'] 
2020-06-12 11:20:49,729|base_page.py[line:156] INFO:The element '  ' was clicked.
2020-06-12 11:20:50,312|base_page.py[line:67] INFO:Had find the element '  ' successful by xpath via value: //input[@name='url'] 
2020-06-12 11:20:50,935|base_page.py[line:67] INFO:Had find the element '  ' successful by xpath via value: //input[@name='url'] 
2020-06-12 11:20:51,520|base_page.py[line:67] INFO:Had find the element '  ' successful by xpath via value: //input[@name='url'] 
2020-06-12 11:20:52,265|base_page.py[line:134] INFO:Had type ' http://www.uiautomation.com ' in inputBox
2020-06-12 11:20:52,811|base_page.py[line:67] INFO:Had find the element ' Save ' successful by xpath via value: //button[text()='Save'] 
2020-06-12 11:20:52,960|base_page.py[line:156] INFO:The element ' Save ' was clicked.
2020-06-12 11:20:58,720|base_page.py[line:67] INFO:Had find the element '  ' successful by xpath via value: //div[@role='alert'] 
2020-06-12 11:21:00,281|base_page.py[line:222] INFO:Had find the elements successful by xpath via value: //div[@class='card']//div//h4 
2020-06-12 11:21:00,956|base_page.py[line:67] INFO:Had find the element ' Website ' successful by xpath via value: //div[@class='card']//div//h4[text()='Website'] 
2020-06-12 11:21:01,540|base_page.py[line:67] INFO:Had find the element ' New ' successful by xpath via value: //div[@class='glo-row']/div[3]//button[text()=' New'] 
2020-06-12 11:21:03,967|base_page.py[line:222] INFO:Had find the elements successful by xpath via value: //div[@class='card']//div//h4 
2020-06-12 11:21:04,707|base_page.py[line:67] INFO:Had find the element ' Website ' successful by xpath via value: //div[@class='card']//div//h4[text()='Website'] 
2020-06-12 11:21:05,259|base_page.py[line:222] INFO:Had find the elements successful by xpath via value: //div[@class='glo-row']/div[3]//div[@class='glo-row']//div[@class='rt-tr-group'] 
2020-06-12 11:21:05,823|base_page.py[line:67] INFO:Had find the element ' http://www.uiautomation.com ' successful by xpath via value: //div[@class='glo-row']/div[3]//div[@class='glo-row']//div[@class='rt-tr-group'][1]/div 
2020-06-12 11:21:06,415|base_page.py[line:67] INFO:Had find the element ' Details ' successful by xpath via value: //div[@class='glo-row']/div[3]//button[text()=' Details'] 
2020-06-12 11:21:06,647|base_page.py[line:156] INFO:The element ' Details ' was clicked.
2020-06-12 11:21:07,209|base_page.py[line:67] INFO:Had find the element '  ' successful by xpath via value: //h4[@class='modal-title'] 
2020-06-12 11:21:07,788|base_page.py[line:67] INFO:Had find the element '  ' successful by xpath via value: //button[@class='close'] 
2020-06-12 11:21:08,353|base_page.py[line:222] INFO:Had find the elements successful by xpath via value: //div[@class='card']//div//h4 
2020-06-12 11:21:08,963|base_page.py[line:67] INFO:Had find the element ' Website ' successful by xpath via value: //div[@class='card']//div//h4[text()='Website'] 
2020-06-12 11:21:09,495|base_page.py[line:222] INFO:Had find the elements successful by xpath via value: //div[@class='glo-row']/div[3]//div[@class='glo-row']//div[@class='rt-tr-group'] 
2020-06-12 11:21:10,030|base_page.py[line:67] INFO:Had find the element ' http://www.uiautomation.com ' successful by xpath via value: //div[@class='glo-row']/div[3]//div[@class='glo-row']//div[@class='rt-tr-group'][1]/div 
2020-06-12 11:21:10,599|base_page.py[line:67] INFO:Had find the element ' Edit ' successful by xpath via value: //div[@class='glo-row']/div[3]//button[text()=' Edit'] 
2020-06-12 11:21:10,767|base_page.py[line:156] INFO:The element ' Edit ' was clicked.
2020-06-12 11:21:11,344|base_page.py[line:67] INFO:Had find the element '  ' successful by xpath via value: //input[@name='url'] 
2020-06-12 11:21:11,754|base_page.py[line:156] INFO:The element '  ' was clicked.
2020-06-12 11:21:12,281|base_page.py[line:67] INFO:Had find the element '  ' successful by xpath via value: //input[@name='url'] 
2020-06-12 11:21:12,847|base_page.py[line:67] INFO:Had find the element '  ' successful by xpath via value: //input[@name='url'] 
2020-06-12 11:21:13,443|base_page.py[line:67] INFO:Had find the element '  ' successful by xpath via value: //input[@name='url'] 
2020-06-12 11:21:14,215|base_page.py[line:134] INFO:Had type ' http://www.uiautomationEdit.com ' in inputBox
2020-06-12 11:21:14,752|base_page.py[line:67] INFO:Had find the element ' Save ' successful by xpath via value: //button[text()='Save'] 
2020-06-12 11:21:14,929|base_page.py[line:156] INFO:The element ' Save ' was clicked.
2020-06-12 11:21:17,556|base_page.py[line:67] INFO:Had find the element ' Website:: http://www.uiautomationEdit.com updated successfully. ' successful by xpath via value: //div[@role='alert'] 
2020-06-12 11:21:18,109|base_page.py[line:222] INFO:Had find the elements successful by xpath via value: //div[@class='card']//div//h4 
2020-06-12 11:21:18,740|base_page.py[line:67] INFO:Had find the element ' Website ' successful by xpath via value: //div[@class='card']//div//h4[text()='Website'] 
2020-06-12 11:21:19,296|base_page.py[line:222] INFO:Had find the elements successful by xpath via value: //div[@class='glo-row']/div[3]//div[@class='glo-row']//div[@class='rt-tr-group'] 
2020-06-12 11:21:19,898|base_page.py[line:67] INFO:Had find the element ' http://www.uiautomationEdit.com ' successful by xpath via value: //div[@class='glo-row']/div[3]//div[@class='glo-row']//div[@class='rt-tr-group'][1]/div 
2020-06-12 11:21:20,524|base_page.py[line:67] INFO:Had find the element ' History ' successful by xpath via value: //div[@class='glo-row']/div[3]//button[text()=' History'] 
2020-06-12 11:21:21,049|base_page.py[line:156] INFO:The element ' History ' was clicked.
2020-06-12 11:21:21,700|base_page.py[line:67] INFO:Had find the element '  ' successful by xpath via value: //h4[@class='modal-title'] 
2020-06-12 11:21:22,319|base_page.py[line:67] INFO:Had find the element '  ' successful by xpath via value: //button[@class='close'] 
2020-06-12 11:21:22,899|base_page.py[line:222] INFO:Had find the elements successful by xpath via value: //div[@class='card']//div//h4 
2020-06-12 11:21:23,522|base_page.py[line:67] INFO:Had find the element ' Website ' successful by xpath via value: //div[@class='card']//div//h4[text()='Website'] 
2020-06-12 11:21:24,049|base_page.py[line:222] INFO:Had find the elements successful by xpath via value: //div[@class='glo-row']/div[3]//div[@class='glo-row']//div[@class='rt-tr-group'] 
2020-06-12 11:21:24,585|base_page.py[line:67] INFO:Had find the element ' http://www.uiautomationEdit.com ' successful by xpath via value: //div[@class='glo-row']/div[3]//div[@class='glo-row']//div[@class='rt-tr-group'][1]/div 
2020-06-12 11:21:25,204|base_page.py[line:67] INFO:Had find the element ' Delete ' successful by xpath via value: //div[@class='glo-row']/div[3]//button[text()=' Delete'] 
2020-06-12 11:21:25,355|base_page.py[line:156] INFO:The element ' Delete ' was clicked.
2020-06-12 11:21:25,935|base_page.py[line:67] INFO:Had find the element ' Yes, delete it! ' successful by xpath via value: //button[text()='Yes, delete it!'] 
2020-06-12 11:21:26,099|base_page.py[line:156] INFO:The element ' Yes, delete it! ' was clicked.
2020-06-12 11:21:28,885|base_page.py[line:67] INFO:Had find the element '  ' successful by xpath via value: //div[@role='alert'] 
2020-06-12 11:21:40,023|base_page.py[line:69] ERROR:TimeoutException: selector by xpath ,value xpath=>//div[@class='card']//li/a[text()='Entity']
2020-06-12 11:21:40,581|base_page.py[line:67] INFO:Had find the element '  ' successful by xpath via value: //div[@class='card']//li/a[text()='Entity'] 
2020-06-12 11:21:41,653|base_page.py[line:222] INFO:Had find the elements successful by xpath via value: //div[@class='card']//div//h4 
2020-06-12 11:21:42,339|base_page.py[line:67] INFO:Had find the element ' Doing Business As (DBA) ' successful by xpath via value: //div[@class='card']//div//h4[text()='Doing Business As (DBA)'] 
2020-06-12 11:21:42,925|base_page.py[line:222] INFO:Had find the elements successful by xpath via value: //div[@class='glo-row']/div[4]//div[@class='glo-row']//div[@class='rt-tr-group'] 
2020-06-12 11:21:43,496|base_page.py[line:67] INFO:Had find the element ' UIAutomation2020/06/09 09:25:14 ' successful by xpath via value: //div[@class='glo-row']/div[4]//div[@class='glo-row']//div[@class='rt-tr-group'][1]/div 
2020-06-12 11:21:44,175|base_page.py[line:67] INFO:Had find the element ' Details ' successful by xpath via value: //div[@class='glo-row']/div[4]//button[text()=' Details'] 
2020-06-12 11:21:44,391|base_page.py[line:156] INFO:The element ' Details ' was clicked.
2020-06-12 11:21:44,943|base_page.py[line:67] INFO:Had find the element '  ' successful by xpath via value: //h4[@class='modal-title'] 
2020-06-12 11:21:45,513|base_page.py[line:67] INFO:Had find the element '  ' successful by xpath via value: //button[@class='close'] 
2020-06-12 11:21:46,105|base_page.py[line:222] INFO:Had find the elements successful by xpath via value: //div[@class='card']//div//h4 
2020-06-12 11:21:46,727|base_page.py[line:67] INFO:Had find the element ' Doing Business As (DBA) ' successful by xpath via value: //div[@class='card']//div//h4[text()='Doing Business As (DBA)'] 
2020-06-12 11:21:47,258|base_page.py[line:222] INFO:Had find the elements successful by xpath via value: //div[@class='glo-row']/div[4]//div[@class='glo-row']//div[@class='rt-tr-group'] 
2020-06-12 11:21:47,792|base_page.py[line:67] INFO:Had find the element ' UIAutomation2020/06/09 09:25:14 ' successful by xpath via value: //div[@class='glo-row']/div[4]//div[@class='glo-row']//div[@class='rt-tr-group'][1]/div 
2020-06-12 11:21:48,372|base_page.py[line:67] INFO:Had find the element ' Edit ' successful by xpath via value: //div[@class='glo-row']/div[4]//button[text()=' Edit'] 
2020-06-12 11:21:48,588|base_page.py[line:156] INFO:The element ' Edit ' was clicked.
2020-06-12 11:21:49,255|base_page.py[line:67] INFO:Had find the element '  ' successful by xpath via value: //input[@name='alias'] 
2020-06-12 11:21:49,535|base_page.py[line:156] INFO:The element '  ' was clicked.
2020-06-12 11:21:50,062|base_page.py[line:67] INFO:Had find the element '  ' successful by xpath via value: //input[@name='alias'] 
2020-06-12 11:21:50,644|base_page.py[line:67] INFO:Had find the element '  ' successful by xpath via value: //input[@name='alias'] 
2020-06-12 11:21:51,259|base_page.py[line:67] INFO:Had find the element '  ' successful by xpath via value: //input[@name='alias'] 
2020-06-12 11:21:52,451|base_page.py[line:134] INFO:Had type ' UIAutomationEdit2020/06/12 11:15:27 ' in inputBox
2020-06-12 11:21:53,013|base_page.py[line:67] INFO:Had find the element ' Save ' successful by xpath via value: //button[text()='Save'] 
2020-06-12 11:21:53,161|base_page.py[line:156] INFO:The element ' Save ' was clicked.
2020-06-12 11:21:57,861|base_page.py[line:67] INFO:Had find the element '  ' successful by xpath via value: //div[@role='alert'] 
2020-06-12 11:21:59,078|base_page.py[line:222] INFO:Had find the elements successful by xpath via value: //div[@class='card']//div//h4 
2020-06-12 11:21:59,805|base_page.py[line:67] INFO:Had find the element ' Doing Business As (DBA) ' successful by xpath via value: //div[@class='card']//div//h4[text()='Doing Business As (DBA)'] 
2020-06-12 11:22:00,343|base_page.py[line:222] INFO:Had find the elements successful by xpath via value: //div[@class='glo-row']/div[4]//div[@class='glo-row']//div[@class='rt-tr-group'] 
2020-06-12 11:22:00,909|base_page.py[line:67] INFO:Had find the element ' UIAutomationEdit2020/06/12 11:15:27 ' successful by xpath via value: //div[@class='glo-row']/div[4]//div[@class='glo-row']//div[@class='rt-tr-group'][1]/div 
2020-06-12 11:22:01,623|base_page.py[line:67] INFO:Had find the element ' History ' successful by xpath via value: //div[@class='glo-row']/div[4]//button[text()=' History'] 
2020-06-12 11:22:02,198|base_page.py[line:156] INFO:The element ' History ' was clicked.
2020-06-12 11:22:02,942|base_page.py[line:67] INFO:Had find the element '  ' successful by xpath via value: //h4[@class='modal-title'] 
2020-06-12 11:22:03,604|base_page.py[line:67] INFO:Had find the element '  ' successful by xpath via value: //button[@class='close'] 
2020-06-12 11:22:04,226|base_page.py[line:222] INFO:Had find the elements successful by xpath via value: //div[@class='card']//div//h4 
2020-06-12 11:22:04,886|base_page.py[line:67] INFO:Had find the element ' Doing Business As (DBA) ' successful by xpath via value: //div[@class='card']//div//h4[text()='Doing Business As (DBA)'] 
2020-06-12 11:22:05,413|base_page.py[line:222] INFO:Had find the elements successful by xpath via value: //div[@class='glo-row']/div[4]//div[@class='glo-row']//div[@class='rt-tr-group'] 
2020-06-12 11:22:05,958|base_page.py[line:67] INFO:Had find the element ' UIAutomationEdit2020/06/12 11:15:27 ' successful by xpath via value: //div[@class='glo-row']/div[4]//div[@class='glo-row']//div[@class='rt-tr-group'][1]/div 
2020-06-12 11:22:06,547|base_page.py[line:67] INFO:Had find the element ' Delete ' successful by xpath via value: //div[@class='glo-row']/div[4]//button[text()=' Delete'] 
2020-06-12 11:22:06,745|base_page.py[line:156] INFO:The element ' Delete ' was clicked.
2020-06-12 11:22:07,326|base_page.py[line:67] INFO:Had find the element ' Yes, delete it! ' successful by xpath via value: //button[text()='Yes, delete it!'] 
2020-06-12 11:22:07,451|base_page.py[line:156] INFO:The element ' Yes, delete it! ' was clicked.
2020-06-12 11:22:10,074|base_page.py[line:67] INFO:Had find the element ' DBA: UIAutomationEdit2020/06/12 11:15:27 deleted successfully. ' successful by xpath via value: //div[@role='alert'] 
2020-06-12 11:22:10,639|base_page.py[line:222] INFO:Had find the elements successful by xpath via value: //div[@class='card']//div//h4 
2020-06-12 11:22:11,552|base_page.py[line:67] INFO:Had find the element ' Business Identifier ' successful by xpath via value: //div[@class='card']//div//h4[text()='Business Identifier'] 
2020-06-12 11:22:12,255|base_page.py[line:67] INFO:Had find the element ' New ' successful by xpath via value: //div[@class='glo-row']/div[5]//button[text()=' New'] 
2020-06-12 11:22:12,885|base_page.py[line:156] INFO:The element ' New ' was clicked.
2020-06-12 11:22:13,667|base_page.py[line:67] INFO:Had find the element ' Select one...
BAN
SSN
Federal EIN
Agency ID
State Tax ID
Internal GLO ID
Unknown ' successful by xpath via value: //select[@name='name'] 
2020-06-12 11:22:14,048|base_page.py[line:156] INFO:The element ' Select one...
BAN
SSN
Federal EIN
Agency ID
State Tax ID
Internal GLO ID
Unknown ' was clicked.
2020-06-12 11:22:14,610|base_page.py[line:67] INFO:Had find the element ' Select one...
BAN
SSN
Federal EIN
Agency ID
State Tax ID
Internal GLO ID
Unknown ' successful by xpath via value: //select[@name='name'] 
2020-06-12 11:22:15,345|base_page.py[line:67] INFO:Had find the element '  ' successful by xpath via value: //input[@name='identifier'] 
2020-06-12 11:22:15,655|base_page.py[line:156] INFO:The element '  ' was clicked.
2020-06-12 11:22:16,205|base_page.py[line:67] INFO:Had find the element '  ' successful by xpath via value: //input[@name='identifier'] 
2020-06-12 11:22:16,797|base_page.py[line:67] INFO:Had find the element '  ' successful by xpath via value: //input[@name='identifier'] 
2020-06-12 11:22:17,353|base_page.py[line:67] INFO:Had find the element '  ' successful by xpath via value: //input[@name='identifier'] 
2020-06-12 11:22:17,785|base_page.py[line:134] INFO:Had type ' 123456789 ' in inputBox
2020-06-12 11:22:18,383|base_page.py[line:67] INFO:Had find the element ' Save ' successful by xpath via value: //button[text()='Save'] 
2020-06-12 11:22:18,617|base_page.py[line:156] INFO:The element ' Save ' was clicked.
2020-06-12 11:22:21,256|base_page.py[line:67] INFO:Had find the element ' Business Identifier:: 123456789 created successfully. ' successful by xpath via value: //div[@role='alert'] 
2020-06-12 11:22:21,809|base_page.py[line:222] INFO:Had find the elements successful by xpath via value: //div[@class='card']//div//h4 
2020-06-12 11:22:22,548|base_page.py[line:67] INFO:Had find the element ' Business Identifier ' successful by xpath via value: //div[@class='card']//div//h4[text()='Business Identifier'] 
2020-06-12 11:22:23,118|base_page.py[line:222] INFO:Had find the elements successful by xpath via value: //div[@class='glo-row']/div[5]//div[@class='glo-row']//div[@class='rt-tr-group'] 
2020-06-12 11:22:24,019|base_page.py[line:67] INFO:Had find the element ' SSN
123456789 ' successful by xpath via value: //div[@class='glo-row']/div[5]//div[@class='glo-row']//div[@class='rt-tr-group'][1]/div 
2020-06-12 11:22:24,862|base_page.py[line:67] INFO:Had find the element ' Details ' successful by xpath via value: //div[@class='glo-row']/div[5]//button[text()=' Details'] 
2020-06-12 11:22:25,464|base_page.py[line:156] INFO:The element ' Details ' was clicked.
2020-06-12 11:22:26,298|base_page.py[line:67] INFO:Had find the element '  ' successful by xpath via value: //h4[@class='modal-title'] 
2020-06-12 11:22:26,985|base_page.py[line:67] INFO:Had find the element '  ' successful by xpath via value: //button[@class='close'] 
2020-06-12 11:22:27,607|base_page.py[line:222] INFO:Had find the elements successful by xpath via value: //div[@class='card']//div//h4 
2020-06-12 11:22:28,257|base_page.py[line:67] INFO:Had find the element ' Business Identifier ' successful by xpath via value: //div[@class='card']//div//h4[text()='Business Identifier'] 
2020-06-12 11:22:28,801|base_page.py[line:222] INFO:Had find the elements successful by xpath via value: //div[@class='glo-row']/div[5]//div[@class='glo-row']//div[@class='rt-tr-group'] 
2020-06-12 11:22:29,352|base_page.py[line:67] INFO:Had find the element ' SSN
123456789 ' successful by xpath via value: //div[@class='glo-row']/div[5]//div[@class='glo-row']//div[@class='rt-tr-group'][1]/div 
2020-06-12 11:22:29,924|base_page.py[line:67] INFO:Had find the element ' Edit ' successful by xpath via value: //div[@class='glo-row']/div[5]//button[text()=' Edit'] 
2020-06-12 11:22:30,193|base_page.py[line:156] INFO:The element ' Edit ' was clicked.
2020-06-12 11:22:30,818|base_page.py[line:67] INFO:Had find the element ' Select one...
BAN
SSN
Federal EIN
Agency ID
State Tax ID
Internal GLO ID
Unknown ' successful by xpath via value: //select[@name='name'] 
2020-06-12 11:22:31,113|base_page.py[line:156] INFO:The element ' Select one...
BAN
SSN
Federal EIN
Agency ID
State Tax ID
Internal GLO ID
Unknown ' was clicked.
2020-06-12 11:22:31,666|base_page.py[line:67] INFO:Had find the element ' Select one...
BAN
SSN
Federal EIN
Agency ID
State Tax ID
Internal GLO ID
Unknown ' successful by xpath via value: //select[@name='name'] 
2020-06-12 11:22:32,402|base_page.py[line:67] INFO:Had find the element '  ' successful by xpath via value: //input[@name='identifier'] 
2020-06-12 11:22:32,692|base_page.py[line:156] INFO:The element '  ' was clicked.
2020-06-12 11:22:33,251|base_page.py[line:67] INFO:Had find the element '  ' successful by xpath via value: //input[@name='identifier'] 
2020-06-12 11:22:33,946|base_page.py[line:67] INFO:Had find the element '  ' successful by xpath via value: //input[@name='identifier'] 
2020-06-12 11:22:34,597|base_page.py[line:67] INFO:Had find the element '  ' successful by xpath via value: //input[@name='identifier'] 
2020-06-12 11:22:34,998|base_page.py[line:134] INFO:Had type ' 11111111111 ' in inputBox
2020-06-12 11:22:35,550|base_page.py[line:67] INFO:Had find the element ' Save ' successful by xpath via value: //button[text()='Save'] 
2020-06-12 11:22:35,724|base_page.py[line:156] INFO:The element ' Save ' was clicked.
2020-06-12 11:22:38,323|base_page.py[line:67] INFO:Had find the element ' Business Identifier:: 11111111111 updated successfully. ' successful by xpath via value: //div[@role='alert'] 
2020-06-12 11:22:38,861|base_page.py[line:222] INFO:Had find the elements successful by xpath via value: //div[@class='card']//div//h4 
2020-06-12 11:22:39,593|base_page.py[line:67] INFO:Had find the element ' Business Identifier ' successful by xpath via value: //div[@class='card']//div//h4[text()='Business Identifier'] 
2020-06-12 11:22:40,127|base_page.py[line:222] INFO:Had find the elements successful by xpath via value: //div[@class='glo-row']/div[5]//div[@class='glo-row']//div[@class='rt-tr-group'] 
2020-06-12 11:22:40,707|base_page.py[line:67] INFO:Had find the element ' SSN
123456789 ' successful by xpath via value: //div[@class='glo-row']/div[5]//div[@class='glo-row']//div[@class='rt-tr-group'][1]/div 
2020-06-12 11:22:41,372|base_page.py[line:67] INFO:Had find the element ' History ' successful by xpath via value: //div[@class='glo-row']/div[5]//button[text()=' History'] 
2020-06-12 11:22:41,839|base_page.py[line:156] INFO:The element ' History ' was clicked.
2020-06-12 11:22:42,579|base_page.py[line:67] INFO:Had find the element '  ' successful by xpath via value: //h4[@class='modal-title'] 
2020-06-12 11:22:43,352|base_page.py[line:67] INFO:Had find the element '  ' successful by xpath via value: //button[@class='close'] 
2020-06-12 11:22:43,942|base_page.py[line:222] INFO:Had find the elements successful by xpath via value: //div[@class='card']//div//h4 
2020-06-12 11:22:44,609|base_page.py[line:67] INFO:Had find the element ' Business Identifier ' successful by xpath via value: //div[@class='card']//div//h4[text()='Business Identifier'] 
2020-06-12 11:22:45,138|base_page.py[line:222] INFO:Had find the elements successful by xpath via value: //div[@class='glo-row']/div[5]//div[@class='glo-row']//div[@class='rt-tr-group'] 
2020-06-12 11:22:45,807|base_page.py[line:67] INFO:Had find the element ' SSN
123456789 ' successful by xpath via value: //div[@class='glo-row']/div[5]//div[@class='glo-row']//div[@class='rt-tr-group'][1]/div 
2020-06-12 11:22:46,499|base_page.py[line:67] INFO:Had find the element ' Delete ' successful by xpath via value: //div[@class='glo-row']/div[5]//button[text()=' Delete'] 
2020-06-12 11:22:46,706|base_page.py[line:156] INFO:The element ' Delete ' was clicked.
2020-06-12 11:22:47,457|base_page.py[line:67] INFO:Had find the element ' Yes, delete it! ' successful by xpath via value: //button[text()='Yes, delete it!'] 
2020-06-12 11:22:47,608|base_page.py[line:156] INFO:The element ' Yes, delete it! ' was clicked.
2020-06-12 11:22:50,510|base_page.py[line:67] INFO:Had find the element ' Business Identifier: SSN deleted successfully. ' successful by xpath via value: //div[@role='alert'] 
2020-06-12 11:23:01,300|base_page.py[line:69] ERROR:TimeoutException: selector by id ,value id=>alano-glo-brand-logo
2020-06-12 11:23:01,867|base_page.py[line:67] INFO:Had find the element '  ' successful by id via value: alano-glo-brand-logo 
2020-06-12 11:23:01,926|browser_engine.py[line:73] INFO:Now, Close and quit the browser.
