2020-06-12 09:46:12,616|browser_engine.py[line:27] INFO:You had select Chrome browser.
2020-06-12 09:46:12,616|browser_engine.py[line:29] INFO:The test server url is: https://rralamotest.z21.web.core.windows.net/
2020-06-12 09:46:15,593|browser_engine.py[line:44] INFO:Starting Chrome browser.
2020-06-12 09:46:16,738|browser_engine.py[line:58] INFO:Maximize the current window.
2020-06-12 09:46:47,485|browser_engine.py[line:61] INFO:Open url: https://rralamotest.z21.web.core.windows.net/
2020-06-12 09:46:58,191|base_page.py[line:69] ERROR:TimeoutException: selector by xpath ,value xpath=>//div[@class='localAccount']//div[@class='intro']/h2
2020-06-12 09:46:58,744|base_page.py[line:67] INFO:Had find the element ' Sign in with your existing account ' successful by xpath via value: //div[@class='localAccount']//div[@class='intro']/h2 
2020-06-12 09:46:59,317|base_page.py[line:67] INFO:Had find the element '  ' successful by id via value: logonIdentifier 
2020-06-12 09:46:59,366|base_page.py[line:144] INFO:Clear text in input box before typing.
2020-06-12 09:46:59,890|base_page.py[line:67] INFO:Had find the element '  ' successful by id via value: logonIdentifier 
2020-06-12 09:47:00,147|base_page.py[line:134] INFO:Had type ' yan.liu@an-chen.com ' in inputBox
2020-06-12 09:47:00,701|base_page.py[line:67] INFO:Had find the element '  ' successful by id via value: password 
2020-06-12 09:47:00,749|base_page.py[line:144] INFO:Clear text in input box before typing.
2020-06-12 09:47:01,275|base_page.py[line:67] INFO:Had find the element '  ' successful by id via value: password 
2020-06-12 09:47:01,579|base_page.py[line:134] INFO:Had type ' Lychan@2012 ' in inputBox
2020-06-12 09:47:02,146|base_page.py[line:67] INFO:Had find the element ' Sign in ' successful by xpath via value: //div[@class='buttons']/button[text()='Sign in'] 
2020-06-12 09:47:13,081|base_page.py[line:69] ERROR:TimeoutException: selector by xpath ,value xpath=>//div[@id='root']//div[@class='content-heading']
2020-06-12 09:47:13,633|base_page.py[line:67] INFO:Had find the element ' Welcome, yanliu ' successful by xpath via value: //div[@id='root']//div[@class='content-heading'] 
2020-06-12 09:47:13,633|login.py[line:41] INFO:login success
2020-06-12 09:47:14,219|base_page.py[line:67] INFO:Had find the element ' CUSTOMERS ' successful by id via value: customers 
2020-06-12 09:47:14,295|base_page.py[line:156] INFO:The element ' CUSTOMERS ' was clicked.
2020-06-12 09:47:14,814|base_page.py[line:222] INFO:Had find the elements successful by xpath via value: //ul[@class='dropdown-menu multi-level show']/li/a 
2020-06-12 09:47:15,390|base_page.py[line:67] INFO:Had find the element ' New ' successful by xpath via value: //ul[@class='dropdown-menu multi-level show']/li[2]/a 
2020-06-12 09:47:15,504|base_page.py[line:156] INFO:The element ' New ' was clicked.
2020-06-12 09:47:15,505|topMenu.py[line:69] INFO:second_menu: New
2020-06-12 09:47:16,050|base_page.py[line:67] INFO:Had find the element ' CUSTOMERS ' successful by id via value: customers 
2020-06-12 09:47:16,117|base_page.py[line:156] INFO:The element ' CUSTOMERS ' was clicked.
2020-06-12 09:47:16,626|base_page.py[line:222] INFO:Had find the elements successful by xpath via value: //ul[@class='dropdown-menu multi-level show']/li/a 
2020-06-12 09:47:17,175|base_page.py[line:67] INFO:Had find the element ' New ' successful by xpath via value: //ul[@class='dropdown-menu multi-level show']/li[2]/a 
2020-06-12 09:47:17,261|base_page.py[line:156] INFO:The element ' New ' was clicked.
2020-06-12 09:47:17,261|topMenu.py[line:69] INFO:second_menu: New
2020-06-12 09:47:17,808|base_page.py[line:67] INFO:Had find the element ' Select one...
Person
Organization ' successful by xpath via value: //select[@name='typeName'] 
2020-06-12 09:47:17,935|base_page.py[line:156] INFO:The element ' Select one...
Person
Organization ' was clicked.
2020-06-12 09:47:18,466|base_page.py[line:67] INFO:Had find the element ' Select one...
Person
Organization ' successful by xpath via value: //select[@name='typeName'] 
2020-06-12 09:47:19,111|base_page.py[line:67] INFO:Had find the element ' Select one...
Company
Government
Trust/Estate ' successful by xpath via value: //select[@name='entityClass'] 
2020-06-12 09:47:19,283|base_page.py[line:156] INFO:The element ' Select one...
Company
Government
Trust/Estate ' was clicked.
2020-06-12 09:47:19,828|base_page.py[line:67] INFO:Had find the element ' Select one...
Company
Government
Trust/Estate ' successful by xpath via value: //select[@name='entityClass'] 
2020-06-12 09:47:20,532|base_page.py[line:67] INFO:Had find the element '  ' successful by xpath via value: //form[@class='ie-fix-flex']/div[1]//input[@name='organizationName'] 
2020-06-12 09:47:21,185|base_page.py[line:134] INFO:Had type ' UI Government ' in inputBox
2020-06-12 09:47:21,758|base_page.py[line:67] INFO:Had find the element ' Select one...
Federal
State
County
City
State Higher Education ' successful by xpath via value: //form[@class='ie-fix-flex']/div[1]//select[@name='subClassName'] 
2020-06-12 09:47:21,956|base_page.py[line:156] INFO:The element ' Select one...
Federal
State
County
City
State Higher Education ' was clicked.
2020-06-12 09:48:06,622|browser_engine.py[line:73] INFO:Now, Close and quit the browser.
