2020-06-12 10:27:55,979|browser_engine.py[line:27] INFO:You had select Chrome browser.
2020-06-12 10:27:55,979|browser_engine.py[line:29] INFO:The test server url is: https://rralamotest.z21.web.core.windows.net/
2020-06-12 10:28:01,787|browser_engine.py[line:44] INFO:Starting Chrome browser.
2020-06-12 10:28:03,250|browser_engine.py[line:58] INFO:Maximize the current window.
2020-06-12 10:28:30,627|browser_engine.py[line:61] INFO:Open url: https://rralamotest.z21.web.core.windows.net/
2020-06-12 10:28:41,517|base_page.py[line:69] ERROR:TimeoutException: selector by xpath ,value xpath=>//div[@class='localAccount']//div[@class='intro']/h2
2020-06-12 10:28:42,072|base_page.py[line:67] INFO:Had find the element ' Sign in with your existing account ' successful by xpath via value: //div[@class='localAccount']//div[@class='intro']/h2 
2020-06-12 10:28:42,649|base_page.py[line:67] INFO:Had find the element '  ' successful by id via value: logonIdentifier 
2020-06-12 10:28:42,691|base_page.py[line:144] INFO:Clear text in input box before typing.
2020-06-12 10:28:43,218|base_page.py[line:67] INFO:Had find the element '  ' successful by id via value: logonIdentifier 
2020-06-12 10:28:43,484|base_page.py[line:134] INFO:Had type ' yan.liu@an-chen.com ' in inputBox
2020-06-12 10:28:44,034|base_page.py[line:67] INFO:Had find the element '  ' successful by id via value: password 
2020-06-12 10:28:44,101|base_page.py[line:144] INFO:Clear text in input box before typing.
2020-06-12 10:28:44,637|base_page.py[line:67] INFO:Had find the element '  ' successful by id via value: password 
2020-06-12 10:28:45,004|base_page.py[line:134] INFO:Had type ' Lychan@2012 ' in inputBox
2020-06-12 10:28:45,555|base_page.py[line:67] INFO:Had find the element ' Sign in ' successful by xpath via value: //div[@class='buttons']/button[text()='Sign in'] 
2020-06-12 10:28:56,348|base_page.py[line:69] ERROR:TimeoutException: selector by xpath ,value xpath=>//div[@id='root']//div[@class='content-heading']
2020-06-12 10:28:56,886|base_page.py[line:67] INFO:Had find the element ' Welcome, yanliu ' successful by xpath via value: //div[@id='root']//div[@class='content-heading'] 
2020-06-12 10:28:56,886|login.py[line:41] INFO:login success
2020-06-12 10:28:56,886|browser_engine.py[line:73] INFO:Now, Close and quit the browser.
