2020-06-12 15:42:08,565|browser_engine.py[line:27] INFO:You had select Chrome browser.
2020-06-12 15:42:08,565|browser_engine.py[line:29] INFO:The test server url is: https://rralamotest.z21.web.core.windows.net/
2020-06-12 15:42:11,518|browser_engine.py[line:44] INFO:Starting Chrome browser.
2020-06-12 15:42:12,683|browser_engine.py[line:58] INFO:Maximize the current window.
2020-06-12 15:42:55,135|browser_engine.py[line:61] INFO:Open url: https://rralamotest.z21.web.core.windows.net/
2020-06-12 15:43:05,774|base_page.py[line:69] ERROR:TimeoutException: selector by xpath ,value xpath=>//div[@class='localAccount']//div[@class='intro']/h2
2020-06-12 15:43:06,315|base_page.py[line:67] INFO:Had find the element ' Sign in with your existing account ' successful by xpath via value: //div[@class='localAccount']//div[@class='intro']/h2 
2020-06-12 15:43:06,882|base_page.py[line:67] INFO:Had find the element '  ' successful by id via value: logonIdentifier 
2020-06-12 15:43:06,922|base_page.py[line:144] INFO:Clear text in input box before typing.
2020-06-12 15:43:07,447|base_page.py[line:67] INFO:Had find the element '  ' successful by id via value: logonIdentifier 
2020-06-12 15:43:07,639|base_page.py[line:134] INFO:Had type ' yan.liu@an-chen.com ' in inputBox
2020-06-12 15:43:08,179|base_page.py[line:67] INFO:Had find the element '  ' successful by id via value: password 
2020-06-12 15:43:08,218|base_page.py[line:144] INFO:Clear text in input box before typing.
2020-06-12 15:43:08,774|base_page.py[line:67] INFO:Had find the element '  ' successful by id via value: password 
2020-06-12 15:43:08,928|base_page.py[line:134] INFO:Had type ' Lychan@2012 ' in inputBox
2020-06-12 15:43:09,475|base_page.py[line:67] INFO:Had find the element ' Sign in ' successful by xpath via value: //div[@class='buttons']/button[text()='Sign in'] 
2020-06-12 15:43:20,119|base_page.py[line:69] ERROR:TimeoutException: selector by xpath ,value xpath=>//div[@id='root']//div[@class='content-heading']
2020-06-12 15:43:20,766|base_page.py[line:67] INFO:Had find the element ' Welcome, yanliu ' successful by xpath via value: //div[@id='root']//div[@class='content-heading'] 
2020-06-12 15:43:20,767|login.py[line:41] INFO:login success
2020-06-12 15:43:21,356|base_page.py[line:67] INFO:Had find the element ' CUSTOMERS ' successful by id via value: customers 
2020-06-12 15:43:21,466|base_page.py[line:156] INFO:The element ' CUSTOMERS ' was clicked.
2020-06-12 15:43:21,983|base_page.py[line:222] INFO:Had find the elements successful by xpath via value: //ul[@class='dropdown-menu multi-level show']/li/a 
2020-06-12 15:43:22,566|base_page.py[line:67] INFO:Had find the element ' New ' successful by xpath via value: //ul[@class='dropdown-menu multi-level show']/li[2]/a 
2020-06-12 15:43:22,685|base_page.py[line:156] INFO:The element ' New ' was clicked.
2020-06-12 15:43:22,685|topMenu.py[line:69] INFO:second_menu: New
2020-06-12 15:43:23,240|base_page.py[line:67] INFO:Had find the element ' Select one...
Person
Organization ' successful by xpath via value: //select[@name='typeName'] 
2020-06-12 15:43:23,348|base_page.py[line:156] INFO:The element ' Select one...
Person
Organization ' was clicked.
2020-06-12 15:43:23,891|base_page.py[line:67] INFO:Had find the element ' Select one...
Person
Organization ' successful by xpath via value: //select[@name='typeName'] 
2020-06-12 15:43:24,547|base_page.py[line:67] INFO:Had find the element ' Select one...
Sole Proprietor
Individual
Household ' successful by xpath via value: //select[@name='entityClass'] 
2020-06-12 15:43:24,657|base_page.py[line:156] INFO:The element ' Select one...
Sole Proprietor
Individual
Household ' was clicked.
2020-06-12 15:43:25,201|base_page.py[line:67] INFO:Had find the element ' Select one...
Sole Proprietor
Individual
Household ' successful by xpath via value: //select[@name='entityClass'] 
2020-06-12 15:43:25,904|base_page.py[line:67] INFO:Had find the element ' Select one...
Mr.
Mrs.
Ms.
Miss
Dr.
Rev.
N/A ' successful by xpath via value: //form[@class='ie-fix-flex']/div[1]//select[@name='salutation'] 
2020-06-12 15:43:26,043|base_page.py[line:156] INFO:The element ' Select one...
Mr.
Mrs.
Ms.
Miss
Dr.
Rev.
N/A ' was clicked.
2020-06-12 15:43:26,597|base_page.py[line:67] INFO:Had find the element ' Select one...
Mr.
Mrs.
Ms.
Miss
Dr.
Rev.
N/A ' successful by xpath via value: //form[@class='ie-fix-flex']/div[1]//select[@name='salutation'] 
2020-06-12 15:43:27,248|base_page.py[line:67] INFO:Had find the element '  ' successful by xpath via value: //form[@class='ie-fix-flex']/div[1]//input[@name='firstName'] 
2020-06-12 15:43:27,633|base_page.py[line:134] INFO:Had type ' UI Individual ' in inputBox
2020-06-12 15:43:28,182|base_page.py[line:67] INFO:Had find the element '  ' successful by xpath via value: //form[@class='ie-fix-flex']/div[1]//input[@name='lastName'] 
2020-06-12 15:43:28,413|base_page.py[line:134] INFO:Had type ' UI Last ' in inputBox
2020-06-12 15:43:28,971|base_page.py[line:67] INFO:Had find the element ' Select one...
Sr.
Jr.
II
III
IV
M.D.
D.D.S.
Ph.D.
et al
et ux
Trustee ' successful by xpath via value: //form[@class='ie-fix-flex']/div[1]//select[@name='suffix'] 
2020-06-12 15:43:29,132|base_page.py[line:156] INFO:The element ' Select one...
Sr.
Jr.
II
III
IV
M.D.
D.D.S.
Ph.D.
et al
et ux
Trustee ' was clicked.
2020-06-12 15:43:29,669|base_page.py[line:67] INFO:Had find the element ' Select one...
Sr.
Jr.
II
III
IV
M.D.
D.D.S.
Ph.D.
et al
et ux
Trustee ' successful by xpath via value: //form[@class='ie-fix-flex']/div[1]//select[@name='suffix'] 
2020-06-12 15:43:30,297|base_page.py[line:67] INFO:Had find the element ' CUSTOMERS ' successful by id via value: customers 
2020-06-12 15:43:30,400|base_page.py[line:156] INFO:The element ' CUSTOMERS ' was clicked.
2020-06-12 15:43:30,912|base_page.py[line:222] INFO:Had find the elements successful by xpath via value: //ul[@class='dropdown-menu multi-level show']/li/a 
2020-06-12 15:43:31,474|base_page.py[line:67] INFO:Had find the element ' New ' successful by xpath via value: //ul[@class='dropdown-menu multi-level show']/li[2]/a 
2020-06-12 15:43:31,566|base_page.py[line:156] INFO:The element ' New ' was clicked.
2020-06-12 15:43:31,566|topMenu.py[line:69] INFO:second_menu: New
2020-06-12 15:43:32,093|base_page.py[line:67] INFO:Had find the element ' Select one...
Person
Organization ' successful by xpath via value: //select[@name='typeName'] 
2020-06-12 15:43:32,185|base_page.py[line:156] INFO:The element ' Select one...
Person
Organization ' was clicked.
2020-06-12 15:43:32,713|base_page.py[line:67] INFO:Had find the element ' Select one...
Person
Organization ' successful by xpath via value: //select[@name='typeName'] 
2020-06-12 15:43:33,265|base_page.py[line:67] INFO:Had find the element ' Select one...
Sole Proprietor
Individual
Household ' successful by xpath via value: //select[@name='entityClass'] 
2020-06-12 15:43:33,360|base_page.py[line:156] INFO:The element ' Select one...
Sole Proprietor
Individual
Household ' was clicked.
2020-06-12 15:43:33,886|base_page.py[line:67] INFO:Had find the element ' Select one...
Sole Proprietor
Individual
Household ' successful by xpath via value: //select[@name='entityClass'] 
2020-06-12 15:43:34,541|base_page.py[line:67] INFO:Had find the element '  ' successful by xpath via value: //form[@class='ie-fix-flex']/div[1]//input[@name='fullName'] 
2020-06-12 15:43:34,883|base_page.py[line:134] INFO:Had type ' UI Household ' in inputBox
2020-06-12 15:43:35,421|base_page.py[line:67] INFO:Had find the element '  ' successful by xpath via value: //form[@class='ie-fix-flex']/div[1]//input[@name='defaultSort'] 
2020-06-12 15:43:35,803|base_page.py[line:134] INFO:Had type ' UI Default sort ' in inputBox
2020-06-12 15:43:36,326|base_page.py[line:67] INFO:Had find the element ' CUSTOMERS ' successful by id via value: customers 
2020-06-12 15:43:36,386|base_page.py[line:156] INFO:The element ' CUSTOMERS ' was clicked.
2020-06-12 15:43:36,909|base_page.py[line:222] INFO:Had find the elements successful by xpath via value: //ul[@class='dropdown-menu multi-level show']/li/a 
2020-06-12 15:43:37,504|base_page.py[line:67] INFO:Had find the element ' New ' successful by xpath via value: //ul[@class='dropdown-menu multi-level show']/li[2]/a 
2020-06-12 15:43:37,570|base_page.py[line:156] INFO:The element ' New ' was clicked.
2020-06-12 15:43:37,570|topMenu.py[line:69] INFO:second_menu: New
2020-06-12 15:43:38,317|base_page.py[line:67] INFO:Had find the element ' Select one...
Person
Organization ' successful by xpath via value: //select[@name='typeName'] 
2020-06-12 15:43:38,436|base_page.py[line:156] INFO:The element ' Select one...
Person
Organization ' was clicked.
2020-06-12 15:43:38,963|base_page.py[line:67] INFO:Had find the element ' Select one...
Person
Organization ' successful by xpath via value: //select[@name='typeName'] 
2020-06-12 15:43:39,585|base_page.py[line:67] INFO:Had find the element ' Select one...
Company
Government
Trust/Estate ' successful by xpath via value: //select[@name='entityClass'] 
2020-06-12 15:43:39,686|base_page.py[line:156] INFO:The element ' Select one...
Company
Government
Trust/Estate ' was clicked.
2020-06-12 15:43:40,217|base_page.py[line:67] INFO:Had find the element ' Select one...
Company
Government
Trust/Estate ' successful by xpath via value: //select[@name='entityClass'] 
2020-06-12 15:43:40,982|base_page.py[line:67] INFO:Had find the element '  ' successful by xpath via value: //form[@class='ie-fix-flex']/div[1]//input[@name='organizationName'] 
2020-06-12 15:43:41,323|base_page.py[line:134] INFO:Had type ' UI Company ' in inputBox
2020-06-12 15:43:41,873|base_page.py[line:67] INFO:Had find the element ' Select one...
Incorporated
Limited Liability Company
Limited Liability Partnership
Limited Partnership
General Partnership ' successful by xpath via value: //form[@class='ie-fix-flex']/div[1]//select[@name='subClassName'] 
2020-06-12 15:43:41,986|base_page.py[line:156] INFO:The element ' Select one...
Incorporated
Limited Liability Company
Limited Liability Partnership
Limited Partnership
General Partnership ' was clicked.
2020-06-12 15:43:42,542|base_page.py[line:67] INFO:Had find the element ' Select one...
Incorporated
Limited Liability Company
Limited Liability Partnership
Limited Partnership
General Partnership ' successful by xpath via value: //form[@class='ie-fix-flex']/div[1]//select[@name='subClassName'] 
2020-06-12 15:43:43,242|base_page.py[line:67] INFO:Had find the element ' Select one...
AK
AL
AR
AZ
CA
CO
CT
DC
DE
FL
GA
HI
IA
ID
IL
IN
KS
KY
LA
MA
MD
ME
MI
MN
MO
MS
MT
NC
ND
NE
NH
NJ
NM
NV
NY
OH
OK
OR
PA
RI
SC
SD
TN
TX
UT
VA
VT
WA
WI
WV
WY
ON
NL
BC ' successful by xpath via value: //form[@class='ie-fix-flex']/div[1]//select[@name='stateOfIncorporation'] 
2020-06-12 15:43:43,500|base_page.py[line:156] INFO:The element ' Select one...
AK
AL
AR
AZ
CA
CO
CT
DC
DE
FL
GA
HI
IA
ID
IL
IN
KS
KY
LA
MA
MD
ME
MI
MN
MO
MS
MT
NC
ND
NE
NH
NJ
NM
NV
NY
OH
OK
OR
PA
RI
SC
SD
TN
TX
UT
VA
VT
WA
WI
WV
WY
ON
NL
BC ' was clicked.
2020-06-12 15:43:44,092|base_page.py[line:67] INFO:Had find the element ' Select one...
AK
AL
AR
AZ
CA
CO
CT
DC
DE
FL
GA
HI
IA
ID
IL
IN
KS
KY
LA
MA
MD
ME
MI
MN
MO
MS
MT
NC
ND
NE
NH
NJ
NM
NV
NY
OH
OK
OR
PA
RI
SC
SD
TN
TX
UT
VA
VT
WA
WI
WV
WY
ON
NL
BC ' successful by xpath via value: //form[@class='ie-fix-flex']/div[1]//select[@name='stateOfIncorporation'] 
2020-06-12 15:43:44,761|base_page.py[line:67] INFO:Had find the element ' CUSTOMERS ' successful by id via value: customers 
2020-06-12 15:43:44,838|base_page.py[line:156] INFO:The element ' CUSTOMERS ' was clicked.
2020-06-12 15:43:45,357|base_page.py[line:222] INFO:Had find the elements successful by xpath via value: //ul[@class='dropdown-menu multi-level show']/li/a 
2020-06-12 15:43:45,921|base_page.py[line:67] INFO:Had find the element ' New ' successful by xpath via value: //ul[@class='dropdown-menu multi-level show']/li[2]/a 
2020-06-12 15:43:45,989|base_page.py[line:156] INFO:The element ' New ' was clicked.
2020-06-12 15:43:45,990|topMenu.py[line:69] INFO:second_menu: New
2020-06-12 15:43:46,515|base_page.py[line:67] INFO:Had find the element ' Select one...
Person
Organization ' successful by xpath via value: //select[@name='typeName'] 
2020-06-12 15:43:46,603|base_page.py[line:156] INFO:The element ' Select one...
Person
Organization ' was clicked.
2020-06-12 15:43:47,130|base_page.py[line:67] INFO:Had find the element ' Select one...
Person
Organization ' successful by xpath via value: //select[@name='typeName'] 
2020-06-12 15:43:47,688|base_page.py[line:67] INFO:Had find the element ' Select one...
Company
Government
Trust/Estate ' successful by xpath via value: //select[@name='entityClass'] 
2020-06-12 15:43:47,815|base_page.py[line:156] INFO:The element ' Select one...
Company
Government
Trust/Estate ' was clicked.
2020-06-12 15:43:48,344|base_page.py[line:67] INFO:Had find the element ' Select one...
Company
Government
Trust/Estate ' successful by xpath via value: //select[@name='entityClass'] 
2020-06-12 15:43:49,022|base_page.py[line:67] INFO:Had find the element '  ' successful by xpath via value: //form[@class='ie-fix-flex']/div[1]//input[@name='organizationName'] 
2020-06-12 15:43:49,337|base_page.py[line:134] INFO:Had type ' UI Trust/Estate ' in inputBox
2020-06-12 15:43:49,937|base_page.py[line:67] INFO:Had find the element ' Select one...
AK
AL
AR
AZ
CA
CO
CT
DC
DE
FL
GA
HI
IA
ID
IL
IN
KS
KY
LA
MA
MD
ME
MI
MN
MO
MS
MT
NC
ND
NE
NH
NJ
NM
NV
NY
OH
OK
OR
PA
RI
SC
SD
TN
TX
UT
VA
VT
WA
WI
WV
WY
ON
NL
BC ' successful by xpath via value: //form[@class='ie-fix-flex']/div[1]//select[@name='stateOfIncorporation'] 
2020-06-12 15:43:50,126|base_page.py[line:156] INFO:The element ' Select one...
AK
AL
AR
AZ
CA
CO
CT
DC
DE
FL
GA
HI
IA
ID
IL
IN
KS
KY
LA
MA
MD
ME
MI
MN
MO
MS
MT
NC
ND
NE
NH
NJ
NM
NV
NY
OH
OK
OR
PA
RI
SC
SD
TN
TX
UT
VA
VT
WA
WI
WV
WY
ON
NL
BC ' was clicked.
2020-06-12 15:43:50,732|base_page.py[line:67] INFO:Had find the element ' Select one...
AK
AL
AR
AZ
CA
CO
CT
DC
DE
FL
GA
HI
IA
ID
IL
IN
KS
KY
LA
MA
MD
ME
MI
MN
MO
MS
MT
NC
ND
NE
NH
NJ
NM
NV
NY
OH
OK
OR
PA
RI
SC
SD
TN
TX
UT
VA
VT
WA
WI
WV
WY
ON
NL
BC ' successful by xpath via value: //form[@class='ie-fix-flex']/div[1]//select[@name='stateOfIncorporation'] 
