2020-06-12 16:00:34,363|browser_engine.py[line:27] INFO:You had select Chrome browser.
2020-06-12 16:00:34,363|browser_engine.py[line:29] INFO:The test server url is: https://rralamotest.z21.web.core.windows.net/
2020-06-12 16:00:37,189|browser_engine.py[line:44] INFO:Starting Chrome browser.
2020-06-12 16:00:38,320|browser_engine.py[line:58] INFO:Maximize the current window.
2020-06-12 16:01:24,654|browser_engine.py[line:61] INFO:Open url: https://rralamotest.z21.web.core.windows.net/
2020-06-12 16:01:35,188|base_page.py[line:69] ERROR:TimeoutException: selector by xpath ,value xpath=>//div[@class='localAccount']//div[@class='intro']/h2
2020-06-12 16:01:35,756|base_page.py[line:67] INFO:Had find the element ' Sign in with your existing account ' successful by xpath via value: //div[@class='localAccount']//div[@class='intro']/h2 
2020-06-12 16:01:36,334|base_page.py[line:67] INFO:Had find the element '  ' successful by id via value: logonIdentifier 
2020-06-12 16:01:36,378|base_page.py[line:144] INFO:Clear text in input box before typing.
2020-06-12 16:01:36,908|base_page.py[line:67] INFO:Had find the element '  ' successful by id via value: logonIdentifier 
2020-06-12 16:01:37,150|base_page.py[line:134] INFO:Had type ' yan.liu@an-chen.com ' in inputBox
2020-06-12 16:01:37,685|base_page.py[line:67] INFO:Had find the element '  ' successful by id via value: password 
2020-06-12 16:01:37,737|base_page.py[line:144] INFO:Clear text in input box before typing.
2020-06-12 16:01:38,263|base_page.py[line:67] INFO:Had find the element '  ' successful by id via value: password 
2020-06-12 16:01:38,529|base_page.py[line:134] INFO:Had type ' Lychan@2012 ' in inputBox
2020-06-12 16:01:39,067|base_page.py[line:67] INFO:Had find the element ' Sign in ' successful by xpath via value: //div[@class='buttons']/button[text()='Sign in'] 
2020-06-12 16:01:50,170|base_page.py[line:69] ERROR:TimeoutException: selector by xpath ,value xpath=>//div[@id='root']//div[@class='content-heading']
2020-06-12 16:01:50,738|base_page.py[line:67] INFO:Had find the element ' Welcome, yanliu ' successful by xpath via value: //div[@id='root']//div[@class='content-heading'] 
2020-06-12 16:01:50,739|login.py[line:41] INFO:login success
2020-06-12 16:01:51,306|base_page.py[line:67] INFO:Had find the element ' CUSTOMERS ' successful by id via value: customers 
2020-06-12 16:01:51,471|base_page.py[line:156] INFO:The element ' CUSTOMERS ' was clicked.
2020-06-12 16:01:51,995|base_page.py[line:222] INFO:Had find the elements successful by xpath via value: //ul[@class='dropdown-menu multi-level show']/li/a 
2020-06-12 16:01:52,572|base_page.py[line:67] INFO:Had find the element ' New ' successful by xpath via value: //ul[@class='dropdown-menu multi-level show']/li[2]/a 
2020-06-12 16:01:52,733|base_page.py[line:156] INFO:The element ' New ' was clicked.
2020-06-12 16:01:52,734|topMenu.py[line:69] INFO:second_menu: New
2020-06-12 16:01:53,293|base_page.py[line:67] INFO:Had find the element ' Select one...
Person
Organization ' successful by xpath via value: //select[@name='typeName'] 
2020-06-12 16:01:53,409|base_page.py[line:156] INFO:The element ' Select one...
Person
Organization ' was clicked.
2020-06-12 16:01:53,949|base_page.py[line:67] INFO:Had find the element ' Select one...
Person
Organization ' successful by xpath via value: //select[@name='typeName'] 
2020-06-12 16:01:54,613|base_page.py[line:67] INFO:Had find the element ' Select one...
Company
Government
Trust/Estate ' successful by xpath via value: //select[@name='entityClass'] 
2020-06-12 16:01:54,730|base_page.py[line:156] INFO:The element ' Select one...
Company
Government
Trust/Estate ' was clicked.
2020-06-12 16:01:55,271|base_page.py[line:67] INFO:Had find the element ' Select one...
Company
Government
Trust/Estate ' successful by xpath via value: //select[@name='entityClass'] 
2020-06-12 16:01:55,990|base_page.py[line:67] INFO:Had find the element '  ' successful by xpath via value: //form[@class='ie-fix-flex']/div[1]//input[@name='organizationName'] 
2020-06-12 16:01:56,621|base_page.py[line:134] INFO:Had type ' UI Trust/Estate ' in inputBox
2020-06-12 16:01:57,298|base_page.py[line:67] INFO:Had find the element ' Select one...
AK
AL
AR
AZ
CA
CO
CT
DC
DE
FL
GA
HI
IA
ID
IL
IN
KS
KY
LA
MA
MD
ME
MI
MN
MO
MS
MT
NC
ND
NE
NH
NJ
NM
NV
NY
OH
OK
OR
PA
RI
SC
SD
TN
TX
UT
VA
VT
WA
WI
WV
WY
ON
NL
BC ' successful by xpath via value: //form[@class='ie-fix-flex']/div[1]//select[@name='stateOfIncorporation'] 
2020-06-12 16:01:57,534|base_page.py[line:156] INFO:The element ' Select one...
AK
AL
AR
AZ
CA
CO
CT
DC
DE
FL
GA
HI
IA
ID
IL
IN
KS
KY
LA
MA
MD
ME
MI
MN
MO
MS
MT
NC
ND
NE
NH
NJ
NM
NV
NY
OH
OK
OR
PA
RI
SC
SD
TN
TX
UT
VA
VT
WA
WI
WV
WY
ON
NL
BC ' was clicked.
2020-06-12 16:01:58,149|base_page.py[line:67] INFO:Had find the element ' Select one...
AK
AL
AR
AZ
CA
CO
CT
DC
DE
FL
GA
HI
IA
ID
IL
IN
KS
KY
LA
MA
MD
ME
MI
MN
MO
MS
MT
NC
ND
NE
NH
NJ
NM
NV
NY
OH
OK
OR
PA
RI
SC
SD
TN
TX
UT
VA
VT
WA
WI
WV
WY
ON
NL
BC ' successful by xpath via value: //form[@class='ie-fix-flex']/div[1]//select[@name='stateOfIncorporation'] 
2020-06-12 16:02:09,170|base_page.py[line:69] ERROR:TimeoutException: selector by id ,value sameAs
2020-06-12 16:02:09,170|base_page.py[line:122] ERROR:NoSuchElement selector_by: id, selector: sameAs 
2020-06-12 16:02:20,069|base_page.py[line:69] ERROR:TimeoutException: selector by xpath ,value //div[@class='btn-toolbar']/button[text()='History']
2020-06-12 16:02:20,069|base_page.py[line:122] ERROR:NoSuchElement selector_by: xpath, selector: //div[@class='btn-toolbar']/button[text()='History'] 
