2020-07-31 14:30:26,532|browser_engine.py[line:26] INFO:You had select Chrome browser.
2020-07-31 14:30:26,532|browser_engine.py[line:28] INFO:The test server url is: https://rr-alamo-test.azureedge.net
2020-07-31 14:30:29,299|browser_engine.py[line:42] INFO:Starting Chrome browser.
2020-07-31 14:30:30,443|browser_engine.py[line:56] INFO:Maximize the current window.
2020-07-31 14:30:40,836|browser_engine.py[line:59] INFO:Open url: https://rr-alamo-test.azureedge.net
2020-07-31 14:30:51,729|base_page.py[line:68] ERROR:TimeoutException: selector by xpath ,value xpath=>//div[@class='localAccount']//div[@class='intro']/h2
2020-07-31 14:30:52,274|base_page.py[line:66] INFO:Had find the element ' Sign in with your existing account ' successful by xpath via value: //div[@class='localAccount']//div[@class='intro']/h2 
2020-07-31 14:30:52,836|base_page.py[line:66] INFO:Had find the element '  ' successful by id via value: logonIdentifier 
2020-07-31 14:30:52,875|base_page.py[line:143] INFO:Clear text in input box before typing.
2020-07-31 14:30:53,414|base_page.py[line:66] INFO:Had find the element '  ' successful by id via value: logonIdentifier 
2020-07-31 14:30:53,614|base_page.py[line:133] INFO:Had type ' yan.liu@an-chen.com ' in inputBox
2020-07-31 14:30:54,182|base_page.py[line:66] INFO:Had find the element '  ' successful by id via value: password 
2020-07-31 14:30:54,224|base_page.py[line:143] INFO:Clear text in input box before typing.
2020-07-31 14:30:54,746|base_page.py[line:66] INFO:Had find the element '  ' successful by id via value: password 
2020-07-31 14:30:54,963|base_page.py[line:133] INFO:Had type ' Lychan@2012 ' in inputBox
2020-07-31 14:30:55,494|base_page.py[line:66] INFO:Had find the element ' Sign in ' successful by xpath via value: //div[@class='buttons']/button[text()='Sign in'] 
2020-07-31 14:31:05,494|base_page.py[line:66] INFO:Had find the element ' Welcome, yanliu ' successful by xpath via value: //div[@id='root']//div[@class='content-heading'] 
2020-07-31 14:31:05,495|login.py[line:41] INFO:login success
2020-07-31 14:31:06,097|base_page.py[line:66] INFO:Had find the element ' MANAGE ' successful by id via value: manage 
2020-07-31 14:31:06,179|base_page.py[line:155] INFO:The element ' MANAGE ' was clicked.
2020-07-31 14:31:06,707|base_page.py[line:221] INFO:Had find the elements successful by xpath via value: //ul[@class='dropdown-menu multi-level show']/li/a 
2020-07-31 14:31:07,282|base_page.py[line:66] INFO:Had find the element ' Authorization Management ' successful by xpath via value: //ul[@class='dropdown-menu multi-level show']/li[1]/a 
2020-07-31 14:31:07,442|base_page.py[line:155] INFO:The element ' Authorization Management ' was clicked.
2020-07-31 14:31:07,442|topMenu.py[line:69] INFO:second_menu: Authorization Management
2020-07-31 14:31:07,990|base_page.py[line:66] INFO:Had find the element ' New ' successful by xpath via value: //div[@class='card']//button[text()=' New'] 
2020-07-31 14:31:08,106|base_page.py[line:155] INFO:The element ' New ' was clicked.
2020-07-31 14:31:08,645|base_page.py[line:66] INFO:Had find the element '  ' successful by xpath via value: //input[@name='name'] 
2020-07-31 14:31:08,739|base_page.py[line:155] INFO:The element '  ' was clicked.
2020-07-31 14:31:09,261|base_page.py[line:66] INFO:Had find the element '  ' successful by xpath via value: //input[@name='name'] 
2020-07-31 14:31:09,816|base_page.py[line:66] INFO:Had find the element '  ' successful by xpath via value: //input[@name='name'] 
2020-07-31 14:31:11,239|base_page.py[line:66] INFO:Had find the element '  ' successful by xpath via value: //input[@name='name'] 
2020-07-31 14:31:14,059|base_page.py[line:133] INFO:Had type ' 1Sl8HC ' in inputBox
2020-07-31 14:31:14,596|base_page.py[line:66] INFO:Had find the element '  ' successful by xpath via value: //input[@name='description'] 
2020-07-31 14:31:14,676|base_page.py[line:155] INFO:The element '  ' was clicked.
2020-07-31 14:31:15,229|base_page.py[line:66] INFO:Had find the element '  ' successful by xpath via value: //input[@name='description'] 
2020-07-31 14:31:15,820|base_page.py[line:66] INFO:Had find the element '  ' successful by xpath via value: //input[@name='description'] 
2020-07-31 14:31:16,395|base_page.py[line:66] INFO:Had find the element '  ' successful by xpath via value: //input[@name='description'] 
2020-07-31 14:31:18,132|base_page.py[line:133] INFO:Had type ' GU58hr ' in inputBox
2020-07-31 14:31:18,699|base_page.py[line:66] INFO:Had find the element '  ' successful by xpath via value: //div[@class='modal fade show']//div[@class='glo-row']//input[@id='canRead_0'] 
2020-07-31 14:31:19,020|base_page.py[line:155] INFO:The element '  ' was clicked.
2020-07-31 14:31:19,566|base_page.py[line:66] INFO:Had find the element '  ' successful by xpath via value: //div[@class='modal fade show']//div[@class='glo-row']//input[@id='canUpdate_0'] 
2020-07-31 14:31:19,885|base_page.py[line:155] INFO:The element '  ' was clicked.
2020-07-31 14:31:20,435|base_page.py[line:66] INFO:Had find the element '  ' successful by xpath via value: //div[@class='modal fade show']//div[@class='glo-row']//input[@id='canCreate_0'] 
2020-07-31 14:31:20,714|base_page.py[line:155] INFO:The element '  ' was clicked.
2020-07-31 14:31:21,275|base_page.py[line:66] INFO:Had find the element '  ' successful by xpath via value: //div[@class='modal fade show']//div[@class='glo-row']//input[@id='canDelete_0'] 
2020-07-31 14:31:21,552|base_page.py[line:155] INFO:The element '  ' was clicked.
2020-07-31 14:31:22,095|base_page.py[line:66] INFO:Had find the element '  ' successful by xpath via value: //div[@class='modal fade show']//div[@class='glo-row']//input[@id='canMassUpdate_0'] 
2020-07-31 14:31:22,367|base_page.py[line:155] INFO:The element '  ' was clicked.
2020-07-31 14:31:22,919|base_page.py[line:66] INFO:Had find the element ' Next ' successful by xpath via value: //button[contains(text(),'Next')] 
2020-07-31 14:31:23,080|base_page.py[line:155] INFO:The element ' Next ' was clicked.
2020-07-31 14:31:23,634|base_page.py[line:66] INFO:Had find the element ' oatkqb ' successful by xpath via value: //select[@name='availableUsersSelected']/option[1] 
2020-07-31 14:31:24,201|base_page.py[line:66] INFO:Had find the element '  ' successful by xpath via value: //input[@class='form-control'] 
2020-07-31 14:31:24,405|base_page.py[line:133] INFO:Had type ' oatkqb ' in inputBox
2020-07-31 14:31:24,959|base_page.py[line:66] INFO:Had find the element ' oatkqb ' successful by xpath via value: //select[@name='availableUsersSelected'] 
2020-07-31 14:31:25,609|base_page.py[line:66] INFO:Had find the element '     Add     ' successful by xpath via value: //button[contains(text(),'Add')] 
2020-07-31 14:31:25,670|base_page.py[line:155] INFO:The element '     Add     ' was clicked.
2020-07-31 14:31:26,221|base_page.py[line:66] INFO:Had find the element ' Finish ' successful by xpath via value: //button[contains(text(),'Finish')] 
2020-07-31 14:31:26,290|base_page.py[line:155] INFO:The element ' Finish ' was clicked.
2020-07-31 14:31:29,358|base_page.py[line:66] INFO:Had find the element '  ' successful by xpath via value: //div[@role='alert'] 
2020-07-31 14:31:29,914|base_page.py[line:66] INFO:Had find the element ' 1
Security
Controls and Manages the roles and permissions of ALAMO ' successful by xpath via value: //div[@class='card']//div[@class='glo-row']//div[@class='rt-tr-group'][1]/div 
2020-07-31 14:31:30,450|base_page.py[line:66] INFO:Had find the element ' 1212
1Sl8HC
GU58hr ' successful by xpath via value: //div[@class='card']//div[@class='glo-row']//div[@class='rt-tr-group'][1]/div 
2020-07-31 14:31:30,574|base_page.py[line:155] INFO:The element ' 1212
1Sl8HC
GU58hr ' was clicked.
2020-07-31 14:31:31,108|base_page.py[line:66] INFO:Had find the element ' Edit ' successful by xpath via value: //div[@class='card']//button[text()=' Edit'] 
2020-07-31 14:31:32,548|base_page.py[line:155] INFO:The element ' Edit ' was clicked.
2020-07-31 14:31:33,527|base_page.py[line:66] INFO:Had find the element '  ' successful by xpath via value: //input[@name='name'] 
2020-07-31 14:31:33,723|base_page.py[line:155] INFO:The element '  ' was clicked.
2020-07-31 14:31:34,246|base_page.py[line:66] INFO:Had find the element '  ' successful by xpath via value: //input[@name='name'] 
2020-07-31 14:31:34,801|base_page.py[line:66] INFO:Had find the element '  ' successful by xpath via value: //input[@name='name'] 
2020-07-31 14:31:35,347|base_page.py[line:66] INFO:Had find the element '  ' successful by xpath via value: //input[@name='name'] 
2020-07-31 14:31:35,539|base_page.py[line:133] INFO:Had type ' vL2rYI ' in inputBox
2020-07-31 14:31:36,070|base_page.py[line:66] INFO:Had find the element '  ' successful by xpath via value: //input[@name='description'] 
2020-07-31 14:31:36,149|base_page.py[line:155] INFO:The element '  ' was clicked.
2020-07-31 14:31:36,678|base_page.py[line:66] INFO:Had find the element '  ' successful by xpath via value: //input[@name='description'] 
2020-07-31 14:31:37,248|base_page.py[line:66] INFO:Had find the element '  ' successful by xpath via value: //input[@name='description'] 
2020-07-31 14:31:37,838|base_page.py[line:66] INFO:Had find the element '  ' successful by xpath via value: //input[@name='description'] 
2020-07-31 14:31:38,025|base_page.py[line:133] INFO:Had type ' 2Fmkc0 ' in inputBox
2020-07-31 14:31:48,892|base_page.py[line:68] ERROR:TimeoutException: selector by xpath ,value //div[@class='modal fade show']//div[@class='glo-row']//input[@id='canRead_0']
2020-07-31 14:31:48,892|base_page.py[line:121] ERROR:NoSuchElement selector_by: xpath, selector: //div[@class='modal fade show']//div[@class='glo-row']//input[@id='canRead_0'] 
2020-07-31 14:31:59,787|base_page.py[line:68] ERROR:TimeoutException: selector by xpath ,value xpath=>//div[@class='card']//li/a[text()='Users']
2020-07-31 14:32:00,349|base_page.py[line:66] INFO:Had find the element ' Users ' successful by xpath via value: //div[@class='card']//li/a[text()='Users'] 
2020-07-31 14:32:00,490|base_page.py[line:155] INFO:The element ' Users ' was clicked.
2020-07-31 14:32:01,599|base_page.py[line:66] INFO:Had find the element ' 2o2b5b
eOAtUe
oatkqb
La Porte
Professional Services ' successful by xpath via value: //div[@class='card']//div[@class='glo-row']//div[@class='rt-tr-group'][1]/div 
2020-07-31 14:32:02,310|base_page.py[line:66] INFO:Had find the element ' 2o2b5b
eOAtUe
oatkqb
La Porte
Professional Services ' successful by xpath via value: //div[@class='card']//div[@class='glo-row']//div[@class='rt-tr-group'][1]/div 
2020-07-31 14:32:02,704|base_page.py[line:155] INFO:The element ' 2o2b5b
eOAtUe
oatkqb
La Porte
Professional Services ' was clicked.
2020-07-31 14:32:03,264|base_page.py[line:66] INFO:Had find the element ' Edit ' successful by xpath via value: //div[@class='card']//button[text()=' Edit'] 
2020-07-31 14:32:03,367|base_page.py[line:155] INFO:The element ' Edit ' was clicked.
2020-07-31 14:32:03,899|base_page.py[line:66] INFO:Had find the element '  ' successful by xpath via value: //input[@name='userName'] 
2020-07-31 14:32:04,015|base_page.py[line:155] INFO:The element '  ' was clicked.
2020-07-31 14:32:04,543|base_page.py[line:66] INFO:Had find the element '  ' successful by xpath via value: //input[@name='userName'] 
2020-07-31 14:32:05,116|base_page.py[line:66] INFO:Had find the element '  ' successful by xpath via value: //input[@name='userName'] 
2020-07-31 14:32:05,714|base_page.py[line:66] INFO:Had find the element '  ' successful by xpath via value: //input[@name='userName'] 
2020-07-31 14:32:05,861|base_page.py[line:133] INFO:Had type ' ybCRCu ' in inputBox
2020-07-31 14:32:06,413|base_page.py[line:66] INFO:Had find the element '  ' successful by xpath via value: //input[@name='firstName'] 
2020-07-31 14:32:06,479|base_page.py[line:155] INFO:The element '  ' was clicked.
2020-07-31 14:32:07,019|base_page.py[line:66] INFO:Had find the element '  ' successful by xpath via value: //input[@name='firstName'] 
2020-07-31 14:32:07,592|base_page.py[line:66] INFO:Had find the element '  ' successful by xpath via value: //input[@name='firstName'] 
2020-07-31 14:32:08,165|base_page.py[line:66] INFO:Had find the element '  ' successful by xpath via value: //input[@name='firstName'] 
2020-07-31 14:32:08,325|base_page.py[line:133] INFO:Had type ' VxlFs9 ' in inputBox
2020-07-31 14:32:08,878|base_page.py[line:66] INFO:Had find the element '  ' successful by xpath via value: //input[@name='lastName'] 
2020-07-31 14:32:08,935|base_page.py[line:155] INFO:The element '  ' was clicked.
2020-07-31 14:32:09,474|base_page.py[line:66] INFO:Had find the element '  ' successful by xpath via value: //input[@name='lastName'] 
2020-07-31 14:32:10,041|base_page.py[line:66] INFO:Had find the element '  ' successful by xpath via value: //input[@name='lastName'] 
2020-07-31 14:32:10,630|base_page.py[line:66] INFO:Had find the element '  ' successful by xpath via value: //input[@name='lastName'] 
2020-07-31 14:32:10,772|base_page.py[line:133] INFO:Had type ' K9tsTu ' in inputBox
2020-07-31 14:32:11,331|base_page.py[line:66] INFO:Had find the element ' Surface Administrator ' successful by xpath via value: //select[@name='availableRolesSelected']/option[1] 
2020-07-31 14:32:11,902|base_page.py[line:66] INFO:Had find the element '  ' successful by xpath via value: //input[@class='form-control'] 
2020-07-31 14:32:12,258|base_page.py[line:133] INFO:Had type ' Surface Administrator ' in inputBox
2020-07-31 14:32:12,811|base_page.py[line:66] INFO:Had find the element ' Surface Administrator ' successful by xpath via value: //select[@name='availableRolesSelected'] 
2020-07-31 14:32:13,462|base_page.py[line:66] INFO:Had find the element '     Add     ' successful by xpath via value: //button[contains(text(),'Add')] 
2020-07-31 14:32:13,546|base_page.py[line:155] INFO:The element '     Add     ' was clicked.
2020-07-31 14:32:14,099|base_page.py[line:66] INFO:Had find the element ' Finish ' successful by xpath via value: //button[contains(text(),'Finish')] 
2020-07-31 14:32:14,176|base_page.py[line:155] INFO:The element ' Finish ' was clicked.
2020-07-31 14:32:27,139|base_page.py[line:68] ERROR:TimeoutException: selector by xpath ,value //div[@role='alert']
2020-07-31 14:32:27,139|base_page.py[line:121] ERROR:NoSuchElement selector_by: xpath, selector: //div[@role='alert'] 
