2020-07-31 13:56:13,487|browser_engine.py[line:26] INFO:You had select Chrome browser.
2020-07-31 13:56:13,487|browser_engine.py[line:28] INFO:The test server url is: https://rr-alamo-test.azureedge.net
2020-07-31 13:56:16,125|browser_engine.py[line:42] INFO:Starting Chrome browser.
2020-07-31 13:56:17,261|browser_engine.py[line:56] INFO:Maximize the current window.
2020-07-31 13:57:09,616|browser_engine.py[line:59] INFO:Open url: https://rr-alamo-test.azureedge.net
2020-07-31 13:57:20,310|base_page.py[line:68] ERROR:TimeoutException: selector by xpath ,value xpath=>//div[@class='localAccount']//div[@class='intro']/h2
2020-07-31 13:57:20,871|base_page.py[line:66] INFO:Had find the element ' Sign in with your existing account ' successful by xpath via value: //div[@class='localAccount']//div[@class='intro']/h2 
2020-07-31 13:57:21,442|base_page.py[line:66] INFO:Had find the element '  ' successful by id via value: logonIdentifier 
2020-07-31 13:57:21,483|base_page.py[line:143] INFO:Clear text in input box before typing.
2020-07-31 13:57:22,034|base_page.py[line:66] INFO:Had find the element '  ' successful by id via value: logonIdentifier 
2020-07-31 13:57:22,187|base_page.py[line:133] INFO:Had type ' yan.liu@an-chen.com ' in inputBox
2020-07-31 13:57:22,729|base_page.py[line:66] INFO:Had find the element '  ' successful by id via value: password 
2020-07-31 13:57:22,766|base_page.py[line:143] INFO:Clear text in input box before typing.
2020-07-31 13:57:23,290|base_page.py[line:66] INFO:Had find the element '  ' successful by id via value: password 
2020-07-31 13:57:23,427|base_page.py[line:133] INFO:Had type ' Lychan@2012 ' in inputBox
2020-07-31 13:57:23,977|base_page.py[line:66] INFO:Had find the element ' Sign in ' successful by xpath via value: //div[@class='buttons']/button[text()='Sign in'] 
2020-07-31 13:57:27,871|base_page.py[line:66] INFO:Had find the element ' Welcome, yanliu ' successful by xpath via value: //div[@id='root']//div[@class='content-heading'] 
2020-07-31 13:57:27,871|login.py[line:41] INFO:login success
2020-07-31 13:57:28,591|base_page.py[line:66] INFO:Had find the element ' MANAGE ' successful by id via value: manage 
2020-07-31 13:57:28,669|base_page.py[line:155] INFO:The element ' MANAGE ' was clicked.
2020-07-31 13:57:29,201|base_page.py[line:221] INFO:Had find the elements successful by xpath via value: //ul[@class='dropdown-menu multi-level show']/li/a 
2020-07-31 13:57:29,763|base_page.py[line:66] INFO:Had find the element ' Authorization Management ' successful by xpath via value: //ul[@class='dropdown-menu multi-level show']/li[1]/a 
2020-07-31 13:57:29,900|base_page.py[line:155] INFO:The element ' Authorization Management ' was clicked.
2020-07-31 13:57:29,901|topMenu.py[line:69] INFO:second_menu: Authorization Management
2020-07-31 13:57:30,443|base_page.py[line:66] INFO:Had find the element ' New ' successful by xpath via value: //div[@class='card']//button[text()=' New'] 
2020-07-31 13:57:30,576|base_page.py[line:155] INFO:The element ' New ' was clicked.
2020-07-31 13:57:31,110|base_page.py[line:66] INFO:Had find the element '  ' successful by xpath via value: //input[@name='name'] 
2020-07-31 13:57:31,206|base_page.py[line:155] INFO:The element '  ' was clicked.
2020-07-31 13:57:31,759|base_page.py[line:66] INFO:Had find the element '  ' successful by xpath via value: //input[@name='name'] 
2020-07-31 13:57:32,308|base_page.py[line:66] INFO:Had find the element '  ' successful by xpath via value: //input[@name='name'] 
2020-07-31 13:57:33,920|base_page.py[line:66] INFO:Had find the element '  ' successful by xpath via value: //input[@name='name'] 
2020-07-31 13:57:35,647|base_page.py[line:133] INFO:Had type ' pao2el ' in inputBox
2020-07-31 13:57:36,196|base_page.py[line:66] INFO:Had find the element '  ' successful by xpath via value: //input[@name='description'] 
2020-07-31 13:57:36,297|base_page.py[line:155] INFO:The element '  ' was clicked.
2020-07-31 13:57:36,857|base_page.py[line:66] INFO:Had find the element '  ' successful by xpath via value: //input[@name='description'] 
2020-07-31 13:57:37,409|base_page.py[line:66] INFO:Had find the element '  ' successful by xpath via value: //input[@name='description'] 
2020-07-31 13:57:37,946|base_page.py[line:66] INFO:Had find the element '  ' successful by xpath via value: //input[@name='description'] 
2020-07-31 13:57:39,385|base_page.py[line:133] INFO:Had type ' sjVBCo ' in inputBox
2020-07-31 13:57:49,940|base_page.py[line:68] ERROR:TimeoutException: selector by xpath ,value //div[@class='modal fade show']//div[@class='card']//div[@class='rt-tr-group'][1]//div[@class='rt-td']//input[@name='canRead']
2020-07-31 13:57:49,940|base_page.py[line:121] ERROR:NoSuchElement selector_by: xpath, selector: //div[@class='modal fade show']//div[@class='card']//div[@class='rt-tr-group'][1]//div[@class='rt-td']//input[@name='canRead'] 
2020-07-31 13:57:50,523|base_page.py[line:66] INFO:Had find the element ' 1
Security
Controls and Manages the roles and permissions of ALAMO ' successful by xpath via value: //div[@class='card']//div[@class='glo-row']//div[@class='rt-tr-group'][1]/div 
2020-07-31 13:57:51,074|base_page.py[line:66] INFO:Had find the element ' 1
Security
Controls and Manages the roles and permissions of ALAMO ' successful by xpath via value: //div[@class='card']//div[@class='glo-row']//div[@class='rt-tr-group'][1]/div 
2020-07-31 13:58:03,148|base_page.py[line:68] ERROR:TimeoutException: selector by xpath ,value xpath=>//div[@class='card']//li/a[text()='Users']
2020-07-31 13:58:03,710|base_page.py[line:66] INFO:Had find the element ' Users ' successful by xpath via value: //div[@class='card']//li/a[text()='Users'] 
