2020-07-31 14:15:54,910|browser_engine.py[line:26] INFO:You had select Chrome browser.
2020-07-31 14:15:54,910|browser_engine.py[line:28] INFO:The test server url is: https://rr-alamo-test.azureedge.net
2020-07-31 14:15:58,534|browser_engine.py[line:42] INFO:Starting Chrome browser.
2020-07-31 14:15:59,675|browser_engine.py[line:56] INFO:Maximize the current window.
2020-07-31 14:16:08,785|browser_engine.py[line:59] INFO:Open url: https://rr-alamo-test.azureedge.net
2020-07-31 14:16:19,432|base_page.py[line:68] ERROR:TimeoutException: selector by xpath ,value xpath=>//div[@class='localAccount']//div[@class='intro']/h2
2020-07-31 14:16:20,008|base_page.py[line:66] INFO:Had find the element ' Sign in with your existing account ' successful by xpath via value: //div[@class='localAccount']//div[@class='intro']/h2 
2020-07-31 14:16:20,576|base_page.py[line:66] INFO:Had find the element '  ' successful by id via value: logonIdentifier 
2020-07-31 14:16:20,617|base_page.py[line:143] INFO:Clear text in input box before typing.
2020-07-31 14:16:21,137|base_page.py[line:66] INFO:Had find the element '  ' successful by id via value: logonIdentifier 
2020-07-31 14:16:21,330|base_page.py[line:133] INFO:Had type ' yan.liu@an-chen.com ' in inputBox
2020-07-31 14:16:21,890|base_page.py[line:66] INFO:Had find the element '  ' successful by id via value: password 
2020-07-31 14:16:21,951|base_page.py[line:143] INFO:Clear text in input box before typing.
2020-07-31 14:16:22,475|base_page.py[line:66] INFO:Had find the element '  ' successful by id via value: password 
2020-07-31 14:16:22,689|base_page.py[line:133] INFO:Had type ' Lychan@2012 ' in inputBox
2020-07-31 14:16:23,243|base_page.py[line:66] INFO:Had find the element ' Sign in ' successful by xpath via value: //div[@class='buttons']/button[text()='Sign in'] 
2020-07-31 14:16:35,143|base_page.py[line:66] INFO:Had find the element ' Welcome, yanliu ' successful by xpath via value: //div[@id='root']//div[@class='content-heading'] 
2020-07-31 14:16:35,144|login.py[line:41] INFO:login success
2020-07-31 14:16:35,729|base_page.py[line:66] INFO:Had find the element ' MANAGE ' successful by id via value: manage 
2020-07-31 14:16:35,805|base_page.py[line:155] INFO:The element ' MANAGE ' was clicked.
2020-07-31 14:16:36,338|base_page.py[line:221] INFO:Had find the elements successful by xpath via value: //ul[@class='dropdown-menu multi-level show']/li/a 
2020-07-31 14:16:36,911|base_page.py[line:66] INFO:Had find the element ' Authorization Management ' successful by xpath via value: //ul[@class='dropdown-menu multi-level show']/li[1]/a 
2020-07-31 14:16:37,042|base_page.py[line:155] INFO:The element ' Authorization Management ' was clicked.
2020-07-31 14:16:37,042|topMenu.py[line:69] INFO:second_menu: Authorization Management
2020-07-31 14:16:37,580|base_page.py[line:66] INFO:Had find the element ' New ' successful by xpath via value: //div[@class='card']//button[text()=' New'] 
2020-07-31 14:16:37,707|base_page.py[line:155] INFO:The element ' New ' was clicked.
2020-07-31 14:16:38,244|base_page.py[line:66] INFO:Had find the element '  ' successful by xpath via value: //input[@name='name'] 
2020-07-31 14:16:38,356|base_page.py[line:155] INFO:The element '  ' was clicked.
2020-07-31 14:16:38,881|base_page.py[line:66] INFO:Had find the element '  ' successful by xpath via value: //input[@name='name'] 
2020-07-31 14:16:39,440|base_page.py[line:66] INFO:Had find the element '  ' successful by xpath via value: //input[@name='name'] 
2020-07-31 14:16:39,990|base_page.py[line:66] INFO:Had find the element '  ' successful by xpath via value: //input[@name='name'] 
2020-07-31 14:16:40,254|base_page.py[line:133] INFO:Had type ' Nh7xXF ' in inputBox
2020-07-31 14:16:41,606|base_page.py[line:66] INFO:Had find the element '  ' successful by xpath via value: //input[@name='description'] 
2020-07-31 14:16:41,691|base_page.py[line:155] INFO:The element '  ' was clicked.
2020-07-31 14:16:42,225|base_page.py[line:66] INFO:Had find the element '  ' successful by xpath via value: //input[@name='description'] 
2020-07-31 14:16:42,790|base_page.py[line:66] INFO:Had find the element '  ' successful by xpath via value: //input[@name='description'] 
2020-07-31 14:16:43,333|base_page.py[line:66] INFO:Had find the element '  ' successful by xpath via value: //input[@name='description'] 
2020-07-31 14:16:45,120|base_page.py[line:133] INFO:Had type ' pKVKv2 ' in inputBox
2020-07-31 14:16:45,694|base_page.py[line:66] INFO:Had find the element '  ' successful by xpath via value: //div[@class='modal fade show']//div[@class='glo-row']//input[@id='canRead_0'] 
2020-07-31 14:16:45,992|base_page.py[line:155] INFO:The element '  ' was clicked.
2020-07-31 14:16:46,544|base_page.py[line:66] INFO:Had find the element '  ' successful by xpath via value: //div[@class='modal fade show']//div[@class='glo-row']//input[@id='canUpdate_0'] 
2020-07-31 14:16:46,863|base_page.py[line:155] INFO:The element '  ' was clicked.
2020-07-31 14:16:47,418|base_page.py[line:66] INFO:Had find the element '  ' successful by xpath via value: //div[@class='modal fade show']//div[@class='glo-row']//input[@id='canCreate_0'] 
2020-07-31 14:16:47,694|base_page.py[line:155] INFO:The element '  ' was clicked.
2020-07-31 14:16:48,250|base_page.py[line:66] INFO:Had find the element '  ' successful by xpath via value: //div[@class='modal fade show']//div[@class='glo-row']//input[@id='canDelete_0'] 
2020-07-31 14:16:48,553|base_page.py[line:155] INFO:The element '  ' was clicked.
2020-07-31 14:16:49,110|base_page.py[line:66] INFO:Had find the element '  ' successful by xpath via value: //div[@class='modal fade show']//div[@class='glo-row']//input[@id='canMassUpdate_0'] 
2020-07-31 14:16:49,395|base_page.py[line:155] INFO:The element '  ' was clicked.
2020-07-31 14:16:49,947|base_page.py[line:66] INFO:Had find the element ' Next ' successful by xpath via value: //button[contains(text(),'Next')] 
2020-07-31 14:16:50,093|base_page.py[line:155] INFO:The element ' Next ' was clicked.
2020-07-31 14:16:50,623|base_page.py[line:66] INFO:Had find the element ' c2mz8q ' successful by xpath via value: //select[@name='availableUsersSelected']/option[1] 
2020-07-31 14:16:51,199|base_page.py[line:66] INFO:Had find the element '  ' successful by xpath via value: //input[@class='form-control'] 
2020-07-31 14:16:51,417|base_page.py[line:133] INFO:Had type ' c2mz8q ' in inputBox
2020-07-31 14:16:51,971|base_page.py[line:66] INFO:Had find the element ' c2mz8q ' successful by xpath via value: //select[@name='availableUsersSelected'] 
2020-07-31 14:16:52,614|base_page.py[line:66] INFO:Had find the element '     Add     ' successful by xpath via value: //button[contains(text(),'Add')] 
2020-07-31 14:16:52,685|base_page.py[line:155] INFO:The element '     Add     ' was clicked.
2020-07-31 14:16:53,238|base_page.py[line:66] INFO:Had find the element ' Finish ' successful by xpath via value: //button[contains(text(),'Finish')] 
2020-07-31 14:16:53,307|base_page.py[line:155] INFO:The element ' Finish ' was clicked.
2020-07-31 14:16:57,483|base_page.py[line:66] INFO:Had find the element '  ' successful by xpath via value: //div[@role='alert'] 
2020-07-31 14:16:58,037|base_page.py[line:66] INFO:Had find the element ' 1
Security
Controls and Manages the roles and permissions of ALAMO ' successful by xpath via value: //div[@class='card']//div[@class='glo-row']//div[@class='rt-tr-group'][1]/div 
2020-07-31 14:16:58,590|base_page.py[line:66] INFO:Had find the element ' 1
Security
Controls and Manages the roles and permissions of ALAMO ' successful by xpath via value: //div[@class='card']//div[@class='glo-row']//div[@class='rt-tr-group'][1]/div 
2020-07-31 14:17:10,582|base_page.py[line:68] ERROR:TimeoutException: selector by xpath ,value xpath=>//div[@class='card']//li/a[text()='Users']
2020-07-31 14:17:11,112|base_page.py[line:66] INFO:Had find the element ' Users ' successful by xpath via value: //div[@class='card']//li/a[text()='Users'] 
2020-07-31 14:17:11,257|base_page.py[line:155] INFO:The element ' Users ' was clicked.
2020-07-31 14:17:12,861|base_page.py[line:66] INFO:Had find the element ' ZIwAoP
AA0XxV
c2mz8q
La Porte
Professional Services ' successful by xpath via value: //div[@class='card']//div[@class='glo-row']//div[@class='rt-tr-group'][1]/div 
2020-07-31 14:17:13,428|base_page.py[line:66] INFO:Had find the element ' ZIwAoP
AA0XxV
c2mz8q
La Porte
Professional Services ' successful by xpath via value: //div[@class='card']//div[@class='glo-row']//div[@class='rt-tr-group'][1]/div 
2020-07-31 14:17:13,514|base_page.py[line:155] INFO:The element ' ZIwAoP
AA0XxV
c2mz8q
La Porte
Professional Services ' was clicked.
2020-07-31 14:17:14,083|base_page.py[line:66] INFO:Had find the element ' Edit ' successful by xpath via value: //div[@class='card']//button[text()=' Edit'] 
2020-07-31 14:17:14,179|base_page.py[line:155] INFO:The element ' Edit ' was clicked.
2020-07-31 14:17:14,712|base_page.py[line:66] INFO:Had find the element '  ' successful by xpath via value: //input[@name='userName'] 
2020-07-31 14:17:14,822|base_page.py[line:155] INFO:The element '  ' was clicked.
2020-07-31 14:17:15,370|base_page.py[line:66] INFO:Had find the element '  ' successful by xpath via value: //input[@name='userName'] 
2020-07-31 14:17:15,950|base_page.py[line:66] INFO:Had find the element '  ' successful by xpath via value: //input[@name='userName'] 
2020-07-31 14:17:16,514|base_page.py[line:66] INFO:Had find the element '  ' successful by xpath via value: //input[@name='userName'] 
2020-07-31 14:17:16,686|base_page.py[line:133] INFO:Had type ' mWUKXa ' in inputBox
2020-07-31 14:17:17,224|base_page.py[line:66] INFO:Had find the element '  ' successful by xpath via value: //input[@name='firstName'] 
2020-07-31 14:17:17,296|base_page.py[line:155] INFO:The element '  ' was clicked.
2020-07-31 14:17:17,818|base_page.py[line:66] INFO:Had find the element '  ' successful by xpath via value: //input[@name='firstName'] 
2020-07-31 14:17:18,381|base_page.py[line:66] INFO:Had find the element '  ' successful by xpath via value: //input[@name='firstName'] 
2020-07-31 14:17:18,940|base_page.py[line:66] INFO:Had find the element '  ' successful by xpath via value: //input[@name='firstName'] 
2020-07-31 14:17:19,074|base_page.py[line:133] INFO:Had type ' RNBHCA ' in inputBox
2020-07-31 14:17:19,623|base_page.py[line:66] INFO:Had find the element '  ' successful by xpath via value: //input[@name='lastName'] 
2020-07-31 14:17:19,702|base_page.py[line:155] INFO:The element '  ' was clicked.
2020-07-31 14:17:20,239|base_page.py[line:66] INFO:Had find the element '  ' successful by xpath via value: //input[@name='lastName'] 
2020-07-31 14:17:20,813|base_page.py[line:66] INFO:Had find the element '  ' successful by xpath via value: //input[@name='lastName'] 
2020-07-31 14:17:21,397|base_page.py[line:66] INFO:Had find the element '  ' successful by xpath via value: //input[@name='lastName'] 
2020-07-31 14:17:21,565|base_page.py[line:133] INFO:Had type ' XXNOeW ' in inputBox
2020-07-31 14:17:32,395|base_page.py[line:68] ERROR:TimeoutException: selector by xpath ,value //select[@name='availableRolesSelected']/option[1]
2020-07-31 14:17:32,395|base_page.py[line:121] ERROR:NoSuchElement selector_by: xpath, selector: //select[@name='availableRolesSelected']/option[1] 
