2020-06-11 11:42:12,522|browser_engine.py[line:27] INFO:You had select Chrome browser.
2020-06-11 11:42:12,522|browser_engine.py[line:29] INFO:The test server url is: https://rralamotest.z21.web.core.windows.net/
2020-06-11 11:42:15,324|browser_engine.py[line:44] INFO:Starting Chrome browser.
2020-06-11 11:42:16,448|browser_engine.py[line:58] INFO:Maximize the current window.
2020-06-11 11:42:49,003|browser_engine.py[line:61] INFO:Open url: https://rralamotest.z21.web.core.windows.net/
2020-06-11 11:42:59,731|base_page.py[line:69] ERROR:TimeoutException: selector by xpath ,value xpath=>//div[@class='localAccount']//div[@class='intro']/h2
2020-06-11 11:43:00,287|base_page.py[line:67] INFO:Had find the element ' Sign in with your existing account ' successful by xpath via value: //div[@class='localAccount']//div[@class='intro']/h2 
2020-06-11 11:43:00,831|base_page.py[line:67] INFO:Had find the element '  ' successful by id via value: logonIdentifier 
2020-06-11 11:43:00,868|base_page.py[line:144] INFO:Clear text in input box before typing.
2020-06-11 11:43:01,388|base_page.py[line:67] INFO:Had find the element '  ' successful by id via value: logonIdentifier 
2020-06-11 11:43:01,554|base_page.py[line:134] INFO:Had type ' yan.liu@an-chen.com ' in inputBox
2020-06-11 11:43:02,086|base_page.py[line:67] INFO:Had find the element '  ' successful by id via value: password 
2020-06-11 11:43:02,125|base_page.py[line:144] INFO:Clear text in input box before typing.
2020-06-11 11:43:02,650|base_page.py[line:67] INFO:Had find the element '  ' successful by id via value: password 
2020-06-11 11:43:02,844|base_page.py[line:134] INFO:Had type ' Lychan@2012 ' in inputBox
2020-06-11 11:43:03,404|base_page.py[line:67] INFO:Had find the element ' Sign in ' successful by xpath via value: //div[@class='buttons']/button[text()='Sign in'] 
2020-06-11 11:43:26,766|base_page.py[line:69] ERROR:TimeoutException: selector by xpath ,value xpath=>//div[@id='root']//div[@class='content-heading']
2020-06-11 11:43:50,045|base_page.py[line:67] INFO:Had find the element ' Welcome, yanliu ' successful by xpath via value: //div[@id='root']//div[@class='content-heading'] 
2020-06-11 11:43:50,045|login.py[line:41] INFO:login success
2020-06-11 11:43:50,634|base_page.py[line:67] INFO:Had find the element ' CUSTOMERS ' successful by id via value: customers 
2020-06-11 11:43:50,725|base_page.py[line:156] INFO:The element ' CUSTOMERS ' was clicked.
2020-06-11 11:43:51,241|base_page.py[line:222] INFO:Had find the elements successful by xpath via value: //ul[@class='dropdown-menu multi-level show']/li/a 
2020-06-11 11:43:51,802|base_page.py[line:67] INFO:Had find the element ' New ' successful by xpath via value: //ul[@class='dropdown-menu multi-level show']/li[2]/a 
2020-06-11 11:43:51,898|base_page.py[line:156] INFO:The element ' New ' was clicked.
2020-06-11 11:43:51,898|topMenu.py[line:69] INFO:second_menu: New
2020-06-11 11:43:52,445|base_page.py[line:67] INFO:Had find the element ' CUSTOMERS ' successful by id via value: customers 
2020-06-11 11:43:52,540|base_page.py[line:156] INFO:The element ' CUSTOMERS ' was clicked.
2020-06-11 11:43:53,052|base_page.py[line:222] INFO:Had find the elements successful by xpath via value: //ul[@class='dropdown-menu multi-level show']/li/a 
2020-06-11 11:43:53,596|base_page.py[line:67] INFO:Had find the element ' New ' successful by xpath via value: //ul[@class='dropdown-menu multi-level show']/li[2]/a 
2020-06-11 11:43:53,671|base_page.py[line:156] INFO:The element ' New ' was clicked.
2020-06-11 11:43:53,672|topMenu.py[line:69] INFO:second_menu: New
